<?xml version="1.0" encoding="UTF-8"?>
<robot generator="Robot 6.1 (Python 3.9.17 on darwin)" generated="20230720 12:37:29.641" rpa="false" schemaversion="4">
<suite id="s1" name="Reporter" source="/Users/runner/work/rfswarm/rfswarm/Tests/Regression/Reporter">
<suite id="s1-s1" name="CommandLine" source="/Users/runner/work/rfswarm/rfswarm/Tests/Regression/Reporter/CommandLine.robot">
<kw name="Clean Up Old Files" type="SETUP">
<tag>macos-latest</tag>
<tag>ubuntu-latest</tag>
<tag>windows-latest</tag>
<kw name="Log To Console" library="BuiltIn">
<arg>${OUTPUT DIR}</arg>
<doc>Logs the given message to the console.</doc>
<status status="PASS" starttime="20230720 12:37:29.686" endtime="20230720 12:37:29.686"/>
</kw>
<kw name="Remove File" library="OperatingSystem">
<arg>${OUTPUT DIR}${/}*.txt</arg>
<doc>Removes a file with the given path.</doc>
<msg timestamp="20230720 12:37:29.687" level="INFO" html="true">Removed file '&lt;a href="file:///Users/runner/work/rfswarm/rfswarm/Tests/Regression/Reporter/Logs/macos-latest_3.9/stdout.txt"&gt;/Users/runner/work/rfswarm/rfswarm/Tests/Regression/Reporter/Logs/macos-latest_3.9/stdout.txt&lt;/a&gt;'.</msg>
<msg timestamp="20230720 12:37:29.687" level="INFO" html="true">Removed file '&lt;a href="file:///Users/runner/work/rfswarm/rfswarm/Tests/Regression/Reporter/Logs/macos-latest_3.9/stderr.txt"&gt;/Users/runner/work/rfswarm/rfswarm/Tests/Regression/Reporter/Logs/macos-latest_3.9/stderr.txt&lt;/a&gt;'.</msg>
<status status="PASS" starttime="20230720 12:37:29.686" endtime="20230720 12:37:29.688"/>
</kw>
<kw name="Remove File" library="OperatingSystem">
<arg>${OUTPUT DIR}${/}*.png</arg>
<doc>Removes a file with the given path.</doc>
<msg timestamp="20230720 12:37:29.688" level="INFO" html="true">Removed file '&lt;a href="file:///Users/runner/work/rfswarm/rfswarm/Tests/Regression/Reporter/Logs/macos-latest_3.9/Reporter.GUIBasic-screenshot-8.png"&gt;/Users/runner/work/rfswarm/rfswarm/Tests/Regression/Reporter/Logs/macos-latest_3.9/Reporter.GUIBasic-screenshot-8.png&lt;/a&gt;'.</msg>
<msg timestamp="20230720 12:37:29.689" level="INFO" html="true">Removed file '&lt;a href="file:///Users/runner/work/rfswarm/rfswarm/Tests/Regression/Reporter/Logs/macos-latest_3.9/Reporter.GUIBasic-screenshot-9.png"&gt;/Users/runner/work/rfswarm/rfswarm/Tests/Regression/Reporter/Logs/macos-latest_3.9/Reporter.GUIBasic-screenshot-9.png&lt;/a&gt;'.</msg>
<msg timestamp="20230720 12:37:29.689" level="INFO" html="true">Removed file '&lt;a href="file:///Users/runner/work/rfswarm/rfswarm/Tests/Regression/Reporter/Logs/macos-latest_3.9/Reporter.GUIBasic-screenshot-18.png"&gt;/Users/runner/work/rfswarm/rfswarm/Tests/Regression/Reporter/Logs/macos-latest_3.9/Reporter.GUIBasic-screenshot-18.png&lt;/a&gt;'.</msg>
<msg timestamp="20230720 12:37:29.689" level="INFO" html="true">Removed file '&lt;a href="file:///Users/runner/work/rfswarm/rfswarm/Tests/Regression/Reporter/Logs/macos-latest_3.9/Reporter.GUIBasic-screenshot-19.png"&gt;/Users/runner/work/rfswarm/rfswarm/Tests/Regression/Reporter/Logs/macos-latest_3.9/Reporter.GUIBasic-screenshot-19.png&lt;/a&gt;'.</msg>
<msg timestamp="20230720 12:37:29.689" level="INFO" html="true">Removed file '&lt;a href="file:///Users/runner/work/rfswarm/rfswarm/Tests/Regression/Reporter/Logs/macos-latest_3.9/Reporter.GUIBasic-screenshot-20.png"&gt;/Users/runner/work/rfswarm/rfswarm/Tests/Regression/Reporter/Logs/macos-latest_3.9/Reporter.GUIBasic-screenshot-20.png&lt;/a&gt;'.</msg>
<msg timestamp="20230720 12:37:29.690" level="INFO" html="true">Removed file '&lt;a href="file:///Users/runner/work/rfswarm/rfswarm/Tests/Regression/Reporter/Logs/macos-latest_3.9/Reporter.GUIBasic-screenshot-12.png"&gt;/Users/runner/work/rfswarm/rfswarm/Tests/Regression/Reporter/Logs/macos-latest_3.9/Reporter.GUIBasic-screenshot-12.png&lt;/a&gt;'.</msg>
<msg timestamp="20230720 12:37:29.690" level="INFO" html="true">Removed file '&lt;a href="file:///Users/runner/work/rfswarm/rfswarm/Tests/Regression/Reporter/Logs/macos-latest_3.9/Reporter.GUIBasic-screenshot-1.png"&gt;/Users/runner/work/rfswarm/rfswarm/Tests/Regression/Reporter/Logs/macos-latest_3.9/Reporter.GUIBasic-screenshot-1.png&lt;/a&gt;'.</msg>
<msg timestamp="20230720 12:37:29.690" level="INFO" html="true">Removed file '&lt;a href="file:///Users/runner/work/rfswarm/rfswarm/Tests/Regression/Reporter/Logs/macos-latest_3.9/Reporter.GUIBasic-screenshot-13.png"&gt;/Users/runner/work/rfswarm/rfswarm/Tests/Regression/Reporter/Logs/macos-latest_3.9/Reporter.GUIBasic-screenshot-13.png&lt;/a&gt;'.</msg>
<msg timestamp="20230720 12:37:29.690" level="INFO" html="true">Removed file '&lt;a href="file:///Users/runner/work/rfswarm/rfswarm/Tests/Regression/Reporter/Logs/macos-latest_3.9/Reporter.GUIBasic-screenshot-11.png"&gt;/Users/runner/work/rfswarm/rfswarm/Tests/Regression/Reporter/Logs/macos-latest_3.9/Reporter.GUIBasic-screenshot-11.png&lt;/a&gt;'.</msg>
<msg timestamp="20230720 12:37:29.690" level="INFO" html="true">Removed file '&lt;a href="file:///Users/runner/work/rfswarm/rfswarm/Tests/Regression/Reporter/Logs/macos-latest_3.9/Reporter.GUIBasic-screenshot-2.png"&gt;/Users/runner/work/rfswarm/rfswarm/Tests/Regression/Reporter/Logs/macos-latest_3.9/Reporter.GUIBasic-screenshot-2.png&lt;/a&gt;'.</msg>
<msg timestamp="20230720 12:37:29.691" level="INFO" html="true">Removed file '&lt;a href="file:///Users/runner/work/rfswarm/rfswarm/Tests/Regression/Reporter/Logs/macos-latest_3.9/Reporter.GUIBasic-screenshot-3.png"&gt;/Users/runner/work/rfswarm/rfswarm/Tests/Regression/Reporter/Logs/macos-latest_3.9/Reporter.GUIBasic-screenshot-3.png&lt;/a&gt;'.</msg>
<msg timestamp="20230720 12:37:29.691" level="INFO" html="true">Removed file '&lt;a href="file:///Users/runner/work/rfswarm/rfswarm/Tests/Regression/Reporter/Logs/macos-latest_3.9/Reporter.GUIBasic-screenshot-10.png"&gt;/Users/runner/work/rfswarm/rfswarm/Tests/Regression/Reporter/Logs/macos-latest_3.9/Reporter.GUIBasic-screenshot-10.png&lt;/a&gt;'.</msg>
<msg timestamp="20230720 12:37:29.691" level="INFO" html="true">Removed file '&lt;a href="file:///Users/runner/work/rfswarm/rfswarm/Tests/Regression/Reporter/Logs/macos-latest_3.9/Reporter.GUIBasic-screenshot-14.png"&gt;/Users/runner/work/rfswarm/rfswarm/Tests/Regression/Reporter/Logs/macos-latest_3.9/Reporter.GUIBasic-screenshot-14.png&lt;/a&gt;'.</msg>
<msg timestamp="20230720 12:37:29.691" level="INFO" html="true">Removed file '&lt;a href="file:///Users/runner/work/rfswarm/rfswarm/Tests/Regression/Reporter/Logs/macos-latest_3.9/Reporter.GUIBasic-screenshot-7.png"&gt;/Users/runner/work/rfswarm/rfswarm/Tests/Regression/Reporter/Logs/macos-latest_3.9/Reporter.GUIBasic-screenshot-7.png&lt;/a&gt;'.</msg>
<msg timestamp="20230720 12:37:29.692" level="INFO" html="true">Removed file '&lt;a href="file:///Users/runner/work/rfswarm/rfswarm/Tests/Regression/Reporter/Logs/macos-latest_3.9/Reporter.GUIBasic-screenshot-6.png"&gt;/Users/runner/work/rfswarm/rfswarm/Tests/Regression/Reporter/Logs/macos-latest_3.9/Reporter.GUIBasic-screenshot-6.png&lt;/a&gt;'.</msg>
<msg timestamp="20230720 12:37:29.692" level="INFO" html="true">Removed file '&lt;a href="file:///Users/runner/work/rfswarm/rfswarm/Tests/Regression/Reporter/Logs/macos-latest_3.9/Reporter.GUIBasic-screenshot-15.png"&gt;/Users/runner/work/rfswarm/rfswarm/Tests/Regression/Reporter/Logs/macos-latest_3.9/Reporter.GUIBasic-screenshot-15.png&lt;/a&gt;'.</msg>
<msg timestamp="20230720 12:37:29.692" level="INFO" html="true">Removed file '&lt;a href="file:///Users/runner/work/rfswarm/rfswarm/Tests/Regression/Reporter/Logs/macos-latest_3.9/Reporter.GUIBasic-screenshot-17.png"&gt;/Users/runner/work/rfswarm/rfswarm/Tests/Regression/Reporter/Logs/macos-latest_3.9/Reporter.GUIBasic-screenshot-17.png&lt;/a&gt;'.</msg>
<msg timestamp="20230720 12:37:29.692" level="INFO" html="true">Removed file '&lt;a href="file:///Users/runner/work/rfswarm/rfswarm/Tests/Regression/Reporter/Logs/macos-latest_3.9/Reporter.GUIBasic-screenshot-4.png"&gt;/Users/runner/work/rfswarm/rfswarm/Tests/Regression/Reporter/Logs/macos-latest_3.9/Reporter.GUIBasic-screenshot-4.png&lt;/a&gt;'.</msg>
<msg timestamp="20230720 12:37:29.692" level="INFO" html="true">Removed file '&lt;a href="file:///Users/runner/work/rfswarm/rfswarm/Tests/Regression/Reporter/Logs/macos-latest_3.9/Reporter.GUIBasic-screenshot-5.png"&gt;/Users/runner/work/rfswarm/rfswarm/Tests/Regression/Reporter/Logs/macos-latest_3.9/Reporter.GUIBasic-screenshot-5.png&lt;/a&gt;'.</msg>
<msg timestamp="20230720 12:37:29.693" level="INFO" html="true">Removed file '&lt;a href="file:///Users/runner/work/rfswarm/rfswarm/Tests/Regression/Reporter/Logs/macos-latest_3.9/Reporter.GUIBasic-screenshot-16.png"&gt;/Users/runner/work/rfswarm/rfswarm/Tests/Regression/Reporter/Logs/macos-latest_3.9/Reporter.GUIBasic-screenshot-16.png&lt;/a&gt;'.</msg>
<status status="PASS" starttime="20230720 12:37:29.688" endtime="20230720 12:37:29.693"/>
</kw>
<status status="PASS" starttime="20230720 12:37:29.686" endtime="20230720 12:37:29.693"/>
</kw>
<test id="s1-s1-t1" name="Reporter Version" line="16">
<kw name="Run" library="OperatingSystem">
<var>${result}</var>
<arg>python3 ${EXECDIR}${/}rfswarm_reporter${/}rfswarm_reporter.py -v</arg>
<doc>Runs the given command in the system and returns the output.</doc>
<msg timestamp="20230720 12:37:29.697" level="INFO">Running command 'python3 /Users/runner/work/rfswarm/rfswarm/rfswarm_reporter/rfswarm_reporter.py -v 2&gt;&amp;1'.</msg>
<msg timestamp="20230720 12:37:47.021" level="INFO">${result} = Matplotlib is building the font cache; this may take a moment.
Robot Framework Swarm: Reporter 
	Version 1.1.4 </msg>
<status status="PASS" starttime="20230720 12:37:29.694" endtime="20230720 12:37:47.021"/>
</kw>
<kw name="Log To Console" library="BuiltIn">
<arg>${\n}${result}</arg>
<doc>Logs the given message to the console.</doc>
<status status="PASS" starttime="20230720 12:37:47.021" endtime="20230720 12:37:47.022"/>
</kw>
<kw name="Should Contain" library="BuiltIn">
<arg>${result}</arg>
<arg>Version</arg>
<doc>Fails if ``container`` does not contain ``item`` one or more times.</doc>
<status status="PASS" starttime="20230720 12:37:47.022" endtime="20230720 12:37:47.022"/>
</kw>
<kw name="Should Contain" library="BuiltIn">
<arg>${result}</arg>
<arg>Reporter</arg>
<doc>Fails if ``container`` does not contain ``item`` one or more times.</doc>
<status status="PASS" starttime="20230720 12:37:47.022" endtime="20230720 12:37:47.023"/>
</kw>
<tag>macos-latest</tag>
<tag>ubuntu-latest</tag>
<tag>windows-latest</tag>
<status status="PASS" starttime="20230720 12:37:29.693" endtime="20230720 12:37:47.023"/>
</test>
<test id="s1-s1-t2" name="Reporter Help" line="23">
<kw name="Run" library="OperatingSystem">
<var>${result}</var>
<arg>python3 ${EXECDIR}${/}rfswarm_reporter${/}rfswarm_reporter.py -h</arg>
<doc>Runs the given command in the system and returns the output.</doc>
<msg timestamp="20230720 12:37:47.029" level="INFO">Running command 'python3 /Users/runner/work/rfswarm/rfswarm/rfswarm_reporter/rfswarm_reporter.py -h 2&gt;&amp;1'.</msg>
<msg timestamp="20230720 12:37:49.260" level="INFO">${result} = Robot Framework Swarm: Reporter 
	Version 1.1.4 
usage: rfswarm_reporter.py [-h] [-g DEBUG] [-v] [-i INI] [-n] [-d DIR]
                           [-t TEMPLATE] [--html] [--docx] [--xlsx]

optional ar...</msg>
<status status="PASS" starttime="20230720 12:37:47.024" endtime="20230720 12:37:49.261"/>
</kw>
<kw name="Log To Console" library="BuiltIn">
<arg>${\n}${result}</arg>
<doc>Logs the given message to the console.</doc>
<status status="PASS" starttime="20230720 12:37:49.261" endtime="20230720 12:37:49.262"/>
</kw>
<kw name="Should Contain" library="BuiltIn">
<arg>${result}</arg>
<arg>Excel</arg>
<doc>Fails if ``container`` does not contain ``item`` one or more times.</doc>
<status status="PASS" starttime="20230720 12:37:49.262" endtime="20230720 12:37:49.262"/>
</kw>
<tag>macos-latest</tag>
<tag>ubuntu-latest</tag>
<tag>windows-latest</tag>
<status status="PASS" starttime="20230720 12:37:47.023" endtime="20230720 12:37:49.262"/>
</test>
<test id="s1-s1-t3" name="Command Line Generate HTML" line="29">
<kw name="Set Variable" library="BuiltIn">
<var>${testdata}</var>
<arg>Issue-#144</arg>
<doc>Returns the given values which can then be assigned to a variables.</doc>
<msg timestamp="20230720 12:37:49.263" level="INFO">${testdata} = Issue-#144</msg>
<status status="PASS" starttime="20230720 12:37:49.263" endtime="20230720 12:37:49.263"/>
</kw>
<kw name="Set Variable" library="BuiltIn">
<var>${resultdata}</var>
<arg>20230320_185055_demo</arg>
<doc>Returns the given values which can then be assigned to a variables.</doc>
<msg timestamp="20230720 12:37:49.264" level="INFO">${resultdata} = 20230320_185055_demo</msg>
<status status="PASS" starttime="20230720 12:37:49.264" endtime="20230720 12:37:49.264"/>
</kw>
<kw name="Set Variable" library="BuiltIn">
<var>${basefolder}</var>
<arg>/Users/runner/work/rfswarm/rfswarm/Tests/Regression/Reporter${/}testdata${/}${testdata}</arg>
<doc>Returns the given values which can then be assigned to a variables.</doc>
<msg timestamp="20230720 12:37:49.264" level="INFO">${basefolder} = /Users/runner/work/rfswarm/rfswarm/Tests/Regression/Reporter/testdata/Issue-#144</msg>
<status status="PASS" starttime="20230720 12:37:49.264" endtime="20230720 12:37:49.264"/>
</kw>
<kw name="Should Exist" library="OperatingSystem">
<arg>${basefolder}</arg>
<doc>Fails unless the given path (file or directory) exists.</doc>
<msg timestamp="20230720 12:37:49.265" level="INFO" html="true">Path '&lt;a href="file:///Users/runner/work/rfswarm/rfswarm/Tests/Regression/Reporter/testdata/Issue-#144"&gt;/Users/runner/work/rfswarm/rfswarm/Tests/Regression/Reporter/testdata/Issue-#144&lt;/a&gt;' exists.</msg>
<status status="PASS" starttime="20230720 12:37:49.264" endtime="20230720 12:37:49.265"/>
</kw>
<kw name="Log" library="BuiltIn">
<arg>basefolder: ${basefolder}</arg>
<arg>console=True</arg>
<doc>Logs the given message with the given level.</doc>
<msg timestamp="20230720 12:37:49.265" level="INFO">basefolder: /Users/runner/work/rfswarm/rfswarm/Tests/Regression/Reporter/testdata/Issue-#144</msg>
<status status="PASS" starttime="20230720 12:37:49.265" endtime="20230720 12:37:49.265"/>
</kw>
<kw name="Set Variable" library="BuiltIn">
<var>${resultfolder}</var>
<arg>${basefolder}${/}${resultdata}</arg>
<doc>Returns the given values which can then be assigned to a variables.</doc>
<msg timestamp="20230720 12:37:49.266" level="INFO">${resultfolder} = /Users/runner/work/rfswarm/rfswarm/Tests/Regression/Reporter/testdata/Issue-#144/20230320_185055_demo</msg>
<status status="PASS" starttime="20230720 12:37:49.266" endtime="20230720 12:37:49.266"/>
</kw>
<kw name="Should Exist" library="OperatingSystem">
<arg>${resultfolder}</arg>
<doc>Fails unless the given path (file or directory) exists.</doc>
<msg timestamp="20230720 12:37:49.266" level="INFO" html="true">Path '&lt;a href="file:///Users/runner/work/rfswarm/rfswarm/Tests/Regression/Reporter/testdata/Issue-#144/20230320_185055_demo"&gt;/Users/runner/work/rfswarm/rfswarm/Tests/Regression/Reporter/testdata/Issue-#144/20230320_185055_demo&lt;/a&gt;' exists.</msg>
<status status="PASS" starttime="20230720 12:37:49.266" endtime="20230720 12:37:49.266"/>
</kw>
<kw name="Log" library="BuiltIn">
<arg>resultfolder: ${resultfolder}</arg>
<arg>console=True</arg>
<doc>Logs the given message with the given level.</doc>
<msg timestamp="20230720 12:37:49.267" level="INFO">resultfolder: /Users/runner/work/rfswarm/rfswarm/Tests/Regression/Reporter/testdata/Issue-#144/20230320_185055_demo</msg>
<status status="PASS" starttime="20230720 12:37:49.266" endtime="20230720 12:37:49.267"/>
</kw>
<kw name="Set Variable" library="BuiltIn">
<var>${template}</var>
<arg>${basefolder}${/}90%ileTemplate.template</arg>
<doc>Returns the given values which can then be assigned to a variables.</doc>
<msg timestamp="20230720 12:37:49.267" level="INFO">${template} = /Users/runner/work/rfswarm/rfswarm/Tests/Regression/Reporter/testdata/Issue-#144/90%ileTemplate.template</msg>
<status status="PASS" starttime="20230720 12:37:49.267" endtime="20230720 12:37:49.267"/>
</kw>
<kw name="Should Exist" library="OperatingSystem">
<arg>${template}</arg>
<doc>Fails unless the given path (file or directory) exists.</doc>
<msg timestamp="20230720 12:37:49.268" level="INFO" html="true">Path '&lt;a href="file:///Users/runner/work/rfswarm/rfswarm/Tests/Regression/Reporter/testdata/Issue-#144/90%ileTemplate.template"&gt;/Users/runner/work/rfswarm/rfswarm/Tests/Regression/Reporter/testdata/Issue-#144/90%ileTemplate.template&lt;/a&gt;' exists.</msg>
<status status="PASS" starttime="20230720 12:37:49.267" endtime="20230720 12:37:49.268"/>
</kw>
<kw name="Log" library="BuiltIn">
<arg>template: ${template}</arg>
<arg>console=True</arg>
<doc>Logs the given message with the given level.</doc>
<msg timestamp="20230720 12:37:49.268" level="INFO">template: /Users/runner/work/rfswarm/rfswarm/Tests/Regression/Reporter/testdata/Issue-#144/90%ileTemplate.template</msg>
<status status="PASS" starttime="20230720 12:37:49.268" endtime="20230720 12:37:49.268"/>
</kw>
<kw name="Run" library="OperatingSystem">
<var>${result}</var>
<arg>python3 ${pyfile} -n -g 1 -d ${resultfolder} -t ${template} --html</arg>
<doc>Runs the given command in the system and returns the output.</doc>
<msg timestamp="20230720 12:37:49.274" level="INFO">Running command 'python3 /Users/runner/work/rfswarm/rfswarm/rfswarm_reporter/rfswarm_reporter.py -n -g 1 -d /Users/runner/work/rfswarm/rfswarm/Tests/Regression/Reporter/testdata/Issue-#144/20230320_185055_demo -t /Users/runner/work/rfswarm/rfswarm/Tests/Regression/Reporter/testdata/Issue-#144/90%ileTemplate.template --html 2&gt;&amp;1'.</msg>
<msg timestamp="20230720 12:37:55.833" level="INFO">${result} = </msg>
<status status="PASS" starttime="20230720 12:37:49.268" endtime="20230720 12:37:55.833"/>
</kw>
<kw name="Log" library="BuiltIn">
<arg>result: ${\n}${result}</arg>
<arg>console=True</arg>
<doc>Logs the given message with the given level.</doc>
<msg timestamp="20230720 12:37:55.834" level="INFO">result: 
</msg>
<status status="PASS" starttime="20230720 12:37:55.833" endtime="20230720 12:37:55.834"/>
</kw>
<kw name="Should Not Contain" library="BuiltIn">
<arg>${result}</arg>
<arg>Traceback</arg>
<doc>Fails if ``container`` contains ``item`` one or more times.</doc>
<status status="PASS" starttime="20230720 12:37:55.834" endtime="20230720 12:37:55.834"/>
</kw>
<kw name="Should Exist" library="OperatingSystem">
<arg>${resultfolder}${/}${resultdata}.html</arg>
<doc>Fails unless the given path (file or directory) exists.</doc>
<msg timestamp="20230720 12:37:55.835" level="INFO" html="true">Path '&lt;a href="file:///Users/runner/work/rfswarm/rfswarm/Tests/Regression/Reporter/testdata/Issue-#144/20230320_185055_demo/20230320_185055_demo.html"&gt;/Users/runner/work/rfswarm/rfswarm/Tests/Regression/Reporter/testdata/Issue-#144/20230320_185055_demo/20230320_185055_demo.html&lt;/a&gt;' exists.</msg>
<status status="PASS" starttime="20230720 12:37:55.835" endtime="20230720 12:37:55.835"/>
</kw>
<tag>HTML</tag>
<tag>Issue #144</tag>
<tag>macos-latest</tag>
<tag>ubuntu-latest</tag>
<tag>windows-latest</tag>
<status status="PASS" starttime="20230720 12:37:49.263" endtime="20230720 12:37:55.835"/>
</test>
<test id="s1-s1-t4" name="Command Line Generate Docx" line="47">
<kw name="Set Variable" library="BuiltIn">
<var>${testdata}</var>
<arg>Issue-#144</arg>
<doc>Returns the given values which can then be assigned to a variables.</doc>
<msg timestamp="20230720 12:37:55.837" level="INFO">${testdata} = Issue-#144</msg>
<status status="PASS" starttime="20230720 12:37:55.836" endtime="20230720 12:37:55.837"/>
</kw>
<kw name="Set Variable" library="BuiltIn">
<var>${resultdata}</var>
<arg>20230320_185055_demo</arg>
<doc>Returns the given values which can then be assigned to a variables.</doc>
<msg timestamp="20230720 12:37:55.837" level="INFO">${resultdata} = 20230320_185055_demo</msg>
<status status="PASS" starttime="20230720 12:37:55.837" endtime="20230720 12:37:55.837"/>
</kw>
<kw name="Set Variable" library="BuiltIn">
<var>${basefolder}</var>
<arg>/Users/runner/work/rfswarm/rfswarm/Tests/Regression/Reporter${/}testdata${/}${testdata}</arg>
<doc>Returns the given values which can then be assigned to a variables.</doc>
<msg timestamp="20230720 12:37:55.837" level="INFO">${basefolder} = /Users/runner/work/rfswarm/rfswarm/Tests/Regression/Reporter/testdata/Issue-#144</msg>
<status status="PASS" starttime="20230720 12:37:55.837" endtime="20230720 12:37:55.837"/>
</kw>
<kw name="Should Exist" library="OperatingSystem">
<arg>${basefolder}</arg>
<doc>Fails unless the given path (file or directory) exists.</doc>
<msg timestamp="20230720 12:37:55.838" level="INFO" html="true">Path '&lt;a href="file:///Users/runner/work/rfswarm/rfswarm/Tests/Regression/Reporter/testdata/Issue-#144"&gt;/Users/runner/work/rfswarm/rfswarm/Tests/Regression/Reporter/testdata/Issue-#144&lt;/a&gt;' exists.</msg>
<status status="PASS" starttime="20230720 12:37:55.838" endtime="20230720 12:37:55.838"/>
</kw>
<kw name="Log To Console" library="BuiltIn">
<arg>basefolder: ${basefolder}</arg>
<arg>console=True</arg>
<doc>Logs the given message to the console.</doc>
<status status="PASS" starttime="20230720 12:37:55.838" endtime="20230720 12:37:55.838"/>
</kw>
<kw name="Set Variable" library="BuiltIn">
<var>${resultfolder}</var>
<arg>${basefolder}${/}${resultdata}</arg>
<doc>Returns the given values which can then be assigned to a variables.</doc>
<msg timestamp="20230720 12:37:55.839" level="INFO">${resultfolder} = /Users/runner/work/rfswarm/rfswarm/Tests/Regression/Reporter/testdata/Issue-#144/20230320_185055_demo</msg>
<status status="PASS" starttime="20230720 12:37:55.838" endtime="20230720 12:37:55.839"/>
</kw>
<kw name="Should Exist" library="OperatingSystem">
<arg>${resultfolder}</arg>
<doc>Fails unless the given path (file or directory) exists.</doc>
<msg timestamp="20230720 12:37:55.839" level="INFO" html="true">Path '&lt;a href="file:///Users/runner/work/rfswarm/rfswarm/Tests/Regression/Reporter/testdata/Issue-#144/20230320_185055_demo"&gt;/Users/runner/work/rfswarm/rfswarm/Tests/Regression/Reporter/testdata/Issue-#144/20230320_185055_demo&lt;/a&gt;' exists.</msg>
<status status="PASS" starttime="20230720 12:37:55.839" endtime="20230720 12:37:55.839"/>
</kw>
<kw name="Log" library="BuiltIn">
<arg>resultfolder: ${resultfolder}</arg>
<arg>console=True</arg>
<doc>Logs the given message with the given level.</doc>
<msg timestamp="20230720 12:37:55.840" level="INFO">resultfolder: /Users/runner/work/rfswarm/rfswarm/Tests/Regression/Reporter/testdata/Issue-#144/20230320_185055_demo</msg>
<status status="PASS" starttime="20230720 12:37:55.839" endtime="20230720 12:37:55.840"/>
</kw>
<kw name="Set Variable" library="BuiltIn">
<var>${template}</var>
<arg>${basefolder}${/}90%ileTemplate.template</arg>
<doc>Returns the given values which can then be assigned to a variables.</doc>
<msg timestamp="20230720 12:37:55.840" level="INFO">${template} = /Users/runner/work/rfswarm/rfswarm/Tests/Regression/Reporter/testdata/Issue-#144/90%ileTemplate.template</msg>
<status status="PASS" starttime="20230720 12:37:55.840" endtime="20230720 12:37:55.840"/>
</kw>
<kw name="Should Exist" library="OperatingSystem">
<arg>${template}</arg>
<doc>Fails unless the given path (file or directory) exists.</doc>
<msg timestamp="20230720 12:37:55.841" level="INFO" html="true">Path '&lt;a href="file:///Users/runner/work/rfswarm/rfswarm/Tests/Regression/Reporter/testdata/Issue-#144/90%ileTemplate.template"&gt;/Users/runner/work/rfswarm/rfswarm/Tests/Regression/Reporter/testdata/Issue-#144/90%ileTemplate.template&lt;/a&gt;' exists.</msg>
<status status="PASS" starttime="20230720 12:37:55.840" endtime="20230720 12:37:55.841"/>
</kw>
<kw name="Log" library="BuiltIn">
<arg>template: ${template}</arg>
<arg>console=True</arg>
<doc>Logs the given message with the given level.</doc>
<msg timestamp="20230720 12:37:55.841" level="INFO">template: /Users/runner/work/rfswarm/rfswarm/Tests/Regression/Reporter/testdata/Issue-#144/90%ileTemplate.template</msg>
<status status="PASS" starttime="20230720 12:37:55.841" endtime="20230720 12:37:55.841"/>
</kw>
<kw name="Run" library="OperatingSystem">
<var>${result}</var>
<arg>python3 ${pyfile} -n -g 1 -d ${resultfolder} -t ${template} --docx</arg>
<doc>Runs the given command in the system and returns the output.</doc>
<msg timestamp="20230720 12:37:55.847" level="INFO">Running command 'python3 /Users/runner/work/rfswarm/rfswarm/rfswarm_reporter/rfswarm_reporter.py -n -g 1 -d /Users/runner/work/rfswarm/rfswarm/Tests/Regression/Reporter/testdata/Issue-#144/20230320_185055_demo -t /Users/runner/work/rfswarm/rfswarm/Tests/Regression/Reporter/testdata/Issue-#144/90%ileTemplate.template --docx 2&gt;&amp;1'.</msg>
<msg timestamp="20230720 12:38:06.338" level="INFO">${result} = </msg>
<status status="PASS" starttime="20230720 12:37:55.841" endtime="20230720 12:38:06.338"/>
</kw>
<kw name="Log" library="BuiltIn">
<arg>${\n}${result}</arg>
<arg>console=True</arg>
<doc>Logs the given message with the given level.</doc>
<msg timestamp="20230720 12:38:06.339" level="INFO">
</msg>
<status status="PASS" starttime="20230720 12:38:06.338" endtime="20230720 12:38:06.339"/>
</kw>
<kw name="Should Not Contain" library="BuiltIn">
<arg>${result}</arg>
<arg>Traceback</arg>
<doc>Fails if ``container`` contains ``item`` one or more times.</doc>
<status status="PASS" starttime="20230720 12:38:06.339" endtime="20230720 12:38:06.339"/>
</kw>
<kw name="Should Exist" library="OperatingSystem">
<arg>${resultfolder}${/}${resultdata}.docx</arg>
<doc>Fails unless the given path (file or directory) exists.</doc>
<msg timestamp="20230720 12:38:06.340" level="INFO" html="true">Path '&lt;a href="file:///Users/runner/work/rfswarm/rfswarm/Tests/Regression/Reporter/testdata/Issue-#144/20230320_185055_demo/20230320_185055_demo.docx"&gt;/Users/runner/work/rfswarm/rfswarm/Tests/Regression/Reporter/testdata/Issue-#144/20230320_185055_demo/20230320_185055_demo.docx&lt;/a&gt;' exists.</msg>
<status status="PASS" starttime="20230720 12:38:06.340" endtime="20230720 12:38:06.340"/>
</kw>
<tag>DOCX</tag>
<tag>Issue #144</tag>
<tag>macos-latest</tag>
<tag>ubuntu-latest</tag>
<tag>windows-latest</tag>
<status status="PASS" starttime="20230720 12:37:55.836" endtime="20230720 12:38:06.340"/>
</test>
<test id="s1-s1-t5" name="Command Line Generate Xlsx" line="65">
<kw name="Set Variable" library="BuiltIn">
<var>${testdata}</var>
<arg>Issue-#144</arg>
<doc>Returns the given values which can then be assigned to a variables.</doc>
<msg timestamp="20230720 12:38:06.342" level="INFO">${testdata} = Issue-#144</msg>
<status status="PASS" starttime="20230720 12:38:06.341" endtime="20230720 12:38:06.342"/>
</kw>
<kw name="Set Variable" library="BuiltIn">
<var>${resultdata}</var>
<arg>20230320_185055_demo</arg>
<doc>Returns the given values which can then be assigned to a variables.</doc>
<msg timestamp="20230720 12:38:06.342" level="INFO">${resultdata} = 20230320_185055_demo</msg>
<status status="PASS" starttime="20230720 12:38:06.342" endtime="20230720 12:38:06.342"/>
</kw>
<kw name="Set Variable" library="BuiltIn">
<var>${basefolder}</var>
<arg>/Users/runner/work/rfswarm/rfswarm/Tests/Regression/Reporter${/}testdata${/}${testdata}</arg>
<doc>Returns the given values which can then be assigned to a variables.</doc>
<msg timestamp="20230720 12:38:06.343" level="INFO">${basefolder} = /Users/runner/work/rfswarm/rfswarm/Tests/Regression/Reporter/testdata/Issue-#144</msg>
<status status="PASS" starttime="20230720 12:38:06.342" endtime="20230720 12:38:06.343"/>
</kw>
<kw name="Should Exist" library="OperatingSystem">
<arg>${basefolder}</arg>
<doc>Fails unless the given path (file or directory) exists.</doc>
<msg timestamp="20230720 12:38:06.343" level="INFO" html="true">Path '&lt;a href="file:///Users/runner/work/rfswarm/rfswarm/Tests/Regression/Reporter/testdata/Issue-#144"&gt;/Users/runner/work/rfswarm/rfswarm/Tests/Regression/Reporter/testdata/Issue-#144&lt;/a&gt;' exists.</msg>
<status status="PASS" starttime="20230720 12:38:06.343" endtime="20230720 12:38:06.343"/>
</kw>
<kw name="Log" library="BuiltIn">
<arg>basefolder: ${basefolder}</arg>
<arg>console=True</arg>
<doc>Logs the given message with the given level.</doc>
<msg timestamp="20230720 12:38:06.344" level="INFO">basefolder: /Users/runner/work/rfswarm/rfswarm/Tests/Regression/Reporter/testdata/Issue-#144</msg>
<status status="PASS" starttime="20230720 12:38:06.343" endtime="20230720 12:38:06.344"/>
</kw>
<kw name="Set Variable" library="BuiltIn">
<var>${resultfolder}</var>
<arg>${basefolder}${/}${resultdata}</arg>
<doc>Returns the given values which can then be assigned to a variables.</doc>
<msg timestamp="20230720 12:38:06.344" level="INFO">${resultfolder} = /Users/runner/work/rfswarm/rfswarm/Tests/Regression/Reporter/testdata/Issue-#144/20230320_185055_demo</msg>
<status status="PASS" starttime="20230720 12:38:06.344" endtime="20230720 12:38:06.344"/>
</kw>
<kw name="Should Exist" library="OperatingSystem">
<arg>${resultfolder}</arg>
<doc>Fails unless the given path (file or directory) exists.</doc>
<msg timestamp="20230720 12:38:06.345" level="INFO" html="true">Path '&lt;a href="file:///Users/runner/work/rfswarm/rfswarm/Tests/Regression/Reporter/testdata/Issue-#144/20230320_185055_demo"&gt;/Users/runner/work/rfswarm/rfswarm/Tests/Regression/Reporter/testdata/Issue-#144/20230320_185055_demo&lt;/a&gt;' exists.</msg>
<status status="PASS" starttime="20230720 12:38:06.344" endtime="20230720 12:38:06.345"/>
</kw>
<kw name="Log" library="BuiltIn">
<arg>resultfolder: ${resultfolder}</arg>
<arg>console=True</arg>
<doc>Logs the given message with the given level.</doc>
<msg timestamp="20230720 12:38:06.345" level="INFO">resultfolder: /Users/runner/work/rfswarm/rfswarm/Tests/Regression/Reporter/testdata/Issue-#144/20230320_185055_demo</msg>
<status status="PASS" starttime="20230720 12:38:06.345" endtime="20230720 12:38:06.345"/>
</kw>
<kw name="Set Variable" library="BuiltIn">
<var>${template}</var>
<arg>${basefolder}${/}90%ileTemplate.template</arg>
<doc>Returns the given values which can then be assigned to a variables.</doc>
<msg timestamp="20230720 12:38:06.346" level="INFO">${template} = /Users/runner/work/rfswarm/rfswarm/Tests/Regression/Reporter/testdata/Issue-#144/90%ileTemplate.template</msg>
<status status="PASS" starttime="20230720 12:38:06.345" endtime="20230720 12:38:06.346"/>
</kw>
<kw name="Should Exist" library="OperatingSystem">
<arg>${template}</arg>
<doc>Fails unless the given path (file or directory) exists.</doc>
<msg timestamp="20230720 12:38:06.346" level="INFO" html="true">Path '&lt;a href="file:///Users/runner/work/rfswarm/rfswarm/Tests/Regression/Reporter/testdata/Issue-#144/90%ileTemplate.template"&gt;/Users/runner/work/rfswarm/rfswarm/Tests/Regression/Reporter/testdata/Issue-#144/90%ileTemplate.template&lt;/a&gt;' exists.</msg>
<status status="PASS" starttime="20230720 12:38:06.346" endtime="20230720 12:38:06.346"/>
</kw>
<kw name="Log" library="BuiltIn">
<arg>template: ${template}</arg>
<arg>console=True</arg>
<doc>Logs the given message with the given level.</doc>
<msg timestamp="20230720 12:38:06.346" level="INFO">template: /Users/runner/work/rfswarm/rfswarm/Tests/Regression/Reporter/testdata/Issue-#144/90%ileTemplate.template</msg>
<status status="PASS" starttime="20230720 12:38:06.346" endtime="20230720 12:38:06.347"/>
</kw>
<kw name="Run" library="OperatingSystem">
<var>${result}</var>
<arg>python3 ${pyfile} -n -g 1 -d ${resultfolder} -t ${template} --xlsx</arg>
<doc>Runs the given command in the system and returns the output.</doc>
<msg timestamp="20230720 12:38:06.353" level="INFO">Running command 'python3 /Users/runner/work/rfswarm/rfswarm/rfswarm_reporter/rfswarm_reporter.py -n -g 1 -d /Users/runner/work/rfswarm/rfswarm/Tests/Regression/Reporter/testdata/Issue-#144/20230320_185055_demo -t /Users/runner/work/rfswarm/rfswarm/Tests/Regression/Reporter/testdata/Issue-#144/90%ileTemplate.template --xlsx 2&gt;&amp;1'.</msg>
<msg timestamp="20230720 12:38:14.540" level="INFO">${result} = </msg>
<status status="PASS" starttime="20230720 12:38:06.347" endtime="20230720 12:38:14.540"/>
</kw>
<kw name="Log" library="BuiltIn">
<arg>${\n}${result}</arg>
<arg>console=True</arg>
<doc>Logs the given message with the given level.</doc>
<msg timestamp="20230720 12:38:14.541" level="INFO">
</msg>
<status status="PASS" starttime="20230720 12:38:14.541" endtime="20230720 12:38:14.541"/>
</kw>
<kw name="Should Not Contain" library="BuiltIn">
<arg>${result}</arg>
<arg>Traceback</arg>
<doc>Fails if ``container`` contains ``item`` one or more times.</doc>
<status status="PASS" starttime="20230720 12:38:14.542" endtime="20230720 12:38:14.542"/>
</kw>
<kw name="Should Exist" library="OperatingSystem">
<arg>${resultfolder}${/}${resultdata}.xlsx</arg>
<doc>Fails unless the given path (file or directory) exists.</doc>
<msg timestamp="20230720 12:38:14.542" level="INFO" html="true">Path '&lt;a href="file:///Users/runner/work/rfswarm/rfswarm/Tests/Regression/Reporter/testdata/Issue-#144/20230320_185055_demo/20230320_185055_demo.xlsx"&gt;/Users/runner/work/rfswarm/rfswarm/Tests/Regression/Reporter/testdata/Issue-#144/20230320_185055_demo/20230320_185055_demo.xlsx&lt;/a&gt;' exists.</msg>
<status status="PASS" starttime="20230720 12:38:14.542" endtime="20230720 12:38:14.542"/>
</kw>
<tag>Issue #144</tag>
<tag>macos-latest</tag>
<tag>ubuntu-latest</tag>
<tag>windows-latest</tag>
<tag>XLSX</tag>
<status status="PASS" starttime="20230720 12:38:06.341" endtime="20230720 12:38:14.543"/>
</test>
<status status="PASS" starttime="20230720 12:37:29.670" endtime="20230720 12:38:14.544"/>
</suite>
<suite id="s1-s2" name="GUI Basic" source="/Users/runner/work/rfswarm/rfswarm/Tests/Regression/Reporter/GUI_Basic.robot">
<test id="s1-s2-t1" name="GUI Runs and Closes" line="19">
<kw name="Open GUI">
<kw name="Get Variables" library="BuiltIn">
<var>${var}</var>
<doc>Returns a dictionary containing all variables in the current scope.</doc>
<msg timestamp="20230720 12:38:25.852" level="INFO">${var} = {'${/}': '/', '${:}': ':', '${\\n}': '\n', '${DEBUG_FILE}': 'NONE', '${EXECDIR}': '/Users/runner/work/rfswarm/rfswarm', '${False}': False, '${IMAGE_DIR}': '/Users/runner/work/rfswarm/rfswarm/Tests/Reg...</msg>
<status status="PASS" starttime="20230720 12:38:25.851" endtime="20230720 12:38:25.852"/>
</kw>
<kw name="Log" library="BuiltIn">
<arg>${var}</arg>
<doc>Logs the given message with the given level.</doc>
<msg timestamp="20230720 12:38:25.853" level="INFO">{'${/}': '/', '${:}': ':', '${\\n}': '\n', '${DEBUG_FILE}': 'NONE', '${EXECDIR}': '/Users/runner/work/rfswarm/rfswarm', '${False}': False, '${IMAGE_DIR}': '/Users/runner/work/rfswarm/rfswarm/Tests/Regression/Reporter/Images/file_method', '${LOG_FILE}': '/Users/runner/work/rfswarm/rfswarm/Tests/Regression/Reporter/Logs/macos-latest_3.9/log.html', '${LOG_LEVEL}': 'INFO', '${None}': None, '${null}': None, '${OUTPUT_DIR}': '/Users/runner/work/rfswarm/rfswarm/Tests/Regression/Reporter/Logs/macos-latest_3.9', '${OUTPUT_FILE}': '/Users/runner/work/rfswarm/rfswarm/Tests/Regression/Reporter/Logs/macos-latest_3.9/output.xml', '${PREV_TEST_MESSAGE}': '', '${PREV_TEST_NAME}': 'Command Line Generate Xlsx', '${PREV_TEST_STATUS}': 'PASS', '${process}': 'None', '${pyfile}': '/Users/runner/work/rfswarm/rfswarm/rfswarm_reporter/rfswarm_reporter.py', '${REPORT_FILE}': '/Users/runner/work/rfswarm/rfswarm/Tests/Regression/Reporter/Logs/macos-latest_3.9/report.html', '${SPACE}': ' ', '${sssleep}': '0.5', '${SUITE_DOCUMENTATION}': '', '${SUITE_NAME}': 'Reporter.GUI Basic', '${SUITE_SOURCE}': '/Users/runner/work/rfswarm/rfswarm/Tests/Regression/Reporter/GUI_Basic.robot', '${TEMPDIR}': '/var/folders/24/8k48jl6d249_n_qfxwsl6xvm0000gn/T', '${TEST_DOCUMENTATION}': '', '${TEST_NAME}': 'GUI Runs and Closes', '${True}': True, '&amp;{OPTIONS}': {'include': ['macos-latest'], 'exclude': [], 'skip': [], 'skip_on_failure': []}, '&amp;{SUITE_METADATA}': Metadata(), '@{appargs}': [], '@{TEST_TAGS}': ['macos-latest', 'ubuntu-latest', 'windows-latest']}</msg>
<status status="PASS" starttime="20230720 12:38:25.852" endtime="20230720 12:38:25.853"/>
</kw>
<kw name="Get Platform">
<kw name="Create Dictionary" library="BuiltIn">
<var>&amp;{platforms}</var>
<arg>Linux=ubuntu</arg>
<arg>Darwin=macos</arg>
<arg>Java=notsupported</arg>
<arg>Windows=windows</arg>
<doc>Creates and returns a dictionary based on the given ``items``.</doc>
<msg timestamp="20230720 12:38:25.854" level="INFO">&amp;{platforms} = { Linux=ubuntu | Darwin=macos | Java=notsupported | Windows=windows }</msg>
<status status="PASS" starttime="20230720 12:38:25.853" endtime="20230720 12:38:25.854"/>
</kw>
<kw name="Evaluate" library="BuiltIn">
<var>${os}</var>
<arg>platform.system()</arg>
<arg>platform</arg>
<doc>Evaluates the given expression in Python and returns the result.</doc>
<msg timestamp="20230720 12:38:25.854" level="INFO">${os} = Darwin</msg>
<status status="PASS" starttime="20230720 12:38:25.854" endtime="20230720 12:38:25.854"/>
</kw>
<kw name="Set Suite Variable" library="BuiltIn">
<arg>${platform}</arg>
<arg>${platforms}[${os}]</arg>
<doc>Makes a variable available everywhere within the scope of the current suite.</doc>
<msg timestamp="20230720 12:38:25.856" level="INFO">${platform} = macos</msg>
<status status="PASS" starttime="20230720 12:38:25.854" endtime="20230720 12:38:25.856"/>
</kw>
<status status="PASS" starttime="20230720 12:38:25.853" endtime="20230720 12:38:25.856"/>
</kw>
<kw name="Set Variable" library="BuiltIn">
<var>${keyword}</var>
<arg>Open GUI ${platform}</arg>
<doc>Returns the given values which can then be assigned to a variables.</doc>
<msg timestamp="20230720 12:38:25.856" level="INFO">${keyword} = Open GUI macos</msg>
<status status="PASS" starttime="20230720 12:38:25.856" endtime="20230720 12:38:25.856"/>
</kw>
<kw name="Run Keyword" library="BuiltIn">
<arg>${keyword}</arg>
<arg>@{appargs}</arg>
<doc>Executes the given keyword with the given arguments.</doc>
<kw name="Open GUI macos">
<arg>@{appargs}</arg>
<kw name="Set Suite Variable" library="BuiltIn">
<arg>${platform}</arg>
<arg>macos</arg>
<doc>Makes a variable available everywhere within the scope of the current suite.</doc>
<msg timestamp="20230720 12:38:25.863" level="INFO">${platform} = macos</msg>
<status status="PASS" starttime="20230720 12:38:25.862" endtime="20230720 12:38:25.863"/>
</kw>
<kw name="Set Confidence" library="ImageHorizonLibrary">
<arg>0.9</arg>
<doc>Sets the accuracy when finding images.</doc>
<status status="PASS" starttime="20230720 12:38:25.863" endtime="20230720 12:38:25.863"/>
</kw>
<kw name="Start Process" library="Process">
<var>${process}</var>
<arg>python3</arg>
<arg>${pyfile}</arg>
<arg>-g</arg>
<arg>5</arg>
<arg>@{appargs}</arg>
<arg>alias=Reporter</arg>
<arg>stdout=${OUTPUT DIR}${/}stdout.txt</arg>
<arg>stderr=${OUTPUT DIR}${/}stderr.txt</arg>
<doc>Starts a new process on background.</doc>
<msg timestamp="20230720 12:38:25.864" level="INFO">Starting process:
python3 /Users/runner/work/rfswarm/rfswarm/rfswarm_reporter/rfswarm_reporter.py -g 5</msg>
<msg timestamp="20230720 12:38:25.873" level="INFO">${process} = &lt;Popen: returncode: None args: ['python3', '/Users/runner/work/rfswarm/rfswa...&gt;</msg>
<status status="PASS" starttime="20230720 12:38:25.863" endtime="20230720 12:38:25.873"/>
</kw>
<kw name="Set Suite Variable" library="BuiltIn">
<arg>$process</arg>
<arg>${process}</arg>
<doc>Makes a variable available everywhere within the scope of the current suite.</doc>
<msg timestamp="20230720 12:38:25.875" level="INFO">${process} = &lt;Popen: returncode: None args: ['python3', '/Users/runner/work/rfswarm/rfswa...&gt;</msg>
<status status="PASS" starttime="20230720 12:38:25.874" endtime="20230720 12:38:25.875"/>
</kw>
<kw name="Set Screenshot Folder" library="ImageHorizonLibrary">
<arg>${OUTPUT DIR}</arg>
<doc>Sets the folder where screenshots are saved to.</doc>
<status status="PASS" starttime="20230720 12:38:25.875" endtime="20230720 12:38:25.875"/>
</kw>
<kw name="Take A Screenshot" library="ImageHorizonLibrary">
<doc>Takes a screenshot of the screen.</doc>
<msg timestamp="20230720 12:38:25.876" level="INFO" html="true">Screenshot taken: /Users/runner/work/rfswarm/rfswarm/Tests/Regression/Reporter/Logs/macos-latest_3.9/Reporter.GUIBasic-screenshot-1.png&lt;br/&gt;&lt;img src="/Users/runner/work/rfswarm/rfswarm/Tests/Regression/Reporter/Logs/macos-latest_3.9/Reporter.GUIBasic-screenshot-1.png" width="100%" /&gt;</msg>
<status status="PASS" starttime="20230720 12:38:25.875" endtime="20230720 12:38:26.406"/>
</kw>
<status status="PASS" starttime="20230720 12:38:25.862" endtime="20230720 12:38:26.406"/>
</kw>
<status status="PASS" starttime="20230720 12:38:25.856" endtime="20230720 12:38:26.407"/>
</kw>
<status status="PASS" starttime="20230720 12:38:25.850" endtime="20230720 12:38:26.407"/>
</kw>
<kw name="Wait For Status">
<arg>PreviewLoaded</arg>
<kw name="Convert To Lower Case" library="String">
<var>${statusl}</var>
<arg>${status}</arg>
<doc>Converts string to lower case.</doc>
<msg timestamp="20230720 12:38:26.408" level="INFO">${statusl} = previewloaded</msg>
<status status="PASS" starttime="20230720 12:38:26.408" endtime="20230720 12:38:26.408"/>
</kw>
<kw name="Set Variable" library="BuiltIn">
<var>${img}</var>
<arg>reporter_${platform}_status_${statusl}.png</arg>
<doc>Returns the given values which can then be assigned to a variables.</doc>
<msg timestamp="20230720 12:38:26.409" level="INFO">${img} = reporter_macos_status_previewloaded.png</msg>
<status status="PASS" starttime="20230720 12:38:26.408" endtime="20230720 12:38:26.409"/>
</kw>
<kw name="Log" library="BuiltIn">
<arg>/Users/runner/work/rfswarm/rfswarm/Tests/Regression/Reporter</arg>
<doc>Logs the given message with the given level.</doc>
<msg timestamp="20230720 12:38:26.409" level="INFO">/Users/runner/work/rfswarm/rfswarm/Tests/Regression/Reporter</msg>
<status status="PASS" starttime="20230720 12:38:26.409" endtime="20230720 12:38:26.409"/>
</kw>
<kw name="Log" library="BuiltIn">
<arg>${IMAGE_DIR}</arg>
<doc>Logs the given message with the given level.</doc>
<msg timestamp="20230720 12:38:26.410" level="INFO">/Users/runner/work/rfswarm/rfswarm/Tests/Regression/Reporter/Images/file_method</msg>
<status status="PASS" starttime="20230720 12:38:26.409" endtime="20230720 12:38:26.410"/>
</kw>
<kw name="Wait For" library="ImageHorizonLibrary">
<arg>${img}</arg>
<arg>timeout=${timeout}</arg>
<doc>Tries to locate given image from the screen for given time.</doc>
<kw name="Take A Screenshot" library="ImageHorizonLibrary">
<doc>Takes a screenshot of the screen.</doc>
<msg timestamp="20230720 12:43:26.607" level="INFO" html="true">Screenshot taken: /Users/runner/work/rfswarm/rfswarm/Tests/Regression/Reporter/Logs/macos-latest_3.9/Reporter.GUIBasic-screenshot-2.png&lt;br/&gt;&lt;img src="/Users/runner/work/rfswarm/rfswarm/Tests/Regression/Reporter/Logs/macos-latest_3.9/Reporter.GUIBasic-screenshot-2.png" width="100%" /&gt;</msg>
<status status="PASS" starttime="20230720 12:43:26.606" endtime="20230720 12:43:26.929"/>
</kw>
<msg timestamp="20230720 12:43:26.930" level="FAIL">ImageNotFoundException: Reference image "/Users/runner/work/rfswarm/rfswarm/Tests/Regression/Reporter/Images/file_method/reporter_macos_status_previewloaded.png" was not found on screen</msg>
<status status="FAIL" starttime="20230720 12:38:26.410" endtime="20230720 12:43:26.931"/>
</kw>
<kw name="Sleep" library="BuiltIn">
<arg>${sssleep}</arg>
<doc>Pauses the test executed for the given time.</doc>
<status status="NOT RUN" starttime="20230720 12:43:26.931" endtime="20230720 12:43:26.931"/>
</kw>
<kw name="Take A Screenshot" library="ImageHorizonLibrary">
<doc>Takes a screenshot of the screen.</doc>
<status status="NOT RUN" starttime="20230720 12:43:26.931" endtime="20230720 12:43:26.931"/>
</kw>
<status status="FAIL" starttime="20230720 12:38:26.407" endtime="20230720 12:43:26.932"/>
</kw>
<kw name="Close GUI" type="TEARDOWN">
<kw name="Set Variable" library="BuiltIn">
<var>${keyword}</var>
<arg>Close GUI ${platform}</arg>
<doc>Returns the given values which can then be assigned to a variables.</doc>
<msg timestamp="20230720 12:43:26.933" level="INFO">${keyword} = Close GUI macos</msg>
<status status="PASS" starttime="20230720 12:43:26.933" endtime="20230720 12:43:26.933"/>
</kw>
<if>
<branch type="IF" condition="${process}">
<kw name="Is Process Running" library="Process">
<var>${running}</var>
<arg>${process}</arg>
<doc>Checks is the process running or not.</doc>
<msg timestamp="20230720 12:43:26.934" level="INFO">${running} = True</msg>
<status status="PASS" starttime="20230720 12:43:26.934" endtime="20230720 12:43:26.934"/>
</kw>
<if>
<branch type="IF" condition="${running}">
<kw name="Run Keyword" library="BuiltIn">
<arg>${keyword}</arg>
<doc>Executes the given keyword with the given arguments.</doc>
<kw name="Close GUI macos">
<kw name="Click Image" library="ImageHorizonLibrary">
<arg>reporter_${platform}_button_closewindow.png</arg>
<doc>Finds the reference image on screen and clicks it once.</doc>
<msg timestamp="20230720 12:43:27.331" level="INFO">Image "/Users/runner/work/rfswarm/rfswarm/Tests/Regression/Reporter/Images/file_method/reporter_macos_button_closewindow.png" was not found on screen.</msg>
<kw name="Take A Screenshot" library="ImageHorizonLibrary">
<doc>Takes a screenshot of the screen.</doc>
<msg timestamp="20230720 12:43:27.333" level="INFO" html="true">Screenshot taken: /Users/runner/work/rfswarm/rfswarm/Tests/Regression/Reporter/Logs/macos-latest_3.9/Reporter.GUIBasic-screenshot-3.png&lt;br/&gt;&lt;img src="/Users/runner/work/rfswarm/rfswarm/Tests/Regression/Reporter/Logs/macos-latest_3.9/Reporter.GUIBasic-screenshot-3.png" width="100%" /&gt;</msg>
<status status="PASS" starttime="20230720 12:43:27.332" endtime="20230720 12:43:27.665"/>
</kw>
<msg timestamp="20230720 12:43:27.665" level="FAIL">ImageNotFoundException: Reference image "/Users/runner/work/rfswarm/rfswarm/Tests/Regression/Reporter/Images/file_method/reporter_macos_button_closewindow.png" was not found on screen</msg>
<status status="FAIL" starttime="20230720 12:43:26.940" endtime="20230720 12:43:27.665"/>
</kw>
<kw name="Take A Screenshot" library="ImageHorizonLibrary">
<doc>Takes a screenshot of the screen.</doc>
<msg timestamp="20230720 12:43:27.667" level="INFO" html="true">Screenshot taken: /Users/runner/work/rfswarm/rfswarm/Tests/Regression/Reporter/Logs/macos-latest_3.9/Reporter.GUIBasic-screenshot-4.png&lt;br/&gt;&lt;img src="/Users/runner/work/rfswarm/rfswarm/Tests/Regression/Reporter/Logs/macos-latest_3.9/Reporter.GUIBasic-screenshot-4.png" width="100%" /&gt;</msg>
<status status="PASS" starttime="20230720 12:43:27.666" endtime="20230720 12:43:27.981"/>
</kw>
<kw name="Sleep" library="BuiltIn">
<arg>0.5</arg>
<doc>Pauses the test executed for the given time.</doc>
<msg timestamp="20230720 12:43:28.525" level="INFO">Slept 500 milliseconds</msg>
<status status="PASS" starttime="20230720 12:43:27.982" endtime="20230720 12:43:28.525"/>
</kw>
<kw name="End Process If Still Running">
<kw name="Wait For Process" library="Process">
<var>${result}</var>
<arg>${process}</arg>
<arg>timeout=60</arg>
<doc>Waits for the process to complete or to reach the given timeout.</doc>
<msg timestamp="20230720 12:43:28.526" level="INFO">Waiting for process to complete.</msg>
<msg timestamp="20230720 12:44:28.540" level="INFO">Process did not complete in 1 minute.</msg>
<msg timestamp="20230720 12:44:28.541" level="INFO">Leaving process intact.</msg>
<msg timestamp="20230720 12:44:28.541" level="INFO">${result} = None</msg>
<status status="PASS" starttime="20230720 12:43:28.526" endtime="20230720 12:44:28.541"/>
</kw>
<kw name="Is Process Running" library="Process">
<var>${running}</var>
<arg>${process}</arg>
<doc>Checks is the process running or not.</doc>
<msg timestamp="20230720 12:44:28.542" level="INFO">${running} = True</msg>
<status status="PASS" starttime="20230720 12:44:28.541" endtime="20230720 12:44:28.542"/>
</kw>
<if>
<branch type="IF" condition="not ${running}">
<kw name="Check Result">
<arg>${result}</arg>
<status status="NOT RUN" starttime="20230720 12:44:28.542" endtime="20230720 12:44:28.542"/>
</kw>
<status status="NOT RUN" starttime="20230720 12:44:28.542" endtime="20230720 12:44:28.542"/>
</branch>
<branch type="ELSE">
<kw name="Take A Screenshot" library="ImageHorizonLibrary">
<doc>Takes a screenshot of the screen.</doc>
<msg timestamp="20230720 12:44:28.543" level="INFO" html="true">Screenshot taken: /Users/runner/work/rfswarm/rfswarm/Tests/Regression/Reporter/Logs/macos-latest_3.9/Reporter.GUIBasic-screenshot-5.png&lt;br/&gt;&lt;img src="/Users/runner/work/rfswarm/rfswarm/Tests/Regression/Reporter/Logs/macos-latest_3.9/Reporter.GUIBasic-screenshot-5.png" width="100%" /&gt;</msg>
<status status="PASS" starttime="20230720 12:44:28.542" endtime="20230720 12:44:28.886"/>
</kw>
<kw name="Terminate Process" library="Process">
<var>${result}</var>
<arg>${process}</arg>
<doc>Stops the process gracefully or forcefully.</doc>
<msg timestamp="20230720 12:44:28.887" level="INFO">Gracefully terminating process.</msg>
<msg timestamp="20230720 12:44:28.988" level="INFO">Process completed.</msg>
<msg timestamp="20230720 12:44:28.989" level="INFO">${result} = &lt;result object with rc 1&gt;</msg>
<status status="PASS" starttime="20230720 12:44:28.887" endtime="20230720 12:44:28.989"/>
</kw>
<kw name="Check Result">
<arg>${result}</arg>
<kw name="Log" library="BuiltIn">
<arg>${result.stderr}</arg>
<doc>Logs the given message with the given level.</doc>
<msg timestamp="20230720 12:44:28.995" level="INFO">Traceback (most recent call last):
  File "/Users/runner/work/rfswarm/rfswarm/rfswarm_reporter/rfswarm_reporter.py", line 7819, in &lt;module&gt;
    core = ReporterCore()
  File "/Users/runner/work/rfswarm/rfswarm/rfswarm_reporter/rfswarm_reporter.py", line 2489, in __init__
    base.gui = ReporterGUI()
  File "/Users/runner/work/rfswarm/rfswarm/rfswarm_reporter/rfswarm_reporter.py", line 4496, in __init__
    self.root = tk.Tk()
  File "/Users/runner/hostedtoolcache/Python/3.9.17/x64/lib/python3.9/tkinter/__init__.py", line 2272, in __init__
    self._loadtk()
  File "/Users/runner/hostedtoolcache/Python/3.9.17/x64/lib/python3.9/tkinter/__init__.py", line 2288, in _loadtk
    raise RuntimeError("tk.h version (%s) doesn't match libtk.a version (%s)"
RuntimeError: tk.h version (8.5) doesn't match libtk.a version (8.6)</msg>
<status status="PASS" starttime="20230720 12:44:28.992" endtime="20230720 12:44:28.995"/>
</kw>
<kw name="Should Not Contain" library="BuiltIn">
<arg>${result.stderr}</arg>
<arg>Traceback</arg>
<doc>Fails if ``container`` contains ``item`` one or more times.</doc>
<msg timestamp="20230720 12:44:28.998" level="FAIL">'Traceback (most recent call last):
  File "/Users/runner/work/rfswarm/rfswarm/rfswarm_reporter/rfswarm_reporter.py", line 7819, in &lt;module&gt;
    core = ReporterCore()
  File "/Users/runner/work/rfswarm/rfswarm/rfswarm_reporter/rfswarm_reporter.py", line 2489, in __init__
    base.gui = ReporterGUI()
  File "/Users/runner/work/rfswarm/rfswarm/rfswarm_reporter/rfswarm_reporter.py", line 4496, in __init__
    self.root = tk.Tk()
  File "/Users/runner/hostedtoolcache/Python/3.9.17/x64/lib/python3.9/tkinter/__init__.py", line 2272, in __init__
    self._loadtk()
  File "/Users/runner/hostedtoolcache/Python/3.9.17/x64/lib/python3.9/tkinter/__init__.py", line 2288, in _loadtk
    raise RuntimeError("tk.h version (%s) doesn't match libtk.a version (%s)"
RuntimeError: tk.h version (8.5) doesn't match libtk.a version (8.6)' contains 'Traceback'</msg>
<status status="FAIL" starttime="20230720 12:44:28.996" endtime="20230720 12:44:28.999"/>
</kw>
<kw name="Should Be Equal As Integers" library="BuiltIn">
<arg>${result.rc}</arg>
<arg>0</arg>
<doc>Fails if objects are unequal after converting them to integers.</doc>
<msg timestamp="20230720 12:44:29.002" level="INFO">Argument types are:
&lt;class 'int'&gt;
&lt;class 'str'&gt;</msg>
<msg timestamp="20230720 12:44:29.002" level="FAIL">1 != 0</msg>
<status status="FAIL" starttime="20230720 12:44:28.999" endtime="20230720 12:44:29.002"/>
</kw>
<status status="FAIL" starttime="20230720 12:44:28.990" endtime="20230720 12:44:29.003"/>
</kw>
<kw name="Fail" library="BuiltIn">
<arg>Had to Terminate Process</arg>
<doc>Fails the test with the given message and optionally alters its tags.</doc>
<msg timestamp="20230720 12:44:29.010" level="FAIL">Had to Terminate Process</msg>
<status status="FAIL" starttime="20230720 12:44:29.005" endtime="20230720 12:44:29.010"/>
</kw>
<status status="FAIL" starttime="20230720 12:44:28.542" endtime="20230720 12:44:29.011"/>
</branch>
<status status="FAIL" starttime="20230720 12:44:28.542" endtime="20230720 12:44:29.011"/>
</if>
<status status="FAIL" starttime="20230720 12:43:28.525" endtime="20230720 12:44:29.011"/>
</kw>
<status status="FAIL" starttime="20230720 12:43:26.940" endtime="20230720 12:44:29.012"/>
</kw>
<status status="FAIL" starttime="20230720 12:43:26.935" endtime="20230720 12:44:29.012"/>
</kw>
<status status="FAIL" starttime="20230720 12:43:26.934" endtime="20230720 12:44:29.012"/>
</branch>
<branch type="ELSE">
<kw name="Wait For Process" library="Process">
<var>${result}</var>
<arg>${process}</arg>
<arg>timeout=60</arg>
<doc>Waits for the process to complete or to reach the given timeout.</doc>
<status status="NOT RUN" starttime="20230720 12:44:29.013" endtime="20230720 12:44:29.013"/>
</kw>
<kw name="Check Result">
<arg>${result}</arg>
<status status="NOT RUN" starttime="20230720 12:44:29.014" endtime="20230720 12:44:29.014"/>
</kw>
<status status="NOT RUN" starttime="20230720 12:44:29.012" endtime="20230720 12:44:29.014"/>
</branch>
<status status="FAIL" starttime="20230720 12:43:26.934" endtime="20230720 12:44:29.014"/>
</if>
<status status="FAIL" starttime="20230720 12:43:26.933" endtime="20230720 12:44:29.014"/>
</branch>
<status status="FAIL" starttime="20230720 12:43:26.933" endtime="20230720 12:44:29.015"/>
</if>
<kw name="Set Suite Variable" library="BuiltIn">
<arg>$process</arg>
<arg>None</arg>
<doc>Makes a variable available everywhere within the scope of the current suite.</doc>
<msg timestamp="20230720 12:44:29.016" level="INFO">${process} = None</msg>
<status status="PASS" starttime="20230720 12:44:29.015" endtime="20230720 12:44:29.016"/>
</kw>
<kw name="Sleep" library="BuiltIn">
<arg>0.5</arg>
<doc>Pauses the test executed for the given time.</doc>
<msg timestamp="20230720 12:44:29.518" level="INFO">Slept 500 milliseconds</msg>
<status status="PASS" starttime="20230720 12:44:29.016" endtime="20230720 12:44:29.518"/>
</kw>
<status status="FAIL" starttime="20230720 12:43:26.932" endtime="20230720 12:44:29.518">Several failures occurred:

1) ImageNotFoundException: Reference image "/Users/runner/work/rfswarm/rfswarm/Tests/Regression/Reporter/Images/file_method/reporter_macos_button_closewindow.png" was not found on screen

2) 'Traceback (most recent call last):
  File "/Users/runner/work/rfswarm/rfswarm/rfswarm_reporter/rfswarm_reporter.py", line 7819, in &lt;module&gt;
    core = ReporterCore()
  File "/Users/runner/work/rfswarm/rfswarm/rfswarm_reporter/rfswarm_reporter.py", line 2489, in __init__
    base.gui = ReporterGUI()
  File "/Users/runner/work/rfswarm/rfswarm/rfswarm_reporter/rfswarm_reporter.py", line 4496, in __init__
    self.root = tk.Tk()
  File "/Users/runner/hostedtoolcache/Python/3.9.17/x64/lib/python3.9/tkinter/__init__.py", line 2272, in __init__
    self._loadtk()
  File "/Users/runner/hostedtoolcache/Python/3.9.17/x64/lib/python3.9/tkinter/__init__.py", line 2288, in _loadtk
    raise RuntimeError("tk.h version (%s) doesn't match libtk.a version (%s)"
RuntimeError: tk.h version (8.5) doesn't match libtk.a version (8.6)' contains 'Traceback'

3) 1 != 0

4) Had to Terminate Process</status>
</kw>
<tag>macos-latest</tag>
<tag>ubuntu-latest</tag>
<tag>windows-latest</tag>
<status status="FAIL" starttime="20230720 12:38:25.849" endtime="20230720 12:44:29.519">ImageNotFoundException: Reference image "/Users/runner/work/rfswarm/rfswarm/Tests/Regression/Reporter/Images/file_method/reporter_macos_status_previewloaded.png" was not found on screen

Also teardown failed:
Several failures occurred:

1) ImageNotFoundException: Reference image "/Users/runner/work/rfswarm/rfswarm/Tests/Regression/Reporter/Images/file_method/reporter_macos_button_closewindow.png" was not found on screen

2) 'Traceback (most recent call last):
  File "/Users/runner/work/rfswarm/rfswarm/rfswarm_reporter/rfswarm_reporter.py", line 7819, in &lt;module&gt;
    core = ReporterCore()
  File "/Users/runner/work/rfswarm/rfswarm/rfswarm_reporter/rfswarm_reporter.py", line 2489, in __init__
    base.gui = ReporterGUI()
  File "/Users/runner/work/rfswarm/rfswarm/rfswarm_reporter/rfswarm_reporter.py", line 4496, in __init__
    self.root = tk.Tk()
  File "/Users/runner/hostedtoolcache/Python/3.9.17/x64/lib/python3.9/tkinter/__init__.py", line 2272, in __init__
    self._loadtk()
  File "/Users/runner/hostedtoolcache/Python/3.9.17/x64/lib/python3.9/tkinter/__init__.py", line 2288, in _loadtk
    raise RuntimeError("tk.h version (%s) doesn't match libtk.a version (%s)"
RuntimeError: tk.h version (8.5) doesn't match libtk.a version (8.6)' contains 'Traceback'

3) 1 != 0

4) Had to Terminate Process</status>
</test>
<test id="s1-s2-t2" name="Select Preview Tab" line="25">
<kw name="Open GUI">
<kw name="Get Variables" library="BuiltIn">
<var>${var}</var>
<doc>Returns a dictionary containing all variables in the current scope.</doc>
<msg timestamp="20230720 12:44:29.521" level="INFO">${var} = {'${/}': '/', '${:}': ':', '${\\n}': '\n', '${DEBUG_FILE}': 'NONE', '${EXECDIR}': '/Users/runner/work/rfswarm/rfswarm', '${False}': False, '${IMAGE_DIR}': '/Users/runner/work/rfswarm/rfswarm/Tests/Reg...</msg>
<status status="PASS" starttime="20230720 12:44:29.520" endtime="20230720 12:44:29.521"/>
</kw>
<kw name="Log" library="BuiltIn">
<arg>${var}</arg>
<doc>Logs the given message with the given level.</doc>
<msg timestamp="20230720 12:44:29.521" level="INFO">{'${/}': '/', '${:}': ':', '${\\n}': '\n', '${DEBUG_FILE}': 'NONE', '${EXECDIR}': '/Users/runner/work/rfswarm/rfswarm', '${False}': False, '${IMAGE_DIR}': '/Users/runner/work/rfswarm/rfswarm/Tests/Regression/Reporter/Images/file_method', '${LOG_FILE}': '/Users/runner/work/rfswarm/rfswarm/Tests/Regression/Reporter/Logs/macos-latest_3.9/log.html', '${LOG_LEVEL}': 'INFO', '${None}': None, '${null}': None, '${OUTPUT_DIR}': '/Users/runner/work/rfswarm/rfswarm/Tests/Regression/Reporter/Logs/macos-latest_3.9', '${OUTPUT_FILE}': '/Users/runner/work/rfswarm/rfswarm/Tests/Regression/Reporter/Logs/macos-latest_3.9/output.xml', '${platform}': 'macos', '${PREV_TEST_MESSAGE}': 'ImageNotFoundException: Reference image "/Users/runner/work/rfswarm/rfswarm/Tests/Regression/Reporter/Images/file_method/reporter_macos_status_previewloaded.png" was not found on screen\n\nAlso teardown failed:\nSeveral failures occurred:\n\n1) ImageNotFoundException: Reference image "/Users/runner/work/rfswarm/rfswarm/Tests/Regression/Reporter/Images/file_method/reporter_macos_button_closewindow.png" was not found on screen\n\n2) \'Traceback (most recent call last):\n  File "/Users/runner/work/rfswarm/rfswarm/rfswarm_reporter/rfswarm_reporter.py", line 7819, in &lt;module&gt;\n    core = ReporterCore()\n  File "/Users/runner/work/rfswarm/rfswarm/rfswarm_reporter/rfswarm_reporter.py", line 2489, in __init__\n    base.gui = ReporterGUI()\n  File "/Users/runner/work/rfswarm/rfswarm/rfswarm_reporter/rfswarm_reporter.py", line 4496, in __init__\n    self.root = tk.Tk()\n  File "/Users/runner/hostedtoolcache/Python/3.9.17/x64/lib/python3.9/tkinter/__init__.py", line 2272, in __init__\n    self._loadtk()\n  File "/Users/runner/hostedtoolcache/Python/3.9.17/x64/lib/python3.9/tkinter/__init__.py", line 2288, in _loadtk\n    raise RuntimeError("tk.h version (%s) doesn\'t match libtk.a version (%s)"\nRuntimeError: tk.h version (8.5) doesn\'t match libtk.a version (8.6)\' contains \'Traceback\'\n\n3) 1 != 0\n\n4) Had to Terminate Process', '${PREV_TEST_NAME}': 'GUI Runs and Closes', '${PREV_TEST_STATUS}': 'FAIL', '${process}': 'None', '${pyfile}': '/Users/runner/work/rfswarm/rfswarm/rfswarm_reporter/rfswarm_reporter.py', '${REPORT_FILE}': '/Users/runner/work/rfswarm/rfswarm/Tests/Regression/Reporter/Logs/macos-latest_3.9/report.html', '${SPACE}': ' ', '${sssleep}': '0.5', '${SUITE_DOCUMENTATION}': '', '${SUITE_NAME}': 'Reporter.GUI Basic', '${SUITE_SOURCE}': '/Users/runner/work/rfswarm/rfswarm/Tests/Regression/Reporter/GUI_Basic.robot', '${TEMPDIR}': '/var/folders/24/8k48jl6d249_n_qfxwsl6xvm0000gn/T', '${TEST_DOCUMENTATION}': '', '${TEST_NAME}': 'Select Preview Tab', '${True}': True, '&amp;{OPTIONS}': {'include': ['macos-latest'], 'exclude': [], 'skip': [], 'skip_on_failure': []}, '&amp;{SUITE_METADATA}': Metadata(), '@{appargs}': [], '@{TEST_TAGS}': ['macos-latest', 'ubuntu-latest', 'windows-latest']}</msg>
<status status="PASS" starttime="20230720 12:44:29.521" endtime="20230720 12:44:29.521"/>
</kw>
<kw name="Get Platform">
<kw name="Create Dictionary" library="BuiltIn">
<var>&amp;{platforms}</var>
<arg>Linux=ubuntu</arg>
<arg>Darwin=macos</arg>
<arg>Java=notsupported</arg>
<arg>Windows=windows</arg>
<doc>Creates and returns a dictionary based on the given ``items``.</doc>
<msg timestamp="20230720 12:44:29.522" level="INFO">&amp;{platforms} = { Linux=ubuntu | Darwin=macos | Java=notsupported | Windows=windows }</msg>
<status status="PASS" starttime="20230720 12:44:29.522" endtime="20230720 12:44:29.522"/>
</kw>
<kw name="Evaluate" library="BuiltIn">
<var>${os}</var>
<arg>platform.system()</arg>
<arg>platform</arg>
<doc>Evaluates the given expression in Python and returns the result.</doc>
<msg timestamp="20230720 12:44:29.523" level="INFO">${os} = Darwin</msg>
<status status="PASS" starttime="20230720 12:44:29.523" endtime="20230720 12:44:29.523"/>
</kw>
<kw name="Set Suite Variable" library="BuiltIn">
<arg>${platform}</arg>
<arg>${platforms}[${os}]</arg>
<doc>Makes a variable available everywhere within the scope of the current suite.</doc>
<msg timestamp="20230720 12:44:29.523" level="INFO">${platform} = macos</msg>
<status status="PASS" starttime="20230720 12:44:29.523" endtime="20230720 12:44:29.524"/>
</kw>
<status status="PASS" starttime="20230720 12:44:29.522" endtime="20230720 12:44:29.524"/>
</kw>
<kw name="Set Variable" library="BuiltIn">
<var>${keyword}</var>
<arg>Open GUI ${platform}</arg>
<doc>Returns the given values which can then be assigned to a variables.</doc>
<msg timestamp="20230720 12:44:29.524" level="INFO">${keyword} = Open GUI macos</msg>
<status status="PASS" starttime="20230720 12:44:29.524" endtime="20230720 12:44:29.524"/>
</kw>
<kw name="Run Keyword" library="BuiltIn">
<arg>${keyword}</arg>
<arg>@{appargs}</arg>
<doc>Executes the given keyword with the given arguments.</doc>
<kw name="Open GUI macos">
<arg>@{appargs}</arg>
<kw name="Set Suite Variable" library="BuiltIn">
<arg>${platform}</arg>
<arg>macos</arg>
<doc>Makes a variable available everywhere within the scope of the current suite.</doc>
<msg timestamp="20230720 12:44:29.530" level="INFO">${platform} = macos</msg>
<status status="PASS" starttime="20230720 12:44:29.529" endtime="20230720 12:44:29.530"/>
</kw>
<kw name="Set Confidence" library="ImageHorizonLibrary">
<arg>0.9</arg>
<doc>Sets the accuracy when finding images.</doc>
<status status="PASS" starttime="20230720 12:44:29.530" endtime="20230720 12:44:29.530"/>
</kw>
<kw name="Start Process" library="Process">
<var>${process}</var>
<arg>python3</arg>
<arg>${pyfile}</arg>
<arg>-g</arg>
<arg>5</arg>
<arg>@{appargs}</arg>
<arg>alias=Reporter</arg>
<arg>stdout=${OUTPUT DIR}${/}stdout.txt</arg>
<arg>stderr=${OUTPUT DIR}${/}stderr.txt</arg>
<doc>Starts a new process on background.</doc>
<msg timestamp="20230720 12:44:29.531" level="INFO">Starting process:
python3 /Users/runner/work/rfswarm/rfswarm/rfswarm_reporter/rfswarm_reporter.py -g 5</msg>
<msg timestamp="20230720 12:44:29.538" level="INFO">${process} = &lt;Popen: returncode: None args: ['python3', '/Users/runner/work/rfswarm/rfswa...&gt;</msg>
<status status="PASS" starttime="20230720 12:44:29.530" endtime="20230720 12:44:29.539"/>
</kw>
<kw name="Set Suite Variable" library="BuiltIn">
<arg>$process</arg>
<arg>${process}</arg>
<doc>Makes a variable available everywhere within the scope of the current suite.</doc>
<msg timestamp="20230720 12:44:29.541" level="INFO">${process} = &lt;Popen: returncode: None args: ['python3', '/Users/runner/work/rfswarm/rfswa...&gt;</msg>
<status status="PASS" starttime="20230720 12:44:29.540" endtime="20230720 12:44:29.541"/>
</kw>
<kw name="Set Screenshot Folder" library="ImageHorizonLibrary">
<arg>${OUTPUT DIR}</arg>
<doc>Sets the folder where screenshots are saved to.</doc>
<status status="PASS" starttime="20230720 12:44:29.541" endtime="20230720 12:44:29.541"/>
</kw>
<kw name="Take A Screenshot" library="ImageHorizonLibrary">
<doc>Takes a screenshot of the screen.</doc>
<msg timestamp="20230720 12:44:29.542" level="INFO" html="true">Screenshot taken: /Users/runner/work/rfswarm/rfswarm/Tests/Regression/Reporter/Logs/macos-latest_3.9/Reporter.GUIBasic-screenshot-6.png&lt;br/&gt;&lt;img src="/Users/runner/work/rfswarm/rfswarm/Tests/Regression/Reporter/Logs/macos-latest_3.9/Reporter.GUIBasic-screenshot-6.png" width="100%" /&gt;</msg>
<status status="PASS" starttime="20230720 12:44:29.541" endtime="20230720 12:44:30.034"/>
</kw>
<status status="PASS" starttime="20230720 12:44:29.529" endtime="20230720 12:44:30.034"/>
</kw>
<status status="PASS" starttime="20230720 12:44:29.524" endtime="20230720 12:44:30.034"/>
</kw>
<status status="PASS" starttime="20230720 12:44:29.520" endtime="20230720 12:44:30.034"/>
</kw>
<kw name="Wait For Status">
<arg>PreviewLoaded</arg>
<kw name="Convert To Lower Case" library="String">
<var>${statusl}</var>
<arg>${status}</arg>
<doc>Converts string to lower case.</doc>
<msg timestamp="20230720 12:44:30.036" level="INFO">${statusl} = previewloaded</msg>
<status status="PASS" starttime="20230720 12:44:30.036" endtime="20230720 12:44:30.036"/>
</kw>
<kw name="Set Variable" library="BuiltIn">
<var>${img}</var>
<arg>reporter_${platform}_status_${statusl}.png</arg>
<doc>Returns the given values which can then be assigned to a variables.</doc>
<msg timestamp="20230720 12:44:30.036" level="INFO">${img} = reporter_macos_status_previewloaded.png</msg>
<status status="PASS" starttime="20230720 12:44:30.036" endtime="20230720 12:44:30.036"/>
</kw>
<kw name="Log" library="BuiltIn">
<arg>/Users/runner/work/rfswarm/rfswarm/Tests/Regression/Reporter</arg>
<doc>Logs the given message with the given level.</doc>
<msg timestamp="20230720 12:44:30.037" level="INFO">/Users/runner/work/rfswarm/rfswarm/Tests/Regression/Reporter</msg>
<status status="PASS" starttime="20230720 12:44:30.037" endtime="20230720 12:44:30.037"/>
</kw>
<kw name="Log" library="BuiltIn">
<arg>${IMAGE_DIR}</arg>
<doc>Logs the given message with the given level.</doc>
<msg timestamp="20230720 12:44:30.037" level="INFO">/Users/runner/work/rfswarm/rfswarm/Tests/Regression/Reporter/Images/file_method</msg>
<status status="PASS" starttime="20230720 12:44:30.037" endtime="20230720 12:44:30.037"/>
</kw>
<kw name="Wait For" library="ImageHorizonLibrary">
<arg>${img}</arg>
<arg>timeout=${timeout}</arg>
<doc>Tries to locate given image from the screen for given time.</doc>
<kw name="Take A Screenshot" library="ImageHorizonLibrary">
<doc>Takes a screenshot of the screen.</doc>
<msg timestamp="20230720 12:49:30.447" level="INFO" html="true">Screenshot taken: /Users/runner/work/rfswarm/rfswarm/Tests/Regression/Reporter/Logs/macos-latest_3.9/Reporter.GUIBasic-screenshot-7.png&lt;br/&gt;&lt;img src="/Users/runner/work/rfswarm/rfswarm/Tests/Regression/Reporter/Logs/macos-latest_3.9/Reporter.GUIBasic-screenshot-7.png" width="100%" /&gt;</msg>
<status status="PASS" starttime="20230720 12:49:30.446" endtime="20230720 12:49:30.729"/>
</kw>
<msg timestamp="20230720 12:49:30.730" level="FAIL">ImageNotFoundException: Reference image "/Users/runner/work/rfswarm/rfswarm/Tests/Regression/Reporter/Images/file_method/reporter_macos_status_previewloaded.png" was not found on screen</msg>
<status status="FAIL" starttime="20230720 12:44:30.037" endtime="20230720 12:49:30.730"/>
</kw>
<kw name="Sleep" library="BuiltIn">
<arg>${sssleep}</arg>
<doc>Pauses the test executed for the given time.</doc>
<status status="NOT RUN" starttime="20230720 12:49:30.731" endtime="20230720 12:49:30.731"/>
</kw>
<kw name="Take A Screenshot" library="ImageHorizonLibrary">
<doc>Takes a screenshot of the screen.</doc>
<status status="NOT RUN" starttime="20230720 12:49:30.731" endtime="20230720 12:49:30.731"/>
</kw>
<status status="FAIL" starttime="20230720 12:44:30.035" endtime="20230720 12:49:30.731"/>
</kw>
<kw name="Click Tab">
<arg>Preview</arg>
<status status="NOT RUN" starttime="20230720 12:49:30.732" endtime="20230720 12:49:30.732"/>
</kw>
<kw name="Close GUI" type="TEARDOWN">
<kw name="Set Variable" library="BuiltIn">
<var>${keyword}</var>
<arg>Close GUI ${platform}</arg>
<doc>Returns the given values which can then be assigned to a variables.</doc>
<msg timestamp="20230720 12:49:30.733" level="INFO">${keyword} = Close GUI macos</msg>
<status status="PASS" starttime="20230720 12:49:30.733" endtime="20230720 12:49:30.733"/>
</kw>
<if>
<branch type="IF" condition="${process}">
<kw name="Is Process Running" library="Process">
<var>${running}</var>
<arg>${process}</arg>
<doc>Checks is the process running or not.</doc>
<msg timestamp="20230720 12:49:30.735" level="INFO">${running} = True</msg>
<status status="PASS" starttime="20230720 12:49:30.734" endtime="20230720 12:49:30.735"/>
</kw>
<if>
<branch type="IF" condition="${running}">
<kw name="Run Keyword" library="BuiltIn">
<arg>${keyword}</arg>
<doc>Executes the given keyword with the given arguments.</doc>
<kw name="Close GUI macos">
<kw name="Click Image" library="ImageHorizonLibrary">
<arg>reporter_${platform}_button_closewindow.png</arg>
<doc>Finds the reference image on screen and clicks it once.</doc>
<msg timestamp="20230720 12:49:31.145" level="INFO">Image "/Users/runner/work/rfswarm/rfswarm/Tests/Regression/Reporter/Images/file_method/reporter_macos_button_closewindow.png" was not found on screen.</msg>
<kw name="Take A Screenshot" library="ImageHorizonLibrary">
<doc>Takes a screenshot of the screen.</doc>
<msg timestamp="20230720 12:49:31.147" level="INFO" html="true">Screenshot taken: /Users/runner/work/rfswarm/rfswarm/Tests/Regression/Reporter/Logs/macos-latest_3.9/Reporter.GUIBasic-screenshot-8.png&lt;br/&gt;&lt;img src="/Users/runner/work/rfswarm/rfswarm/Tests/Regression/Reporter/Logs/macos-latest_3.9/Reporter.GUIBasic-screenshot-8.png" width="100%" /&gt;</msg>
<status status="PASS" starttime="20230720 12:49:31.146" endtime="20230720 12:49:31.436"/>
</kw>
<msg timestamp="20230720 12:49:31.437" level="FAIL">ImageNotFoundException: Reference image "/Users/runner/work/rfswarm/rfswarm/Tests/Regression/Reporter/Images/file_method/reporter_macos_button_closewindow.png" was not found on screen</msg>
<status status="FAIL" starttime="20230720 12:49:30.741" endtime="20230720 12:49:31.437"/>
</kw>
<kw name="Take A Screenshot" library="ImageHorizonLibrary">
<doc>Takes a screenshot of the screen.</doc>
<msg timestamp="20230720 12:49:31.438" level="INFO" html="true">Screenshot taken: /Users/runner/work/rfswarm/rfswarm/Tests/Regression/Reporter/Logs/macos-latest_3.9/Reporter.GUIBasic-screenshot-9.png&lt;br/&gt;&lt;img src="/Users/runner/work/rfswarm/rfswarm/Tests/Regression/Reporter/Logs/macos-latest_3.9/Reporter.GUIBasic-screenshot-9.png" width="100%" /&gt;</msg>
<status status="PASS" starttime="20230720 12:49:31.437" endtime="20230720 12:49:31.723"/>
</kw>
<kw name="Sleep" library="BuiltIn">
<arg>0.5</arg>
<doc>Pauses the test executed for the given time.</doc>
<msg timestamp="20230720 12:49:32.226" level="INFO">Slept 500 milliseconds</msg>
<status status="PASS" starttime="20230720 12:49:31.724" endtime="20230720 12:49:32.226"/>
</kw>
<kw name="End Process If Still Running">
<kw name="Wait For Process" library="Process">
<var>${result}</var>
<arg>${process}</arg>
<arg>timeout=60</arg>
<doc>Waits for the process to complete or to reach the given timeout.</doc>
<msg timestamp="20230720 12:49:32.228" level="INFO">Waiting for process to complete.</msg>
<msg timestamp="20230720 12:50:32.228" level="INFO">Process did not complete in 1 minute.</msg>
<msg timestamp="20230720 12:50:32.228" level="INFO">Leaving process intact.</msg>
<msg timestamp="20230720 12:50:32.229" level="INFO">${result} = None</msg>
<status status="PASS" starttime="20230720 12:49:32.227" endtime="20230720 12:50:32.229"/>
</kw>
<kw name="Is Process Running" library="Process">
<var>${running}</var>
<arg>${process}</arg>
<doc>Checks is the process running or not.</doc>
<msg timestamp="20230720 12:50:32.229" level="INFO">${running} = True</msg>
<status status="PASS" starttime="20230720 12:50:32.229" endtime="20230720 12:50:32.229"/>
</kw>
<if>
<branch type="IF" condition="not ${running}">
<kw name="Check Result">
<arg>${result}</arg>
<status status="NOT RUN" starttime="20230720 12:50:32.230" endtime="20230720 12:50:32.230"/>
</kw>
<status status="NOT RUN" starttime="20230720 12:50:32.230" endtime="20230720 12:50:32.230"/>
</branch>
<branch type="ELSE">
<kw name="Take A Screenshot" library="ImageHorizonLibrary">
<doc>Takes a screenshot of the screen.</doc>
<msg timestamp="20230720 12:50:32.231" level="INFO" html="true">Screenshot taken: /Users/runner/work/rfswarm/rfswarm/Tests/Regression/Reporter/Logs/macos-latest_3.9/Reporter.GUIBasic-screenshot-10.png&lt;br/&gt;&lt;img src="/Users/runner/work/rfswarm/rfswarm/Tests/Regression/Reporter/Logs/macos-latest_3.9/Reporter.GUIBasic-screenshot-10.png" width="100%" /&gt;</msg>
<status status="PASS" starttime="20230720 12:50:32.230" endtime="20230720 12:50:32.521"/>
</kw>
<kw name="Terminate Process" library="Process">
<var>${result}</var>
<arg>${process}</arg>
<doc>Stops the process gracefully or forcefully.</doc>
<msg timestamp="20230720 12:50:32.522" level="INFO">Gracefully terminating process.</msg>
<msg timestamp="20230720 12:50:32.638" level="INFO">Process completed.</msg>
<msg timestamp="20230720 12:50:32.639" level="INFO">${result} = &lt;result object with rc 1&gt;</msg>
<status status="PASS" starttime="20230720 12:50:32.522" endtime="20230720 12:50:32.639"/>
</kw>
<kw name="Check Result">
<arg>${result}</arg>
<kw name="Log" library="BuiltIn">
<arg>${result.stderr}</arg>
<doc>Logs the given message with the given level.</doc>
<msg timestamp="20230720 12:50:32.644" level="INFO">Traceback (most recent call last):
  File "/Users/runner/work/rfswarm/rfswarm/rfswarm_reporter/rfswarm_reporter.py", line 7819, in &lt;module&gt;
    core = ReporterCore()
  File "/Users/runner/work/rfswarm/rfswarm/rfswarm_reporter/rfswarm_reporter.py", line 2489, in __init__
    base.gui = ReporterGUI()
  File "/Users/runner/work/rfswarm/rfswarm/rfswarm_reporter/rfswarm_reporter.py", line 4496, in __init__
    self.root = tk.Tk()
  File "/Users/runner/hostedtoolcache/Python/3.9.17/x64/lib/python3.9/tkinter/__init__.py", line 2272, in __init__
    self._loadtk()
  File "/Users/runner/hostedtoolcache/Python/3.9.17/x64/lib/python3.9/tkinter/__init__.py", line 2288, in _loadtk
    raise RuntimeError("tk.h version (%s) doesn't match libtk.a version (%s)"
RuntimeError: tk.h version (8.5) doesn't match libtk.a version (8.6)</msg>
<status status="PASS" starttime="20230720 12:50:32.641" endtime="20230720 12:50:32.645"/>
</kw>
<kw name="Should Not Contain" library="BuiltIn">
<arg>${result.stderr}</arg>
<arg>Traceback</arg>
<doc>Fails if ``container`` contains ``item`` one or more times.</doc>
<msg timestamp="20230720 12:50:32.647" level="FAIL">'Traceback (most recent call last):
  File "/Users/runner/work/rfswarm/rfswarm/rfswarm_reporter/rfswarm_reporter.py", line 7819, in &lt;module&gt;
    core = ReporterCore()
  File "/Users/runner/work/rfswarm/rfswarm/rfswarm_reporter/rfswarm_reporter.py", line 2489, in __init__
    base.gui = ReporterGUI()
  File "/Users/runner/work/rfswarm/rfswarm/rfswarm_reporter/rfswarm_reporter.py", line 4496, in __init__
    self.root = tk.Tk()
  File "/Users/runner/hostedtoolcache/Python/3.9.17/x64/lib/python3.9/tkinter/__init__.py", line 2272, in __init__
    self._loadtk()
  File "/Users/runner/hostedtoolcache/Python/3.9.17/x64/lib/python3.9/tkinter/__init__.py", line 2288, in _loadtk
    raise RuntimeError("tk.h version (%s) doesn't match libtk.a version (%s)"
RuntimeError: tk.h version (8.5) doesn't match libtk.a version (8.6)' contains 'Traceback'</msg>
<status status="FAIL" starttime="20230720 12:50:32.645" endtime="20230720 12:50:32.647"/>
</kw>
<kw name="Should Be Equal As Integers" library="BuiltIn">
<arg>${result.rc}</arg>
<arg>0</arg>
<doc>Fails if objects are unequal after converting them to integers.</doc>
<msg timestamp="20230720 12:50:32.650" level="INFO">Argument types are:
&lt;class 'int'&gt;
&lt;class 'str'&gt;</msg>
<msg timestamp="20230720 12:50:32.651" level="FAIL">1 != 0</msg>
<status status="FAIL" starttime="20230720 12:50:32.648" endtime="20230720 12:50:32.651"/>
</kw>
<status status="FAIL" starttime="20230720 12:50:32.640" endtime="20230720 12:50:32.651"/>
</kw>
<kw name="Fail" library="BuiltIn">
<arg>Had to Terminate Process</arg>
<doc>Fails the test with the given message and optionally alters its tags.</doc>
<msg timestamp="20230720 12:50:32.653" level="FAIL">Had to Terminate Process</msg>
<status status="FAIL" starttime="20230720 12:50:32.652" endtime="20230720 12:50:32.653"/>
</kw>
<status status="FAIL" starttime="20230720 12:50:32.230" endtime="20230720 12:50:32.653"/>
</branch>
<status status="FAIL" starttime="20230720 12:50:32.229" endtime="20230720 12:50:32.653"/>
</if>
<status status="FAIL" starttime="20230720 12:49:32.227" endtime="20230720 12:50:32.654"/>
</kw>
<status status="FAIL" starttime="20230720 12:49:30.741" endtime="20230720 12:50:32.655"/>
</kw>
<status status="FAIL" starttime="20230720 12:49:30.735" endtime="20230720 12:50:32.655"/>
</kw>
<status status="FAIL" starttime="20230720 12:49:30.735" endtime="20230720 12:50:32.655"/>
</branch>
<branch type="ELSE">
<kw name="Wait For Process" library="Process">
<var>${result}</var>
<arg>${process}</arg>
<arg>timeout=60</arg>
<doc>Waits for the process to complete or to reach the given timeout.</doc>
<status status="NOT RUN" starttime="20230720 12:50:32.656" endtime="20230720 12:50:32.656"/>
</kw>
<kw name="Check Result">
<arg>${result}</arg>
<status status="NOT RUN" starttime="20230720 12:50:32.657" endtime="20230720 12:50:32.657"/>
</kw>
<status status="NOT RUN" starttime="20230720 12:50:32.656" endtime="20230720 12:50:32.657"/>
</branch>
<status status="FAIL" starttime="20230720 12:49:30.735" endtime="20230720 12:50:32.657"/>
</if>
<status status="FAIL" starttime="20230720 12:49:30.733" endtime="20230720 12:50:32.657"/>
</branch>
<status status="FAIL" starttime="20230720 12:49:30.733" endtime="20230720 12:50:32.657"/>
</if>
<kw name="Set Suite Variable" library="BuiltIn">
<arg>$process</arg>
<arg>None</arg>
<doc>Makes a variable available everywhere within the scope of the current suite.</doc>
<msg timestamp="20230720 12:50:32.659" level="INFO">${process} = None</msg>
<status status="PASS" starttime="20230720 12:50:32.658" endtime="20230720 12:50:32.659"/>
</kw>
<kw name="Sleep" library="BuiltIn">
<arg>0.5</arg>
<doc>Pauses the test executed for the given time.</doc>
[...]
<arg>${IMAGE_DIR}</arg>
<doc>Logs the given message with the given level.</doc>
<msg timestamp="20230720 12:56:36.634" level="INFO">/Users/runner/work/rfswarm/rfswarm/Tests/Regression/Reporter/Images/file_method</msg>
<status status="PASS" starttime="20230720 12:56:36.633" endtime="20230720 12:56:36.634"/>
</kw>
<kw name="Wait For" library="ImageHorizonLibrary">
<arg>${img}</arg>
<arg>timeout=${timeout}</arg>
<doc>Tries to locate given image from the screen for given time.</doc>
<kw name="Take A Screenshot" library="ImageHorizonLibrary">
<doc>Takes a screenshot of the screen.</doc>
<msg timestamp="20230720 13:01:36.768" level="INFO" html="true">Screenshot taken: /Users/runner/work/rfswarm/rfswarm/Tests/Regression/Reporter/Logs/macos-latest_3.9/Reporter.GUIBasic-screenshot-17.png&lt;br/&gt;&lt;img src="/Users/runner/work/rfswarm/rfswarm/Tests/Regression/Reporter/Logs/macos-latest_3.9/Reporter.GUIBasic-screenshot-17.png" width="100%" /&gt;</msg>
<status status="PASS" starttime="20230720 13:01:36.767" endtime="20230720 13:01:37.052"/>
</kw>
<msg timestamp="20230720 13:01:37.053" level="FAIL">ImageNotFoundException: Reference image "/Users/runner/work/rfswarm/rfswarm/Tests/Regression/Reporter/Images/file_method/reporter_macos_status_previewloaded.png" was not found on screen</msg>
<status status="FAIL" starttime="20230720 12:56:36.634" endtime="20230720 13:01:37.053"/>
</kw>
<kw name="Sleep" library="BuiltIn">
<arg>${sssleep}</arg>
<doc>Pauses the test executed for the given time.</doc>
<status status="NOT RUN" starttime="20230720 13:01:37.054" endtime="20230720 13:01:37.054"/>
</kw>
<kw name="Take A Screenshot" library="ImageHorizonLibrary">
<doc>Takes a screenshot of the screen.</doc>
<status status="NOT RUN" starttime="20230720 13:01:37.054" endtime="20230720 13:01:37.054"/>
</kw>
<status status="FAIL" starttime="20230720 12:56:36.631" endtime="20230720 13:01:37.054"/>
</kw>
<kw name="Click Section">
<arg>Report</arg>
<status status="NOT RUN" starttime="20230720 13:01:37.055" endtime="20230720 13:01:37.055"/>
</kw>
<kw name="Take A Screenshot" library="ImageHorizonLibrary">
<doc>Takes a screenshot of the screen.</doc>
<status status="NOT RUN" starttime="20230720 13:01:37.055" endtime="20230720 13:01:37.055"/>
</kw>
<kw name="Click Button">
<arg>AddSection</arg>
<status status="NOT RUN" starttime="20230720 13:01:37.055" endtime="20230720 13:01:37.055"/>
</kw>
<kw name="Click To The Below Of Image" library="ImageHorizonLibrary">
<arg>reporter_${platform}_label_sectionname.png</arg>
<arg>20</arg>
<doc>Clicks below of reference image by given offset.</doc>
<status status="NOT RUN" starttime="20230720 13:01:37.055" endtime="20230720 13:01:37.055"/>
</kw>
<kw name="Type" library="ImageHorizonLibrary">
<arg>Issue #149</arg>
<doc>Type text and keyboard keys.</doc>
<status status="NOT RUN" starttime="20230720 13:01:37.055" endtime="20230720 13:01:37.055"/>
</kw>
<kw name="Click Button">
<arg>OK</arg>
<status status="NOT RUN" starttime="20230720 13:01:37.055" endtime="20230720 13:01:37.055"/>
</kw>
<kw name="Take A Screenshot" library="ImageHorizonLibrary">
<doc>Takes a screenshot of the screen.</doc>
<status status="NOT RUN" starttime="20230720 13:01:37.056" endtime="20230720 13:01:37.056"/>
</kw>
<kw name="Click Section">
<arg>Issue#149</arg>
<status status="NOT RUN" starttime="20230720 13:01:37.056" endtime="20230720 13:01:37.056"/>
</kw>
<kw name="Select Field With Label">
<arg>Type</arg>
<status status="NOT RUN" starttime="20230720 13:01:37.056" endtime="20230720 13:01:37.056"/>
</kw>
<kw name="Select Option">
<arg>DataTable</arg>
<status status="NOT RUN" starttime="20230720 13:01:37.056" endtime="20230720 13:01:37.056"/>
</kw>
<kw name="Run Keyword And Continue On Failure" library="BuiltIn">
<arg>Wait For Status</arg>
<arg>PreviewLoaded</arg>
<doc>Runs the keyword and continues execution even if a failure occurs.</doc>
<status status="NOT RUN" starttime="20230720 13:01:37.056" endtime="20230720 13:01:37.056"/>
</kw>
<kw name="Select Field With Label">
<arg>ShowGraphColours</arg>
<status status="NOT RUN" starttime="20230720 13:01:37.056" endtime="20230720 13:01:37.057"/>
</kw>
<kw name="Select Field With Label">
<arg>DataType</arg>
<status status="NOT RUN" starttime="20230720 13:01:37.057" endtime="20230720 13:01:37.057"/>
</kw>
<kw name="Select Option">
<arg>Result</arg>
<status status="NOT RUN" starttime="20230720 13:01:37.057" endtime="20230720 13:01:37.057"/>
</kw>
<kw name="Select Field With Label">
<arg>ResultType</arg>
<status status="NOT RUN" starttime="20230720 13:01:37.057" endtime="20230720 13:01:37.057"/>
</kw>
<kw name="Select Option">
<arg>ResponseTime</arg>
<status status="NOT RUN" starttime="20230720 13:01:37.057" endtime="20230720 13:01:37.057"/>
</kw>
<kw name="Run Keyword And Continue On Failure" library="BuiltIn">
<arg>Wait For Status</arg>
<arg>PreviewLoaded</arg>
<doc>Runs the keyword and continues execution even if a failure occurs.</doc>
<status status="NOT RUN" starttime="20230720 13:01:37.057" endtime="20230720 13:01:37.057"/>
</kw>
<kw name="Click Button">
<arg>GenerateHTML</arg>
<status status="NOT RUN" starttime="20230720 13:01:37.057" endtime="20230720 13:01:37.058"/>
</kw>
<kw name="Wait For Status">
<arg>SavedXHTMLReport</arg>
<status status="NOT RUN" starttime="20230720 13:01:37.058" endtime="20230720 13:01:37.058"/>
</kw>
<kw name="Close GUI" type="TEARDOWN">
<kw name="Set Variable" library="BuiltIn">
<var>${keyword}</var>
<arg>Close GUI ${platform}</arg>
<doc>Returns the given values which can then be assigned to a variables.</doc>
<msg timestamp="20230720 13:01:37.059" level="INFO">${keyword} = Close GUI macos</msg>
<status status="PASS" starttime="20230720 13:01:37.059" endtime="20230720 13:01:37.059"/>
</kw>
<if>
<branch type="IF" condition="${process}">
<kw name="Is Process Running" library="Process">
<var>${running}</var>
<arg>${process}</arg>
<doc>Checks is the process running or not.</doc>
<msg timestamp="20230720 13:01:37.060" level="INFO">${running} = True</msg>
<status status="PASS" starttime="20230720 13:01:37.060" endtime="20230720 13:01:37.060"/>
</kw>
<if>
<branch type="IF" condition="${running}">
<kw name="Run Keyword" library="BuiltIn">
<arg>${keyword}</arg>
<doc>Executes the given keyword with the given arguments.</doc>
<kw name="Close GUI macos">
<kw name="Click Image" library="ImageHorizonLibrary">
<arg>reporter_${platform}_button_closewindow.png</arg>
<doc>Finds the reference image on screen and clicks it once.</doc>
<msg timestamp="20230720 13:01:37.489" level="INFO">Image "/Users/runner/work/rfswarm/rfswarm/Tests/Regression/Reporter/Images/file_method/reporter_macos_button_closewindow.png" was not found on screen.</msg>
<kw name="Take A Screenshot" library="ImageHorizonLibrary">
<doc>Takes a screenshot of the screen.</doc>
<msg timestamp="20230720 13:01:37.490" level="INFO" html="true">Screenshot taken: /Users/runner/work/rfswarm/rfswarm/Tests/Regression/Reporter/Logs/macos-latest_3.9/Reporter.GUIBasic-screenshot-18.png&lt;br/&gt;&lt;img src="/Users/runner/work/rfswarm/rfswarm/Tests/Regression/Reporter/Logs/macos-latest_3.9/Reporter.GUIBasic-screenshot-18.png" width="100%" /&gt;</msg>
<status status="PASS" starttime="20230720 13:01:37.490" endtime="20230720 13:01:37.778"/>
</kw>
<msg timestamp="20230720 13:01:37.779" level="FAIL">ImageNotFoundException: Reference image "/Users/runner/work/rfswarm/rfswarm/Tests/Regression/Reporter/Images/file_method/reporter_macos_button_closewindow.png" was not found on screen</msg>
<status status="FAIL" starttime="20230720 13:01:37.066" endtime="20230720 13:01:37.779"/>
</kw>
<kw name="Take A Screenshot" library="ImageHorizonLibrary">
<doc>Takes a screenshot of the screen.</doc>
<msg timestamp="20230720 13:01:37.780" level="INFO" html="true">Screenshot taken: /Users/runner/work/rfswarm/rfswarm/Tests/Regression/Reporter/Logs/macos-latest_3.9/Reporter.GUIBasic-screenshot-19.png&lt;br/&gt;&lt;img src="/Users/runner/work/rfswarm/rfswarm/Tests/Regression/Reporter/Logs/macos-latest_3.9/Reporter.GUIBasic-screenshot-19.png" width="100%" /&gt;</msg>
<status status="PASS" starttime="20230720 13:01:37.780" endtime="20230720 13:01:38.085"/>
</kw>
<kw name="Sleep" library="BuiltIn">
<arg>0.5</arg>
<doc>Pauses the test executed for the given time.</doc>
<msg timestamp="20230720 13:01:38.601" level="INFO">Slept 500 milliseconds</msg>
<status status="PASS" starttime="20230720 13:01:38.086" endtime="20230720 13:01:38.601"/>
</kw>
<kw name="End Process If Still Running">
<kw name="Wait For Process" library="Process">
<var>${result}</var>
<arg>${process}</arg>
<arg>timeout=60</arg>
<doc>Waits for the process to complete or to reach the given timeout.</doc>
<msg timestamp="20230720 13:01:38.602" level="INFO">Waiting for process to complete.</msg>
<msg timestamp="20230720 13:02:38.704" level="INFO">Process did not complete in 1 minute.</msg>
<msg timestamp="20230720 13:02:38.705" level="INFO">Leaving process intact.</msg>
<msg timestamp="20230720 13:02:38.705" level="INFO">${result} = None</msg>
<status status="PASS" starttime="20230720 13:01:38.602" endtime="20230720 13:02:38.705"/>
</kw>
<kw name="Is Process Running" library="Process">
<var>${running}</var>
<arg>${process}</arg>
<doc>Checks is the process running or not.</doc>
<msg timestamp="20230720 13:02:38.706" level="INFO">${running} = True</msg>
<status status="PASS" starttime="20230720 13:02:38.705" endtime="20230720 13:02:38.706"/>
</kw>
<if>
<branch type="IF" condition="not ${running}">
<kw name="Check Result">
<arg>${result}</arg>
<status status="NOT RUN" starttime="20230720 13:02:38.706" endtime="20230720 13:02:38.706"/>
</kw>
<status status="NOT RUN" starttime="20230720 13:02:38.706" endtime="20230720 13:02:38.706"/>
</branch>
<branch type="ELSE">
<kw name="Take A Screenshot" library="ImageHorizonLibrary">
<doc>Takes a screenshot of the screen.</doc>
<msg timestamp="20230720 13:02:38.707" level="INFO" html="true">Screenshot taken: /Users/runner/work/rfswarm/rfswarm/Tests/Regression/Reporter/Logs/macos-latest_3.9/Reporter.GUIBasic-screenshot-20.png&lt;br/&gt;&lt;img src="/Users/runner/work/rfswarm/rfswarm/Tests/Regression/Reporter/Logs/macos-latest_3.9/Reporter.GUIBasic-screenshot-20.png" width="100%" /&gt;</msg>
<status status="PASS" starttime="20230720 13:02:38.707" endtime="20230720 13:02:39.012"/>
</kw>
<kw name="Terminate Process" library="Process">
<var>${result}</var>
<arg>${process}</arg>
<doc>Stops the process gracefully or forcefully.</doc>
<msg timestamp="20230720 13:02:39.014" level="INFO">Gracefully terminating process.</msg>
<msg timestamp="20230720 13:02:39.257" level="INFO">Process completed.</msg>
<msg timestamp="20230720 13:02:39.258" level="INFO">${result} = &lt;result object with rc 1&gt;</msg>
<status status="PASS" starttime="20230720 13:02:39.013" endtime="20230720 13:02:39.258"/>
</kw>
<kw name="Check Result">
<arg>${result}</arg>
<kw name="Log" library="BuiltIn">
<arg>${result.stderr}</arg>
<doc>Logs the given message with the given level.</doc>
<msg timestamp="20230720 13:02:39.264" level="INFO">Traceback (most recent call last):
  File "/Users/runner/work/rfswarm/rfswarm/rfswarm_reporter/rfswarm_reporter.py", line 7819, in &lt;module&gt;
    core = ReporterCore()
  File "/Users/runner/work/rfswarm/rfswarm/rfswarm_reporter/rfswarm_reporter.py", line 2489, in __init__
    base.gui = ReporterGUI()
  File "/Users/runner/work/rfswarm/rfswarm/rfswarm_reporter/rfswarm_reporter.py", line 4496, in __init__
    self.root = tk.Tk()
  File "/Users/runner/hostedtoolcache/Python/3.9.17/x64/lib/python3.9/tkinter/__init__.py", line 2272, in __init__
    self._loadtk()
  File "/Users/runner/hostedtoolcache/Python/3.9.17/x64/lib/python3.9/tkinter/__init__.py", line 2288, in _loadtk
    raise RuntimeError("tk.h version (%s) doesn't match libtk.a version (%s)"
RuntimeError: tk.h version (8.5) doesn't match libtk.a version (8.6)</msg>
<status status="PASS" starttime="20230720 13:02:39.261" endtime="20230720 13:02:39.264"/>
</kw>
<kw name="Should Not Contain" library="BuiltIn">
<arg>${result.stderr}</arg>
<arg>Traceback</arg>
<doc>Fails if ``container`` contains ``item`` one or more times.</doc>
<msg timestamp="20230720 13:02:39.267" level="FAIL">'Traceback (most recent call last):
  File "/Users/runner/work/rfswarm/rfswarm/rfswarm_reporter/rfswarm_reporter.py", line 7819, in &lt;module&gt;
    core = ReporterCore()
  File "/Users/runner/work/rfswarm/rfswarm/rfswarm_reporter/rfswarm_reporter.py", line 2489, in __init__
    base.gui = ReporterGUI()
  File "/Users/runner/work/rfswarm/rfswarm/rfswarm_reporter/rfswarm_reporter.py", line 4496, in __init__
    self.root = tk.Tk()
  File "/Users/runner/hostedtoolcache/Python/3.9.17/x64/lib/python3.9/tkinter/__init__.py", line 2272, in __init__
    self._loadtk()
  File "/Users/runner/hostedtoolcache/Python/3.9.17/x64/lib/python3.9/tkinter/__init__.py", line 2288, in _loadtk
    raise RuntimeError("tk.h version (%s) doesn't match libtk.a version (%s)"
RuntimeError: tk.h version (8.5) doesn't match libtk.a version (8.6)' contains 'Traceback'</msg>
<status status="FAIL" starttime="20230720 13:02:39.264" endtime="20230720 13:02:39.268"/>
</kw>
<kw name="Should Be Equal As Integers" library="BuiltIn">
<arg>${result.rc}</arg>
<arg>0</arg>
<doc>Fails if objects are unequal after converting them to integers.</doc>
<msg timestamp="20230720 13:02:39.270" level="INFO">Argument types are:
&lt;class 'int'&gt;
&lt;class 'str'&gt;</msg>
<msg timestamp="20230720 13:02:39.271" level="FAIL">1 != 0</msg>
<status status="FAIL" starttime="20230720 13:02:39.268" endtime="20230720 13:02:39.271"/>
</kw>
<status status="FAIL" starttime="20230720 13:02:39.258" endtime="20230720 13:02:39.272"/>
</kw>
<kw name="Fail" library="BuiltIn">
<arg>Had to Terminate Process</arg>
<doc>Fails the test with the given message and optionally alters its tags.</doc>
<msg timestamp="20230720 13:02:39.273" level="FAIL">Had to Terminate Process</msg>
<status status="FAIL" starttime="20230720 13:02:39.273" endtime="20230720 13:02:39.273"/>
</kw>
<status status="FAIL" starttime="20230720 13:02:38.707" endtime="20230720 13:02:39.274"/>
</branch>
<status status="FAIL" starttime="20230720 13:02:38.706" endtime="20230720 13:02:39.274"/>
</if>
<status status="FAIL" starttime="20230720 13:01:38.601" endtime="20230720 13:02:39.274"/>
</kw>
<status status="FAIL" starttime="20230720 13:01:37.066" endtime="20230720 13:02:39.275"/>
</kw>
<status status="FAIL" starttime="20230720 13:01:37.060" endtime="20230720 13:02:39.275"/>
</kw>
<status status="FAIL" starttime="20230720 13:01:37.060" endtime="20230720 13:02:39.275"/>
</branch>
<branch type="ELSE">
<kw name="Wait For Process" library="Process">
<var>${result}</var>
<arg>${process}</arg>
<arg>timeout=60</arg>
<doc>Waits for the process to complete or to reach the given timeout.</doc>
<status status="NOT RUN" starttime="20230720 13:02:39.276" endtime="20230720 13:02:39.276"/>
</kw>
<kw name="Check Result">
<arg>${result}</arg>
<status status="NOT RUN" starttime="20230720 13:02:39.276" endtime="20230720 13:02:39.276"/>
</kw>
<status status="NOT RUN" starttime="20230720 13:02:39.275" endtime="20230720 13:02:39.276"/>
</branch>
<status status="FAIL" starttime="20230720 13:01:37.060" endtime="20230720 13:02:39.276"/>
</if>
<status status="FAIL" starttime="20230720 13:01:37.059" endtime="20230720 13:02:39.277"/>
</branch>
<status status="FAIL" starttime="20230720 13:01:37.059" endtime="20230720 13:02:39.277"/>
</if>
<kw name="Set Suite Variable" library="BuiltIn">
<arg>$process</arg>
<arg>None</arg>
<doc>Makes a variable available everywhere within the scope of the current suite.</doc>
<msg timestamp="20230720 13:02:39.279" level="INFO">${process} = None</msg>
<status status="PASS" starttime="20230720 13:02:39.277" endtime="20230720 13:02:39.279"/>
</kw>
<kw name="Sleep" library="BuiltIn">
<arg>0.5</arg>
<doc>Pauses the test executed for the given time.</doc>
<msg timestamp="20230720 13:02:39.811" level="INFO">Slept 500 milliseconds</msg>
<status status="PASS" starttime="20230720 13:02:39.279" endtime="20230720 13:02:39.811"/>
</kw>
<status status="FAIL" starttime="20230720 13:01:37.058" endtime="20230720 13:02:39.811">Several failures occurred:

1) ImageNotFoundException: Reference image "/Users/runner/work/rfswarm/rfswarm/Tests/Regression/Reporter/Images/file_method/reporter_macos_button_closewindow.png" was not found on screen

2) 'Traceback (most recent call last):
  File "/Users/runner/work/rfswarm/rfswarm/rfswarm_reporter/rfswarm_reporter.py", line 7819, in &lt;module&gt;
    core = ReporterCore()
  File "/Users/runner/work/rfswarm/rfswarm/rfswarm_reporter/rfswarm_reporter.py", line 2489, in __init__
    base.gui = ReporterGUI()
  File "/Users/runner/work/rfswarm/rfswarm/rfswarm_reporter/rfswarm_reporter.py", line 4496, in __init__
    self.root = tk.Tk()
  File "/Users/runner/hostedtoolcache/Python/3.9.17/x64/lib/python3.9/tkinter/__init__.py", line 2272, in __init__
    self._loadtk()
  File "/Users/runner/hostedtoolcache/Python/3.9.17/x64/lib/python3.9/tkinter/__init__.py", line 2288, in _loadtk
    raise RuntimeError("tk.h version (%s) doesn't match libtk.a version (%s)"
RuntimeError: tk.h version (8.5) doesn't match libtk.a version (8.6)' contains 'Traceback'

3) 1 != 0

4) Had to Terminate Process</status>
</kw>
<tag>Issue #149</tag>
<tag>Issue #150</tag>
<tag>macos-latest</tag>
<tag>ubuntu-latest</tag>
<tag>windows-latest</tag>
<status status="FAIL" starttime="20230720 12:56:36.330" endtime="20230720 13:02:39.811">ImageNotFoundException: Reference image "/Users/runner/work/rfswarm/rfswarm/Tests/Regression/Reporter/Images/file_method/reporter_macos_status_previewloaded.png" was not found on screen

Also teardown failed:
Several failures occurred:

1) ImageNotFoundException: Reference image "/Users/runner/work/rfswarm/rfswarm/Tests/Regression/Reporter/Images/file_method/reporter_macos_button_closewindow.png" was not found on screen

2) 'Traceback (most recent call last):
  File "/Users/runner/work/rfswarm/rfswarm/rfswarm_reporter/rfswarm_reporter.py", line 7819, in &lt;module&gt;
    core = ReporterCore()
  File "/Users/runner/work/rfswarm/rfswarm/rfswarm_reporter/rfswarm_reporter.py", line 2489, in __init__
    base.gui = ReporterGUI()
  File "/Users/runner/work/rfswarm/rfswarm/rfswarm_reporter/rfswarm_reporter.py", line 4496, in __init__
    self.root = tk.Tk()
  File "/Users/runner/hostedtoolcache/Python/3.9.17/x64/lib/python3.9/tkinter/__init__.py", line 2272, in __init__
    self._loadtk()
  File "/Users/runner/hostedtoolcache/Python/3.9.17/x64/lib/python3.9/tkinter/__init__.py", line 2288, in _loadtk
    raise RuntimeError("tk.h version (%s) doesn't match libtk.a version (%s)"
RuntimeError: tk.h version (8.5) doesn't match libtk.a version (8.6)' contains 'Traceback'

3) 1 != 0

4) Had to Terminate Process</status>
</test>
<status status="FAIL" starttime="20230720 12:38:14.545" endtime="20230720 13:02:39.813"/>
</suite>
<status status="FAIL" starttime="20230720 12:37:29.643" endtime="20230720 13:02:39.815"/>
</suite>
<statistics>
<total>
<stat pass="5" fail="4" skip="0">All Tests</stat>
</total>
<tag>
<stat pass="1" fail="0" skip="0">DOCX</stat>
<stat pass="1" fail="0" skip="0">HTML</stat>
<stat pass="3" fail="0" skip="0">Issue #144</stat>
<stat pass="0" fail="1" skip="0">Issue #147</stat>
<stat pass="0" fail="1" skip="0">Issue #149</stat>
<stat pass="0" fail="1" skip="0">Issue #150</stat>
<stat pass="5" fail="4" skip="0">macos-latest</stat>
<stat pass="5" fail="4" skip="0">ubuntu-latest</stat>
<stat pass="5" fail="4" skip="0">windows-latest</stat>
<stat pass="1" fail="0" skip="0">XLSX</stat>
</tag>
<suite>
<stat pass="5" fail="4" skip="0" id="s1" name="Reporter">Reporter</stat>
<stat pass="5" fail="0" skip="0" id="s1-s1" name="CommandLine">Reporter.CommandLine</stat>
<stat pass="0" fail="4" skip="0" id="s1-s2" name="GUI Basic">Reporter.GUI Basic</stat>
</suite>
</statistics>
<errors>
</errors>
</robot>
