<?xml version="1.0" encoding="UTF-8"?>
<robot generator="Robot 6.0.2 (Python 3.9.16 on darwin)" generated="20230529 11:20:55.765" rpa="false" schemaversion="3">
<suite id="s1" name="Reporter" source="/Users/runner/work/rfswarm/rfswarm/Tests/Regression/Reporter">
<suite id="s1-s1" name="CommandLine" source="/Users/runner/work/rfswarm/rfswarm/Tests/Regression/Reporter/CommandLine.robot">
<kw name="Clean Up Old Files" type="SETUP">
<tag>macos-latest</tag>
<tag>ubuntu-latest</tag>
<tag>windows-latest</tag>
<kw name="Log To Console" library="BuiltIn">
<arg>${OUTPUT DIR}</arg>
<doc>Logs the given message to the console.</doc>
<status status="PASS" starttime="20230529 11:20:55.812" endtime="20230529 11:20:55.813"/>
</kw>
<kw name="Remove File" library="OperatingSystem">
<arg>${OUTPUT DIR}${/}*.txt</arg>
<doc>Removes a file with the given path.</doc>
<msg timestamp="20230529 11:20:55.814" level="INFO" html="true">Removed file '&lt;a href="file:///Users/runner/work/rfswarm/rfswarm/Tests/Regression/Reporter/Logs/macos-latest_3.9/stdout.txt"&gt;/Users/runner/work/rfswarm/rfswarm/Tests/Regression/Reporter/Logs/macos-latest_3.9/stdout.txt&lt;/a&gt;'.</msg>
<msg timestamp="20230529 11:20:55.814" level="INFO" html="true">Removed file '&lt;a href="file:///Users/runner/work/rfswarm/rfswarm/Tests/Regression/Reporter/Logs/macos-latest_3.9/stderr.txt"&gt;/Users/runner/work/rfswarm/rfswarm/Tests/Regression/Reporter/Logs/macos-latest_3.9/stderr.txt&lt;/a&gt;'.</msg>
<status status="PASS" starttime="20230529 11:20:55.813" endtime="20230529 11:20:55.814"/>
</kw>
<kw name="Remove File" library="OperatingSystem">
<arg>${OUTPUT DIR}${/}*.png</arg>
<doc>Removes a file with the given path.</doc>
<msg timestamp="20230529 11:20:55.815" level="INFO" html="true">Removed file '&lt;a href="file:///Users/runner/work/rfswarm/rfswarm/Tests/Regression/Reporter/Logs/macos-latest_3.9/Reporter.GUIBasic-screenshot-8.png"&gt;/Users/runner/work/rfswarm/rfswarm/Tests/Regression/Reporter/Logs/macos-latest_3.9/Reporter.GUIBasic-screenshot-8.png&lt;/a&gt;'.</msg>
<msg timestamp="20230529 11:20:55.815" level="INFO" html="true">Removed file '&lt;a href="file:///Users/runner/work/rfswarm/rfswarm/Tests/Regression/Reporter/Logs/macos-latest_3.9/Reporter.GUIBasic-screenshot-9.png"&gt;/Users/runner/work/rfswarm/rfswarm/Tests/Regression/Reporter/Logs/macos-latest_3.9/Reporter.GUIBasic-screenshot-9.png&lt;/a&gt;'.</msg>
<msg timestamp="20230529 11:20:55.815" level="INFO" html="true">Removed file '&lt;a href="file:///Users/runner/work/rfswarm/rfswarm/Tests/Regression/Reporter/Logs/macos-latest_3.9/Reporter.GUIBasic-screenshot-12.png"&gt;/Users/runner/work/rfswarm/rfswarm/Tests/Regression/Reporter/Logs/macos-latest_3.9/Reporter.GUIBasic-screenshot-12.png&lt;/a&gt;'.</msg>
<msg timestamp="20230529 11:20:55.815" level="INFO" html="true">Removed file '&lt;a href="file:///Users/runner/work/rfswarm/rfswarm/Tests/Regression/Reporter/Logs/macos-latest_3.9/Reporter.GUIBasic-screenshot-1.png"&gt;/Users/runner/work/rfswarm/rfswarm/Tests/Regression/Reporter/Logs/macos-latest_3.9/Reporter.GUIBasic-screenshot-1.png&lt;/a&gt;'.</msg>
<msg timestamp="20230529 11:20:55.815" level="INFO" html="true">Removed file '&lt;a href="file:///Users/runner/work/rfswarm/rfswarm/Tests/Regression/Reporter/Logs/macos-latest_3.9/Reporter.GUIBasic-screenshot-13.png"&gt;/Users/runner/work/rfswarm/rfswarm/Tests/Regression/Reporter/Logs/macos-latest_3.9/Reporter.GUIBasic-screenshot-13.png&lt;/a&gt;'.</msg>
<msg timestamp="20230529 11:20:55.816" level="INFO" html="true">Removed file '&lt;a href="file:///Users/runner/work/rfswarm/rfswarm/Tests/Regression/Reporter/Logs/macos-latest_3.9/Reporter.GUIBasic-screenshot-11.png"&gt;/Users/runner/work/rfswarm/rfswarm/Tests/Regression/Reporter/Logs/macos-latest_3.9/Reporter.GUIBasic-screenshot-11.png&lt;/a&gt;'.</msg>
<msg timestamp="20230529 11:20:55.816" level="INFO" html="true">Removed file '&lt;a href="file:///Users/runner/work/rfswarm/rfswarm/Tests/Regression/Reporter/Logs/macos-latest_3.9/Reporter.GUIBasic-screenshot-2.png"&gt;/Users/runner/work/rfswarm/rfswarm/Tests/Regression/Reporter/Logs/macos-latest_3.9/Reporter.GUIBasic-screenshot-2.png&lt;/a&gt;'.</msg>
<msg timestamp="20230529 11:20:55.816" level="INFO" html="true">Removed file '&lt;a href="file:///Users/runner/work/rfswarm/rfswarm/Tests/Regression/Reporter/Logs/macos-latest_3.9/Reporter.GUIBasic-screenshot-3.png"&gt;/Users/runner/work/rfswarm/rfswarm/Tests/Regression/Reporter/Logs/macos-latest_3.9/Reporter.GUIBasic-screenshot-3.png&lt;/a&gt;'.</msg>
<msg timestamp="20230529 11:20:55.816" level="INFO" html="true">Removed file '&lt;a href="file:///Users/runner/work/rfswarm/rfswarm/Tests/Regression/Reporter/Logs/macos-latest_3.9/Reporter.GUIBasic-screenshot-10.png"&gt;/Users/runner/work/rfswarm/rfswarm/Tests/Regression/Reporter/Logs/macos-latest_3.9/Reporter.GUIBasic-screenshot-10.png&lt;/a&gt;'.</msg>
<msg timestamp="20230529 11:20:55.816" level="INFO" html="true">Removed file '&lt;a href="file:///Users/runner/work/rfswarm/rfswarm/Tests/Regression/Reporter/Logs/macos-latest_3.9/Reporter.GUIBasic-screenshot-14.png"&gt;/Users/runner/work/rfswarm/rfswarm/Tests/Regression/Reporter/Logs/macos-latest_3.9/Reporter.GUIBasic-screenshot-14.png&lt;/a&gt;'.</msg>
<msg timestamp="20230529 11:20:55.817" level="INFO" html="true">Removed file '&lt;a href="file:///Users/runner/work/rfswarm/rfswarm/Tests/Regression/Reporter/Logs/macos-latest_3.9/Reporter.GUIBasic-screenshot-7.png"&gt;/Users/runner/work/rfswarm/rfswarm/Tests/Regression/Reporter/Logs/macos-latest_3.9/Reporter.GUIBasic-screenshot-7.png&lt;/a&gt;'.</msg>
<msg timestamp="20230529 11:20:55.817" level="INFO" html="true">Removed file '&lt;a href="file:///Users/runner/work/rfswarm/rfswarm/Tests/Regression/Reporter/Logs/macos-latest_3.9/Reporter.GUIBasic-screenshot-6.png"&gt;/Users/runner/work/rfswarm/rfswarm/Tests/Regression/Reporter/Logs/macos-latest_3.9/Reporter.GUIBasic-screenshot-6.png&lt;/a&gt;'.</msg>
<msg timestamp="20230529 11:20:55.817" level="INFO" html="true">Removed file '&lt;a href="file:///Users/runner/work/rfswarm/rfswarm/Tests/Regression/Reporter/Logs/macos-latest_3.9/Reporter.GUIBasic-screenshot-15.png"&gt;/Users/runner/work/rfswarm/rfswarm/Tests/Regression/Reporter/Logs/macos-latest_3.9/Reporter.GUIBasic-screenshot-15.png&lt;/a&gt;'.</msg>
<msg timestamp="20230529 11:20:55.817" level="INFO" html="true">Removed file '&lt;a href="file:///Users/runner/work/rfswarm/rfswarm/Tests/Regression/Reporter/Logs/macos-latest_3.9/Reporter.GUIBasic-screenshot-4.png"&gt;/Users/runner/work/rfswarm/rfswarm/Tests/Regression/Reporter/Logs/macos-latest_3.9/Reporter.GUIBasic-screenshot-4.png&lt;/a&gt;'.</msg>
<msg timestamp="20230529 11:20:55.817" level="INFO" html="true">Removed file '&lt;a href="file:///Users/runner/work/rfswarm/rfswarm/Tests/Regression/Reporter/Logs/macos-latest_3.9/Reporter.GUIBasic-screenshot-5.png"&gt;/Users/runner/work/rfswarm/rfswarm/Tests/Regression/Reporter/Logs/macos-latest_3.9/Reporter.GUIBasic-screenshot-5.png&lt;/a&gt;'.</msg>
<status status="PASS" starttime="20230529 11:20:55.814" endtime="20230529 11:20:55.817"/>
</kw>
<status status="PASS" starttime="20230529 11:20:55.812" endtime="20230529 11:20:55.818"/>
</kw>
<test id="s1-s1-t1" name="Reporter Version" line="16">
<kw name="Run" library="OperatingSystem">
<var>${result}</var>
<arg>python3 ${EXECDIR}${/}rfswarm_reporter${/}rfswarm_reporter.py -v</arg>
<doc>Runs the given command in the system and returns the output.</doc>
<msg timestamp="20230529 11:20:55.822" level="INFO">Running command 'python3 /Users/runner/work/rfswarm/rfswarm/rfswarm_reporter/rfswarm_reporter.py -v 2&gt;&amp;1'.</msg>
<msg timestamp="20230529 11:21:08.044" level="INFO">${result} = Robot Framework Swarm: Reporter 
	Version 1.1.3 </msg>
<status status="PASS" starttime="20230529 11:20:55.818" endtime="20230529 11:21:08.044"/>
</kw>
<kw name="Log To Console" library="BuiltIn">
<arg>${\n}${result}</arg>
<doc>Logs the given message to the console.</doc>
<status status="PASS" starttime="20230529 11:21:08.045" endtime="20230529 11:21:08.045"/>
</kw>
<kw name="Should Contain" library="BuiltIn">
<arg>${result}</arg>
<arg>Version</arg>
<doc>Fails if ``container`` does not contain ``item`` one or more times.</doc>
<status status="PASS" starttime="20230529 11:21:08.046" endtime="20230529 11:21:08.046"/>
</kw>
<kw name="Should Contain" library="BuiltIn">
<arg>${result}</arg>
<arg>Reporter</arg>
<doc>Fails if ``container`` does not contain ``item`` one or more times.</doc>
<status status="PASS" starttime="20230529 11:21:08.046" endtime="20230529 11:21:08.046"/>
</kw>
<tag>macos-latest</tag>
<tag>ubuntu-latest</tag>
<tag>windows-latest</tag>
<status status="PASS" starttime="20230529 11:20:55.818" endtime="20230529 11:21:08.047"/>
</test>
<test id="s1-s1-t2" name="Reporter Help" line="23">
<kw name="Run" library="OperatingSystem">
<var>${result}</var>
<arg>python3 ${EXECDIR}${/}rfswarm_reporter${/}rfswarm_reporter.py -h</arg>
<doc>Runs the given command in the system and returns the output.</doc>
<msg timestamp="20230529 11:21:08.051" level="INFO">Running command 'python3 /Users/runner/work/rfswarm/rfswarm/rfswarm_reporter/rfswarm_reporter.py -h 2&gt;&amp;1'.</msg>
<msg timestamp="20230529 11:21:09.160" level="INFO">${result} = Robot Framework Swarm: Reporter 
	Version 1.1.3 
usage: rfswarm_reporter.py [-h] [-g DEBUG] [-v] [-i INI] [-n] [-d DIR]
                           [-t TEMPLATE] [--html] [--docx] [--xlsx]

optional ar...</msg>
<status status="PASS" starttime="20230529 11:21:08.048" endtime="20230529 11:21:09.160"/>
</kw>
<kw name="Log To Console" library="BuiltIn">
<arg>${\n}${result}</arg>
<doc>Logs the given message to the console.</doc>
<status status="PASS" starttime="20230529 11:21:09.161" endtime="20230529 11:21:09.161"/>
</kw>
<kw name="Should Contain" library="BuiltIn">
<arg>${result}</arg>
<arg>Excel</arg>
<doc>Fails if ``container`` does not contain ``item`` one or more times.</doc>
<status status="PASS" starttime="20230529 11:21:09.161" endtime="20230529 11:21:09.162"/>
</kw>
<tag>macos-latest</tag>
<tag>ubuntu-latest</tag>
<tag>windows-latest</tag>
<status status="PASS" starttime="20230529 11:21:08.047" endtime="20230529 11:21:09.162"/>
</test>
<test id="s1-s1-t3" name="Command Line Generate HTML" line="29">
<kw name="Set Variable" library="BuiltIn">
<var>${testdata}</var>
<arg>Issue-#144</arg>
<doc>Returns the given values which can then be assigned to a variables.</doc>
<msg timestamp="20230529 11:21:09.163" level="INFO">${testdata} = Issue-#144</msg>
<status status="PASS" starttime="20230529 11:21:09.163" endtime="20230529 11:21:09.163"/>
</kw>
<kw name="Set Variable" library="BuiltIn">
<var>${resultdata}</var>
<arg>20230320_185055_demo</arg>
<doc>Returns the given values which can then be assigned to a variables.</doc>
<msg timestamp="20230529 11:21:09.163" level="INFO">${resultdata} = 20230320_185055_demo</msg>
<status status="PASS" starttime="20230529 11:21:09.163" endtime="20230529 11:21:09.163"/>
</kw>
<kw name="Set Variable" library="BuiltIn">
<var>${basefolder}</var>
<arg>/Users/runner/work/rfswarm/rfswarm/Tests/Regression/Reporter${/}testdata${/}${testdata}</arg>
<doc>Returns the given values which can then be assigned to a variables.</doc>
<msg timestamp="20230529 11:21:09.164" level="INFO">${basefolder} = /Users/runner/work/rfswarm/rfswarm/Tests/Regression/Reporter/testdata/Issue-#144</msg>
<status status="PASS" starttime="20230529 11:21:09.164" endtime="20230529 11:21:09.164"/>
</kw>
<kw name="Should Exist" library="OperatingSystem">
<arg>${basefolder}</arg>
<doc>Fails unless the given path (file or directory) exists.</doc>
<msg timestamp="20230529 11:21:09.164" level="INFO" html="true">Path '&lt;a href="file:///Users/runner/work/rfswarm/rfswarm/Tests/Regression/Reporter/testdata/Issue-#144"&gt;/Users/runner/work/rfswarm/rfswarm/Tests/Regression/Reporter/testdata/Issue-#144&lt;/a&gt;' exists.</msg>
<status status="PASS" starttime="20230529 11:21:09.164" endtime="20230529 11:21:09.164"/>
</kw>
<kw name="Log" library="BuiltIn">
<arg>basefolder: ${basefolder}</arg>
<arg>console=True</arg>
<doc>Logs the given message with the given level.</doc>
<msg timestamp="20230529 11:21:09.165" level="INFO">basefolder: /Users/runner/work/rfswarm/rfswarm/Tests/Regression/Reporter/testdata/Issue-#144</msg>
<status status="PASS" starttime="20230529 11:21:09.165" endtime="20230529 11:21:09.165"/>
</kw>
<kw name="Set Variable" library="BuiltIn">
<var>${resultfolder}</var>
<arg>${basefolder}${/}${resultdata}</arg>
<doc>Returns the given values which can then be assigned to a variables.</doc>
<msg timestamp="20230529 11:21:09.165" level="INFO">${resultfolder} = /Users/runner/work/rfswarm/rfswarm/Tests/Regression/Reporter/testdata/Issue-#144/20230320_185055_demo</msg>
<status status="PASS" starttime="20230529 11:21:09.165" endtime="20230529 11:21:09.165"/>
</kw>
<kw name="Should Exist" library="OperatingSystem">
<arg>${resultfolder}</arg>
<doc>Fails unless the given path (file or directory) exists.</doc>
<msg timestamp="20230529 11:21:09.166" level="INFO" html="true">Path '&lt;a href="file:///Users/runner/work/rfswarm/rfswarm/Tests/Regression/Reporter/testdata/Issue-#144/20230320_185055_demo"&gt;/Users/runner/work/rfswarm/rfswarm/Tests/Regression/Reporter/testdata/Issue-#144/20230320_185055_demo&lt;/a&gt;' exists.</msg>
<status status="PASS" starttime="20230529 11:21:09.166" endtime="20230529 11:21:09.166"/>
</kw>
<kw name="Log" library="BuiltIn">
<arg>resultfolder: ${resultfolder}</arg>
<arg>console=True</arg>
<doc>Logs the given message with the given level.</doc>
<msg timestamp="20230529 11:21:09.166" level="INFO">resultfolder: /Users/runner/work/rfswarm/rfswarm/Tests/Regression/Reporter/testdata/Issue-#144/20230320_185055_demo</msg>
<status status="PASS" starttime="20230529 11:21:09.166" endtime="20230529 11:21:09.166"/>
</kw>
<kw name="Set Variable" library="BuiltIn">
<var>${template}</var>
<arg>${basefolder}${/}90%ileTemplate.template</arg>
<doc>Returns the given values which can then be assigned to a variables.</doc>
<msg timestamp="20230529 11:21:09.167" level="INFO">${template} = /Users/runner/work/rfswarm/rfswarm/Tests/Regression/Reporter/testdata/Issue-#144/90%ileTemplate.template</msg>
<status status="PASS" starttime="20230529 11:21:09.166" endtime="20230529 11:21:09.167"/>
</kw>
<kw name="Should Exist" library="OperatingSystem">
<arg>${template}</arg>
<doc>Fails unless the given path (file or directory) exists.</doc>
<msg timestamp="20230529 11:21:09.167" level="INFO" html="true">Path '&lt;a href="file:///Users/runner/work/rfswarm/rfswarm/Tests/Regression/Reporter/testdata/Issue-#144/90%ileTemplate.template"&gt;/Users/runner/work/rfswarm/rfswarm/Tests/Regression/Reporter/testdata/Issue-#144/90%ileTemplate.template&lt;/a&gt;' exists.</msg>
<status status="PASS" starttime="20230529 11:21:09.167" endtime="20230529 11:21:09.167"/>
</kw>
<kw name="Log" library="BuiltIn">
<arg>template: ${template}</arg>
<arg>console=True</arg>
<doc>Logs the given message with the given level.</doc>
<msg timestamp="20230529 11:21:09.168" level="INFO">template: /Users/runner/work/rfswarm/rfswarm/Tests/Regression/Reporter/testdata/Issue-#144/90%ileTemplate.template</msg>
<status status="PASS" starttime="20230529 11:21:09.167" endtime="20230529 11:21:09.168"/>
</kw>
<kw name="Run" library="OperatingSystem">
<var>${result}</var>
<arg>python3 ${pyfile} -n -g 1 -d ${resultfolder} -t ${template} --html</arg>
<doc>Runs the given command in the system and returns the output.</doc>
<msg timestamp="20230529 11:21:09.171" level="INFO">Running command 'python3 /Users/runner/work/rfswarm/rfswarm/rfswarm_reporter/rfswarm_reporter.py -n -g 1 -d /Users/runner/work/rfswarm/rfswarm/Tests/Regression/Reporter/testdata/Issue-#144/20230320_185055_demo -t /Users/runner/work/rfswarm/rfswarm/Tests/Regression/Reporter/testdata/Issue-#144/90%ileTemplate.template --html 2&gt;&amp;1'.</msg>
<msg timestamp="20230529 11:21:14.103" level="INFO">${result} = </msg>
<status status="PASS" starttime="20230529 11:21:09.168" endtime="20230529 11:21:14.103"/>
</kw>
<kw name="Log" library="BuiltIn">
<arg>result: ${\n}${result}</arg>
<arg>console=True</arg>
<doc>Logs the given message with the given level.</doc>
<msg timestamp="20230529 11:21:14.104" level="INFO">result: 
</msg>
<status status="PASS" starttime="20230529 11:21:14.103" endtime="20230529 11:21:14.104"/>
</kw>
<kw name="Should Not Contain" library="BuiltIn">
<arg>${result}</arg>
<arg>Traceback</arg>
<doc>Fails if ``container`` contains ``item`` one or more times.</doc>
<status status="PASS" starttime="20230529 11:21:14.104" endtime="20230529 11:21:14.105"/>
</kw>
<kw name="Should Exist" library="OperatingSystem">
<arg>${resultfolder}${/}${resultdata}.html</arg>
<doc>Fails unless the given path (file or directory) exists.</doc>
<msg timestamp="20230529 11:21:14.105" level="INFO" html="true">Path '&lt;a href="file:///Users/runner/work/rfswarm/rfswarm/Tests/Regression/Reporter/testdata/Issue-#144/20230320_185055_demo/20230320_185055_demo.html"&gt;/Users/runner/work/rfswarm/rfswarm/Tests/Regression/Reporter/testdata/Issue-#144/20230320_185055_demo/20230320_185055_demo.html&lt;/a&gt;' exists.</msg>
<status status="PASS" starttime="20230529 11:21:14.105" endtime="20230529 11:21:14.105"/>
</kw>
<tag>HTML</tag>
<tag>Issue #144</tag>
<tag>macos-latest</tag>
<tag>ubuntu-latest</tag>
<tag>windows-latest</tag>
<status status="PASS" starttime="20230529 11:21:09.162" endtime="20230529 11:21:14.105"/>
</test>
<test id="s1-s1-t4" name="Command Line Generate Docx" line="47">
<kw name="Set Variable" library="BuiltIn">
<var>${testdata}</var>
<arg>Issue-#144</arg>
<doc>Returns the given values which can then be assigned to a variables.</doc>
<msg timestamp="20230529 11:21:14.107" level="INFO">${testdata} = Issue-#144</msg>
<status status="PASS" starttime="20230529 11:21:14.106" endtime="20230529 11:21:14.107"/>
</kw>
<kw name="Set Variable" library="BuiltIn">
<var>${resultdata}</var>
<arg>20230320_185055_demo</arg>
<doc>Returns the given values which can then be assigned to a variables.</doc>
<msg timestamp="20230529 11:21:14.107" level="INFO">${resultdata} = 20230320_185055_demo</msg>
<status status="PASS" starttime="20230529 11:21:14.107" endtime="20230529 11:21:14.107"/>
</kw>
<kw name="Set Variable" library="BuiltIn">
<var>${basefolder}</var>
<arg>/Users/runner/work/rfswarm/rfswarm/Tests/Regression/Reporter${/}testdata${/}${testdata}</arg>
<doc>Returns the given values which can then be assigned to a variables.</doc>
<msg timestamp="20230529 11:21:14.107" level="INFO">${basefolder} = /Users/runner/work/rfswarm/rfswarm/Tests/Regression/Reporter/testdata/Issue-#144</msg>
<status status="PASS" starttime="20230529 11:21:14.107" endtime="20230529 11:21:14.107"/>
</kw>
<kw name="Should Exist" library="OperatingSystem">
<arg>${basefolder}</arg>
<doc>Fails unless the given path (file or directory) exists.</doc>
<msg timestamp="20230529 11:21:14.108" level="INFO" html="true">Path '&lt;a href="file:///Users/runner/work/rfswarm/rfswarm/Tests/Regression/Reporter/testdata/Issue-#144"&gt;/Users/runner/work/rfswarm/rfswarm/Tests/Regression/Reporter/testdata/Issue-#144&lt;/a&gt;' exists.</msg>
<status status="PASS" starttime="20230529 11:21:14.108" endtime="20230529 11:21:14.108"/>
</kw>
<kw name="Log To Console" library="BuiltIn">
<arg>basefolder: ${basefolder}</arg>
<arg>console=True</arg>
<doc>Logs the given message to the console.</doc>
<status status="PASS" starttime="20230529 11:21:14.108" endtime="20230529 11:21:14.108"/>
</kw>
<kw name="Set Variable" library="BuiltIn">
<var>${resultfolder}</var>
<arg>${basefolder}${/}${resultdata}</arg>
<doc>Returns the given values which can then be assigned to a variables.</doc>
<msg timestamp="20230529 11:21:14.109" level="INFO">${resultfolder} = /Users/runner/work/rfswarm/rfswarm/Tests/Regression/Reporter/testdata/Issue-#144/20230320_185055_demo</msg>
<status status="PASS" starttime="20230529 11:21:14.108" endtime="20230529 11:21:14.109"/>
</kw>
<kw name="Should Exist" library="OperatingSystem">
<arg>${resultfolder}</arg>
<doc>Fails unless the given path (file or directory) exists.</doc>
<msg timestamp="20230529 11:21:14.109" level="INFO" html="true">Path '&lt;a href="file:///Users/runner/work/rfswarm/rfswarm/Tests/Regression/Reporter/testdata/Issue-#144/20230320_185055_demo"&gt;/Users/runner/work/rfswarm/rfswarm/Tests/Regression/Reporter/testdata/Issue-#144/20230320_185055_demo&lt;/a&gt;' exists.</msg>
<status status="PASS" starttime="20230529 11:21:14.109" endtime="20230529 11:21:14.109"/>
</kw>
<kw name="Log" library="BuiltIn">
<arg>resultfolder: ${resultfolder}</arg>
<arg>console=True</arg>
<doc>Logs the given message with the given level.</doc>
<msg timestamp="20230529 11:21:14.109" level="INFO">resultfolder: /Users/runner/work/rfswarm/rfswarm/Tests/Regression/Reporter/testdata/Issue-#144/20230320_185055_demo</msg>
<status status="PASS" starttime="20230529 11:21:14.109" endtime="20230529 11:21:14.110"/>
</kw>
<kw name="Set Variable" library="BuiltIn">
<var>${template}</var>
<arg>${basefolder}${/}90%ileTemplate.template</arg>
<doc>Returns the given values which can then be assigned to a variables.</doc>
<msg timestamp="20230529 11:21:14.110" level="INFO">${template} = /Users/runner/work/rfswarm/rfswarm/Tests/Regression/Reporter/testdata/Issue-#144/90%ileTemplate.template</msg>
<status status="PASS" starttime="20230529 11:21:14.110" endtime="20230529 11:21:14.110"/>
</kw>
<kw name="Should Exist" library="OperatingSystem">
<arg>${template}</arg>
<doc>Fails unless the given path (file or directory) exists.</doc>
<msg timestamp="20230529 11:21:14.110" level="INFO" html="true">Path '&lt;a href="file:///Users/runner/work/rfswarm/rfswarm/Tests/Regression/Reporter/testdata/Issue-#144/90%ileTemplate.template"&gt;/Users/runner/work/rfswarm/rfswarm/Tests/Regression/Reporter/testdata/Issue-#144/90%ileTemplate.template&lt;/a&gt;' exists.</msg>
<status status="PASS" starttime="20230529 11:21:14.110" endtime="20230529 11:21:14.110"/>
</kw>
<kw name="Log" library="BuiltIn">
<arg>template: ${template}</arg>
<arg>console=True</arg>
<doc>Logs the given message with the given level.</doc>
<msg timestamp="20230529 11:21:14.111" level="INFO">template: /Users/runner/work/rfswarm/rfswarm/Tests/Regression/Reporter/testdata/Issue-#144/90%ileTemplate.template</msg>
<status status="PASS" starttime="20230529 11:21:14.111" endtime="20230529 11:21:14.111"/>
</kw>
<kw name="Run" library="OperatingSystem">
<var>${result}</var>
<arg>python3 ${pyfile} -n -g 1 -d ${resultfolder} -t ${template} --docx</arg>
<doc>Runs the given command in the system and returns the output.</doc>
<msg timestamp="20230529 11:21:14.116" level="INFO">Running command 'python3 /Users/runner/work/rfswarm/rfswarm/rfswarm_reporter/rfswarm_reporter.py -n -g 1 -d /Users/runner/work/rfswarm/rfswarm/Tests/Regression/Reporter/testdata/Issue-#144/20230320_185055_demo -t /Users/runner/work/rfswarm/rfswarm/Tests/Regression/Reporter/testdata/Issue-#144/90%ileTemplate.template --docx 2&gt;&amp;1'.</msg>
<msg timestamp="20230529 11:21:20.440" level="INFO">${result} = </msg>
<status status="PASS" starttime="20230529 11:21:14.111" endtime="20230529 11:21:20.440"/>
</kw>
<kw name="Log" library="BuiltIn">
<arg>${\n}${result}</arg>
<arg>console=True</arg>
<doc>Logs the given message with the given level.</doc>
<msg timestamp="20230529 11:21:20.441" level="INFO">
</msg>
<status status="PASS" starttime="20230529 11:21:20.441" endtime="20230529 11:21:20.441"/>
</kw>
<kw name="Should Not Contain" library="BuiltIn">
<arg>${result}</arg>
<arg>Traceback</arg>
<doc>Fails if ``container`` contains ``item`` one or more times.</doc>
<status status="PASS" starttime="20230529 11:21:20.441" endtime="20230529 11:21:20.442"/>
</kw>
<kw name="Should Exist" library="OperatingSystem">
<arg>${resultfolder}${/}${resultdata}.docx</arg>
<doc>Fails unless the given path (file or directory) exists.</doc>
<msg timestamp="20230529 11:21:20.442" level="INFO" html="true">Path '&lt;a href="file:///Users/runner/work/rfswarm/rfswarm/Tests/Regression/Reporter/testdata/Issue-#144/20230320_185055_demo/20230320_185055_demo.docx"&gt;/Users/runner/work/rfswarm/rfswarm/Tests/Regression/Reporter/testdata/Issue-#144/20230320_185055_demo/20230320_185055_demo.docx&lt;/a&gt;' exists.</msg>
<status status="PASS" starttime="20230529 11:21:20.442" endtime="20230529 11:21:20.442"/>
</kw>
<tag>DOCX</tag>
<tag>Issue #144</tag>
<tag>macos-latest</tag>
<tag>ubuntu-latest</tag>
<tag>windows-latest</tag>
<status status="PASS" starttime="20230529 11:21:14.106" endtime="20230529 11:21:20.443"/>
</test>
<test id="s1-s1-t5" name="Command Line Generate Xlsx" line="65">
<kw name="Set Variable" library="BuiltIn">
<var>${testdata}</var>
<arg>Issue-#144</arg>
<doc>Returns the given values which can then be assigned to a variables.</doc>
<msg timestamp="20230529 11:21:20.444" level="INFO">${testdata} = Issue-#144</msg>
<status status="PASS" starttime="20230529 11:21:20.444" endtime="20230529 11:21:20.444"/>
</kw>
<kw name="Set Variable" library="BuiltIn">
<var>${resultdata}</var>
<arg>20230320_185055_demo</arg>
<doc>Returns the given values which can then be assigned to a variables.</doc>
<msg timestamp="20230529 11:21:20.444" level="INFO">${resultdata} = 20230320_185055_demo</msg>
<status status="PASS" starttime="20230529 11:21:20.444" endtime="20230529 11:21:20.444"/>
</kw>
<kw name="Set Variable" library="BuiltIn">
<var>${basefolder}</var>
<arg>/Users/runner/work/rfswarm/rfswarm/Tests/Regression/Reporter${/}testdata${/}${testdata}</arg>
<doc>Returns the given values which can then be assigned to a variables.</doc>
<msg timestamp="20230529 11:21:20.445" level="INFO">${basefolder} = /Users/runner/work/rfswarm/rfswarm/Tests/Regression/Reporter/testdata/Issue-#144</msg>
<status status="PASS" starttime="20230529 11:21:20.444" endtime="20230529 11:21:20.445"/>
</kw>
<kw name="Should Exist" library="OperatingSystem">
<arg>${basefolder}</arg>
<doc>Fails unless the given path (file or directory) exists.</doc>
<msg timestamp="20230529 11:21:20.445" level="INFO" html="true">Path '&lt;a href="file:///Users/runner/work/rfswarm/rfswarm/Tests/Regression/Reporter/testdata/Issue-#144"&gt;/Users/runner/work/rfswarm/rfswarm/Tests/Regression/Reporter/testdata/Issue-#144&lt;/a&gt;' exists.</msg>
<status status="PASS" starttime="20230529 11:21:20.445" endtime="20230529 11:21:20.445"/>
</kw>
<kw name="Log" library="BuiltIn">
<arg>basefolder: ${basefolder}</arg>
<arg>console=True</arg>
<doc>Logs the given message with the given level.</doc>
<msg timestamp="20230529 11:21:20.445" level="INFO">basefolder: /Users/runner/work/rfswarm/rfswarm/Tests/Regression/Reporter/testdata/Issue-#144</msg>
<status status="PASS" starttime="20230529 11:21:20.445" endtime="20230529 11:21:20.446"/>
</kw>
<kw name="Set Variable" library="BuiltIn">
<var>${resultfolder}</var>
<arg>${basefolder}${/}${resultdata}</arg>
<doc>Returns the given values which can then be assigned to a variables.</doc>
<msg timestamp="20230529 11:21:20.446" level="INFO">${resultfolder} = /Users/runner/work/rfswarm/rfswarm/Tests/Regression/Reporter/testdata/Issue-#144/20230320_185055_demo</msg>
<status status="PASS" starttime="20230529 11:21:20.446" endtime="20230529 11:21:20.446"/>
</kw>
<kw name="Should Exist" library="OperatingSystem">
<arg>${resultfolder}</arg>
<doc>Fails unless the given path (file or directory) exists.</doc>
<msg timestamp="20230529 11:21:20.446" level="INFO" html="true">Path '&lt;a href="file:///Users/runner/work/rfswarm/rfswarm/Tests/Regression/Reporter/testdata/Issue-#144/20230320_185055_demo"&gt;/Users/runner/work/rfswarm/rfswarm/Tests/Regression/Reporter/testdata/Issue-#144/20230320_185055_demo&lt;/a&gt;' exists.</msg>
<status status="PASS" starttime="20230529 11:21:20.446" endtime="20230529 11:21:20.446"/>
</kw>
<kw name="Log" library="BuiltIn">
<arg>resultfolder: ${resultfolder}</arg>
<arg>console=True</arg>
<doc>Logs the given message with the given level.</doc>
<msg timestamp="20230529 11:21:20.447" level="INFO">resultfolder: /Users/runner/work/rfswarm/rfswarm/Tests/Regression/Reporter/testdata/Issue-#144/20230320_185055_demo</msg>
<status status="PASS" starttime="20230529 11:21:20.447" endtime="20230529 11:21:20.447"/>
</kw>
<kw name="Set Variable" library="BuiltIn">
<var>${template}</var>
<arg>${basefolder}${/}90%ileTemplate.template</arg>
<doc>Returns the given values which can then be assigned to a variables.</doc>
<msg timestamp="20230529 11:21:20.447" level="INFO">${template} = /Users/runner/work/rfswarm/rfswarm/Tests/Regression/Reporter/testdata/Issue-#144/90%ileTemplate.template</msg>
<status status="PASS" starttime="20230529 11:21:20.447" endtime="20230529 11:21:20.447"/>
</kw>
<kw name="Should Exist" library="OperatingSystem">
<arg>${template}</arg>
<doc>Fails unless the given path (file or directory) exists.</doc>
<msg timestamp="20230529 11:21:20.448" level="INFO" html="true">Path '&lt;a href="file:///Users/runner/work/rfswarm/rfswarm/Tests/Regression/Reporter/testdata/Issue-#144/90%ileTemplate.template"&gt;/Users/runner/work/rfswarm/rfswarm/Tests/Regression/Reporter/testdata/Issue-#144/90%ileTemplate.template&lt;/a&gt;' exists.</msg>
<status status="PASS" starttime="20230529 11:21:20.447" endtime="20230529 11:21:20.448"/>
</kw>
<kw name="Log" library="BuiltIn">
<arg>template: ${template}</arg>
<arg>console=True</arg>
<doc>Logs the given message with the given level.</doc>
<msg timestamp="20230529 11:21:20.448" level="INFO">template: /Users/runner/work/rfswarm/rfswarm/Tests/Regression/Reporter/testdata/Issue-#144/90%ileTemplate.template</msg>
<status status="PASS" starttime="20230529 11:21:20.448" endtime="20230529 11:21:20.448"/>
</kw>
<kw name="Run" library="OperatingSystem">
<var>${result}</var>
<arg>python3 ${pyfile} -n -g 1 -d ${resultfolder} -t ${template} --xlsx</arg>
<doc>Runs the given command in the system and returns the output.</doc>
<msg timestamp="20230529 11:21:20.451" level="INFO">Running command 'python3 /Users/runner/work/rfswarm/rfswarm/rfswarm_reporter/rfswarm_reporter.py -n -g 1 -d /Users/runner/work/rfswarm/rfswarm/Tests/Regression/Reporter/testdata/Issue-#144/20230320_185055_demo -t /Users/runner/work/rfswarm/rfswarm/Tests/Regression/Reporter/testdata/Issue-#144/90%ileTemplate.template --xlsx 2&gt;&amp;1'.</msg>
<msg timestamp="20230529 11:21:25.318" level="INFO">${result} = </msg>
<status status="PASS" starttime="20230529 11:21:20.448" endtime="20230529 11:21:25.318"/>
</kw>
<kw name="Log" library="BuiltIn">
<arg>${\n}${result}</arg>
<arg>console=True</arg>
<doc>Logs the given message with the given level.</doc>
<msg timestamp="20230529 11:21:25.319" level="INFO">
</msg>
<status status="PASS" starttime="20230529 11:21:25.319" endtime="20230529 11:21:25.319"/>
</kw>
<kw name="Should Not Contain" library="BuiltIn">
<arg>${result}</arg>
<arg>Traceback</arg>
<doc>Fails if ``container`` contains ``item`` one or more times.</doc>
<status status="PASS" starttime="20230529 11:21:25.319" endtime="20230529 11:21:25.320"/>
</kw>
<kw name="Should Exist" library="OperatingSystem">
<arg>${resultfolder}${/}${resultdata}.xlsx</arg>
<doc>Fails unless the given path (file or directory) exists.</doc>
<msg timestamp="20230529 11:21:25.320" level="INFO" html="true">Path '&lt;a href="file:///Users/runner/work/rfswarm/rfswarm/Tests/Regression/Reporter/testdata/Issue-#144/20230320_185055_demo/20230320_185055_demo.xlsx"&gt;/Users/runner/work/rfswarm/rfswarm/Tests/Regression/Reporter/testdata/Issue-#144/20230320_185055_demo/20230320_185055_demo.xlsx&lt;/a&gt;' exists.</msg>
<status status="PASS" starttime="20230529 11:21:25.320" endtime="20230529 11:21:25.320"/>
</kw>
<tag>Issue #144</tag>
<tag>macos-latest</tag>
<tag>ubuntu-latest</tag>
<tag>windows-latest</tag>
<tag>XLSX</tag>
<status status="PASS" starttime="20230529 11:21:20.443" endtime="20230529 11:21:25.321"/>
</test>
<status status="PASS" starttime="20230529 11:20:55.794" endtime="20230529 11:21:25.322"/>
</suite>
<suite id="s1-s2" name="GUI Basic" source="/Users/runner/work/rfswarm/rfswarm/Tests/Regression/Reporter/GUI_Basic.robot">
<test id="s1-s2-t1" name="GUI Runs and Closes" line="16">
<kw name="Open GUI">
<kw name="Get Variables" library="BuiltIn">
<var>${var}</var>
<doc>Returns a dictionary containing all variables in the current scope.</doc>
<msg timestamp="20230529 11:21:33.799" level="INFO">${var} = {'${/}': '/', '${:}': ':', '${\\n}': '\n', '${DEBUG_FILE}': 'NONE', '${EXECDIR}': '/Users/runner/work/rfswarm/rfswarm', '${False}': False, '${IMAGE_DIR}': '/Users/runner/work/rfswarm/rfswarm/Tests/Reg...</msg>
<status status="PASS" starttime="20230529 11:21:33.798" endtime="20230529 11:21:33.799"/>
</kw>
<kw name="Log" library="BuiltIn">
<arg>${var}</arg>
<doc>Logs the given message with the given level.</doc>
<msg timestamp="20230529 11:21:33.800" level="INFO">{'${/}': '/', '${:}': ':', '${\\n}': '\n', '${DEBUG_FILE}': 'NONE', '${EXECDIR}': '/Users/runner/work/rfswarm/rfswarm', '${False}': False, '${IMAGE_DIR}': '/Users/runner/work/rfswarm/rfswarm/Tests/Regression/Reporter/Images/file_method', '${LOG_FILE}': '/Users/runner/work/rfswarm/rfswarm/Tests/Regression/Reporter/Logs/macos-latest_3.9/log.html', '${LOG_LEVEL}': 'INFO', '${None}': None, '${null}': None, '${OUTPUT_DIR}': '/Users/runner/work/rfswarm/rfswarm/Tests/Regression/Reporter/Logs/macos-latest_3.9', '${OUTPUT_FILE}': '/Users/runner/work/rfswarm/rfswarm/Tests/Regression/Reporter/Logs/macos-latest_3.9/output.xml', '${PREV_TEST_MESSAGE}': '', '${PREV_TEST_NAME}': 'Command Line Generate Xlsx', '${PREV_TEST_STATUS}': 'PASS', '${process}': 'None', '${pyfile}': '/Users/runner/work/rfswarm/rfswarm/rfswarm_reporter/rfswarm_reporter.py', '${REPORT_FILE}': '/Users/runner/work/rfswarm/rfswarm/Tests/Regression/Reporter/Logs/macos-latest_3.9/report.html', '${SPACE}': ' ', '${SUITE_DOCUMENTATION}': '', '${SUITE_NAME}': 'Reporter.GUI Basic', '${SUITE_SOURCE}': '/Users/runner/work/rfswarm/rfswarm/Tests/Regression/Reporter/GUI_Basic.robot', '${TEMPDIR}': '/var/folders/24/8k48jl6d249_n_qfxwsl6xvm0000gn/T', '${TEST_DOCUMENTATION}': '', '${TEST_NAME}': 'GUI Runs and Closes', '${True}': True, '&amp;{OPTIONS}': {'include': ['macos-latest'], 'exclude': [], 'skip': [], 'skip_on_failure': []}, '&amp;{SUITE_METADATA}': &lt;robot.utils.normalizing.NormalizedDict object at 0x108b5cc70&gt;, '@{appargs}': [], '@{TEST_TAGS}': ['macos-latest', 'ubuntu-latest', 'windows-latest']}</msg>
<status status="PASS" starttime="20230529 11:21:33.800" endtime="20230529 11:21:33.800"/>
</kw>
<kw name="Get Platform">
<kw name="Create Dictionary" library="BuiltIn">
<var>&amp;{platforms}</var>
<arg>Linux=ubuntu</arg>
<arg>Darwin=macos</arg>
<arg>Java=notsupported</arg>
<arg>Windows=windows</arg>
<doc>Creates and returns a dictionary based on the given ``items``.</doc>
<msg timestamp="20230529 11:21:33.801" level="INFO">&amp;{platforms} = { Linux=ubuntu | Darwin=macos | Java=notsupported | Windows=windows }</msg>
<status status="PASS" starttime="20230529 11:21:33.801" endtime="20230529 11:21:33.801"/>
</kw>
<kw name="Evaluate" library="BuiltIn">
<var>${os}</var>
<arg>platform.system()</arg>
<arg>platform</arg>
<doc>Evaluates the given expression in Python and returns the result.</doc>
<msg timestamp="20230529 11:21:33.802" level="INFO">${os} = Darwin</msg>
<status status="PASS" starttime="20230529 11:21:33.801" endtime="20230529 11:21:33.802"/>
</kw>
<kw name="Set Suite Variable" library="BuiltIn">
<arg>${platform}</arg>
<arg>${platforms}[${os}]</arg>
<doc>Makes a variable available everywhere within the scope of the current suite.</doc>
<msg timestamp="20230529 11:21:33.803" level="INFO">${platform} = macos</msg>
<status status="PASS" starttime="20230529 11:21:33.802" endtime="20230529 11:21:33.803"/>
</kw>
<status status="PASS" starttime="20230529 11:21:33.800" endtime="20230529 11:21:33.803"/>
</kw>
<kw name="Set Variable" library="BuiltIn">
<var>${keyword}</var>
<arg>Open GUI ${platform}</arg>
<doc>Returns the given values which can then be assigned to a variables.</doc>
<msg timestamp="20230529 11:21:33.804" level="INFO">${keyword} = Open GUI macos</msg>
<status status="PASS" starttime="20230529 11:21:33.803" endtime="20230529 11:21:33.804"/>
</kw>
<kw name="Run Keyword" library="BuiltIn">
<arg>${keyword}</arg>
<arg>@{appargs}</arg>
<doc>Executes the given keyword with the given arguments.</doc>
<kw name="Open GUI macos">
<arg>@{appargs}</arg>
<kw name="Set Suite Variable" library="BuiltIn">
<arg>${platform}</arg>
<arg>macos</arg>
<doc>Makes a variable available everywhere within the scope of the current suite.</doc>
<msg timestamp="20230529 11:21:33.809" level="INFO">${platform} = macos</msg>
<status status="PASS" starttime="20230529 11:21:33.809" endtime="20230529 11:21:33.809"/>
</kw>
<kw name="Set Confidence" library="ImageHorizonLibrary">
<arg>0.9</arg>
<doc>Sets the accuracy when finding images.</doc>
<status status="PASS" starttime="20230529 11:21:33.809" endtime="20230529 11:21:33.810"/>
</kw>
<kw name="Start Process" library="Process">
<arg>python3</arg>
<arg>${pyfile}</arg>
<arg>-g</arg>
<arg>5</arg>
<arg>@{appargs}</arg>
<arg>alias=Reporter</arg>
<arg>stdout=${OUTPUT DIR}${/}stdout.txt</arg>
<arg>stderr=${OUTPUT DIR}${/}stderr.txt</arg>
<doc>Starts a new process on background.</doc>
<msg timestamp="20230529 11:21:33.811" level="INFO">Starting process:
python3 /Users/runner/work/rfswarm/rfswarm/rfswarm_reporter/rfswarm_reporter.py -g 5</msg>
<status status="PASS" starttime="20230529 11:21:33.810" endtime="20230529 11:21:33.816"/>
</kw>
<kw name="Set Screenshot Folder" library="ImageHorizonLibrary">
<arg>${OUTPUT DIR}</arg>
<doc>Sets the folder where screenshots are saved to.</doc>
<status status="PASS" starttime="20230529 11:21:33.817" endtime="20230529 11:21:33.818"/>
</kw>
<kw name="Take A Screenshot" library="ImageHorizonLibrary">
<doc>Takes a screenshot of the screen.</doc>
<msg timestamp="20230529 11:21:33.818" level="INFO" html="true">Screenshot taken: /Users/runner/work/rfswarm/rfswarm/Tests/Regression/Reporter/Logs/macos-latest_3.9/Reporter.GUIBasic-screenshot-1.png&lt;br/&gt;&lt;img src="/Users/runner/work/rfswarm/rfswarm/Tests/Regression/Reporter/Logs/macos-latest_3.9/Reporter.GUIBasic-screenshot-1.png" width="100%" /&gt;</msg>
<status status="PASS" starttime="20230529 11:21:33.818" endtime="20230529 11:21:34.155"/>
</kw>
<status status="PASS" starttime="20230529 11:21:33.809" endtime="20230529 11:21:34.156"/>
</kw>
<status status="PASS" starttime="20230529 11:21:33.804" endtime="20230529 11:21:34.156"/>
</kw>
<status status="PASS" starttime="20230529 11:21:33.798" endtime="20230529 11:21:34.156"/>
</kw>
<kw name="Wait For Status">
<arg>PreviewLoaded</arg>
<kw name="Convert To Lower Case" library="String">
<var>${statusl}</var>
<arg>${status}</arg>
<doc>Converts string to lower case.</doc>
<msg timestamp="20230529 11:21:34.157" level="INFO">${statusl} = previewloaded</msg>
<status status="PASS" starttime="20230529 11:21:34.157" endtime="20230529 11:21:34.157"/>
</kw>
<kw name="Set Variable" library="BuiltIn">
<var>${img}</var>
<arg>reporter_${platform}_status_${statusl}.png</arg>
<doc>Returns the given values which can then be assigned to a variables.</doc>
<msg timestamp="20230529 11:21:34.158" level="INFO">${img} = reporter_macos_status_previewloaded.png</msg>
<status status="PASS" starttime="20230529 11:21:34.157" endtime="20230529 11:21:34.158"/>
</kw>
<kw name="Log" library="BuiltIn">
<arg>/Users/runner/work/rfswarm/rfswarm/Tests/Regression/Reporter</arg>
<doc>Logs the given message with the given level.</doc>
<msg timestamp="20230529 11:21:34.158" level="INFO">/Users/runner/work/rfswarm/rfswarm/Tests/Regression/Reporter</msg>
<status status="PASS" starttime="20230529 11:21:34.158" endtime="20230529 11:21:34.158"/>
</kw>
<kw name="Log" library="BuiltIn">
<arg>${IMAGE_DIR}</arg>
<doc>Logs the given message with the given level.</doc>
<msg timestamp="20230529 11:21:34.158" level="INFO">/Users/runner/work/rfswarm/rfswarm/Tests/Regression/Reporter/Images/file_method</msg>
<status status="PASS" starttime="20230529 11:21:34.158" endtime="20230529 11:21:34.158"/>
</kw>
<kw name="Wait For" library="ImageHorizonLibrary">
<arg>${img}</arg>
<arg>timeout=${timeout}</arg>
<doc>Tries to locate given image from the screen for given time.</doc>
<msg timestamp="20230529 11:21:36.921" level="INFO">Image "reporter_macos_status_previewloaded.png" found at (55, 440)</msg>
<status status="PASS" starttime="20230529 11:21:34.159" endtime="20230529 11:21:36.921"/>
</kw>
<kw name="Locate" library="ImageHorizonLibrary">
<var>@{coordinates}</var>
<arg>${img}</arg>
<doc>Locate image on screen.</doc>
<msg timestamp="20230529 11:21:37.389" level="INFO">Image "/Users/runner/work/rfswarm/rfswarm/Tests/Regression/Reporter/Images/file_method/reporter_macos_status_previewloaded.png" found at Box(left=4, top=431, width=103, height=18)</msg>
<msg timestamp="20230529 11:21:37.390" level="INFO">@{coordinates} = [ 55 | 440 ]</msg>
<status status="PASS" starttime="20230529 11:21:36.922" endtime="20230529 11:21:37.390"/>
</kw>
<kw name="Click Image" library="ImageHorizonLibrary">
<arg>${img}</arg>
<doc>Finds the reference image on screen and clicks it once.</doc>
<msg timestamp="20230529 11:21:37.797" level="INFO">Image "/Users/runner/work/rfswarm/rfswarm/Tests/Regression/Reporter/Images/file_method/reporter_macos_status_previewloaded.png" found at Box(left=4, top=431, width=103, height=18)</msg>
<msg timestamp="20230529 11:21:37.797" level="INFO">Clicking image "reporter_macos_status_previewloaded.png" in position (55, 440)</msg>
<status status="PASS" starttime="20230529 11:21:37.391" endtime="20230529 11:21:37.956"/>
</kw>
<kw name="Sleep" library="BuiltIn">
<arg>0.1</arg>
<doc>Pauses the test executed for the given time.</doc>
<msg timestamp="20230529 11:21:38.076" level="INFO">Slept 100 milliseconds</msg>
<status status="PASS" starttime="20230529 11:21:37.957" endtime="20230529 11:21:38.076"/>
</kw>
<kw name="Take A Screenshot" library="ImageHorizonLibrary">
<doc>Takes a screenshot of the screen.</doc>
<msg timestamp="20230529 11:21:38.076" level="INFO" html="true">Screenshot taken: /Users/runner/work/rfswarm/rfswarm/Tests/Regression/Reporter/Logs/macos-latest_3.9/Reporter.GUIBasic-screenshot-2.png&lt;br/&gt;&lt;img src="/Users/runner/work/rfswarm/rfswarm/Tests/Regression/Reporter/Logs/macos-latest_3.9/Reporter.GUIBasic-screenshot-2.png" width="100%" /&gt;</msg>
<status status="PASS" starttime="20230529 11:21:38.076" endtime="20230529 11:21:38.334"/>
</kw>
<status status="PASS" starttime="20230529 11:21:34.156" endtime="20230529 11:21:38.334"/>
</kw>
<kw name="Close GUI">
<kw name="Set Variable" library="BuiltIn">
<var>${keyword}</var>
<arg>Close GUI ${platform}</arg>
<doc>Returns the given values which can then be assigned to a variables.</doc>
<msg timestamp="20230529 11:21:38.336" level="INFO">${keyword} = Close GUI macos</msg>
<status status="PASS" starttime="20230529 11:21:38.335" endtime="20230529 11:21:38.336"/>
</kw>
<kw name="Is Process Running" library="Process">
<var>${running}</var>
<arg>${process}</arg>
<doc>Checks is the process running or not.</doc>
<msg timestamp="20230529 11:21:38.336" level="INFO">${running} = True</msg>
<status status="PASS" starttime="20230529 11:21:38.336" endtime="20230529 11:21:38.336"/>
</kw>
<if>
<branch type="IF" condition="${running}">
<kw name="Run Keyword" library="BuiltIn">
<arg>${keyword}</arg>
<doc>Executes the given keyword with the given arguments.</doc>
<kw name="Close GUI macos">
<kw name="Click Image" library="ImageHorizonLibrary">
<arg>reporter_${platform}_button_closewindow.png</arg>
<doc>Finds the reference image on screen and clicks it once.</doc>
<msg timestamp="20230529 11:21:38.706" level="INFO">Image "/Users/runner/work/rfswarm/rfswarm/Tests/Regression/Reporter/Images/file_method/reporter_macos_button_closewindow.png" found at Box(left=9, top=31, width=19, height=25)</msg>
<msg timestamp="20230529 11:21:38.707" level="INFO">Clicking image "reporter_macos_button_closewindow.png" in position (18, 43)</msg>
<status status="PASS" starttime="20230529 11:21:38.343" endtime="20230529 11:21:38.827"/>
</kw>
<kw name="Take A Screenshot" library="ImageHorizonLibrary">
<doc>Takes a screenshot of the screen.</doc>
<msg timestamp="20230529 11:21:38.828" level="INFO" html="true">Screenshot taken: /Users/runner/work/rfswarm/rfswarm/Tests/Regression/Reporter/Logs/macos-latest_3.9/Reporter.GUIBasic-screenshot-3.png&lt;br/&gt;&lt;img src="/Users/runner/work/rfswarm/rfswarm/Tests/Regression/Reporter/Logs/macos-latest_3.9/Reporter.GUIBasic-screenshot-3.png" width="100%" /&gt;</msg>
<status status="PASS" starttime="20230529 11:21:38.828" endtime="20230529 11:21:39.382"/>
</kw>
<kw name="Sleep" library="BuiltIn">
<arg>0.5</arg>
<doc>Pauses the test executed for the given time.</doc>
<msg timestamp="20230529 11:21:39.907" level="INFO">Slept 500 milliseconds</msg>
<status status="PASS" starttime="20230529 11:21:39.382" endtime="20230529 11:21:39.907"/>
</kw>
<kw name="End Process If Still Running">
<kw name="Wait For Process" library="Process">
<var>${result}</var>
<arg>${process}</arg>
<arg>timeout=60</arg>
<doc>Waits for the process to complete or to reach the given timeout.</doc>
<msg timestamp="20230529 11:21:39.908" level="INFO">Waiting for process to complete.</msg>
<msg timestamp="20230529 11:21:39.909" level="INFO">Process completed.</msg>
<msg timestamp="20230529 11:21:39.909" level="INFO">${result} = &lt;result object with rc 0&gt;</msg>
<status status="PASS" starttime="20230529 11:21:39.908" endtime="20230529 11:21:39.909"/>
</kw>
<kw name="Is Process Running" library="Process">
<var>${running}</var>
<arg>${process}</arg>
<doc>Checks is the process running or not.</doc>
<msg timestamp="20230529 11:21:39.909" level="INFO">${running} = False</msg>
<status status="PASS" starttime="20230529 11:21:39.909" endtime="20230529 11:21:39.909"/>
</kw>
<if>
<branch type="IF" condition="not ${running}">
<kw name="Check Result">
<arg>${result}</arg>
<kw name="Log" library="BuiltIn">
<arg>${result.stderr}</arg>
<doc>Logs the given message with the given level.</doc>
<msg timestamp="20230529 11:21:39.911" level="INFO"/>
<status status="PASS" starttime="20230529 11:21:39.910" endtime="20230529 11:21:39.911"/>
</kw>
<kw name="Should Not Contain" library="BuiltIn">
<arg>${result.stderr}</arg>
<arg>Traceback</arg>
<doc>Fails if ``container`` contains ``item`` one or more times.</doc>
<status status="PASS" starttime="20230529 11:21:39.911" endtime="20230529 11:21:39.912"/>
</kw>
<kw name="Should Be Equal As Integers" library="BuiltIn">
<arg>${result.rc}</arg>
<arg>0</arg>
<doc>Fails if objects are unequal after converting them to integers.</doc>
<msg timestamp="20230529 11:21:39.913" level="INFO">Argument types are:
&lt;class 'int'&gt;
&lt;class 'str'&gt;</msg>
<status status="PASS" starttime="20230529 11:21:39.912" endtime="20230529 11:21:39.913"/>
</kw>
<status status="PASS" starttime="20230529 11:21:39.910" endtime="20230529 11:21:39.913"/>
</kw>
<status status="PASS" starttime="20230529 11:21:39.909" endtime="20230529 11:21:39.913"/>
</branch>
<branch type="ELSE">
<kw name="Take A Screenshot" library="ImageHorizonLibrary">
<doc>Takes a screenshot of the screen.</doc>
<status status="NOT RUN" starttime="20230529 11:21:39.913" endtime="20230529 11:21:39.913"/>
</kw>
<kw name="Terminate Process" library="Process">
<var>${result}</var>
<arg>${process}</arg>
<doc>Stops the process gracefully or forcefully.</doc>
<status status="NOT RUN" starttime="20230529 11:21:39.913" endtime="20230529 11:21:39.914"/>
</kw>
<kw name="Check Result">
<arg>${result}</arg>
<status status="NOT RUN" starttime="20230529 11:21:39.914" endtime="20230529 11:21:39.914"/>
</kw>
<kw name="Fail" library="BuiltIn">
<arg>Had to Terminate Process</arg>
<doc>Fails the test with the given message and optionally alters its tags.</doc>
<status status="NOT RUN" starttime="20230529 11:21:39.914" endtime="20230529 11:21:39.914"/>
</kw>
<status status="NOT RUN" starttime="20230529 11:21:39.913" endtime="20230529 11:21:39.914"/>
</branch>
<status status="PASS" starttime="20230529 11:21:39.909" endtime="20230529 11:21:39.914"/>
</if>
<status status="PASS" starttime="20230529 11:21:39.907" endtime="20230529 11:21:39.914"/>
</kw>
<status status="PASS" starttime="20230529 11:21:38.342" endtime="20230529 11:21:39.914"/>
</kw>
<status status="PASS" starttime="20230529 11:21:38.337" endtime="20230529 11:21:39.914"/>
</kw>
<status status="PASS" starttime="20230529 11:21:38.337" endtime="20230529 11:21:39.914"/>
</branch>
<branch type="ELSE">
<kw name="Wait For Process" library="Process">
<var>${result}</var>
<arg>${process}</arg>
<arg>timeout=60</arg>
<doc>Waits for the process to complete or to reach the given timeout.</doc>
<status status="NOT RUN" starttime="20230529 11:21:39.915" endtime="20230529 11:21:39.915"/>
</kw>
<kw name="Check Result">
<arg>${result}</arg>
<status status="NOT RUN" starttime="20230529 11:21:39.915" endtime="20230529 11:21:39.915"/>
</kw>
<status status="NOT RUN" starttime="20230529 11:21:39.914" endtime="20230529 11:21:39.915"/>
</branch>
<status status="PASS" starttime="20230529 11:21:38.337" endtime="20230529 11:21:39.915"/>
</if>
<kw name="Sleep" library="BuiltIn">
<arg>0.5</arg>
<doc>Pauses the test executed for the given time.</doc>
<msg timestamp="20230529 11:21:40.454" level="INFO">Slept 500 milliseconds</msg>
<status status="PASS" starttime="20230529 11:21:39.915" endtime="20230529 11:21:40.455"/>
</kw>
<status status="PASS" starttime="20230529 11:21:38.335" endtime="20230529 11:21:40.455"/>
</kw>
<tag>macos-latest</tag>
<tag>ubuntu-latest</tag>
<tag>windows-latest</tag>
<status status="PASS" starttime="20230529 11:21:33.797" endtime="20230529 11:21:40.455"/>
</test>
<test id="s1-s2-t2" name="Select Preview Tab" line="22">
<kw name="Open GUI">
<kw name="Get Variables" library="BuiltIn">
<var>${var}</var>
<doc>Returns a dictionary containing all variables in the current scope.</doc>
<msg timestamp="20230529 11:21:40.457" level="INFO">${var} = {'${/}': '/', '${:}': ':', '${\\n}': '\n', '${DEBUG_FILE}': 'NONE', '${EXECDIR}': '/Users/runner/work/rfswarm/rfswarm', '${False}': False, '${IMAGE_DIR}': '/Users/runner/work/rfswarm/rfswarm/Tests/Reg...</msg>
<status status="PASS" starttime="20230529 11:21:40.457" endtime="20230529 11:21:40.457"/>
</kw>
<kw name="Log" library="BuiltIn">
<arg>${var}</arg>
<doc>Logs the given message with the given level.</doc>
<msg timestamp="20230529 11:21:40.458" level="INFO">{'${/}': '/', '${:}': ':', '${\\n}': '\n', '${DEBUG_FILE}': 'NONE', '${EXECDIR}': '/Users/runner/work/rfswarm/rfswarm', '${False}': False, '${IMAGE_DIR}': '/Users/runner/work/rfswarm/rfswarm/Tests/Regression/Reporter/Images/file_method', '${LOG_FILE}': '/Users/runner/work/rfswarm/rfswarm/Tests/Regression/Reporter/Logs/macos-latest_3.9/log.html', '${LOG_LEVEL}': 'INFO', '${None}': None, '${null}': None, '${OUTPUT_DIR}': '/Users/runner/work/rfswarm/rfswarm/Tests/Regression/Reporter/Logs/macos-latest_3.9', '${OUTPUT_FILE}': '/Users/runner/work/rfswarm/rfswarm/Tests/Regression/Reporter/Logs/macos-latest_3.9/output.xml', '${platform}': 'macos', '${PREV_TEST_MESSAGE}': '', '${PREV_TEST_NAME}': 'GUI Runs and Closes', '${PREV_TEST_STATUS}': 'PASS', '${process}': 'None', '${pyfile}': '/Users/runner/work/rfswarm/rfswarm/rfswarm_reporter/rfswarm_reporter.py', '${REPORT_FILE}': '/Users/runner/work/rfswarm/rfswarm/Tests/Regression/Reporter/Logs/macos-latest_3.9/report.html', '${SPACE}': ' ', '${SUITE_DOCUMENTATION}': '', '${SUITE_NAME}': 'Reporter.GUI Basic', '${SUITE_SOURCE}': '/Users/runner/work/rfswarm/rfswarm/Tests/Regression/Reporter/GUI_Basic.robot', '${TEMPDIR}': '/var/folders/24/8k48jl6d249_n_qfxwsl6xvm0000gn/T', '${TEST_DOCUMENTATION}': '', '${TEST_NAME}': 'Select Preview Tab', '${True}': True, '&amp;{OPTIONS}': {'include': ['macos-latest'], 'exclude': [], 'skip': [], 'skip_on_failure': []}, '&amp;{SUITE_METADATA}': &lt;robot.utils.normalizing.NormalizedDict object at 0x108b5cc70&gt;, '@{appargs}': [], '@{TEST_TAGS}': ['macos-latest', 'ubuntu-latest', 'windows-latest']}</msg>
<status status="PASS" starttime="20230529 11:21:40.458" endtime="20230529 11:21:40.458"/>
</kw>
<kw name="Get Platform">
<kw name="Create Dictionary" library="BuiltIn">
<var>&amp;{platforms}</var>
<arg>Linux=ubuntu</arg>
<arg>Darwin=macos</arg>
<arg>Java=notsupported</arg>
<arg>Windows=windows</arg>
<doc>Creates and returns a dictionary based on the given ``items``.</doc>
<msg timestamp="20230529 11:21:40.459" level="INFO">&amp;{platforms} = { Linux=ubuntu | Darwin=macos | Java=notsupported | Windows=windows }</msg>
<status status="PASS" starttime="20230529 11:21:40.458" endtime="20230529 11:21:40.459"/>
</kw>
<kw name="Evaluate" library="BuiltIn">
<var>${os}</var>
<arg>platform.system()</arg>
<arg>platform</arg>
<doc>Evaluates the given expression in Python and returns the result.</doc>
<msg timestamp="20230529 11:21:40.459" level="INFO">${os} = Darwin</msg>
<status status="PASS" starttime="20230529 11:21:40.459" endtime="20230529 11:21:40.459"/>
</kw>
<kw name="Set Suite Variable" library="BuiltIn">
<arg>${platform}</arg>
<arg>${platforms}[${os}]</arg>
<doc>Makes a variable available everywhere within the scope of the current suite.</doc>
<msg timestamp="20230529 11:21:40.460" level="INFO">${platform} = macos</msg>
<status status="PASS" starttime="20230529 11:21:40.460" endtime="20230529 11:21:40.460"/>
</kw>
<status status="PASS" starttime="20230529 11:21:40.458" endtime="20230529 11:21:40.460"/>
</kw>
<kw name="Set Variable" library="BuiltIn">
<var>${keyword}</var>
<arg>Open GUI ${platform}</arg>
<doc>Returns the given values which can then be assigned to a variables.</doc>
<msg timestamp="20230529 11:21:40.460" level="INFO">${keyword} = Open GUI macos</msg>
<status status="PASS" starttime="20230529 11:21:40.460" endtime="20230529 11:21:40.461"/>
</kw>
<kw name="Run Keyword" library="BuiltIn">
<arg>${keyword}</arg>
<arg>@{appargs}</arg>
<doc>Executes the given keyword with the given arguments.</doc>
<kw name="Open GUI macos">
<arg>@{appargs}</arg>
<kw name="Set Suite Variable" library="BuiltIn">
<arg>${platform}</arg>
<arg>macos</arg>
<doc>Makes a variable available everywhere within the scope of the current suite.</doc>
<msg timestamp="20230529 11:21:40.466" level="INFO">${platform} = macos</msg>
<status status="PASS" starttime="20230529 11:21:40.466" endtime="20230529 11:21:40.466"/>
</kw>
<kw name="Set Confidence" library="ImageHorizonLibrary">
<arg>0.9</arg>
<doc>Sets the accuracy when finding images.</doc>
<status status="PASS" starttime="20230529 11:21:40.466" endtime="20230529 11:21:40.467"/>
</kw>
<kw name="Start Process" library="Process">
<arg>python3</arg>
<arg>${pyfile}</arg>
<arg>-g</arg>
<arg>5</arg>
<arg>@{appargs}</arg>
<arg>alias=Reporter</arg>
<arg>stdout=${OUTPUT DIR}${/}stdout.txt</arg>
<arg>stderr=${OUTPUT DIR}${/}stderr.txt</arg>
<doc>Starts a new process on background.</doc>
<msg timestamp="20230529 11:21:40.468" level="INFO">Starting process:
python3 /Users/runner/work/rfswarm/rfswarm/rfswarm_reporter/rfswarm_reporter.py -g 5</msg>
<status status="PASS" starttime="20230529 11:21:40.467" endtime="20230529 11:21:40.473"/>
</kw>
<kw name="Set Screenshot Folder" library="ImageHorizonLibrary">
<arg>${OUTPUT DIR}</arg>
<doc>Sets the folder where screenshots are saved to.</doc>
<status status="PASS" starttime="20230529 11:21:40.474" endtime="20230529 11:21:40.475"/>
</kw>
<kw name="Take A Screenshot" library="ImageHorizonLibrary">
<doc>Takes a screenshot of the screen.</doc>
<msg timestamp="20230529 11:21:40.475" level="INFO" html="true">Screenshot taken: /Users/runner/work/rfswarm/rfswarm/Tests/Regression/Reporter/Logs/macos-latest_3.9/Reporter.GUIBasic-screenshot-4.png&lt;br/&gt;&lt;img src="/Users/runner/work/rfswarm/rfswarm/Tests/Regression/Reporter/Logs/macos-latest_3.9/Reporter.GUIBasic-screenshot-4.png" width="100%" /&gt;</msg>
<status status="PASS" starttime="20230529 11:21:40.475" endtime="20230529 11:21:40.741"/>
</kw>
<status status="PASS" starttime="20230529 11:21:40.466" endtime="20230529 11:21:40.741"/>
</kw>
<status status="PASS" starttime="20230529 11:21:40.461" endtime="20230529 11:21:40.742"/>
</kw>
<status status="PASS" starttime="20230529 11:21:40.456" endtime="20230529 11:21:40.742"/>
</kw>
<kw name="Wait For Status">
<arg>PreviewLoaded</arg>
<kw name="Convert To Lower Case" library="String">
<var>${statusl}</var>
<arg>${status}</arg>
<doc>Converts string to lower case.</doc>
<msg timestamp="20230529 11:21:40.743" level="INFO">${statusl} = previewloaded</msg>
<status status="PASS" starttime="20230529 11:21:40.743" endtime="20230529 11:21:40.743"/>
</kw>
<kw name="Set Variable" library="BuiltIn">
<var>${img}</var>
<arg>reporter_${platform}_status_${statusl}.png</arg>
<doc>Returns the given values which can then be assigned to a variables.</doc>
<msg timestamp="20230529 11:21:40.744" level="INFO">${img} = reporter_macos_status_previewloaded.png</msg>
<status status="PASS" starttime="20230529 11:21:40.743" endtime="20230529 11:21:40.744"/>
</kw>
<kw name="Log" library="BuiltIn">
<arg>/Users/runner/work/rfswarm/rfswarm/Tests/Regression/Reporter</arg>
<doc>Logs the given message with the given level.</doc>
<msg timestamp="20230529 11:21:40.744" level="INFO">/Users/runner/work/rfswarm/rfswarm/Tests/Regression/Reporter</msg>
<status status="PASS" starttime="20230529 11:21:40.744" endtime="20230529 11:21:40.744"/>
</kw>
<kw name="Log" library="BuiltIn">
<arg>${IMAGE_DIR}</arg>
<doc>Logs the given message with the given level.</doc>
<msg timestamp="20230529 11:21:40.745" level="INFO">/Users/runner/work/rfswarm/rfswarm/Tests/Regression/Reporter/Images/file_method</msg>
<status status="PASS" starttime="20230529 11:21:40.744" endtime="20230529 11:21:40.745"/>
</kw>
<kw name="Wait For" library="ImageHorizonLibrary">
<arg>${img}</arg>
<arg>timeout=${timeout}</arg>
<doc>Tries to locate given image from the screen for given time.</doc>
<msg timestamp="20230529 11:21:43.157" level="INFO">Image "reporter_macos_status_previewloaded.png" found at (55, 440)</msg>
<status status="PASS" starttime="20230529 11:21:40.745" endtime="20230529 11:21:43.158"/>
</kw>
<kw name="Locate" library="ImageHorizonLibrary">
<var>@{coordinates}</var>
<arg>${img}</arg>
<doc>Locate image on screen.</doc>
<msg timestamp="20230529 11:21:43.557" level="INFO">Image "/Users/runner/work/rfswarm/rfswarm/Tests/Regression/Reporter/Images/file_method/reporter_macos_status_previewloaded.png" found at Box(left=4, top=431, width=103, height=18)</msg>
<msg timestamp="20230529 11:21:43.558" level="INFO">@{coordinates} = [ 55 | 440 ]</msg>
<status status="PASS" starttime="20230529 11:21:43.158" endtime="20230529 11:21:43.558"/>
</kw>
<kw name="Click Image" library="ImageHorizonLibrary">
<arg>${img}</arg>
<doc>Finds the reference image on screen and clicks it once.</doc>
<msg timestamp="20230529 11:21:43.967" level="INFO">Image "/Users/runner/work/rfswarm/rfswarm/Tests/Regression/Reporter/Images/file_method/reporter_macos_status_previewloaded.png" found at Box(left=4, top=431, width=103, height=18)</msg>
<msg timestamp="20230529 11:21:43.968" level="INFO">Clicking image "reporter_macos_status_previewloaded.png" in position (55, 440)</msg>
<status status="PASS" starttime="20230529 11:21:43.558" endtime="20230529 11:21:44.132"/>
</kw>
<kw name="Sleep" library="BuiltIn">
<arg>0.1</arg>
<doc>Pauses the test executed for the given time.</doc>
<msg timestamp="20230529 11:21:44.245" level="INFO">Slept 100 milliseconds</msg>
<status status="PASS" starttime="20230529 11:21:44.133" endtime="20230529 11:21:44.245"/>
</kw>
<kw name="Take A Screenshot" library="ImageHorizonLibrary">
<doc>Takes a screenshot of the screen.</doc>
<msg timestamp="20230529 11:21:44.246" level="INFO" html="true">Screenshot taken: /Users/runner/work/rfswarm/rfswarm/Tests/Regression/Reporter/Logs/macos-latest_3.9/Reporter.GUIBasic-screenshot-5.png&lt;br/&gt;&lt;img src="/Users/runner/work/rfswarm/rfswarm/Tests/Regression/Reporter/Logs/macos-latest_3.9/Reporter.GUIBasic-screenshot-5.png" width="100%" /&gt;</msg>
<status status="PASS" starttime="20230529 11:21:44.245" endtime="20230529 11:21:44.528"/>
</kw>
<status status="PASS" starttime="20230529 11:21:40.742" endtime="20230529 11:21:44.529"/>
</kw>
<kw name="Click Tab">
<arg>Preview</arg>
<kw name="Convert To Lower Case" library="String">
<var>${tabnamel}</var>
<arg>${tabname}</arg>
<doc>Converts string to lower case.</doc>
<msg timestamp="20230529 11:21:44.530" level="INFO">${tabnamel} = preview</msg>
<status status="PASS" starttime="20230529 11:21:44.530" endtime="20230529 11:21:44.530"/>
</kw>
<kw name="Set Variable" library="BuiltIn">
<var>${img}</var>
<arg>reporter_${platform}_tab_${tabnamel}.png</arg>
<doc>Returns the given values which can then be assigned to a variables.</doc>
<msg timestamp="20230529 11:21:44.531" level="INFO">${img} = reporter_macos_tab_preview.png</msg>
<status status="PASS" starttime="20230529 11:21:44.530" endtime="20230529 11:21:44.531"/>
</kw>
<kw name="Log" library="BuiltIn">
<arg>/Users/runner/work/rfswarm/rfswarm/Tests/Regression/Reporter</arg>
<doc>Logs the given message with the given level.</doc>
<msg timestamp="20230529 11:21:44.531" level="INFO">/Users/runner/work/rfswarm/rfswarm/Tests/Regression/Reporter</msg>
<status status="PASS" starttime="20230529 11:21:44.531" endtime="20230529 11:21:44.531"/>
</kw>
<kw name="Log" library="BuiltIn">
<arg>${IMAGE_DIR}</arg>
<doc>Logs the given message with the given level.</doc>
<msg timestamp="20230529 11:21:44.531" level="INFO">/Users/runner/work/rfswarm/rfswarm/Tests/Regression/Reporter/Images/file_method</msg>
<status status="PASS" starttime="20230529 11:21:44.531" endtime="20230529 11:21:44.531"/>
</kw>
<kw name="Wait For" library="ImageHorizonLibrary">
<arg>${img}</arg>
<arg>timeout=300</arg>
<doc>Tries to locate given image from the screen for given time.</doc>
<msg timestamp="20230529 11:21:44.907" level="INFO">Image "reporter_macos_tab_preview.png" found at (482, 103)</msg>
<status status="PASS" starttime="20230529 11:21:44.532" endtime="20230529 11:21:44.908"/>
</kw>
<kw name="Locate" library="ImageHorizonLibrary">
<var>@{coordinates}</var>
<arg>${img}</arg>
<doc>Locate image on screen.</doc>
<msg timestamp="20230529 11:21:45.352" level="INFO">Image "/Users/runner/work/rfswarm/rfswarm/Tests/Regression/Reporter/Images/file_method/reporter_macos_tab_preview.png" found at Box(left=443, top=89, width=78, height=29)</msg>
<msg timestamp="20230529 11:21:45.353" level="INFO">@{coordinates} = [ 482 | 103 ]</msg>
<status status="PASS" starttime="20230529 11:21:44.908" endtime="20230529 11:21:45.353"/>
</kw>
<kw name="Click Image" library="ImageHorizonLibrary">
<arg>${img}</arg>
<doc>Finds the reference image on screen and clicks it once.</doc>
<msg timestamp="20230529 11:21:45.744" level="INFO">Image "/Users/runner/work/rfswarm/rfswarm/Tests/Regression/Reporter/Images/file_method/reporter_macos_tab_preview.png" found at Box(left=443, top=89, width=78, height=29)</msg>
<msg timestamp="20230529 11:21:45.744" level="INFO">Clicking image "reporter_macos_tab_preview.png" in position (482, 103)</msg>
<status status="PASS" starttime="20230529 11:21:45.353" endtime="20230529 11:21:45.901"/>
</kw>
<kw name="Sleep" library="BuiltIn">
<arg>0.1</arg>
<doc>Pauses the test executed for the given time.</doc>
<msg timestamp="20230529 11:21:46.008" level="INFO">Slept 100 milliseconds</msg>
<status status="PASS" starttime="20230529 11:21:45.901" endtime="20230529 11:21:46.009"/>
</kw>
<kw name="Take A Screenshot" library="ImageHorizonLibrary">
<doc>Takes a screenshot of the screen.</doc>
<msg timestamp="20230529 11:21:46.009" level="INFO" html="true">Screenshot taken: /Users/runner/work/rfswarm/rfswarm/Tests/Regression/Reporter/Logs/macos-latest_3.9/Reporter.GUIBasic-screenshot-6.png&lt;br/&gt;&lt;img src="/Users/runner/work/rfswarm/rfswarm/Tests/Regression/Reporter/Logs/macos-latest_3.9/Reporter.GUIBasic-screenshot-6.png" width="100%" /&gt;</msg>
<status status="PASS" starttime="20230529 11:21:46.009" endtime="20230529 11:21:46.276"/>
</kw>
<status status="PASS" starttime="20230529 11:21:44.529" endtime="20230529 11:21:46.276"/>
</kw>
<kw name="Close GUI">
<kw name="Set Variable" library="BuiltIn">
<var>${keyword}</var>
<arg>Close GUI ${platform}</arg>
<doc>Returns the given values which can then be assigned to a variables.</doc>
<msg timestamp="20230529 11:21:46.278" level="INFO">${keyword} = Close GUI macos</msg>
<status status="PASS" starttime="20230529 11:21:46.277" endtime="20230529 11:21:46.278"/>
</kw>
<kw name="Is Process Running" library="Process">
<var>${running}</var>
<arg>${process}</arg>
<doc>Checks is the process running or not.</doc>
<msg timestamp="20230529 11:21:46.278" level="INFO">${running} = True</msg>
<status status="PASS" starttime="20230529 11:21:46.278" endtime="20230529 11:21:46.278"/>
</kw>
<if>
<branch type="IF" condition="${running}">
<kw name="Run Keyword" library="BuiltIn">
<arg>${keyword}</arg>
<doc>Executes the given keyword with the given arguments.</doc>
<kw name="Close GUI macos">
<kw name="Click Image" library="ImageHorizonLibrary">
<arg>reporter_${platform}_button_closewindow.png</arg>
<doc>Finds the reference image on screen and clicks it once.</doc>
<msg timestamp="20230529 11:21:46.651" level="INFO">Image "/Users/runner/work/rfswarm/rfswarm/Tests/Regression/Reporter/Images/file_method/reporter_macos_button_closewindow.png" found at Box(left=9, top=31, width=19, height=25)</msg>
<msg timestamp="20230529 11:21:46.652" level="INFO">Clicking image "reporter_macos_button_closewindow.png" in position (18, 43)</msg>
<status status="PASS" starttime="20230529 11:21:46.286" endtime="20230529 11:21:46.778"/>
</kw>
<kw name="Take A Screenshot" library="ImageHorizonLibrary">
<doc>Takes a screenshot of the screen.</doc>
<msg timestamp="20230529 11:21:46.779" level="INFO" html="true">Screenshot taken: /Users/runner/work/rfswarm/rfswarm/Tests/Regression/Reporter/Logs/macos-latest_3.9/Reporter.GUIBasic-screenshot-7.png&lt;br/&gt;&lt;img src="/Users/runner/work/rfswarm/rfswarm/Tests/Regression/Reporter/Logs/macos-latest_3.9/Reporter.GUIBasic-screenshot-7.png" width="100%" /&gt;</msg>
<status status="PASS" starttime="20230529 11:21:46.779" endtime="20230529 11:21:47.258"/>
</kw>
<kw name="Sleep" library="BuiltIn">
<arg>0.5</arg>
<doc>Pauses the test executed for the given time.</doc>
<msg timestamp="20230529 11:21:47.791" level="INFO">Slept 500 milliseconds</msg>
<status status="PASS" starttime="20230529 11:21:47.259" endtime="20230529 11:21:47.791"/>
</kw>
<kw name="End Process If Still Running">
<kw name="Wait For Process" library="Process">
<var>${result}</var>
<arg>${process}</arg>
<arg>timeout=60</arg>
<doc>Waits for the process to complete or to reach the given timeout.</doc>
<msg timestamp="20230529 11:21:47.792" level="INFO">Waiting for process to complete.</msg>
<msg timestamp="20230529 11:21:47.793" level="INFO">Process completed.</msg>
<msg timestamp="20230529 11:21:47.793" level="INFO">${result} = &lt;result object with rc 0&gt;</msg>
<status status="PASS" starttime="20230529 11:21:47.792" endtime="20230529 11:21:47.793"/>
</kw>
<kw name="Is Process Running" library="Process">
<var>${running}</var>
<arg>${process}</arg>
<doc>Checks is the process running or not.</doc>
<msg timestamp="20230529 11:21:47.793" level="INFO">${running} = False</msg>
<status status="PASS" starttime="20230529 11:21:47.793" endtime="20230529 11:21:47.793"/>
</kw>
<if>
<branch type="IF" condition="not ${running}">
<kw name="Check Result">
<arg>${result}</arg>
<kw name="Log" library="BuiltIn">
<arg>${result.stderr}</arg>
<doc>Logs the given message with the given level.</doc>
<msg timestamp="20230529 11:21:47.796" level="INFO"/>
<status status="PASS" starttime="20230529 11:21:47.795" endtime="20230529 11:21:47.796"/>
</kw>
<kw name="Should Not Contain" library="BuiltIn">
<arg>${result.stderr}</arg>
<arg>Traceback</arg>
<doc>Fails if ``container`` contains ``item`` one or more times.</doc>
<status status="PASS" starttime="20230529 11:21:47.796" endtime="20230529 11:21:47.796"/>
</kw>
<kw name="Should Be Equal As Integers" library="BuiltIn">
<arg>${result.rc}</arg>
<arg>0</arg>
<doc>Fails if objects are unequal after converting them to integers.</doc>
<msg timestamp="20230529 11:21:47.798" level="INFO">Argument types are:
&lt;class 'int'&gt;
&lt;class 'str'&gt;</msg>
<status status="PASS" starttime="20230529 11:21:47.797" endtime="20230529 11:21:47.798"/>
</kw>
<status status="PASS" starttime="20230529 11:21:47.794" endtime="20230529 11:21:47.798"/>
</kw>
<status status="PASS" starttime="20230529 11:21:47.794" endtime="20230529 11:21:47.798"/>
</branch>
<branch type="ELSE">
<kw name="Take A Screenshot" library="ImageHorizonLibrary">
<doc>Takes a screenshot of the screen.</doc>
<status status="NOT RUN" starttime="20230529 11:21:47.798" endtime="20230529 11:21:47.798"/>
</kw>
<kw name="Terminate Process" library="Process">
<var>${result}</var>
<arg>${process}</arg>
<doc>Stops the process gracefully or forcefully.</doc>
<status status="NOT RUN" starttime="20230529 11:21:47.798" endtime="20230529 11:21:47.798"/>
</kw>
<kw name="Check Result">
<arg>${result}</arg>
<status status="NOT RUN" starttime="20230529 11:21:47.798" endtime="20230529 11:21:47.798"/>
</kw>
<kw name="Fail" library="BuiltIn">
<arg>Had to Terminate Process</arg>
<doc>Fails the test with the given message and optionally alters its tags.</doc>
<status status="NOT RUN" starttime="20230529 11:21:47.799" endtime="20230529 11:21:47.799"/>
</kw>
<status status="NOT RUN" starttime="20230529 11:21:47.798" endtime="20230529 11:21:47.799"/>
</branch>
<status status="PASS" starttime="20230529 11:21:47.793" endtime="20230529 11:21:47.799"/>
</if>
<status status="PASS" starttime="20230529 11:21:47.791" endtime="20230529 11:21:47.799"/>
</kw>
<status status="PASS" starttime="20230529 11:21:46.286" endtime="20230529 11:21:47.799"/>
</kw>
<status status="PASS" starttime="20230529 11:21:46.279" endtime="20230529 11:21:47.799"/>
</kw>
<status status="PASS" starttime="20230529 11:21:46.279" endtime="20230529 11:21:47.799"/>
</branch>
<branch type="ELSE">
<kw name="Wait For Process" library="Process">
<var>${result}</var>
<arg>${process}</arg>
<arg>timeout=60</arg>
<doc>Waits for the process to complete or to reach the given timeout.</doc>
<status status="NOT RUN" starttime="20230529 11:21:47.800" endtime="20230529 11:21:47.800"/>
</kw>
<kw name="Check Result">
<arg>${result}</arg>
<status status="NOT RUN" starttime="20230529 11:21:47.800" endtime="20230529 11:21:47.800"/>
</kw>
<status status="NOT RUN" starttime="20230529 11:21:47.799" endtime="20230529 11:21:47.800"/>
</branch>
<status status="PASS" starttime="20230529 11:21:46.279" endtime="20230529 11:21:47.800"/>
</if>
<kw name="Sleep" library="BuiltIn">
<arg>0.5</arg>
<doc>Pauses the test executed for the given time.</doc>
<msg timestamp="20230529 11:21:48.310" level="INFO">Slept 500 milliseconds</msg>
<status status="PASS" starttime="20230529 11:21:47.800" endtime="20230529 11:21:48.310"/>
</kw>
<status status="PASS" starttime="20230529 11:21:46.277" endtime="20230529 11:21:48.311"/>
</kw>
<tag>macos-latest</tag>
<tag>ubuntu-latest</tag>
<tag>windows-latest</tag>
<status status="PASS" starttime="20230529 11:21:40.456" endtime="20230529 11:21:48.311"/>
</test>
<test id="s1-s2-t3" name="First Run" line="29">
<kw name="Set Variable" library="BuiltIn">
<var>${testdata}</var>
<arg>Issue-#147</arg>
<doc>Returns the given values which can then be assigned to a variables.</doc>
<msg timestamp="20230529 11:21:48.312" level="INFO">${testdata} = Issue-#147</msg>
<status status="PASS" starttime="20230529 11:21:48.312" endtime="20230529 11:21:48.312"/>
</kw>
<kw name="Set Variable" library="BuiltIn">
<var>${resultdata}</var>
<arg>20230320_185055_demo</arg>
<doc>Returns the given values which can then be assigned to a variables.</doc>
<msg timestamp="20230529 11:21:48.312" level="INFO">${resultdata} = 20230320_185055_demo</msg>
<status status="PASS" starttime="20230529 11:21:48.312" endtime="20230529 11:21:48.312"/>
</kw>
<kw name="Set Variable" library="BuiltIn">
<var>${basefolder}</var>
<arg>/Users/runner/work/rfswarm/rfswarm/Tests/Regression/Reporter${/}testdata${/}${testdata}</arg>
<doc>Returns the given values which can then be assigned to a variables.</doc>
<msg timestamp="20230529 11:21:48.313" level="INFO">${basefolder} = /Users/runner/work/rfswarm/rfswarm/Tests/Regression/Reporter/testdata/Issue-#147</msg>
<status status="PASS" starttime="20230529 11:21:48.313" endtime="20230529 11:21:48.313"/>
</kw>
<kw name="Should Exist" library="OperatingSystem">
<arg>${basefolder}</arg>
<doc>Fails unless the given path (file or directory) exists.</doc>
<msg timestamp="20230529 11:21:48.313" level="INFO" html="true">Path '&lt;a href="file:///Users/runner/work/rfswarm/rfswarm/Tests/Regression/Reporter/testdata/Issue-#147"&gt;/Users/runner/work/rfswarm/rfswarm/Tests/Regression/Reporter/testdata/Issue-#147&lt;/a&gt;' exists.</msg>
<status status="PASS" starttime="20230529 11:21:48.313" endtime="20230529 11:21:48.313"/>
</kw>
<kw name="Log To Console" library="BuiltIn">
<arg>basefolder: ${basefolder}</arg>
<arg>console=True</arg>
<doc>Logs the given message to the console.</doc>
<status status="PASS" starttime="20230529 11:21:48.314" endtime="20230529 11:21:48.314"/>
</kw>
<kw name="Set Variable" library="BuiltIn">
<var>${resultfolder}</var>
<arg>${basefolder}${/}${resultdata}</arg>
<doc>Returns the given values which can then be assigned to a variables.</doc>
<msg timestamp="20230529 11:21:48.314" level="INFO">${resultfolder} = /Users/runner/work/rfswarm/rfswarm/Tests/Regression/Reporter/testdata/Issue-#147/20230320_185055_demo</msg>
<status status="PASS" starttime="20230529 11:21:48.314" endtime="20230529 11:21:48.314"/>
</kw>
<kw name="Should Exist" library="OperatingSystem">
<arg>${resultfolder}</arg>
<doc>Fails unless the given path (file or directory) exists.</doc>
<msg timestamp="20230529 11:21:48.315" level="INFO" html="true">Path '&lt;a href="file:///Users/runner/work/rfswarm/rfswarm/Tests/Regression/Reporter/testdata/Issue-#147/20230320_185055_demo"&gt;/Users/runner/work/rfswarm/rfswarm/Tests/Regression/Reporter/testdata/Issue-#147/20230320_185055_demo&lt;/a&gt;' exists.</msg>
<status status="PASS" starttime="20230529 11:21:48.315" endtime="20230529 11:21:48.315"/>
</kw>
<kw name="Log" library="BuiltIn">
<arg>resultfolder: ${resultfolder}</arg>
<arg>console=True</arg>
<doc>Logs the given message with the given level.</doc>
<msg timestamp="20230529 11:21:48.315" level="INFO">resultfolder: /Users/runner/work/rfswarm/rfswarm/Tests/Regression/Reporter/testdata/Issue-#147/20230320_185055_demo</msg>
<status status="PASS" starttime="20230529 11:21:48.315" endtime="20230529 11:21:48.315"/>
</kw>
<kw name="Get Time" library="BuiltIn">
<var>${epoch}</var>
<arg>epoch</arg>
<doc>Returns the given time in the requested format.</doc>
<msg timestamp="20230529 11:21:48.316" level="INFO">${epoch} = 1685359308</msg>
<status status="PASS" starttime="20230529 11:21:48.316" endtime="20230529 11:21:48.316"/>
</kw>
<kw name="Open GUI">
<arg>-i</arg>
<arg>blank_${epoch}.ini</arg>
<arg>-d</arg>
<arg>${resultfolder}</arg>
<kw name="Get Variables" library="BuiltIn">
<var>${var}</var>
<doc>Returns a dictionary containing all variables in the current scope.</doc>
<msg timestamp="20230529 11:21:48.317" level="INFO">${var} = {'${/}': '/', '${:}': ':', '${\\n}': '\n', '${DEBUG_FILE}': 'NONE', '${EXECDIR}': '/Users/runner/work/rfswarm/rfswarm', '${False}': False, '${IMAGE_DIR}': '/Users/runner/work/rfswarm/rfswarm/Tests/Reg...</msg>
<status status="PASS" starttime="20230529 11:21:48.316" endtime="20230529 11:21:48.317"/>
</kw>
<kw name="Log" library="BuiltIn">
<arg>${var}</arg>
<doc>Logs the given message with the given level.</doc>
<msg timestamp="20230529 11:21:48.318" level="INFO">{'${/}': '/', '${:}': ':', '${\\n}': '\n', '${DEBUG_FILE}': 'NONE', '${EXECDIR}': '/Users/runner/work/rfswarm/rfswarm', '${False}': False, '${IMAGE_DIR}': '/Users/runner/work/rfswarm/rfswarm/Tests/Regression/Reporter/Images/file_method', '${LOG_FILE}': '/Users/runner/work/rfswarm/rfswarm/Tests/Regression/Reporter/Logs/macos-latest_3.9/log.html', '${LOG_LEVEL}': 'INFO', '${None}': None, '${null}': None, '${OUTPUT_DIR}': '/Users/runner/work/rfswarm/rfswarm/Tests/Regression/Reporter/Logs/macos-latest_3.9', '${OUTPUT_FILE}': '/Users/runner/work/rfswarm/rfswarm/Tests/Regression/Reporter/Logs/macos-latest_3.9/output.xml', '${platform}': 'macos', '${PREV_TEST_MESSAGE}': '', '${PREV_TEST_NAME}': 'Select Preview Tab', '${PREV_TEST_STATUS}': 'PASS', '${process}': 'None', '${pyfile}': '/Users/runner/work/rfswarm/rfswarm/rfswarm_reporter/rfswarm_reporter.py', '${REPORT_FILE}': '/Users/runner/work/rfswarm/rfswarm/Tests/Regression/Reporter/Logs/macos-latest_3.9/report.html', '${SPACE}': ' ', '${SUITE_DOCUMENTATION}': '', '${SUITE_NAME}': 'Reporter.GUI Basic', '${SUITE_SOURCE}': '/Users/runner/work/rfswarm/rfswarm/Tests/Regression/Reporter/GUI_Basic.robot', '${TEMPDIR}': '/var/folders/24/8k48jl6d249_n_qfxwsl6xvm0000gn/T', '${TEST_DOCUMENTATION}': '', '${TEST_NAME}': 'First Run', '${True}': True, '&amp;{OPTIONS}': {'include': ['macos-latest'], 'exclude': [], 'skip': [], 'skip_on_failure': []}, '&amp;{SUITE_METADATA}': &lt;robot.utils.normalizing.NormalizedDict object at 0x108b5cc70&gt;, '@{appargs}': ['-i', 'blank_1685359308.ini', '-d', '/Users/runner/work/rfswarm/rfswarm/Tests/Regression/Reporter/testdata/Issue-#147/20230320_185055_demo'], '@{TEST_TAGS}': ['Issue #147', 'macos-latest', 'ubuntu-latest', 'windows-latest']}</msg>
<status status="PASS" starttime="20230529 11:21:48.317" endtime="20230529 11:21:48.318"/>
</kw>
<kw name="Get Platform">
<kw name="Create Dictionary" library="BuiltIn">
<var>&amp;{platforms}</var>
<arg>Linux=ubuntu</arg>
<arg>Darwin=macos</arg>
<arg>Java=notsupported</arg>
<arg>Windows=windows</arg>
<doc>Creates and returns a dictionary based on the given ``items``.</doc>
<msg timestamp="20230529 11:21:48.319" level="INFO">&amp;{platforms} = { Linux=ubuntu | Darwin=macos | Java=notsupported | Windows=windows }</msg>
<status status="PASS" starttime="20230529 11:21:48.318" endtime="20230529 11:21:48.319"/>
</kw>
<kw name="Evaluate" library="BuiltIn">
<var>${os}</var>
<arg>platform.system()</arg>
<arg>platform</arg>
<doc>Evaluates the given expression in Python and returns the result.</doc>
<msg timestamp="20230529 11:21:48.319" level="INFO">${os} = Darwin</msg>
<status status="PASS" starttime="20230529 11:21:48.319" endtime="20230529 11:21:48.319"/>
</kw>
<kw name="Set Suite Variable" library="BuiltIn">
<arg>${platform}</arg>
<arg>${platforms}[${os}]</arg>
<doc>Makes a variable available everywhere within the scope of the current suite.</doc>
<msg timestamp="20230529 11:21:48.320" level="INFO">${platform} = macos</msg>
<status status="PASS" starttime="20230529 11:21:48.319" endtime="20230529 11:21:48.320"/>
</kw>
<status status="PASS" starttime="20230529 11:21:48.318" endtime="20230529 11:21:48.320"/>
</kw>
<kw name="Set Variable" library="BuiltIn">
<var>${keyword}</var>
<arg>Open GUI ${platform}</arg>
<doc>Returns the given values which can then be assigned to a variables.</doc>
<msg timestamp="20230529 11:21:48.320" level="INFO">${keyword} = Open GUI macos</msg>
<status status="PASS" starttime="20230529 11:21:48.320" endtime="20230529 11:21:48.321"/>
</kw>
<kw name="Run Keyword" library="BuiltIn">
<arg>${keyword}</arg>
<arg>@{appargs}</arg>
<doc>Executes the given keyword with the given arguments.</doc>
<kw name="Open GUI macos">
<arg>@{appargs}</arg>
<kw name="Set Suite Variable" library="BuiltIn">
<arg>${platform}</arg>
<arg>macos</arg>
<doc>Makes a variable available everywhere within the scope of the current suite.</doc>
[...]
<status status="PASS" starttime="20230529 11:21:59.130" endtime="20230529 11:21:59.131"/>
</kw>
<kw name="Sort List" library="Collections">
<arg>${files}</arg>
<doc>Sorts the given list in place.</doc>
<status status="PASS" starttime="20230529 11:21:59.131" endtime="20230529 11:21:59.131"/>
</kw>
<kw name="Get Length" library="BuiltIn">
<var>${fc}</var>
<arg>${files}</arg>
<doc>Returns and logs the length of the given item as an integer.</doc>
<msg timestamp="20230529 11:21:59.132" level="INFO">Length is 13</msg>
<msg timestamp="20230529 11:21:59.132" level="INFO">${fc} = 13</msg>
<status status="PASS" starttime="20230529 11:21:59.131" endtime="20230529 11:21:59.132"/>
</kw>
<if>
<branch type="IF" condition="${fc} &gt; 9">
<kw name="Get Length" library="BuiltIn">
<var>${len0}</var>
<arg>${files}[0]</arg>
<doc>Returns and logs the length of the given item as an integer.</doc>
<msg timestamp="20230529 11:21:59.132" level="INFO">Length is 117</msg>
<msg timestamp="20230529 11:21:59.133" level="INFO">${len0} = 117</msg>
<status status="PASS" starttime="20230529 11:21:59.132" endtime="20230529 11:21:59.133"/>
</kw>
<while condition="True" limit="10">
<iter>
<kw name="Get Length" library="BuiltIn">
<var>${lenlast}</var>
<arg>${files}[-1]</arg>
<doc>Returns and logs the length of the given item as an integer.</doc>
<msg timestamp="20230529 11:21:59.133" level="INFO">Length is 117</msg>
<msg timestamp="20230529 11:21:59.133" level="INFO">${lenlast} = 117</msg>
<status status="PASS" starttime="20230529 11:21:59.133" endtime="20230529 11:21:59.133"/>
</kw>
<if>
<branch type="IF" condition="${lenlast} &gt; ${len0}">
<return>
<value>${files}[-1]</value>
<status status="NOT RUN" starttime="20230529 11:21:59.134" endtime="20230529 11:21:59.134"/>
</return>
<status status="NOT RUN" starttime="20230529 11:21:59.133" endtime="20230529 11:21:59.134"/>
</branch>
<branch type="ELSE">
<kw name="Remove From List" library="Collections">
<arg>${files}</arg>
<arg>-1</arg>
<doc>Removes and returns the value specified with an ``index`` from ``list``.</doc>
<status status="PASS" starttime="20230529 11:21:59.134" endtime="20230529 11:21:59.134"/>
</kw>
<status status="PASS" starttime="20230529 11:21:59.134" endtime="20230529 11:21:59.134"/>
</branch>
<status status="PASS" starttime="20230529 11:21:59.133" endtime="20230529 11:21:59.134"/>
</if>
<status status="PASS" starttime="20230529 11:21:59.133" endtime="20230529 11:21:59.134"/>
</iter>
<iter>
<kw name="Get Length" library="BuiltIn">
<var>${lenlast}</var>
<arg>${files}[-1]</arg>
<doc>Returns and logs the length of the given item as an integer.</doc>
<msg timestamp="20230529 11:21:59.135" level="INFO">Length is 117</msg>
<msg timestamp="20230529 11:21:59.135" level="INFO">${lenlast} = 117</msg>
<status status="PASS" starttime="20230529 11:21:59.135" endtime="20230529 11:21:59.135"/>
</kw>
<if>
<branch type="IF" condition="${lenlast} &gt; ${len0}">
<return>
<value>${files}[-1]</value>
<status status="NOT RUN" starttime="20230529 11:21:59.135" endtime="20230529 11:21:59.135"/>
</return>
<status status="NOT RUN" starttime="20230529 11:21:59.135" endtime="20230529 11:21:59.135"/>
</branch>
<branch type="ELSE">
<kw name="Remove From List" library="Collections">
<arg>${files}</arg>
<arg>-1</arg>
<doc>Removes and returns the value specified with an ``index`` from ``list``.</doc>
<status status="PASS" starttime="20230529 11:21:59.135" endtime="20230529 11:21:59.136"/>
</kw>
<status status="PASS" starttime="20230529 11:21:59.135" endtime="20230529 11:21:59.136"/>
</branch>
<status status="PASS" starttime="20230529 11:21:59.135" endtime="20230529 11:21:59.136"/>
</if>
<status status="PASS" starttime="20230529 11:21:59.134" endtime="20230529 11:21:59.136"/>
</iter>
<iter>
<kw name="Get Length" library="BuiltIn">
<var>${lenlast}</var>
<arg>${files}[-1]</arg>
<doc>Returns and logs the length of the given item as an integer.</doc>
<msg timestamp="20230529 11:21:59.136" level="INFO">Length is 117</msg>
<msg timestamp="20230529 11:21:59.136" level="INFO">${lenlast} = 117</msg>
<status status="PASS" starttime="20230529 11:21:59.136" endtime="20230529 11:21:59.136"/>
</kw>
<if>
<branch type="IF" condition="${lenlast} &gt; ${len0}">
<return>
<value>${files}[-1]</value>
<status status="NOT RUN" starttime="20230529 11:21:59.137" endtime="20230529 11:21:59.137"/>
</return>
<status status="NOT RUN" starttime="20230529 11:21:59.136" endtime="20230529 11:21:59.137"/>
</branch>
<branch type="ELSE">
<kw name="Remove From List" library="Collections">
<arg>${files}</arg>
<arg>-1</arg>
<doc>Removes and returns the value specified with an ``index`` from ``list``.</doc>
<status status="PASS" starttime="20230529 11:21:59.137" endtime="20230529 11:21:59.137"/>
</kw>
<status status="PASS" starttime="20230529 11:21:59.137" endtime="20230529 11:21:59.137"/>
</branch>
<status status="PASS" starttime="20230529 11:21:59.136" endtime="20230529 11:21:59.137"/>
</if>
<status status="PASS" starttime="20230529 11:21:59.136" endtime="20230529 11:21:59.137"/>
</iter>
<iter>
<kw name="Get Length" library="BuiltIn">
<var>${lenlast}</var>
<arg>${files}[-1]</arg>
<doc>Returns and logs the length of the given item as an integer.</doc>
<msg timestamp="20230529 11:21:59.138" level="INFO">Length is 117</msg>
<msg timestamp="20230529 11:21:59.138" level="INFO">${lenlast} = 117</msg>
<status status="PASS" starttime="20230529 11:21:59.137" endtime="20230529 11:21:59.138"/>
</kw>
<if>
<branch type="IF" condition="${lenlast} &gt; ${len0}">
<return>
<value>${files}[-1]</value>
<status status="NOT RUN" starttime="20230529 11:21:59.138" endtime="20230529 11:21:59.138"/>
</return>
<status status="NOT RUN" starttime="20230529 11:21:59.138" endtime="20230529 11:21:59.138"/>
</branch>
<branch type="ELSE">
<kw name="Remove From List" library="Collections">
<arg>${files}</arg>
<arg>-1</arg>
<doc>Removes and returns the value specified with an ``index`` from ``list``.</doc>
<status status="PASS" starttime="20230529 11:21:59.138" endtime="20230529 11:21:59.138"/>
</kw>
<status status="PASS" starttime="20230529 11:21:59.138" endtime="20230529 11:21:59.139"/>
</branch>
<status status="PASS" starttime="20230529 11:21:59.138" endtime="20230529 11:21:59.139"/>
</if>
<status status="PASS" starttime="20230529 11:21:59.137" endtime="20230529 11:21:59.139"/>
</iter>
<iter>
<kw name="Get Length" library="BuiltIn">
<var>${lenlast}</var>
<arg>${files}[-1]</arg>
<doc>Returns and logs the length of the given item as an integer.</doc>
<msg timestamp="20230529 11:21:59.139" level="INFO">Length is 117</msg>
<msg timestamp="20230529 11:21:59.139" level="INFO">${lenlast} = 117</msg>
<status status="PASS" starttime="20230529 11:21:59.139" endtime="20230529 11:21:59.139"/>
</kw>
<if>
<branch type="IF" condition="${lenlast} &gt; ${len0}">
<return>
<value>${files}[-1]</value>
<status status="NOT RUN" starttime="20230529 11:21:59.140" endtime="20230529 11:21:59.140"/>
</return>
<status status="NOT RUN" starttime="20230529 11:21:59.139" endtime="20230529 11:21:59.140"/>
</branch>
<branch type="ELSE">
<kw name="Remove From List" library="Collections">
<arg>${files}</arg>
<arg>-1</arg>
<doc>Removes and returns the value specified with an ``index`` from ``list``.</doc>
<status status="PASS" starttime="20230529 11:21:59.140" endtime="20230529 11:21:59.140"/>
</kw>
<status status="PASS" starttime="20230529 11:21:59.140" endtime="20230529 11:21:59.140"/>
</branch>
<status status="PASS" starttime="20230529 11:21:59.139" endtime="20230529 11:21:59.140"/>
</if>
<status status="PASS" starttime="20230529 11:21:59.139" endtime="20230529 11:21:59.140"/>
</iter>
<iter>
<kw name="Get Length" library="BuiltIn">
<var>${lenlast}</var>
<arg>${files}[-1]</arg>
<doc>Returns and logs the length of the given item as an integer.</doc>
<msg timestamp="20230529 11:21:59.141" level="INFO">Length is 117</msg>
<msg timestamp="20230529 11:21:59.141" level="INFO">${lenlast} = 117</msg>
<status status="PASS" starttime="20230529 11:21:59.140" endtime="20230529 11:21:59.141"/>
</kw>
<if>
<branch type="IF" condition="${lenlast} &gt; ${len0}">
<return>
<value>${files}[-1]</value>
<status status="NOT RUN" starttime="20230529 11:21:59.141" endtime="20230529 11:21:59.141"/>
</return>
<status status="NOT RUN" starttime="20230529 11:21:59.141" endtime="20230529 11:21:59.141"/>
</branch>
<branch type="ELSE">
<kw name="Remove From List" library="Collections">
<arg>${files}</arg>
<arg>-1</arg>
<doc>Removes and returns the value specified with an ``index`` from ``list``.</doc>
<status status="PASS" starttime="20230529 11:21:59.141" endtime="20230529 11:21:59.142"/>
</kw>
<status status="PASS" starttime="20230529 11:21:59.141" endtime="20230529 11:21:59.142"/>
</branch>
<status status="PASS" starttime="20230529 11:21:59.141" endtime="20230529 11:21:59.142"/>
</if>
<status status="PASS" starttime="20230529 11:21:59.140" endtime="20230529 11:21:59.142"/>
</iter>
<iter>
<kw name="Get Length" library="BuiltIn">
<var>${lenlast}</var>
<arg>${files}[-1]</arg>
<doc>Returns and logs the length of the given item as an integer.</doc>
<msg timestamp="20230529 11:21:59.142" level="INFO">Length is 117</msg>
<msg timestamp="20230529 11:21:59.142" level="INFO">${lenlast} = 117</msg>
<status status="PASS" starttime="20230529 11:21:59.142" endtime="20230529 11:21:59.142"/>
</kw>
<if>
<branch type="IF" condition="${lenlast} &gt; ${len0}">
<return>
<value>${files}[-1]</value>
<status status="NOT RUN" starttime="20230529 11:21:59.142" endtime="20230529 11:21:59.142"/>
</return>
<status status="NOT RUN" starttime="20230529 11:21:59.142" endtime="20230529 11:21:59.143"/>
</branch>
<branch type="ELSE">
<kw name="Remove From List" library="Collections">
<arg>${files}</arg>
<arg>-1</arg>
<doc>Removes and returns the value specified with an ``index`` from ``list``.</doc>
<status status="PASS" starttime="20230529 11:21:59.143" endtime="20230529 11:21:59.143"/>
</kw>
<status status="PASS" starttime="20230529 11:21:59.143" endtime="20230529 11:21:59.143"/>
</branch>
<status status="PASS" starttime="20230529 11:21:59.142" endtime="20230529 11:21:59.143"/>
</if>
<status status="PASS" starttime="20230529 11:21:59.142" endtime="20230529 11:21:59.143"/>
</iter>
<iter>
<kw name="Get Length" library="BuiltIn">
<var>${lenlast}</var>
<arg>${files}[-1]</arg>
<doc>Returns and logs the length of the given item as an integer.</doc>
<msg timestamp="20230529 11:21:59.143" level="INFO">Length is 117</msg>
<msg timestamp="20230529 11:21:59.144" level="INFO">${lenlast} = 117</msg>
<status status="PASS" starttime="20230529 11:21:59.143" endtime="20230529 11:21:59.144"/>
</kw>
<if>
<branch type="IF" condition="${lenlast} &gt; ${len0}">
<return>
<value>${files}[-1]</value>
<status status="NOT RUN" starttime="20230529 11:21:59.144" endtime="20230529 11:21:59.144"/>
</return>
<status status="NOT RUN" starttime="20230529 11:21:59.144" endtime="20230529 11:21:59.144"/>
</branch>
<branch type="ELSE">
<kw name="Remove From List" library="Collections">
<arg>${files}</arg>
<arg>-1</arg>
<doc>Removes and returns the value specified with an ``index`` from ``list``.</doc>
<status status="PASS" starttime="20230529 11:21:59.144" endtime="20230529 11:21:59.144"/>
</kw>
<status status="PASS" starttime="20230529 11:21:59.144" endtime="20230529 11:21:59.144"/>
</branch>
<status status="PASS" starttime="20230529 11:21:59.144" endtime="20230529 11:21:59.144"/>
</if>
<status status="PASS" starttime="20230529 11:21:59.143" endtime="20230529 11:21:59.144"/>
</iter>
<iter>
<kw name="Get Length" library="BuiltIn">
<var>${lenlast}</var>
<arg>${files}[-1]</arg>
<doc>Returns and logs the length of the given item as an integer.</doc>
<msg timestamp="20230529 11:21:59.145" level="INFO">Length is 118</msg>
<msg timestamp="20230529 11:21:59.145" level="INFO">${lenlast} = 118</msg>
<status status="PASS" starttime="20230529 11:21:59.145" endtime="20230529 11:21:59.145"/>
</kw>
<if>
<branch type="IF" condition="${lenlast} &gt; ${len0}">
<return>
<value>${files}[-1]</value>
<status status="PASS" starttime="20230529 11:21:59.145" endtime="20230529 11:21:59.145"/>
</return>
<status status="PASS" starttime="20230529 11:21:59.145" endtime="20230529 11:21:59.145"/>
</branch>
<branch type="ELSE">
<kw name="Remove From List" library="Collections">
<arg>${files}</arg>
<arg>-1</arg>
<doc>Removes and returns the value specified with an ``index`` from ``list``.</doc>
<status status="NOT RUN" starttime="20230529 11:21:59.146" endtime="20230529 11:21:59.146"/>
</kw>
<status status="NOT RUN" starttime="20230529 11:21:59.146" endtime="20230529 11:21:59.146"/>
</branch>
<status status="PASS" starttime="20230529 11:21:59.145" endtime="20230529 11:21:59.146"/>
</if>
<status status="PASS" starttime="20230529 11:21:59.144" endtime="20230529 11:21:59.146"/>
</iter>
<status status="PASS" starttime="20230529 11:21:59.133" endtime="20230529 11:21:59.146"/>
</while>
<status status="PASS" starttime="20230529 11:21:59.132" endtime="20230529 11:21:59.146"/>
</branch>
<branch type="ELSE">
<return>
<value>${files}[-1]</value>
<status status="NOT RUN" starttime="20230529 11:21:59.146" endtime="20230529 11:21:59.146"/>
</return>
<status status="NOT RUN" starttime="20230529 11:21:59.146" endtime="20230529 11:21:59.146"/>
</branch>
<status status="PASS" starttime="20230529 11:21:59.132" endtime="20230529 11:21:59.146"/>
</if>
<msg timestamp="20230529 11:21:59.146" level="INFO">${img} = /Users/runner/work/rfswarm/rfswarm/Tests/Regression/Reporter/Logs/macos-latest_3.9/Reporter.GUIBasic-screenshot-13.png</msg>
<status status="PASS" starttime="20230529 11:21:59.127" endtime="20230529 11:21:59.147"/>
</kw>
<kw name="Log" library="BuiltIn">
<arg>${img}</arg>
<doc>Logs the given message with the given level.</doc>
<msg timestamp="20230529 11:21:59.147" level="INFO">/Users/runner/work/rfswarm/rfswarm/Tests/Regression/Reporter/Logs/macos-latest_3.9/Reporter.GUIBasic-screenshot-13.png</msg>
<status status="PASS" starttime="20230529 11:21:59.147" endtime="20230529 11:21:59.147"/>
</kw>
<kw name="Read Image" library="OCRLibrary">
<var>${processed_img}</var>
<arg>${img}</arg>
<doc>Reads an image.</doc>
<msg timestamp="20230529 11:21:59.169" level="INFO">${processed_img} = [[[218 218 218]
  [218 218 218]
  [218 218 218]
  ...
  [218 218 218]
  [218 218 218]
  [218 218 218]]

 [[218 218 218]
  [218 218 218]
  [218 218 218]
  ...
  [218 218 218]
  [218 218 218]
  [218 218...</msg>
<status status="PASS" starttime="20230529 11:21:59.147" endtime="20230529 11:21:59.170"/>
</kw>
<kw name="Locate Text Bounds" library="OCRLibrary">
<var>${bounds}</var>
<arg>${processed_img}</arg>
<arg>${mytext}</arg>
<doc>Locates the bounds found around the provided text. This keyword gets the first occurrance of the text.
Use ``Locate Multiple Text Bounds`` if there is more than one occurrance of the text.
A tuple of the bounds is returned. Returns None if nothing is found.</doc>
<msg timestamp="20230529 11:22:00.524" level="INFO">${bounds} = None</msg>
<status status="PASS" starttime="20230529 11:21:59.170" endtime="20230529 11:22:00.524"/>
</kw>
<kw name="Log" library="BuiltIn">
<arg>${bounds}</arg>
<doc>Logs the given message with the given level.</doc>
<msg timestamp="20230529 11:22:00.525" level="INFO">None</msg>
<status status="PASS" starttime="20230529 11:22:00.525" endtime="20230529 11:22:00.525"/>
</kw>
<kw name="Evaluate" library="BuiltIn">
<var>${x}</var>
<arg>${bounds}[0]+int(${bounds}[2]/2)+${offsetx}</arg>
<doc>Evaluates the given expression in Python and returns the result.</doc>
<msg timestamp="20230529 11:22:00.526" level="FAIL">Variable '${bounds}' is None, which is not subscriptable, and thus accessing item '0' from it is not possible. To use '[0]' as a literal value, it needs to be escaped like '\[0]'.</msg>
<status status="FAIL" starttime="20230529 11:22:00.525" endtime="20230529 11:22:00.526"/>
</kw>
<kw name="Evaluate" library="BuiltIn">
<var>${y}</var>
<arg>${bounds}[1]+int(${bounds}[3]/2)+${offsety}</arg>
<doc>Evaluates the given expression in Python and returns the result.</doc>
<status status="NOT RUN" starttime="20230529 11:22:00.526" endtime="20230529 11:22:00.526"/>
</kw>
<kw name="Create List" library="BuiltIn">
<var>@{coordinates}</var>
<arg>${x}</arg>
<arg>${y}</arg>
<doc>Returns a list containing given items.</doc>
<status status="NOT RUN" starttime="20230529 11:22:00.526" endtime="20230529 11:22:00.526"/>
</kw>
<kw name="Move To" library="ImageHorizonLibrary">
<arg>${coordinates}</arg>
<doc>Moves the mouse pointer to an absolute coordinates.</doc>
<status status="NOT RUN" starttime="20230529 11:22:00.526" endtime="20230529 11:22:00.526"/>
</kw>
<kw name="Click" library="ImageHorizonLibrary">
<doc>Clicks with the specified mouse button.</doc>
<status status="NOT RUN" starttime="20230529 11:22:00.527" endtime="20230529 11:22:00.527"/>
</kw>
<kw name="Take A Screenshot" library="ImageHorizonLibrary">
<doc>Takes a screenshot of the screen.</doc>
<status status="NOT RUN" starttime="20230529 11:22:00.527" endtime="20230529 11:22:00.527"/>
</kw>
<status status="FAIL" starttime="20230529 11:21:58.869" endtime="20230529 11:22:00.527"/>
</kw>
<status status="FAIL" starttime="20230529 11:21:58.868" endtime="20230529 11:22:00.527"/>
</kw>
<kw name="Click Section">
<arg>toc</arg>
<arg>0</arg>
<arg>-20</arg>
<status status="NOT RUN" starttime="20230529 11:22:00.528" endtime="20230529 11:22:00.528"/>
</kw>
<kw name="Take A Screenshot" library="ImageHorizonLibrary">
<doc>Takes a screenshot of the screen.</doc>
<status status="NOT RUN" starttime="20230529 11:22:00.528" endtime="20230529 11:22:00.528"/>
</kw>
<kw name="Click Button">
<arg>AddSection</arg>
<status status="NOT RUN" starttime="20230529 11:22:00.528" endtime="20230529 11:22:00.528"/>
</kw>
<kw name="Close GUI">
<status status="NOT RUN" starttime="20230529 11:22:00.528" endtime="20230529 11:22:00.528"/>
</kw>
<tag>Issue #149</tag>
<tag>macos-latest</tag>
<tag>ubuntu-latest</tag>
<tag>windows-latest</tag>
<status status="FAIL" starttime="20230529 11:21:55.050" endtime="20230529 11:22:00.528">Variable '${bounds}' is None, which is not subscriptable, and thus accessing item '0' from it is not possible. To use '[0]' as a literal value, it needs to be escaped like '\[0]'.</status>
</test>
<test id="s1-s2-t5" name="Intentional Fail" line="61">
<kw name="Fail" library="BuiltIn">
<doc>Fails the test with the given message and optionally alters its tags.</doc>
<msg timestamp="20230529 11:22:00.530" level="FAIL">AssertionError</msg>
<status status="FAIL" starttime="20230529 11:22:00.530" endtime="20230529 11:22:00.530"/>
</kw>
<doc>Uncomment this test if you want to trigger updating Screenshots in the git repo
Ensure this is commented out before release or pull request</doc>
<tag>macos-latest</tag>
<tag>ubuntu-latest</tag>
<tag>windows-latest</tag>
<status status="FAIL" starttime="20230529 11:22:00.529" endtime="20230529 11:22:00.530">AssertionError</status>
</test>
<status status="FAIL" starttime="20230529 11:21:25.323" endtime="20230529 11:22:00.531"/>
</suite>
<status status="FAIL" starttime="20230529 11:20:55.768" endtime="20230529 11:22:00.533"/>
</suite>
<statistics>
<total>
<stat pass="8" fail="2" skip="0">All Tests</stat>
</total>
<tag>
<stat pass="1" fail="0" skip="0">DOCX</stat>
<stat pass="1" fail="0" skip="0">HTML</stat>
<stat pass="3" fail="0" skip="0">Issue #144</stat>
<stat pass="1" fail="0" skip="0">Issue #147</stat>
<stat pass="0" fail="1" skip="0">Issue #149</stat>
<stat pass="8" fail="2" skip="0">macos-latest</stat>
<stat pass="8" fail="2" skip="0">ubuntu-latest</stat>
<stat pass="8" fail="2" skip="0">windows-latest</stat>
<stat pass="1" fail="0" skip="0">XLSX</stat>
</tag>
<suite>
<stat pass="8" fail="2" skip="0" id="s1" name="Reporter">Reporter</stat>
<stat pass="5" fail="0" skip="0" id="s1-s1" name="CommandLine">Reporter.CommandLine</stat>
<stat pass="3" fail="2" skip="0" id="s1-s2" name="GUI Basic">Reporter.GUI Basic</stat>
</suite>
</statistics>
<errors>
</errors>
</robot>
