<?xml version="1.0" encoding="UTF-8"?>
<robot generator="Robot 6.0.2 (Python 3.9.16 on darwin)" generated="20230602 13:25:49.538" rpa="false" schemaversion="3">
<suite id="s1" name="Reporter" source="/Users/runner/work/rfswarm/rfswarm/Tests/Regression/Reporter">
<suite id="s1-s1" name="CommandLine" source="/Users/runner/work/rfswarm/rfswarm/Tests/Regression/Reporter/CommandLine.robot">
<kw name="Clean Up Old Files" type="SETUP">
<tag>macos-latest</tag>
<tag>ubuntu-latest</tag>
<tag>windows-latest</tag>
<kw name="Log To Console" library="BuiltIn">
<arg>${OUTPUT DIR}</arg>
<doc>Logs the given message to the console.</doc>
<status status="PASS" starttime="20230602 13:25:49.585" endtime="20230602 13:25:49.585"/>
</kw>
<kw name="Remove File" library="OperatingSystem">
<arg>${OUTPUT DIR}${/}*.txt</arg>
<doc>Removes a file with the given path.</doc>
<msg timestamp="20230602 13:25:49.586" level="INFO" html="true">Removed file '&lt;a href="file:///Users/runner/work/rfswarm/rfswarm/Tests/Regression/Reporter/Logs/macos-latest_3.9/stdout.txt"&gt;/Users/runner/work/rfswarm/rfswarm/Tests/Regression/Reporter/Logs/macos-latest_3.9/stdout.txt&lt;/a&gt;'.</msg>
<msg timestamp="20230602 13:25:49.586" level="INFO" html="true">Removed file '&lt;a href="file:///Users/runner/work/rfswarm/rfswarm/Tests/Regression/Reporter/Logs/macos-latest_3.9/stderr.txt"&gt;/Users/runner/work/rfswarm/rfswarm/Tests/Regression/Reporter/Logs/macos-latest_3.9/stderr.txt&lt;/a&gt;'.</msg>
<status status="PASS" starttime="20230602 13:25:49.585" endtime="20230602 13:25:49.586"/>
</kw>
<kw name="Remove File" library="OperatingSystem">
<arg>${OUTPUT DIR}${/}*.png</arg>
<doc>Removes a file with the given path.</doc>
<msg timestamp="20230602 13:25:49.587" level="INFO" html="true">Removed file '&lt;a href="file:///Users/runner/work/rfswarm/rfswarm/Tests/Regression/Reporter/Logs/macos-latest_3.9/Reporter.GUIBasic-screenshot-8.png"&gt;/Users/runner/work/rfswarm/rfswarm/Tests/Regression/Reporter/Logs/macos-latest_3.9/Reporter.GUIBasic-screenshot-8.png&lt;/a&gt;'.</msg>
<msg timestamp="20230602 13:25:49.587" level="INFO" html="true">Removed file '&lt;a href="file:///Users/runner/work/rfswarm/rfswarm/Tests/Regression/Reporter/Logs/macos-latest_3.9/Reporter.GUIBasic-screenshot-9.png"&gt;/Users/runner/work/rfswarm/rfswarm/Tests/Regression/Reporter/Logs/macos-latest_3.9/Reporter.GUIBasic-screenshot-9.png&lt;/a&gt;'.</msg>
<msg timestamp="20230602 13:25:49.587" level="INFO" html="true">Removed file '&lt;a href="file:///Users/runner/work/rfswarm/rfswarm/Tests/Regression/Reporter/Logs/macos-latest_3.9/Reporter.GUIBasic-screenshot-18.png"&gt;/Users/runner/work/rfswarm/rfswarm/Tests/Regression/Reporter/Logs/macos-latest_3.9/Reporter.GUIBasic-screenshot-18.png&lt;/a&gt;'.</msg>
<msg timestamp="20230602 13:25:49.588" level="INFO" html="true">Removed file '&lt;a href="file:///Users/runner/work/rfswarm/rfswarm/Tests/Regression/Reporter/Logs/macos-latest_3.9/Reporter.GUIBasic-screenshot-24.png"&gt;/Users/runner/work/rfswarm/rfswarm/Tests/Regression/Reporter/Logs/macos-latest_3.9/Reporter.GUIBasic-screenshot-24.png&lt;/a&gt;'.</msg>
<msg timestamp="20230602 13:25:49.588" level="INFO" html="true">Removed file '&lt;a href="file:///Users/runner/work/rfswarm/rfswarm/Tests/Regression/Reporter/Logs/macos-latest_3.9/Reporter.GUIBasic-screenshot-25.png"&gt;/Users/runner/work/rfswarm/rfswarm/Tests/Regression/Reporter/Logs/macos-latest_3.9/Reporter.GUIBasic-screenshot-25.png&lt;/a&gt;'.</msg>
<msg timestamp="20230602 13:25:49.588" level="INFO" html="true">Removed file '&lt;a href="file:///Users/runner/work/rfswarm/rfswarm/Tests/Regression/Reporter/Logs/macos-latest_3.9/Reporter.GUIBasic-screenshot-19.png"&gt;/Users/runner/work/rfswarm/rfswarm/Tests/Regression/Reporter/Logs/macos-latest_3.9/Reporter.GUIBasic-screenshot-19.png&lt;/a&gt;'.</msg>
<msg timestamp="20230602 13:25:49.588" level="INFO" html="true">Removed file '&lt;a href="file:///Users/runner/work/rfswarm/rfswarm/Tests/Regression/Reporter/Logs/macos-latest_3.9/Reporter.GUIBasic-screenshot-21.png"&gt;/Users/runner/work/rfswarm/rfswarm/Tests/Regression/Reporter/Logs/macos-latest_3.9/Reporter.GUIBasic-screenshot-21.png&lt;/a&gt;'.</msg>
<msg timestamp="20230602 13:25:49.588" level="INFO" html="true">Removed file '&lt;a href="file:///Users/runner/work/rfswarm/rfswarm/Tests/Regression/Reporter/Logs/macos-latest_3.9/Reporter.GUIBasic-screenshot-20.png"&gt;/Users/runner/work/rfswarm/rfswarm/Tests/Regression/Reporter/Logs/macos-latest_3.9/Reporter.GUIBasic-screenshot-20.png&lt;/a&gt;'.</msg>
<msg timestamp="20230602 13:25:49.589" level="INFO" html="true">Removed file '&lt;a href="file:///Users/runner/work/rfswarm/rfswarm/Tests/Regression/Reporter/Logs/macos-latest_3.9/Reporter.GUIBasic-screenshot-22.png"&gt;/Users/runner/work/rfswarm/rfswarm/Tests/Regression/Reporter/Logs/macos-latest_3.9/Reporter.GUIBasic-screenshot-22.png&lt;/a&gt;'.</msg>
<msg timestamp="20230602 13:25:49.589" level="INFO" html="true">Removed file '&lt;a href="file:///Users/runner/work/rfswarm/rfswarm/Tests/Regression/Reporter/Logs/macos-latest_3.9/Reporter.GUIBasic-screenshot-23.png"&gt;/Users/runner/work/rfswarm/rfswarm/Tests/Regression/Reporter/Logs/macos-latest_3.9/Reporter.GUIBasic-screenshot-23.png&lt;/a&gt;'.</msg>
<msg timestamp="20230602 13:25:49.589" level="INFO" html="true">Removed file '&lt;a href="file:///Users/runner/work/rfswarm/rfswarm/Tests/Regression/Reporter/Logs/macos-latest_3.9/Reporter.GUIBasic-screenshot-12.png"&gt;/Users/runner/work/rfswarm/rfswarm/Tests/Regression/Reporter/Logs/macos-latest_3.9/Reporter.GUIBasic-screenshot-12.png&lt;/a&gt;'.</msg>
<msg timestamp="20230602 13:25:49.589" level="INFO" html="true">Removed file '&lt;a href="file:///Users/runner/work/rfswarm/rfswarm/Tests/Regression/Reporter/Logs/macos-latest_3.9/Reporter.GUIBasic-screenshot-1.png"&gt;/Users/runner/work/rfswarm/rfswarm/Tests/Regression/Reporter/Logs/macos-latest_3.9/Reporter.GUIBasic-screenshot-1.png&lt;/a&gt;'.</msg>
<msg timestamp="20230602 13:25:49.589" level="INFO" html="true">Removed file '&lt;a href="file:///Users/runner/work/rfswarm/rfswarm/Tests/Regression/Reporter/Logs/macos-latest_3.9/Reporter.GUIBasic-screenshot-13.png"&gt;/Users/runner/work/rfswarm/rfswarm/Tests/Regression/Reporter/Logs/macos-latest_3.9/Reporter.GUIBasic-screenshot-13.png&lt;/a&gt;'.</msg>
<msg timestamp="20230602 13:25:49.590" level="INFO" html="true">Removed file '&lt;a href="file:///Users/runner/work/rfswarm/rfswarm/Tests/Regression/Reporter/Logs/macos-latest_3.9/Reporter.GUIBasic-screenshot-11.png"&gt;/Users/runner/work/rfswarm/rfswarm/Tests/Regression/Reporter/Logs/macos-latest_3.9/Reporter.GUIBasic-screenshot-11.png&lt;/a&gt;'.</msg>
<msg timestamp="20230602 13:25:49.590" level="INFO" html="true">Removed file '&lt;a href="file:///Users/runner/work/rfswarm/rfswarm/Tests/Regression/Reporter/Logs/macos-latest_3.9/Reporter.GUIBasic-screenshot-2.png"&gt;/Users/runner/work/rfswarm/rfswarm/Tests/Regression/Reporter/Logs/macos-latest_3.9/Reporter.GUIBasic-screenshot-2.png&lt;/a&gt;'.</msg>
<msg timestamp="20230602 13:25:49.590" level="INFO" html="true">Removed file '&lt;a href="file:///Users/runner/work/rfswarm/rfswarm/Tests/Regression/Reporter/Logs/macos-latest_3.9/Reporter.GUIBasic-screenshot-3.png"&gt;/Users/runner/work/rfswarm/rfswarm/Tests/Regression/Reporter/Logs/macos-latest_3.9/Reporter.GUIBasic-screenshot-3.png&lt;/a&gt;'.</msg>
<msg timestamp="20230602 13:25:49.590" level="INFO" html="true">Removed file '&lt;a href="file:///Users/runner/work/rfswarm/rfswarm/Tests/Regression/Reporter/Logs/macos-latest_3.9/Reporter.GUIBasic-screenshot-10.png"&gt;/Users/runner/work/rfswarm/rfswarm/Tests/Regression/Reporter/Logs/macos-latest_3.9/Reporter.GUIBasic-screenshot-10.png&lt;/a&gt;'.</msg>
<msg timestamp="20230602 13:25:49.591" level="INFO" html="true">Removed file '&lt;a href="file:///Users/runner/work/rfswarm/rfswarm/Tests/Regression/Reporter/Logs/macos-latest_3.9/Reporter.GUIBasic-screenshot-14.png"&gt;/Users/runner/work/rfswarm/rfswarm/Tests/Regression/Reporter/Logs/macos-latest_3.9/Reporter.GUIBasic-screenshot-14.png&lt;/a&gt;'.</msg>
<msg timestamp="20230602 13:25:49.591" level="INFO" html="true">Removed file '&lt;a href="file:///Users/runner/work/rfswarm/rfswarm/Tests/Regression/Reporter/Logs/macos-latest_3.9/Reporter.GUIBasic-screenshot-7.png"&gt;/Users/runner/work/rfswarm/rfswarm/Tests/Regression/Reporter/Logs/macos-latest_3.9/Reporter.GUIBasic-screenshot-7.png&lt;/a&gt;'.</msg>
<msg timestamp="20230602 13:25:49.591" level="INFO" html="true">Removed file '&lt;a href="file:///Users/runner/work/rfswarm/rfswarm/Tests/Regression/Reporter/Logs/macos-latest_3.9/Reporter.GUIBasic-screenshot-6.png"&gt;/Users/runner/work/rfswarm/rfswarm/Tests/Regression/Reporter/Logs/macos-latest_3.9/Reporter.GUIBasic-screenshot-6.png&lt;/a&gt;'.</msg>
<msg timestamp="20230602 13:25:49.591" level="INFO" html="true">Removed file '&lt;a href="file:///Users/runner/work/rfswarm/rfswarm/Tests/Regression/Reporter/Logs/macos-latest_3.9/Reporter.GUIBasic-screenshot-15.png"&gt;/Users/runner/work/rfswarm/rfswarm/Tests/Regression/Reporter/Logs/macos-latest_3.9/Reporter.GUIBasic-screenshot-15.png&lt;/a&gt;'.</msg>
<msg timestamp="20230602 13:25:49.591" level="INFO" html="true">Removed file '&lt;a href="file:///Users/runner/work/rfswarm/rfswarm/Tests/Regression/Reporter/Logs/macos-latest_3.9/Reporter.GUIBasic-screenshot-17.png"&gt;/Users/runner/work/rfswarm/rfswarm/Tests/Regression/Reporter/Logs/macos-latest_3.9/Reporter.GUIBasic-screenshot-17.png&lt;/a&gt;'.</msg>
<msg timestamp="20230602 13:25:49.592" level="INFO" html="true">Removed file '&lt;a href="file:///Users/runner/work/rfswarm/rfswarm/Tests/Regression/Reporter/Logs/macos-latest_3.9/Reporter.GUIBasic-screenshot-4.png"&gt;/Users/runner/work/rfswarm/rfswarm/Tests/Regression/Reporter/Logs/macos-latest_3.9/Reporter.GUIBasic-screenshot-4.png&lt;/a&gt;'.</msg>
<msg timestamp="20230602 13:25:49.592" level="INFO" html="true">Removed file '&lt;a href="file:///Users/runner/work/rfswarm/rfswarm/Tests/Regression/Reporter/Logs/macos-latest_3.9/Reporter.GUIBasic-screenshot-5.png"&gt;/Users/runner/work/rfswarm/rfswarm/Tests/Regression/Reporter/Logs/macos-latest_3.9/Reporter.GUIBasic-screenshot-5.png&lt;/a&gt;'.</msg>
<msg timestamp="20230602 13:25:49.592" level="INFO" html="true">Removed file '&lt;a href="file:///Users/runner/work/rfswarm/rfswarm/Tests/Regression/Reporter/Logs/macos-latest_3.9/Reporter.GUIBasic-screenshot-16.png"&gt;/Users/runner/work/rfswarm/rfswarm/Tests/Regression/Reporter/Logs/macos-latest_3.9/Reporter.GUIBasic-screenshot-16.png&lt;/a&gt;'.</msg>
<status status="PASS" starttime="20230602 13:25:49.586" endtime="20230602 13:25:49.592"/>
</kw>
<status status="PASS" starttime="20230602 13:25:49.584" endtime="20230602 13:25:49.592"/>
</kw>
<test id="s1-s1-t1" name="Reporter Version" line="16">
<kw name="Run" library="OperatingSystem">
<var>${result}</var>
<arg>python3 ${EXECDIR}${/}rfswarm_reporter${/}rfswarm_reporter.py -v</arg>
<doc>Runs the given command in the system and returns the output.</doc>
<msg timestamp="20230602 13:25:49.597" level="INFO">Running command 'python3 /Users/runner/work/rfswarm/rfswarm/rfswarm_reporter/rfswarm_reporter.py -v 2&gt;&amp;1'.</msg>
<msg timestamp="20230602 13:26:02.148" level="INFO">${result} = Robot Framework Swarm: Reporter 
	Version 1.1.3 </msg>
<status status="PASS" starttime="20230602 13:25:49.593" endtime="20230602 13:26:02.148"/>
</kw>
<kw name="Log To Console" library="BuiltIn">
<arg>${\n}${result}</arg>
<doc>Logs the given message to the console.</doc>
<status status="PASS" starttime="20230602 13:26:02.148" endtime="20230602 13:26:02.149"/>
</kw>
<kw name="Should Contain" library="BuiltIn">
<arg>${result}</arg>
<arg>Version</arg>
<doc>Fails if ``container`` does not contain ``item`` one or more times.</doc>
<status status="PASS" starttime="20230602 13:26:02.149" endtime="20230602 13:26:02.149"/>
</kw>
<kw name="Should Contain" library="BuiltIn">
<arg>${result}</arg>
<arg>Reporter</arg>
<doc>Fails if ``container`` does not contain ``item`` one or more times.</doc>
<status status="PASS" starttime="20230602 13:26:02.150" endtime="20230602 13:26:02.150"/>
</kw>
<tag>macos-latest</tag>
<tag>ubuntu-latest</tag>
<tag>windows-latest</tag>
<status status="PASS" starttime="20230602 13:25:49.593" endtime="20230602 13:26:02.150"/>
</test>
<test id="s1-s1-t2" name="Reporter Help" line="23">
<kw name="Run" library="OperatingSystem">
<var>${result}</var>
<arg>python3 ${EXECDIR}${/}rfswarm_reporter${/}rfswarm_reporter.py -h</arg>
<doc>Runs the given command in the system and returns the output.</doc>
<msg timestamp="20230602 13:26:02.155" level="INFO">Running command 'python3 /Users/runner/work/rfswarm/rfswarm/rfswarm_reporter/rfswarm_reporter.py -h 2&gt;&amp;1'.</msg>
<msg timestamp="20230602 13:26:03.286" level="INFO">${result} = Robot Framework Swarm: Reporter 
	Version 1.1.3 
usage: rfswarm_reporter.py [-h] [-g DEBUG] [-v] [-i INI] [-n] [-d DIR]
                           [-t TEMPLATE] [--html] [--docx] [--xlsx]

optional ar...</msg>
<status status="PASS" starttime="20230602 13:26:02.151" endtime="20230602 13:26:03.286"/>
</kw>
<kw name="Log To Console" library="BuiltIn">
<arg>${\n}${result}</arg>
<doc>Logs the given message to the console.</doc>
<status status="PASS" starttime="20230602 13:26:03.286" endtime="20230602 13:26:03.287"/>
</kw>
<kw name="Should Contain" library="BuiltIn">
<arg>${result}</arg>
<arg>Excel</arg>
<doc>Fails if ``container`` does not contain ``item`` one or more times.</doc>
<status status="PASS" starttime="20230602 13:26:03.287" endtime="20230602 13:26:03.287"/>
</kw>
<tag>macos-latest</tag>
<tag>ubuntu-latest</tag>
<tag>windows-latest</tag>
<status status="PASS" starttime="20230602 13:26:02.150" endtime="20230602 13:26:03.288"/>
</test>
<test id="s1-s1-t3" name="Command Line Generate HTML" line="29">
<kw name="Set Variable" library="BuiltIn">
<var>${testdata}</var>
<arg>Issue-#144</arg>
<doc>Returns the given values which can then be assigned to a variables.</doc>
<msg timestamp="20230602 13:26:03.289" level="INFO">${testdata} = Issue-#144</msg>
<status status="PASS" starttime="20230602 13:26:03.289" endtime="20230602 13:26:03.289"/>
</kw>
<kw name="Set Variable" library="BuiltIn">
<var>${resultdata}</var>
<arg>20230320_185055_demo</arg>
<doc>Returns the given values which can then be assigned to a variables.</doc>
<msg timestamp="20230602 13:26:03.289" level="INFO">${resultdata} = 20230320_185055_demo</msg>
<status status="PASS" starttime="20230602 13:26:03.289" endtime="20230602 13:26:03.289"/>
</kw>
<kw name="Set Variable" library="BuiltIn">
<var>${basefolder}</var>
<arg>/Users/runner/work/rfswarm/rfswarm/Tests/Regression/Reporter${/}testdata${/}${testdata}</arg>
<doc>Returns the given values which can then be assigned to a variables.</doc>
<msg timestamp="20230602 13:26:03.290" level="INFO">${basefolder} = /Users/runner/work/rfswarm/rfswarm/Tests/Regression/Reporter/testdata/Issue-#144</msg>
<status status="PASS" starttime="20230602 13:26:03.289" endtime="20230602 13:26:03.290"/>
</kw>
<kw name="Should Exist" library="OperatingSystem">
<arg>${basefolder}</arg>
<doc>Fails unless the given path (file or directory) exists.</doc>
<msg timestamp="20230602 13:26:03.290" level="INFO" html="true">Path '&lt;a href="file:///Users/runner/work/rfswarm/rfswarm/Tests/Regression/Reporter/testdata/Issue-#144"&gt;/Users/runner/work/rfswarm/rfswarm/Tests/Regression/Reporter/testdata/Issue-#144&lt;/a&gt;' exists.</msg>
<status status="PASS" starttime="20230602 13:26:03.290" endtime="20230602 13:26:03.290"/>
</kw>
<kw name="Log" library="BuiltIn">
<arg>basefolder: ${basefolder}</arg>
<arg>console=True</arg>
<doc>Logs the given message with the given level.</doc>
<msg timestamp="20230602 13:26:03.291" level="INFO">basefolder: /Users/runner/work/rfswarm/rfswarm/Tests/Regression/Reporter/testdata/Issue-#144</msg>
<status status="PASS" starttime="20230602 13:26:03.290" endtime="20230602 13:26:03.291"/>
</kw>
<kw name="Set Variable" library="BuiltIn">
<var>${resultfolder}</var>
<arg>${basefolder}${/}${resultdata}</arg>
<doc>Returns the given values which can then be assigned to a variables.</doc>
<msg timestamp="20230602 13:26:03.291" level="INFO">${resultfolder} = /Users/runner/work/rfswarm/rfswarm/Tests/Regression/Reporter/testdata/Issue-#144/20230320_185055_demo</msg>
<status status="PASS" starttime="20230602 13:26:03.291" endtime="20230602 13:26:03.291"/>
</kw>
<kw name="Should Exist" library="OperatingSystem">
<arg>${resultfolder}</arg>
<doc>Fails unless the given path (file or directory) exists.</doc>
<msg timestamp="20230602 13:26:03.292" level="INFO" html="true">Path '&lt;a href="file:///Users/runner/work/rfswarm/rfswarm/Tests/Regression/Reporter/testdata/Issue-#144/20230320_185055_demo"&gt;/Users/runner/work/rfswarm/rfswarm/Tests/Regression/Reporter/testdata/Issue-#144/20230320_185055_demo&lt;/a&gt;' exists.</msg>
<status status="PASS" starttime="20230602 13:26:03.292" endtime="20230602 13:26:03.292"/>
</kw>
<kw name="Log" library="BuiltIn">
<arg>resultfolder: ${resultfolder}</arg>
<arg>console=True</arg>
<doc>Logs the given message with the given level.</doc>
<msg timestamp="20230602 13:26:03.292" level="INFO">resultfolder: /Users/runner/work/rfswarm/rfswarm/Tests/Regression/Reporter/testdata/Issue-#144/20230320_185055_demo</msg>
<status status="PASS" starttime="20230602 13:26:03.292" endtime="20230602 13:26:03.292"/>
</kw>
<kw name="Set Variable" library="BuiltIn">
<var>${template}</var>
<arg>${basefolder}${/}90%ileTemplate.template</arg>
<doc>Returns the given values which can then be assigned to a variables.</doc>
<msg timestamp="20230602 13:26:03.293" level="INFO">${template} = /Users/runner/work/rfswarm/rfswarm/Tests/Regression/Reporter/testdata/Issue-#144/90%ileTemplate.template</msg>
<status status="PASS" starttime="20230602 13:26:03.292" endtime="20230602 13:26:03.293"/>
</kw>
<kw name="Should Exist" library="OperatingSystem">
<arg>${template}</arg>
<doc>Fails unless the given path (file or directory) exists.</doc>
<msg timestamp="20230602 13:26:03.293" level="INFO" html="true">Path '&lt;a href="file:///Users/runner/work/rfswarm/rfswarm/Tests/Regression/Reporter/testdata/Issue-#144/90%ileTemplate.template"&gt;/Users/runner/work/rfswarm/rfswarm/Tests/Regression/Reporter/testdata/Issue-#144/90%ileTemplate.template&lt;/a&gt;' exists.</msg>
<status status="PASS" starttime="20230602 13:26:03.293" endtime="20230602 13:26:03.293"/>
</kw>
<kw name="Log" library="BuiltIn">
<arg>template: ${template}</arg>
<arg>console=True</arg>
<doc>Logs the given message with the given level.</doc>
<msg timestamp="20230602 13:26:03.294" level="INFO">template: /Users/runner/work/rfswarm/rfswarm/Tests/Regression/Reporter/testdata/Issue-#144/90%ileTemplate.template</msg>
<status status="PASS" starttime="20230602 13:26:03.293" endtime="20230602 13:26:03.294"/>
</kw>
<kw name="Run" library="OperatingSystem">
<var>${result}</var>
<arg>python3 ${pyfile} -n -g 1 -d ${resultfolder} -t ${template} --html</arg>
<doc>Runs the given command in the system and returns the output.</doc>
<msg timestamp="20230602 13:26:03.299" level="INFO">Running command 'python3 /Users/runner/work/rfswarm/rfswarm/rfswarm_reporter/rfswarm_reporter.py -n -g 1 -d /Users/runner/work/rfswarm/rfswarm/Tests/Regression/Reporter/testdata/Issue-#144/20230320_185055_demo -t /Users/runner/work/rfswarm/rfswarm/Tests/Regression/Reporter/testdata/Issue-#144/90%ileTemplate.template --html 2&gt;&amp;1'.</msg>
<msg timestamp="20230602 13:26:08.704" level="INFO">${result} = </msg>
<status status="PASS" starttime="20230602 13:26:03.294" endtime="20230602 13:26:08.704"/>
</kw>
<kw name="Log" library="BuiltIn">
<arg>result: ${\n}${result}</arg>
<arg>console=True</arg>
<doc>Logs the given message with the given level.</doc>
<msg timestamp="20230602 13:26:08.706" level="INFO">result: 
</msg>
<status status="PASS" starttime="20230602 13:26:08.705" endtime="20230602 13:26:08.706"/>
</kw>
<kw name="Should Not Contain" library="BuiltIn">
<arg>${result}</arg>
<arg>Traceback</arg>
<doc>Fails if ``container`` contains ``item`` one or more times.</doc>
<status status="PASS" starttime="20230602 13:26:08.706" endtime="20230602 13:26:08.706"/>
</kw>
<kw name="Should Exist" library="OperatingSystem">
<arg>${resultfolder}${/}${resultdata}.html</arg>
<doc>Fails unless the given path (file or directory) exists.</doc>
<msg timestamp="20230602 13:26:08.707" level="INFO" html="true">Path '&lt;a href="file:///Users/runner/work/rfswarm/rfswarm/Tests/Regression/Reporter/testdata/Issue-#144/20230320_185055_demo/20230320_185055_demo.html"&gt;/Users/runner/work/rfswarm/rfswarm/Tests/Regression/Reporter/testdata/Issue-#144/20230320_185055_demo/20230320_185055_demo.html&lt;/a&gt;' exists.</msg>
<status status="PASS" starttime="20230602 13:26:08.706" endtime="20230602 13:26:08.707"/>
</kw>
<tag>HTML</tag>
<tag>Issue #144</tag>
<tag>macos-latest</tag>
<tag>ubuntu-latest</tag>
<tag>windows-latest</tag>
<status status="PASS" starttime="20230602 13:26:03.288" endtime="20230602 13:26:08.707"/>
</test>
<test id="s1-s1-t4" name="Command Line Generate Docx" line="47">
<kw name="Set Variable" library="BuiltIn">
<var>${testdata}</var>
<arg>Issue-#144</arg>
<doc>Returns the given values which can then be assigned to a variables.</doc>
<msg timestamp="20230602 13:26:08.708" level="INFO">${testdata} = Issue-#144</msg>
<status status="PASS" starttime="20230602 13:26:08.708" endtime="20230602 13:26:08.708"/>
</kw>
<kw name="Set Variable" library="BuiltIn">
<var>${resultdata}</var>
<arg>20230320_185055_demo</arg>
<doc>Returns the given values which can then be assigned to a variables.</doc>
<msg timestamp="20230602 13:26:08.709" level="INFO">${resultdata} = 20230320_185055_demo</msg>
<status status="PASS" starttime="20230602 13:26:08.708" endtime="20230602 13:26:08.709"/>
</kw>
<kw name="Set Variable" library="BuiltIn">
<var>${basefolder}</var>
<arg>/Users/runner/work/rfswarm/rfswarm/Tests/Regression/Reporter${/}testdata${/}${testdata}</arg>
<doc>Returns the given values which can then be assigned to a variables.</doc>
<msg timestamp="20230602 13:26:08.709" level="INFO">${basefolder} = /Users/runner/work/rfswarm/rfswarm/Tests/Regression/Reporter/testdata/Issue-#144</msg>
<status status="PASS" starttime="20230602 13:26:08.709" endtime="20230602 13:26:08.709"/>
</kw>
<kw name="Should Exist" library="OperatingSystem">
<arg>${basefolder}</arg>
<doc>Fails unless the given path (file or directory) exists.</doc>
<msg timestamp="20230602 13:26:08.709" level="INFO" html="true">Path '&lt;a href="file:///Users/runner/work/rfswarm/rfswarm/Tests/Regression/Reporter/testdata/Issue-#144"&gt;/Users/runner/work/rfswarm/rfswarm/Tests/Regression/Reporter/testdata/Issue-#144&lt;/a&gt;' exists.</msg>
<status status="PASS" starttime="20230602 13:26:08.709" endtime="20230602 13:26:08.710"/>
</kw>
<kw name="Log To Console" library="BuiltIn">
<arg>basefolder: ${basefolder}</arg>
<arg>console=True</arg>
<doc>Logs the given message to the console.</doc>
<status status="PASS" starttime="20230602 13:26:08.710" endtime="20230602 13:26:08.710"/>
</kw>
<kw name="Set Variable" library="BuiltIn">
<var>${resultfolder}</var>
<arg>${basefolder}${/}${resultdata}</arg>
<doc>Returns the given values which can then be assigned to a variables.</doc>
<msg timestamp="20230602 13:26:08.710" level="INFO">${resultfolder} = /Users/runner/work/rfswarm/rfswarm/Tests/Regression/Reporter/testdata/Issue-#144/20230320_185055_demo</msg>
<status status="PASS" starttime="20230602 13:26:08.710" endtime="20230602 13:26:08.710"/>
</kw>
<kw name="Should Exist" library="OperatingSystem">
<arg>${resultfolder}</arg>
<doc>Fails unless the given path (file or directory) exists.</doc>
<msg timestamp="20230602 13:26:08.711" level="INFO" html="true">Path '&lt;a href="file:///Users/runner/work/rfswarm/rfswarm/Tests/Regression/Reporter/testdata/Issue-#144/20230320_185055_demo"&gt;/Users/runner/work/rfswarm/rfswarm/Tests/Regression/Reporter/testdata/Issue-#144/20230320_185055_demo&lt;/a&gt;' exists.</msg>
<status status="PASS" starttime="20230602 13:26:08.711" endtime="20230602 13:26:08.711"/>
</kw>
<kw name="Log" library="BuiltIn">
<arg>resultfolder: ${resultfolder}</arg>
<arg>console=True</arg>
<doc>Logs the given message with the given level.</doc>
<msg timestamp="20230602 13:26:08.711" level="INFO">resultfolder: /Users/runner/work/rfswarm/rfswarm/Tests/Regression/Reporter/testdata/Issue-#144/20230320_185055_demo</msg>
<status status="PASS" starttime="20230602 13:26:08.711" endtime="20230602 13:26:08.711"/>
</kw>
<kw name="Set Variable" library="BuiltIn">
<var>${template}</var>
<arg>${basefolder}${/}90%ileTemplate.template</arg>
<doc>Returns the given values which can then be assigned to a variables.</doc>
<msg timestamp="20230602 13:26:08.712" level="INFO">${template} = /Users/runner/work/rfswarm/rfswarm/Tests/Regression/Reporter/testdata/Issue-#144/90%ileTemplate.template</msg>
<status status="PASS" starttime="20230602 13:26:08.712" endtime="20230602 13:26:08.712"/>
</kw>
<kw name="Should Exist" library="OperatingSystem">
<arg>${template}</arg>
<doc>Fails unless the given path (file or directory) exists.</doc>
<msg timestamp="20230602 13:26:08.712" level="INFO" html="true">Path '&lt;a href="file:///Users/runner/work/rfswarm/rfswarm/Tests/Regression/Reporter/testdata/Issue-#144/90%ileTemplate.template"&gt;/Users/runner/work/rfswarm/rfswarm/Tests/Regression/Reporter/testdata/Issue-#144/90%ileTemplate.template&lt;/a&gt;' exists.</msg>
<status status="PASS" starttime="20230602 13:26:08.712" endtime="20230602 13:26:08.712"/>
</kw>
<kw name="Log" library="BuiltIn">
<arg>template: ${template}</arg>
<arg>console=True</arg>
<doc>Logs the given message with the given level.</doc>
<msg timestamp="20230602 13:26:08.713" level="INFO">template: /Users/runner/work/rfswarm/rfswarm/Tests/Regression/Reporter/testdata/Issue-#144/90%ileTemplate.template</msg>
<status status="PASS" starttime="20230602 13:26:08.712" endtime="20230602 13:26:08.713"/>
</kw>
<kw name="Run" library="OperatingSystem">
<var>${result}</var>
<arg>python3 ${pyfile} -n -g 1 -d ${resultfolder} -t ${template} --docx</arg>
<doc>Runs the given command in the system and returns the output.</doc>
<msg timestamp="20230602 13:26:08.716" level="INFO">Running command 'python3 /Users/runner/work/rfswarm/rfswarm/rfswarm_reporter/rfswarm_reporter.py -n -g 1 -d /Users/runner/work/rfswarm/rfswarm/Tests/Regression/Reporter/testdata/Issue-#144/20230320_185055_demo -t /Users/runner/work/rfswarm/rfswarm/Tests/Regression/Reporter/testdata/Issue-#144/90%ileTemplate.template --docx 2&gt;&amp;1'.</msg>
<msg timestamp="20230602 13:26:15.088" level="INFO">${result} = </msg>
<status status="PASS" starttime="20230602 13:26:08.713" endtime="20230602 13:26:15.089"/>
</kw>
<kw name="Log" library="BuiltIn">
<arg>${\n}${result}</arg>
<arg>console=True</arg>
<doc>Logs the given message with the given level.</doc>
<msg timestamp="20230602 13:26:15.090" level="INFO">
</msg>
<status status="PASS" starttime="20230602 13:26:15.089" endtime="20230602 13:26:15.090"/>
</kw>
<kw name="Should Not Contain" library="BuiltIn">
<arg>${result}</arg>
<arg>Traceback</arg>
<doc>Fails if ``container`` contains ``item`` one or more times.</doc>
<status status="PASS" starttime="20230602 13:26:15.090" endtime="20230602 13:26:15.090"/>
</kw>
<kw name="Should Exist" library="OperatingSystem">
<arg>${resultfolder}${/}${resultdata}.docx</arg>
<doc>Fails unless the given path (file or directory) exists.</doc>
<msg timestamp="20230602 13:26:15.091" level="INFO" html="true">Path '&lt;a href="file:///Users/runner/work/rfswarm/rfswarm/Tests/Regression/Reporter/testdata/Issue-#144/20230320_185055_demo/20230320_185055_demo.docx"&gt;/Users/runner/work/rfswarm/rfswarm/Tests/Regression/Reporter/testdata/Issue-#144/20230320_185055_demo/20230320_185055_demo.docx&lt;/a&gt;' exists.</msg>
<status status="PASS" starttime="20230602 13:26:15.090" endtime="20230602 13:26:15.091"/>
</kw>
<tag>DOCX</tag>
<tag>Issue #144</tag>
<tag>macos-latest</tag>
<tag>ubuntu-latest</tag>
<tag>windows-latest</tag>
<status status="PASS" starttime="20230602 13:26:08.707" endtime="20230602 13:26:15.091"/>
</test>
<test id="s1-s1-t5" name="Command Line Generate Xlsx" line="65">
<kw name="Set Variable" library="BuiltIn">
<var>${testdata}</var>
<arg>Issue-#144</arg>
<doc>Returns the given values which can then be assigned to a variables.</doc>
<msg timestamp="20230602 13:26:15.092" level="INFO">${testdata} = Issue-#144</msg>
<status status="PASS" starttime="20230602 13:26:15.092" endtime="20230602 13:26:15.092"/>
</kw>
<kw name="Set Variable" library="BuiltIn">
<var>${resultdata}</var>
<arg>20230320_185055_demo</arg>
<doc>Returns the given values which can then be assigned to a variables.</doc>
<msg timestamp="20230602 13:26:15.093" level="INFO">${resultdata} = 20230320_185055_demo</msg>
<status status="PASS" starttime="20230602 13:26:15.093" endtime="20230602 13:26:15.093"/>
</kw>
<kw name="Set Variable" library="BuiltIn">
<var>${basefolder}</var>
<arg>/Users/runner/work/rfswarm/rfswarm/Tests/Regression/Reporter${/}testdata${/}${testdata}</arg>
<doc>Returns the given values which can then be assigned to a variables.</doc>
<msg timestamp="20230602 13:26:15.093" level="INFO">${basefolder} = /Users/runner/work/rfswarm/rfswarm/Tests/Regression/Reporter/testdata/Issue-#144</msg>
<status status="PASS" starttime="20230602 13:26:15.093" endtime="20230602 13:26:15.093"/>
</kw>
<kw name="Should Exist" library="OperatingSystem">
<arg>${basefolder}</arg>
<doc>Fails unless the given path (file or directory) exists.</doc>
<msg timestamp="20230602 13:26:15.094" level="INFO" html="true">Path '&lt;a href="file:///Users/runner/work/rfswarm/rfswarm/Tests/Regression/Reporter/testdata/Issue-#144"&gt;/Users/runner/work/rfswarm/rfswarm/Tests/Regression/Reporter/testdata/Issue-#144&lt;/a&gt;' exists.</msg>
<status status="PASS" starttime="20230602 13:26:15.093" endtime="20230602 13:26:15.094"/>
</kw>
<kw name="Log" library="BuiltIn">
<arg>basefolder: ${basefolder}</arg>
<arg>console=True</arg>
<doc>Logs the given message with the given level.</doc>
<msg timestamp="20230602 13:26:15.094" level="INFO">basefolder: /Users/runner/work/rfswarm/rfswarm/Tests/Regression/Reporter/testdata/Issue-#144</msg>
<status status="PASS" starttime="20230602 13:26:15.094" endtime="20230602 13:26:15.094"/>
</kw>
<kw name="Set Variable" library="BuiltIn">
<var>${resultfolder}</var>
<arg>${basefolder}${/}${resultdata}</arg>
<doc>Returns the given values which can then be assigned to a variables.</doc>
<msg timestamp="20230602 13:26:15.095" level="INFO">${resultfolder} = /Users/runner/work/rfswarm/rfswarm/Tests/Regression/Reporter/testdata/Issue-#144/20230320_185055_demo</msg>
<status status="PASS" starttime="20230602 13:26:15.094" endtime="20230602 13:26:15.095"/>
</kw>
<kw name="Should Exist" library="OperatingSystem">
<arg>${resultfolder}</arg>
<doc>Fails unless the given path (file or directory) exists.</doc>
<msg timestamp="20230602 13:26:15.095" level="INFO" html="true">Path '&lt;a href="file:///Users/runner/work/rfswarm/rfswarm/Tests/Regression/Reporter/testdata/Issue-#144/20230320_185055_demo"&gt;/Users/runner/work/rfswarm/rfswarm/Tests/Regression/Reporter/testdata/Issue-#144/20230320_185055_demo&lt;/a&gt;' exists.</msg>
<status status="PASS" starttime="20230602 13:26:15.095" endtime="20230602 13:26:15.095"/>
</kw>
<kw name="Log" library="BuiltIn">
<arg>resultfolder: ${resultfolder}</arg>
<arg>console=True</arg>
<doc>Logs the given message with the given level.</doc>
<msg timestamp="20230602 13:26:15.096" level="INFO">resultfolder: /Users/runner/work/rfswarm/rfswarm/Tests/Regression/Reporter/testdata/Issue-#144/20230320_185055_demo</msg>
<status status="PASS" starttime="20230602 13:26:15.095" endtime="20230602 13:26:15.096"/>
</kw>
<kw name="Set Variable" library="BuiltIn">
<var>${template}</var>
<arg>${basefolder}${/}90%ileTemplate.template</arg>
<doc>Returns the given values which can then be assigned to a variables.</doc>
<msg timestamp="20230602 13:26:15.096" level="INFO">${template} = /Users/runner/work/rfswarm/rfswarm/Tests/Regression/Reporter/testdata/Issue-#144/90%ileTemplate.template</msg>
<status status="PASS" starttime="20230602 13:26:15.096" endtime="20230602 13:26:15.096"/>
</kw>
<kw name="Should Exist" library="OperatingSystem">
<arg>${template}</arg>
<doc>Fails unless the given path (file or directory) exists.</doc>
<msg timestamp="20230602 13:26:15.096" level="INFO" html="true">Path '&lt;a href="file:///Users/runner/work/rfswarm/rfswarm/Tests/Regression/Reporter/testdata/Issue-#144/90%ileTemplate.template"&gt;/Users/runner/work/rfswarm/rfswarm/Tests/Regression/Reporter/testdata/Issue-#144/90%ileTemplate.template&lt;/a&gt;' exists.</msg>
<status status="PASS" starttime="20230602 13:26:15.096" endtime="20230602 13:26:15.097"/>
</kw>
<kw name="Log" library="BuiltIn">
<arg>template: ${template}</arg>
<arg>console=True</arg>
<doc>Logs the given message with the given level.</doc>
<msg timestamp="20230602 13:26:15.097" level="INFO">template: /Users/runner/work/rfswarm/rfswarm/Tests/Regression/Reporter/testdata/Issue-#144/90%ileTemplate.template</msg>
<status status="PASS" starttime="20230602 13:26:15.097" endtime="20230602 13:26:15.097"/>
</kw>
<kw name="Run" library="OperatingSystem">
<var>${result}</var>
<arg>python3 ${pyfile} -n -g 1 -d ${resultfolder} -t ${template} --xlsx</arg>
<doc>Runs the given command in the system and returns the output.</doc>
<msg timestamp="20230602 13:26:15.100" level="INFO">Running command 'python3 /Users/runner/work/rfswarm/rfswarm/rfswarm_reporter/rfswarm_reporter.py -n -g 1 -d /Users/runner/work/rfswarm/rfswarm/Tests/Regression/Reporter/testdata/Issue-#144/20230320_185055_demo -t /Users/runner/work/rfswarm/rfswarm/Tests/Regression/Reporter/testdata/Issue-#144/90%ileTemplate.template --xlsx 2&gt;&amp;1'.</msg>
<msg timestamp="20230602 13:26:20.130" level="INFO">${result} = </msg>
<status status="PASS" starttime="20230602 13:26:15.097" endtime="20230602 13:26:20.131"/>
</kw>
<kw name="Log" library="BuiltIn">
<arg>${\n}${result}</arg>
<arg>console=True</arg>
<doc>Logs the given message with the given level.</doc>
<msg timestamp="20230602 13:26:20.132" level="INFO">
</msg>
<status status="PASS" starttime="20230602 13:26:20.131" endtime="20230602 13:26:20.132"/>
</kw>
<kw name="Should Not Contain" library="BuiltIn">
<arg>${result}</arg>
<arg>Traceback</arg>
<doc>Fails if ``container`` contains ``item`` one or more times.</doc>
<status status="PASS" starttime="20230602 13:26:20.132" endtime="20230602 13:26:20.132"/>
</kw>
<kw name="Should Exist" library="OperatingSystem">
<arg>${resultfolder}${/}${resultdata}.xlsx</arg>
<doc>Fails unless the given path (file or directory) exists.</doc>
<msg timestamp="20230602 13:26:20.133" level="INFO" html="true">Path '&lt;a href="file:///Users/runner/work/rfswarm/rfswarm/Tests/Regression/Reporter/testdata/Issue-#144/20230320_185055_demo/20230320_185055_demo.xlsx"&gt;/Users/runner/work/rfswarm/rfswarm/Tests/Regression/Reporter/testdata/Issue-#144/20230320_185055_demo/20230320_185055_demo.xlsx&lt;/a&gt;' exists.</msg>
<status status="PASS" starttime="20230602 13:26:20.133" endtime="20230602 13:26:20.133"/>
</kw>
<tag>Issue #144</tag>
<tag>macos-latest</tag>
<tag>ubuntu-latest</tag>
<tag>windows-latest</tag>
<tag>XLSX</tag>
<status status="PASS" starttime="20230602 13:26:15.092" endtime="20230602 13:26:20.133"/>
</test>
<status status="PASS" starttime="20230602 13:25:49.566" endtime="20230602 13:26:20.134"/>
</suite>
<suite id="s1-s2" name="GUI Basic" source="/Users/runner/work/rfswarm/rfswarm/Tests/Regression/Reporter/GUI_Basic.robot">
<test id="s1-s2-t1" name="GUI Runs and Closes" line="19">
<kw name="Open GUI">
<kw name="Get Variables" library="BuiltIn">
<var>${var}</var>
<doc>Returns a dictionary containing all variables in the current scope.</doc>
<msg timestamp="20230602 13:26:30.007" level="INFO">${var} = {'${/}': '/', '${:}': ':', '${\\n}': '\n', '${DEBUG_FILE}': 'NONE', '${EXECDIR}': '/Users/runner/work/rfswarm/rfswarm', '${False}': False, '${IMAGE_DIR}': '/Users/runner/work/rfswarm/rfswarm/Tests/Reg...</msg>
<status status="PASS" starttime="20230602 13:26:30.006" endtime="20230602 13:26:30.007"/>
</kw>
<kw name="Log" library="BuiltIn">
<arg>${var}</arg>
<doc>Logs the given message with the given level.</doc>
<msg timestamp="20230602 13:26:30.008" level="INFO">{'${/}': '/', '${:}': ':', '${\\n}': '\n', '${DEBUG_FILE}': 'NONE', '${EXECDIR}': '/Users/runner/work/rfswarm/rfswarm', '${False}': False, '${IMAGE_DIR}': '/Users/runner/work/rfswarm/rfswarm/Tests/Regression/Reporter/Images/file_method', '${LOG_FILE}': '/Users/runner/work/rfswarm/rfswarm/Tests/Regression/Reporter/Logs/macos-latest_3.9/log.html', '${LOG_LEVEL}': 'INFO', '${None}': None, '${null}': None, '${OUTPUT_DIR}': '/Users/runner/work/rfswarm/rfswarm/Tests/Regression/Reporter/Logs/macos-latest_3.9', '${OUTPUT_FILE}': '/Users/runner/work/rfswarm/rfswarm/Tests/Regression/Reporter/Logs/macos-latest_3.9/output.xml', '${PREV_TEST_MESSAGE}': '', '${PREV_TEST_NAME}': 'Command Line Generate Xlsx', '${PREV_TEST_STATUS}': 'PASS', '${process}': 'None', '${pyfile}': '/Users/runner/work/rfswarm/rfswarm/rfswarm_reporter/rfswarm_reporter.py', '${REPORT_FILE}': '/Users/runner/work/rfswarm/rfswarm/Tests/Regression/Reporter/Logs/macos-latest_3.9/report.html', '${SPACE}': ' ', '${sssleep}': '0.5', '${SUITE_DOCUMENTATION}': '', '${SUITE_NAME}': 'Reporter.GUI Basic', '${SUITE_SOURCE}': '/Users/runner/work/rfswarm/rfswarm/Tests/Regression/Reporter/GUI_Basic.robot', '${TEMPDIR}': '/var/folders/24/8k48jl6d249_n_qfxwsl6xvm0000gn/T', '${TEST_DOCUMENTATION}': '', '${TEST_NAME}': 'GUI Runs and Closes', '${True}': True, '&amp;{OPTIONS}': {'include': ['macos-latest'], 'exclude': [], 'skip': [], 'skip_on_failure': []}, '&amp;{SUITE_METADATA}': &lt;robot.utils.normalizing.NormalizedDict object at 0x10e094dc0&gt;, '@{appargs}': [], '@{TEST_TAGS}': ['macos-latest', 'ubuntu-latest', 'windows-latest']}</msg>
<status status="PASS" starttime="20230602 13:26:30.007" endtime="20230602 13:26:30.008"/>
</kw>
<kw name="Get Platform">
<kw name="Create Dictionary" library="BuiltIn">
<var>&amp;{platforms}</var>
<arg>Linux=ubuntu</arg>
<arg>Darwin=macos</arg>
<arg>Java=notsupported</arg>
<arg>Windows=windows</arg>
<doc>Creates and returns a dictionary based on the given ``items``.</doc>
<msg timestamp="20230602 13:26:30.009" level="INFO">&amp;{platforms} = { Linux=ubuntu | Darwin=macos | Java=notsupported | Windows=windows }</msg>
<status status="PASS" starttime="20230602 13:26:30.009" endtime="20230602 13:26:30.009"/>
</kw>
<kw name="Evaluate" library="BuiltIn">
<var>${os}</var>
<arg>platform.system()</arg>
<arg>platform</arg>
<doc>Evaluates the given expression in Python and returns the result.</doc>
<msg timestamp="20230602 13:26:30.010" level="INFO">${os} = Darwin</msg>
<status status="PASS" starttime="20230602 13:26:30.009" endtime="20230602 13:26:30.010"/>
</kw>
<kw name="Set Suite Variable" library="BuiltIn">
<arg>${platform}</arg>
<arg>${platforms}[${os}]</arg>
<doc>Makes a variable available everywhere within the scope of the current suite.</doc>
<msg timestamp="20230602 13:26:30.011" level="INFO">${platform} = macos</msg>
<status status="PASS" starttime="20230602 13:26:30.010" endtime="20230602 13:26:30.012"/>
</kw>
<status status="PASS" starttime="20230602 13:26:30.008" endtime="20230602 13:26:30.012"/>
</kw>
<kw name="Set Variable" library="BuiltIn">
<var>${keyword}</var>
<arg>Open GUI ${platform}</arg>
<doc>Returns the given values which can then be assigned to a variables.</doc>
<msg timestamp="20230602 13:26:30.012" level="INFO">${keyword} = Open GUI macos</msg>
<status status="PASS" starttime="20230602 13:26:30.012" endtime="20230602 13:26:30.012"/>
</kw>
<kw name="Run Keyword" library="BuiltIn">
<arg>${keyword}</arg>
<arg>@{appargs}</arg>
<doc>Executes the given keyword with the given arguments.</doc>
<kw name="Open GUI macos">
<arg>@{appargs}</arg>
<kw name="Set Suite Variable" library="BuiltIn">
<arg>${platform}</arg>
<arg>macos</arg>
<doc>Makes a variable available everywhere within the scope of the current suite.</doc>
<msg timestamp="20230602 13:26:30.020" level="INFO">${platform} = macos</msg>
<status status="PASS" starttime="20230602 13:26:30.019" endtime="20230602 13:26:30.020"/>
</kw>
<kw name="Set Confidence" library="ImageHorizonLibrary">
<arg>0.9</arg>
<doc>Sets the accuracy when finding images.</doc>
<status status="PASS" starttime="20230602 13:26:30.020" endtime="20230602 13:26:30.021"/>
</kw>
<kw name="Start Process" library="Process">
<var>${process}</var>
<arg>python3</arg>
<arg>${pyfile}</arg>
<arg>-g</arg>
<arg>5</arg>
<arg>@{appargs}</arg>
<arg>alias=Reporter</arg>
<arg>stdout=${OUTPUT DIR}${/}stdout.txt</arg>
<arg>stderr=${OUTPUT DIR}${/}stderr.txt</arg>
<doc>Starts a new process on background.</doc>
<msg timestamp="20230602 13:26:30.024" level="INFO">Starting process:
python3 /Users/runner/work/rfswarm/rfswarm/rfswarm_reporter/rfswarm_reporter.py -g 5</msg>
<msg timestamp="20230602 13:26:30.032" level="INFO">${process} = &lt;Popen: returncode: None args: ['python3', '/Users/runner/work/rfswarm/rfswa...&gt;</msg>
<status status="PASS" starttime="20230602 13:26:30.021" endtime="20230602 13:26:30.032"/>
</kw>
<kw name="Set Suite Variable" library="BuiltIn">
<arg>$process</arg>
<arg>${process}</arg>
<doc>Makes a variable available everywhere within the scope of the current suite.</doc>
<msg timestamp="20230602 13:26:30.034" level="INFO">${process} = &lt;Popen: returncode: None args: ['python3', '/Users/runner/work/rfswarm/rfswa...&gt;</msg>
<status status="PASS" starttime="20230602 13:26:30.033" endtime="20230602 13:26:30.034"/>
</kw>
<kw name="Set Screenshot Folder" library="ImageHorizonLibrary">
<arg>${OUTPUT DIR}</arg>
<doc>Sets the folder where screenshots are saved to.</doc>
<status status="PASS" starttime="20230602 13:26:30.034" endtime="20230602 13:26:30.034"/>
</kw>
<kw name="Take A Screenshot" library="ImageHorizonLibrary">
<doc>Takes a screenshot of the screen.</doc>
<msg timestamp="20230602 13:26:30.035" level="INFO" html="true">Screenshot taken: /Users/runner/work/rfswarm/rfswarm/Tests/Regression/Reporter/Logs/macos-latest_3.9/Reporter.GUIBasic-screenshot-1.png&lt;br/&gt;&lt;img src="/Users/runner/work/rfswarm/rfswarm/Tests/Regression/Reporter/Logs/macos-latest_3.9/Reporter.GUIBasic-screenshot-1.png" width="100%" /&gt;</msg>
<status status="PASS" starttime="20230602 13:26:30.035" endtime="20230602 13:26:30.518"/>
</kw>
<status status="PASS" starttime="20230602 13:26:30.019" endtime="20230602 13:26:30.519"/>
</kw>
<status status="PASS" starttime="20230602 13:26:30.013" endtime="20230602 13:26:30.519"/>
</kw>
<status status="PASS" starttime="20230602 13:26:30.005" endtime="20230602 13:26:30.519"/>
</kw>
<kw name="Wait For Status">
<arg>PreviewLoaded</arg>
<kw name="Convert To Lower Case" library="String">
<var>${statusl}</var>
<arg>${status}</arg>
<doc>Converts string to lower case.</doc>
<msg timestamp="20230602 13:26:30.520" level="INFO">${statusl} = previewloaded</msg>
<status status="PASS" starttime="20230602 13:26:30.520" endtime="20230602 13:26:30.520"/>
</kw>
<kw name="Set Variable" library="BuiltIn">
<var>${img}</var>
<arg>reporter_${platform}_status_${statusl}.png</arg>
<doc>Returns the given values which can then be assigned to a variables.</doc>
<msg timestamp="20230602 13:26:30.521" level="INFO">${img} = reporter_macos_status_previewloaded.png</msg>
<status status="PASS" starttime="20230602 13:26:30.521" endtime="20230602 13:26:30.521"/>
</kw>
<kw name="Log" library="BuiltIn">
<arg>/Users/runner/work/rfswarm/rfswarm/Tests/Regression/Reporter</arg>
<doc>Logs the given message with the given level.</doc>
<msg timestamp="20230602 13:26:30.521" level="INFO">/Users/runner/work/rfswarm/rfswarm/Tests/Regression/Reporter</msg>
<status status="PASS" starttime="20230602 13:26:30.521" endtime="20230602 13:26:30.521"/>
</kw>
<kw name="Log" library="BuiltIn">
<arg>${IMAGE_DIR}</arg>
<doc>Logs the given message with the given level.</doc>
<msg timestamp="20230602 13:26:30.522" level="INFO">/Users/runner/work/rfswarm/rfswarm/Tests/Regression/Reporter/Images/file_method</msg>
<status status="PASS" starttime="20230602 13:26:30.521" endtime="20230602 13:26:30.522"/>
</kw>
<kw name="Wait For" library="ImageHorizonLibrary">
<arg>${img}</arg>
<arg>timeout=${timeout}</arg>
<doc>Tries to locate given image from the screen for given time.</doc>
<msg timestamp="20230602 13:27:06.173" level="INFO">Image "reporter_macos_status_previewloaded.png" found at (55, 440)</msg>
<status status="PASS" starttime="20230602 13:26:30.522" endtime="20230602 13:27:06.174"/>
</kw>
<kw name="Locate" library="ImageHorizonLibrary">
<var>@{coordinates}</var>
<arg>${img}</arg>
<doc>Locate image on screen.</doc>
<msg timestamp="20230602 13:27:06.757" level="INFO">Image "/Users/runner/work/rfswarm/rfswarm/Tests/Regression/Reporter/Images/file_method/reporter_macos_status_previewloaded.png" found at Box(left=4, top=431, width=103, height=18)</msg>
<msg timestamp="20230602 13:27:06.757" level="INFO">@{coordinates} = [ 55 | 440 ]</msg>
<status status="PASS" starttime="20230602 13:27:06.174" endtime="20230602 13:27:06.757"/>
</kw>
<kw name="Click Image" library="ImageHorizonLibrary">
<arg>${img}</arg>
<doc>Finds the reference image on screen and clicks it once.</doc>
<msg timestamp="20230602 13:27:07.266" level="INFO">Image "/Users/runner/work/rfswarm/rfswarm/Tests/Regression/Reporter/Images/file_method/reporter_macos_status_previewloaded.png" found at Box(left=4, top=431, width=103, height=18)</msg>
<msg timestamp="20230602 13:27:07.267" level="INFO">Clicking image "reporter_macos_status_previewloaded.png" in position (55, 440)</msg>
<status status="PASS" starttime="20230602 13:27:06.758" endtime="20230602 13:27:07.429"/>
</kw>
<kw name="Sleep" library="BuiltIn">
<arg>${sssleep}</arg>
<doc>Pauses the test executed for the given time.</doc>
<msg timestamp="20230602 13:27:07.931" level="INFO">Slept 500 milliseconds</msg>
<status status="PASS" starttime="20230602 13:27:07.430" endtime="20230602 13:27:07.931"/>
</kw>
<kw name="Take A Screenshot" library="ImageHorizonLibrary">
<doc>Takes a screenshot of the screen.</doc>
<msg timestamp="20230602 13:27:07.932" level="INFO" html="true">Screenshot taken: /Users/runner/work/rfswarm/rfswarm/Tests/Regression/Reporter/Logs/macos-latest_3.9/Reporter.GUIBasic-screenshot-2.png&lt;br/&gt;&lt;img src="/Users/runner/work/rfswarm/rfswarm/Tests/Regression/Reporter/Logs/macos-latest_3.9/Reporter.GUIBasic-screenshot-2.png" width="100%" /&gt;</msg>
<status status="PASS" starttime="20230602 13:27:07.932" endtime="20230602 13:27:08.356"/>
</kw>
<status status="PASS" starttime="20230602 13:26:30.519" endtime="20230602 13:27:08.356"/>
</kw>
<kw name="Close GUI" type="TEARDOWN">
<kw name="Set Variable" library="BuiltIn">
<var>${keyword}</var>
<arg>Close GUI ${platform}</arg>
<doc>Returns the given values which can then be assigned to a variables.</doc>
<msg timestamp="20230602 13:27:08.358" level="INFO">${keyword} = Close GUI macos</msg>
<status status="PASS" starttime="20230602 13:27:08.358" endtime="20230602 13:27:08.358"/>
</kw>
<if>
<branch type="IF" condition="${process}">
<kw name="Is Process Running" library="Process">
<var>${running}</var>
<arg>${process}</arg>
<doc>Checks is the process running or not.</doc>
<msg timestamp="20230602 13:27:08.359" level="INFO">${running} = True</msg>
<status status="PASS" starttime="20230602 13:27:08.359" endtime="20230602 13:27:08.359"/>
</kw>
<if>
<branch type="IF" condition="${running}">
<kw name="Run Keyword" library="BuiltIn">
<arg>${keyword}</arg>
<doc>Executes the given keyword with the given arguments.</doc>
<kw name="Close GUI macos">
<kw name="Click Image" library="ImageHorizonLibrary">
<arg>reporter_${platform}_button_closewindow.png</arg>
<doc>Finds the reference image on screen and clicks it once.</doc>
<msg timestamp="20230602 13:27:08.916" level="INFO">Image "/Users/runner/work/rfswarm/rfswarm/Tests/Regression/Reporter/Images/file_method/reporter_macos_button_closewindow.png" found at Box(left=9, top=31, width=19, height=25)</msg>
<msg timestamp="20230602 13:27:08.917" level="INFO">Clicking image "reporter_macos_button_closewindow.png" in position (18, 43)</msg>
<status status="PASS" starttime="20230602 13:27:08.374" endtime="20230602 13:27:09.070"/>
</kw>
<kw name="Take A Screenshot" library="ImageHorizonLibrary">
<doc>Takes a screenshot of the screen.</doc>
<msg timestamp="20230602 13:27:09.071" level="INFO" html="true">Screenshot taken: /Users/runner/work/rfswarm/rfswarm/Tests/Regression/Reporter/Logs/macos-latest_3.9/Reporter.GUIBasic-screenshot-3.png&lt;br/&gt;&lt;img src="/Users/runner/work/rfswarm/rfswarm/Tests/Regression/Reporter/Logs/macos-latest_3.9/Reporter.GUIBasic-screenshot-3.png" width="100%" /&gt;</msg>
<status status="PASS" starttime="20230602 13:27:09.071" endtime="20230602 13:27:09.537"/>
</kw>
<kw name="Sleep" library="BuiltIn">
<arg>0.5</arg>
<doc>Pauses the test executed for the given time.</doc>
<msg timestamp="20230602 13:27:10.039" level="INFO">Slept 500 milliseconds</msg>
<status status="PASS" starttime="20230602 13:27:09.537" endtime="20230602 13:27:10.039"/>
</kw>
<kw name="End Process If Still Running">
<kw name="Wait For Process" library="Process">
<var>${result}</var>
<arg>${process}</arg>
<arg>timeout=60</arg>
<doc>Waits for the process to complete or to reach the given timeout.</doc>
<msg timestamp="20230602 13:27:10.041" level="INFO">Waiting for process to complete.</msg>
<msg timestamp="20230602 13:27:10.041" level="INFO">Process completed.</msg>
<msg timestamp="20230602 13:27:10.041" level="INFO">${result} = &lt;result object with rc 0&gt;</msg>
<status status="PASS" starttime="20230602 13:27:10.040" endtime="20230602 13:27:10.041"/>
</kw>
<kw name="Is Process Running" library="Process">
<var>${running}</var>
<arg>${process}</arg>
<doc>Checks is the process running or not.</doc>
<msg timestamp="20230602 13:27:10.042" level="INFO">${running} = False</msg>
<status status="PASS" starttime="20230602 13:27:10.042" endtime="20230602 13:27:10.042"/>
</kw>
<if>
<branch type="IF" condition="not ${running}">
<kw name="Check Result">
<arg>${result}</arg>
<kw name="Log" library="BuiltIn">
<arg>${result.stderr}</arg>
<doc>Logs the given message with the given level.</doc>
<msg timestamp="20230602 13:27:10.044" level="INFO"/>
<status status="PASS" starttime="20230602 13:27:10.043" endtime="20230602 13:27:10.044"/>
</kw>
<kw name="Should Not Contain" library="BuiltIn">
<arg>${result.stderr}</arg>
<arg>Traceback</arg>
<doc>Fails if ``container`` contains ``item`` one or more times.</doc>
<status status="PASS" starttime="20230602 13:27:10.045" endtime="20230602 13:27:10.046"/>
</kw>
<kw name="Should Be Equal As Integers" library="BuiltIn">
<arg>${result.rc}</arg>
<arg>0</arg>
<doc>Fails if objects are unequal after converting them to integers.</doc>
<msg timestamp="20230602 13:27:10.047" level="INFO">Argument types are:
&lt;class 'int'&gt;
&lt;class 'str'&gt;</msg>
<status status="PASS" starttime="20230602 13:27:10.046" endtime="20230602 13:27:10.047"/>
</kw>
<status status="PASS" starttime="20230602 13:27:10.043" endtime="20230602 13:27:10.047"/>
</kw>
<status status="PASS" starttime="20230602 13:27:10.042" endtime="20230602 13:27:10.047"/>
</branch>
<branch type="ELSE">
<kw name="Take A Screenshot" library="ImageHorizonLibrary">
<doc>Takes a screenshot of the screen.</doc>
<status status="NOT RUN" starttime="20230602 13:27:10.047" endtime="20230602 13:27:10.048"/>
</kw>
<kw name="Terminate Process" library="Process">
<var>${result}</var>
<arg>${process}</arg>
<doc>Stops the process gracefully or forcefully.</doc>
<status status="NOT RUN" starttime="20230602 13:27:10.048" endtime="20230602 13:27:10.048"/>
</kw>
<kw name="Check Result">
<arg>${result}</arg>
<status status="NOT RUN" starttime="20230602 13:27:10.048" endtime="20230602 13:27:10.048"/>
</kw>
<kw name="Fail" library="BuiltIn">
<arg>Had to Terminate Process</arg>
<doc>Fails the test with the given message and optionally alters its tags.</doc>
<status status="NOT RUN" starttime="20230602 13:27:10.048" endtime="20230602 13:27:10.048"/>
</kw>
<status status="NOT RUN" starttime="20230602 13:27:10.047" endtime="20230602 13:27:10.048"/>
</branch>
<status status="PASS" starttime="20230602 13:27:10.042" endtime="20230602 13:27:10.048"/>
</if>
<status status="PASS" starttime="20230602 13:27:10.039" endtime="20230602 13:27:10.048"/>
</kw>
<status status="PASS" starttime="20230602 13:27:08.374" endtime="20230602 13:27:10.048"/>
</kw>
<status status="PASS" starttime="20230602 13:27:08.360" endtime="20230602 13:27:10.049"/>
</kw>
<status status="PASS" starttime="20230602 13:27:08.360" endtime="20230602 13:27:10.049"/>
</branch>
<branch type="ELSE">
<kw name="Wait For Process" library="Process">
<var>${result}</var>
<arg>${process}</arg>
<arg>timeout=60</arg>
<doc>Waits for the process to complete or to reach the given timeout.</doc>
<status status="NOT RUN" starttime="20230602 13:27:10.049" endtime="20230602 13:27:10.049"/>
</kw>
<kw name="Check Result">
<arg>${result}</arg>
<status status="NOT RUN" starttime="20230602 13:27:10.049" endtime="20230602 13:27:10.049"/>
</kw>
<status status="NOT RUN" starttime="20230602 13:27:10.049" endtime="20230602 13:27:10.049"/>
</branch>
<status status="PASS" starttime="20230602 13:27:08.360" endtime="20230602 13:27:10.050"/>
</if>
<status status="PASS" starttime="20230602 13:27:08.359" endtime="20230602 13:27:10.050"/>
</branch>
<status status="PASS" starttime="20230602 13:27:08.359" endtime="20230602 13:27:10.050"/>
</if>
<kw name="Set Suite Variable" library="BuiltIn">
<arg>$process</arg>
<arg>None</arg>
<doc>Makes a variable available everywhere within the scope of the current suite.</doc>
<msg timestamp="20230602 13:27:10.050" level="INFO">${process} = None</msg>
<status status="PASS" starttime="20230602 13:27:10.050" endtime="20230602 13:27:10.050"/>
</kw>
<kw name="Sleep" library="BuiltIn">
<arg>0.5</arg>
<doc>Pauses the test executed for the given time.</doc>
<msg timestamp="20230602 13:27:10.561" level="INFO">Slept 500 milliseconds</msg>
<status status="PASS" starttime="20230602 13:27:10.050" endtime="20230602 13:27:10.561"/>
</kw>
<status status="PASS" starttime="20230602 13:27:08.357" endtime="20230602 13:27:10.561"/>
</kw>
<tag>macos-latest</tag>
<tag>ubuntu-latest</tag>
<tag>windows-latest</tag>
<status status="PASS" starttime="20230602 13:26:30.004" endtime="20230602 13:27:10.561"/>
</test>
<test id="s1-s2-t2" name="Select Preview Tab" line="25">
<kw name="Open GUI">
<kw name="Get Variables" library="BuiltIn">
<var>${var}</var>
<doc>Returns a dictionary containing all variables in the current scope.</doc>
<msg timestamp="20230602 13:27:10.564" level="INFO">${var} = {'${/}': '/', '${:}': ':', '${\\n}': '\n', '${DEBUG_FILE}': 'NONE', '${EXECDIR}': '/Users/runner/work/rfswarm/rfswarm', '${False}': False, '${IMAGE_DIR}': '/Users/runner/work/rfswarm/rfswarm/Tests/Reg...</msg>
<status status="PASS" starttime="20230602 13:27:10.563" endtime="20230602 13:27:10.564"/>
</kw>
<kw name="Log" library="BuiltIn">
<arg>${var}</arg>
<doc>Logs the given message with the given level.</doc>
<msg timestamp="20230602 13:27:10.565" level="INFO">{'${/}': '/', '${:}': ':', '${\\n}': '\n', '${DEBUG_FILE}': 'NONE', '${EXECDIR}': '/Users/runner/work/rfswarm/rfswarm', '${False}': False, '${IMAGE_DIR}': '/Users/runner/work/rfswarm/rfswarm/Tests/Regression/Reporter/Images/file_method', '${LOG_FILE}': '/Users/runner/work/rfswarm/rfswarm/Tests/Regression/Reporter/Logs/macos-latest_3.9/log.html', '${LOG_LEVEL}': 'INFO', '${None}': None, '${null}': None, '${OUTPUT_DIR}': '/Users/runner/work/rfswarm/rfswarm/Tests/Regression/Reporter/Logs/macos-latest_3.9', '${OUTPUT_FILE}': '/Users/runner/work/rfswarm/rfswarm/Tests/Regression/Reporter/Logs/macos-latest_3.9/output.xml', '${platform}': 'macos', '${PREV_TEST_MESSAGE}': '', '${PREV_TEST_NAME}': 'GUI Runs and Closes', '${PREV_TEST_STATUS}': 'PASS', '${process}': 'None', '${pyfile}': '/Users/runner/work/rfswarm/rfswarm/rfswarm_reporter/rfswarm_reporter.py', '${REPORT_FILE}': '/Users/runner/work/rfswarm/rfswarm/Tests/Regression/Reporter/Logs/macos-latest_3.9/report.html', '${SPACE}': ' ', '${sssleep}': '0.5', '${SUITE_DOCUMENTATION}': '', '${SUITE_NAME}': 'Reporter.GUI Basic', '${SUITE_SOURCE}': '/Users/runner/work/rfswarm/rfswarm/Tests/Regression/Reporter/GUI_Basic.robot', '${TEMPDIR}': '/var/folders/24/8k48jl6d249_n_qfxwsl6xvm0000gn/T', '${TEST_DOCUMENTATION}': '', '${TEST_NAME}': 'Select Preview Tab', '${True}': True, '&amp;{OPTIONS}': {'include': ['macos-latest'], 'exclude': [], 'skip': [], 'skip_on_failure': []}, '&amp;{SUITE_METADATA}': &lt;robot.utils.normalizing.NormalizedDict object at 0x10e094dc0&gt;, '@{appargs}': [], '@{TEST_TAGS}': ['macos-latest', 'ubuntu-latest', 'windows-latest']}</msg>
<status status="PASS" starttime="20230602 13:27:10.564" endtime="20230602 13:27:10.565"/>
</kw>
<kw name="Get Platform">
<kw name="Create Dictionary" library="BuiltIn">
<var>&amp;{platforms}</var>
<arg>Linux=ubuntu</arg>
<arg>Darwin=macos</arg>
<arg>Java=notsupported</arg>
<arg>Windows=windows</arg>
<doc>Creates and returns a dictionary based on the given ``items``.</doc>
<msg timestamp="20230602 13:27:10.567" level="INFO">&amp;{platforms} = { Linux=ubuntu | Darwin=macos | Java=notsupported | Windows=windows }</msg>
<status status="PASS" starttime="20230602 13:27:10.566" endtime="20230602 13:27:10.567"/>
</kw>
<kw name="Evaluate" library="BuiltIn">
<var>${os}</var>
<arg>platform.system()</arg>
<arg>platform</arg>
<doc>Evaluates the given expression in Python and returns the result.</doc>
<msg timestamp="20230602 13:27:10.569" level="INFO">${os} = Darwin</msg>
<status status="PASS" starttime="20230602 13:27:10.567" endtime="20230602 13:27:10.569"/>
</kw>
<kw name="Set Suite Variable" library="BuiltIn">
<arg>${platform}</arg>
<arg>${platforms}[${os}]</arg>
<doc>Makes a variable available everywhere within the scope of the current suite.</doc>
<msg timestamp="20230602 13:27:10.570" level="INFO">${platform} = macos</msg>
<status status="PASS" starttime="20230602 13:27:10.569" endtime="20230602 13:27:10.570"/>
</kw>
<status status="PASS" starttime="20230602 13:27:10.565" endtime="20230602 13:27:10.570"/>
</kw>
<kw name="Set Variable" library="BuiltIn">
<var>${keyword}</var>
<arg>Open GUI ${platform}</arg>
<doc>Returns the given values which can then be assigned to a variables.</doc>
<msg timestamp="20230602 13:27:10.571" level="INFO">${keyword} = Open GUI macos</msg>
<status status="PASS" starttime="20230602 13:27:10.570" endtime="20230602 13:27:10.571"/>
</kw>
<kw name="Run Keyword" library="BuiltIn">
<arg>${keyword}</arg>
<arg>@{appargs}</arg>
<doc>Executes the given keyword with the given arguments.</doc>
<kw name="Open GUI macos">
<arg>@{appargs}</arg>
<kw name="Set Suite Variable" library="BuiltIn">
<arg>${platform}</arg>
<arg>macos</arg>
<doc>Makes a variable available everywhere within the scope of the current suite.</doc>
<msg timestamp="20230602 13:27:10.578" level="INFO">${platform} = macos</msg>
<status status="PASS" starttime="20230602 13:27:10.578" endtime="20230602 13:27:10.578"/>
</kw>
<kw name="Set Confidence" library="ImageHorizonLibrary">
<arg>0.9</arg>
<doc>Sets the accuracy when finding images.</doc>
<status status="PASS" starttime="20230602 13:27:10.578" endtime="20230602 13:27:10.578"/>
</kw>
<kw name="Start Process" library="Process">
<var>${process}</var>
<arg>python3</arg>
<arg>${pyfile}</arg>
<arg>-g</arg>
<arg>5</arg>
<arg>@{appargs}</arg>
<arg>alias=Reporter</arg>
<arg>stdout=${OUTPUT DIR}${/}stdout.txt</arg>
<arg>stderr=${OUTPUT DIR}${/}stderr.txt</arg>
<doc>Starts a new process on background.</doc>
<msg timestamp="20230602 13:27:10.580" level="INFO">Starting process:
python3 /Users/runner/work/rfswarm/rfswarm/rfswarm_reporter/rfswarm_reporter.py -g 5</msg>
<msg timestamp="20230602 13:27:10.590" level="INFO">${process} = &lt;Popen: returncode: None args: ['python3', '/Users/runner/work/rfswarm/rfswa...&gt;</msg>
<status status="PASS" starttime="20230602 13:27:10.579" endtime="20230602 13:27:10.591"/>
</kw>
<kw name="Set Suite Variable" library="BuiltIn">
<arg>$process</arg>
<arg>${process}</arg>
<doc>Makes a variable available everywhere within the scope of the current suite.</doc>
<msg timestamp="20230602 13:27:10.592" level="INFO">${process} = &lt;Popen: returncode: None args: ['python3', '/Users/runner/work/rfswarm/rfswa...&gt;</msg>
<status status="PASS" starttime="20230602 13:27:10.592" endtime="20230602 13:27:10.593"/>
</kw>
<kw name="Set Screenshot Folder" library="ImageHorizonLibrary">
<arg>${OUTPUT DIR}</arg>
<doc>Sets the folder where screenshots are saved to.</doc>
<status status="PASS" starttime="20230602 13:27:10.593" endtime="20230602 13:27:10.593"/>
</kw>
<kw name="Take A Screenshot" library="ImageHorizonLibrary">
<doc>Takes a screenshot of the screen.</doc>
<msg timestamp="20230602 13:27:10.594" level="INFO" html="true">Screenshot taken: /Users/runner/work/rfswarm/rfswarm/Tests/Regression/Reporter/Logs/macos-latest_3.9/Reporter.GUIBasic-screenshot-4.png&lt;br/&gt;&lt;img src="/Users/runner/work/rfswarm/rfswarm/Tests/Regression/Reporter/Logs/macos-latest_3.9/Reporter.GUIBasic-screenshot-4.png" width="100%" /&gt;</msg>
<status status="PASS" starttime="20230602 13:27:10.593" endtime="20230602 13:27:10.915"/>
</kw>
<status status="PASS" starttime="20230602 13:27:10.577" endtime="20230602 13:27:10.916"/>
</kw>
<status status="PASS" starttime="20230602 13:27:10.571" endtime="20230602 13:27:10.916"/>
</kw>
<status status="PASS" starttime="20230602 13:27:10.562" endtime="20230602 13:27:10.916"/>
</kw>
<kw name="Wait For Status">
<arg>PreviewLoaded</arg>
<kw name="Convert To Lower Case" library="String">
<var>${statusl}</var>
<arg>${status}</arg>
<doc>Converts string to lower case.</doc>
<msg timestamp="20230602 13:27:10.918" level="INFO">${statusl} = previewloaded</msg>
<status status="PASS" starttime="20230602 13:27:10.917" endtime="20230602 13:27:10.918"/>
</kw>
<kw name="Set Variable" library="BuiltIn">
<var>${img}</var>
<arg>reporter_${platform}_status_${statusl}.png</arg>
<doc>Returns the given values which can then be assigned to a variables.</doc>
<msg timestamp="20230602 13:27:10.918" level="INFO">${img} = reporter_macos_status_previewloaded.png</msg>
<status status="PASS" starttime="20230602 13:27:10.918" endtime="20230602 13:27:10.918"/>
</kw>
<kw name="Log" library="BuiltIn">
<arg>/Users/runner/work/rfswarm/rfswarm/Tests/Regression/Reporter</arg>
<doc>Logs the given message with the given level.</doc>
<msg timestamp="20230602 13:27:10.919" level="INFO">/Users/runner/work/rfswarm/rfswarm/Tests/Regression/Reporter</msg>
<status status="PASS" starttime="20230602 13:27:10.918" endtime="20230602 13:27:10.919"/>
</kw>
<kw name="Log" library="BuiltIn">
<arg>${IMAGE_DIR}</arg>
<doc>Logs the given message with the given level.</doc>
<msg timestamp="20230602 13:27:10.919" level="INFO">/Users/runner/work/rfswarm/rfswarm/Tests/Regression/Reporter/Images/file_method</msg>
<status status="PASS" starttime="20230602 13:27:10.919" endtime="20230602 13:27:10.919"/>
</kw>
<kw name="Wait For" library="ImageHorizonLibrary">
<arg>${img}</arg>
<arg>timeout=${timeout}</arg>
<doc>Tries to locate given image from the screen for given time.</doc>
<msg timestamp="20230602 13:27:14.396" level="INFO">Image "reporter_macos_status_previewloaded.png" found at (55, 440)</msg>
<status status="PASS" starttime="20230602 13:27:10.919" endtime="20230602 13:27:14.397"/>
</kw>
<kw name="Locate" library="ImageHorizonLibrary">
<var>@{coordinates}</var>
<arg>${img}</arg>
<doc>Locate image on screen.</doc>
<msg timestamp="20230602 13:27:14.913" level="INFO">Image "/Users/runner/work/rfswarm/rfswarm/Tests/Regression/Reporter/Images/file_method/reporter_macos_status_previewloaded.png" found at Box(left=4, top=431, width=103, height=18)</msg>
<msg timestamp="20230602 13:27:14.914" level="INFO">@{coordinates} = [ 55 | 440 ]</msg>
<status status="PASS" starttime="20230602 13:27:14.397" endtime="20230602 13:27:14.914"/>
</kw>
<kw name="Click Image" library="ImageHorizonLibrary">
<arg>${img}</arg>
<doc>Finds the reference image on screen and clicks it once.</doc>
<msg timestamp="20230602 13:27:15.441" level="INFO">Image "/Users/runner/work/rfswarm/rfswarm/Tests/Regression/Reporter/Images/file_method/reporter_macos_status_previewloaded.png" found at Box(left=4, top=431, width=103, height=18)</msg>
<msg timestamp="20230602 13:27:15.442" level="INFO">Clicking image "reporter_macos_status_previewloaded.png" in position (55, 440)</msg>
<status status="PASS" starttime="20230602 13:27:14.915" endtime="20230602 13:27:15.578"/>
</kw>
<kw name="Sleep" library="BuiltIn">
<arg>${sssleep}</arg>
<doc>Pauses the test executed for the given time.</doc>
<msg timestamp="20230602 13:27:16.081" level="INFO">Slept 500 milliseconds</msg>
<status status="PASS" starttime="20230602 13:27:15.579" endtime="20230602 13:27:16.081"/>
</kw>
<kw name="Take A Screenshot" library="ImageHorizonLibrary">
<doc>Takes a screenshot of the screen.</doc>
<msg timestamp="20230602 13:27:16.082" level="INFO" html="true">Screenshot taken: /Users/runner/work/rfswarm/rfswarm/Tests/Regression/Reporter/Logs/macos-latest_3.9/Reporter.GUIBasic-screenshot-5.png&lt;br/&gt;&lt;img src="/Users/runner/work/rfswarm/rfswarm/Tests/Regression/Reporter/Logs/macos-latest_3.9/Reporter.GUIBasic-screenshot-5.png" width="100%" /&gt;</msg>
<status status="PASS" starttime="20230602 13:27:16.081" endtime="20230602 13:27:16.447"/>
</kw>
<status status="PASS" starttime="20230602 13:27:10.917" endtime="20230602 13:27:16.447"/>
</kw>
<kw name="Click Tab">
<arg>Preview</arg>
<kw name="Convert To Lower Case" library="String">
<var>${tabnamel}</var>
<arg>${tabname}</arg>
<doc>Converts string to lower case.</doc>
<msg timestamp="20230602 13:27:16.449" level="INFO">${tabnamel} = preview</msg>
<status status="PASS" starttime="20230602 13:27:16.448" endtime="20230602 13:27:16.449"/>
</kw>
<kw name="Set Variable" library="BuiltIn">
<var>${img}</var>
<arg>reporter_${platform}_tab_${tabnamel}.png</arg>
<doc>Returns the given values which can then be assigned to a variables.</doc>
<msg timestamp="20230602 13:27:16.449" level="INFO">${img} = reporter_macos_tab_preview.png</msg>
<status status="PASS" starttime="20230602 13:27:16.449" endtime="20230602 13:27:16.450"/>
</kw>
<kw name="Log" library="BuiltIn">
<arg>/Users/runner/work/rfswarm/rfswarm/Tests/Regression/Reporter</arg>
<doc>Logs the given message with the given level.</doc>
<msg timestamp="20230602 13:27:16.450" level="INFO">/Users/runner/work/rfswarm/rfswarm/Tests/Regression/Reporter</msg>
<status status="PASS" starttime="20230602 13:27:16.450" endtime="20230602 13:27:16.450"/>
</kw>
<kw name="Log" library="BuiltIn">
<arg>${IMAGE_DIR}</arg>
<doc>Logs the given message with the given level.</doc>
<msg timestamp="20230602 13:27:16.450" level="INFO">/Users/runner/work/rfswarm/rfswarm/Tests/Regression/Reporter/Images/file_method</msg>
<status status="PASS" starttime="20230602 13:27:16.450" endtime="20230602 13:27:16.450"/>
</kw>
<kw name="Wait For" library="ImageHorizonLibrary">
<arg>${img}</arg>
<arg>timeout=300</arg>
<doc>Tries to locate given image from the screen for given time.</doc>
<msg timestamp="20230602 13:27:16.916" level="INFO">Image "reporter_macos_tab_preview.png" found at (482, 103)</msg>
<status status="PASS" starttime="20230602 13:27:16.450" endtime="20230602 13:27:16.916"/>
</kw>
<kw name="Locate" library="ImageHorizonLibrary">
<var>@{coordinates}</var>
<arg>${img}</arg>
<doc>Locate image on screen.</doc>
<msg timestamp="20230602 13:27:17.360" level="INFO">Image "/Users/runner/work/rfswarm/rfswarm/Tests/Regression/Reporter/Images/file_method/reporter_macos_tab_preview.png" found at Box(left=443, top=89, width=78, height=29)</msg>
<msg timestamp="20230602 13:27:17.361" level="INFO">@{coordinates} = [ 482 | 103 ]</msg>
<status status="PASS" starttime="20230602 13:27:16.917" endtime="20230602 13:27:17.361"/>
</kw>
<kw name="Click Image" library="ImageHorizonLibrary">
<arg>${img}</arg>
<doc>Finds the reference image on screen and clicks it once.</doc>
<msg timestamp="20230602 13:27:17.835" level="INFO">Image "/Users/runner/work/rfswarm/rfswarm/Tests/Regression/Reporter/Images/file_method/reporter_macos_tab_preview.png" found at Box(left=443, top=89, width=78, height=29)</msg>
<msg timestamp="20230602 13:27:17.836" level="INFO">Clicking image "reporter_macos_tab_preview.png" in position (482, 103)</msg>
<status status="PASS" starttime="20230602 13:27:17.362" endtime="20230602 13:27:18.045"/>
</kw>
<kw name="Sleep" library="BuiltIn">
<arg>${sssleep}</arg>
<doc>Pauses the test executed for the given time.</doc>
<msg timestamp="20230602 13:27:18.555" level="INFO">Slept 500 milliseconds</msg>
<status status="PASS" starttime="20230602 13:27:18.046" endtime="20230602 13:27:18.555"/>
</kw>
<kw name="Take A Screenshot" library="ImageHorizonLibrary">
<doc>Takes a screenshot of the screen.</doc>
<msg timestamp="20230602 13:27:18.556" level="INFO" html="true">Screenshot taken: /Users/runner/work/rfswarm/rfswarm/Tests/Regression/Reporter/Logs/macos-latest_3.9/Reporter.GUIBasic-screenshot-6.png&lt;br/&gt;&lt;img src="/Users/runner/work/rfswarm/rfswarm/Tests/Regression/Reporter/Logs/macos-latest_3.9/Reporter.GUIBasic-screenshot-6.png" width="100%" /&gt;</msg>
<status status="PASS" starttime="20230602 13:27:18.555" endtime="20230602 13:27:18.891"/>
</kw>
<status status="PASS" starttime="20230602 13:27:16.448" endtime="20230602 13:27:18.892"/>
</kw>
<kw name="Close GUI" type="TEARDOWN">
<kw name="Set Variable" library="BuiltIn">
<var>${keyword}</var>
<arg>Close GUI ${platform}</arg>
<doc>Returns the given values which can then be assigned to a variables.</doc>
<msg timestamp="20230602 13:27:18.893" level="INFO">${keyword} = Close GUI macos</msg>
<status status="PASS" starttime="20230602 13:27:18.893" endtime="20230602 13:27:18.893"/>
</kw>
<if>
<branch type="IF" condition="${process}">
<kw name="Is Process Running" library="Process">
<var>${running}</var>
<arg>${process}</arg>
<doc>Checks is the process running or not.</doc>
<msg timestamp="20230602 13:27:18.894" level="INFO">${running} = True</msg>
<status status="PASS" starttime="20230602 13:27:18.894" endtime="20230602 13:27:18.894"/>
</kw>
<if>
<branch type="IF" condition="${running}">
<kw name="Run Keyword" library="BuiltIn">
<arg>${keyword}</arg>
<doc>Executes the given keyword with the given arguments.</doc>
<kw name="Close GUI macos">
<kw name="Click Image" library="ImageHorizonLibrary">
<arg>reporter_${platform}_button_closewindow.png</arg>
<doc>Finds the reference image on screen and clicks it once.</doc>
<msg timestamp="20230602 13:27:19.440" level="INFO">Image "/Users/runner/work/rfswarm/rfswarm/Tests/Regression/Reporter/Images/file_method/reporter_macos_button_closewindow.png" found at Box(left=9, top=31, width=19, height=25)</msg>
<msg timestamp="20230602 13:27:19.441" level="INFO">Clicking image "reporter_macos_button_closewindow.png" in position (18, 43)</msg>
<status status="PASS" starttime="20230602 13:27:18.901" endtime="20230602 13:27:19.586"/>
</kw>
<kw name="Take A Screenshot" library="ImageHorizonLibrary">
<doc>Takes a screenshot of the screen.</doc>
<msg timestamp="20230602 13:27:19.587" level="INFO" html="true">Screenshot taken: /Users/runner/work/rfswarm/rfswarm/Tests/Regression/Reporter/Logs/macos-latest_3.9/Reporter.GUIBasic-screenshot-7.png&lt;br/&gt;&lt;img src="/Users/runner/work/rfswarm/rfswarm/Tests/Regression/Reporter/Logs/macos-latest_3.9/Reporter.GUIBasic-screenshot-7.png" width="100%" /&gt;</msg>
<status status="PASS" starttime="20230602 13:27:19.587" endtime="20230602 13:27:20.197"/>
</kw>
<kw name="Sleep" library="BuiltIn">
<arg>0.5</arg>
<doc>Pauses the test executed for the given time.</doc>
<msg timestamp="20230602 13:27:20.718" level="INFO">Slept 500 milliseconds</msg>
<status status="PASS" starttime="20230602 13:27:20.198" endtime="20230602 13:27:20.718"/>
</kw>
<kw name="End Process If Still Running">
<kw name="Wait For Process" library="Process">
<var>${result}</var>
<arg>${process}</arg>
<arg>timeout=60</arg>
<doc>Waits for the process to complete or to reach the given timeout.</doc>
<msg timestamp="20230602 13:27:20.720" level="INFO">Waiting for process to complete.</msg>
<msg timestamp="20230602 13:27:20.721" level="INFO">Process completed.</msg>
<msg timestamp="20230602 13:27:20.721" level="INFO">${result} = &lt;result object with rc 0&gt;</msg>
<status status="PASS" starttime="20230602 13:27:20.720" endtime="20230602 13:27:20.721"/>
</kw>
<kw name="Is Process Running" library="Process">
<var>${running}</var>
<arg>${process}</arg>
<doc>Checks is the process running or not.</doc>
<msg timestamp="20230602 13:27:20.721" level="INFO">${running} = False</msg>
<status status="PASS" starttime="20230602 13:27:20.721" endtime="20230602 13:27:20.721"/>
</kw>
<if>
<branch type="IF" condition="not ${running}">
<kw name="Check Result">
<arg>${result}</arg>
<kw name="Log" library="BuiltIn">
<arg>${result.stderr}</arg>
<doc>Logs the given message with the given level.</doc>
<msg timestamp="20230602 13:27:20.723" level="INFO"/>
<status status="PASS" starttime="20230602 13:27:20.722" endtime="20230602 13:27:20.723"/>
</kw>
<kw name="Should Not Contain" library="BuiltIn">
<arg>${result.stderr}</arg>
<arg>Traceback</arg>
<doc>Fails if ``container`` contains ``item`` one or more times.</doc>
<status status="PASS" starttime="20230602 13:27:20.724" endtime="20230602 13:27:20.724"/>
</kw>
<kw name="Should Be Equal As Integers" library="BuiltIn">
<arg>${result.rc}</arg>
<arg>0</arg>
<doc>Fails if objects are unequal after converting them to integers.</doc>
<msg timestamp="20230602 13:27:20.725" level="INFO">Argument types are:
&lt;class 'int'&gt;
&lt;class 'str'&gt;</msg>
<status status="PASS" starttime="20230602 13:27:20.724" endtime="20230602 13:27:20.725"/>
</kw>
<status status="PASS" starttime="20230602 13:27:20.722" endtime="20230602 13:27:20.725"/>
</kw>
<status status="PASS" starttime="20230602 13:27:20.722" endtime="20230602 13:27:20.726"/>
</branch>
<branch type="ELSE">
<kw name="Take A Screenshot" library="ImageHorizonLibrary">
<doc>Takes a screenshot of the screen.</doc>
<status status="NOT RUN" starttime="20230602 13:27:20.726" endtime="20230602 13:27:20.726"/>
</kw>
<kw name="Terminate Process" library="Process">
<var>${result}</var>
<arg>${process}</arg>
<doc>Stops the process gracefully or forcefully.</doc>
<status status="NOT RUN" starttime="20230602 13:27:20.726" endtime="20230602 13:27:20.726"/>
</kw>
<kw name="Check Result">
<arg>${result}</arg>
<status status="NOT RUN" starttime="20230602 13:27:20.726" endtime="20230602 13:27:20.726"/>
</kw>
<kw name="Fail" library="BuiltIn">
<arg>Had to Terminate Process</arg>
<doc>Fails the test with the given message and optionally alters its tags.</doc>
<status status="NOT RUN" starttime="20230602 13:27:20.726" endtime="20230602 13:27:20.726"/>
</kw>
<status status="NOT RUN" starttime="20230602 13:27:20.726" endtime="20230602 13:27:20.726"/>
</branch>
<status status="PASS" starttime="20230602 13:27:20.722" endtime="20230602 13:27:20.726"/>
</if>
<status status="PASS" starttime="20230602 13:27:20.719" endtime="20230602 13:27:20.727"/>
</kw>
<status status="PASS" starttime="20230602 13:27:18.900" endtime="20230602 13:27:20.727"/>
</kw>
<status status="PASS" starttime="20230602 13:27:18.894" endtime="20230602 13:27:20.727"/>
</kw>
<status status="PASS" starttime="20230602 13:27:18.894" endtime="20230602 13:27:20.727"/>
</branch>
<branch type="ELSE">
<kw name="Wait For Process" library="Process">
<var>${result}</var>
<arg>${process}</arg>
<arg>timeout=60</arg>
<doc>Waits for the process to complete or to reach the given timeout.</doc>
<status status="NOT RUN" starttime="20230602 13:27:20.727" endtime="20230602 13:27:20.727"/>
</kw>
<kw name="Check Result">
<arg>${result}</arg>
<status status="NOT RUN" starttime="20230602 13:27:20.727" endtime="20230602 13:27:20.727"/>
</kw>
<status status="NOT RUN" starttime="20230602 13:27:20.727" endtime="20230602 13:27:20.727"/>
</branch>
<status status="PASS" starttime="20230602 13:27:18.894" endtime="20230602 13:27:20.727"/>
</if>
<status status="PASS" starttime="20230602 13:27:18.893" endtime="20230602 13:27:20.727"/>
</branch>
<status status="PASS" starttime="20230602 13:27:18.893" endtime="20230602 13:27:20.727"/>
</if>
<kw name="Set Suite Variable" library="BuiltIn">
<arg>$process</arg>
<arg>None</arg>
<doc>Makes a variable available everywhere within the scope of the current suite.</doc>
<msg timestamp="20230602 13:27:20.728" level="INFO">${process} = None</msg>
<status status="PASS" starttime="20230602 13:27:20.728" endtime="20230602 13:27:20.728"/>
</kw>
<kw name="Sleep" library="BuiltIn">
<arg>0.5</arg>
<doc>Pauses the test executed for the given time.</doc>
<msg timestamp="20230602 13:27:21.231" level="INFO">Slept 500 milliseconds</msg>
<status status="PASS" starttime="20230602 13:27:20.728" endtime="20230602 13:27:21.231"/>
</kw>
<status status="PASS" starttime="20230602 13:27:18.892" endtime="20230602 13:27:21.231"/>
</kw>
<tag>macos-latest</tag>
<tag>ubuntu-latest</tag>
<tag>windows-latest</tag>
<status status="PASS" starttime="20230602 13:27:10.562" endtime="20230602 13:27:21.231"/>
</test>
<test id="s1-s2-t3" name="First Run" line="32">
<kw name="Set Variable" library="BuiltIn">
<var>${testdata}</var>
<arg>Issue-#147</arg>
<doc>Returns the given values which can then be assigned to a variables.</doc>
<msg timestamp="20230602 13:27:21.233" level="INFO">${testdata} = Issue-#147</msg>
<status status="PASS" starttime="20230602 13:27:21.233" endtime="20230602 13:27:21.233"/>
</kw>
<kw name="Set Variable" library="BuiltIn">
<var>${resultdata}</var>
<arg>20230320_185055_demo</arg>
<doc>Returns the given values which can then be assigned to a variables.</doc>
<msg timestamp="20230602 13:27:21.234" level="INFO">${resultdata} = 20230320_185055_demo</msg>
<status status="PASS" starttime="20230602 13:27:21.233" endtime="20230602 13:27:21.234"/>
</kw>
<kw name="Set Variable" library="BuiltIn">
<var>${basefolder}</var>
<arg>/Users/runner/work/rfswarm/rfswarm/Tests/Regression/Reporter${/}testdata${/}${testdata}</arg>
<doc>Returns the given values which can then be assigned to a variables.</doc>
<msg timestamp="20230602 13:27:21.234" level="INFO">${basefolder} = /Users/runner/work/rfswarm/rfswarm/Tests/Regression/Reporter/testdata/Issue-#147</msg>
<status status="PASS" starttime="20230602 13:27:21.234" endtime="20230602 13:27:21.234"/>
</kw>
<kw name="Should Exist" library="OperatingSystem">
<arg>${basefolder}</arg>
<doc>Fails unless the given path (file or directory) exists.</doc>
<msg timestamp="20230602 13:27:21.235" level="INFO" html="true">Path '&lt;a href="file:///Users/runner/work/rfswarm/rfswarm/Tests/Regression/Reporter/testdata/Issue-#147"&gt;/Users/runner/work/rfswarm/rfswarm/Tests/Regression/Reporter/testdata/Issue-#147&lt;/a&gt;' exists.</msg>
<status status="PASS" starttime="20230602 13:27:21.234" endtime="20230602 13:27:21.235"/>
</kw>
<kw name="Log To Console" library="BuiltIn">
<arg>basefolder: ${basefolder}</arg>
<arg>console=True</arg>
<doc>Logs the given message to the console.</doc>
<status status="PASS" starttime="20230602 13:27:21.235" endtime="20230602 13:27:21.235"/>
</kw>
<kw name="Set Variable" library="BuiltIn">
<var>${resultfolder}</var>
<arg>${basefolder}${/}${resultdata}</arg>
<doc>Returns the given values which can then be assigned to a variables.</doc>
<msg timestamp="20230602 13:27:21.236" level="INFO">${resultfolder} = /Users/runner/work/rfswarm/rfswarm/Tests/Regression/Reporter/testdata/Issue-#147/20230320_185055_demo</msg>
[...]
</kw>
<kw name="Set Variable" library="BuiltIn">
<var>${img}</var>
<arg>reporter_${platform}_option_${optnamel}.png</arg>
<doc>Returns the given values which can then be assigned to a variables.</doc>
<msg timestamp="20230602 13:28:07.128" level="INFO">${img} = reporter_macos_option_responsetime.png</msg>
<status status="PASS" starttime="20230602 13:28:07.128" endtime="20230602 13:28:07.128"/>
</kw>
<kw name="Log" library="BuiltIn">
<arg>/Users/runner/work/rfswarm/rfswarm/Tests/Regression/Reporter</arg>
<doc>Logs the given message with the given level.</doc>
<msg timestamp="20230602 13:28:07.129" level="INFO">/Users/runner/work/rfswarm/rfswarm/Tests/Regression/Reporter</msg>
<status status="PASS" starttime="20230602 13:28:07.128" endtime="20230602 13:28:07.129"/>
</kw>
<kw name="Log" library="BuiltIn">
<arg>${IMAGE_DIR}</arg>
<doc>Logs the given message with the given level.</doc>
<msg timestamp="20230602 13:28:07.129" level="INFO">/Users/runner/work/rfswarm/rfswarm/Tests/Regression/Reporter/Images/file_method</msg>
<status status="PASS" starttime="20230602 13:28:07.129" endtime="20230602 13:28:07.129"/>
</kw>
<kw name="Wait For" library="ImageHorizonLibrary">
<arg>${img}</arg>
<arg>timeout=300</arg>
<doc>Tries to locate given image from the screen for given time.</doc>
<msg timestamp="20230602 13:28:07.130" level="FAIL">InvalidImageException: Image path not found: "/Users/runner/work/rfswarm/rfswarm/Tests/Regression/Reporter/Images/file_method/reporter_macos_option_responsetime.png".</msg>
<status status="FAIL" starttime="20230602 13:28:07.129" endtime="20230602 13:28:07.131"/>
</kw>
<kw name="Locate" library="ImageHorizonLibrary">
<var>@{coordinates}</var>
<arg>${img}</arg>
<doc>Locate image on screen.</doc>
<status status="NOT RUN" starttime="20230602 13:28:07.131" endtime="20230602 13:28:07.131"/>
</kw>
<kw name="Click Image" library="ImageHorizonLibrary">
<arg>${img}</arg>
<doc>Finds the reference image on screen and clicks it once.</doc>
<status status="NOT RUN" starttime="20230602 13:28:07.131" endtime="20230602 13:28:07.132"/>
</kw>
<kw name="Sleep" library="BuiltIn">
<arg>${sssleep}</arg>
<doc>Pauses the test executed for the given time.</doc>
<status status="NOT RUN" starttime="20230602 13:28:07.132" endtime="20230602 13:28:07.132"/>
</kw>
<kw name="Take A Screenshot" library="ImageHorizonLibrary">
<doc>Takes a screenshot of the screen.</doc>
<status status="NOT RUN" starttime="20230602 13:28:07.132" endtime="20230602 13:28:07.132"/>
</kw>
<status status="FAIL" starttime="20230602 13:28:07.126" endtime="20230602 13:28:07.132"/>
</kw>
<kw name="Run Keyword And Continue On Failure" library="BuiltIn">
<arg>Wait For Status</arg>
<arg>PreviewLoaded</arg>
<doc>Runs the keyword and continues execution even if a failure occurs.</doc>
<status status="NOT RUN" starttime="20230602 13:28:07.132" endtime="20230602 13:28:07.132"/>
</kw>
<kw name="Sleep" library="BuiltIn">
<arg>10</arg>
<doc>Pauses the test executed for the given time.</doc>
<status status="NOT RUN" starttime="20230602 13:28:07.133" endtime="20230602 13:28:07.133"/>
</kw>
<kw name="Take A Screenshot" library="ImageHorizonLibrary">
<doc>Takes a screenshot of the screen.</doc>
<status status="NOT RUN" starttime="20230602 13:28:07.133" endtime="20230602 13:28:07.133"/>
</kw>
<kw name="Close GUI" type="TEARDOWN">
<kw name="Set Variable" library="BuiltIn">
<var>${keyword}</var>
<arg>Close GUI ${platform}</arg>
<doc>Returns the given values which can then be assigned to a variables.</doc>
<msg timestamp="20230602 13:28:07.134" level="INFO">${keyword} = Close GUI macos</msg>
<status status="PASS" starttime="20230602 13:28:07.134" endtime="20230602 13:28:07.134"/>
</kw>
<if>
<branch type="IF" condition="${process}">
<kw name="Is Process Running" library="Process">
<var>${running}</var>
<arg>${process}</arg>
<doc>Checks is the process running or not.</doc>
<msg timestamp="20230602 13:28:07.136" level="INFO">${running} = True</msg>
<status status="PASS" starttime="20230602 13:28:07.135" endtime="20230602 13:28:07.136"/>
</kw>
<if>
<branch type="IF" condition="${running}">
<kw name="Run Keyword" library="BuiltIn">
<arg>${keyword}</arg>
<doc>Executes the given keyword with the given arguments.</doc>
<kw name="Close GUI macos">
<kw name="Click Image" library="ImageHorizonLibrary">
<arg>reporter_${platform}_button_closewindow.png</arg>
<doc>Finds the reference image on screen and clicks it once.</doc>
<msg timestamp="20230602 13:28:07.657" level="INFO">Image "/Users/runner/work/rfswarm/rfswarm/Tests/Regression/Reporter/Images/file_method/reporter_macos_button_closewindow.png" found at Box(left=9, top=31, width=19, height=25)</msg>
<msg timestamp="20230602 13:28:07.657" level="INFO">Clicking image "reporter_macos_button_closewindow.png" in position (18, 43)</msg>
<status status="PASS" starttime="20230602 13:28:07.144" endtime="20230602 13:28:07.772"/>
</kw>
<kw name="Take A Screenshot" library="ImageHorizonLibrary">
<doc>Takes a screenshot of the screen.</doc>
<msg timestamp="20230602 13:28:07.774" level="INFO" html="true">Screenshot taken: /Users/runner/work/rfswarm/rfswarm/Tests/Regression/Reporter/Logs/macos-latest_3.9/Reporter.GUIBasic-screenshot-26.png&lt;br/&gt;&lt;img src="/Users/runner/work/rfswarm/rfswarm/Tests/Regression/Reporter/Logs/macos-latest_3.9/Reporter.GUIBasic-screenshot-26.png" width="100%" /&gt;</msg>
<status status="PASS" starttime="20230602 13:28:07.773" endtime="20230602 13:28:08.297"/>
</kw>
<kw name="Sleep" library="BuiltIn">
<arg>0.5</arg>
<doc>Pauses the test executed for the given time.</doc>
<msg timestamp="20230602 13:28:08.818" level="INFO">Slept 500 milliseconds</msg>
<status status="PASS" starttime="20230602 13:28:08.298" endtime="20230602 13:28:08.818"/>
</kw>
<kw name="End Process If Still Running">
<kw name="Wait For Process" library="Process">
<var>${result}</var>
<arg>${process}</arg>
<arg>timeout=60</arg>
<doc>Waits for the process to complete or to reach the given timeout.</doc>
<msg timestamp="20230602 13:28:08.820" level="INFO">Waiting for process to complete.</msg>
<msg timestamp="20230602 13:28:08.862" level="INFO">Process completed.</msg>
<msg timestamp="20230602 13:28:08.865" level="INFO">${result} = &lt;result object with rc 0&gt;</msg>
<status status="PASS" starttime="20230602 13:28:08.819" endtime="20230602 13:28:08.865"/>
</kw>
<kw name="Is Process Running" library="Process">
<var>${running}</var>
<arg>${process}</arg>
<doc>Checks is the process running or not.</doc>
<msg timestamp="20230602 13:28:08.866" level="INFO">${running} = False</msg>
<status status="PASS" starttime="20230602 13:28:08.865" endtime="20230602 13:28:08.866"/>
</kw>
<if>
<branch type="IF" condition="not ${running}">
<kw name="Check Result">
<arg>${result}</arg>
<kw name="Log" library="BuiltIn">
<arg>${result.stderr}</arg>
<doc>Logs the given message with the given level.</doc>
<msg timestamp="20230602 13:28:08.869" level="INFO">Exception in thread Thread-6:
Traceback (most recent call last):
  File "/Users/runner/hostedtoolcache/Python/3.9.16/x64/lib/python3.9/threading.py", line 980, in _bootstrap_inner
    self.run()
  File "/Users/runner/hostedtoolcache/Python/3.9.16/x64/lib/python3.9/threading.py", line 917, in run
    self._target(*self._args, **self._kwargs)
  File "/Users/runner/work/rfswarm/rfswarm/rfswarm_reporter/rfswarm_reporter.py", line 5132, in &lt;lambda&gt;
    cp = threading.Thread(target=lambda: self.content_preview(id))
  File "/Users/runner/work/rfswarm/rfswarm/rfswarm_reporter/rfswarm_reporter.py", line 6910, in content_preview
    self.cp_display_preview(id, 0)
  File "/Users/runner/work/rfswarm/rfswarm/rfswarm_reporter/rfswarm_reporter.py", line 7081, in cp_display_preview
    nextrow = self.cp_display_preview(child, nextrow)
  File "/Users/runner/work/rfswarm/rfswarm/rfswarm_reporter/rfswarm_reporter.py", line 7076, in cp_display_preview
    self.contentdata[id]["Preview"].grid(column=0, row=row, sticky="nsew")
KeyError: 'Preview'</msg>
<status status="PASS" starttime="20230602 13:28:08.867" endtime="20230602 13:28:08.869"/>
</kw>
<kw name="Should Not Contain" library="BuiltIn">
<arg>${result.stderr}</arg>
<arg>Traceback</arg>
<doc>Fails if ``container`` contains ``item`` one or more times.</doc>
<msg timestamp="20230602 13:28:08.870" level="FAIL">'Exception in thread Thread-6:
Traceback (most recent call last):
  File "/Users/runner/hostedtoolcache/Python/3.9.16/x64/lib/python3.9/threading.py", line 980, in _bootstrap_inner
    self.run()
  File "/Users/runner/hostedtoolcache/Python/3.9.16/x64/lib/python3.9/threading.py", line 917, in run
    self._target(*self._args, **self._kwargs)
  File "/Users/runner/work/rfswarm/rfswarm/rfswarm_reporter/rfswarm_reporter.py", line 5132, in &lt;lambda&gt;
    cp = threading.Thread(target=lambda: self.content_preview(id))
  File "/Users/runner/work/rfswarm/rfswarm/rfswarm_reporter/rfswarm_reporter.py", line 6910, in content_preview
    self.cp_display_preview(id, 0)
  File "/Users/runner/work/rfswarm/rfswarm/rfswarm_reporter/rfswarm_reporter.py", line 7081, in cp_display_preview
    nextrow = self.cp_display_preview(child, nextrow)
  File "/Users/runner/work/rfswarm/rfswarm/rfswarm_reporter/rfswarm_reporter.py", line 7076, in cp_display_preview
    self.contentdata[id]["Preview"].grid(column=0, row=row, sticky="nsew")
KeyError: 'Preview'' contains 'Traceback'</msg>
<status status="FAIL" starttime="20230602 13:28:08.869" endtime="20230602 13:28:08.870"/>
</kw>
<kw name="Should Be Equal As Integers" library="BuiltIn">
<arg>${result.rc}</arg>
<arg>0</arg>
<doc>Fails if objects are unequal after converting them to integers.</doc>
<msg timestamp="20230602 13:28:08.872" level="INFO">Argument types are:
&lt;class 'int'&gt;
&lt;class 'str'&gt;</msg>
<status status="PASS" starttime="20230602 13:28:08.871" endtime="20230602 13:28:08.872"/>
</kw>
<status status="FAIL" starttime="20230602 13:28:08.866" endtime="20230602 13:28:08.872"/>
</kw>
<status status="FAIL" starttime="20230602 13:28:08.866" endtime="20230602 13:28:08.873"/>
</branch>
<branch type="ELSE">
<kw name="Take A Screenshot" library="ImageHorizonLibrary">
<doc>Takes a screenshot of the screen.</doc>
<status status="NOT RUN" starttime="20230602 13:28:08.873" endtime="20230602 13:28:08.873"/>
</kw>
<kw name="Terminate Process" library="Process">
<var>${result}</var>
<arg>${process}</arg>
<doc>Stops the process gracefully or forcefully.</doc>
<status status="NOT RUN" starttime="20230602 13:28:08.873" endtime="20230602 13:28:08.873"/>
</kw>
<kw name="Check Result">
<arg>${result}</arg>
<status status="NOT RUN" starttime="20230602 13:28:08.873" endtime="20230602 13:28:08.874"/>
</kw>
<kw name="Fail" library="BuiltIn">
<arg>Had to Terminate Process</arg>
<doc>Fails the test with the given message and optionally alters its tags.</doc>
<status status="NOT RUN" starttime="20230602 13:28:08.874" endtime="20230602 13:28:08.874"/>
</kw>
<status status="NOT RUN" starttime="20230602 13:28:08.873" endtime="20230602 13:28:08.874"/>
</branch>
<status status="FAIL" starttime="20230602 13:28:08.866" endtime="20230602 13:28:08.874"/>
</if>
<status status="FAIL" starttime="20230602 13:28:08.818" endtime="20230602 13:28:08.875"/>
</kw>
<status status="FAIL" starttime="20230602 13:28:07.143" endtime="20230602 13:28:08.875"/>
</kw>
<status status="FAIL" starttime="20230602 13:28:07.136" endtime="20230602 13:28:08.875"/>
</kw>
<status status="FAIL" starttime="20230602 13:28:07.136" endtime="20230602 13:28:08.875"/>
</branch>
<branch type="ELSE">
<kw name="Wait For Process" library="Process">
<var>${result}</var>
<arg>${process}</arg>
<arg>timeout=60</arg>
<doc>Waits for the process to complete or to reach the given timeout.</doc>
<status status="NOT RUN" starttime="20230602 13:28:08.876" endtime="20230602 13:28:08.876"/>
</kw>
<kw name="Check Result">
<arg>${result}</arg>
<status status="NOT RUN" starttime="20230602 13:28:08.876" endtime="20230602 13:28:08.876"/>
</kw>
<status status="NOT RUN" starttime="20230602 13:28:08.875" endtime="20230602 13:28:08.876"/>
</branch>
<status status="FAIL" starttime="20230602 13:28:07.136" endtime="20230602 13:28:08.876"/>
</if>
<status status="FAIL" starttime="20230602 13:28:07.134" endtime="20230602 13:28:08.876"/>
</branch>
<status status="FAIL" starttime="20230602 13:28:07.134" endtime="20230602 13:28:08.877"/>
</if>
<kw name="Set Suite Variable" library="BuiltIn">
<arg>$process</arg>
<arg>None</arg>
<doc>Makes a variable available everywhere within the scope of the current suite.</doc>
<msg timestamp="20230602 13:28:08.877" level="INFO">${process} = None</msg>
<status status="PASS" starttime="20230602 13:28:08.877" endtime="20230602 13:28:08.877"/>
</kw>
<kw name="Sleep" library="BuiltIn">
<arg>0.5</arg>
<doc>Pauses the test executed for the given time.</doc>
<msg timestamp="20230602 13:28:09.378" level="INFO">Slept 500 milliseconds</msg>
<status status="PASS" starttime="20230602 13:28:08.877" endtime="20230602 13:28:09.379"/>
</kw>
<status status="FAIL" starttime="20230602 13:28:07.133" endtime="20230602 13:28:09.379">'Exception in thread Thread-6:
Traceback (most recent call last):
  File "/Users/runner/hostedtoolcache/Python/3.9.16/x64/lib/python3.9/threading.py", line 980, in _bootstrap_inner
    self.run()
  File "/Users/runner/hostedtoolcache/Python/3.9.16/x64/lib/python3.9/threading.py", line 917, in run
    self._target(*self._args, **self._kwargs)
  File "/Users/runner/work/rfswarm/rfswarm/rfswarm_reporter/rfswarm_reporter.py", line 5132, in &lt;lambda&gt;
    cp = threading.Thread(target=lambda: self.content_preview(id))
  File "/Users/runner/work/rfswarm/rfswarm/rfswarm_reporter/rfswarm_reporter.py", line 6910, in content_preview
    self.cp_display_preview(id, 0)
  File "/Users/runner/work/rfswarm/rfswarm/rfswarm_reporter/rfswarm_reporter.py", line 7081, in cp_display_preview
    nextrow = self.cp_display_preview(child, nextrow)
  File "/Users/runner/work/rfswarm/rfswarm/rfswarm_reporter/rfswarm_reporter.py", line 7076, in cp_display_preview
    self.contentdata[id]["Preview"].grid(column=0, row=row, sticky="nsew")
KeyError: 'Preview'' contains 'Traceback'</status>
</kw>
<tag>Issue #149</tag>
<tag>macos-latest</tag>
<tag>ubuntu-latest</tag>
<tag>windows-latest</tag>
<status status="FAIL" starttime="20230602 13:27:29.117" endtime="20230602 13:28:09.379">InvalidImageException: Image path not found: "/Users/runner/work/rfswarm/rfswarm/Tests/Regression/Reporter/Images/file_method/reporter_macos_option_responsetime.png".

Also teardown failed:
'Exception in thread Thread-6:
Traceback (most recent call last):
  File "/Users/runner/hostedtoolcache/Python/3.9.16/x64/lib/python3.9/threading.py", line 980, in _bootstrap_inner
    self.run()
  File "/Users/runner/hostedtoolcache/Python/3.9.16/x64/lib/python3.9/threading.py", line 917, in run
    self._target(*self._args, **self._kwargs)
  File "/Users/runner/work/rfswarm/rfswarm/rfswarm_reporter/rfswarm_reporter.py", line 5132, in &lt;lambda&gt;
    cp = threading.Thread(target=lambda: self.content_preview(id))
  File "/Users/runner/work/rfswarm/rfswarm/rfswarm_reporter/rfswarm_reporter.py", line 6910, in content_preview
    self.cp_display_preview(id, 0)
  File "/Users/runner/work/rfswarm/rfswarm/rfswarm_reporter/rfswarm_reporter.py", line 7081, in cp_display_preview
    nextrow = self.cp_display_preview(child, nextrow)
  File "/Users/runner/work/rfswarm/rfswarm/rfswarm_reporter/rfswarm_reporter.py", line 7076, in cp_display_preview
    self.contentdata[id]["Preview"].grid(column=0, row=row, sticky="nsew")
KeyError: 'Preview'' contains 'Traceback'</status>
</test>
<test id="s1-s2-t5" name="Intentional Fail" line="97">
<kw name="Fail" library="BuiltIn">
<doc>Fails the test with the given message and optionally alters its tags.</doc>
<msg timestamp="20230602 13:28:09.383" level="FAIL">AssertionError</msg>
<status status="FAIL" starttime="20230602 13:28:09.382" endtime="20230602 13:28:09.383"/>
</kw>
<kw name="Close GUI" type="TEARDOWN">
<kw name="Set Variable" library="BuiltIn">
<var>${keyword}</var>
<arg>Close GUI ${platform}</arg>
<doc>Returns the given values which can then be assigned to a variables.</doc>
<msg timestamp="20230602 13:28:09.384" level="INFO">${keyword} = Close GUI macos</msg>
<status status="PASS" starttime="20230602 13:28:09.384" endtime="20230602 13:28:09.384"/>
</kw>
<if>
<branch type="IF" condition="${process}">
<kw name="Is Process Running" library="Process">
<var>${running}</var>
<arg>${process}</arg>
<doc>Checks is the process running or not.</doc>
<status status="NOT RUN" starttime="20230602 13:28:09.384" endtime="20230602 13:28:09.384"/>
</kw>
<if>
<branch type="IF" condition="${running}">
<kw name="Run Keyword" library="BuiltIn">
<arg>${keyword}</arg>
<doc>Executes the given keyword with the given arguments.</doc>
<status status="NOT RUN" starttime="20230602 13:28:09.385" endtime="20230602 13:28:09.385"/>
</kw>
<status status="NOT RUN" starttime="20230602 13:28:09.385" endtime="20230602 13:28:09.385"/>
</branch>
<branch type="ELSE">
<kw name="Wait For Process" library="Process">
<var>${result}</var>
<arg>${process}</arg>
<arg>timeout=60</arg>
<doc>Waits for the process to complete or to reach the given timeout.</doc>
<status status="NOT RUN" starttime="20230602 13:28:09.385" endtime="20230602 13:28:09.385"/>
</kw>
<kw name="Check Result">
<arg>${result}</arg>
<status status="NOT RUN" starttime="20230602 13:28:09.385" endtime="20230602 13:28:09.385"/>
</kw>
<status status="NOT RUN" starttime="20230602 13:28:09.385" endtime="20230602 13:28:09.385"/>
</branch>
<status status="NOT RUN" starttime="20230602 13:28:09.385" endtime="20230602 13:28:09.385"/>
</if>
<status status="NOT RUN" starttime="20230602 13:28:09.384" endtime="20230602 13:28:09.385"/>
</branch>
<status status="PASS" starttime="20230602 13:28:09.384" endtime="20230602 13:28:09.385"/>
</if>
<kw name="Set Suite Variable" library="BuiltIn">
<arg>$process</arg>
<arg>None</arg>
<doc>Makes a variable available everywhere within the scope of the current suite.</doc>
<msg timestamp="20230602 13:28:09.386" level="INFO">${process} = None</msg>
<status status="PASS" starttime="20230602 13:28:09.386" endtime="20230602 13:28:09.386"/>
</kw>
<kw name="Sleep" library="BuiltIn">
<arg>0.5</arg>
<doc>Pauses the test executed for the given time.</doc>
<msg timestamp="20230602 13:28:09.890" level="INFO">Slept 500 milliseconds</msg>
<status status="PASS" starttime="20230602 13:28:09.386" endtime="20230602 13:28:09.890"/>
</kw>
<status status="PASS" starttime="20230602 13:28:09.383" endtime="20230602 13:28:09.890"/>
</kw>
<doc>Uncomment this test if you want to trigger updating Screenshots in the git repo
Ensure this is commented out before release or pull request</doc>
<tag>macos-latest</tag>
<tag>ubuntu-latest</tag>
<tag>windows-latest</tag>
<status status="FAIL" starttime="20230602 13:28:09.380" endtime="20230602 13:28:09.890">AssertionError</status>
</test>
<status status="FAIL" starttime="20230602 13:26:20.135" endtime="20230602 13:28:09.891"/>
</suite>
<status status="FAIL" starttime="20230602 13:25:49.541" endtime="20230602 13:28:09.893"/>
</suite>
<statistics>
<total>
<stat pass="8" fail="2" skip="0">All Tests</stat>
</total>
<tag>
<stat pass="1" fail="0" skip="0">DOCX</stat>
<stat pass="1" fail="0" skip="0">HTML</stat>
<stat pass="3" fail="0" skip="0">Issue #144</stat>
<stat pass="1" fail="0" skip="0">Issue #147</stat>
<stat pass="0" fail="1" skip="0">Issue #149</stat>
<stat pass="8" fail="2" skip="0">macos-latest</stat>
<stat pass="8" fail="2" skip="0">ubuntu-latest</stat>
<stat pass="8" fail="2" skip="0">windows-latest</stat>
<stat pass="1" fail="0" skip="0">XLSX</stat>
</tag>
<suite>
<stat pass="8" fail="2" skip="0" id="s1" name="Reporter">Reporter</stat>
<stat pass="5" fail="0" skip="0" id="s1-s1" name="CommandLine">Reporter.CommandLine</stat>
<stat pass="3" fail="2" skip="0" id="s1-s2" name="GUI Basic">Reporter.GUI Basic</stat>
</suite>
</statistics>
<errors>
</errors>
</robot>
