<?xml version="1.0" encoding="UTF-8"?>
<robot generator="Robot 6.0.2 (Python 3.9.16 on darwin)" generated="20230602 10:39:07.755" rpa="false" schemaversion="3">
<suite id="s1" name="Reporter" source="/Users/runner/work/rfswarm/rfswarm/Tests/Regression/Reporter">
<suite id="s1-s1" name="CommandLine" source="/Users/runner/work/rfswarm/rfswarm/Tests/Regression/Reporter/CommandLine.robot">
<kw name="Clean Up Old Files" type="SETUP">
<tag>macos-latest</tag>
<tag>ubuntu-latest</tag>
<tag>windows-latest</tag>
<kw name="Log To Console" library="BuiltIn">
<arg>${OUTPUT DIR}</arg>
<doc>Logs the given message to the console.</doc>
<status status="PASS" starttime="20230602 10:39:07.806" endtime="20230602 10:39:07.806"/>
</kw>
<kw name="Remove File" library="OperatingSystem">
<arg>${OUTPUT DIR}${/}*.txt</arg>
<doc>Removes a file with the given path.</doc>
<msg timestamp="20230602 10:39:07.807" level="INFO" html="true">Removed file '&lt;a href="file:///Users/runner/work/rfswarm/rfswarm/Tests/Regression/Reporter/Logs/macos-latest_3.9/stdout.txt"&gt;/Users/runner/work/rfswarm/rfswarm/Tests/Regression/Reporter/Logs/macos-latest_3.9/stdout.txt&lt;/a&gt;'.</msg>
<msg timestamp="20230602 10:39:07.808" level="INFO" html="true">Removed file '&lt;a href="file:///Users/runner/work/rfswarm/rfswarm/Tests/Regression/Reporter/Logs/macos-latest_3.9/stderr.txt"&gt;/Users/runner/work/rfswarm/rfswarm/Tests/Regression/Reporter/Logs/macos-latest_3.9/stderr.txt&lt;/a&gt;'.</msg>
<status status="PASS" starttime="20230602 10:39:07.806" endtime="20230602 10:39:07.808"/>
</kw>
<kw name="Remove File" library="OperatingSystem">
<arg>${OUTPUT DIR}${/}*.png</arg>
<doc>Removes a file with the given path.</doc>
<msg timestamp="20230602 10:39:07.809" level="INFO" html="true">Removed file '&lt;a href="file:///Users/runner/work/rfswarm/rfswarm/Tests/Regression/Reporter/Logs/macos-latest_3.9/Reporter.GUIBasic-screenshot-8.png"&gt;/Users/runner/work/rfswarm/rfswarm/Tests/Regression/Reporter/Logs/macos-latest_3.9/Reporter.GUIBasic-screenshot-8.png&lt;/a&gt;'.</msg>
<msg timestamp="20230602 10:39:07.809" level="INFO" html="true">Removed file '&lt;a href="file:///Users/runner/work/rfswarm/rfswarm/Tests/Regression/Reporter/Logs/macos-latest_3.9/Reporter.GUIBasic-screenshot-9.png"&gt;/Users/runner/work/rfswarm/rfswarm/Tests/Regression/Reporter/Logs/macos-latest_3.9/Reporter.GUIBasic-screenshot-9.png&lt;/a&gt;'.</msg>
<msg timestamp="20230602 10:39:07.809" level="INFO" html="true">Removed file '&lt;a href="file:///Users/runner/work/rfswarm/rfswarm/Tests/Regression/Reporter/Logs/macos-latest_3.9/Reporter.GUIBasic-screenshot-18.png"&gt;/Users/runner/work/rfswarm/rfswarm/Tests/Regression/Reporter/Logs/macos-latest_3.9/Reporter.GUIBasic-screenshot-18.png&lt;/a&gt;'.</msg>
<msg timestamp="20230602 10:39:07.809" level="INFO" html="true">Removed file '&lt;a href="file:///Users/runner/work/rfswarm/rfswarm/Tests/Regression/Reporter/Logs/macos-latest_3.9/Reporter.GUIBasic-screenshot-19.png"&gt;/Users/runner/work/rfswarm/rfswarm/Tests/Regression/Reporter/Logs/macos-latest_3.9/Reporter.GUIBasic-screenshot-19.png&lt;/a&gt;'.</msg>
<msg timestamp="20230602 10:39:07.809" level="INFO" html="true">Removed file '&lt;a href="file:///Users/runner/work/rfswarm/rfswarm/Tests/Regression/Reporter/Logs/macos-latest_3.9/Reporter.GUIBasic-screenshot-12.png"&gt;/Users/runner/work/rfswarm/rfswarm/Tests/Regression/Reporter/Logs/macos-latest_3.9/Reporter.GUIBasic-screenshot-12.png&lt;/a&gt;'.</msg>
<msg timestamp="20230602 10:39:07.810" level="INFO" html="true">Removed file '&lt;a href="file:///Users/runner/work/rfswarm/rfswarm/Tests/Regression/Reporter/Logs/macos-latest_3.9/Reporter.GUIBasic-screenshot-1.png"&gt;/Users/runner/work/rfswarm/rfswarm/Tests/Regression/Reporter/Logs/macos-latest_3.9/Reporter.GUIBasic-screenshot-1.png&lt;/a&gt;'.</msg>
<msg timestamp="20230602 10:39:07.810" level="INFO" html="true">Removed file '&lt;a href="file:///Users/runner/work/rfswarm/rfswarm/Tests/Regression/Reporter/Logs/macos-latest_3.9/Reporter.GUIBasic-screenshot-13.png"&gt;/Users/runner/work/rfswarm/rfswarm/Tests/Regression/Reporter/Logs/macos-latest_3.9/Reporter.GUIBasic-screenshot-13.png&lt;/a&gt;'.</msg>
<msg timestamp="20230602 10:39:07.810" level="INFO" html="true">Removed file '&lt;a href="file:///Users/runner/work/rfswarm/rfswarm/Tests/Regression/Reporter/Logs/macos-latest_3.9/Reporter.GUIBasic-screenshot-11.png"&gt;/Users/runner/work/rfswarm/rfswarm/Tests/Regression/Reporter/Logs/macos-latest_3.9/Reporter.GUIBasic-screenshot-11.png&lt;/a&gt;'.</msg>
<msg timestamp="20230602 10:39:07.810" level="INFO" html="true">Removed file '&lt;a href="file:///Users/runner/work/rfswarm/rfswarm/Tests/Regression/Reporter/Logs/macos-latest_3.9/Reporter.GUIBasic-screenshot-2.png"&gt;/Users/runner/work/rfswarm/rfswarm/Tests/Regression/Reporter/Logs/macos-latest_3.9/Reporter.GUIBasic-screenshot-2.png&lt;/a&gt;'.</msg>
<msg timestamp="20230602 10:39:07.810" level="INFO" html="true">Removed file '&lt;a href="file:///Users/runner/work/rfswarm/rfswarm/Tests/Regression/Reporter/Logs/macos-latest_3.9/Reporter.GUIBasic-screenshot-3.png"&gt;/Users/runner/work/rfswarm/rfswarm/Tests/Regression/Reporter/Logs/macos-latest_3.9/Reporter.GUIBasic-screenshot-3.png&lt;/a&gt;'.</msg>
<msg timestamp="20230602 10:39:07.811" level="INFO" html="true">Removed file '&lt;a href="file:///Users/runner/work/rfswarm/rfswarm/Tests/Regression/Reporter/Logs/macos-latest_3.9/Reporter.GUIBasic-screenshot-10.png"&gt;/Users/runner/work/rfswarm/rfswarm/Tests/Regression/Reporter/Logs/macos-latest_3.9/Reporter.GUIBasic-screenshot-10.png&lt;/a&gt;'.</msg>
<msg timestamp="20230602 10:39:07.811" level="INFO" html="true">Removed file '&lt;a href="file:///Users/runner/work/rfswarm/rfswarm/Tests/Regression/Reporter/Logs/macos-latest_3.9/Reporter.GUIBasic-screenshot-14.png"&gt;/Users/runner/work/rfswarm/rfswarm/Tests/Regression/Reporter/Logs/macos-latest_3.9/Reporter.GUIBasic-screenshot-14.png&lt;/a&gt;'.</msg>
<msg timestamp="20230602 10:39:07.811" level="INFO" html="true">Removed file '&lt;a href="file:///Users/runner/work/rfswarm/rfswarm/Tests/Regression/Reporter/Logs/macos-latest_3.9/Reporter.GUIBasic-screenshot-7.png"&gt;/Users/runner/work/rfswarm/rfswarm/Tests/Regression/Reporter/Logs/macos-latest_3.9/Reporter.GUIBasic-screenshot-7.png&lt;/a&gt;'.</msg>
<msg timestamp="20230602 10:39:07.811" level="INFO" html="true">Removed file '&lt;a href="file:///Users/runner/work/rfswarm/rfswarm/Tests/Regression/Reporter/Logs/macos-latest_3.9/Reporter.GUIBasic-screenshot-6.png"&gt;/Users/runner/work/rfswarm/rfswarm/Tests/Regression/Reporter/Logs/macos-latest_3.9/Reporter.GUIBasic-screenshot-6.png&lt;/a&gt;'.</msg>
<msg timestamp="20230602 10:39:07.812" level="INFO" html="true">Removed file '&lt;a href="file:///Users/runner/work/rfswarm/rfswarm/Tests/Regression/Reporter/Logs/macos-latest_3.9/Reporter.GUIBasic-screenshot-15.png"&gt;/Users/runner/work/rfswarm/rfswarm/Tests/Regression/Reporter/Logs/macos-latest_3.9/Reporter.GUIBasic-screenshot-15.png&lt;/a&gt;'.</msg>
<msg timestamp="20230602 10:39:07.812" level="INFO" html="true">Removed file '&lt;a href="file:///Users/runner/work/rfswarm/rfswarm/Tests/Regression/Reporter/Logs/macos-latest_3.9/Reporter.GUIBasic-screenshot-17.png"&gt;/Users/runner/work/rfswarm/rfswarm/Tests/Regression/Reporter/Logs/macos-latest_3.9/Reporter.GUIBasic-screenshot-17.png&lt;/a&gt;'.</msg>
<msg timestamp="20230602 10:39:07.812" level="INFO" html="true">Removed file '&lt;a href="file:///Users/runner/work/rfswarm/rfswarm/Tests/Regression/Reporter/Logs/macos-latest_3.9/Reporter.GUIBasic-screenshot-4.png"&gt;/Users/runner/work/rfswarm/rfswarm/Tests/Regression/Reporter/Logs/macos-latest_3.9/Reporter.GUIBasic-screenshot-4.png&lt;/a&gt;'.</msg>
<msg timestamp="20230602 10:39:07.812" level="INFO" html="true">Removed file '&lt;a href="file:///Users/runner/work/rfswarm/rfswarm/Tests/Regression/Reporter/Logs/macos-latest_3.9/Reporter.GUIBasic-screenshot-5.png"&gt;/Users/runner/work/rfswarm/rfswarm/Tests/Regression/Reporter/Logs/macos-latest_3.9/Reporter.GUIBasic-screenshot-5.png&lt;/a&gt;'.</msg>
<msg timestamp="20230602 10:39:07.813" level="INFO" html="true">Removed file '&lt;a href="file:///Users/runner/work/rfswarm/rfswarm/Tests/Regression/Reporter/Logs/macos-latest_3.9/Reporter.GUIBasic-screenshot-16.png"&gt;/Users/runner/work/rfswarm/rfswarm/Tests/Regression/Reporter/Logs/macos-latest_3.9/Reporter.GUIBasic-screenshot-16.png&lt;/a&gt;'.</msg>
<status status="PASS" starttime="20230602 10:39:07.808" endtime="20230602 10:39:07.813"/>
</kw>
<status status="PASS" starttime="20230602 10:39:07.805" endtime="20230602 10:39:07.813"/>
</kw>
<test id="s1-s1-t1" name="Reporter Version" line="16">
<kw name="Run" library="OperatingSystem">
<var>${result}</var>
<arg>python3 ${EXECDIR}${/}rfswarm_reporter${/}rfswarm_reporter.py -v</arg>
<doc>Runs the given command in the system and returns the output.</doc>
<msg timestamp="20230602 10:39:07.819" level="INFO">Running command 'python3 /Users/runner/work/rfswarm/rfswarm/rfswarm_reporter/rfswarm_reporter.py -v 2&gt;&amp;1'.</msg>
<msg timestamp="20230602 10:39:21.322" level="INFO">${result} = Robot Framework Swarm: Reporter 
	Version 1.1.3 </msg>
<status status="PASS" starttime="20230602 10:39:07.814" endtime="20230602 10:39:21.322"/>
</kw>
<kw name="Log To Console" library="BuiltIn">
<arg>${\n}${result}</arg>
<doc>Logs the given message to the console.</doc>
<status status="PASS" starttime="20230602 10:39:21.322" endtime="20230602 10:39:21.323"/>
</kw>
<kw name="Should Contain" library="BuiltIn">
<arg>${result}</arg>
<arg>Version</arg>
<doc>Fails if ``container`` does not contain ``item`` one or more times.</doc>
<status status="PASS" starttime="20230602 10:39:21.323" endtime="20230602 10:39:21.323"/>
</kw>
<kw name="Should Contain" library="BuiltIn">
<arg>${result}</arg>
<arg>Reporter</arg>
<doc>Fails if ``container`` does not contain ``item`` one or more times.</doc>
<status status="PASS" starttime="20230602 10:39:21.323" endtime="20230602 10:39:21.324"/>
</kw>
<tag>macos-latest</tag>
<tag>ubuntu-latest</tag>
<tag>windows-latest</tag>
<status status="PASS" starttime="20230602 10:39:07.813" endtime="20230602 10:39:21.324"/>
</test>
<test id="s1-s1-t2" name="Reporter Help" line="23">
<kw name="Run" library="OperatingSystem">
<var>${result}</var>
<arg>python3 ${EXECDIR}${/}rfswarm_reporter${/}rfswarm_reporter.py -h</arg>
<doc>Runs the given command in the system and returns the output.</doc>
<msg timestamp="20230602 10:39:21.330" level="INFO">Running command 'python3 /Users/runner/work/rfswarm/rfswarm/rfswarm_reporter/rfswarm_reporter.py -h 2&gt;&amp;1'.</msg>
<msg timestamp="20230602 10:39:23.242" level="INFO">${result} = Robot Framework Swarm: Reporter 
	Version 1.1.3 
usage: rfswarm_reporter.py [-h] [-g DEBUG] [-v] [-i INI] [-n] [-d DIR]
                           [-t TEMPLATE] [--html] [--docx] [--xlsx]

optional ar...</msg>
<status status="PASS" starttime="20230602 10:39:21.325" endtime="20230602 10:39:23.242"/>
</kw>
<kw name="Log To Console" library="BuiltIn">
<arg>${\n}${result}</arg>
<doc>Logs the given message to the console.</doc>
<status status="PASS" starttime="20230602 10:39:23.242" endtime="20230602 10:39:23.243"/>
</kw>
<kw name="Should Contain" library="BuiltIn">
<arg>${result}</arg>
<arg>Excel</arg>
<doc>Fails if ``container`` does not contain ``item`` one or more times.</doc>
<status status="PASS" starttime="20230602 10:39:23.243" endtime="20230602 10:39:23.243"/>
</kw>
<tag>macos-latest</tag>
<tag>ubuntu-latest</tag>
<tag>windows-latest</tag>
<status status="PASS" starttime="20230602 10:39:21.324" endtime="20230602 10:39:23.244"/>
</test>
<test id="s1-s1-t3" name="Command Line Generate HTML" line="29">
<kw name="Set Variable" library="BuiltIn">
<var>${testdata}</var>
<arg>Issue-#144</arg>
<doc>Returns the given values which can then be assigned to a variables.</doc>
<msg timestamp="20230602 10:39:23.245" level="INFO">${testdata} = Issue-#144</msg>
<status status="PASS" starttime="20230602 10:39:23.245" endtime="20230602 10:39:23.245"/>
</kw>
<kw name="Set Variable" library="BuiltIn">
<var>${resultdata}</var>
<arg>20230320_185055_demo</arg>
<doc>Returns the given values which can then be assigned to a variables.</doc>
<msg timestamp="20230602 10:39:23.245" level="INFO">${resultdata} = 20230320_185055_demo</msg>
<status status="PASS" starttime="20230602 10:39:23.245" endtime="20230602 10:39:23.245"/>
</kw>
<kw name="Set Variable" library="BuiltIn">
<var>${basefolder}</var>
<arg>/Users/runner/work/rfswarm/rfswarm/Tests/Regression/Reporter${/}testdata${/}${testdata}</arg>
<doc>Returns the given values which can then be assigned to a variables.</doc>
<msg timestamp="20230602 10:39:23.246" level="INFO">${basefolder} = /Users/runner/work/rfswarm/rfswarm/Tests/Regression/Reporter/testdata/Issue-#144</msg>
<status status="PASS" starttime="20230602 10:39:23.245" endtime="20230602 10:39:23.246"/>
</kw>
<kw name="Should Exist" library="OperatingSystem">
<arg>${basefolder}</arg>
<doc>Fails unless the given path (file or directory) exists.</doc>
<msg timestamp="20230602 10:39:23.246" level="INFO" html="true">Path '&lt;a href="file:///Users/runner/work/rfswarm/rfswarm/Tests/Regression/Reporter/testdata/Issue-#144"&gt;/Users/runner/work/rfswarm/rfswarm/Tests/Regression/Reporter/testdata/Issue-#144&lt;/a&gt;' exists.</msg>
<status status="PASS" starttime="20230602 10:39:23.246" endtime="20230602 10:39:23.246"/>
</kw>
<kw name="Log" library="BuiltIn">
<arg>basefolder: ${basefolder}</arg>
<arg>console=True</arg>
<doc>Logs the given message with the given level.</doc>
<msg timestamp="20230602 10:39:23.247" level="INFO">basefolder: /Users/runner/work/rfswarm/rfswarm/Tests/Regression/Reporter/testdata/Issue-#144</msg>
<status status="PASS" starttime="20230602 10:39:23.247" endtime="20230602 10:39:23.247"/>
</kw>
<kw name="Set Variable" library="BuiltIn">
<var>${resultfolder}</var>
<arg>${basefolder}${/}${resultdata}</arg>
<doc>Returns the given values which can then be assigned to a variables.</doc>
<msg timestamp="20230602 10:39:23.247" level="INFO">${resultfolder} = /Users/runner/work/rfswarm/rfswarm/Tests/Regression/Reporter/testdata/Issue-#144/20230320_185055_demo</msg>
<status status="PASS" starttime="20230602 10:39:23.247" endtime="20230602 10:39:23.247"/>
</kw>
<kw name="Should Exist" library="OperatingSystem">
<arg>${resultfolder}</arg>
<doc>Fails unless the given path (file or directory) exists.</doc>
<msg timestamp="20230602 10:39:23.248" level="INFO" html="true">Path '&lt;a href="file:///Users/runner/work/rfswarm/rfswarm/Tests/Regression/Reporter/testdata/Issue-#144/20230320_185055_demo"&gt;/Users/runner/work/rfswarm/rfswarm/Tests/Regression/Reporter/testdata/Issue-#144/20230320_185055_demo&lt;/a&gt;' exists.</msg>
<status status="PASS" starttime="20230602 10:39:23.248" endtime="20230602 10:39:23.248"/>
</kw>
<kw name="Log" library="BuiltIn">
<arg>resultfolder: ${resultfolder}</arg>
<arg>console=True</arg>
<doc>Logs the given message with the given level.</doc>
<msg timestamp="20230602 10:39:23.248" level="INFO">resultfolder: /Users/runner/work/rfswarm/rfswarm/Tests/Regression/Reporter/testdata/Issue-#144/20230320_185055_demo</msg>
<status status="PASS" starttime="20230602 10:39:23.248" endtime="20230602 10:39:23.248"/>
</kw>
<kw name="Set Variable" library="BuiltIn">
<var>${template}</var>
<arg>${basefolder}${/}90%ileTemplate.template</arg>
<doc>Returns the given values which can then be assigned to a variables.</doc>
<msg timestamp="20230602 10:39:23.249" level="INFO">${template} = /Users/runner/work/rfswarm/rfswarm/Tests/Regression/Reporter/testdata/Issue-#144/90%ileTemplate.template</msg>
<status status="PASS" starttime="20230602 10:39:23.249" endtime="20230602 10:39:23.249"/>
</kw>
<kw name="Should Exist" library="OperatingSystem">
<arg>${template}</arg>
<doc>Fails unless the given path (file or directory) exists.</doc>
<msg timestamp="20230602 10:39:23.249" level="INFO" html="true">Path '&lt;a href="file:///Users/runner/work/rfswarm/rfswarm/Tests/Regression/Reporter/testdata/Issue-#144/90%ileTemplate.template"&gt;/Users/runner/work/rfswarm/rfswarm/Tests/Regression/Reporter/testdata/Issue-#144/90%ileTemplate.template&lt;/a&gt;' exists.</msg>
<status status="PASS" starttime="20230602 10:39:23.249" endtime="20230602 10:39:23.249"/>
</kw>
<kw name="Log" library="BuiltIn">
<arg>template: ${template}</arg>
<arg>console=True</arg>
<doc>Logs the given message with the given level.</doc>
<msg timestamp="20230602 10:39:23.250" level="INFO">template: /Users/runner/work/rfswarm/rfswarm/Tests/Regression/Reporter/testdata/Issue-#144/90%ileTemplate.template</msg>
<status status="PASS" starttime="20230602 10:39:23.249" endtime="20230602 10:39:23.250"/>
</kw>
<kw name="Run" library="OperatingSystem">
<var>${result}</var>
<arg>python3 ${pyfile} -n -g 1 -d ${resultfolder} -t ${template} --html</arg>
<doc>Runs the given command in the system and returns the output.</doc>
<msg timestamp="20230602 10:39:23.255" level="INFO">Running command 'python3 /Users/runner/work/rfswarm/rfswarm/rfswarm_reporter/rfswarm_reporter.py -n -g 1 -d /Users/runner/work/rfswarm/rfswarm/Tests/Regression/Reporter/testdata/Issue-#144/20230320_185055_demo -t /Users/runner/work/rfswarm/rfswarm/Tests/Regression/Reporter/testdata/Issue-#144/90%ileTemplate.template --html 2&gt;&amp;1'.</msg>
<msg timestamp="20230602 10:39:29.668" level="INFO">${result} = </msg>
<status status="PASS" starttime="20230602 10:39:23.250" endtime="20230602 10:39:29.668"/>
</kw>
<kw name="Log" library="BuiltIn">
<arg>result: ${\n}${result}</arg>
<arg>console=True</arg>
<doc>Logs the given message with the given level.</doc>
<msg timestamp="20230602 10:39:29.669" level="INFO">result: 
</msg>
<status status="PASS" starttime="20230602 10:39:29.668" endtime="20230602 10:39:29.669"/>
</kw>
<kw name="Should Not Contain" library="BuiltIn">
<arg>${result}</arg>
<arg>Traceback</arg>
<doc>Fails if ``container`` contains ``item`` one or more times.</doc>
<status status="PASS" starttime="20230602 10:39:29.669" endtime="20230602 10:39:29.669"/>
</kw>
<kw name="Should Exist" library="OperatingSystem">
<arg>${resultfolder}${/}${resultdata}.html</arg>
<doc>Fails unless the given path (file or directory) exists.</doc>
<msg timestamp="20230602 10:39:29.670" level="INFO" html="true">Path '&lt;a href="file:///Users/runner/work/rfswarm/rfswarm/Tests/Regression/Reporter/testdata/Issue-#144/20230320_185055_demo/20230320_185055_demo.html"&gt;/Users/runner/work/rfswarm/rfswarm/Tests/Regression/Reporter/testdata/Issue-#144/20230320_185055_demo/20230320_185055_demo.html&lt;/a&gt;' exists.</msg>
<status status="PASS" starttime="20230602 10:39:29.670" endtime="20230602 10:39:29.670"/>
</kw>
<tag>HTML</tag>
<tag>Issue #144</tag>
<tag>macos-latest</tag>
<tag>ubuntu-latest</tag>
<tag>windows-latest</tag>
<status status="PASS" starttime="20230602 10:39:23.244" endtime="20230602 10:39:29.670"/>
</test>
<test id="s1-s1-t4" name="Command Line Generate Docx" line="47">
<kw name="Set Variable" library="BuiltIn">
<var>${testdata}</var>
<arg>Issue-#144</arg>
<doc>Returns the given values which can then be assigned to a variables.</doc>
<msg timestamp="20230602 10:39:29.672" level="INFO">${testdata} = Issue-#144</msg>
<status status="PASS" starttime="20230602 10:39:29.671" endtime="20230602 10:39:29.672"/>
</kw>
<kw name="Set Variable" library="BuiltIn">
<var>${resultdata}</var>
<arg>20230320_185055_demo</arg>
<doc>Returns the given values which can then be assigned to a variables.</doc>
<msg timestamp="20230602 10:39:29.672" level="INFO">${resultdata} = 20230320_185055_demo</msg>
<status status="PASS" starttime="20230602 10:39:29.672" endtime="20230602 10:39:29.672"/>
</kw>
<kw name="Set Variable" library="BuiltIn">
<var>${basefolder}</var>
<arg>/Users/runner/work/rfswarm/rfswarm/Tests/Regression/Reporter${/}testdata${/}${testdata}</arg>
<doc>Returns the given values which can then be assigned to a variables.</doc>
<msg timestamp="20230602 10:39:29.672" level="INFO">${basefolder} = /Users/runner/work/rfswarm/rfswarm/Tests/Regression/Reporter/testdata/Issue-#144</msg>
<status status="PASS" starttime="20230602 10:39:29.672" endtime="20230602 10:39:29.672"/>
</kw>
<kw name="Should Exist" library="OperatingSystem">
<arg>${basefolder}</arg>
<doc>Fails unless the given path (file or directory) exists.</doc>
<msg timestamp="20230602 10:39:29.673" level="INFO" html="true">Path '&lt;a href="file:///Users/runner/work/rfswarm/rfswarm/Tests/Regression/Reporter/testdata/Issue-#144"&gt;/Users/runner/work/rfswarm/rfswarm/Tests/Regression/Reporter/testdata/Issue-#144&lt;/a&gt;' exists.</msg>
<status status="PASS" starttime="20230602 10:39:29.673" endtime="20230602 10:39:29.673"/>
</kw>
<kw name="Log To Console" library="BuiltIn">
<arg>basefolder: ${basefolder}</arg>
<arg>console=True</arg>
<doc>Logs the given message to the console.</doc>
<status status="PASS" starttime="20230602 10:39:29.673" endtime="20230602 10:39:29.673"/>
</kw>
<kw name="Set Variable" library="BuiltIn">
<var>${resultfolder}</var>
<arg>${basefolder}${/}${resultdata}</arg>
<doc>Returns the given values which can then be assigned to a variables.</doc>
<msg timestamp="20230602 10:39:29.674" level="INFO">${resultfolder} = /Users/runner/work/rfswarm/rfswarm/Tests/Regression/Reporter/testdata/Issue-#144/20230320_185055_demo</msg>
<status status="PASS" starttime="20230602 10:39:29.674" endtime="20230602 10:39:29.674"/>
</kw>
<kw name="Should Exist" library="OperatingSystem">
<arg>${resultfolder}</arg>
<doc>Fails unless the given path (file or directory) exists.</doc>
<msg timestamp="20230602 10:39:29.674" level="INFO" html="true">Path '&lt;a href="file:///Users/runner/work/rfswarm/rfswarm/Tests/Regression/Reporter/testdata/Issue-#144/20230320_185055_demo"&gt;/Users/runner/work/rfswarm/rfswarm/Tests/Regression/Reporter/testdata/Issue-#144/20230320_185055_demo&lt;/a&gt;' exists.</msg>
<status status="PASS" starttime="20230602 10:39:29.674" endtime="20230602 10:39:29.674"/>
</kw>
<kw name="Log" library="BuiltIn">
<arg>resultfolder: ${resultfolder}</arg>
<arg>console=True</arg>
<doc>Logs the given message with the given level.</doc>
<msg timestamp="20230602 10:39:29.675" level="INFO">resultfolder: /Users/runner/work/rfswarm/rfswarm/Tests/Regression/Reporter/testdata/Issue-#144/20230320_185055_demo</msg>
<status status="PASS" starttime="20230602 10:39:29.674" endtime="20230602 10:39:29.675"/>
</kw>
<kw name="Set Variable" library="BuiltIn">
<var>${template}</var>
<arg>${basefolder}${/}90%ileTemplate.template</arg>
<doc>Returns the given values which can then be assigned to a variables.</doc>
<msg timestamp="20230602 10:39:29.675" level="INFO">${template} = /Users/runner/work/rfswarm/rfswarm/Tests/Regression/Reporter/testdata/Issue-#144/90%ileTemplate.template</msg>
<status status="PASS" starttime="20230602 10:39:29.675" endtime="20230602 10:39:29.675"/>
</kw>
<kw name="Should Exist" library="OperatingSystem">
<arg>${template}</arg>
<doc>Fails unless the given path (file or directory) exists.</doc>
<msg timestamp="20230602 10:39:29.676" level="INFO" html="true">Path '&lt;a href="file:///Users/runner/work/rfswarm/rfswarm/Tests/Regression/Reporter/testdata/Issue-#144/90%ileTemplate.template"&gt;/Users/runner/work/rfswarm/rfswarm/Tests/Regression/Reporter/testdata/Issue-#144/90%ileTemplate.template&lt;/a&gt;' exists.</msg>
<status status="PASS" starttime="20230602 10:39:29.675" endtime="20230602 10:39:29.676"/>
</kw>
<kw name="Log" library="BuiltIn">
<arg>template: ${template}</arg>
<arg>console=True</arg>
<doc>Logs the given message with the given level.</doc>
<msg timestamp="20230602 10:39:29.676" level="INFO">template: /Users/runner/work/rfswarm/rfswarm/Tests/Regression/Reporter/testdata/Issue-#144/90%ileTemplate.template</msg>
<status status="PASS" starttime="20230602 10:39:29.676" endtime="20230602 10:39:29.676"/>
</kw>
<kw name="Run" library="OperatingSystem">
<var>${result}</var>
<arg>python3 ${pyfile} -n -g 1 -d ${resultfolder} -t ${template} --docx</arg>
<doc>Runs the given command in the system and returns the output.</doc>
<msg timestamp="20230602 10:39:29.681" level="INFO">Running command 'python3 /Users/runner/work/rfswarm/rfswarm/rfswarm_reporter/rfswarm_reporter.py -n -g 1 -d /Users/runner/work/rfswarm/rfswarm/Tests/Regression/Reporter/testdata/Issue-#144/20230320_185055_demo -t /Users/runner/work/rfswarm/rfswarm/Tests/Regression/Reporter/testdata/Issue-#144/90%ileTemplate.template --docx 2&gt;&amp;1'.</msg>
<msg timestamp="20230602 10:39:39.612" level="INFO">${result} = </msg>
<status status="PASS" starttime="20230602 10:39:29.676" endtime="20230602 10:39:39.612"/>
</kw>
<kw name="Log" library="BuiltIn">
<arg>${\n}${result}</arg>
<arg>console=True</arg>
<doc>Logs the given message with the given level.</doc>
<msg timestamp="20230602 10:39:39.613" level="INFO">
</msg>
<status status="PASS" starttime="20230602 10:39:39.613" endtime="20230602 10:39:39.613"/>
</kw>
<kw name="Should Not Contain" library="BuiltIn">
<arg>${result}</arg>
<arg>Traceback</arg>
<doc>Fails if ``container`` contains ``item`` one or more times.</doc>
<status status="PASS" starttime="20230602 10:39:39.614" endtime="20230602 10:39:39.614"/>
</kw>
<kw name="Should Exist" library="OperatingSystem">
<arg>${resultfolder}${/}${resultdata}.docx</arg>
<doc>Fails unless the given path (file or directory) exists.</doc>
<msg timestamp="20230602 10:39:39.614" level="INFO" html="true">Path '&lt;a href="file:///Users/runner/work/rfswarm/rfswarm/Tests/Regression/Reporter/testdata/Issue-#144/20230320_185055_demo/20230320_185055_demo.docx"&gt;/Users/runner/work/rfswarm/rfswarm/Tests/Regression/Reporter/testdata/Issue-#144/20230320_185055_demo/20230320_185055_demo.docx&lt;/a&gt;' exists.</msg>
<status status="PASS" starttime="20230602 10:39:39.614" endtime="20230602 10:39:39.614"/>
</kw>
<tag>DOCX</tag>
<tag>Issue #144</tag>
<tag>macos-latest</tag>
<tag>ubuntu-latest</tag>
<tag>windows-latest</tag>
<status status="PASS" starttime="20230602 10:39:29.671" endtime="20230602 10:39:39.615"/>
</test>
<test id="s1-s1-t5" name="Command Line Generate Xlsx" line="65">
<kw name="Set Variable" library="BuiltIn">
<var>${testdata}</var>
<arg>Issue-#144</arg>
<doc>Returns the given values which can then be assigned to a variables.</doc>
<msg timestamp="20230602 10:39:39.616" level="INFO">${testdata} = Issue-#144</msg>
<status status="PASS" starttime="20230602 10:39:39.616" endtime="20230602 10:39:39.616"/>
</kw>
<kw name="Set Variable" library="BuiltIn">
<var>${resultdata}</var>
<arg>20230320_185055_demo</arg>
<doc>Returns the given values which can then be assigned to a variables.</doc>
<msg timestamp="20230602 10:39:39.616" level="INFO">${resultdata} = 20230320_185055_demo</msg>
<status status="PASS" starttime="20230602 10:39:39.616" endtime="20230602 10:39:39.616"/>
</kw>
<kw name="Set Variable" library="BuiltIn">
<var>${basefolder}</var>
<arg>/Users/runner/work/rfswarm/rfswarm/Tests/Regression/Reporter${/}testdata${/}${testdata}</arg>
<doc>Returns the given values which can then be assigned to a variables.</doc>
<msg timestamp="20230602 10:39:39.617" level="INFO">${basefolder} = /Users/runner/work/rfswarm/rfswarm/Tests/Regression/Reporter/testdata/Issue-#144</msg>
<status status="PASS" starttime="20230602 10:39:39.617" endtime="20230602 10:39:39.617"/>
</kw>
<kw name="Should Exist" library="OperatingSystem">
<arg>${basefolder}</arg>
<doc>Fails unless the given path (file or directory) exists.</doc>
<msg timestamp="20230602 10:39:39.617" level="INFO" html="true">Path '&lt;a href="file:///Users/runner/work/rfswarm/rfswarm/Tests/Regression/Reporter/testdata/Issue-#144"&gt;/Users/runner/work/rfswarm/rfswarm/Tests/Regression/Reporter/testdata/Issue-#144&lt;/a&gt;' exists.</msg>
<status status="PASS" starttime="20230602 10:39:39.617" endtime="20230602 10:39:39.618"/>
</kw>
<kw name="Log" library="BuiltIn">
<arg>basefolder: ${basefolder}</arg>
<arg>console=True</arg>
<doc>Logs the given message with the given level.</doc>
<msg timestamp="20230602 10:39:39.618" level="INFO">basefolder: /Users/runner/work/rfswarm/rfswarm/Tests/Regression/Reporter/testdata/Issue-#144</msg>
<status status="PASS" starttime="20230602 10:39:39.618" endtime="20230602 10:39:39.618"/>
</kw>
<kw name="Set Variable" library="BuiltIn">
<var>${resultfolder}</var>
<arg>${basefolder}${/}${resultdata}</arg>
<doc>Returns the given values which can then be assigned to a variables.</doc>
<msg timestamp="20230602 10:39:39.619" level="INFO">${resultfolder} = /Users/runner/work/rfswarm/rfswarm/Tests/Regression/Reporter/testdata/Issue-#144/20230320_185055_demo</msg>
<status status="PASS" starttime="20230602 10:39:39.618" endtime="20230602 10:39:39.619"/>
</kw>
<kw name="Should Exist" library="OperatingSystem">
<arg>${resultfolder}</arg>
<doc>Fails unless the given path (file or directory) exists.</doc>
<msg timestamp="20230602 10:39:39.619" level="INFO" html="true">Path '&lt;a href="file:///Users/runner/work/rfswarm/rfswarm/Tests/Regression/Reporter/testdata/Issue-#144/20230320_185055_demo"&gt;/Users/runner/work/rfswarm/rfswarm/Tests/Regression/Reporter/testdata/Issue-#144/20230320_185055_demo&lt;/a&gt;' exists.</msg>
<status status="PASS" starttime="20230602 10:39:39.619" endtime="20230602 10:39:39.619"/>
</kw>
<kw name="Log" library="BuiltIn">
<arg>resultfolder: ${resultfolder}</arg>
<arg>console=True</arg>
<doc>Logs the given message with the given level.</doc>
<msg timestamp="20230602 10:39:39.619" level="INFO">resultfolder: /Users/runner/work/rfswarm/rfswarm/Tests/Regression/Reporter/testdata/Issue-#144/20230320_185055_demo</msg>
<status status="PASS" starttime="20230602 10:39:39.619" endtime="20230602 10:39:39.619"/>
</kw>
<kw name="Set Variable" library="BuiltIn">
<var>${template}</var>
<arg>${basefolder}${/}90%ileTemplate.template</arg>
<doc>Returns the given values which can then be assigned to a variables.</doc>
<msg timestamp="20230602 10:39:39.620" level="INFO">${template} = /Users/runner/work/rfswarm/rfswarm/Tests/Regression/Reporter/testdata/Issue-#144/90%ileTemplate.template</msg>
<status status="PASS" starttime="20230602 10:39:39.620" endtime="20230602 10:39:39.620"/>
</kw>
<kw name="Should Exist" library="OperatingSystem">
<arg>${template}</arg>
<doc>Fails unless the given path (file or directory) exists.</doc>
<msg timestamp="20230602 10:39:39.620" level="INFO" html="true">Path '&lt;a href="file:///Users/runner/work/rfswarm/rfswarm/Tests/Regression/Reporter/testdata/Issue-#144/90%ileTemplate.template"&gt;/Users/runner/work/rfswarm/rfswarm/Tests/Regression/Reporter/testdata/Issue-#144/90%ileTemplate.template&lt;/a&gt;' exists.</msg>
<status status="PASS" starttime="20230602 10:39:39.620" endtime="20230602 10:39:39.620"/>
</kw>
<kw name="Log" library="BuiltIn">
<arg>template: ${template}</arg>
<arg>console=True</arg>
<doc>Logs the given message with the given level.</doc>
<msg timestamp="20230602 10:39:39.621" level="INFO">template: /Users/runner/work/rfswarm/rfswarm/Tests/Regression/Reporter/testdata/Issue-#144/90%ileTemplate.template</msg>
<status status="PASS" starttime="20230602 10:39:39.621" endtime="20230602 10:39:39.621"/>
</kw>
<kw name="Run" library="OperatingSystem">
<var>${result}</var>
<arg>python3 ${pyfile} -n -g 1 -d ${resultfolder} -t ${template} --xlsx</arg>
<doc>Runs the given command in the system and returns the output.</doc>
<msg timestamp="20230602 10:39:39.626" level="INFO">Running command 'python3 /Users/runner/work/rfswarm/rfswarm/rfswarm_reporter/rfswarm_reporter.py -n -g 1 -d /Users/runner/work/rfswarm/rfswarm/Tests/Regression/Reporter/testdata/Issue-#144/20230320_185055_demo -t /Users/runner/work/rfswarm/rfswarm/Tests/Regression/Reporter/testdata/Issue-#144/90%ileTemplate.template --xlsx 2&gt;&amp;1'.</msg>
<msg timestamp="20230602 10:39:47.689" level="INFO">${result} = </msg>
<status status="PASS" starttime="20230602 10:39:39.621" endtime="20230602 10:39:47.689"/>
</kw>
<kw name="Log" library="BuiltIn">
<arg>${\n}${result}</arg>
<arg>console=True</arg>
<doc>Logs the given message with the given level.</doc>
<msg timestamp="20230602 10:39:47.691" level="INFO">
</msg>
<status status="PASS" starttime="20230602 10:39:47.690" endtime="20230602 10:39:47.691"/>
</kw>
<kw name="Should Not Contain" library="BuiltIn">
<arg>${result}</arg>
<arg>Traceback</arg>
<doc>Fails if ``container`` contains ``item`` one or more times.</doc>
<status status="PASS" starttime="20230602 10:39:47.691" endtime="20230602 10:39:47.691"/>
</kw>
<kw name="Should Exist" library="OperatingSystem">
<arg>${resultfolder}${/}${resultdata}.xlsx</arg>
<doc>Fails unless the given path (file or directory) exists.</doc>
<msg timestamp="20230602 10:39:47.692" level="INFO" html="true">Path '&lt;a href="file:///Users/runner/work/rfswarm/rfswarm/Tests/Regression/Reporter/testdata/Issue-#144/20230320_185055_demo/20230320_185055_demo.xlsx"&gt;/Users/runner/work/rfswarm/rfswarm/Tests/Regression/Reporter/testdata/Issue-#144/20230320_185055_demo/20230320_185055_demo.xlsx&lt;/a&gt;' exists.</msg>
<status status="PASS" starttime="20230602 10:39:47.691" endtime="20230602 10:39:47.692"/>
</kw>
<tag>Issue #144</tag>
<tag>macos-latest</tag>
<tag>ubuntu-latest</tag>
<tag>windows-latest</tag>
<tag>XLSX</tag>
<status status="PASS" starttime="20230602 10:39:39.615" endtime="20230602 10:39:47.692"/>
</test>
<status status="PASS" starttime="20230602 10:39:07.786" endtime="20230602 10:39:47.693"/>
</suite>
<suite id="s1-s2" name="GUI Basic" source="/Users/runner/work/rfswarm/rfswarm/Tests/Regression/Reporter/GUI_Basic.robot">
<test id="s1-s2-t1" name="GUI Runs and Closes" line="19">
<kw name="Open GUI">
<kw name="Get Variables" library="BuiltIn">
<var>${var}</var>
<doc>Returns a dictionary containing all variables in the current scope.</doc>
<msg timestamp="20230602 10:39:57.447" level="INFO">${var} = {'${/}': '/', '${:}': ':', '${\\n}': '\n', '${DEBUG_FILE}': 'NONE', '${EXECDIR}': '/Users/runner/work/rfswarm/rfswarm', '${False}': False, '${IMAGE_DIR}': '/Users/runner/work/rfswarm/rfswarm/Tests/Reg...</msg>
<status status="PASS" starttime="20230602 10:39:57.445" endtime="20230602 10:39:57.447"/>
</kw>
<kw name="Log" library="BuiltIn">
<arg>${var}</arg>
<doc>Logs the given message with the given level.</doc>
<msg timestamp="20230602 10:39:57.447" level="INFO">{'${/}': '/', '${:}': ':', '${\\n}': '\n', '${DEBUG_FILE}': 'NONE', '${EXECDIR}': '/Users/runner/work/rfswarm/rfswarm', '${False}': False, '${IMAGE_DIR}': '/Users/runner/work/rfswarm/rfswarm/Tests/Regression/Reporter/Images/file_method', '${LOG_FILE}': '/Users/runner/work/rfswarm/rfswarm/Tests/Regression/Reporter/Logs/macos-latest_3.9/log.html', '${LOG_LEVEL}': 'INFO', '${None}': None, '${null}': None, '${OUTPUT_DIR}': '/Users/runner/work/rfswarm/rfswarm/Tests/Regression/Reporter/Logs/macos-latest_3.9', '${OUTPUT_FILE}': '/Users/runner/work/rfswarm/rfswarm/Tests/Regression/Reporter/Logs/macos-latest_3.9/output.xml', '${PREV_TEST_MESSAGE}': '', '${PREV_TEST_NAME}': 'Command Line Generate Xlsx', '${PREV_TEST_STATUS}': 'PASS', '${process}': 'None', '${pyfile}': '/Users/runner/work/rfswarm/rfswarm/rfswarm_reporter/rfswarm_reporter.py', '${REPORT_FILE}': '/Users/runner/work/rfswarm/rfswarm/Tests/Regression/Reporter/Logs/macos-latest_3.9/report.html', '${SPACE}': ' ', '${sssleep}': '0.5', '${SUITE_DOCUMENTATION}': '', '${SUITE_NAME}': 'Reporter.GUI Basic', '${SUITE_SOURCE}': '/Users/runner/work/rfswarm/rfswarm/Tests/Regression/Reporter/GUI_Basic.robot', '${TEMPDIR}': '/var/folders/24/8k48jl6d249_n_qfxwsl6xvm0000gn/T', '${TEST_DOCUMENTATION}': '', '${TEST_NAME}': 'GUI Runs and Closes', '${True}': True, '&amp;{OPTIONS}': {'include': ['macos-latest'], 'exclude': [], 'skip': [], 'skip_on_failure': []}, '&amp;{SUITE_METADATA}': &lt;robot.utils.normalizing.NormalizedDict object at 0x103f09b50&gt;, '@{appargs}': [], '@{TEST_TAGS}': ['macos-latest', 'ubuntu-latest', 'windows-latest']}</msg>
<status status="PASS" starttime="20230602 10:39:57.447" endtime="20230602 10:39:57.447"/>
</kw>
<kw name="Get Platform">
<kw name="Create Dictionary" library="BuiltIn">
<var>&amp;{platforms}</var>
<arg>Linux=ubuntu</arg>
<arg>Darwin=macos</arg>
<arg>Java=notsupported</arg>
<arg>Windows=windows</arg>
<doc>Creates and returns a dictionary based on the given ``items``.</doc>
<msg timestamp="20230602 10:39:57.448" level="INFO">&amp;{platforms} = { Linux=ubuntu | Darwin=macos | Java=notsupported | Windows=windows }</msg>
<status status="PASS" starttime="20230602 10:39:57.448" endtime="20230602 10:39:57.448"/>
</kw>
<kw name="Evaluate" library="BuiltIn">
<var>${os}</var>
<arg>platform.system()</arg>
<arg>platform</arg>
<doc>Evaluates the given expression in Python and returns the result.</doc>
<msg timestamp="20230602 10:39:57.449" level="INFO">${os} = Darwin</msg>
<status status="PASS" starttime="20230602 10:39:57.448" endtime="20230602 10:39:57.449"/>
</kw>
<kw name="Set Suite Variable" library="BuiltIn">
<arg>${platform}</arg>
<arg>${platforms}[${os}]</arg>
<doc>Makes a variable available everywhere within the scope of the current suite.</doc>
<msg timestamp="20230602 10:39:57.450" level="INFO">${platform} = macos</msg>
<status status="PASS" starttime="20230602 10:39:57.449" endtime="20230602 10:39:57.450"/>
</kw>
<status status="PASS" starttime="20230602 10:39:57.447" endtime="20230602 10:39:57.450"/>
</kw>
<kw name="Set Variable" library="BuiltIn">
<var>${keyword}</var>
<arg>Open GUI ${platform}</arg>
<doc>Returns the given values which can then be assigned to a variables.</doc>
<msg timestamp="20230602 10:39:57.451" level="INFO">${keyword} = Open GUI macos</msg>
<status status="PASS" starttime="20230602 10:39:57.451" endtime="20230602 10:39:57.451"/>
</kw>
<kw name="Run Keyword" library="BuiltIn">
<arg>${keyword}</arg>
<arg>@{appargs}</arg>
<doc>Executes the given keyword with the given arguments.</doc>
<kw name="Open GUI macos">
<arg>@{appargs}</arg>
<kw name="Set Suite Variable" library="BuiltIn">
<arg>${platform}</arg>
<arg>macos</arg>
<doc>Makes a variable available everywhere within the scope of the current suite.</doc>
<msg timestamp="20230602 10:39:57.457" level="INFO">${platform} = macos</msg>
<status status="PASS" starttime="20230602 10:39:57.456" endtime="20230602 10:39:57.457"/>
</kw>
<kw name="Set Confidence" library="ImageHorizonLibrary">
<arg>0.9</arg>
<doc>Sets the accuracy when finding images.</doc>
<status status="PASS" starttime="20230602 10:39:57.457" endtime="20230602 10:39:57.457"/>
</kw>
<kw name="Start Process" library="Process">
<var>${process}</var>
<arg>python3</arg>
<arg>${pyfile}</arg>
<arg>-g</arg>
<arg>5</arg>
<arg>@{appargs}</arg>
<arg>alias=Reporter</arg>
<arg>stdout=${OUTPUT DIR}${/}stdout.txt</arg>
<arg>stderr=${OUTPUT DIR}${/}stderr.txt</arg>
<doc>Starts a new process on background.</doc>
<msg timestamp="20230602 10:39:57.458" level="INFO">Starting process:
python3 /Users/runner/work/rfswarm/rfswarm/rfswarm_reporter/rfswarm_reporter.py -g 5</msg>
<msg timestamp="20230602 10:39:57.465" level="INFO">${process} = &lt;Popen: returncode: None args: ['python3', '/Users/runner/work/rfswarm/rfswa...&gt;</msg>
<status status="PASS" starttime="20230602 10:39:57.457" endtime="20230602 10:39:57.465"/>
</kw>
<kw name="Set Suite Variable" library="BuiltIn">
<arg>$process</arg>
<arg>${process}</arg>
<doc>Makes a variable available everywhere within the scope of the current suite.</doc>
<msg timestamp="20230602 10:39:57.466" level="INFO">${process} = &lt;Popen: returncode: None args: ['python3', '/Users/runner/work/rfswarm/rfswa...&gt;</msg>
<status status="PASS" starttime="20230602 10:39:57.465" endtime="20230602 10:39:57.466"/>
</kw>
<kw name="Set Screenshot Folder" library="ImageHorizonLibrary">
<arg>${OUTPUT DIR}</arg>
<doc>Sets the folder where screenshots are saved to.</doc>
<status status="PASS" starttime="20230602 10:39:57.466" endtime="20230602 10:39:57.467"/>
</kw>
<kw name="Take A Screenshot" library="ImageHorizonLibrary">
<doc>Takes a screenshot of the screen.</doc>
<msg timestamp="20230602 10:39:57.467" level="INFO" html="true">Screenshot taken: /Users/runner/work/rfswarm/rfswarm/Tests/Regression/Reporter/Logs/macos-latest_3.9/Reporter.GUIBasic-screenshot-1.png&lt;br/&gt;&lt;img src="/Users/runner/work/rfswarm/rfswarm/Tests/Regression/Reporter/Logs/macos-latest_3.9/Reporter.GUIBasic-screenshot-1.png" width="100%" /&gt;</msg>
<status status="PASS" starttime="20230602 10:39:57.467" endtime="20230602 10:39:57.820"/>
</kw>
<status status="PASS" starttime="20230602 10:39:57.456" endtime="20230602 10:39:57.821"/>
</kw>
<status status="PASS" starttime="20230602 10:39:57.451" endtime="20230602 10:39:57.821"/>
</kw>
<status status="PASS" starttime="20230602 10:39:57.445" endtime="20230602 10:39:57.821"/>
</kw>
<kw name="Wait For Status">
<arg>PreviewLoaded</arg>
<kw name="Convert To Lower Case" library="String">
<var>${statusl}</var>
<arg>${status}</arg>
<doc>Converts string to lower case.</doc>
<msg timestamp="20230602 10:39:57.823" level="INFO">${statusl} = previewloaded</msg>
<status status="PASS" starttime="20230602 10:39:57.822" endtime="20230602 10:39:57.823"/>
</kw>
<kw name="Set Variable" library="BuiltIn">
<var>${img}</var>
<arg>reporter_${platform}_status_${statusl}.png</arg>
<doc>Returns the given values which can then be assigned to a variables.</doc>
<msg timestamp="20230602 10:39:57.823" level="INFO">${img} = reporter_macos_status_previewloaded.png</msg>
<status status="PASS" starttime="20230602 10:39:57.823" endtime="20230602 10:39:57.823"/>
</kw>
<kw name="Log" library="BuiltIn">
<arg>/Users/runner/work/rfswarm/rfswarm/Tests/Regression/Reporter</arg>
<doc>Logs the given message with the given level.</doc>
<msg timestamp="20230602 10:39:57.824" level="INFO">/Users/runner/work/rfswarm/rfswarm/Tests/Regression/Reporter</msg>
<status status="PASS" starttime="20230602 10:39:57.823" endtime="20230602 10:39:57.824"/>
</kw>
<kw name="Log" library="BuiltIn">
<arg>${IMAGE_DIR}</arg>
<doc>Logs the given message with the given level.</doc>
<msg timestamp="20230602 10:39:57.824" level="INFO">/Users/runner/work/rfswarm/rfswarm/Tests/Regression/Reporter/Images/file_method</msg>
<status status="PASS" starttime="20230602 10:39:57.824" endtime="20230602 10:39:57.824"/>
</kw>
<kw name="Wait For" library="ImageHorizonLibrary">
<arg>${img}</arg>
<arg>timeout=${timeout}</arg>
<doc>Tries to locate given image from the screen for given time.</doc>
<msg timestamp="20230602 10:40:02.004" level="INFO">Image "reporter_macos_status_previewloaded.png" found at (55, 440)</msg>
<status status="PASS" starttime="20230602 10:39:57.825" endtime="20230602 10:40:02.004"/>
</kw>
<kw name="Locate" library="ImageHorizonLibrary">
<var>@{coordinates}</var>
<arg>${img}</arg>
<doc>Locate image on screen.</doc>
<msg timestamp="20230602 10:40:02.533" level="INFO">Image "/Users/runner/work/rfswarm/rfswarm/Tests/Regression/Reporter/Images/file_method/reporter_macos_status_previewloaded.png" found at Box(left=4, top=431, width=103, height=18)</msg>
<msg timestamp="20230602 10:40:02.534" level="INFO">@{coordinates} = [ 55 | 440 ]</msg>
<status status="PASS" starttime="20230602 10:40:02.005" endtime="20230602 10:40:02.534"/>
</kw>
<kw name="Click Image" library="ImageHorizonLibrary">
<arg>${img}</arg>
<doc>Finds the reference image on screen and clicks it once.</doc>
<msg timestamp="20230602 10:40:02.965" level="INFO">Image "/Users/runner/work/rfswarm/rfswarm/Tests/Regression/Reporter/Images/file_method/reporter_macos_status_previewloaded.png" found at Box(left=4, top=431, width=103, height=18)</msg>
<msg timestamp="20230602 10:40:02.966" level="INFO">Clicking image "reporter_macos_status_previewloaded.png" in position (55, 440)</msg>
<status status="PASS" starttime="20230602 10:40:02.535" endtime="20230602 10:40:03.110"/>
</kw>
<kw name="Sleep" library="BuiltIn">
<arg>${sssleep}</arg>
<doc>Pauses the test executed for the given time.</doc>
<msg timestamp="20230602 10:40:03.621" level="INFO">Slept 500 milliseconds</msg>
<status status="PASS" starttime="20230602 10:40:03.111" endtime="20230602 10:40:03.621"/>
</kw>
<kw name="Take A Screenshot" library="ImageHorizonLibrary">
<doc>Takes a screenshot of the screen.</doc>
<msg timestamp="20230602 10:40:03.622" level="INFO" html="true">Screenshot taken: /Users/runner/work/rfswarm/rfswarm/Tests/Regression/Reporter/Logs/macos-latest_3.9/Reporter.GUIBasic-screenshot-2.png&lt;br/&gt;&lt;img src="/Users/runner/work/rfswarm/rfswarm/Tests/Regression/Reporter/Logs/macos-latest_3.9/Reporter.GUIBasic-screenshot-2.png" width="100%" /&gt;</msg>
<status status="PASS" starttime="20230602 10:40:03.622" endtime="20230602 10:40:03.913"/>
</kw>
<status status="PASS" starttime="20230602 10:39:57.821" endtime="20230602 10:40:03.914"/>
</kw>
<kw name="Close GUI" type="TEARDOWN">
<kw name="Set Variable" library="BuiltIn">
<var>${keyword}</var>
<arg>Close GUI ${platform}</arg>
<doc>Returns the given values which can then be assigned to a variables.</doc>
<msg timestamp="20230602 10:40:03.916" level="INFO">${keyword} = Close GUI macos</msg>
<status status="PASS" starttime="20230602 10:40:03.915" endtime="20230602 10:40:03.916"/>
</kw>
<if>
<branch type="IF" condition="${process}">
<kw name="Is Process Running" library="Process">
<var>${running}</var>
<arg>${process}</arg>
<doc>Checks is the process running or not.</doc>
<msg timestamp="20230602 10:40:03.917" level="INFO">${running} = True</msg>
<status status="PASS" starttime="20230602 10:40:03.916" endtime="20230602 10:40:03.917"/>
</kw>
<if>
<branch type="IF" condition="${running}">
<kw name="Run Keyword" library="BuiltIn">
<arg>${keyword}</arg>
<doc>Executes the given keyword with the given arguments.</doc>
<kw name="Close GUI macos">
<kw name="Click Image" library="ImageHorizonLibrary">
<arg>reporter_${platform}_button_closewindow.png</arg>
<doc>Finds the reference image on screen and clicks it once.</doc>
<msg timestamp="20230602 10:40:04.326" level="INFO">Image "/Users/runner/work/rfswarm/rfswarm/Tests/Regression/Reporter/Images/file_method/reporter_macos_button_closewindow.png" found at Box(left=9, top=31, width=19, height=25)</msg>
<msg timestamp="20230602 10:40:04.326" level="INFO">Clicking image "reporter_macos_button_closewindow.png" in position (18, 43)</msg>
<status status="PASS" starttime="20230602 10:40:03.923" endtime="20230602 10:40:04.468"/>
</kw>
<kw name="Take A Screenshot" library="ImageHorizonLibrary">
<doc>Takes a screenshot of the screen.</doc>
<msg timestamp="20230602 10:40:04.469" level="INFO" html="true">Screenshot taken: /Users/runner/work/rfswarm/rfswarm/Tests/Regression/Reporter/Logs/macos-latest_3.9/Reporter.GUIBasic-screenshot-3.png&lt;br/&gt;&lt;img src="/Users/runner/work/rfswarm/rfswarm/Tests/Regression/Reporter/Logs/macos-latest_3.9/Reporter.GUIBasic-screenshot-3.png" width="100%" /&gt;</msg>
<status status="PASS" starttime="20230602 10:40:04.469" endtime="20230602 10:40:04.902"/>
</kw>
<kw name="Sleep" library="BuiltIn">
<arg>0.5</arg>
<doc>Pauses the test executed for the given time.</doc>
<msg timestamp="20230602 10:40:05.416" level="INFO">Slept 500 milliseconds</msg>
<status status="PASS" starttime="20230602 10:40:04.903" endtime="20230602 10:40:05.416"/>
</kw>
<kw name="End Process If Still Running">
<kw name="Wait For Process" library="Process">
<var>${result}</var>
<arg>${process}</arg>
<arg>timeout=60</arg>
<doc>Waits for the process to complete or to reach the given timeout.</doc>
<msg timestamp="20230602 10:40:05.418" level="INFO">Waiting for process to complete.</msg>
<msg timestamp="20230602 10:40:05.418" level="INFO">Process completed.</msg>
<msg timestamp="20230602 10:40:05.419" level="INFO">${result} = &lt;result object with rc 0&gt;</msg>
<status status="PASS" starttime="20230602 10:40:05.418" endtime="20230602 10:40:05.419"/>
</kw>
<kw name="Is Process Running" library="Process">
<var>${running}</var>
<arg>${process}</arg>
<doc>Checks is the process running or not.</doc>
<msg timestamp="20230602 10:40:05.419" level="INFO">${running} = False</msg>
<status status="PASS" starttime="20230602 10:40:05.419" endtime="20230602 10:40:05.419"/>
</kw>
<if>
<branch type="IF" condition="not ${running}">
<kw name="Check Result">
<arg>${result}</arg>
<kw name="Log" library="BuiltIn">
<arg>${result.stderr}</arg>
<doc>Logs the given message with the given level.</doc>
<msg timestamp="20230602 10:40:05.421" level="INFO"/>
<status status="PASS" starttime="20230602 10:40:05.420" endtime="20230602 10:40:05.422"/>
</kw>
<kw name="Should Not Contain" library="BuiltIn">
<arg>${result.stderr}</arg>
<arg>Traceback</arg>
<doc>Fails if ``container`` contains ``item`` one or more times.</doc>
<status status="PASS" starttime="20230602 10:40:05.422" endtime="20230602 10:40:05.422"/>
</kw>
<kw name="Should Be Equal As Integers" library="BuiltIn">
<arg>${result.rc}</arg>
<arg>0</arg>
<doc>Fails if objects are unequal after converting them to integers.</doc>
<msg timestamp="20230602 10:40:05.423" level="INFO">Argument types are:
&lt;class 'int'&gt;
&lt;class 'str'&gt;</msg>
<status status="PASS" starttime="20230602 10:40:05.423" endtime="20230602 10:40:05.424"/>
</kw>
<status status="PASS" starttime="20230602 10:40:05.420" endtime="20230602 10:40:05.424"/>
</kw>
<status status="PASS" starttime="20230602 10:40:05.419" endtime="20230602 10:40:05.424"/>
</branch>
<branch type="ELSE">
<kw name="Take A Screenshot" library="ImageHorizonLibrary">
<doc>Takes a screenshot of the screen.</doc>
<status status="NOT RUN" starttime="20230602 10:40:05.424" endtime="20230602 10:40:05.424"/>
</kw>
<kw name="Terminate Process" library="Process">
<var>${result}</var>
<arg>${process}</arg>
<doc>Stops the process gracefully or forcefully.</doc>
<status status="NOT RUN" starttime="20230602 10:40:05.424" endtime="20230602 10:40:05.424"/>
</kw>
<kw name="Check Result">
<arg>${result}</arg>
<status status="NOT RUN" starttime="20230602 10:40:05.425" endtime="20230602 10:40:05.425"/>
</kw>
<kw name="Fail" library="BuiltIn">
<arg>Had to Terminate Process</arg>
<doc>Fails the test with the given message and optionally alters its tags.</doc>
<status status="NOT RUN" starttime="20230602 10:40:05.425" endtime="20230602 10:40:05.425"/>
</kw>
<status status="NOT RUN" starttime="20230602 10:40:05.424" endtime="20230602 10:40:05.425"/>
</branch>
<status status="PASS" starttime="20230602 10:40:05.419" endtime="20230602 10:40:05.425"/>
</if>
<status status="PASS" starttime="20230602 10:40:05.417" endtime="20230602 10:40:05.425"/>
</kw>
<status status="PASS" starttime="20230602 10:40:03.923" endtime="20230602 10:40:05.425"/>
</kw>
<status status="PASS" starttime="20230602 10:40:03.917" endtime="20230602 10:40:05.425"/>
</kw>
<status status="PASS" starttime="20230602 10:40:03.917" endtime="20230602 10:40:05.426"/>
</branch>
<branch type="ELSE">
<kw name="Wait For Process" library="Process">
<var>${result}</var>
<arg>${process}</arg>
<arg>timeout=60</arg>
<doc>Waits for the process to complete or to reach the given timeout.</doc>
<status status="NOT RUN" starttime="20230602 10:40:05.426" endtime="20230602 10:40:05.426"/>
</kw>
<kw name="Check Result">
<arg>${result}</arg>
<status status="NOT RUN" starttime="20230602 10:40:05.426" endtime="20230602 10:40:05.426"/>
</kw>
<status status="NOT RUN" starttime="20230602 10:40:05.426" endtime="20230602 10:40:05.426"/>
</branch>
<status status="PASS" starttime="20230602 10:40:03.917" endtime="20230602 10:40:05.426"/>
</if>
<status status="PASS" starttime="20230602 10:40:03.916" endtime="20230602 10:40:05.426"/>
</branch>
<status status="PASS" starttime="20230602 10:40:03.916" endtime="20230602 10:40:05.426"/>
</if>
<kw name="Set Suite Variable" library="BuiltIn">
<arg>$process</arg>
<arg>None</arg>
<doc>Makes a variable available everywhere within the scope of the current suite.</doc>
<msg timestamp="20230602 10:40:05.427" level="INFO">${process} = None</msg>
<status status="PASS" starttime="20230602 10:40:05.426" endtime="20230602 10:40:05.427"/>
</kw>
<kw name="Sleep" library="BuiltIn">
<arg>0.5</arg>
<doc>Pauses the test executed for the given time.</doc>
<msg timestamp="20230602 10:40:05.950" level="INFO">Slept 500 milliseconds</msg>
<status status="PASS" starttime="20230602 10:40:05.427" endtime="20230602 10:40:05.950"/>
</kw>
<status status="PASS" starttime="20230602 10:40:03.914" endtime="20230602 10:40:05.950"/>
</kw>
<tag>macos-latest</tag>
<tag>ubuntu-latest</tag>
<tag>windows-latest</tag>
<status status="PASS" starttime="20230602 10:39:57.444" endtime="20230602 10:40:05.950"/>
</test>
<test id="s1-s2-t2" name="Select Preview Tab" line="25">
<kw name="Open GUI">
<kw name="Get Variables" library="BuiltIn">
<var>${var}</var>
<doc>Returns a dictionary containing all variables in the current scope.</doc>
<msg timestamp="20230602 10:40:05.953" level="INFO">${var} = {'${/}': '/', '${:}': ':', '${\\n}': '\n', '${DEBUG_FILE}': 'NONE', '${EXECDIR}': '/Users/runner/work/rfswarm/rfswarm', '${False}': False, '${IMAGE_DIR}': '/Users/runner/work/rfswarm/rfswarm/Tests/Reg...</msg>
<status status="PASS" starttime="20230602 10:40:05.952" endtime="20230602 10:40:05.953"/>
</kw>
<kw name="Log" library="BuiltIn">
<arg>${var}</arg>
<doc>Logs the given message with the given level.</doc>
<msg timestamp="20230602 10:40:05.953" level="INFO">{'${/}': '/', '${:}': ':', '${\\n}': '\n', '${DEBUG_FILE}': 'NONE', '${EXECDIR}': '/Users/runner/work/rfswarm/rfswarm', '${False}': False, '${IMAGE_DIR}': '/Users/runner/work/rfswarm/rfswarm/Tests/Regression/Reporter/Images/file_method', '${LOG_FILE}': '/Users/runner/work/rfswarm/rfswarm/Tests/Regression/Reporter/Logs/macos-latest_3.9/log.html', '${LOG_LEVEL}': 'INFO', '${None}': None, '${null}': None, '${OUTPUT_DIR}': '/Users/runner/work/rfswarm/rfswarm/Tests/Regression/Reporter/Logs/macos-latest_3.9', '${OUTPUT_FILE}': '/Users/runner/work/rfswarm/rfswarm/Tests/Regression/Reporter/Logs/macos-latest_3.9/output.xml', '${platform}': 'macos', '${PREV_TEST_MESSAGE}': '', '${PREV_TEST_NAME}': 'GUI Runs and Closes', '${PREV_TEST_STATUS}': 'PASS', '${process}': 'None', '${pyfile}': '/Users/runner/work/rfswarm/rfswarm/rfswarm_reporter/rfswarm_reporter.py', '${REPORT_FILE}': '/Users/runner/work/rfswarm/rfswarm/Tests/Regression/Reporter/Logs/macos-latest_3.9/report.html', '${SPACE}': ' ', '${sssleep}': '0.5', '${SUITE_DOCUMENTATION}': '', '${SUITE_NAME}': 'Reporter.GUI Basic', '${SUITE_SOURCE}': '/Users/runner/work/rfswarm/rfswarm/Tests/Regression/Reporter/GUI_Basic.robot', '${TEMPDIR}': '/var/folders/24/8k48jl6d249_n_qfxwsl6xvm0000gn/T', '${TEST_DOCUMENTATION}': '', '${TEST_NAME}': 'Select Preview Tab', '${True}': True, '&amp;{OPTIONS}': {'include': ['macos-latest'], 'exclude': [], 'skip': [], 'skip_on_failure': []}, '&amp;{SUITE_METADATA}': &lt;robot.utils.normalizing.NormalizedDict object at 0x103f09b50&gt;, '@{appargs}': [], '@{TEST_TAGS}': ['macos-latest', 'ubuntu-latest', 'windows-latest']}</msg>
<status status="PASS" starttime="20230602 10:40:05.953" endtime="20230602 10:40:05.953"/>
</kw>
<kw name="Get Platform">
<kw name="Create Dictionary" library="BuiltIn">
<var>&amp;{platforms}</var>
<arg>Linux=ubuntu</arg>
<arg>Darwin=macos</arg>
<arg>Java=notsupported</arg>
<arg>Windows=windows</arg>
<doc>Creates and returns a dictionary based on the given ``items``.</doc>
<msg timestamp="20230602 10:40:05.954" level="INFO">&amp;{platforms} = { Linux=ubuntu | Darwin=macos | Java=notsupported | Windows=windows }</msg>
<status status="PASS" starttime="20230602 10:40:05.954" endtime="20230602 10:40:05.954"/>
</kw>
<kw name="Evaluate" library="BuiltIn">
<var>${os}</var>
<arg>platform.system()</arg>
<arg>platform</arg>
<doc>Evaluates the given expression in Python and returns the result.</doc>
<msg timestamp="20230602 10:40:05.955" level="INFO">${os} = Darwin</msg>
<status status="PASS" starttime="20230602 10:40:05.955" endtime="20230602 10:40:05.955"/>
</kw>
<kw name="Set Suite Variable" library="BuiltIn">
<arg>${platform}</arg>
<arg>${platforms}[${os}]</arg>
<doc>Makes a variable available everywhere within the scope of the current suite.</doc>
<msg timestamp="20230602 10:40:05.956" level="INFO">${platform} = macos</msg>
<status status="PASS" starttime="20230602 10:40:05.955" endtime="20230602 10:40:05.956"/>
</kw>
<status status="PASS" starttime="20230602 10:40:05.954" endtime="20230602 10:40:05.956"/>
</kw>
<kw name="Set Variable" library="BuiltIn">
<var>${keyword}</var>
<arg>Open GUI ${platform}</arg>
<doc>Returns the given values which can then be assigned to a variables.</doc>
<msg timestamp="20230602 10:40:05.956" level="INFO">${keyword} = Open GUI macos</msg>
<status status="PASS" starttime="20230602 10:40:05.956" endtime="20230602 10:40:05.956"/>
</kw>
<kw name="Run Keyword" library="BuiltIn">
<arg>${keyword}</arg>
<arg>@{appargs}</arg>
<doc>Executes the given keyword with the given arguments.</doc>
<kw name="Open GUI macos">
<arg>@{appargs}</arg>
<kw name="Set Suite Variable" library="BuiltIn">
<arg>${platform}</arg>
<arg>macos</arg>
<doc>Makes a variable available everywhere within the scope of the current suite.</doc>
<msg timestamp="20230602 10:40:05.964" level="INFO">${platform} = macos</msg>
<status status="PASS" starttime="20230602 10:40:05.964" endtime="20230602 10:40:05.964"/>
</kw>
<kw name="Set Confidence" library="ImageHorizonLibrary">
<arg>0.9</arg>
<doc>Sets the accuracy when finding images.</doc>
<status status="PASS" starttime="20230602 10:40:05.965" endtime="20230602 10:40:05.965"/>
</kw>
<kw name="Start Process" library="Process">
<var>${process}</var>
<arg>python3</arg>
<arg>${pyfile}</arg>
<arg>-g</arg>
<arg>5</arg>
<arg>@{appargs}</arg>
<arg>alias=Reporter</arg>
<arg>stdout=${OUTPUT DIR}${/}stdout.txt</arg>
<arg>stderr=${OUTPUT DIR}${/}stderr.txt</arg>
<doc>Starts a new process on background.</doc>
<msg timestamp="20230602 10:40:05.966" level="INFO">Starting process:
python3 /Users/runner/work/rfswarm/rfswarm/rfswarm_reporter/rfswarm_reporter.py -g 5</msg>
<msg timestamp="20230602 10:40:05.976" level="INFO">${process} = &lt;Popen: returncode: None args: ['python3', '/Users/runner/work/rfswarm/rfswa...&gt;</msg>
<status status="PASS" starttime="20230602 10:40:05.965" endtime="20230602 10:40:05.977"/>
</kw>
<kw name="Set Suite Variable" library="BuiltIn">
<arg>$process</arg>
<arg>${process}</arg>
<doc>Makes a variable available everywhere within the scope of the current suite.</doc>
<msg timestamp="20230602 10:40:05.978" level="INFO">${process} = &lt;Popen: returncode: None args: ['python3', '/Users/runner/work/rfswarm/rfswa...&gt;</msg>
<status status="PASS" starttime="20230602 10:40:05.978" endtime="20230602 10:40:05.979"/>
</kw>
<kw name="Set Screenshot Folder" library="ImageHorizonLibrary">
<arg>${OUTPUT DIR}</arg>
<doc>Sets the folder where screenshots are saved to.</doc>
<status status="PASS" starttime="20230602 10:40:05.979" endtime="20230602 10:40:05.979"/>
</kw>
<kw name="Take A Screenshot" library="ImageHorizonLibrary">
<doc>Takes a screenshot of the screen.</doc>
<msg timestamp="20230602 10:40:05.980" level="INFO" html="true">Screenshot taken: /Users/runner/work/rfswarm/rfswarm/Tests/Regression/Reporter/Logs/macos-latest_3.9/Reporter.GUIBasic-screenshot-4.png&lt;br/&gt;&lt;img src="/Users/runner/work/rfswarm/rfswarm/Tests/Regression/Reporter/Logs/macos-latest_3.9/Reporter.GUIBasic-screenshot-4.png" width="100%" /&gt;</msg>
<status status="PASS" starttime="20230602 10:40:05.979" endtime="20230602 10:40:06.279"/>
</kw>
<status status="PASS" starttime="20230602 10:40:05.963" endtime="20230602 10:40:06.280"/>
</kw>
<status status="PASS" starttime="20230602 10:40:05.956" endtime="20230602 10:40:06.280"/>
</kw>
<status status="PASS" starttime="20230602 10:40:05.952" endtime="20230602 10:40:06.280"/>
</kw>
<kw name="Wait For Status">
<arg>PreviewLoaded</arg>
<kw name="Convert To Lower Case" library="String">
<var>${statusl}</var>
<arg>${status}</arg>
<doc>Converts string to lower case.</doc>
<msg timestamp="20230602 10:40:06.282" level="INFO">${statusl} = previewloaded</msg>
<status status="PASS" starttime="20230602 10:40:06.281" endtime="20230602 10:40:06.282"/>
</kw>
<kw name="Set Variable" library="BuiltIn">
<var>${img}</var>
<arg>reporter_${platform}_status_${statusl}.png</arg>
<doc>Returns the given values which can then be assigned to a variables.</doc>
<msg timestamp="20230602 10:40:06.282" level="INFO">${img} = reporter_macos_status_previewloaded.png</msg>
<status status="PASS" starttime="20230602 10:40:06.282" endtime="20230602 10:40:06.282"/>
</kw>
<kw name="Log" library="BuiltIn">
<arg>/Users/runner/work/rfswarm/rfswarm/Tests/Regression/Reporter</arg>
<doc>Logs the given message with the given level.</doc>
<msg timestamp="20230602 10:40:06.283" level="INFO">/Users/runner/work/rfswarm/rfswarm/Tests/Regression/Reporter</msg>
<status status="PASS" starttime="20230602 10:40:06.282" endtime="20230602 10:40:06.283"/>
</kw>
<kw name="Log" library="BuiltIn">
<arg>${IMAGE_DIR}</arg>
<doc>Logs the given message with the given level.</doc>
<msg timestamp="20230602 10:40:06.283" level="INFO">/Users/runner/work/rfswarm/rfswarm/Tests/Regression/Reporter/Images/file_method</msg>
<status status="PASS" starttime="20230602 10:40:06.283" endtime="20230602 10:40:06.283"/>
</kw>
<kw name="Wait For" library="ImageHorizonLibrary">
<arg>${img}</arg>
<arg>timeout=${timeout}</arg>
<doc>Tries to locate given image from the screen for given time.</doc>
<msg timestamp="20230602 10:40:09.411" level="INFO">Image "reporter_macos_status_previewloaded.png" found at (55, 440)</msg>
<status status="PASS" starttime="20230602 10:40:06.283" endtime="20230602 10:40:09.411"/>
</kw>
<kw name="Locate" library="ImageHorizonLibrary">
<var>@{coordinates}</var>
<arg>${img}</arg>
<doc>Locate image on screen.</doc>
<msg timestamp="20230602 10:40:10.005" level="INFO">Image "/Users/runner/work/rfswarm/rfswarm/Tests/Regression/Reporter/Images/file_method/reporter_macos_status_previewloaded.png" found at Box(left=4, top=431, width=103, height=18)</msg>
<msg timestamp="20230602 10:40:10.006" level="INFO">@{coordinates} = [ 55 | 440 ]</msg>
<status status="PASS" starttime="20230602 10:40:09.412" endtime="20230602 10:40:10.006"/>
</kw>
<kw name="Click Image" library="ImageHorizonLibrary">
<arg>${img}</arg>
<doc>Finds the reference image on screen and clicks it once.</doc>
<msg timestamp="20230602 10:40:10.488" level="INFO">Image "/Users/runner/work/rfswarm/rfswarm/Tests/Regression/Reporter/Images/file_method/reporter_macos_status_previewloaded.png" found at Box(left=4, top=431, width=103, height=18)</msg>
<msg timestamp="20230602 10:40:10.489" level="INFO">Clicking image "reporter_macos_status_previewloaded.png" in position (55, 440)</msg>
<status status="PASS" starttime="20230602 10:40:10.006" endtime="20230602 10:40:10.623"/>
</kw>
<kw name="Sleep" library="BuiltIn">
<arg>${sssleep}</arg>
<doc>Pauses the test executed for the given time.</doc>
<msg timestamp="20230602 10:40:11.126" level="INFO">Slept 500 milliseconds</msg>
<status status="PASS" starttime="20230602 10:40:10.624" endtime="20230602 10:40:11.126"/>
</kw>
<kw name="Take A Screenshot" library="ImageHorizonLibrary">
<doc>Takes a screenshot of the screen.</doc>
<msg timestamp="20230602 10:40:11.127" level="INFO" html="true">Screenshot taken: /Users/runner/work/rfswarm/rfswarm/Tests/Regression/Reporter/Logs/macos-latest_3.9/Reporter.GUIBasic-screenshot-5.png&lt;br/&gt;&lt;img src="/Users/runner/work/rfswarm/rfswarm/Tests/Regression/Reporter/Logs/macos-latest_3.9/Reporter.GUIBasic-screenshot-5.png" width="100%" /&gt;</msg>
<status status="PASS" starttime="20230602 10:40:11.127" endtime="20230602 10:40:11.445"/>
</kw>
<status status="PASS" starttime="20230602 10:40:06.280" endtime="20230602 10:40:11.446"/>
</kw>
<kw name="Click Tab">
<arg>Preview</arg>
<kw name="Convert To Lower Case" library="String">
<var>${tabnamel}</var>
<arg>${tabname}</arg>
<doc>Converts string to lower case.</doc>
<msg timestamp="20230602 10:40:11.448" level="INFO">${tabnamel} = preview</msg>
<status status="PASS" starttime="20230602 10:40:11.447" endtime="20230602 10:40:11.448"/>
</kw>
<kw name="Set Variable" library="BuiltIn">
<var>${img}</var>
<arg>reporter_${platform}_tab_${tabnamel}.png</arg>
<doc>Returns the given values which can then be assigned to a variables.</doc>
<msg timestamp="20230602 10:40:11.448" level="INFO">${img} = reporter_macos_tab_preview.png</msg>
<status status="PASS" starttime="20230602 10:40:11.448" endtime="20230602 10:40:11.448"/>
</kw>
<kw name="Log" library="BuiltIn">
<arg>/Users/runner/work/rfswarm/rfswarm/Tests/Regression/Reporter</arg>
<doc>Logs the given message with the given level.</doc>
<msg timestamp="20230602 10:40:11.449" level="INFO">/Users/runner/work/rfswarm/rfswarm/Tests/Regression/Reporter</msg>
<status status="PASS" starttime="20230602 10:40:11.448" endtime="20230602 10:40:11.449"/>
</kw>
<kw name="Log" library="BuiltIn">
<arg>${IMAGE_DIR}</arg>
<doc>Logs the given message with the given level.</doc>
<msg timestamp="20230602 10:40:11.449" level="INFO">/Users/runner/work/rfswarm/rfswarm/Tests/Regression/Reporter/Images/file_method</msg>
<status status="PASS" starttime="20230602 10:40:11.449" endtime="20230602 10:40:11.449"/>
</kw>
<kw name="Wait For" library="ImageHorizonLibrary">
<arg>${img}</arg>
<arg>timeout=300</arg>
<doc>Tries to locate given image from the screen for given time.</doc>
<msg timestamp="20230602 10:40:11.909" level="INFO">Image "reporter_macos_tab_preview.png" found at (482, 103)</msg>
<status status="PASS" starttime="20230602 10:40:11.449" endtime="20230602 10:40:11.910"/>
</kw>
<kw name="Locate" library="ImageHorizonLibrary">
<var>@{coordinates}</var>
<arg>${img}</arg>
<doc>Locate image on screen.</doc>
<msg timestamp="20230602 10:40:12.374" level="INFO">Image "/Users/runner/work/rfswarm/rfswarm/Tests/Regression/Reporter/Images/file_method/reporter_macos_tab_preview.png" found at Box(left=443, top=89, width=78, height=29)</msg>
<msg timestamp="20230602 10:40:12.375" level="INFO">@{coordinates} = [ 482 | 103 ]</msg>
<status status="PASS" starttime="20230602 10:40:11.910" endtime="20230602 10:40:12.376"/>
</kw>
<kw name="Click Image" library="ImageHorizonLibrary">
<arg>${img}</arg>
<doc>Finds the reference image on screen and clicks it once.</doc>
<msg timestamp="20230602 10:40:12.969" level="INFO">Image "/Users/runner/work/rfswarm/rfswarm/Tests/Regression/Reporter/Images/file_method/reporter_macos_tab_preview.png" found at Box(left=443, top=89, width=78, height=29)</msg>
<msg timestamp="20230602 10:40:12.969" level="INFO">Clicking image "reporter_macos_tab_preview.png" in position (482, 103)</msg>
<status status="PASS" starttime="20230602 10:40:12.376" endtime="20230602 10:40:13.163"/>
</kw>
<kw name="Sleep" library="BuiltIn">
<arg>${sssleep}</arg>
<doc>Pauses the test executed for the given time.</doc>
<msg timestamp="20230602 10:40:13.680" level="INFO">Slept 500 milliseconds</msg>
<status status="PASS" starttime="20230602 10:40:13.164" endtime="20230602 10:40:13.680"/>
</kw>
<kw name="Take A Screenshot" library="ImageHorizonLibrary">
<doc>Takes a screenshot of the screen.</doc>
<msg timestamp="20230602 10:40:13.681" level="INFO" html="true">Screenshot taken: /Users/runner/work/rfswarm/rfswarm/Tests/Regression/Reporter/Logs/macos-latest_3.9/Reporter.GUIBasic-screenshot-6.png&lt;br/&gt;&lt;img src="/Users/runner/work/rfswarm/rfswarm/Tests/Regression/Reporter/Logs/macos-latest_3.9/Reporter.GUIBasic-screenshot-6.png" width="100%" /&gt;</msg>
<status status="PASS" starttime="20230602 10:40:13.681" endtime="20230602 10:40:13.970"/>
</kw>
<status status="PASS" starttime="20230602 10:40:11.447" endtime="20230602 10:40:13.971"/>
</kw>
<kw name="Close GUI" type="TEARDOWN">
<kw name="Set Variable" library="BuiltIn">
<var>${keyword}</var>
<arg>Close GUI ${platform}</arg>
<doc>Returns the given values which can then be assigned to a variables.</doc>
<msg timestamp="20230602 10:40:13.973" level="INFO">${keyword} = Close GUI macos</msg>
<status status="PASS" starttime="20230602 10:40:13.972" endtime="20230602 10:40:13.973"/>
</kw>
<if>
<branch type="IF" condition="${process}">
<kw name="Is Process Running" library="Process">
<var>${running}</var>
<arg>${process}</arg>
<doc>Checks is the process running or not.</doc>
<msg timestamp="20230602 10:40:13.974" level="INFO">${running} = True</msg>
<status status="PASS" starttime="20230602 10:40:13.973" endtime="20230602 10:40:13.974"/>
</kw>
<if>
<branch type="IF" condition="${running}">
<kw name="Run Keyword" library="BuiltIn">
<arg>${keyword}</arg>
<doc>Executes the given keyword with the given arguments.</doc>
<kw name="Close GUI macos">
<kw name="Click Image" library="ImageHorizonLibrary">
<arg>reporter_${platform}_button_closewindow.png</arg>
<doc>Finds the reference image on screen and clicks it once.</doc>
<msg timestamp="20230602 10:40:14.353" level="INFO">Image "/Users/runner/work/rfswarm/rfswarm/Tests/Regression/Reporter/Images/file_method/reporter_macos_button_closewindow.png" found at Box(left=9, top=31, width=19, height=25)</msg>
<msg timestamp="20230602 10:40:14.353" level="INFO">Clicking image "reporter_macos_button_closewindow.png" in position (18, 43)</msg>
<status status="PASS" starttime="20230602 10:40:13.981" endtime="20230602 10:40:14.472"/>
</kw>
<kw name="Take A Screenshot" library="ImageHorizonLibrary">
<doc>Takes a screenshot of the screen.</doc>
<msg timestamp="20230602 10:40:14.474" level="INFO" html="true">Screenshot taken: /Users/runner/work/rfswarm/rfswarm/Tests/Regression/Reporter/Logs/macos-latest_3.9/Reporter.GUIBasic-screenshot-7.png&lt;br/&gt;&lt;img src="/Users/runner/work/rfswarm/rfswarm/Tests/Regression/Reporter/Logs/macos-latest_3.9/Reporter.GUIBasic-screenshot-7.png" width="100%" /&gt;</msg>
<status status="PASS" starttime="20230602 10:40:14.473" endtime="20230602 10:40:14.954"/>
</kw>
<kw name="Sleep" library="BuiltIn">
<arg>0.5</arg>
<doc>Pauses the test executed for the given time.</doc>
<msg timestamp="20230602 10:40:15.455" level="INFO">Slept 500 milliseconds</msg>
<status status="PASS" starttime="20230602 10:40:14.954" endtime="20230602 10:40:15.456"/>
</kw>
<kw name="End Process If Still Running">
<kw name="Wait For Process" library="Process">
<var>${result}</var>
<arg>${process}</arg>
<arg>timeout=60</arg>
<doc>Waits for the process to complete or to reach the given timeout.</doc>
<msg timestamp="20230602 10:40:15.457" level="INFO">Waiting for process to complete.</msg>
<msg timestamp="20230602 10:40:15.458" level="INFO">Process completed.</msg>
<msg timestamp="20230602 10:40:15.458" level="INFO">${result} = &lt;result object with rc 0&gt;</msg>
<status status="PASS" starttime="20230602 10:40:15.457" endtime="20230602 10:40:15.458"/>
</kw>
<kw name="Is Process Running" library="Process">
<var>${running}</var>
<arg>${process}</arg>
<doc>Checks is the process running or not.</doc>
<msg timestamp="20230602 10:40:15.458" level="INFO">${running} = False</msg>
<status status="PASS" starttime="20230602 10:40:15.458" endtime="20230602 10:40:15.458"/>
</kw>
<if>
<branch type="IF" condition="not ${running}">
<kw name="Check Result">
<arg>${result}</arg>
<kw name="Log" library="BuiltIn">
<arg>${result.stderr}</arg>
<doc>Logs the given message with the given level.</doc>
<msg timestamp="20230602 10:40:15.461" level="INFO"/>
<status status="PASS" starttime="20230602 10:40:15.460" endtime="20230602 10:40:15.461"/>
</kw>
<kw name="Should Not Contain" library="BuiltIn">
<arg>${result.stderr}</arg>
<arg>Traceback</arg>
<doc>Fails if ``container`` contains ``item`` one or more times.</doc>
<status status="PASS" starttime="20230602 10:40:15.461" endtime="20230602 10:40:15.462"/>
</kw>
<kw name="Should Be Equal As Integers" library="BuiltIn">
<arg>${result.rc}</arg>
<arg>0</arg>
<doc>Fails if objects are unequal after converting them to integers.</doc>
<msg timestamp="20230602 10:40:15.463" level="INFO">Argument types are:
&lt;class 'int'&gt;
&lt;class 'str'&gt;</msg>
<status status="PASS" starttime="20230602 10:40:15.462" endtime="20230602 10:40:15.463"/>
</kw>
<status status="PASS" starttime="20230602 10:40:15.459" endtime="20230602 10:40:15.463"/>
</kw>
<status status="PASS" starttime="20230602 10:40:15.459" endtime="20230602 10:40:15.463"/>
</branch>
<branch type="ELSE">
<kw name="Take A Screenshot" library="ImageHorizonLibrary">
<doc>Takes a screenshot of the screen.</doc>
<status status="NOT RUN" starttime="20230602 10:40:15.463" endtime="20230602 10:40:15.463"/>
</kw>
<kw name="Terminate Process" library="Process">
<var>${result}</var>
<arg>${process}</arg>
<doc>Stops the process gracefully or forcefully.</doc>
<status status="NOT RUN" starttime="20230602 10:40:15.463" endtime="20230602 10:40:15.463"/>
</kw>
<kw name="Check Result">
<arg>${result}</arg>
<status status="NOT RUN" starttime="20230602 10:40:15.464" endtime="20230602 10:40:15.464"/>
</kw>
<kw name="Fail" library="BuiltIn">
<arg>Had to Terminate Process</arg>
<doc>Fails the test with the given message and optionally alters its tags.</doc>
<status status="NOT RUN" starttime="20230602 10:40:15.464" endtime="20230602 10:40:15.464"/>
</kw>
<status status="NOT RUN" starttime="20230602 10:40:15.463" endtime="20230602 10:40:15.464"/>
</branch>
<status status="PASS" starttime="20230602 10:40:15.459" endtime="20230602 10:40:15.464"/>
</if>
<status status="PASS" starttime="20230602 10:40:15.456" endtime="20230602 10:40:15.464"/>
</kw>
<status status="PASS" starttime="20230602 10:40:13.980" endtime="20230602 10:40:15.464"/>
</kw>
<status status="PASS" starttime="20230602 10:40:13.974" endtime="20230602 10:40:15.464"/>
</kw>
<status status="PASS" starttime="20230602 10:40:13.974" endtime="20230602 10:40:15.464"/>
</branch>
<branch type="ELSE">
<kw name="Wait For Process" library="Process">
<var>${result}</var>
<arg>${process}</arg>
<arg>timeout=60</arg>
<doc>Waits for the process to complete or to reach the given timeout.</doc>
<status status="NOT RUN" starttime="20230602 10:40:15.465" endtime="20230602 10:40:15.465"/>
</kw>
<kw name="Check Result">
<arg>${result}</arg>
<status status="NOT RUN" starttime="20230602 10:40:15.465" endtime="20230602 10:40:15.465"/>
</kw>
<status status="NOT RUN" starttime="20230602 10:40:15.465" endtime="20230602 10:40:15.465"/>
</branch>
<status status="PASS" starttime="20230602 10:40:13.974" endtime="20230602 10:40:15.465"/>
</if>
<status status="PASS" starttime="20230602 10:40:13.973" endtime="20230602 10:40:15.465"/>
</branch>
<status status="PASS" starttime="20230602 10:40:13.973" endtime="20230602 10:40:15.465"/>
</if>
<kw name="Set Suite Variable" library="BuiltIn">
<arg>$process</arg>
<arg>None</arg>
<doc>Makes a variable available everywhere within the scope of the current suite.</doc>
<msg timestamp="20230602 10:40:15.466" level="INFO">${process} = None</msg>
<status status="PASS" starttime="20230602 10:40:15.465" endtime="20230602 10:40:15.466"/>
</kw>
<kw name="Sleep" library="BuiltIn">
<arg>0.5</arg>
<doc>Pauses the test executed for the given time.</doc>
<msg timestamp="20230602 10:40:15.967" level="INFO">Slept 500 milliseconds</msg>
<status status="PASS" starttime="20230602 10:40:15.466" endtime="20230602 10:40:15.967"/>
</kw>
<status status="PASS" starttime="20230602 10:40:13.972" endtime="20230602 10:40:15.967"/>
</kw>
<tag>macos-latest</tag>
<tag>ubuntu-latest</tag>
<tag>windows-latest</tag>
<status status="PASS" starttime="20230602 10:40:05.951" endtime="20230602 10:40:15.967"/>
</test>
<test id="s1-s2-t3" name="First Run" line="32">
<kw name="Set Variable" library="BuiltIn">
<var>${testdata}</var>
<arg>Issue-#147</arg>
<doc>Returns the given values which can then be assigned to a variables.</doc>
<msg timestamp="20230602 10:40:15.969" level="INFO">${testdata} = Issue-#147</msg>
<status status="PASS" starttime="20230602 10:40:15.969" endtime="20230602 10:40:15.969"/>
</kw>
<kw name="Set Variable" library="BuiltIn">
<var>${resultdata}</var>
<arg>20230320_185055_demo</arg>
<doc>Returns the given values which can then be assigned to a variables.</doc>
<msg timestamp="20230602 10:40:15.969" level="INFO">${resultdata} = 20230320_185055_demo</msg>
<status status="PASS" starttime="20230602 10:40:15.969" endtime="20230602 10:40:15.969"/>
</kw>
<kw name="Set Variable" library="BuiltIn">
<var>${basefolder}</var>
<arg>/Users/runner/work/rfswarm/rfswarm/Tests/Regression/Reporter${/}testdata${/}${testdata}</arg>
<doc>Returns the given values which can then be assigned to a variables.</doc>
<msg timestamp="20230602 10:40:15.970" level="INFO">${basefolder} = /Users/runner/work/rfswarm/rfswarm/Tests/Regression/Reporter/testdata/Issue-#147</msg>
<status status="PASS" starttime="20230602 10:40:15.970" endtime="20230602 10:40:15.970"/>
</kw>
<kw name="Should Exist" library="OperatingSystem">
<arg>${basefolder}</arg>
<doc>Fails unless the given path (file or directory) exists.</doc>
<msg timestamp="20230602 10:40:15.971" level="INFO" html="true">Path '&lt;a href="file:///Users/runner/work/rfswarm/rfswarm/Tests/Regression/Reporter/testdata/Issue-#147"&gt;/Users/runner/work/rfswarm/rfswarm/Tests/Regression/Reporter/testdata/Issue-#147&lt;/a&gt;' exists.</msg>
<status status="PASS" starttime="20230602 10:40:15.970" endtime="20230602 10:40:15.971"/>
</kw>
<kw name="Log To Console" library="BuiltIn">
<arg>basefolder: ${basefolder}</arg>
<arg>console=True</arg>
<doc>Logs the given message to the console.</doc>
<status status="PASS" starttime="20230602 10:40:15.971" endtime="20230602 10:40:15.971"/>
</kw>
<kw name="Set Variable" library="BuiltIn">
<var>${resultfolder}</var>
<arg>${basefolder}${/}${resultdata}</arg>
<doc>Returns the given values which can then be assigned to a variables.</doc>
<msg timestamp="20230602 10:40:15.972" level="INFO">${resultfolder} = /Users/runner/work/rfswarm/rfswarm/Tests/Regression/Reporter/testdata/Issue-#147/20230320_185055_demo</msg>
<status status="PASS" starttime="20230602 10:40:15.971" endtime="20230602 10:40:15.972"/>
</kw>
<kw name="Should Exist" library="OperatingSystem">
<arg>${resultfolder}</arg>
<doc>Fails unless the given path (file or directory) exists.</doc>
<msg timestamp="20230602 10:40:15.972" level="INFO" html="true">Path '&lt;a href="file:///Users/runner/work/rfswarm/rfswarm/Tests/Regression/Reporter/testdata/Issue-#147/20230320_185055_demo"&gt;/Users/runner/work/rfswarm/rfswarm/Tests/Regression/Reporter/testdata/Issue-#147/20230320_185055_demo&lt;/a&gt;' exists.</msg>
<status status="PASS" starttime="20230602 10:40:15.972" endtime="20230602 10:40:15.972"/>
</kw>
<kw name="Log" library="BuiltIn">
<arg>resultfolder: ${resultfolder}</arg>
<arg>console=True</arg>
<doc>Logs the given message with the given level.</doc>
<msg timestamp="20230602 10:40:15.973" level="INFO">resultfolder: /Users/runner/work/rfswarm/rfswarm/Tests/Regression/Reporter/testdata/Issue-#147/20230320_185055_demo</msg>
<status status="PASS" starttime="20230602 10:40:15.972" endtime="20230602 10:40:15.973"/>
</kw>
<kw name="Get Time" library="BuiltIn">
<var>${epoch}</var>
<arg>epoch</arg>
<doc>Returns the given time in the requested format.</doc>
<msg timestamp="20230602 10:40:15.973" level="INFO">${epoch} = 1685702415</msg>
<status status="PASS" starttime="20230602 10:40:15.973" endtime="20230602 10:40:15.973"/>
</kw>
<kw name="Open GUI">
<arg>-i</arg>
<arg>blank_${epoch}.ini</arg>
<arg>-d</arg>
<arg>${resultfolder}</arg>
<kw name="Get Variables" library="BuiltIn">
<var>${var}</var>
<doc>Returns a dictionary containing all variables in the current scope.</doc>
<msg timestamp="20230602 10:40:15.975" level="INFO">${var} = {'${/}': '/', '${:}': ':', '${\\n}': '\n', '${DEBUG_FILE}': 'NONE', '${EXECDIR}': '/Users/runner/work/rfswarm/rfswarm', '${False}': False, '${IMAGE_DIR}': '/Users/runner/work/rfswarm/rfswarm/Tests/Reg...</msg>
<status status="PASS" starttime="20230602 10:40:15.974" endtime="20230602 10:40:15.975"/>
</kw>
<kw name="Log" library="BuiltIn">
<arg>${var}</arg>
<doc>Logs the given message with the given level.</doc>
[...]
<msg timestamp="20230602 10:40:56.506" level="INFO">Length is 117</msg>
<msg timestamp="20230602 10:40:56.507" level="INFO">${lenlast} = 117</msg>
<status status="PASS" starttime="20230602 10:40:56.506" endtime="20230602 10:40:56.507"/>
</kw>
<if>
<branch type="IF" condition="${lenlast} &gt; ${len0}">
<return>
<value>${files}[-1]</value>
<status status="NOT RUN" starttime="20230602 10:40:56.507" endtime="20230602 10:40:56.507"/>
</return>
<status status="NOT RUN" starttime="20230602 10:40:56.507" endtime="20230602 10:40:56.507"/>
</branch>
<branch type="ELSE">
<kw name="Remove From List" library="Collections">
<arg>${files}</arg>
<arg>-1</arg>
<doc>Removes and returns the value specified with an ``index`` from ``list``.</doc>
<status status="PASS" starttime="20230602 10:40:56.507" endtime="20230602 10:40:56.507"/>
</kw>
<status status="PASS" starttime="20230602 10:40:56.507" endtime="20230602 10:40:56.507"/>
</branch>
<status status="PASS" starttime="20230602 10:40:56.507" endtime="20230602 10:40:56.507"/>
</if>
<status status="PASS" starttime="20230602 10:40:56.506" endtime="20230602 10:40:56.507"/>
</iter>
<iter>
<kw name="Get Length" library="BuiltIn">
<var>${lenlast}</var>
<arg>${files}[-1]</arg>
<doc>Returns and logs the length of the given item as an integer.</doc>
<msg timestamp="20230602 10:40:56.508" level="INFO">Length is 117</msg>
<msg timestamp="20230602 10:40:56.508" level="INFO">${lenlast} = 117</msg>
<status status="PASS" starttime="20230602 10:40:56.508" endtime="20230602 10:40:56.508"/>
</kw>
<if>
<branch type="IF" condition="${lenlast} &gt; ${len0}">
<return>
<value>${files}[-1]</value>
<status status="NOT RUN" starttime="20230602 10:40:56.508" endtime="20230602 10:40:56.508"/>
</return>
<status status="NOT RUN" starttime="20230602 10:40:56.508" endtime="20230602 10:40:56.508"/>
</branch>
<branch type="ELSE">
<kw name="Remove From List" library="Collections">
<arg>${files}</arg>
<arg>-1</arg>
<doc>Removes and returns the value specified with an ``index`` from ``list``.</doc>
<status status="PASS" starttime="20230602 10:40:56.509" endtime="20230602 10:40:56.509"/>
</kw>
<status status="PASS" starttime="20230602 10:40:56.508" endtime="20230602 10:40:56.509"/>
</branch>
<status status="PASS" starttime="20230602 10:40:56.508" endtime="20230602 10:40:56.509"/>
</if>
<status status="PASS" starttime="20230602 10:40:56.508" endtime="20230602 10:40:56.509"/>
</iter>
<iter>
<kw name="Get Length" library="BuiltIn">
<var>${lenlast}</var>
<arg>${files}[-1]</arg>
<doc>Returns and logs the length of the given item as an integer.</doc>
<msg timestamp="20230602 10:40:56.509" level="INFO">Length is 118</msg>
<msg timestamp="20230602 10:40:56.509" level="INFO">${lenlast} = 118</msg>
<status status="PASS" starttime="20230602 10:40:56.509" endtime="20230602 10:40:56.510"/>
</kw>
<if>
<branch type="IF" condition="${lenlast} &gt; ${len0}">
<return>
<value>${files}[-1]</value>
<status status="PASS" starttime="20230602 10:40:56.510" endtime="20230602 10:40:56.510"/>
</return>
<status status="PASS" starttime="20230602 10:40:56.510" endtime="20230602 10:40:56.510"/>
</branch>
<branch type="ELSE">
<kw name="Remove From List" library="Collections">
<arg>${files}</arg>
<arg>-1</arg>
<doc>Removes and returns the value specified with an ``index`` from ``list``.</doc>
<status status="NOT RUN" starttime="20230602 10:40:56.510" endtime="20230602 10:40:56.510"/>
</kw>
<status status="NOT RUN" starttime="20230602 10:40:56.510" endtime="20230602 10:40:56.510"/>
</branch>
<status status="PASS" starttime="20230602 10:40:56.510" endtime="20230602 10:40:56.510"/>
</if>
<status status="PASS" starttime="20230602 10:40:56.509" endtime="20230602 10:40:56.510"/>
</iter>
<status status="PASS" starttime="20230602 10:40:56.498" endtime="20230602 10:40:56.510"/>
</while>
<status status="PASS" starttime="20230602 10:40:56.497" endtime="20230602 10:40:56.510"/>
</branch>
<branch type="ELSE">
<return>
<value>${files}[-1]</value>
<status status="NOT RUN" starttime="20230602 10:40:56.511" endtime="20230602 10:40:56.511"/>
</return>
<status status="NOT RUN" starttime="20230602 10:40:56.510" endtime="20230602 10:40:56.511"/>
</branch>
<status status="PASS" starttime="20230602 10:40:56.497" endtime="20230602 10:40:56.511"/>
</if>
<msg timestamp="20230602 10:40:56.511" level="INFO">${img} = /Users/runner/work/rfswarm/rfswarm/Tests/Regression/Reporter/Logs/macos-latest_3.9/Reporter.GUIBasic-screenshot-25.png</msg>
<status status="PASS" starttime="20230602 10:40:56.492" endtime="20230602 10:40:56.511"/>
</kw>
<kw name="Log" library="BuiltIn">
<arg>${img}</arg>
<doc>Logs the given message with the given level.</doc>
<msg timestamp="20230602 10:40:56.511" level="INFO">/Users/runner/work/rfswarm/rfswarm/Tests/Regression/Reporter/Logs/macos-latest_3.9/Reporter.GUIBasic-screenshot-25.png</msg>
<status status="PASS" starttime="20230602 10:40:56.511" endtime="20230602 10:40:56.511"/>
</kw>
<kw name="Read Image" library="OCRLibrary">
<var>${processed_img}</var>
<arg>${img}</arg>
<doc>Reads an image.</doc>
<msg timestamp="20230602 10:40:56.533" level="INFO">${processed_img} = [[[218 218 218]
  [218 218 218]
  [218 218 218]
  ...
  [218 218 218]
  [218 218 218]
  [218 218 218]]

 [[218 218 218]
  [218 218 218]
  [218 218 218]
  ...
  [218 218 218]
  [218 218 218]
  [218 218...</msg>
<status status="PASS" starttime="20230602 10:40:56.512" endtime="20230602 10:40:56.533"/>
</kw>
<kw name="Locate Text Bounds" library="OCRLibrary">
<var>${bounds}</var>
<arg>${processed_img}</arg>
<arg>${mytext}</arg>
<doc>Locates the bounds found around the provided text. This keyword gets the first occurrance of the text.
Use ``Locate Multiple Text Bounds`` if there is more than one occurrance of the text.
A tuple of the bounds is returned. Returns None if nothing is found.</doc>
<msg timestamp="20230602 10:40:57.857" level="INFO">${bounds} = None</msg>
<status status="PASS" starttime="20230602 10:40:56.534" endtime="20230602 10:40:57.857"/>
</kw>
<kw name="Log" library="BuiltIn">
<arg>${bounds}</arg>
<doc>Logs the given message with the given level.</doc>
<msg timestamp="20230602 10:40:57.859" level="INFO">None</msg>
<status status="PASS" starttime="20230602 10:40:57.858" endtime="20230602 10:40:57.859"/>
</kw>
<if>
<branch type="IF" condition="${bounds}">
<return>
<value>${bounds}</value>
<status status="NOT RUN" starttime="20230602 10:40:57.859" endtime="20230602 10:40:57.859"/>
</return>
<status status="NOT RUN" starttime="20230602 10:40:57.859" endtime="20230602 10:40:57.859"/>
</branch>
<branch type="ELSE">
<kw name="Fail" library="BuiltIn">
<arg>${mytext} Not Found</arg>
<doc>Fails the test with the given message and optionally alters its tags.</doc>
<msg timestamp="20230602 10:40:57.860" level="FAIL">Filter Type: Not Found</msg>
<status status="FAIL" starttime="20230602 10:40:57.859" endtime="20230602 10:40:57.860"/>
</kw>
<status status="FAIL" starttime="20230602 10:40:57.859" endtime="20230602 10:40:57.860"/>
</branch>
<status status="FAIL" starttime="20230602 10:40:57.859" endtime="20230602 10:40:57.860"/>
</if>
<status status="FAIL" starttime="20230602 10:40:56.190" endtime="20230602 10:40:57.861"/>
</kw>
<kw name="Find Text">
<arg>Result Name</arg>
<status status="NOT RUN" starttime="20230602 10:40:57.861" endtime="20230602 10:40:57.861"/>
</kw>
<kw name="Sleep" library="BuiltIn">
<arg>10</arg>
<doc>Pauses the test executed for the given time.</doc>
<status status="NOT RUN" starttime="20230602 10:40:57.861" endtime="20230602 10:40:57.861"/>
</kw>
<kw name="Take A Screenshot" library="ImageHorizonLibrary">
<doc>Takes a screenshot of the screen.</doc>
<status status="NOT RUN" starttime="20230602 10:40:57.861" endtime="20230602 10:40:57.861"/>
</kw>
<kw name="Close GUI" type="TEARDOWN">
<kw name="Set Variable" library="BuiltIn">
<var>${keyword}</var>
<arg>Close GUI ${platform}</arg>
<doc>Returns the given values which can then be assigned to a variables.</doc>
<msg timestamp="20230602 10:40:57.863" level="INFO">${keyword} = Close GUI macos</msg>
<status status="PASS" starttime="20230602 10:40:57.863" endtime="20230602 10:40:57.863"/>
</kw>
<if>
<branch type="IF" condition="${process}">
<kw name="Is Process Running" library="Process">
<var>${running}</var>
<arg>${process}</arg>
<doc>Checks is the process running or not.</doc>
<msg timestamp="20230602 10:40:57.864" level="INFO">${running} = True</msg>
<status status="PASS" starttime="20230602 10:40:57.863" endtime="20230602 10:40:57.864"/>
</kw>
<if>
<branch type="IF" condition="${running}">
<kw name="Run Keyword" library="BuiltIn">
<arg>${keyword}</arg>
<doc>Executes the given keyword with the given arguments.</doc>
<kw name="Close GUI macos">
<kw name="Click Image" library="ImageHorizonLibrary">
<arg>reporter_${platform}_button_closewindow.png</arg>
<doc>Finds the reference image on screen and clicks it once.</doc>
<msg timestamp="20230602 10:40:58.281" level="INFO">Image "/Users/runner/work/rfswarm/rfswarm/Tests/Regression/Reporter/Images/file_method/reporter_macos_button_closewindow.png" found at Box(left=9, top=31, width=19, height=25)</msg>
<msg timestamp="20230602 10:40:58.282" level="INFO">Clicking image "reporter_macos_button_closewindow.png" in position (18, 43)</msg>
<status status="PASS" starttime="20230602 10:40:57.870" endtime="20230602 10:40:58.404"/>
</kw>
<kw name="Take A Screenshot" library="ImageHorizonLibrary">
<doc>Takes a screenshot of the screen.</doc>
<msg timestamp="20230602 10:40:58.405" level="INFO" html="true">Screenshot taken: /Users/runner/work/rfswarm/rfswarm/Tests/Regression/Reporter/Logs/macos-latest_3.9/Reporter.GUIBasic-screenshot-26.png&lt;br/&gt;&lt;img src="/Users/runner/work/rfswarm/rfswarm/Tests/Regression/Reporter/Logs/macos-latest_3.9/Reporter.GUIBasic-screenshot-26.png" width="100%" /&gt;</msg>
<status status="PASS" starttime="20230602 10:40:58.404" endtime="20230602 10:40:58.692"/>
</kw>
<kw name="Sleep" library="BuiltIn">
<arg>0.5</arg>
<doc>Pauses the test executed for the given time.</doc>
<msg timestamp="20230602 10:40:59.211" level="INFO">Slept 500 milliseconds</msg>
<status status="PASS" starttime="20230602 10:40:58.693" endtime="20230602 10:40:59.212"/>
</kw>
<kw name="End Process If Still Running">
<kw name="Wait For Process" library="Process">
<var>${result}</var>
<arg>${process}</arg>
<arg>timeout=60</arg>
<doc>Waits for the process to complete or to reach the given timeout.</doc>
<msg timestamp="20230602 10:40:59.213" level="INFO">Waiting for process to complete.</msg>
<msg timestamp="20230602 10:40:59.213" level="INFO">Process completed.</msg>
<msg timestamp="20230602 10:40:59.214" level="INFO">${result} = &lt;result object with rc 0&gt;</msg>
<status status="PASS" starttime="20230602 10:40:59.213" endtime="20230602 10:40:59.214"/>
</kw>
<kw name="Is Process Running" library="Process">
<var>${running}</var>
<arg>${process}</arg>
<doc>Checks is the process running or not.</doc>
<msg timestamp="20230602 10:40:59.214" level="INFO">${running} = False</msg>
<status status="PASS" starttime="20230602 10:40:59.214" endtime="20230602 10:40:59.214"/>
</kw>
<if>
<branch type="IF" condition="not ${running}">
<kw name="Check Result">
<arg>${result}</arg>
<kw name="Log" library="BuiltIn">
<arg>${result.stderr}</arg>
<doc>Logs the given message with the given level.</doc>
<msg timestamp="20230602 10:40:59.216" level="INFO"/>
<status status="PASS" starttime="20230602 10:40:59.215" endtime="20230602 10:40:59.216"/>
</kw>
<kw name="Should Not Contain" library="BuiltIn">
<arg>${result.stderr}</arg>
<arg>Traceback</arg>
<doc>Fails if ``container`` contains ``item`` one or more times.</doc>
<status status="PASS" starttime="20230602 10:40:59.217" endtime="20230602 10:40:59.217"/>
</kw>
<kw name="Should Be Equal As Integers" library="BuiltIn">
<arg>${result.rc}</arg>
<arg>0</arg>
<doc>Fails if objects are unequal after converting them to integers.</doc>
<msg timestamp="20230602 10:40:59.218" level="INFO">Argument types are:
&lt;class 'int'&gt;
&lt;class 'str'&gt;</msg>
<status status="PASS" starttime="20230602 10:40:59.218" endtime="20230602 10:40:59.218"/>
</kw>
<status status="PASS" starttime="20230602 10:40:59.215" endtime="20230602 10:40:59.219"/>
</kw>
<status status="PASS" starttime="20230602 10:40:59.214" endtime="20230602 10:40:59.219"/>
</branch>
<branch type="ELSE">
<kw name="Take A Screenshot" library="ImageHorizonLibrary">
<doc>Takes a screenshot of the screen.</doc>
<status status="NOT RUN" starttime="20230602 10:40:59.219" endtime="20230602 10:40:59.219"/>
</kw>
<kw name="Terminate Process" library="Process">
<var>${result}</var>
<arg>${process}</arg>
<doc>Stops the process gracefully or forcefully.</doc>
<status status="NOT RUN" starttime="20230602 10:40:59.219" endtime="20230602 10:40:59.219"/>
</kw>
<kw name="Check Result">
<arg>${result}</arg>
<status status="NOT RUN" starttime="20230602 10:40:59.219" endtime="20230602 10:40:59.219"/>
</kw>
<kw name="Fail" library="BuiltIn">
<arg>Had to Terminate Process</arg>
<doc>Fails the test with the given message and optionally alters its tags.</doc>
<status status="NOT RUN" starttime="20230602 10:40:59.220" endtime="20230602 10:40:59.220"/>
</kw>
<status status="NOT RUN" starttime="20230602 10:40:59.219" endtime="20230602 10:40:59.220"/>
</branch>
<status status="PASS" starttime="20230602 10:40:59.214" endtime="20230602 10:40:59.220"/>
</if>
<status status="PASS" starttime="20230602 10:40:59.212" endtime="20230602 10:40:59.220"/>
</kw>
<status status="PASS" starttime="20230602 10:40:57.869" endtime="20230602 10:40:59.220"/>
</kw>
<status status="PASS" starttime="20230602 10:40:57.864" endtime="20230602 10:40:59.220"/>
</kw>
<status status="PASS" starttime="20230602 10:40:57.864" endtime="20230602 10:40:59.220"/>
</branch>
<branch type="ELSE">
<kw name="Wait For Process" library="Process">
<var>${result}</var>
<arg>${process}</arg>
<arg>timeout=60</arg>
<doc>Waits for the process to complete or to reach the given timeout.</doc>
<status status="NOT RUN" starttime="20230602 10:40:59.221" endtime="20230602 10:40:59.221"/>
</kw>
<kw name="Check Result">
<arg>${result}</arg>
<status status="NOT RUN" starttime="20230602 10:40:59.221" endtime="20230602 10:40:59.221"/>
</kw>
<status status="NOT RUN" starttime="20230602 10:40:59.220" endtime="20230602 10:40:59.221"/>
</branch>
<status status="PASS" starttime="20230602 10:40:57.864" endtime="20230602 10:40:59.221"/>
</if>
<status status="PASS" starttime="20230602 10:40:57.863" endtime="20230602 10:40:59.221"/>
</branch>
<status status="PASS" starttime="20230602 10:40:57.863" endtime="20230602 10:40:59.221"/>
</if>
<kw name="Set Suite Variable" library="BuiltIn">
<arg>$process</arg>
<arg>None</arg>
<doc>Makes a variable available everywhere within the scope of the current suite.</doc>
<msg timestamp="20230602 10:40:59.222" level="INFO">${process} = None</msg>
<status status="PASS" starttime="20230602 10:40:59.221" endtime="20230602 10:40:59.222"/>
</kw>
<kw name="Sleep" library="BuiltIn">
<arg>0.5</arg>
<doc>Pauses the test executed for the given time.</doc>
<msg timestamp="20230602 10:40:59.737" level="INFO">Slept 500 milliseconds</msg>
<status status="PASS" starttime="20230602 10:40:59.222" endtime="20230602 10:40:59.737"/>
</kw>
<status status="PASS" starttime="20230602 10:40:57.862" endtime="20230602 10:40:59.738"/>
</kw>
<tag>Issue #149</tag>
<tag>macos-latest</tag>
<tag>ubuntu-latest</tag>
<tag>windows-latest</tag>
<status status="FAIL" starttime="20230602 10:40:24.350" endtime="20230602 10:40:59.738">Filter Type: Not Found</status>
</test>
<test id="s1-s2-t5" name="Intentional Fail" line="95">
<kw name="Fail" library="BuiltIn">
<doc>Fails the test with the given message and optionally alters its tags.</doc>
<msg timestamp="20230602 10:40:59.740" level="FAIL">AssertionError</msg>
<status status="FAIL" starttime="20230602 10:40:59.739" endtime="20230602 10:40:59.740"/>
</kw>
<kw name="Close GUI" type="TEARDOWN">
<kw name="Set Variable" library="BuiltIn">
<var>${keyword}</var>
<arg>Close GUI ${platform}</arg>
<doc>Returns the given values which can then be assigned to a variables.</doc>
<msg timestamp="20230602 10:40:59.741" level="INFO">${keyword} = Close GUI macos</msg>
<status status="PASS" starttime="20230602 10:40:59.741" endtime="20230602 10:40:59.741"/>
</kw>
<if>
<branch type="IF" condition="${process}">
<kw name="Is Process Running" library="Process">
<var>${running}</var>
<arg>${process}</arg>
<doc>Checks is the process running or not.</doc>
<status status="NOT RUN" starttime="20230602 10:40:59.741" endtime="20230602 10:40:59.741"/>
</kw>
<if>
<branch type="IF" condition="${running}">
<kw name="Run Keyword" library="BuiltIn">
<arg>${keyword}</arg>
<doc>Executes the given keyword with the given arguments.</doc>
<status status="NOT RUN" starttime="20230602 10:40:59.742" endtime="20230602 10:40:59.742"/>
</kw>
<status status="NOT RUN" starttime="20230602 10:40:59.741" endtime="20230602 10:40:59.742"/>
</branch>
<branch type="ELSE">
<kw name="Wait For Process" library="Process">
<var>${result}</var>
<arg>${process}</arg>
<arg>timeout=60</arg>
<doc>Waits for the process to complete or to reach the given timeout.</doc>
<status status="NOT RUN" starttime="20230602 10:40:59.742" endtime="20230602 10:40:59.742"/>
</kw>
<kw name="Check Result">
<arg>${result}</arg>
<status status="NOT RUN" starttime="20230602 10:40:59.742" endtime="20230602 10:40:59.742"/>
</kw>
<status status="NOT RUN" starttime="20230602 10:40:59.742" endtime="20230602 10:40:59.742"/>
</branch>
<status status="NOT RUN" starttime="20230602 10:40:59.741" endtime="20230602 10:40:59.742"/>
</if>
<status status="NOT RUN" starttime="20230602 10:40:59.741" endtime="20230602 10:40:59.742"/>
</branch>
<status status="PASS" starttime="20230602 10:40:59.741" endtime="20230602 10:40:59.742"/>
</if>
<kw name="Set Suite Variable" library="BuiltIn">
<arg>$process</arg>
<arg>None</arg>
<doc>Makes a variable available everywhere within the scope of the current suite.</doc>
<msg timestamp="20230602 10:40:59.743" level="INFO">${process} = None</msg>
<status status="PASS" starttime="20230602 10:40:59.743" endtime="20230602 10:40:59.743"/>
</kw>
<kw name="Sleep" library="BuiltIn">
<arg>0.5</arg>
<doc>Pauses the test executed for the given time.</doc>
<msg timestamp="20230602 10:41:00.245" level="INFO">Slept 500 milliseconds</msg>
<status status="PASS" starttime="20230602 10:40:59.743" endtime="20230602 10:41:00.245"/>
</kw>
<status status="PASS" starttime="20230602 10:40:59.740" endtime="20230602 10:41:00.245"/>
</kw>
<doc>Uncomment this test if you want to trigger updating Screenshots in the git repo
Ensure this is commented out before release or pull request</doc>
<tag>macos-latest</tag>
<tag>ubuntu-latest</tag>
<tag>windows-latest</tag>
<status status="FAIL" starttime="20230602 10:40:59.738" endtime="20230602 10:41:00.245">AssertionError</status>
</test>
<status status="FAIL" starttime="20230602 10:39:47.695" endtime="20230602 10:41:00.246"/>
</suite>
<status status="FAIL" starttime="20230602 10:39:07.758" endtime="20230602 10:41:00.248"/>
</suite>
<statistics>
<total>
<stat pass="8" fail="2" skip="0">All Tests</stat>
</total>
<tag>
<stat pass="1" fail="0" skip="0">DOCX</stat>
<stat pass="1" fail="0" skip="0">HTML</stat>
<stat pass="3" fail="0" skip="0">Issue #144</stat>
<stat pass="1" fail="0" skip="0">Issue #147</stat>
<stat pass="0" fail="1" skip="0">Issue #149</stat>
<stat pass="8" fail="2" skip="0">macos-latest</stat>
<stat pass="8" fail="2" skip="0">ubuntu-latest</stat>
<stat pass="8" fail="2" skip="0">windows-latest</stat>
<stat pass="1" fail="0" skip="0">XLSX</stat>
</tag>
<suite>
<stat pass="8" fail="2" skip="0" id="s1" name="Reporter">Reporter</stat>
<stat pass="5" fail="0" skip="0" id="s1-s1" name="CommandLine">Reporter.CommandLine</stat>
<stat pass="3" fail="2" skip="0" id="s1-s2" name="GUI Basic">Reporter.GUI Basic</stat>
</suite>
</statistics>
<errors>
</errors>
</robot>
