<?xml version="1.0" encoding="UTF-8"?>
<robot generator="Robot 7.0 (Python 3.9.18 on darwin)" generated="2024-02-14T04:29:16.689854" rpa="false" schemaversion="5">
<suite id="s1" name="Reporter" source="/Users/runner/work/rfswarm/rfswarm/Tests/Regression/Reporter">
<suite id="s1-s1" name="CommandLine" source="/Users/runner/work/rfswarm/rfswarm/Tests/Regression/Reporter/CommandLine.robot">
<kw name="Clean Up Old Files" type="SETUP">
<kw name="Log To Console" owner="BuiltIn">
<arg>${OUTPUT DIR}</arg>
<doc>Logs the given message to the console.</doc>
<status status="PASS" start="2024-02-14T04:29:16.725649" elapsed="0.000234"/>
</kw>
<kw name="Remove File" owner="OperatingSystem">
<msg time="2024-02-14T04:29:16.726724" level="INFO" html="true">Removed file '&lt;a href="file:///Users/runner/work/rfswarm/rfswarm/Tests/Regression/Reporter/Logs/macos-latest_3.9/stdout.txt"&gt;/Users/runner/work/rfswarm/rfswarm/Tests/Regression/Reporter/Logs/macos-latest_3.9/stdout.txt&lt;/a&gt;'.</msg>
<msg time="2024-02-14T04:29:16.726867" level="INFO" html="true">Removed file '&lt;a href="file:///Users/runner/work/rfswarm/rfswarm/Tests/Regression/Reporter/Logs/macos-latest_3.9/stderr.txt"&gt;/Users/runner/work/rfswarm/rfswarm/Tests/Regression/Reporter/Logs/macos-latest_3.9/stderr.txt&lt;/a&gt;'.</msg>
<arg>${OUTPUT DIR}${/}*.txt</arg>
<doc>Removes a file with the given path.</doc>
<status status="PASS" start="2024-02-14T04:29:16.726034" elapsed="0.000896"/>
</kw>
<kw name="Remove File" owner="OperatingSystem">
<msg time="2024-02-14T04:29:16.727695" level="INFO" html="true">Removed file '&lt;a href="file:///Users/runner/work/rfswarm/rfswarm/Tests/Regression/Reporter/Logs/macos-latest_3.9/Reporter.GUIBasic-screenshot-8.png"&gt;/Users/runner/work/rfswarm/rfswarm/Tests/Regression/Reporter/Logs/macos-latest_3.9/Reporter.GUIBasic-screenshot-8.png&lt;/a&gt;'.</msg>
<msg time="2024-02-14T04:29:16.727881" level="INFO" html="true">Removed file '&lt;a href="file:///Users/runner/work/rfswarm/rfswarm/Tests/Regression/Reporter/Logs/macos-latest_3.9/Reporter.GUIBasic-screenshot-9.png"&gt;/Users/runner/work/rfswarm/rfswarm/Tests/Regression/Reporter/Logs/macos-latest_3.9/Reporter.GUIBasic-screenshot-9.png&lt;/a&gt;'.</msg>
<msg time="2024-02-14T04:29:16.728089" level="INFO" html="true">Removed file '&lt;a href="file:///Users/runner/work/rfswarm/rfswarm/Tests/Regression/Reporter/Logs/macos-latest_3.9/Reporter.GUIBasic-screenshot-18.png"&gt;/Users/runner/work/rfswarm/rfswarm/Tests/Regression/Reporter/Logs/macos-latest_3.9/Reporter.GUIBasic-screenshot-18.png&lt;/a&gt;'.</msg>
<msg time="2024-02-14T04:29:16.728253" level="INFO" html="true">Removed file '&lt;a href="file:///Users/runner/work/rfswarm/rfswarm/Tests/Regression/Reporter/Logs/macos-latest_3.9/Reporter.GUIBasic-screenshot-19.png"&gt;/Users/runner/work/rfswarm/rfswarm/Tests/Regression/Reporter/Logs/macos-latest_3.9/Reporter.GUIBasic-screenshot-19.png&lt;/a&gt;'.</msg>
<msg time="2024-02-14T04:29:16.728412" level="INFO" html="true">Removed file '&lt;a href="file:///Users/runner/work/rfswarm/rfswarm/Tests/Regression/Reporter/Logs/macos-latest_3.9/Reporter.GUIBasic-screenshot-20.png"&gt;/Users/runner/work/rfswarm/rfswarm/Tests/Regression/Reporter/Logs/macos-latest_3.9/Reporter.GUIBasic-screenshot-20.png&lt;/a&gt;'.</msg>
<msg time="2024-02-14T04:29:16.728609" level="INFO" html="true">Removed file '&lt;a href="file:///Users/runner/work/rfswarm/rfswarm/Tests/Regression/Reporter/Logs/macos-latest_3.9/Reporter.GUIBasic-screenshot-12.png"&gt;/Users/runner/work/rfswarm/rfswarm/Tests/Regression/Reporter/Logs/macos-latest_3.9/Reporter.GUIBasic-screenshot-12.png&lt;/a&gt;'.</msg>
<msg time="2024-02-14T04:29:16.728813" level="INFO" html="true">Removed file '&lt;a href="file:///Users/runner/work/rfswarm/rfswarm/Tests/Regression/Reporter/Logs/macos-latest_3.9/Reporter.GUIBasic-screenshot-1.png"&gt;/Users/runner/work/rfswarm/rfswarm/Tests/Regression/Reporter/Logs/macos-latest_3.9/Reporter.GUIBasic-screenshot-1.png&lt;/a&gt;'.</msg>
<msg time="2024-02-14T04:29:16.728972" level="INFO" html="true">Removed file '&lt;a href="file:///Users/runner/work/rfswarm/rfswarm/Tests/Regression/Reporter/Logs/macos-latest_3.9/Reporter.GUIBasic-screenshot-13.png"&gt;/Users/runner/work/rfswarm/rfswarm/Tests/Regression/Reporter/Logs/macos-latest_3.9/Reporter.GUIBasic-screenshot-13.png&lt;/a&gt;'.</msg>
<msg time="2024-02-14T04:29:16.729139" level="INFO" html="true">Removed file '&lt;a href="file:///Users/runner/work/rfswarm/rfswarm/Tests/Regression/Reporter/Logs/macos-latest_3.9/Reporter.GUIBasic-screenshot-11.png"&gt;/Users/runner/work/rfswarm/rfswarm/Tests/Regression/Reporter/Logs/macos-latest_3.9/Reporter.GUIBasic-screenshot-11.png&lt;/a&gt;'.</msg>
<msg time="2024-02-14T04:29:16.729303" level="INFO" html="true">Removed file '&lt;a href="file:///Users/runner/work/rfswarm/rfswarm/Tests/Regression/Reporter/Logs/macos-latest_3.9/Reporter.GUIBasic-screenshot-2.png"&gt;/Users/runner/work/rfswarm/rfswarm/Tests/Regression/Reporter/Logs/macos-latest_3.9/Reporter.GUIBasic-screenshot-2.png&lt;/a&gt;'.</msg>
<msg time="2024-02-14T04:29:16.729452" level="INFO" html="true">Removed file '&lt;a href="file:///Users/runner/work/rfswarm/rfswarm/Tests/Regression/Reporter/Logs/macos-latest_3.9/Reporter.GUIBasic-screenshot-3.png"&gt;/Users/runner/work/rfswarm/rfswarm/Tests/Regression/Reporter/Logs/macos-latest_3.9/Reporter.GUIBasic-screenshot-3.png&lt;/a&gt;'.</msg>
<msg time="2024-02-14T04:29:16.729613" level="INFO" html="true">Removed file '&lt;a href="file:///Users/runner/work/rfswarm/rfswarm/Tests/Regression/Reporter/Logs/macos-latest_3.9/Reporter.GUIBasic-screenshot-10.png"&gt;/Users/runner/work/rfswarm/rfswarm/Tests/Regression/Reporter/Logs/macos-latest_3.9/Reporter.GUIBasic-screenshot-10.png&lt;/a&gt;'.</msg>
<msg time="2024-02-14T04:29:16.729820" level="INFO" html="true">Removed file '&lt;a href="file:///Users/runner/work/rfswarm/rfswarm/Tests/Regression/Reporter/Logs/macos-latest_3.9/Reporter.GUIBasic-screenshot-14.png"&gt;/Users/runner/work/rfswarm/rfswarm/Tests/Regression/Reporter/Logs/macos-latest_3.9/Reporter.GUIBasic-screenshot-14.png&lt;/a&gt;'.</msg>
<msg time="2024-02-14T04:29:16.730007" level="INFO" html="true">Removed file '&lt;a href="file:///Users/runner/work/rfswarm/rfswarm/Tests/Regression/Reporter/Logs/macos-latest_3.9/Reporter.GUIBasic-screenshot-7.png"&gt;/Users/runner/work/rfswarm/rfswarm/Tests/Regression/Reporter/Logs/macos-latest_3.9/Reporter.GUIBasic-screenshot-7.png&lt;/a&gt;'.</msg>
<msg time="2024-02-14T04:29:16.730203" level="INFO" html="true">Removed file '&lt;a href="file:///Users/runner/work/rfswarm/rfswarm/Tests/Regression/Reporter/Logs/macos-latest_3.9/Reporter.GUIBasic-screenshot-6.png"&gt;/Users/runner/work/rfswarm/rfswarm/Tests/Regression/Reporter/Logs/macos-latest_3.9/Reporter.GUIBasic-screenshot-6.png&lt;/a&gt;'.</msg>
<msg time="2024-02-14T04:29:16.730399" level="INFO" html="true">Removed file '&lt;a href="file:///Users/runner/work/rfswarm/rfswarm/Tests/Regression/Reporter/Logs/macos-latest_3.9/Reporter.GUIBasic-screenshot-15.png"&gt;/Users/runner/work/rfswarm/rfswarm/Tests/Regression/Reporter/Logs/macos-latest_3.9/Reporter.GUIBasic-screenshot-15.png&lt;/a&gt;'.</msg>
<msg time="2024-02-14T04:29:16.730570" level="INFO" html="true">Removed file '&lt;a href="file:///Users/runner/work/rfswarm/rfswarm/Tests/Regression/Reporter/Logs/macos-latest_3.9/Reporter.GUIBasic-screenshot-17.png"&gt;/Users/runner/work/rfswarm/rfswarm/Tests/Regression/Reporter/Logs/macos-latest_3.9/Reporter.GUIBasic-screenshot-17.png&lt;/a&gt;'.</msg>
<msg time="2024-02-14T04:29:16.730754" level="INFO" html="true">Removed file '&lt;a href="file:///Users/runner/work/rfswarm/rfswarm/Tests/Regression/Reporter/Logs/macos-latest_3.9/Reporter.GUIBasic-screenshot-4.png"&gt;/Users/runner/work/rfswarm/rfswarm/Tests/Regression/Reporter/Logs/macos-latest_3.9/Reporter.GUIBasic-screenshot-4.png&lt;/a&gt;'.</msg>
<msg time="2024-02-14T04:29:16.730930" level="INFO" html="true">Removed file '&lt;a href="file:///Users/runner/work/rfswarm/rfswarm/Tests/Regression/Reporter/Logs/macos-latest_3.9/Reporter.GUIBasic-screenshot-5.png"&gt;/Users/runner/work/rfswarm/rfswarm/Tests/Regression/Reporter/Logs/macos-latest_3.9/Reporter.GUIBasic-screenshot-5.png&lt;/a&gt;'.</msg>
<msg time="2024-02-14T04:29:16.731144" level="INFO" html="true">Removed file '&lt;a href="file:///Users/runner/work/rfswarm/rfswarm/Tests/Regression/Reporter/Logs/macos-latest_3.9/Reporter.GUIBasic-screenshot-16.png"&gt;/Users/runner/work/rfswarm/rfswarm/Tests/Regression/Reporter/Logs/macos-latest_3.9/Reporter.GUIBasic-screenshot-16.png&lt;/a&gt;'.</msg>
<arg>${OUTPUT DIR}${/}*.png</arg>
<doc>Removes a file with the given path.</doc>
<status status="PASS" start="2024-02-14T04:29:16.727058" elapsed="0.004165"/>
</kw>
<tag>macos-latest</tag>
<tag>ubuntu-latest</tag>
<tag>windows-latest</tag>
<status status="PASS" start="2024-02-14T04:29:16.724976" elapsed="0.006365"/>
</kw>
<test id="s1-s1-t1" name="Reporter Version" line="16">
<kw name="Run" owner="OperatingSystem">
<msg time="2024-02-14T04:29:16.734723" level="INFO">Running command 'python3 /Users/runner/work/rfswarm/rfswarm/rfswarm_reporter/rfswarm_reporter.py -v 2&gt;&amp;1'.</msg>
<msg time="2024-02-14T04:29:19.042817" level="INFO">${result} = Robot Framework Swarm: Reporter 
	Version 1.2.1 </msg>
<var>${result}</var>
<arg>python3 ${EXECDIR}${/}rfswarm_reporter${/}rfswarm_reporter.py -v</arg>
<doc>Runs the given command in the system and returns the output.</doc>
<status status="PASS" start="2024-02-14T04:29:16.731972" elapsed="2.310927"/>
</kw>
<kw name="Log To Console" owner="BuiltIn">
<arg>${\n}${result}</arg>
<doc>Logs the given message to the console.</doc>
<status status="PASS" start="2024-02-14T04:29:19.043323" elapsed="0.000418"/>
</kw>
<kw name="Should Contain" owner="BuiltIn">
<arg>${result}</arg>
<arg>Version</arg>
<doc>Fails if ``container`` does not contain ``item`` one or more times.</doc>
<status status="PASS" start="2024-02-14T04:29:19.043882" elapsed="0.000162"/>
</kw>
<kw name="Should Contain" owner="BuiltIn">
<arg>${result}</arg>
<arg>Reporter</arg>
<doc>Fails if ``container`` does not contain ``item`` one or more times.</doc>
<status status="PASS" start="2024-02-14T04:29:19.044165" elapsed="0.000147"/>
</kw>
<tag>macos-latest</tag>
<tag>ubuntu-latest</tag>
<tag>windows-latest</tag>
<status status="PASS" start="2024-02-14T04:29:16.731457" elapsed="2.313024"/>
</test>
<test id="s1-s1-t2" name="Reporter Help" line="23">
<kw name="Run" owner="OperatingSystem">
<msg time="2024-02-14T04:29:19.047503" level="INFO">Running command 'python3 /Users/runner/work/rfswarm/rfswarm/rfswarm_reporter/rfswarm_reporter.py -h 2&gt;&amp;1'.</msg>
<msg time="2024-02-14T04:29:19.951645" level="INFO">${result} = Robot Framework Swarm: Reporter 
	Version 1.2.1 
usage: rfswarm_reporter.py [-h] [-g DEBUG] [-v] [-i INI] [-n] [-d DIR]
                           [-t TEMPLATE] [--html] [--docx] [--xlsx]

optional ar...</msg>
<var>${result}</var>
<arg>python3 ${EXECDIR}${/}rfswarm_reporter${/}rfswarm_reporter.py -h</arg>
<doc>Runs the given command in the system and returns the output.</doc>
<status status="PASS" start="2024-02-14T04:29:19.045228" elapsed="0.906500"/>
</kw>
<kw name="Log To Console" owner="BuiltIn">
<arg>${\n}${result}</arg>
<doc>Logs the given message to the console.</doc>
<status status="PASS" start="2024-02-14T04:29:19.952267" elapsed="0.000455"/>
</kw>
<kw name="Should Contain" owner="BuiltIn">
<arg>${result}</arg>
<arg>Excel</arg>
<doc>Fails if ``container`` does not contain ``item`` one or more times.</doc>
<status status="PASS" start="2024-02-14T04:29:19.952886" elapsed="0.000190"/>
</kw>
<tag>macos-latest</tag>
<tag>ubuntu-latest</tag>
<tag>windows-latest</tag>
<status status="PASS" start="2024-02-14T04:29:19.044791" elapsed="0.908462"/>
</test>
<test id="s1-s1-t3" name="Command Line Generate HTML" line="29">
<kw name="Set Variable" owner="BuiltIn">
<msg time="2024-02-14T04:29:19.954234" level="INFO">${testdata} = Issue-#144</msg>
<var>${testdata}</var>
<arg>Issue-#144</arg>
<doc>Returns the given values which can then be assigned to a variables.</doc>
<status status="PASS" start="2024-02-14T04:29:19.954057" elapsed="0.000205"/>
</kw>
<kw name="Set Variable" owner="BuiltIn">
<msg time="2024-02-14T04:29:19.954531" level="INFO">${resultdata} = 20230320_185055_demo</msg>
<var>${resultdata}</var>
<arg>20230320_185055_demo</arg>
<doc>Returns the given values which can then be assigned to a variables.</doc>
<status status="PASS" start="2024-02-14T04:29:19.954388" elapsed="0.000177"/>
</kw>
<kw name="Set Variable" owner="BuiltIn">
<msg time="2024-02-14T04:29:19.954946" level="INFO">${basefolder} = /Users/runner/work/rfswarm/rfswarm/Tests/Regression/Reporter/testdata/Issue-#144</msg>
<var>${basefolder}</var>
<arg>/Users/runner/work/rfswarm/rfswarm/Tests/Regression/Reporter${/}testdata${/}${testdata}</arg>
<doc>Returns the given values which can then be assigned to a variables.</doc>
<status status="PASS" start="2024-02-14T04:29:19.954682" elapsed="0.000292"/>
</kw>
<kw name="Should Exist" owner="OperatingSystem">
<msg time="2024-02-14T04:29:19.955349" level="INFO" html="true">Path '&lt;a href="file:///Users/runner/work/rfswarm/rfswarm/Tests/Regression/Reporter/testdata/Issue-#144"&gt;/Users/runner/work/rfswarm/rfswarm/Tests/Regression/Reporter/testdata/Issue-#144&lt;/a&gt;' exists.</msg>
<arg>${basefolder}</arg>
<doc>Fails unless the given path (file or directory) exists.</doc>
<status status="PASS" start="2024-02-14T04:29:19.955091" elapsed="0.000326"/>
</kw>
<kw name="Log" owner="BuiltIn">
<msg time="2024-02-14T04:29:19.955828" level="INFO">basefolder: /Users/runner/work/rfswarm/rfswarm/Tests/Regression/Reporter/testdata/Issue-#144</msg>
<arg>basefolder: ${basefolder}</arg>
<arg>console=True</arg>
<doc>Logs the given message with the given level.</doc>
<status status="PASS" start="2024-02-14T04:29:19.955545" elapsed="0.000354"/>
</kw>
<kw name="Set Variable" owner="BuiltIn">
<msg time="2024-02-14T04:29:19.956287" level="INFO">${resultfolder} = /Users/runner/work/rfswarm/rfswarm/Tests/Regression/Reporter/testdata/Issue-#144/20230320_185055_demo</msg>
<var>${resultfolder}</var>
<arg>${basefolder}${/}${resultdata}</arg>
<doc>Returns the given values which can then be assigned to a variables.</doc>
<status status="PASS" start="2024-02-14T04:29:19.956036" elapsed="0.000280"/>
</kw>
<kw name="Should Exist" owner="OperatingSystem">
<msg time="2024-02-14T04:29:19.956624" level="INFO" html="true">Path '&lt;a href="file:///Users/runner/work/rfswarm/rfswarm/Tests/Regression/Reporter/testdata/Issue-#144/20230320_185055_demo"&gt;/Users/runner/work/rfswarm/rfswarm/Tests/Regression/Reporter/testdata/Issue-#144/20230320_185055_demo&lt;/a&gt;' exists.</msg>
<arg>${resultfolder}</arg>
<doc>Fails unless the given path (file or directory) exists.</doc>
<status status="PASS" start="2024-02-14T04:29:19.956432" elapsed="0.000249"/>
</kw>
<kw name="Log" owner="BuiltIn">
<msg time="2024-02-14T04:29:19.956988" level="INFO">resultfolder: /Users/runner/work/rfswarm/rfswarm/Tests/Regression/Reporter/testdata/Issue-#144/20230320_185055_demo</msg>
<arg>resultfolder: ${resultfolder}</arg>
<arg>console=True</arg>
<doc>Logs the given message with the given level.</doc>
<status status="PASS" start="2024-02-14T04:29:19.956802" elapsed="0.000251"/>
</kw>
<kw name="Set Variable" owner="BuiltIn">
<msg time="2024-02-14T04:29:19.957387" level="INFO">${template} = /Users/runner/work/rfswarm/rfswarm/Tests/Regression/Reporter/testdata/Issue-#144/90%ileTemplate.template</msg>
<var>${template}</var>
<arg>${basefolder}${/}90%ileTemplate.template</arg>
<doc>Returns the given values which can then be assigned to a variables.</doc>
<status status="PASS" start="2024-02-14T04:29:19.957176" elapsed="0.000238"/>
</kw>
<kw name="Should Exist" owner="OperatingSystem">
<msg time="2024-02-14T04:29:19.957702" level="INFO" html="true">Path '&lt;a href="file:///Users/runner/work/rfswarm/rfswarm/Tests/Regression/Reporter/testdata/Issue-#144/90%ileTemplate.template"&gt;/Users/runner/work/rfswarm/rfswarm/Tests/Regression/Reporter/testdata/Issue-#144/90%ileTemplate.template&lt;/a&gt;' exists.</msg>
<arg>${template}</arg>
<doc>Fails unless the given path (file or directory) exists.</doc>
<status status="PASS" start="2024-02-14T04:29:19.957527" elapsed="0.000306"/>
</kw>
<kw name="Log" owner="BuiltIn">
<msg time="2024-02-14T04:29:19.958132" level="INFO">template: /Users/runner/work/rfswarm/rfswarm/Tests/Regression/Reporter/testdata/Issue-#144/90%ileTemplate.template</msg>
<arg>template: ${template}</arg>
<arg>console=True</arg>
<doc>Logs the given message with the given level.</doc>
<status status="PASS" start="2024-02-14T04:29:19.957956" elapsed="0.000238"/>
</kw>
<kw name="Run" owner="OperatingSystem">
<msg time="2024-02-14T04:29:19.962936" level="INFO">Running command 'python3 /Users/runner/work/rfswarm/rfswarm/rfswarm_reporter/rfswarm_reporter.py -n -g 1 -d /Users/runner/work/rfswarm/rfswarm/Tests/Regression/Reporter/testdata/Issue-#144/20230320_185055_demo -t /Users/runner/work/rfswarm/rfswarm/Tests/Regression/Reporter/testdata/Issue-#144/90%ileTemplate.template --html 2&gt;&amp;1'.</msg>
<msg time="2024-02-14T04:29:24.215869" level="INFO">${result} = </msg>
<var>${result}</var>
<arg>python3 ${pyfile} -n -g 1 -d ${resultfolder} -t ${template} --html</arg>
<doc>Runs the given command in the system and returns the output.</doc>
<status status="PASS" start="2024-02-14T04:29:19.958316" elapsed="4.257647"/>
</kw>
<kw name="Log" owner="BuiltIn">
<msg time="2024-02-14T04:29:24.216905" level="INFO">result: 
</msg>
<arg>result: ${\n}${result}</arg>
<arg>console=True</arg>
<doc>Logs the given message with the given level.</doc>
<status status="PASS" start="2024-02-14T04:29:24.216475" elapsed="0.000532"/>
</kw>
<kw name="Should Not Contain" owner="BuiltIn">
<arg>${result}</arg>
<arg>Traceback</arg>
<doc>Fails if ``container`` contains ``item`` one or more times.</doc>
<status status="PASS" start="2024-02-14T04:29:24.217181" elapsed="0.000177"/>
</kw>
<kw name="Should Exist" owner="OperatingSystem">
<msg time="2024-02-14T04:29:24.217837" level="INFO" html="true">Path '&lt;a href="file:///Users/runner/work/rfswarm/rfswarm/Tests/Regression/Reporter/testdata/Issue-#144/20230320_185055_demo/20230320_185055_demo.html"&gt;/Users/runner/work/rfswarm/rfswarm/Tests/Regression/Reporter/testdata/Issue-#144/20230320_185055_demo/20230320_185055_demo.html&lt;/a&gt;' exists.</msg>
<arg>${resultfolder}${/}${resultdata}.html</arg>
<doc>Fails unless the given path (file or directory) exists.</doc>
<status status="PASS" start="2024-02-14T04:29:24.217481" elapsed="0.000423"/>
</kw>
<tag>HTML</tag>
<tag>Issue #144</tag>
<tag>macos-latest</tag>
<tag>ubuntu-latest</tag>
<tag>windows-latest</tag>
<status status="PASS" start="2024-02-14T04:29:19.953545" elapsed="4.264522"/>
</test>
<test id="s1-s1-t4" name="Command Line Generate Docx" line="47">
<kw name="Set Variable" owner="BuiltIn">
<msg time="2024-02-14T04:29:24.218984" level="INFO">${testdata} = Issue-#144</msg>
<var>${testdata}</var>
<arg>Issue-#144</arg>
<doc>Returns the given values which can then be assigned to a variables.</doc>
<status status="PASS" start="2024-02-14T04:29:24.218833" elapsed="0.000178"/>
</kw>
<kw name="Set Variable" owner="BuiltIn">
<msg time="2024-02-14T04:29:24.219269" level="INFO">${resultdata} = 20230320_185055_demo</msg>
<var>${resultdata}</var>
<arg>20230320_185055_demo</arg>
<doc>Returns the given values which can then be assigned to a variables.</doc>
<status status="PASS" start="2024-02-14T04:29:24.219125" elapsed="0.000170"/>
</kw>
<kw name="Set Variable" owner="BuiltIn">
<msg time="2024-02-14T04:29:24.219641" level="INFO">${basefolder} = /Users/runner/work/rfswarm/rfswarm/Tests/Regression/Reporter/testdata/Issue-#144</msg>
<var>${basefolder}</var>
<arg>/Users/runner/work/rfswarm/rfswarm/Tests/Regression/Reporter${/}testdata${/}${testdata}</arg>
<doc>Returns the given values which can then be assigned to a variables.</doc>
<status status="PASS" start="2024-02-14T04:29:24.219412" elapsed="0.000255"/>
</kw>
<kw name="Should Exist" owner="OperatingSystem">
<msg time="2024-02-14T04:29:24.220995" level="INFO" html="true">Path '&lt;a href="file:///Users/runner/work/rfswarm/rfswarm/Tests/Regression/Reporter/testdata/Issue-#144"&gt;/Users/runner/work/rfswarm/rfswarm/Tests/Regression/Reporter/testdata/Issue-#144&lt;/a&gt;' exists.</msg>
<arg>${basefolder}</arg>
<doc>Fails unless the given path (file or directory) exists.</doc>
<status status="PASS" start="2024-02-14T04:29:24.219778" elapsed="0.001277"/>
</kw>
<kw name="Log To Console" owner="BuiltIn">
<arg>basefolder: ${basefolder}</arg>
<arg>console=True</arg>
<doc>Logs the given message to the console.</doc>
<status status="PASS" start="2024-02-14T04:29:24.221179" elapsed="0.000226"/>
</kw>
<kw name="Set Variable" owner="BuiltIn">
<msg time="2024-02-14T04:29:24.221764" level="INFO">${resultfolder} = /Users/runner/work/rfswarm/rfswarm/Tests/Regression/Reporter/testdata/Issue-#144/20230320_185055_demo</msg>
<var>${resultfolder}</var>
<arg>${basefolder}${/}${resultdata}</arg>
<doc>Returns the given values which can then be assigned to a variables.</doc>
<status status="PASS" start="2024-02-14T04:29:24.221529" elapsed="0.000262"/>
</kw>
<kw name="Should Exist" owner="OperatingSystem">
<msg time="2024-02-14T04:29:24.222079" level="INFO" html="true">Path '&lt;a href="file:///Users/runner/work/rfswarm/rfswarm/Tests/Regression/Reporter/testdata/Issue-#144/20230320_185055_demo"&gt;/Users/runner/work/rfswarm/rfswarm/Tests/Regression/Reporter/testdata/Issue-#144/20230320_185055_demo&lt;/a&gt;' exists.</msg>
<arg>${resultfolder}</arg>
<doc>Fails unless the given path (file or directory) exists.</doc>
<status status="PASS" start="2024-02-14T04:29:24.221900" elapsed="0.000234"/>
</kw>
<kw name="Log" owner="BuiltIn">
<msg time="2024-02-14T04:29:24.222422" level="INFO">resultfolder: /Users/runner/work/rfswarm/rfswarm/Tests/Regression/Reporter/testdata/Issue-#144/20230320_185055_demo</msg>
<arg>resultfolder: ${resultfolder}</arg>
<arg>console=True</arg>
<doc>Logs the given message with the given level.</doc>
<status status="PASS" start="2024-02-14T04:29:24.222246" elapsed="0.000255"/>
</kw>
<kw name="Set Variable" owner="BuiltIn">
<msg time="2024-02-14T04:29:24.222853" level="INFO">${template} = /Users/runner/work/rfswarm/rfswarm/Tests/Regression/Reporter/testdata/Issue-#144/90%ileTemplate.template</msg>
<var>${template}</var>
<arg>${basefolder}${/}90%ileTemplate.template</arg>
<doc>Returns the given values which can then be assigned to a variables.</doc>
<status status="PASS" start="2024-02-14T04:29:24.222641" elapsed="0.000240"/>
</kw>
<kw name="Should Exist" owner="OperatingSystem">
<msg time="2024-02-14T04:29:24.223158" level="INFO" html="true">Path '&lt;a href="file:///Users/runner/work/rfswarm/rfswarm/Tests/Regression/Reporter/testdata/Issue-#144/90%ileTemplate.template"&gt;/Users/runner/work/rfswarm/rfswarm/Tests/Regression/Reporter/testdata/Issue-#144/90%ileTemplate.template&lt;/a&gt;' exists.</msg>
<arg>${template}</arg>
<doc>Fails unless the given path (file or directory) exists.</doc>
<status status="PASS" start="2024-02-14T04:29:24.222990" elapsed="0.000223"/>
</kw>
<kw name="Log" owner="BuiltIn">
<msg time="2024-02-14T04:29:24.223493" level="INFO">template: /Users/runner/work/rfswarm/rfswarm/Tests/Regression/Reporter/testdata/Issue-#144/90%ileTemplate.template</msg>
<arg>template: ${template}</arg>
<arg>console=True</arg>
<doc>Logs the given message with the given level.</doc>
<status status="PASS" start="2024-02-14T04:29:24.223324" elapsed="0.000248"/>
</kw>
<kw name="Run" owner="OperatingSystem">
<msg time="2024-02-14T04:29:24.226039" level="INFO">Running command 'python3 /Users/runner/work/rfswarm/rfswarm/rfswarm_reporter/rfswarm_reporter.py -n -g 1 -d /Users/runner/work/rfswarm/rfswarm/Tests/Regression/Reporter/testdata/Issue-#144/20230320_185055_demo -t /Users/runner/work/rfswarm/rfswarm/Tests/Regression/Reporter/testdata/Issue-#144/90%ileTemplate.template --docx 2&gt;&amp;1'.</msg>
<msg time="2024-02-14T04:29:29.386586" level="INFO">${result} = </msg>
<var>${result}</var>
<arg>python3 ${pyfile} -n -g 1 -d ${resultfolder} -t ${template} --docx</arg>
<doc>Runs the given command in the system and returns the output.</doc>
<status status="PASS" start="2024-02-14T04:29:24.223696" elapsed="5.162966"/>
</kw>
<kw name="Log" owner="BuiltIn">
<msg time="2024-02-14T04:29:29.387528" level="INFO">
</msg>
<arg>${\n}${result}</arg>
<arg>console=True</arg>
<doc>Logs the given message with the given level.</doc>
<status status="PASS" start="2024-02-14T04:29:29.387118" elapsed="0.000511"/>
</kw>
<kw name="Should Not Contain" owner="BuiltIn">
<arg>${result}</arg>
<arg>Traceback</arg>
<doc>Fails if ``container`` contains ``item`` one or more times.</doc>
<status status="PASS" start="2024-02-14T04:29:29.387769" elapsed="0.000183"/>
</kw>
<kw name="Should Exist" owner="OperatingSystem">
<msg time="2024-02-14T04:29:29.388381" level="INFO" html="true">Path '&lt;a href="file:///Users/runner/work/rfswarm/rfswarm/Tests/Regression/Reporter/testdata/Issue-#144/20230320_185055_demo/20230320_185055_demo.docx"&gt;/Users/runner/work/rfswarm/rfswarm/Tests/Regression/Reporter/testdata/Issue-#144/20230320_185055_demo/20230320_185055_demo.docx&lt;/a&gt;' exists.</msg>
<arg>${resultfolder}${/}${resultdata}.docx</arg>
<doc>Fails unless the given path (file or directory) exists.</doc>
<status status="PASS" start="2024-02-14T04:29:29.388072" elapsed="0.000372"/>
</kw>
<tag>DOCX</tag>
<tag>Issue #144</tag>
<tag>macos-latest</tag>
<tag>ubuntu-latest</tag>
<tag>windows-latest</tag>
<status status="PASS" start="2024-02-14T04:29:24.218369" elapsed="5.170239"/>
</test>
<test id="s1-s1-t5" name="Command Line Generate Xlsx" line="65">
<kw name="Set Variable" owner="BuiltIn">
<msg time="2024-02-14T04:29:29.389537" level="INFO">${testdata} = Issue-#144</msg>
<var>${testdata}</var>
<arg>Issue-#144</arg>
<doc>Returns the given values which can then be assigned to a variables.</doc>
<status status="PASS" start="2024-02-14T04:29:29.389384" elapsed="0.000180"/>
</kw>
<kw name="Set Variable" owner="BuiltIn">
<msg time="2024-02-14T04:29:29.389819" level="INFO">${resultdata} = 20230320_185055_demo</msg>
<var>${resultdata}</var>
<arg>20230320_185055_demo</arg>
<doc>Returns the given values which can then be assigned to a variables.</doc>
<status status="PASS" start="2024-02-14T04:29:29.389679" elapsed="0.000172"/>
</kw>
<kw name="Set Variable" owner="BuiltIn">
<msg time="2024-02-14T04:29:29.390193" level="INFO">${basefolder} = /Users/runner/work/rfswarm/rfswarm/Tests/Regression/Reporter/testdata/Issue-#144</msg>
<var>${basefolder}</var>
<arg>/Users/runner/work/rfswarm/rfswarm/Tests/Regression/Reporter${/}testdata${/}${testdata}</arg>
<doc>Returns the given values which can then be assigned to a variables.</doc>
<status status="PASS" start="2024-02-14T04:29:29.389970" elapsed="0.000248"/>
</kw>
<kw name="Should Exist" owner="OperatingSystem">
<msg time="2024-02-14T04:29:29.390501" level="INFO" html="true">Path '&lt;a href="file:///Users/runner/work/rfswarm/rfswarm/Tests/Regression/Reporter/testdata/Issue-#144"&gt;/Users/runner/work/rfswarm/rfswarm/Tests/Regression/Reporter/testdata/Issue-#144&lt;/a&gt;' exists.</msg>
<arg>${basefolder}</arg>
<doc>Fails unless the given path (file or directory) exists.</doc>
<status status="PASS" start="2024-02-14T04:29:29.390328" elapsed="0.000227"/>
</kw>
<kw name="Log" owner="BuiltIn">
<msg time="2024-02-14T04:29:29.390844" level="INFO">basefolder: /Users/runner/work/rfswarm/rfswarm/Tests/Regression/Reporter/testdata/Issue-#144</msg>
<arg>basefolder: ${basefolder}</arg>
<arg>console=True</arg>
<doc>Logs the given message with the given level.</doc>
<status status="PASS" start="2024-02-14T04:29:29.390673" elapsed="0.000252"/>
</kw>
<kw name="Set Variable" owner="BuiltIn">
<msg time="2024-02-14T04:29:29.391284" level="INFO">${resultfolder} = /Users/runner/work/rfswarm/rfswarm/Tests/Regression/Reporter/testdata/Issue-#144/20230320_185055_demo</msg>
<var>${resultfolder}</var>
<arg>${basefolder}${/}${resultdata}</arg>
<doc>Returns the given values which can then be assigned to a variables.</doc>
<status status="PASS" start="2024-02-14T04:29:29.391046" elapsed="0.000265"/>
</kw>
<kw name="Should Exist" owner="OperatingSystem">
<msg time="2024-02-14T04:29:29.391595" level="INFO" html="true">Path '&lt;a href="file:///Users/runner/work/rfswarm/rfswarm/Tests/Regression/Reporter/testdata/Issue-#144/20230320_185055_demo"&gt;/Users/runner/work/rfswarm/rfswarm/Tests/Regression/Reporter/testdata/Issue-#144/20230320_185055_demo&lt;/a&gt;' exists.</msg>
<arg>${resultfolder}</arg>
<doc>Fails unless the given path (file or directory) exists.</doc>
<status status="PASS" start="2024-02-14T04:29:29.391421" elapsed="0.000229"/>
</kw>
<kw name="Log" owner="BuiltIn">
<msg time="2024-02-14T04:29:29.391937" level="INFO">resultfolder: /Users/runner/work/rfswarm/rfswarm/Tests/Regression/Reporter/testdata/Issue-#144/20230320_185055_demo</msg>
<arg>resultfolder: ${resultfolder}</arg>
<arg>console=True</arg>
<doc>Logs the given message with the given level.</doc>
<status status="PASS" start="2024-02-14T04:29:29.391764" elapsed="0.000250"/>
</kw>
<kw name="Set Variable" owner="BuiltIn">
<msg time="2024-02-14T04:29:29.392343" level="INFO">${template} = /Users/runner/work/rfswarm/rfswarm/Tests/Regression/Reporter/testdata/Issue-#144/90%ileTemplate.template</msg>
<var>${template}</var>
<arg>${basefolder}${/}90%ileTemplate.template</arg>
<doc>Returns the given values which can then be assigned to a variables.</doc>
<status status="PASS" start="2024-02-14T04:29:29.392140" elapsed="0.000229"/>
</kw>
<kw name="Should Exist" owner="OperatingSystem">
<msg time="2024-02-14T04:29:29.392643" level="INFO" html="true">Path '&lt;a href="file:///Users/runner/work/rfswarm/rfswarm/Tests/Regression/Reporter/testdata/Issue-#144/90%ileTemplate.template"&gt;/Users/runner/work/rfswarm/rfswarm/Tests/Regression/Reporter/testdata/Issue-#144/90%ileTemplate.template&lt;/a&gt;' exists.</msg>
<arg>${template}</arg>
<doc>Fails unless the given path (file or directory) exists.</doc>
<status status="PASS" start="2024-02-14T04:29:29.392477" elapsed="0.000220"/>
</kw>
<kw name="Log" owner="BuiltIn">
<msg time="2024-02-14T04:29:29.392974" level="INFO">template: /Users/runner/work/rfswarm/rfswarm/Tests/Regression/Reporter/testdata/Issue-#144/90%ileTemplate.template</msg>
<arg>template: ${template}</arg>
<arg>console=True</arg>
<doc>Logs the given message with the given level.</doc>
<status status="PASS" start="2024-02-14T04:29:29.392808" elapsed="0.000242"/>
</kw>
<kw name="Run" owner="OperatingSystem">
<msg time="2024-02-14T04:29:29.395451" level="INFO">Running command 'python3 /Users/runner/work/rfswarm/rfswarm/rfswarm_reporter/rfswarm_reporter.py -n -g 1 -d /Users/runner/work/rfswarm/rfswarm/Tests/Regression/Reporter/testdata/Issue-#144/20230320_185055_demo -t /Users/runner/work/rfswarm/rfswarm/Tests/Regression/Reporter/testdata/Issue-#144/90%ileTemplate.template --xlsx 2&gt;&amp;1'.</msg>
<msg time="2024-02-14T04:29:33.259713" level="INFO">${result} = </msg>
<var>${result}</var>
<arg>python3 ${pyfile} -n -g 1 -d ${resultfolder} -t ${template} --xlsx</arg>
<doc>Runs the given command in the system and returns the output.</doc>
<status status="PASS" start="2024-02-14T04:29:29.393179" elapsed="3.866615"/>
</kw>
<kw name="Log" owner="BuiltIn">
<msg time="2024-02-14T04:29:33.260772" level="INFO">
</msg>
<arg>${\n}${result}</arg>
<arg>console=True</arg>
<doc>Logs the given message with the given level.</doc>
<status status="PASS" start="2024-02-14T04:29:33.260322" elapsed="0.000568"/>
</kw>
<kw name="Should Not Contain" owner="BuiltIn">
<arg>${result}</arg>
<arg>Traceback</arg>
<doc>Fails if ``container`` contains ``item`` one or more times.</doc>
<status status="PASS" start="2024-02-14T04:29:33.261055" elapsed="0.000208"/>
</kw>
<kw name="Should Exist" owner="OperatingSystem">
<msg time="2024-02-14T04:29:33.261811" level="INFO" html="true">Path '&lt;a href="file:///Users/runner/work/rfswarm/rfswarm/Tests/Regression/Reporter/testdata/Issue-#144/20230320_185055_demo/20230320_185055_demo.xlsx"&gt;/Users/runner/work/rfswarm/rfswarm/Tests/Regression/Reporter/testdata/Issue-#144/20230320_185055_demo/20230320_185055_demo.xlsx&lt;/a&gt;' exists.</msg>
<arg>${resultfolder}${/}${resultdata}.xlsx</arg>
<doc>Fails unless the given path (file or directory) exists.</doc>
<status status="PASS" start="2024-02-14T04:29:33.261481" elapsed="0.000396"/>
</kw>
<tag>Issue #144</tag>
<tag>macos-latest</tag>
<tag>ubuntu-latest</tag>
<tag>windows-latest</tag>
<tag>XLSX</tag>
<status status="PASS" start="2024-02-14T04:29:29.388921" elapsed="3.873133"/>
</test>
<status status="PASS" start="2024-02-14T04:29:16.713334" elapsed="16.549357"/>
</suite>
<suite id="s1-s2" name="GUI Basic" source="/Users/runner/work/rfswarm/rfswarm/Tests/Regression/Reporter/GUI_Basic.robot">
<test id="s1-s2-t1" name="GUI Runs and Closes" line="19">
<kw name="Open GUI">
<kw name="Get Variables" owner="BuiltIn">
<msg time="2024-02-14T04:29:33.805637" level="INFO">${var} = {'${/}': '/', '${:}': ':', '${\\n}': '\n', '${DEBUG_FILE}': 'NONE', '${EXECDIR}': '/Users/runner/work/rfswarm/rfswarm', '${False}': False, '${IMAGE_DIR}': '/Users/runner/work/rfswarm/rfswarm/Tests/Reg...</msg>
<var>${var}</var>
<doc>Returns a dictionary containing all variables in the current scope.</doc>
<status status="PASS" start="2024-02-14T04:29:33.804724" elapsed="0.000963"/>
</kw>
<kw name="Log" owner="BuiltIn">
<msg time="2024-02-14T04:29:33.806115" level="INFO">{'${/}': '/', '${:}': ':', '${\\n}': '\n', '${DEBUG_FILE}': 'NONE', '${EXECDIR}': '/Users/runner/work/rfswarm/rfswarm', '${False}': False, '${IMAGE_DIR}': '/Users/runner/work/rfswarm/rfswarm/Tests/Regression/Reporter/Images/file_method', '${LOG_FILE}': '/Users/runner/work/rfswarm/rfswarm/Tests/Regression/Reporter/Logs/macos-latest_3.9/log.html', '${LOG_LEVEL}': 'INFO', '${None}': None, '${null}': None, '${OUTPUT_DIR}': '/Users/runner/work/rfswarm/rfswarm/Tests/Regression/Reporter/Logs/macos-latest_3.9', '${OUTPUT_FILE}': '/Users/runner/work/rfswarm/rfswarm/Tests/Regression/Reporter/Logs/macos-latest_3.9/output.xml', '${PREV_TEST_MESSAGE}': '', '${PREV_TEST_NAME}': 'Command Line Generate Xlsx', '${PREV_TEST_STATUS}': 'PASS', '${process}': 'None', '${pyfile}': '/Users/runner/work/rfswarm/rfswarm/rfswarm_reporter/rfswarm_reporter.py', '${REPORT_FILE}': '/Users/runner/work/rfswarm/rfswarm/Tests/Regression/Reporter/Logs/macos-latest_3.9/report.html', '${SPACE}': ' ', '${sssleep}': '0.5', '${SUITE_DOCUMENTATION}': '', '${SUITE_NAME}': 'Reporter.GUI Basic', '${SUITE_SOURCE}': '/Users/runner/work/rfswarm/rfswarm/Tests/Regression/Reporter/GUI_Basic.robot', '${TEMPDIR}': '/var/folders/qv/pdh5wsgn0lq3dp77zj602b5c0000gn/T', '${TEST_DOCUMENTATION}': '', '${TEST_NAME}': 'GUI Runs and Closes', '${True}': True, '&amp;{OPTIONS}': {'include': ['macos-latest'], 'exclude': [], 'skip': [], 'skip_on_failure': []}, '&amp;{SUITE_METADATA}': Metadata(), '@{appargs}': [], '@{TEST_TAGS}': ['macos-latest', 'ubuntu-latest', 'windows-latest']}</msg>
<arg>${var}</arg>
<doc>Logs the given message with the given level.</doc>
<status status="PASS" start="2024-02-14T04:29:33.805852" elapsed="0.000340"/>
</kw>
<kw name="Get Platform">
<kw name="Create Dictionary" owner="BuiltIn">
<msg time="2024-02-14T04:29:33.806923" level="INFO">&amp;{platforms} = { Linux=ubuntu | Darwin=macos | Java=notsupported | Windows=windows }</msg>
<var>&amp;{platforms}</var>
<arg>Linux=ubuntu</arg>
<arg>Darwin=macos</arg>
<arg>Java=notsupported</arg>
<arg>Windows=windows</arg>
<doc>Creates and returns a dictionary based on the given ``items``.</doc>
<status status="PASS" start="2024-02-14T04:29:33.806641" elapsed="0.000315"/>
</kw>
<kw name="Evaluate" owner="BuiltIn">
<msg time="2024-02-14T04:29:33.807349" level="INFO">${os} = Darwin</msg>
<var>${os}</var>
<arg>platform.system()</arg>
<arg>platform</arg>
<doc>Evaluates the given expression in Python and returns the result.</doc>
<status status="PASS" start="2024-02-14T04:29:33.807104" elapsed="0.000272"/>
</kw>
<kw name="Set Suite Variable" owner="BuiltIn">
<msg time="2024-02-14T04:29:33.808601" level="INFO">${platform} = macos</msg>
<arg>${platform}</arg>
<arg>${platforms}[${os}]</arg>
<doc>Makes a variable available everywhere within the scope of the current suite.</doc>
<status status="PASS" start="2024-02-14T04:29:33.807530" elapsed="0.001126"/>
</kw>
<status status="PASS" start="2024-02-14T04:29:33.806354" elapsed="0.002378"/>
</kw>
<kw name="Set Variable" owner="BuiltIn">
<msg time="2024-02-14T04:29:33.809053" level="INFO">${keyword} = Open GUI macos</msg>
<var>${keyword}</var>
<arg>Open GUI ${platform}</arg>
<doc>Returns the given values which can then be assigned to a variables.</doc>
<status status="PASS" start="2024-02-14T04:29:33.808865" elapsed="0.000214"/>
</kw>
<kw name="Run Keyword" owner="BuiltIn">
<kw name="Open GUI macos">
<kw name="Set Suite Variable" owner="BuiltIn">
<msg time="2024-02-14T04:29:33.810284" level="INFO">${platform} = macos</msg>
<arg>${platform}</arg>
<arg>macos</arg>
<doc>Makes a variable available everywhere within the scope of the current suite.</doc>
<status status="PASS" start="2024-02-14T04:29:33.810064" elapsed="0.000265"/>
</kw>
<kw name="Set Confidence" owner="ImageHorizonLibrary">
<arg>0.9</arg>
<doc>Sets the accuracy when finding images.</doc>
<status status="PASS" start="2024-02-14T04:29:33.810451" elapsed="0.000137"/>
</kw>
<kw name="Start Process" owner="Process">
<msg time="2024-02-14T04:29:33.811541" level="INFO">Starting process:
python3 /Users/runner/work/rfswarm/rfswarm/rfswarm_reporter/rfswarm_reporter.py -g 5</msg>
<msg time="2024-02-14T04:29:33.816933" level="INFO">${process} = &lt;Popen: returncode: None args: ['python3', '/Users/runner/work/rfswarm/rfswa...&gt;</msg>
<var>${process}</var>
<arg>python3</arg>
<arg>${pyfile}</arg>
<arg>-g</arg>
<arg>5</arg>
<arg>@{appargs}</arg>
<arg>alias=Reporter</arg>
<arg>stdout=${OUTPUT DIR}${/}stdout.txt</arg>
<arg>stderr=${OUTPUT DIR}${/}stderr.txt</arg>
<doc>Starts a new process on background.</doc>
<status status="PASS" start="2024-02-14T04:29:33.810719" elapsed="0.006351"/>
</kw>
<kw name="Set Suite Variable" owner="BuiltIn">
<msg time="2024-02-14T04:29:33.818282" level="INFO">${process} = &lt;Popen: returncode: None args: ['python3', '/Users/runner/work/rfswarm/rfswa...&gt;</msg>
<arg>$process</arg>
<arg>${process}</arg>
<doc>Makes a variable available everywhere within the scope of the current suite.</doc>
<status status="PASS" start="2024-02-14T04:29:33.817778" elapsed="0.000561"/>
</kw>
<kw name="Set Screenshot Folder" owner="ImageHorizonLibrary">
<arg>${OUTPUT DIR}</arg>
<doc>Sets the folder where screenshots are saved to.</doc>
<status status="PASS" start="2024-02-14T04:29:33.818508" elapsed="0.000195"/>
</kw>
<kw name="Take A Screenshot" owner="ImageHorizonLibrary">
<msg time="2024-02-14T04:29:33.819087" level="INFO" html="true">Screenshot taken: /Users/runner/work/rfswarm/rfswarm/Tests/Regression/Reporter/Logs/macos-latest_3.9/Reporter.GUIBasic-screenshot-1.png&lt;br/&gt;&lt;img src="/Users/runner/work/rfswarm/rfswarm/Tests/Regression/Reporter/Logs/macos-latest_3.9/Reporter.GUIBasic-screenshot-1.png" width="100%" /&gt;</msg>
<doc>Takes a screenshot of the screen.</doc>
<status status="PASS" start="2024-02-14T04:29:33.818834" elapsed="0.347360"/>
</kw>
<arg>@{appargs}</arg>
<status status="PASS" start="2024-02-14T04:29:33.809725" elapsed="0.356792"/>
</kw>
<arg>${keyword}</arg>
<arg>@{appargs}</arg>
<doc>Executes the given keyword with the given arguments.</doc>
<status status="PASS" start="2024-02-14T04:29:33.809219" elapsed="0.357391"/>
</kw>
<status status="PASS" start="2024-02-14T04:29:33.803820" elapsed="0.362890"/>
</kw>
<kw name="Wait For Status">
<kw name="Convert To Lower Case" owner="String">
<msg time="2024-02-14T04:29:34.168098" level="INFO">${statusl} = previewloaded</msg>
<var>${statusl}</var>
<arg>${status}</arg>
<doc>Converts string to lower case.</doc>
<status status="PASS" start="2024-02-14T04:29:34.167819" elapsed="0.000315"/>
</kw>
<kw name="Set Variable" owner="BuiltIn">
<msg time="2024-02-14T04:29:34.168826" level="INFO">${img} = reporter_macos_status_previewloaded.png</msg>
<var>${img}</var>
<arg>reporter_${platform}_status_${statusl}.png</arg>
<doc>Returns the given values which can then be assigned to a variables.</doc>
<status status="PASS" start="2024-02-14T04:29:34.168485" elapsed="0.000378"/>
</kw>
<kw name="Log" owner="BuiltIn">
<msg time="2024-02-14T04:29:34.169680" level="INFO">/Users/runner/work/rfswarm/rfswarm/Tests/Regression/Reporter</msg>
<arg>/Users/runner/work/rfswarm/rfswarm/Tests/Regression/Reporter</arg>
<doc>Logs the given message with the given level.</doc>
<status status="PASS" start="2024-02-14T04:29:34.169442" elapsed="0.000301"/>
</kw>
<kw name="Log" owner="BuiltIn">
<msg time="2024-02-14T04:29:34.170075" level="INFO">/Users/runner/work/rfswarm/rfswarm/Tests/Regression/Reporter/Images/file_method</msg>
<arg>${IMAGE_DIR}</arg>
<doc>Logs the given message with the given level.</doc>
<status status="PASS" start="2024-02-14T04:29:34.169907" elapsed="0.000218"/>
</kw>
<kw name="Wait For" owner="ImageHorizonLibrary">
<kw name="Take A Screenshot" owner="ImageHorizonLibrary">
<msg time="2024-02-14T04:34:34.248911" level="INFO" html="true">Screenshot taken: /Users/runner/work/rfswarm/rfswarm/Tests/Regression/Reporter/Logs/macos-latest_3.9/Reporter.GUIBasic-screenshot-2.png&lt;br/&gt;&lt;img src="/Users/runner/work/rfswarm/rfswarm/Tests/Regression/Reporter/Logs/macos-latest_3.9/Reporter.GUIBasic-screenshot-2.png" width="100%" /&gt;</msg>
<doc>Takes a screenshot of the screen.</doc>
<status status="PASS" start="2024-02-14T04:34:34.247640" elapsed="0.327745"/>
</kw>
<msg time="2024-02-14T04:34:34.576258" level="FAIL">ImageNotFoundException: Reference image "/Users/runner/work/rfswarm/rfswarm/Tests/Regression/Reporter/Images/file_method/reporter_macos_status_previewloaded.png" was not found on screen</msg>
<arg>${img}</arg>
<arg>timeout=${timeout}</arg>
<doc>Tries to locate given image from the screen for given time.</doc>
<status status="FAIL" start="2024-02-14T04:29:34.170275" elapsed="300.406631">ImageNotFoundException: Reference image "/Users/runner/work/rfswarm/rfswarm/Tests/Regression/Reporter/Images/file_method/reporter_macos_status_previewloaded.png" was not found on screen</status>
</kw>
<kw name="Sleep" owner="BuiltIn">
<arg>${sssleep}</arg>
<doc>Pauses the test executed for the given time.</doc>
<status status="NOT RUN" start="2024-02-14T04:34:34.577412" elapsed="0.000042"/>
</kw>
<kw name="Take A Screenshot" owner="ImageHorizonLibrary">
<doc>Takes a screenshot of the screen.</doc>
<status status="NOT RUN" start="2024-02-14T04:34:34.577586" elapsed="0.000022"/>
</kw>
<arg>PreviewLoaded</arg>
<status status="FAIL" start="2024-02-14T04:29:34.167209" elapsed="300.410632">ImageNotFoundException: Reference image "/Users/runner/work/rfswarm/rfswarm/Tests/Regression/Reporter/Images/file_method/reporter_macos_status_previewloaded.png" was not found on screen</status>
</kw>
<kw name="Close GUI" type="TEARDOWN">
<kw name="Set Variable" owner="BuiltIn">
<msg time="2024-02-14T04:34:34.579500" level="INFO">${keyword} = Close GUI macos</msg>
<var>${keyword}</var>
<arg>Close GUI ${platform}</arg>
<doc>Returns the given values which can then be assigned to a variables.</doc>
<status status="PASS" start="2024-02-14T04:34:34.579200" elapsed="0.000331"/>
</kw>
<if>
<branch type="IF" condition="${process}">
<kw name="Is Process Running" owner="Process">
<msg time="2024-02-14T04:34:34.580675" level="INFO">${running} = True</msg>
<var>${running}</var>
<arg>${process}</arg>
<doc>Checks is the process running or not.</doc>
<status status="PASS" start="2024-02-14T04:34:34.580028" elapsed="0.000681"/>
</kw>
<if>
<branch type="IF" condition="${running}">
<kw name="Run Keyword" owner="BuiltIn">
<kw name="Close GUI macos">
<kw name="Click Image" owner="ImageHorizonLibrary">
<msg time="2024-02-14T04:34:35.079185" level="INFO">Image "/Users/runner/work/rfswarm/rfswarm/Tests/Regression/Reporter/Images/file_method/reporter_macos_button_closewindow.png" was not found on screen.</msg>
<kw name="Take A Screenshot" owner="ImageHorizonLibrary">
<msg time="2024-02-14T04:34:35.081148" level="INFO" html="true">Screenshot taken: /Users/runner/work/rfswarm/rfswarm/Tests/Regression/Reporter/Logs/macos-latest_3.9/Reporter.GUIBasic-screenshot-3.png&lt;br/&gt;&lt;img src="/Users/runner/work/rfswarm/rfswarm/Tests/Regression/Reporter/Logs/macos-latest_3.9/Reporter.GUIBasic-screenshot-3.png" width="100%" /&gt;</msg>
<doc>Takes a screenshot of the screen.</doc>
<status status="PASS" start="2024-02-14T04:34:35.080380" elapsed="0.320995"/>
</kw>
<msg time="2024-02-14T04:34:35.401980" level="FAIL">ImageNotFoundException: Reference image "/Users/runner/work/rfswarm/rfswarm/Tests/Regression/Reporter/Images/file_method/reporter_macos_button_closewindow.png" was not found on screen</msg>
<arg>reporter_${platform}_button_closewindow.png</arg>
<doc>Finds the reference image on screen and clicks it once.</doc>
<status status="FAIL" start="2024-02-14T04:34:34.581716" elapsed="0.820519">ImageNotFoundException: Reference image "/Users/runner/work/rfswarm/rfswarm/Tests/Regression/Reporter/Images/file_method/reporter_macos_button_closewindow.png" was not found on screen</status>
</kw>
<kw name="Take A Screenshot" owner="ImageHorizonLibrary">
<msg time="2024-02-14T04:34:35.403183" level="INFO" html="true">Screenshot taken: /Users/runner/work/rfswarm/rfswarm/Tests/Regression/Reporter/Logs/macos-latest_3.9/Reporter.GUIBasic-screenshot-4.png&lt;br/&gt;&lt;img src="/Users/runner/work/rfswarm/rfswarm/Tests/Regression/Reporter/Logs/macos-latest_3.9/Reporter.GUIBasic-screenshot-4.png" width="100%" /&gt;</msg>
<doc>Takes a screenshot of the screen.</doc>
<status status="PASS" start="2024-02-14T04:34:35.402665" elapsed="0.293434"/>
</kw>
<kw name="Sleep" owner="BuiltIn">
<msg time="2024-02-14T04:34:36.246871" level="INFO">Slept 500 milliseconds.</msg>
<arg>0.5</arg>
<doc>Pauses the test executed for the given time.</doc>
<status status="PASS" start="2024-02-14T04:34:35.696769" elapsed="0.550238"/>
</kw>
<kw name="End Process If Still Running">
<kw name="Wait For Process" owner="Process">
<msg time="2024-02-14T04:34:36.249137" level="INFO">Waiting for process to complete.</msg>
<msg time="2024-02-14T04:35:36.349614" level="INFO">Process did not complete in 1 minute.</msg>
<msg time="2024-02-14T04:35:36.349723" level="INFO">Leaving process intact.</msg>
<msg time="2024-02-14T04:35:36.349921" level="INFO">${result} = None</msg>
<var>${result}</var>
<arg>${process}</arg>
<arg>timeout=60</arg>
<doc>Waits for the process to complete or to reach the given timeout.</doc>
<status status="PASS" start="2024-02-14T04:34:36.248493" elapsed="60.101469"/>
</kw>
<kw name="Is Process Running" owner="Process">
<msg time="2024-02-14T04:35:36.350581" level="INFO">${running} = True</msg>
<var>${running}</var>
<arg>${process}</arg>
<doc>Checks is the process running or not.</doc>
<status status="PASS" start="2024-02-14T04:35:36.350224" elapsed="0.000394"/>
</kw>
<if>
<branch type="IF" condition="not ${running}">
<kw name="Check Result">
<arg>${result}</arg>
<status status="NOT RUN" start="2024-02-14T04:35:36.351265" elapsed="0.000033"/>
</kw>
<status status="NOT RUN" start="2024-02-14T04:35:36.350799" elapsed="0.000549"/>
</branch>
<branch type="ELSE">
<kw name="Take A Screenshot" owner="ImageHorizonLibrary">
<msg time="2024-02-14T04:35:36.351860" level="INFO" html="true">Screenshot taken: /Users/runner/work/rfswarm/rfswarm/Tests/Regression/Reporter/Logs/macos-latest_3.9/Reporter.GUIBasic-screenshot-5.png&lt;br/&gt;&lt;img src="/Users/runner/work/rfswarm/rfswarm/Tests/Regression/Reporter/Logs/macos-latest_3.9/Reporter.GUIBasic-screenshot-5.png" width="100%" /&gt;</msg>
<doc>Takes a screenshot of the screen.</doc>
<status status="PASS" start="2024-02-14T04:35:36.351608" elapsed="0.324027"/>
</kw>
<kw name="Terminate Process" owner="Process">
<msg time="2024-02-14T04:35:36.676921" level="INFO">Gracefully terminating process.</msg>
<msg time="2024-02-14T04:35:36.915178" level="INFO">Process completed.</msg>
<msg time="2024-02-14T04:35:36.915419" level="INFO">${result} = &lt;result object with rc 1&gt;</msg>
<var>${result}</var>
<arg>${process}</arg>
<doc>Stops the process gracefully or forcefully.</doc>
<status status="PASS" start="2024-02-14T04:35:36.676355" elapsed="0.239103"/>
</kw>
<kw name="Check Result">
<kw name="Log" owner="BuiltIn">
<msg time="2024-02-14T04:35:36.919305" level="INFO">Traceback (most recent call last):
  File "/Users/runner/work/rfswarm/rfswarm/rfswarm_reporter/rfswarm_reporter.py", line 9704, in &lt;module&gt;
    core = ReporterCore()
  File "/Users/runner/work/rfswarm/rfswarm/rfswarm_reporter/rfswarm_reporter.py", line 2743, in __init__
    base.gui = ReporterGUI()
  File "/Users/runner/work/rfswarm/rfswarm/rfswarm_reporter/rfswarm_reporter.py", line 5810, in __init__
    self.root = tk.Tk()
  File "/Users/runner/hostedtoolcache/Python/3.9.18/x64/lib/python3.9/tkinter/__init__.py", line 2272, in __init__
    self._loadtk()
  File "/Users/runner/hostedtoolcache/Python/3.9.18/x64/lib/python3.9/tkinter/__init__.py", line 2288, in _loadtk
    raise RuntimeError("tk.h version (%s) doesn't match libtk.a version (%s)"
RuntimeError: tk.h version (8.5) doesn't match libtk.a version (8.6)</msg>
<arg>${result.stderr}</arg>
<doc>Logs the given message with the given level.</doc>
<status status="PASS" start="2024-02-14T04:35:36.917207" elapsed="0.002233"/>
</kw>
<kw name="Should Not Contain" owner="BuiltIn">
<msg time="2024-02-14T04:35:36.920928" level="FAIL">'Traceback (most recent call last):
  File "/Users/runner/work/rfswarm/rfswarm/rfswarm_reporter/rfswarm_reporter.py", line 9704, in &lt;module&gt;
    core = ReporterCore()
  File "/Users/runner/work/rfswarm/rfswarm/rfswarm_reporter/rfswarm_reporter.py", line 2743, in __init__
    base.gui = ReporterGUI()
  File "/Users/runner/work/rfswarm/rfswarm/rfswarm_reporter/rfswarm_reporter.py", line 5810, in __init__
    self.root = tk.Tk()
  File "/Users/runner/hostedtoolcache/Python/3.9.18/x64/lib/python3.9/tkinter/__init__.py", line 2272, in __init__
    self._loadtk()
  File "/Users/runner/hostedtoolcache/Python/3.9.18/x64/lib/python3.9/tkinter/__init__.py", line 2288, in _loadtk
    raise RuntimeError("tk.h version (%s) doesn't match libtk.a version (%s)"
RuntimeError: tk.h version (8.5) doesn't match libtk.a version (8.6)' contains 'Traceback'</msg>
<arg>${result.stderr}</arg>
<arg>Traceback</arg>
<doc>Fails if ``container`` contains ``item`` one or more times.</doc>
<status status="FAIL" start="2024-02-14T04:35:36.919740" elapsed="0.001350">'Traceback (most recent call last):
  File "/Users/runner/work/rfswarm/rfswarm/rfswarm_reporter/rfswarm_reporter.py", line 9704, in &lt;module&gt;
    core = ReporterCore()
  File "/Users/runner/work/rfswarm/rfswarm/rfswarm_reporter/rfswarm_reporter.py", line 2743, in __init__
    base.gui = ReporterGUI()
  File "/Users/runner/work/rfswarm/rfswarm/rfswarm_reporter/rfswarm_reporter.py", line 5810, in __init__
    self.root = tk.Tk()
  File "/Users/runner/hostedtoolcache/Python/3.9.18/x64/lib/python3.9/tkinter/__init__.py", line 2272, in __init__
    self._loadtk()
  File "/Users/runner/hostedtoolcache/Python/3.9.18/x64/lib/python3.9/tkinter/__init__.py", line 2288, in _loadtk
    raise RuntimeError("tk.h version (%s) doesn't match libtk.a version (%s)"
RuntimeError: tk.h version (8.5) doesn't match libtk.a version (8.6)' contains 'Traceback'</status>
</kw>
<kw name="Should Be Equal As Integers" owner="BuiltIn">
<msg time="2024-02-14T04:35:36.924604" level="INFO">Argument types are:
&lt;class 'int'&gt;
&lt;class 'str'&gt;</msg>
<msg time="2024-02-14T04:35:36.924850" level="FAIL">1 != 0</msg>
<arg>${result.rc}</arg>
<arg>0</arg>
<doc>Fails if objects are unequal after converting them to integers.</doc>
<status status="FAIL" start="2024-02-14T04:35:36.921904" elapsed="0.003051">1 != 0</status>
</kw>
<arg>${result}</arg>
<status status="FAIL" start="2024-02-14T04:35:36.915836" elapsed="0.009492">Several failures occurred:

1) 'Traceback (most recent call last):
  File "/Users/runner/work/rfswarm/rfswarm/rfswarm_reporter/rfswarm_reporter.py", line 9704, in &lt;module&gt;
    core = ReporterCore()
  File "/Users/runner/work/rfswarm/rfswarm/rfswarm_reporter/rfswarm_reporter.py", line 2743, in __init__
    base.gui = ReporterGUI()
  File "/Users/runner/work/rfswarm/rfswarm/rfswarm_reporter/rfswarm_reporter.py", line 5810, in __init__
    self.root = tk.Tk()
  File "/Users/runner/hostedtoolcache/Python/3.9.18/x64/lib/python3.9/tkinter/__init__.py", line 2272, in __init__
    self._loadtk()
  File "/Users/runner/hostedtoolcache/Python/3.9.18/x64/lib/python3.9/tkinter/__init__.py", line 2288, in _loadtk
    raise RuntimeError("tk.h version (%s) doesn't match libtk.a version (%s)"
RuntimeError: tk.h version (8.5) doesn't match libtk.a version (8.6)' contains 'Traceback'

2) 1 != 0</status>
</kw>
<kw name="Fail" owner="BuiltIn">
<msg time="2024-02-14T04:35:36.925988" level="FAIL">Had to Terminate Process</msg>
<arg>Had to Terminate Process</arg>
<doc>Fails the test with the given message and optionally alters its tags.</doc>
<status status="FAIL" start="2024-02-14T04:35:36.925678" elapsed="0.000428">Had to Terminate Process</status>
</kw>
<status status="FAIL" start="2024-02-14T04:35:36.351426" elapsed="0.574855">Several failures occurred:

1) 'Traceback (most recent call last):
  File "/Users/runner/work/rfswarm/rfswarm/rfswarm_reporter/rfswarm_reporter.py", line 9704, in &lt;module&gt;
    core = ReporterCore()
  File "/Users/runner/work/rfswarm/rfswarm/rfswarm_reporter/rfswarm_reporter.py", line 2743, in __init__
    base.gui = ReporterGUI()
  File "/Users/runner/work/rfswarm/rfswarm/rfswarm_reporter/rfswarm_reporter.py", line 5810, in __init__
    self.root = tk.Tk()
  File "/Users/runner/hostedtoolcache/Python/3.9.18/x64/lib/python3.9/tkinter/__init__.py", line 2272, in __init__
    self._loadtk()
  File "/Users/runner/hostedtoolcache/Python/3.9.18/x64/lib/python3.9/tkinter/__init__.py", line 2288, in _loadtk
    raise RuntimeError("tk.h version (%s) doesn't match libtk.a version (%s)"
RuntimeError: tk.h version (8.5) doesn't match libtk.a version (8.6)' contains 'Traceback'

2) 1 != 0

3) Had to Terminate Process</status>
</branch>
<status status="FAIL" start="2024-02-14T04:35:36.350745" elapsed="0.575652">Several failures occurred:

1) 'Traceback (most recent call last):
  File "/Users/runner/work/rfswarm/rfswarm/rfswarm_reporter/rfswarm_reporter.py", line 9704, in &lt;module&gt;
    core = ReporterCore()
  File "/Users/runner/work/rfswarm/rfswarm/rfswarm_reporter/rfswarm_reporter.py", line 2743, in __init__
    base.gui = ReporterGUI()
  File "/Users/runner/work/rfswarm/rfswarm/rfswarm_reporter/rfswarm_reporter.py", line 5810, in __init__
    self.root = tk.Tk()
  File "/Users/runner/hostedtoolcache/Python/3.9.18/x64/lib/python3.9/tkinter/__init__.py", line 2272, in __init__
    self._loadtk()
  File "/Users/runner/hostedtoolcache/Python/3.9.18/x64/lib/python3.9/tkinter/__init__.py", line 2288, in _loadtk
    raise RuntimeError("tk.h version (%s) doesn't match libtk.a version (%s)"
RuntimeError: tk.h version (8.5) doesn't match libtk.a version (8.6)' contains 'Traceback'

2) 1 != 0

3) Had to Terminate Process</status>
</if>
<status status="FAIL" start="2024-02-14T04:34:36.247599" elapsed="60.679107">Several failures occurred:

1) 'Traceback (most recent call last):
  File "/Users/runner/work/rfswarm/rfswarm/rfswarm_reporter/rfswarm_reporter.py", line 9704, in &lt;module&gt;
    core = ReporterCore()
  File "/Users/runner/work/rfswarm/rfswarm/rfswarm_reporter/rfswarm_reporter.py", line 2743, in __init__
    base.gui = ReporterGUI()
  File "/Users/runner/work/rfswarm/rfswarm/rfswarm_reporter/rfswarm_reporter.py", line 5810, in __init__
    self.root = tk.Tk()
  File "/Users/runner/hostedtoolcache/Python/3.9.18/x64/lib/python3.9/tkinter/__init__.py", line 2272, in __init__
    self._loadtk()
  File "/Users/runner/hostedtoolcache/Python/3.9.18/x64/lib/python3.9/tkinter/__init__.py", line 2288, in _loadtk
    raise RuntimeError("tk.h version (%s) doesn't match libtk.a version (%s)"
RuntimeError: tk.h version (8.5) doesn't match libtk.a version (8.6)' contains 'Traceback'

2) 1 != 0

3) Had to Terminate Process</status>
</kw>
<status status="FAIL" start="2024-02-14T04:34:34.581383" elapsed="62.345733">Several failures occurred:

1) ImageNotFoundException: Reference image "/Users/runner/work/rfswarm/rfswarm/Tests/Regression/Reporter/Images/file_method/reporter_macos_button_closewindow.png" was not found on screen

2) 'Traceback (most recent call last):
  File "/Users/runner/work/rfswarm/rfswarm/rfswarm_reporter/rfswarm_reporter.py", line 9704, in &lt;module&gt;
    core = ReporterCore()
  File "/Users/runner/work/rfswarm/rfswarm/rfswarm_reporter/rfswarm_reporter.py", line 2743, in __init__
    base.gui = ReporterGUI()
  File "/Users/runner/work/rfswarm/rfswarm/rfswarm_reporter/rfswarm_reporter.py", line 5810, in __init__
    self.root = tk.Tk()
  File "/Users/runner/hostedtoolcache/Python/3.9.18/x64/lib/python3.9/tkinter/__init__.py", line 2272, in __init__
    self._loadtk()
  File "/Users/runner/hostedtoolcache/Python/3.9.18/x64/lib/python3.9/tkinter/__init__.py", line 2288, in _loadtk
    raise RuntimeError("tk.h version (%s) doesn't match libtk.a version (%s)"
RuntimeError: tk.h version (8.5) doesn't match libtk.a version (8.6)' contains 'Traceback'

3) 1 != 0

4) Had to Terminate Process</status>
</kw>
<arg>${keyword}</arg>
<doc>Executes the given keyword with the given arguments.</doc>
<status status="FAIL" start="2024-02-14T04:34:34.580993" elapsed="62.346270">Several failures occurred:

1) ImageNotFoundException: Reference image "/Users/runner/work/rfswarm/rfswarm/Tests/Regression/Reporter/Images/file_method/reporter_macos_button_closewindow.png" was not found on screen

2) 'Traceback (most recent call last):
  File "/Users/runner/work/rfswarm/rfswarm/rfswarm_reporter/rfswarm_reporter.py", line 9704, in &lt;module&gt;
    core = ReporterCore()
  File "/Users/runner/work/rfswarm/rfswarm/rfswarm_reporter/rfswarm_reporter.py", line 2743, in __init__
    base.gui = ReporterGUI()
  File "/Users/runner/work/rfswarm/rfswarm/rfswarm_reporter/rfswarm_reporter.py", line 5810, in __init__
    self.root = tk.Tk()
  File "/Users/runner/hostedtoolcache/Python/3.9.18/x64/lib/python3.9/tkinter/__init__.py", line 2272, in __init__
    self._loadtk()
  File "/Users/runner/hostedtoolcache/Python/3.9.18/x64/lib/python3.9/tkinter/__init__.py", line 2288, in _loadtk
    raise RuntimeError("tk.h version (%s) doesn't match libtk.a version (%s)"
RuntimeError: tk.h version (8.5) doesn't match libtk.a version (8.6)' contains 'Traceback'

3) 1 != 0

4) Had to Terminate Process</status>
</kw>
<status status="FAIL" start="2024-02-14T04:34:34.580790" elapsed="62.346661">Several failures occurred:

1) ImageNotFoundException: Reference image "/Users/runner/work/rfswarm/rfswarm/Tests/Regression/Reporter/Images/file_method/reporter_macos_button_closewindow.png" was not found on screen

2) 'Traceback (most recent call last):
  File "/Users/runner/work/rfswarm/rfswarm/rfswarm_reporter/rfswarm_reporter.py", line 9704, in &lt;module&gt;
    core = ReporterCore()
  File "/Users/runner/work/rfswarm/rfswarm/rfswarm_reporter/rfswarm_reporter.py", line 2743, in __init__
    base.gui = ReporterGUI()
  File "/Users/runner/work/rfswarm/rfswarm/rfswarm_reporter/rfswarm_reporter.py", line 5810, in __init__
    self.root = tk.Tk()
  File "/Users/runner/hostedtoolcache/Python/3.9.18/x64/lib/python3.9/tkinter/__init__.py", line 2272, in __init__
    self._loadtk()
  File "/Users/runner/hostedtoolcache/Python/3.9.18/x64/lib/python3.9/tkinter/__init__.py", line 2288, in _loadtk
    raise RuntimeError("tk.h version (%s) doesn't match libtk.a version (%s)"
RuntimeError: tk.h version (8.5) doesn't match libtk.a version (8.6)' contains 'Traceback'

3) 1 != 0

4) Had to Terminate Process</status>
</branch>
<branch type="ELSE">
<kw name="Wait For Process" owner="Process">
<var>${result}</var>
<arg>${process}</arg>
<arg>timeout=60</arg>
<doc>Waits for the process to complete or to reach the given timeout.</doc>
<status status="NOT RUN" start="2024-02-14T04:35:36.927713" elapsed="0.000048"/>
</kw>
<kw name="Check Result">
<arg>${result}</arg>
<status status="NOT RUN" start="2024-02-14T04:35:36.928054" elapsed="0.000045"/>
</kw>
<status status="NOT RUN" start="2024-02-14T04:35:36.927533" elapsed="0.000625"/>
</branch>
<status status="FAIL" start="2024-02-14T04:34:34.580772" elapsed="62.347434">Several failures occurred:

1) ImageNotFoundException: Reference image "/Users/runner/work/rfswarm/rfswarm/Tests/Regression/Reporter/Images/file_method/reporter_macos_button_closewindow.png" was not found on screen

2) 'Traceback (most recent call last):
  File "/Users/runner/work/rfswarm/rfswarm/rfswarm_reporter/rfswarm_reporter.py", line 9704, in &lt;module&gt;
    core = ReporterCore()
  File "/Users/runner/work/rfswarm/rfswarm/rfswarm_reporter/rfswarm_reporter.py", line 2743, in __init__
    base.gui = ReporterGUI()
  File "/Users/runner/work/rfswarm/rfswarm/rfswarm_reporter/rfswarm_reporter.py", line 5810, in __init__
    self.root = tk.Tk()
  File "/Users/runner/hostedtoolcache/Python/3.9.18/x64/lib/python3.9/tkinter/__init__.py", line 2272, in __init__
    self._loadtk()
  File "/Users/runner/hostedtoolcache/Python/3.9.18/x64/lib/python3.9/tkinter/__init__.py", line 2288, in _loadtk
    raise RuntimeError("tk.h version (%s) doesn't match libtk.a version (%s)"
RuntimeError: tk.h version (8.5) doesn't match libtk.a version (8.6)' contains 'Traceback'

3) 1 != 0

4) Had to Terminate Process</status>
</if>
<status status="FAIL" start="2024-02-14T04:34:34.579776" elapsed="62.348580">Several failures occurred:

1) ImageNotFoundException: Reference image "/Users/runner/work/rfswarm/rfswarm/Tests/Regression/Reporter/Images/file_method/reporter_macos_button_closewindow.png" was not found on screen

2) 'Traceback (most recent call last):
  File "/Users/runner/work/rfswarm/rfswarm/rfswarm_reporter/rfswarm_reporter.py", line 9704, in &lt;module&gt;
    core = ReporterCore()
  File "/Users/runner/work/rfswarm/rfswarm/rfswarm_reporter/rfswarm_reporter.py", line 2743, in __init__
    base.gui = ReporterGUI()
  File "/Users/runner/work/rfswarm/rfswarm/rfswarm_reporter/rfswarm_reporter.py", line 5810, in __init__
    self.root = tk.Tk()
  File "/Users/runner/hostedtoolcache/Python/3.9.18/x64/lib/python3.9/tkinter/__init__.py", line 2272, in __init__
    self._loadtk()
  File "/Users/runner/hostedtoolcache/Python/3.9.18/x64/lib/python3.9/tkinter/__init__.py", line 2288, in _loadtk
    raise RuntimeError("tk.h version (%s) doesn't match libtk.a version (%s)"
RuntimeError: tk.h version (8.5) doesn't match libtk.a version (8.6)' contains 'Traceback'

3) 1 != 0

4) Had to Terminate Process</status>
</branch>
<status status="FAIL" start="2024-02-14T04:34:34.579705" elapsed="62.348711">Several failures occurred:

1) ImageNotFoundException: Reference image "/Users/runner/work/rfswarm/rfswarm/Tests/Regression/Reporter/Images/file_method/reporter_macos_button_closewindow.png" was not found on screen

2) 'Traceback (most recent call last):
  File "/Users/runner/work/rfswarm/rfswarm/rfswarm_reporter/rfswarm_reporter.py", line 9704, in &lt;module&gt;
    core = ReporterCore()
  File "/Users/runner/work/rfswarm/rfswarm/rfswarm_reporter/rfswarm_reporter.py", line 2743, in __init__
    base.gui = ReporterGUI()
  File "/Users/runner/work/rfswarm/rfswarm/rfswarm_reporter/rfswarm_reporter.py", line 5810, in __init__
    self.root = tk.Tk()
  File "/Users/runner/hostedtoolcache/Python/3.9.18/x64/lib/python3.9/tkinter/__init__.py", line 2272, in __init__
    self._loadtk()
  File "/Users/runner/hostedtoolcache/Python/3.9.18/x64/lib/python3.9/tkinter/__init__.py", line 2288, in _loadtk
    raise RuntimeError("tk.h version (%s) doesn't match libtk.a version (%s)"
RuntimeError: tk.h version (8.5) doesn't match libtk.a version (8.6)' contains 'Traceback'

3) 1 != 0

4) Had to Terminate Process</status>
</if>
<kw name="Set Suite Variable" owner="BuiltIn">
<msg time="2024-02-14T04:35:36.929105" level="INFO">${process} = None</msg>
<arg>$process</arg>
<arg>None</arg>
<doc>Makes a variable available everywhere within the scope of the current suite.</doc>
<status status="PASS" start="2024-02-14T04:35:36.928767" elapsed="0.000387"/>
</kw>
<kw name="Sleep" owner="BuiltIn">
<msg time="2024-02-14T04:35:37.481705" level="INFO">Slept 500 milliseconds.</msg>
<arg>0.5</arg>
<doc>Pauses the test executed for the given time.</doc>
<status status="PASS" start="2024-02-14T04:35:36.929310" elapsed="0.552592"/>
</kw>
<status status="FAIL" start="2024-02-14T04:34:34.578728" elapsed="62.903551">Several failures occurred:

1) ImageNotFoundException: Reference image "/Users/runner/work/rfswarm/rfswarm/Tests/Regression/Reporter/Images/file_method/reporter_macos_button_closewindow.png" was not found on screen

2) 'Traceback (most recent call last):
  File "/Users/runner/work/rfswarm/rfswarm/rfswarm_reporter/rfswarm_reporter.py", line 9704, in &lt;module&gt;
    core = ReporterCore()
  File "/Users/runner/work/rfswarm/rfswarm/rfswarm_reporter/rfswarm_reporter.py", line 2743, in __init__
    base.gui = ReporterGUI()
  File "/Users/runner/work/rfswarm/rfswarm/rfswarm_reporter/rfswarm_reporter.py", line 5810, in __init__
    self.root = tk.Tk()
  File "/Users/runner/hostedtoolcache/Python/3.9.18/x64/lib/python3.9/tkinter/__init__.py", line 2272, in __init__
    self._loadtk()
  File "/Users/runner/hostedtoolcache/Python/3.9.18/x64/lib/python3.9/tkinter/__init__.py", line 2288, in _loadtk
    raise RuntimeError("tk.h version (%s) doesn't match libtk.a version (%s)"
RuntimeError: tk.h version (8.5) doesn't match libtk.a version (8.6)' contains 'Traceback'

3) 1 != 0

4) Had to Terminate Process</status>
</kw>
<tag>macos-latest</tag>
<tag>ubuntu-latest</tag>
<tag>windows-latest</tag>
<status status="FAIL" start="2024-02-14T04:29:33.802977" elapsed="363.679529">ImageNotFoundException: Reference image "/Users/runner/work/rfswarm/rfswarm/Tests/Regression/Reporter/Images/file_method/reporter_macos_status_previewloaded.png" was not found on screen

Also teardown failed:
Several failures occurred:

1) ImageNotFoundException: Reference image "/Users/runner/work/rfswarm/rfswarm/Tests/Regression/Reporter/Images/file_method/reporter_macos_button_closewindow.png" was not found on screen

2) 'Traceback (most recent call last):
  File "/Users/runner/work/rfswarm/rfswarm/rfswarm_reporter/rfswarm_reporter.py", line 9704, in &lt;module&gt;
    core = ReporterCore()
  File "/Users/runner/work/rfswarm/rfswarm/rfswarm_reporter/rfswarm_reporter.py", line 2743, in __init__
    base.gui = ReporterGUI()
  File "/Users/runner/work/rfswarm/rfswarm/rfswarm_reporter/rfswarm_reporter.py", line 5810, in __init__
    self.root = tk.Tk()
  File "/Users/runner/hostedtoolcache/Python/3.9.18/x64/lib/python3.9/tkinter/__init__.py", line 2272, in __init__
    self._loadtk()
  File "/Users/runner/hostedtoolcache/Python/3.9.18/x64/lib/python3.9/tkinter/__init__.py", line 2288, in _loadtk
    raise RuntimeError("tk.h version (%s) doesn't match libtk.a version (%s)"
RuntimeError: tk.h version (8.5) doesn't match libtk.a version (8.6)' contains 'Traceback'

3) 1 != 0

4) Had to Terminate Process</status>
</test>
<test id="s1-s2-t2" name="Select Preview Tab" line="25">
<kw name="Open GUI">
<kw name="Get Variables" owner="BuiltIn">
<msg time="2024-02-14T04:35:37.485359" level="INFO">${var} = {'${/}': '/', '${:}': ':', '${\\n}': '\n', '${DEBUG_FILE}': 'NONE', '${EXECDIR}': '/Users/runner/work/rfswarm/rfswarm', '${False}': False, '${IMAGE_DIR}': '/Users/runner/work/rfswarm/rfswarm/Tests/Reg...</msg>
<var>${var}</var>
<doc>Returns a dictionary containing all variables in the current scope.</doc>
<status status="PASS" start="2024-02-14T04:35:37.484592" elapsed="0.000801"/>
</kw>
<kw name="Log" owner="BuiltIn">
<msg time="2024-02-14T04:35:37.485760" level="INFO">{'${/}': '/', '${:}': ':', '${\\n}': '\n', '${DEBUG_FILE}': 'NONE', '${EXECDIR}': '/Users/runner/work/rfswarm/rfswarm', '${False}': False, '${IMAGE_DIR}': '/Users/runner/work/rfswarm/rfswarm/Tests/Regression/Reporter/Images/file_method', '${LOG_FILE}': '/Users/runner/work/rfswarm/rfswarm/Tests/Regression/Reporter/Logs/macos-latest_3.9/log.html', '${LOG_LEVEL}': 'INFO', '${None}': None, '${null}': None, '${OUTPUT_DIR}': '/Users/runner/work/rfswarm/rfswarm/Tests/Regression/Reporter/Logs/macos-latest_3.9', '${OUTPUT_FILE}': '/Users/runner/work/rfswarm/rfswarm/Tests/Regression/Reporter/Logs/macos-latest_3.9/output.xml', '${platform}': 'macos', '${PREV_TEST_MESSAGE}': 'ImageNotFoundException: Reference image "/Users/runner/work/rfswarm/rfswarm/Tests/Regression/Reporter/Images/file_method/reporter_macos_status_previewloaded.png" was not found on screen\n\nAlso teardown failed:\nSeveral failures occurred:\n\n1) ImageNotFoundException: Reference image "/Users/runner/work/rfswarm/rfswarm/Tests/Regression/Reporter/Images/file_method/reporter_macos_button_closewindow.png" was not found on screen\n\n2) \'Traceback (most recent call last):\n  File "/Users/runner/work/rfswarm/rfswarm/rfswarm_reporter/rfswarm_reporter.py", line 9704, in &lt;module&gt;\n    core = ReporterCore()\n  File "/Users/runner/work/rfswarm/rfswarm/rfswarm_reporter/rfswarm_reporter.py", line 2743, in __init__\n    base.gui = ReporterGUI()\n  File "/Users/runner/work/rfswarm/rfswarm/rfswarm_reporter/rfswarm_reporter.py", line 5810, in __init__\n    self.root = tk.Tk()\n  File "/Users/runner/hostedtoolcache/Python/3.9.18/x64/lib/python3.9/tkinter/__init__.py", line 2272, in __init__\n    self._loadtk()\n  File "/Users/runner/hostedtoolcache/Python/3.9.18/x64/lib/python3.9/tkinter/__init__.py", line 2288, in _loadtk\n    raise RuntimeError("tk.h version (%s) doesn\'t match libtk.a version (%s)"\nRuntimeError: tk.h version (8.5) doesn\'t match libtk.a version (8.6)\' contains \'Traceback\'\n\n3) 1 != 0\n\n4) Had to Terminate Process', '${PREV_TEST_NAME}': 'GUI Runs and Closes', '${PREV_TEST_STATUS}': 'FAIL', '${process}': 'None', '${pyfile}': '/Users/runner/work/rfswarm/rfswarm/rfswarm_reporter/rfswarm_reporter.py', '${REPORT_FILE}': '/Users/runner/work/rfswarm/rfswarm/Tests/Regression/Reporter/Logs/macos-latest_3.9/report.html', '${SPACE}': ' ', '${sssleep}': '0.5', '${SUITE_DOCUMENTATION}': '', '${SUITE_NAME}': 'Reporter.GUI Basic', '${SUITE_SOURCE}': '/Users/runner/work/rfswarm/rfswarm/Tests/Regression/Reporter/GUI_Basic.robot', '${TEMPDIR}': '/var/folders/qv/pdh5wsgn0lq3dp77zj602b5c0000gn/T', '${TEST_DOCUMENTATION}': '', '${TEST_NAME}': 'Select Preview Tab', '${True}': True, '&amp;{OPTIONS}': {'include': ['macos-latest'], 'exclude': [], 'skip': [], 'skip_on_failure': []}, '&amp;{SUITE_METADATA}': Metadata(), '@{appargs}': [], '@{TEST_TAGS}': ['macos-latest', 'ubuntu-latest', 'windows-latest']}</msg>
<arg>${var}</arg>
<doc>Logs the given message with the given level.</doc>
<status status="PASS" start="2024-02-14T04:35:37.485523" elapsed="0.000330"/>
</kw>
<kw name="Get Platform">
<kw name="Create Dictionary" owner="BuiltIn">
<msg time="2024-02-14T04:35:37.486627" level="INFO">&amp;{platforms} = { Linux=ubuntu | Darwin=macos | Java=notsupported | Windows=windows }</msg>
<var>&amp;{platforms}</var>
<arg>Linux=ubuntu</arg>
<arg>Darwin=macos</arg>
<arg>Java=notsupported</arg>
<arg>Windows=windows</arg>
<doc>Creates and returns a dictionary based on the given ``items``.</doc>
<status status="PASS" start="2024-02-14T04:35:37.486262" elapsed="0.000395"/>
</kw>
<kw name="Evaluate" owner="BuiltIn">
<msg time="2024-02-14T04:35:37.487119" level="INFO">${os} = Darwin</msg>
<var>${os}</var>
<arg>platform.system()</arg>
<arg>platform</arg>
<doc>Evaluates the given expression in Python and returns the result.</doc>
<status status="PASS" start="2024-02-14T04:35:37.486806" elapsed="0.000341"/>
</kw>
<kw name="Set Suite Variable" owner="BuiltIn">
<msg time="2024-02-14T04:35:37.487594" level="INFO">${platform} = macos</msg>
<arg>${platform}</arg>
<arg>${platforms}[${os}]</arg>
<doc>Makes a variable available everywhere within the scope of the current suite.</doc>
<status status="PASS" start="2024-02-14T04:35:37.487288" elapsed="0.000359"/>
</kw>
<status status="PASS" start="2024-02-14T04:35:37.486009" elapsed="0.001711"/>
</kw>
<kw name="Set Variable" owner="BuiltIn">
<msg time="2024-02-14T04:35:37.488022" level="INFO">${keyword} = Open GUI macos</msg>
<var>${keyword}</var>
<arg>Open GUI ${platform}</arg>
<doc>Returns the given values which can then be assigned to a variables.</doc>
<status status="PASS" start="2024-02-14T04:35:37.487842" elapsed="0.000207"/>
</kw>
<kw name="Run Keyword" owner="BuiltIn">
<kw name="Open GUI macos">
<kw name="Set Suite Variable" owner="BuiltIn">
<msg time="2024-02-14T04:35:37.489122" level="INFO">${platform} = macos</msg>
<arg>${platform}</arg>
<arg>macos</arg>
<doc>Makes a variable available everywhere within the scope of the current suite.</doc>
<status status="PASS" start="2024-02-14T04:35:37.488905" elapsed="0.000261"/>
</kw>
<kw name="Set Confidence" owner="ImageHorizonLibrary">
<arg>0.9</arg>
<doc>Sets the accuracy when finding images.</doc>
<status status="PASS" start="2024-02-14T04:35:37.489296" elapsed="0.000116"/>
</kw>
<kw name="Start Process" owner="Process">
<msg time="2024-02-14T04:35:37.491577" level="INFO">Starting process:
python3 /Users/runner/work/rfswarm/rfswarm/rfswarm_reporter/rfswarm_reporter.py -g 5</msg>
<msg time="2024-02-14T04:35:37.497169" level="INFO">${process} = &lt;Popen: returncode: None args: ['python3', '/Users/runner/work/rfswarm/rfswa...&gt;</msg>
<var>${process}</var>
<arg>python3</arg>
<arg>${pyfile}</arg>
<arg>-g</arg>
<arg>5</arg>
<arg>@{appargs}</arg>
<arg>alias=Reporter</arg>
<arg>stdout=${OUTPUT DIR}${/}stdout.txt</arg>
<arg>stderr=${OUTPUT DIR}${/}stderr.txt</arg>
<doc>Starts a new process on background.</doc>
<status status="PASS" start="2024-02-14T04:35:37.489545" elapsed="0.007780"/>
</kw>
<kw name="Set Suite Variable" owner="BuiltIn">
<msg time="2024-02-14T04:35:37.498634" level="INFO">${process} = &lt;Popen: returncode: None args: ['python3', '/Users/runner/work/rfswarm/rfswa...&gt;</msg>
<arg>$process</arg>
<arg>${process}</arg>
<doc>Makes a variable available everywhere within the scope of the current suite.</doc>
<status status="PASS" start="2024-02-14T04:35:37.498025" elapsed="0.000662"/>
</kw>
<kw name="Set Screenshot Folder" owner="ImageHorizonLibrary">
<arg>${OUTPUT DIR}</arg>
<doc>Sets the folder where screenshots are saved to.</doc>
<status status="PASS" start="2024-02-14T04:35:37.498863" elapsed="0.000190"/>
</kw>
<kw name="Take A Screenshot" owner="ImageHorizonLibrary">
<msg time="2024-02-14T04:35:37.499431" level="INFO" html="true">Screenshot taken: /Users/runner/work/rfswarm/rfswarm/Tests/Regression/Reporter/Logs/macos-latest_3.9/Reporter.GUIBasic-screenshot-6.png&lt;br/&gt;&lt;img src="/Users/runner/work/rfswarm/rfswarm/Tests/Regression/Reporter/Logs/macos-latest_3.9/Reporter.GUIBasic-screenshot-6.png" width="100%" /&gt;</msg>
<doc>Takes a screenshot of the screen.</doc>
<status status="PASS" start="2024-02-14T04:35:37.499189" elapsed="0.319730"/>
</kw>
<arg>@{appargs}</arg>
<status status="PASS" start="2024-02-14T04:35:37.488565" elapsed="0.330720"/>
</kw>
<arg>${keyword}</arg>
<arg>@{appargs}</arg>
<doc>Executes the given keyword with the given arguments.</doc>
<status status="PASS" start="2024-02-14T04:35:37.488195" elapsed="0.331198"/>
</kw>
<status status="PASS" start="2024-02-14T04:35:37.484158" elapsed="0.335329"/>
</kw>
<kw name="Wait For Status">
<kw name="Convert To Lower Case" owner="String">
<msg time="2024-02-14T04:35:37.821150" level="INFO">${statusl} = previewloaded</msg>
<var>${statusl}</var>
<arg>${status}</arg>
<doc>Converts string to lower case.</doc>
<status status="PASS" start="2024-02-14T04:35:37.820879" elapsed="0.000303"/>
</kw>
<kw name="Set Variable" owner="BuiltIn">
<msg time="2024-02-14T04:35:37.821543" level="INFO">${img} = reporter_macos_status_previewloaded.png</msg>
<var>${img}</var>
<arg>reporter_${platform}_status_${statusl}.png</arg>
<doc>Returns the given values which can then be assigned to a variables.</doc>
<status status="PASS" start="2024-02-14T04:35:37.821331" elapsed="0.000243"/>
</kw>
<kw name="Log" owner="BuiltIn">
<msg time="2024-02-14T04:35:37.821853" level="INFO">/Users/runner/work/rfswarm/rfswarm/Tests/Regression/Reporter</msg>
<arg>/Users/runner/work/rfswarm/rfswarm/Tests/Regression/Reporter</arg>
<doc>Logs the given message with the given level.</doc>
<status status="PASS" start="2024-02-14T04:35:37.821718" elapsed="0.000183"/>
</kw>
<kw name="Log" owner="BuiltIn">
<msg time="2024-02-14T04:35:37.822154" level="INFO">/Users/runner/work/rfswarm/rfswarm/Tests/Regression/Reporter/Images/file_method</msg>
<arg>${IMAGE_DIR}</arg>
<doc>Logs the given message with the given level.</doc>
<status status="PASS" start="2024-02-14T04:35:37.822022" elapsed="0.000436"/>
</kw>
<kw name="Wait For" owner="ImageHorizonLibrary">
<kw name="Take A Screenshot" owner="ImageHorizonLibrary">
<msg time="2024-02-14T04:40:38.382218" level="INFO" html="true">Screenshot taken: /Users/runner/work/rfswarm/rfswarm/Tests/Regression/Reporter/Logs/macos-latest_3.9/Reporter.GUIBasic-screenshot-7.png&lt;br/&gt;&lt;img src="/Users/runner/work/rfswarm/rfswarm/Tests/Regression/Reporter/Logs/macos-latest_3.9/Reporter.GUIBasic-screenshot-7.png" width="100%" /&gt;</msg>
<doc>Takes a screenshot of the screen.</doc>
<status status="PASS" start="2024-02-14T04:40:38.381036" elapsed="0.392120"/>
</kw>
<msg time="2024-02-14T04:40:38.774039" level="FAIL">ImageNotFoundException: Reference image "/Users/runner/work/rfswarm/rfswarm/Tests/Regression/Reporter/Images/file_method/reporter_macos_status_previewloaded.png" was not found on screen</msg>
<arg>${img}</arg>
<arg>timeout=${timeout}</arg>
<doc>Tries to locate given image from the screen for given time.</doc>
<status status="FAIL" start="2024-02-14T04:35:37.822590" elapsed="300.951739">ImageNotFoundException: Reference image "/Users/runner/work/rfswarm/rfswarm/Tests/Regression/Reporter/Images/file_method/reporter_macos_status_previewloaded.png" was not found on screen</status>
</kw>
<kw name="Sleep" owner="BuiltIn">
<arg>${sssleep}</arg>
<doc>Pauses the test executed for the given time.</doc>
<status status="NOT RUN" start="2024-02-14T04:40:38.774833" elapsed="0.000072"/>
</kw>
<kw name="Take A Screenshot" owner="ImageHorizonLibrary">
<doc>Takes a screenshot of the screen.</doc>
<status status="NOT RUN" start="2024-02-14T04:40:38.775053" elapsed="0.000021"/>
</kw>
<arg>PreviewLoaded</arg>
<status status="FAIL" start="2024-02-14T04:35:37.820168" elapsed="300.955086">ImageNotFoundException: Reference image "/Users/runner/work/rfswarm/rfswarm/Tests/Regression/Reporter/Images/file_method/reporter_macos_status_previewloaded.png" was not found on screen</status>
</kw>
<kw name="Click Tab">
<arg>Preview</arg>
<status status="NOT RUN" start="2024-02-14T04:40:38.775771" elapsed="0.000033"/>
</kw>
<kw name="Close GUI" type="TEARDOWN">
<kw name="Set Variable" owner="BuiltIn">
<msg time="2024-02-14T04:40:38.777145" level="INFO">${keyword} = Close GUI macos</msg>
<var>${keyword}</var>
<arg>Close GUI ${platform}</arg>
<doc>Returns the given values which can then be assigned to a variables.</doc>
[...]
    core = ReporterCore()
  File "/Users/runner/work/rfswarm/rfswarm/rfswarm_reporter/rfswarm_reporter.py", line 2743, in __init__
    base.gui = ReporterGUI()
  File "/Users/runner/work/rfswarm/rfswarm/rfswarm_reporter/rfswarm_reporter.py", line 5810, in __init__
    self.root = tk.Tk()
  File "/Users/runner/hostedtoolcache/Python/3.9.18/x64/lib/python3.9/tkinter/__init__.py", line 2272, in __init__
    self._loadtk()
  File "/Users/runner/hostedtoolcache/Python/3.9.18/x64/lib/python3.9/tkinter/__init__.py", line 2288, in _loadtk
    raise RuntimeError("tk.h version (%s) doesn't match libtk.a version (%s)"
RuntimeError: tk.h version (8.5) doesn't match libtk.a version (8.6)</msg>
<arg>${result.stderr}</arg>
<doc>Logs the given message with the given level.</doc>
<status status="PASS" start="2024-02-14T04:53:49.195734" elapsed="0.001493"/>
</kw>
<kw name="Should Not Contain" owner="BuiltIn">
<msg time="2024-02-14T04:53:49.201016" level="FAIL">'Traceback (most recent call last):
  File "/Users/runner/work/rfswarm/rfswarm/rfswarm_reporter/rfswarm_reporter.py", line 9704, in &lt;module&gt;
    core = ReporterCore()
  File "/Users/runner/work/rfswarm/rfswarm/rfswarm_reporter/rfswarm_reporter.py", line 2743, in __init__
    base.gui = ReporterGUI()
  File "/Users/runner/work/rfswarm/rfswarm/rfswarm_reporter/rfswarm_reporter.py", line 5810, in __init__
    self.root = tk.Tk()
  File "/Users/runner/hostedtoolcache/Python/3.9.18/x64/lib/python3.9/tkinter/__init__.py", line 2272, in __init__
    self._loadtk()
  File "/Users/runner/hostedtoolcache/Python/3.9.18/x64/lib/python3.9/tkinter/__init__.py", line 2288, in _loadtk
    raise RuntimeError("tk.h version (%s) doesn't match libtk.a version (%s)"
RuntimeError: tk.h version (8.5) doesn't match libtk.a version (8.6)' contains 'Traceback'</msg>
<arg>${result.stderr}</arg>
<arg>Traceback</arg>
<doc>Fails if ``container`` contains ``item`` one or more times.</doc>
<status status="FAIL" start="2024-02-14T04:53:49.198126" elapsed="0.003118">'Traceback (most recent call last):
  File "/Users/runner/work/rfswarm/rfswarm/rfswarm_reporter/rfswarm_reporter.py", line 9704, in &lt;module&gt;
    core = ReporterCore()
  File "/Users/runner/work/rfswarm/rfswarm/rfswarm_reporter/rfswarm_reporter.py", line 2743, in __init__
    base.gui = ReporterGUI()
  File "/Users/runner/work/rfswarm/rfswarm/rfswarm_reporter/rfswarm_reporter.py", line 5810, in __init__
    self.root = tk.Tk()
  File "/Users/runner/hostedtoolcache/Python/3.9.18/x64/lib/python3.9/tkinter/__init__.py", line 2272, in __init__
    self._loadtk()
  File "/Users/runner/hostedtoolcache/Python/3.9.18/x64/lib/python3.9/tkinter/__init__.py", line 2288, in _loadtk
    raise RuntimeError("tk.h version (%s) doesn't match libtk.a version (%s)"
RuntimeError: tk.h version (8.5) doesn't match libtk.a version (8.6)' contains 'Traceback'</status>
</kw>
<kw name="Should Be Equal As Integers" owner="BuiltIn">
<msg time="2024-02-14T04:53:49.203338" level="INFO">Argument types are:
&lt;class 'int'&gt;
&lt;class 'str'&gt;</msg>
<msg time="2024-02-14T04:53:49.203785" level="FAIL">1 != 0</msg>
<arg>${result.rc}</arg>
<arg>0</arg>
<doc>Fails if objects are unequal after converting them to integers.</doc>
<status status="FAIL" start="2024-02-14T04:53:49.201621" elapsed="0.002382">1 != 0</status>
</kw>
<arg>${result}</arg>
<status status="FAIL" start="2024-02-14T04:53:49.195145" elapsed="0.009186">Several failures occurred:

1) 'Traceback (most recent call last):
  File "/Users/runner/work/rfswarm/rfswarm/rfswarm_reporter/rfswarm_reporter.py", line 9704, in &lt;module&gt;
    core = ReporterCore()
  File "/Users/runner/work/rfswarm/rfswarm/rfswarm_reporter/rfswarm_reporter.py", line 2743, in __init__
    base.gui = ReporterGUI()
  File "/Users/runner/work/rfswarm/rfswarm/rfswarm_reporter/rfswarm_reporter.py", line 5810, in __init__
    self.root = tk.Tk()
  File "/Users/runner/hostedtoolcache/Python/3.9.18/x64/lib/python3.9/tkinter/__init__.py", line 2272, in __init__
    self._loadtk()
  File "/Users/runner/hostedtoolcache/Python/3.9.18/x64/lib/python3.9/tkinter/__init__.py", line 2288, in _loadtk
    raise RuntimeError("tk.h version (%s) doesn't match libtk.a version (%s)"
RuntimeError: tk.h version (8.5) doesn't match libtk.a version (8.6)' contains 'Traceback'

2) 1 != 0</status>
</kw>
<kw name="Fail" owner="BuiltIn">
<msg time="2024-02-14T04:53:49.204948" level="FAIL">Had to Terminate Process</msg>
<arg>Had to Terminate Process</arg>
<doc>Fails the test with the given message and optionally alters its tags.</doc>
<status status="FAIL" start="2024-02-14T04:53:49.204616" elapsed="0.000437">Had to Terminate Process</status>
</kw>
<status status="FAIL" start="2024-02-14T04:53:48.732963" elapsed="0.472224">Several failures occurred:

1) 'Traceback (most recent call last):
  File "/Users/runner/work/rfswarm/rfswarm/rfswarm_reporter/rfswarm_reporter.py", line 9704, in &lt;module&gt;
    core = ReporterCore()
  File "/Users/runner/work/rfswarm/rfswarm/rfswarm_reporter/rfswarm_reporter.py", line 2743, in __init__
    base.gui = ReporterGUI()
  File "/Users/runner/work/rfswarm/rfswarm/rfswarm_reporter/rfswarm_reporter.py", line 5810, in __init__
    self.root = tk.Tk()
  File "/Users/runner/hostedtoolcache/Python/3.9.18/x64/lib/python3.9/tkinter/__init__.py", line 2272, in __init__
    self._loadtk()
  File "/Users/runner/hostedtoolcache/Python/3.9.18/x64/lib/python3.9/tkinter/__init__.py", line 2288, in _loadtk
    raise RuntimeError("tk.h version (%s) doesn't match libtk.a version (%s)"
RuntimeError: tk.h version (8.5) doesn't match libtk.a version (8.6)' contains 'Traceback'

2) 1 != 0

3) Had to Terminate Process</status>
</branch>
<status status="FAIL" start="2024-02-14T04:53:48.730730" elapsed="0.474570">Several failures occurred:

1) 'Traceback (most recent call last):
  File "/Users/runner/work/rfswarm/rfswarm/rfswarm_reporter/rfswarm_reporter.py", line 9704, in &lt;module&gt;
    core = ReporterCore()
  File "/Users/runner/work/rfswarm/rfswarm/rfswarm_reporter/rfswarm_reporter.py", line 2743, in __init__
    base.gui = ReporterGUI()
  File "/Users/runner/work/rfswarm/rfswarm/rfswarm_reporter/rfswarm_reporter.py", line 5810, in __init__
    self.root = tk.Tk()
  File "/Users/runner/hostedtoolcache/Python/3.9.18/x64/lib/python3.9/tkinter/__init__.py", line 2272, in __init__
    self._loadtk()
  File "/Users/runner/hostedtoolcache/Python/3.9.18/x64/lib/python3.9/tkinter/__init__.py", line 2288, in _loadtk
    raise RuntimeError("tk.h version (%s) doesn't match libtk.a version (%s)"
RuntimeError: tk.h version (8.5) doesn't match libtk.a version (8.6)' contains 'Traceback'

2) 1 != 0

3) Had to Terminate Process</status>
</if>
<status status="FAIL" start="2024-02-14T04:52:48.667094" elapsed="60.538455">Several failures occurred:

1) 'Traceback (most recent call last):
  File "/Users/runner/work/rfswarm/rfswarm/rfswarm_reporter/rfswarm_reporter.py", line 9704, in &lt;module&gt;
    core = ReporterCore()
  File "/Users/runner/work/rfswarm/rfswarm/rfswarm_reporter/rfswarm_reporter.py", line 2743, in __init__
    base.gui = ReporterGUI()
  File "/Users/runner/work/rfswarm/rfswarm/rfswarm_reporter/rfswarm_reporter.py", line 5810, in __init__
    self.root = tk.Tk()
  File "/Users/runner/hostedtoolcache/Python/3.9.18/x64/lib/python3.9/tkinter/__init__.py", line 2272, in __init__
    self._loadtk()
  File "/Users/runner/hostedtoolcache/Python/3.9.18/x64/lib/python3.9/tkinter/__init__.py", line 2288, in _loadtk
    raise RuntimeError("tk.h version (%s) doesn't match libtk.a version (%s)"
RuntimeError: tk.h version (8.5) doesn't match libtk.a version (8.6)' contains 'Traceback'

2) 1 != 0

3) Had to Terminate Process</status>
</kw>
<status status="FAIL" start="2024-02-14T04:52:46.477949" elapsed="62.727901">Several failures occurred:

1) ImageNotFoundException: Reference image "/Users/runner/work/rfswarm/rfswarm/Tests/Regression/Reporter/Images/file_method/reporter_macos_button_closewindow.png" was not found on screen

2) 'Traceback (most recent call last):
  File "/Users/runner/work/rfswarm/rfswarm/rfswarm_reporter/rfswarm_reporter.py", line 9704, in &lt;module&gt;
    core = ReporterCore()
  File "/Users/runner/work/rfswarm/rfswarm/rfswarm_reporter/rfswarm_reporter.py", line 2743, in __init__
    base.gui = ReporterGUI()
  File "/Users/runner/work/rfswarm/rfswarm/rfswarm_reporter/rfswarm_reporter.py", line 5810, in __init__
    self.root = tk.Tk()
  File "/Users/runner/hostedtoolcache/Python/3.9.18/x64/lib/python3.9/tkinter/__init__.py", line 2272, in __init__
    self._loadtk()
  File "/Users/runner/hostedtoolcache/Python/3.9.18/x64/lib/python3.9/tkinter/__init__.py", line 2288, in _loadtk
    raise RuntimeError("tk.h version (%s) doesn't match libtk.a version (%s)"
RuntimeError: tk.h version (8.5) doesn't match libtk.a version (8.6)' contains 'Traceback'

3) 1 != 0

4) Had to Terminate Process</status>
</kw>
<arg>${keyword}</arg>
<doc>Executes the given keyword with the given arguments.</doc>
<status status="FAIL" start="2024-02-14T04:52:46.477113" elapsed="62.728821">Several failures occurred:

1) ImageNotFoundException: Reference image "/Users/runner/work/rfswarm/rfswarm/Tests/Regression/Reporter/Images/file_method/reporter_macos_button_closewindow.png" was not found on screen

2) 'Traceback (most recent call last):
  File "/Users/runner/work/rfswarm/rfswarm/rfswarm_reporter/rfswarm_reporter.py", line 9704, in &lt;module&gt;
    core = ReporterCore()
  File "/Users/runner/work/rfswarm/rfswarm/rfswarm_reporter/rfswarm_reporter.py", line 2743, in __init__
    base.gui = ReporterGUI()
  File "/Users/runner/work/rfswarm/rfswarm/rfswarm_reporter/rfswarm_reporter.py", line 5810, in __init__
    self.root = tk.Tk()
  File "/Users/runner/hostedtoolcache/Python/3.9.18/x64/lib/python3.9/tkinter/__init__.py", line 2272, in __init__
    self._loadtk()
  File "/Users/runner/hostedtoolcache/Python/3.9.18/x64/lib/python3.9/tkinter/__init__.py", line 2288, in _loadtk
    raise RuntimeError("tk.h version (%s) doesn't match libtk.a version (%s)"
RuntimeError: tk.h version (8.5) doesn't match libtk.a version (8.6)' contains 'Traceback'

3) 1 != 0

4) Had to Terminate Process</status>
</kw>
<status status="FAIL" start="2024-02-14T04:52:46.476895" elapsed="62.729144">Several failures occurred:

1) ImageNotFoundException: Reference image "/Users/runner/work/rfswarm/rfswarm/Tests/Regression/Reporter/Images/file_method/reporter_macos_button_closewindow.png" was not found on screen

2) 'Traceback (most recent call last):
  File "/Users/runner/work/rfswarm/rfswarm/rfswarm_reporter/rfswarm_reporter.py", line 9704, in &lt;module&gt;
    core = ReporterCore()
  File "/Users/runner/work/rfswarm/rfswarm/rfswarm_reporter/rfswarm_reporter.py", line 2743, in __init__
    base.gui = ReporterGUI()
  File "/Users/runner/work/rfswarm/rfswarm/rfswarm_reporter/rfswarm_reporter.py", line 5810, in __init__
    self.root = tk.Tk()
  File "/Users/runner/hostedtoolcache/Python/3.9.18/x64/lib/python3.9/tkinter/__init__.py", line 2272, in __init__
    self._loadtk()
  File "/Users/runner/hostedtoolcache/Python/3.9.18/x64/lib/python3.9/tkinter/__init__.py", line 2288, in _loadtk
    raise RuntimeError("tk.h version (%s) doesn't match libtk.a version (%s)"
RuntimeError: tk.h version (8.5) doesn't match libtk.a version (8.6)' contains 'Traceback'

3) 1 != 0

4) Had to Terminate Process</status>
</branch>
<branch type="ELSE">
<kw name="Wait For Process" owner="Process">
<var>${result}</var>
<arg>${process}</arg>
<arg>timeout=60</arg>
<doc>Waits for the process to complete or to reach the given timeout.</doc>
<status status="NOT RUN" start="2024-02-14T04:53:49.206327" elapsed="0.000025"/>
</kw>
<kw name="Check Result">
<arg>${result}</arg>
<status status="NOT RUN" start="2024-02-14T04:53:49.206532" elapsed="0.000023"/>
</kw>
<status status="NOT RUN" start="2024-02-14T04:53:49.206108" elapsed="0.000481"/>
</branch>
<status status="FAIL" start="2024-02-14T04:52:46.476873" elapsed="62.729743">Several failures occurred:

1) ImageNotFoundException: Reference image "/Users/runner/work/rfswarm/rfswarm/Tests/Regression/Reporter/Images/file_method/reporter_macos_button_closewindow.png" was not found on screen

2) 'Traceback (most recent call last):
  File "/Users/runner/work/rfswarm/rfswarm/rfswarm_reporter/rfswarm_reporter.py", line 9704, in &lt;module&gt;
    core = ReporterCore()
  File "/Users/runner/work/rfswarm/rfswarm/rfswarm_reporter/rfswarm_reporter.py", line 2743, in __init__
    base.gui = ReporterGUI()
  File "/Users/runner/work/rfswarm/rfswarm/rfswarm_reporter/rfswarm_reporter.py", line 5810, in __init__
    self.root = tk.Tk()
  File "/Users/runner/hostedtoolcache/Python/3.9.18/x64/lib/python3.9/tkinter/__init__.py", line 2272, in __init__
    self._loadtk()
  File "/Users/runner/hostedtoolcache/Python/3.9.18/x64/lib/python3.9/tkinter/__init__.py", line 2288, in _loadtk
    raise RuntimeError("tk.h version (%s) doesn't match libtk.a version (%s)"
RuntimeError: tk.h version (8.5) doesn't match libtk.a version (8.6)' contains 'Traceback'

3) 1 != 0

4) Had to Terminate Process</status>
</if>
<status status="FAIL" start="2024-02-14T04:52:46.475074" elapsed="62.731649">Several failures occurred:

1) ImageNotFoundException: Reference image "/Users/runner/work/rfswarm/rfswarm/Tests/Regression/Reporter/Images/file_method/reporter_macos_button_closewindow.png" was not found on screen

2) 'Traceback (most recent call last):
  File "/Users/runner/work/rfswarm/rfswarm/rfswarm_reporter/rfswarm_reporter.py", line 9704, in &lt;module&gt;
    core = ReporterCore()
  File "/Users/runner/work/rfswarm/rfswarm/rfswarm_reporter/rfswarm_reporter.py", line 2743, in __init__
    base.gui = ReporterGUI()
  File "/Users/runner/work/rfswarm/rfswarm/rfswarm_reporter/rfswarm_reporter.py", line 5810, in __init__
    self.root = tk.Tk()
  File "/Users/runner/hostedtoolcache/Python/3.9.18/x64/lib/python3.9/tkinter/__init__.py", line 2272, in __init__
    self._loadtk()
  File "/Users/runner/hostedtoolcache/Python/3.9.18/x64/lib/python3.9/tkinter/__init__.py", line 2288, in _loadtk
    raise RuntimeError("tk.h version (%s) doesn't match libtk.a version (%s)"
RuntimeError: tk.h version (8.5) doesn't match libtk.a version (8.6)' contains 'Traceback'

3) 1 != 0

4) Had to Terminate Process</status>
</branch>
<status status="FAIL" start="2024-02-14T04:52:46.474960" elapsed="62.731818">Several failures occurred:

1) ImageNotFoundException: Reference image "/Users/runner/work/rfswarm/rfswarm/Tests/Regression/Reporter/Images/file_method/reporter_macos_button_closewindow.png" was not found on screen

2) 'Traceback (most recent call last):
  File "/Users/runner/work/rfswarm/rfswarm/rfswarm_reporter/rfswarm_reporter.py", line 9704, in &lt;module&gt;
    core = ReporterCore()
  File "/Users/runner/work/rfswarm/rfswarm/rfswarm_reporter/rfswarm_reporter.py", line 2743, in __init__
    base.gui = ReporterGUI()
  File "/Users/runner/work/rfswarm/rfswarm/rfswarm_reporter/rfswarm_reporter.py", line 5810, in __init__
    self.root = tk.Tk()
  File "/Users/runner/hostedtoolcache/Python/3.9.18/x64/lib/python3.9/tkinter/__init__.py", line 2272, in __init__
    self._loadtk()
  File "/Users/runner/hostedtoolcache/Python/3.9.18/x64/lib/python3.9/tkinter/__init__.py", line 2288, in _loadtk
    raise RuntimeError("tk.h version (%s) doesn't match libtk.a version (%s)"
RuntimeError: tk.h version (8.5) doesn't match libtk.a version (8.6)' contains 'Traceback'

3) 1 != 0

4) Had to Terminate Process</status>
</if>
<kw name="Set Suite Variable" owner="BuiltIn">
<msg time="2024-02-14T04:53:49.207312" level="INFO">${process} = None</msg>
<arg>$process</arg>
<arg>None</arg>
<doc>Makes a variable available everywhere within the scope of the current suite.</doc>
<status status="PASS" start="2024-02-14T04:53:49.206998" elapsed="0.000366"/>
</kw>
<kw name="Sleep" owner="BuiltIn">
<msg time="2024-02-14T04:53:49.708584" level="INFO">Slept 500 milliseconds.</msg>
<arg>0.5</arg>
<doc>Pauses the test executed for the given time.</doc>
<status status="PASS" start="2024-02-14T04:53:49.207493" elapsed="0.501250"/>
</kw>
<status status="FAIL" start="2024-02-14T04:52:46.473227" elapsed="63.235749">Several failures occurred:

1) ImageNotFoundException: Reference image "/Users/runner/work/rfswarm/rfswarm/Tests/Regression/Reporter/Images/file_method/reporter_macos_button_closewindow.png" was not found on screen

2) 'Traceback (most recent call last):
  File "/Users/runner/work/rfswarm/rfswarm/rfswarm_reporter/rfswarm_reporter.py", line 9704, in &lt;module&gt;
    core = ReporterCore()
  File "/Users/runner/work/rfswarm/rfswarm/rfswarm_reporter/rfswarm_reporter.py", line 2743, in __init__
    base.gui = ReporterGUI()
  File "/Users/runner/work/rfswarm/rfswarm/rfswarm_reporter/rfswarm_reporter.py", line 5810, in __init__
    self.root = tk.Tk()
  File "/Users/runner/hostedtoolcache/Python/3.9.18/x64/lib/python3.9/tkinter/__init__.py", line 2272, in __init__
    self._loadtk()
  File "/Users/runner/hostedtoolcache/Python/3.9.18/x64/lib/python3.9/tkinter/__init__.py", line 2288, in _loadtk
    raise RuntimeError("tk.h version (%s) doesn't match libtk.a version (%s)"
RuntimeError: tk.h version (8.5) doesn't match libtk.a version (8.6)' contains 'Traceback'

3) 1 != 0

4) Had to Terminate Process</status>
</kw>
<tag>Issue #149</tag>
<tag>Issue #150</tag>
<tag>macos-latest</tag>
<tag>ubuntu-latest</tag>
<tag>windows-latest</tag>
<status status="FAIL" start="2024-02-14T04:47:45.081324" elapsed="364.627787">ImageNotFoundException: Reference image "/Users/runner/work/rfswarm/rfswarm/Tests/Regression/Reporter/Images/file_method/reporter_macos_status_previewloaded.png" was not found on screen

Also teardown failed:
Several failures occurred:

1) ImageNotFoundException: Reference image "/Users/runner/work/rfswarm/rfswarm/Tests/Regression/Reporter/Images/file_method/reporter_macos_button_closewindow.png" was not found on screen

2) 'Traceback (most recent call last):
  File "/Users/runner/work/rfswarm/rfswarm/rfswarm_reporter/rfswarm_reporter.py", line 9704, in &lt;module&gt;
    core = ReporterCore()
  File "/Users/runner/work/rfswarm/rfswarm/rfswarm_reporter/rfswarm_reporter.py", line 2743, in __init__
    base.gui = ReporterGUI()
  File "/Users/runner/work/rfswarm/rfswarm/rfswarm_reporter/rfswarm_reporter.py", line 5810, in __init__
    self.root = tk.Tk()
  File "/Users/runner/hostedtoolcache/Python/3.9.18/x64/lib/python3.9/tkinter/__init__.py", line 2272, in __init__
    self._loadtk()
  File "/Users/runner/hostedtoolcache/Python/3.9.18/x64/lib/python3.9/tkinter/__init__.py", line 2288, in _loadtk
    raise RuntimeError("tk.h version (%s) doesn't match libtk.a version (%s)"
RuntimeError: tk.h version (8.5) doesn't match libtk.a version (8.6)' contains 'Traceback'

3) 1 != 0

4) Had to Terminate Process</status>
</test>
<status status="FAIL" start="2024-02-14T04:29:33.263489" elapsed="1456.447481"/>
</suite>
<status status="FAIL" start="2024-02-14T04:29:16.692202" elapsed="1473.019809"/>
</suite>
<statistics>
<total>
<stat pass="5" fail="4" skip="0">All Tests</stat>
</total>
<tag>
<stat pass="1" fail="0" skip="0">DOCX</stat>
<stat pass="1" fail="0" skip="0">HTML</stat>
<stat pass="3" fail="0" skip="0">Issue #144</stat>
<stat pass="0" fail="1" skip="0">Issue #147</stat>
<stat pass="0" fail="1" skip="0">Issue #149</stat>
<stat pass="0" fail="1" skip="0">Issue #150</stat>
<stat pass="5" fail="4" skip="0">macos-latest</stat>
<stat pass="5" fail="4" skip="0">ubuntu-latest</stat>
<stat pass="5" fail="4" skip="0">windows-latest</stat>
<stat pass="1" fail="0" skip="0">XLSX</stat>
</tag>
<suite>
<stat pass="5" fail="4" skip="0" id="s1" name="Reporter">Reporter</stat>
<stat pass="5" fail="0" skip="0" id="s1-s1" name="CommandLine">Reporter.CommandLine</stat>
<stat pass="0" fail="4" skip="0" id="s1-s2" name="GUI Basic">Reporter.GUI Basic</stat>
</suite>
</statistics>
<errors>
</errors>
</robot>
