<?xml version="1.0" encoding="UTF-8"?>
<robot generator="Robot 6.0.2 (Python 3.9.16 on darwin)" generated="20230529 05:22:28.094" rpa="false" schemaversion="3">
<suite id="s1" name="Manager" source="/Users/runner/work/rfswarm/rfswarm/Tests/Regression/Manager">
<suite id="s1-s1" name="CommandLine" source="/Users/runner/work/rfswarm/rfswarm/Tests/Regression/Manager/CommandLine.robot">
<kw name="Clean Up Old Files" type="SETUP">
<tag>macos-latest</tag>
<tag>ubuntu-latest</tag>
<tag>windows-latest</tag>
<kw name="Log To Console" library="BuiltIn">
<arg>${OUTPUT DIR}</arg>
<doc>Logs the given message to the console.</doc>
<status status="PASS" starttime="20230529 05:22:28.132" endtime="20230529 05:22:28.132"/>
</kw>
<kw name="Remove File" library="OperatingSystem">
<arg>${OUTPUT DIR}${/}*.txt</arg>
<doc>Removes a file with the given path.</doc>
<msg timestamp="20230529 05:22:28.134" level="INFO" html="true">Removed file '&lt;a href="file:///Users/runner/work/rfswarm/rfswarm/Tests/Regression/Manager/Logs/macos-latest_3.9/stdout.txt"&gt;/Users/runner/work/rfswarm/rfswarm/Tests/Regression/Manager/Logs/macos-latest_3.9/stdout.txt&lt;/a&gt;'.</msg>
<msg timestamp="20230529 05:22:28.134" level="INFO" html="true">Removed file '&lt;a href="file:///Users/runner/work/rfswarm/rfswarm/Tests/Regression/Manager/Logs/macos-latest_3.9/stderr.txt"&gt;/Users/runner/work/rfswarm/rfswarm/Tests/Regression/Manager/Logs/macos-latest_3.9/stderr.txt&lt;/a&gt;'.</msg>
<status status="PASS" starttime="20230529 05:22:28.132" endtime="20230529 05:22:28.134"/>
</kw>
<kw name="Remove File" library="OperatingSystem">
<arg>${OUTPUT DIR}${/}*.png</arg>
<doc>Removes a file with the given path.</doc>
<msg timestamp="20230529 05:22:28.135" level="INFO" html="true">File '&lt;a href="file:///Users/runner/work/rfswarm/rfswarm/Tests/Regression/Manager/Logs/macos-latest_3.9/*.png"&gt;/Users/runner/work/rfswarm/rfswarm/Tests/Regression/Manager/Logs/macos-latest_3.9/*.png&lt;/a&gt;' does not exist.</msg>
<status status="PASS" starttime="20230529 05:22:28.134" endtime="20230529 05:22:28.135"/>
</kw>
<status status="PASS" starttime="20230529 05:22:28.131" endtime="20230529 05:22:28.135"/>
</kw>
<test id="s1-s1-t1" name="Random Offset" line="7">
<kw name="Evaluate" library="BuiltIn">
<var>${random}</var>
<arg>random.randint(0, 60)</arg>
<doc>Evaluates the given expression in Python and returns the result.</doc>
<msg timestamp="20230529 05:22:28.136" level="INFO">${random} = 13</msg>
<status status="PASS" starttime="20230529 05:22:28.136" endtime="20230529 05:22:28.136"/>
</kw>
<kw name="Sleep" library="BuiltIn">
<arg>${random}</arg>
<doc>Pauses the test executed for the given time.</doc>
<msg timestamp="20230529 05:22:41.138" level="INFO">Slept 13 seconds</msg>
<status status="PASS" starttime="20230529 05:22:28.137" endtime="20230529 05:22:41.138"/>
</kw>
<doc>This just prevents all the test runners doing git push at the same time</doc>
<tag>macos-latest</tag>
<tag>ubuntu-latest</tag>
<tag>windows-latest</tag>
<status status="PASS" starttime="20230529 05:22:28.135" endtime="20230529 05:22:41.139"/>
</test>
<test id="s1-s1-t2" name="Manager Version" line="13">
<kw name="Run" library="OperatingSystem">
<var>${result}</var>
<arg>python3 ${EXECDIR}${/}rfswarm_manager${/}rfswarm.py -v</arg>
<doc>Runs the given command in the system and returns the output.</doc>
<msg timestamp="20230529 05:22:41.148" level="INFO">Running command 'python3 /Users/runner/work/rfswarm/rfswarm/rfswarm_manager/rfswarm.py -v 2&gt;&amp;1'.</msg>
<msg timestamp="20230529 05:23:19.453" level="INFO">${result} = Matplotlib is building the font cache; this may take a moment.
Robot Framework Swarm: Manager 
	Version 1.1.3 </msg>
<status status="PASS" starttime="20230529 05:22:41.139" endtime="20230529 05:23:19.453"/>
</kw>
<kw name="Log To Console" library="BuiltIn">
<arg>${\n}${result}</arg>
<doc>Logs the given message to the console.</doc>
<status status="PASS" starttime="20230529 05:23:19.454" endtime="20230529 05:23:19.454"/>
</kw>
<kw name="Should Contain" library="BuiltIn">
<arg>${result}</arg>
<arg>Version</arg>
<doc>Fails if ``container`` does not contain ``item`` one or more times.</doc>
<status status="PASS" starttime="20230529 05:23:19.454" endtime="20230529 05:23:19.455"/>
</kw>
<kw name="Should Contain" library="BuiltIn">
<arg>${result}</arg>
<arg>Manager</arg>
<doc>Fails if ``container`` does not contain ``item`` one or more times.</doc>
<status status="PASS" starttime="20230529 05:23:19.455" endtime="20230529 05:23:19.455"/>
</kw>
<tag>macos-latest</tag>
<tag>ubuntu-latest</tag>
<tag>windows-latest</tag>
<status status="PASS" starttime="20230529 05:22:41.139" endtime="20230529 05:23:19.455"/>
</test>
<test id="s1-s1-t3" name="Manager Help" line="20">
<kw name="Run" library="OperatingSystem">
<var>${result}</var>
<arg>python3 ${EXECDIR}${/}rfswarm_manager${/}rfswarm.py -h</arg>
<doc>Runs the given command in the system and returns the output.</doc>
<msg timestamp="20230529 05:23:19.459" level="INFO">Running command 'python3 /Users/runner/work/rfswarm/rfswarm/rfswarm_manager/rfswarm.py -h 2&gt;&amp;1'.</msg>
<msg timestamp="20230529 05:23:20.397" level="INFO">${result} = Robot Framework Swarm: Manager 
	Version 1.1.3 
usage: rfswarm.py [-h] [-g DEBUG] [-v] [-i INI] [-s SCENARIO] [-r] [-a AGENTS]
                  [-n] [-t STARTTIME] [-d DIR] [-e IPADDRESS] [-p PORT]

...</msg>
<status status="PASS" starttime="20230529 05:23:19.456" endtime="20230529 05:23:20.397"/>
</kw>
<kw name="Log To Console" library="BuiltIn">
<arg>${\n}${result}</arg>
<doc>Logs the given message to the console.</doc>
<status status="PASS" starttime="20230529 05:23:20.398" endtime="20230529 05:23:20.398"/>
</kw>
<kw name="Should Contain" library="BuiltIn">
<arg>${result}</arg>
<arg>IPADDRESS</arg>
<doc>Fails if ``container`` does not contain ``item`` one or more times.</doc>
<status status="PASS" starttime="20230529 05:23:20.399" endtime="20230529 05:23:20.399"/>
</kw>
<tag>macos-latest</tag>
<tag>ubuntu-latest</tag>
<tag>windows-latest</tag>
<status status="PASS" starttime="20230529 05:23:19.456" endtime="20230529 05:23:20.399"/>
</test>
<status status="PASS" starttime="20230529 05:22:28.121" endtime="20230529 05:23:20.400"/>
</suite>
<suite id="s1-s2" name="GUI Basic" source="/Users/runner/work/rfswarm/rfswarm/Tests/Regression/Manager/GUI_Basic.robot">
<test id="s1-s2-t1" name="Open GUI" line="14">
<kw name="Set Suite Variable" library="BuiltIn">
<arg>${platform}</arg>
<arg>macos</arg>
<doc>Makes a variable available everywhere within the scope of the current suite.</doc>
<msg timestamp="20230529 05:23:40.741" level="INFO">${platform} = macos</msg>
<status status="PASS" starttime="20230529 05:23:40.740" endtime="20230529 05:23:40.741"/>
</kw>
<kw name="Set Confidence" library="ImageHorizonLibrary">
<arg>0.9</arg>
<doc>Sets the accuracy when finding images.</doc>
<status status="PASS" starttime="20230529 05:23:40.741" endtime="20230529 05:23:40.742"/>
</kw>
<kw name="Start Process" library="Process">
<var>${process}</var>
<arg>python3</arg>
<arg>${pyfile}</arg>
<arg>alias=Manager</arg>
<arg>stdout=${OUTPUT DIR}${/}stdout.txt</arg>
<arg>stderr=${OUTPUT DIR}${/}stderr.txt</arg>
<doc>Starts a new process on background.</doc>
<msg timestamp="20230529 05:23:40.743" level="INFO">Starting process:
python3 /Users/runner/work/rfswarm/rfswarm/rfswarm_manager/rfswarm.py</msg>
<msg timestamp="20230529 05:23:40.750" level="INFO">${process} = &lt;Popen: returncode: None args: ['python3', '/Users/runner/work/rfswarm/rfswa...&gt;</msg>
<status status="PASS" starttime="20230529 05:23:40.742" endtime="20230529 05:23:40.750"/>
</kw>
<kw name="Set Test Variable" library="BuiltIn">
<arg>$process</arg>
<arg>${process}</arg>
<doc>Makes a variable available everywhere within the scope of the current test.</doc>
<msg timestamp="20230529 05:23:40.751" level="INFO">${process} = &lt;Popen: returncode: None args: ['python3', '/Users/runner/work/rfswarm/rfswa...&gt;</msg>
<status status="PASS" starttime="20230529 05:23:40.750" endtime="20230529 05:23:40.751"/>
</kw>
<kw name="Sleep" library="BuiltIn">
<arg>10</arg>
<doc>Pauses the test executed for the given time.</doc>
<msg timestamp="20230529 05:23:50.752" level="INFO">Slept 10 seconds</msg>
<status status="PASS" starttime="20230529 05:23:40.751" endtime="20230529 05:23:50.752"/>
</kw>
<kw name="Set Screenshot Folder" library="ImageHorizonLibrary">
<arg>${OUTPUT DIR}</arg>
<doc>Sets the folder where screenshots are saved to.</doc>
<status status="PASS" starttime="20230529 05:23:50.752" endtime="20230529 05:23:50.753"/>
</kw>
<kw name="Take A Screenshot" library="ImageHorizonLibrary">
<doc>Takes a screenshot of the screen.</doc>
<msg timestamp="20230529 05:23:50.753" level="INFO" html="true">Screenshot taken: /Users/runner/work/rfswarm/rfswarm/Tests/Regression/Manager/Logs/macos-latest_3.9/Manager.GUIBasic-screenshot-1.png&lt;br/&gt;&lt;img src="/Users/runner/work/rfswarm/rfswarm/Tests/Regression/Manager/Logs/macos-latest_3.9/Manager.GUIBasic-screenshot-1.png" width="100%" /&gt;</msg>
<msg timestamp="20230529 05:23:50.754" level="FAIL">TypeError: '&lt;' not supported between instances of 'str' and 'int'</msg>
<status status="FAIL" starttime="20230529 05:23:50.753" endtime="20230529 05:23:50.755"/>
</kw>
<tag>macos-latest</tag>
<status status="FAIL" starttime="20230529 05:23:40.739" endtime="20230529 05:23:50.756">TypeError: '&lt;' not supported between instances of 'str' and 'int'</status>
</test>
<test id="s1-s2-t2" name="Select Run Tab" line="44">
<kw name="Click Tab">
<arg>Run</arg>
<kw name="Convert To Lower Case" library="String">
<var>${tabnamel}</var>
<arg>${tabname}</arg>
<doc>Converts string to lower case.</doc>
<msg timestamp="20230529 05:23:50.758" level="INFO">${tabnamel} = run</msg>
<status status="PASS" starttime="20230529 05:23:50.757" endtime="20230529 05:23:50.758"/>
</kw>
<kw name="Set Variable" library="BuiltIn">
<var>${img}</var>
<arg>manager_${platform}_tab_${tabnamel}.png</arg>
<doc>Returns the given values which can then be assigned to a variables.</doc>
<msg timestamp="20230529 05:23:50.758" level="INFO">${img} = manager_macos_tab_run.png</msg>
<status status="PASS" starttime="20230529 05:23:50.758" endtime="20230529 05:23:50.758"/>
</kw>
<kw name="Log" library="BuiltIn">
<arg>/Users/runner/work/rfswarm/rfswarm/Tests/Regression/Manager</arg>
<doc>Logs the given message with the given level.</doc>
<msg timestamp="20230529 05:23:50.759" level="INFO">/Users/runner/work/rfswarm/rfswarm/Tests/Regression/Manager</msg>
<status status="PASS" starttime="20230529 05:23:50.758" endtime="20230529 05:23:50.759"/>
</kw>
<kw name="Log" library="BuiltIn">
<arg>${IMAGE_DIR}</arg>
<doc>Logs the given message with the given level.</doc>
<msg timestamp="20230529 05:23:50.759" level="INFO">/Users/runner/work/rfswarm/rfswarm/Tests/Regression/Manager/Images/file_method</msg>
<status status="PASS" starttime="20230529 05:23:50.759" endtime="20230529 05:23:50.759"/>
</kw>
<kw name="Wait For" library="ImageHorizonLibrary">
<arg>${img}</arg>
<arg>timeout=300</arg>
<doc>Tries to locate given image from the screen for given time.</doc>
<msg timestamp="20230529 05:23:50.760" level="FAIL">TypeError: '&lt;' not supported between instances of 'str' and 'int'</msg>
<status status="FAIL" starttime="20230529 05:23:50.759" endtime="20230529 05:23:50.761"/>
</kw>
<kw name="Locate" library="ImageHorizonLibrary">
<var>@{coordinates}</var>
<arg>${img}</arg>
<doc>Locate image on screen.</doc>
<status status="NOT RUN" starttime="20230529 05:23:50.761" endtime="20230529 05:23:50.761"/>
</kw>
<kw name="Click Image" library="ImageHorizonLibrary">
<arg>${img}</arg>
<doc>Finds the reference image on screen and clicks it once.</doc>
<status status="NOT RUN" starttime="20230529 05:23:50.761" endtime="20230529 05:23:50.761"/>
</kw>
<kw name="Sleep" library="BuiltIn">
<arg>0.1</arg>
<doc>Pauses the test executed for the given time.</doc>
<status status="NOT RUN" starttime="20230529 05:23:50.761" endtime="20230529 05:23:50.761"/>
</kw>
<kw name="Take A Screenshot" library="ImageHorizonLibrary">
<doc>Takes a screenshot of the screen.</doc>
<status status="NOT RUN" starttime="20230529 05:23:50.761" endtime="20230529 05:23:50.761"/>
</kw>
<status status="FAIL" starttime="20230529 05:23:50.757" endtime="20230529 05:23:50.762"/>
</kw>
<kw name="Sleep" library="BuiltIn">
<arg>5</arg>
<doc>Pauses the test executed for the given time.</doc>
<status status="NOT RUN" starttime="20230529 05:23:50.762" endtime="20230529 05:23:50.762"/>
</kw>
<tag>macos-latest</tag>
<tag>ubuntu-latest</tag>
<tag>windows-latest</tag>
<status status="FAIL" starttime="20230529 05:23:50.756" endtime="20230529 05:23:50.762">TypeError: '&lt;' not supported between instances of 'str' and 'int'</status>
</test>
<test id="s1-s2-t3" name="Select Agents Tab" line="49">
<kw name="Click Tab">
<arg>Agents</arg>
<kw name="Convert To Lower Case" library="String">
<var>${tabnamel}</var>
<arg>${tabname}</arg>
<doc>Converts string to lower case.</doc>
<msg timestamp="20230529 05:23:50.764" level="INFO">${tabnamel} = agents</msg>
<status status="PASS" starttime="20230529 05:23:50.763" endtime="20230529 05:23:50.764"/>
</kw>
<kw name="Set Variable" library="BuiltIn">
<var>${img}</var>
<arg>manager_${platform}_tab_${tabnamel}.png</arg>
<doc>Returns the given values which can then be assigned to a variables.</doc>
<msg timestamp="20230529 05:23:50.764" level="INFO">${img} = manager_macos_tab_agents.png</msg>
<status status="PASS" starttime="20230529 05:23:50.764" endtime="20230529 05:23:50.764"/>
</kw>
<kw name="Log" library="BuiltIn">
<arg>/Users/runner/work/rfswarm/rfswarm/Tests/Regression/Manager</arg>
<doc>Logs the given message with the given level.</doc>
<msg timestamp="20230529 05:23:50.765" level="INFO">/Users/runner/work/rfswarm/rfswarm/Tests/Regression/Manager</msg>
<status status="PASS" starttime="20230529 05:23:50.764" endtime="20230529 05:23:50.765"/>
</kw>
<kw name="Log" library="BuiltIn">
<arg>${IMAGE_DIR}</arg>
<doc>Logs the given message with the given level.</doc>
<msg timestamp="20230529 05:23:50.765" level="INFO">/Users/runner/work/rfswarm/rfswarm/Tests/Regression/Manager/Images/file_method</msg>
<status status="PASS" starttime="20230529 05:23:50.765" endtime="20230529 05:23:50.765"/>
</kw>
<kw name="Wait For" library="ImageHorizonLibrary">
<arg>${img}</arg>
<arg>timeout=300</arg>
<doc>Tries to locate given image from the screen for given time.</doc>
<msg timestamp="20230529 05:23:50.766" level="FAIL">TypeError: '&lt;' not supported between instances of 'str' and 'int'</msg>
<status status="FAIL" starttime="20230529 05:23:50.765" endtime="20230529 05:23:50.766"/>
</kw>
<kw name="Locate" library="ImageHorizonLibrary">
<var>@{coordinates}</var>
<arg>${img}</arg>
<doc>Locate image on screen.</doc>
<status status="NOT RUN" starttime="20230529 05:23:50.766" endtime="20230529 05:23:50.766"/>
</kw>
<kw name="Click Image" library="ImageHorizonLibrary">
<arg>${img}</arg>
<doc>Finds the reference image on screen and clicks it once.</doc>
<status status="NOT RUN" starttime="20230529 05:23:50.766" endtime="20230529 05:23:50.766"/>
</kw>
<kw name="Sleep" library="BuiltIn">
<arg>0.1</arg>
<doc>Pauses the test executed for the given time.</doc>
<status status="NOT RUN" starttime="20230529 05:23:50.766" endtime="20230529 05:23:50.766"/>
</kw>
<kw name="Take A Screenshot" library="ImageHorizonLibrary">
<doc>Takes a screenshot of the screen.</doc>
<status status="NOT RUN" starttime="20230529 05:23:50.766" endtime="20230529 05:23:50.767"/>
</kw>
<status status="FAIL" starttime="20230529 05:23:50.763" endtime="20230529 05:23:50.767"/>
</kw>
<kw name="Sleep" library="BuiltIn">
<arg>5</arg>
<doc>Pauses the test executed for the given time.</doc>
<status status="NOT RUN" starttime="20230529 05:23:50.767" endtime="20230529 05:23:50.767"/>
</kw>
<tag>macos-latest</tag>
<tag>ubuntu-latest</tag>
<tag>windows-latest</tag>
<status status="FAIL" starttime="20230529 05:23:50.762" endtime="20230529 05:23:50.767">TypeError: '&lt;' not supported between instances of 'str' and 'int'</status>
</test>
<test id="s1-s2-t4" name="Select About Tab" line="54">
<kw name="Click Tab">
<arg>About</arg>
<kw name="Convert To Lower Case" library="String">
<var>${tabnamel}</var>
<arg>${tabname}</arg>
<doc>Converts string to lower case.</doc>
<msg timestamp="20230529 05:23:50.769" level="INFO">${tabnamel} = about</msg>
<status status="PASS" starttime="20230529 05:23:50.768" endtime="20230529 05:23:50.769"/>
</kw>
<kw name="Set Variable" library="BuiltIn">
<var>${img}</var>
<arg>manager_${platform}_tab_${tabnamel}.png</arg>
<doc>Returns the given values which can then be assigned to a variables.</doc>
<msg timestamp="20230529 05:23:50.769" level="INFO">${img} = manager_macos_tab_about.png</msg>
<status status="PASS" starttime="20230529 05:23:50.769" endtime="20230529 05:23:50.769"/>
</kw>
<kw name="Log" library="BuiltIn">
<arg>/Users/runner/work/rfswarm/rfswarm/Tests/Regression/Manager</arg>
<doc>Logs the given message with the given level.</doc>
<msg timestamp="20230529 05:23:50.769" level="INFO">/Users/runner/work/rfswarm/rfswarm/Tests/Regression/Manager</msg>
<status status="PASS" starttime="20230529 05:23:50.769" endtime="20230529 05:23:50.770"/>
</kw>
<kw name="Log" library="BuiltIn">
<arg>${IMAGE_DIR}</arg>
<doc>Logs the given message with the given level.</doc>
<msg timestamp="20230529 05:23:50.770" level="INFO">/Users/runner/work/rfswarm/rfswarm/Tests/Regression/Manager/Images/file_method</msg>
<status status="PASS" starttime="20230529 05:23:50.770" endtime="20230529 05:23:50.770"/>
</kw>
<kw name="Wait For" library="ImageHorizonLibrary">
<arg>${img}</arg>
<arg>timeout=300</arg>
<doc>Tries to locate given image from the screen for given time.</doc>
<msg timestamp="20230529 05:23:50.771" level="FAIL">TypeError: '&lt;' not supported between instances of 'str' and 'int'</msg>
<status status="FAIL" starttime="20230529 05:23:50.770" endtime="20230529 05:23:50.771"/>
</kw>
<kw name="Locate" library="ImageHorizonLibrary">
<var>@{coordinates}</var>
<arg>${img}</arg>
<doc>Locate image on screen.</doc>
<status status="NOT RUN" starttime="20230529 05:23:50.771" endtime="20230529 05:23:50.771"/>
</kw>
<kw name="Click Image" library="ImageHorizonLibrary">
<arg>${img}</arg>
<doc>Finds the reference image on screen and clicks it once.</doc>
<status status="NOT RUN" starttime="20230529 05:23:50.771" endtime="20230529 05:23:50.771"/>
</kw>
<kw name="Sleep" library="BuiltIn">
<arg>0.1</arg>
<doc>Pauses the test executed for the given time.</doc>
<status status="NOT RUN" starttime="20230529 05:23:50.771" endtime="20230529 05:23:50.771"/>
</kw>
<kw name="Take A Screenshot" library="ImageHorizonLibrary">
<doc>Takes a screenshot of the screen.</doc>
<status status="NOT RUN" starttime="20230529 05:23:50.772" endtime="20230529 05:23:50.772"/>
</kw>
<status status="FAIL" starttime="20230529 05:23:50.768" endtime="20230529 05:23:50.772"/>
</kw>
<kw name="Sleep" library="BuiltIn">
<arg>5</arg>
<doc>Pauses the test executed for the given time.</doc>
<status status="NOT RUN" starttime="20230529 05:23:50.772" endtime="20230529 05:23:50.772"/>
</kw>
<tag>macos-latest</tag>
<tag>ubuntu-latest</tag>
<tag>windows-latest</tag>
<status status="FAIL" starttime="20230529 05:23:50.767" endtime="20230529 05:23:50.772">TypeError: '&lt;' not supported between instances of 'str' and 'int'</status>
</test>
<test id="s1-s2-t5" name="Select Plan Tab" line="59">
<kw name="Click Tab">
<arg>Plan</arg>
<kw name="Convert To Lower Case" library="String">
<var>${tabnamel}</var>
<arg>${tabname}</arg>
<doc>Converts string to lower case.</doc>
<msg timestamp="20230529 05:23:50.774" level="INFO">${tabnamel} = plan</msg>
<status status="PASS" starttime="20230529 05:23:50.773" endtime="20230529 05:23:50.774"/>
</kw>
<kw name="Set Variable" library="BuiltIn">
<var>${img}</var>
<arg>manager_${platform}_tab_${tabnamel}.png</arg>
<doc>Returns the given values which can then be assigned to a variables.</doc>
<msg timestamp="20230529 05:23:50.774" level="INFO">${img} = manager_macos_tab_plan.png</msg>
<status status="PASS" starttime="20230529 05:23:50.774" endtime="20230529 05:23:50.774"/>
</kw>
<kw name="Log" library="BuiltIn">
<arg>/Users/runner/work/rfswarm/rfswarm/Tests/Regression/Manager</arg>
<doc>Logs the given message with the given level.</doc>
<msg timestamp="20230529 05:23:50.775" level="INFO">/Users/runner/work/rfswarm/rfswarm/Tests/Regression/Manager</msg>
<status status="PASS" starttime="20230529 05:23:50.774" endtime="20230529 05:23:50.775"/>
</kw>
<kw name="Log" library="BuiltIn">
<arg>${IMAGE_DIR}</arg>
<doc>Logs the given message with the given level.</doc>
<msg timestamp="20230529 05:23:50.775" level="INFO">/Users/runner/work/rfswarm/rfswarm/Tests/Regression/Manager/Images/file_method</msg>
<status status="PASS" starttime="20230529 05:23:50.775" endtime="20230529 05:23:50.775"/>
</kw>
<kw name="Wait For" library="ImageHorizonLibrary">
<arg>${img}</arg>
<arg>timeout=300</arg>
<doc>Tries to locate given image from the screen for given time.</doc>
<msg timestamp="20230529 05:23:50.776" level="FAIL">TypeError: '&lt;' not supported between instances of 'str' and 'int'</msg>
<status status="FAIL" starttime="20230529 05:23:50.775" endtime="20230529 05:23:50.776"/>
</kw>
<kw name="Locate" library="ImageHorizonLibrary">
<var>@{coordinates}</var>
<arg>${img}</arg>
<doc>Locate image on screen.</doc>
<status status="NOT RUN" starttime="20230529 05:23:50.776" endtime="20230529 05:23:50.776"/>
</kw>
<kw name="Click Image" library="ImageHorizonLibrary">
<arg>${img}</arg>
<doc>Finds the reference image on screen and clicks it once.</doc>
<status status="NOT RUN" starttime="20230529 05:23:50.777" endtime="20230529 05:23:50.777"/>
</kw>
<kw name="Sleep" library="BuiltIn">
<arg>0.1</arg>
<doc>Pauses the test executed for the given time.</doc>
<status status="NOT RUN" starttime="20230529 05:23:50.777" endtime="20230529 05:23:50.777"/>
</kw>
<kw name="Take A Screenshot" library="ImageHorizonLibrary">
<doc>Takes a screenshot of the screen.</doc>
<status status="NOT RUN" starttime="20230529 05:23:50.777" endtime="20230529 05:23:50.777"/>
</kw>
<status status="FAIL" starttime="20230529 05:23:50.773" endtime="20230529 05:23:50.777"/>
</kw>
<kw name="Sleep" library="BuiltIn">
<arg>5</arg>
<doc>Pauses the test executed for the given time.</doc>
<status status="NOT RUN" starttime="20230529 05:23:50.777" endtime="20230529 05:23:50.777"/>
</kw>
<tag>macos-latest</tag>
<tag>ubuntu-latest</tag>
<tag>windows-latest</tag>
<status status="FAIL" starttime="20230529 05:23:50.773" endtime="20230529 05:23:50.778">TypeError: '&lt;' not supported between instances of 'str' and 'int'</status>
</test>
<test id="s1-s2-t6" name="Close GUI" line="78">
<kw name="Click Image" library="ImageHorizonLibrary">
<arg>manager_${platform}_button_closewindow.png</arg>
<doc>Finds the reference image on screen and clicks it once.</doc>
<msg timestamp="20230529 05:23:50.779" level="FAIL">TypeError: '&lt;' not supported between instances of 'str' and 'int'</msg>
<status status="FAIL" starttime="20230529 05:23:50.778" endtime="20230529 05:23:50.779"/>
</kw>
<kw name="Take A Screenshot" library="ImageHorizonLibrary">
<doc>Takes a screenshot of the screen.</doc>
<status status="NOT RUN" starttime="20230529 05:23:50.779" endtime="20230529 05:23:50.779"/>
</kw>
<kw name="Wait For Process" library="Process">
<var>${result}</var>
<arg>${process}</arg>
<arg>timeout=60</arg>
<doc>Waits for the process to complete or to reach the given timeout.</doc>
<status status="NOT RUN" starttime="20230529 05:23:50.780" endtime="20230529 05:23:50.780"/>
</kw>
<kw name="Is Process Running" library="Process">
<var>${running}</var>
<arg>${process}</arg>
<doc>Checks is the process running or not.</doc>
<status status="NOT RUN" starttime="20230529 05:23:50.780" endtime="20230529 05:23:50.780"/>
</kw>
<if>
<branch type="IF" condition="not ${running}">
<kw name="Should Be Equal As Integers" library="BuiltIn">
<arg>${result.rc}</arg>
<arg>0</arg>
<doc>Fails if objects are unequal after converting them to integers.</doc>
<status status="NOT RUN" starttime="20230529 05:23:50.780" endtime="20230529 05:23:50.780"/>
</kw>
<status status="NOT RUN" starttime="20230529 05:23:50.780" endtime="20230529 05:23:50.780"/>
</branch>
<branch type="ELSE">
<kw name="Take A Screenshot" library="ImageHorizonLibrary">
<doc>Takes a screenshot of the screen.</doc>
<status status="NOT RUN" starttime="20230529 05:23:50.780" endtime="20230529 05:23:50.780"/>
</kw>
<kw name="Terminate Process" library="Process">
<var>${result}</var>
<arg>${process}</arg>
<doc>Stops the process gracefully or forcefully.</doc>
<status status="NOT RUN" starttime="20230529 05:23:50.781" endtime="20230529 05:23:50.781"/>
</kw>
<kw name="Fail" library="BuiltIn">
<doc>Fails the test with the given message and optionally alters its tags.</doc>
<status status="NOT RUN" starttime="20230529 05:23:50.781" endtime="20230529 05:23:50.781"/>
</kw>
<status status="NOT RUN" starttime="20230529 05:23:50.780" endtime="20230529 05:23:50.781"/>
</branch>
<status status="NOT RUN" starttime="20230529 05:23:50.780" endtime="20230529 05:23:50.781"/>
</if>
<tag>macos-latest</tag>
<status status="FAIL" starttime="20230529 05:23:50.778" endtime="20230529 05:23:50.781">TypeError: '&lt;' not supported between instances of 'str' and 'int'</status>
</test>
<status status="FAIL" starttime="20230529 05:23:20.402" endtime="20230529 05:23:50.782"/>
</suite>
<status status="FAIL" starttime="20230529 05:22:28.096" endtime="20230529 05:23:50.783"/>
</suite>
<statistics>
<total>
<stat pass="3" fail="6" skip="0">All Tests</stat>
</total>
<tag>
<stat pass="3" fail="6" skip="0">macos-latest</stat>
<stat pass="3" fail="4" skip="0">ubuntu-latest</stat>
<stat pass="3" fail="4" skip="0">windows-latest</stat>
</tag>
<suite>
<stat pass="3" fail="6" skip="0" id="s1" name="Manager">Manager</stat>
<stat pass="3" fail="0" skip="0" id="s1-s1" name="CommandLine">Manager.CommandLine</stat>
<stat pass="0" fail="6" skip="0" id="s1-s2" name="GUI Basic">Manager.GUI Basic</stat>
</suite>
</statistics>
<errors>
</errors>
</robot>
