<?xml version="1.0" encoding="UTF-8"?>
<robot generator="Robot 4.1.3 (Python 3.9.10 on darwin)" generated="20220223 08:34:46.588" rpa="false" schemaversion="2">
<suite id="s1" name="Manager" source="/Users/runner/work/rfswarm/rfswarm/Tests/Regression/Manager">
<suite id="s1-s1" name="CommandLine" source="/Users/runner/work/rfswarm/rfswarm/Tests/Regression/Manager/CommandLine.robot">
<kw name="Clean Up Old Files" type="SETUP">
<tag>macos-latest</tag>
<tag>ubuntu-latest</tag>
<tag>windows-latest</tag>
<kw name="Log To Console" library="BuiltIn">
<arg>${OUTPUT DIR}</arg>
<doc>Logs the given message to the console.</doc>
<status status="PASS" starttime="20220223 08:34:46.641" endtime="20220223 08:34:46.642"/>
</kw>
<kw name="Remove File" library="OperatingSystem">
<arg>${OUTPUT DIR}${/}*.txt</arg>
<doc>Removes a file with the given path.</doc>
<msg timestamp="20220223 08:34:46.643" level="INFO" html="true">Removed file '&lt;a href="file:///Users/runner/work/rfswarm/rfswarm/Tests/Regression/Manager/Logs/macos-latest_3.9/stdout.txt"&gt;/Users/runner/work/rfswarm/rfswarm/Tests/Regression/Manager/Logs/macos-latest_3.9/stdout.txt&lt;/a&gt;'.</msg>
<msg timestamp="20220223 08:34:46.643" level="INFO" html="true">Removed file '&lt;a href="file:///Users/runner/work/rfswarm/rfswarm/Tests/Regression/Manager/Logs/macos-latest_3.9/stderr.txt"&gt;/Users/runner/work/rfswarm/rfswarm/Tests/Regression/Manager/Logs/macos-latest_3.9/stderr.txt&lt;/a&gt;'.</msg>
<status status="PASS" starttime="20220223 08:34:46.642" endtime="20220223 08:34:46.643"/>
</kw>
<kw name="Remove File" library="OperatingSystem">
<arg>${OUTPUT DIR}${/}sikuli_captured${/}*.*</arg>
<doc>Removes a file with the given path.</doc>
<msg timestamp="20220223 08:34:46.644" level="INFO" html="true">Removed file '&lt;a href="file:///Users/runner/work/rfswarm/rfswarm/Tests/Regression/Manager/Logs/macos-latest_3.9/sikuli_captured/sikuliximage-1645567367057.png"&gt;/Users/runner/work/rfswarm/rfswarm/Tests/Regression/Manager/Logs/macos-latest_3.9/sikuli_captured/sikuliximage-1645567367057.png&lt;/a&gt;'.</msg>
<status status="PASS" starttime="20220223 08:34:46.643" endtime="20220223 08:34:46.644"/>
</kw>
<status status="PASS" starttime="20220223 08:34:46.641" endtime="20220223 08:34:46.644"/>
</kw>
<test id="s1-s1-t1" name="Random Offset">
<kw name="Evaluate" library="BuiltIn">
<var>${random}</var>
<arg>random.randint(0, 60)</arg>
<doc>Evaluates the given expression in Python and returns the result.</doc>
<msg timestamp="20220223 08:34:46.645" level="INFO">${random} = 31</msg>
<status status="PASS" starttime="20220223 08:34:46.645" endtime="20220223 08:34:46.645"/>
</kw>
<kw name="Sleep" library="BuiltIn">
<arg>${random}</arg>
<doc>Pauses the test executed for the given time.</doc>
<msg timestamp="20220223 08:35:17.676" level="INFO">Slept 31 seconds</msg>
<status status="PASS" starttime="20220223 08:34:46.645" endtime="20220223 08:35:17.676"/>
</kw>
<doc>This just prevents all the test runners doing git push at the same time</doc>
<tag>macos-latest</tag>
<tag>ubuntu-latest</tag>
<tag>windows-latest</tag>
<status status="PASS" starttime="20220223 08:34:46.644" endtime="20220223 08:35:17.676"/>
</test>
<test id="s1-s1-t2" name="Manager Version">
<kw name="Run" library="OperatingSystem">
<var>${result}</var>
<arg>python3 ${EXECDIR}${/}rfswarm_manager${/}rfswarm.py -v</arg>
<doc>Runs the given command in the system and returns the output.</doc>
<msg timestamp="20220223 08:35:17.683" level="INFO">Running command 'python3 /Users/runner/work/rfswarm/rfswarm/rfswarm_manager/rfswarm.py -v 2&gt;&amp;1'.</msg>
<msg timestamp="20220223 08:35:29.803" level="INFO">${result} = Unable to revert mtime: /Library/Fonts
Robot Framework Swarm: Manager 
	Version 1.1.0 </msg>
<status status="PASS" starttime="20220223 08:35:17.677" endtime="20220223 08:35:29.804"/>
</kw>
<kw name="Log To Console" library="BuiltIn">
<arg>${\n}${result}</arg>
<doc>Logs the given message to the console.</doc>
<status status="PASS" starttime="20220223 08:35:29.804" endtime="20220223 08:35:29.805"/>
</kw>
<kw name="Should Contain" library="BuiltIn">
<arg>${result}</arg>
<arg>Version</arg>
<doc>Fails if ``container`` does not contain ``item`` one or more times.</doc>
<status status="PASS" starttime="20220223 08:35:29.805" endtime="20220223 08:35:29.805"/>
</kw>
<kw name="Should Contain" library="BuiltIn">
<arg>${result}</arg>
<arg>Manager</arg>
<doc>Fails if ``container`` does not contain ``item`` one or more times.</doc>
<status status="PASS" starttime="20220223 08:35:29.805" endtime="20220223 08:35:29.805"/>
</kw>
<tag>macos-latest</tag>
<tag>ubuntu-latest</tag>
<tag>windows-latest</tag>
<status status="PASS" starttime="20220223 08:35:17.677" endtime="20220223 08:35:29.806"/>
</test>
<test id="s1-s1-t3" name="Manager Help">
<kw name="Run" library="OperatingSystem">
<var>${result}</var>
<arg>python3 ${EXECDIR}${/}rfswarm_manager${/}rfswarm.py -h</arg>
<doc>Runs the given command in the system and returns the output.</doc>
<msg timestamp="20220223 08:35:29.810" level="INFO">Running command 'python3 /Users/runner/work/rfswarm/rfswarm/rfswarm_manager/rfswarm.py -h 2&gt;&amp;1'.</msg>
<msg timestamp="20220223 08:35:31.270" level="INFO">${result} = Robot Framework Swarm: Manager 
	Version 1.1.0 
usage: rfswarm.py [-h] [-g DEBUG] [-v] [-i INI] [-s SCENARIO] [-r] [-a AGENTS]
                  [-n] [-t STARTTIME] [-d DIR] [-e IPADDRESS] [-p PORT]

...</msg>
<status status="PASS" starttime="20220223 08:35:29.807" endtime="20220223 08:35:31.271"/>
</kw>
<kw name="Log To Console" library="BuiltIn">
<arg>${\n}${result}</arg>
<doc>Logs the given message to the console.</doc>
<status status="PASS" starttime="20220223 08:35:31.271" endtime="20220223 08:35:31.272"/>
</kw>
<kw name="Should Contain" library="BuiltIn">
<arg>${result}</arg>
<arg>IPADDRESS</arg>
<doc>Fails if ``container`` does not contain ``item`` one or more times.</doc>
<status status="PASS" starttime="20220223 08:35:31.272" endtime="20220223 08:35:31.272"/>
</kw>
<tag>macos-latest</tag>
<tag>ubuntu-latest</tag>
<tag>windows-latest</tag>
<status status="PASS" starttime="20220223 08:35:29.806" endtime="20220223 08:35:31.272"/>
</test>
<status status="PASS" starttime="20220223 08:34:46.629" endtime="20220223 08:35:31.273"/>
</suite>
<suite id="s1-s2" name="GUI Basic" source="/Users/runner/work/rfswarm/rfswarm/Tests/Regression/Manager/GUI_Basic.robot">
<kw name="Sikili Setup" type="SETUP">
<kw name="Start Sikuli Process" library="SikuliLibrary">
<msg timestamp="20220223 08:35:31.316" level="INFO">Starting process:
java -jar /Users/runner/hostedtoolcache/Python/3.9.10/x64/lib/python3.9/site-packages/SikuliLibrary/lib/SikuliLibrary.jar 49233 /Users/runner/work/rfswarm/rfswarm/Tests/Regression/Manager/Logs/macos-latest_3.9</msg>
<msg timestamp="20220223 08:35:31.324" level="INFO">Start sikuli java process on port 49233</msg>
<msg timestamp="20220223 08:35:33.467" level="INFO">Sikuli java process is started</msg>
<status status="PASS" starttime="20220223 08:35:31.313" endtime="20220223 08:35:37.208"/>
</kw>
<kw name="Add Image Path" library="SikuliLibrary">
<arg>${IMAGE_DIR}</arg>
<doc>Add image path</doc>
<status status="PASS" starttime="20220223 08:35:37.208" endtime="20220223 08:35:37.231"/>
</kw>
<status status="PASS" starttime="20220223 08:35:31.312" endtime="20220223 08:35:37.232"/>
</kw>
<test id="s1-s2-t1" name="GUI Runs and Closes">
<kw name="Start Process" library="Process">
<arg>python3</arg>
<arg>${EXECDIR}${/}rfswarm_manager${/}rfswarm.py</arg>
<arg>-g</arg>
<arg>5</arg>
<arg>alias=Manager</arg>
<arg>stdout=${OUTPUT DIR}${/}stdout.txt</arg>
<arg>stderr=${OUTPUT DIR}${/}stderr.txt</arg>
<doc>Starts a new process on background.</doc>
<msg timestamp="20220223 08:35:37.234" level="INFO">Starting process:
python3 /Users/runner/work/rfswarm/rfswarm/rfswarm_manager/rfswarm.py -g 5</msg>
<status status="PASS" starttime="20220223 08:35:37.232" endtime="20220223 08:35:37.239"/>
</kw>
<kw name="Sleep" library="BuiltIn">
<arg>60</arg>
<doc>Pauses the test executed for the given time.</doc>
<msg timestamp="20220223 08:36:37.248" level="INFO">Slept 1 minute</msg>
<status status="PASS" starttime="20220223 08:35:37.239" endtime="20220223 08:36:37.249"/>
</kw>
<kw name="Capture Screen" library="SikuliLibrary">
<doc>Capture whole screen, file name is returned</doc>
<msg timestamp="20220223 08:36:38.714" level="INFO" html="true">&lt;img src='sikuli_captured/sikuliximage-1645605398093.png'/&gt;</msg>
<status status="PASS" starttime="20220223 08:36:37.249" endtime="20220223 08:36:38.714"/>
</kw>
<tag>macos-latest</tag>
<status status="PASS" starttime="20220223 08:35:37.232" endtime="20220223 08:36:38.714"/>
</test>
<kw name="Sikili Teardown" type="TEARDOWN">
<kw name="Is Process Running" library="Process">
<var>${running}</var>
<arg>Manager</arg>
<doc>Checks is the process running or not.</doc>
<msg timestamp="20220223 08:36:38.716" level="INFO">${running} = True</msg>
<status status="PASS" starttime="20220223 08:36:38.715" endtime="20220223 08:36:38.716"/>
</kw>
<if>
<branch type="IF" condition="${running}">
<kw name="Terminate Process" library="Process">
<var>${result}</var>
<arg>Manager</arg>
<doc>Stops the process gracefully or forcefully.</doc>
<msg timestamp="20220223 08:36:38.716" level="INFO">Gracefully terminating process.</msg>
<msg timestamp="20220223 08:36:41.062" level="INFO">Process completed.</msg>
<msg timestamp="20220223 08:36:41.062" level="INFO">${result} = &lt;result object with rc 0&gt;</msg>
<status status="PASS" starttime="20220223 08:36:38.716" endtime="20220223 08:36:41.062"/>
</kw>
<kw name="Log" library="BuiltIn">
<arg>${result}</arg>
<doc>Logs the given message with the given level.</doc>
<msg timestamp="20220223 08:36:41.064" level="INFO">&lt;result object with rc 0&gt;</msg>
<status status="PASS" starttime="20220223 08:36:41.064" endtime="20220223 08:36:41.064"/>
</kw>
<kw name="Get File" library="OperatingSystem">
<var>${stdout}</var>
<arg>${OUTPUT DIR}${/}stdout.txt</arg>
<doc>Returns the contents of a specified file.</doc>
<msg timestamp="20220223 08:36:41.065" level="INFO" html="true">Getting file '&lt;a href="file:///Users/runner/work/rfswarm/rfswarm/Tests/Regression/Manager/Logs/macos-latest_3.9/stdout.txt"&gt;/Users/runner/work/rfswarm/rfswarm/Tests/Regression/Manager/Logs/macos-latest_3.9/stdout.txt&lt;/a&gt;'.</msg>
<msg timestamp="20220223 08:36:41.065" level="INFO">${stdout} = </msg>
<status status="PASS" starttime="20220223 08:36:41.064" endtime="20220223 08:36:41.065"/>
</kw>
<kw name="Log" library="BuiltIn">
<arg>${stdout}</arg>
<doc>Logs the given message with the given level.</doc>
<msg timestamp="20220223 08:36:41.068" level="INFO"/>
<status status="PASS" starttime="20220223 08:36:41.065" endtime="20220223 08:36:41.068"/>
</kw>
<kw name="Get File" library="OperatingSystem">
<var>${stderr}</var>
<arg>${OUTPUT DIR}${/}stderr.txt</arg>
<doc>Returns the contents of a specified file.</doc>
<msg timestamp="20220223 08:36:41.069" level="INFO" html="true">Getting file '&lt;a href="file:///Users/runner/work/rfswarm/rfswarm/Tests/Regression/Manager/Logs/macos-latest_3.9/stderr.txt"&gt;/Users/runner/work/rfswarm/rfswarm/Tests/Regression/Manager/Logs/macos-latest_3.9/stderr.txt&lt;/a&gt;'.</msg>
<msg timestamp="20220223 08:36:41.069" level="INFO">${stderr} = </msg>
<status status="PASS" starttime="20220223 08:36:41.068" endtime="20220223 08:36:41.069"/>
</kw>
<kw name="Log" library="BuiltIn">
<arg>${stderr}</arg>
<doc>Logs the given message with the given level.</doc>
<msg timestamp="20220223 08:36:41.069" level="INFO"/>
<status status="PASS" starttime="20220223 08:36:41.069" endtime="20220223 08:36:41.069"/>
</kw>
<status status="PASS" starttime="20220223 08:36:38.716" endtime="20220223 08:36:41.069"/>
</branch>
<status status="PASS" starttime="20220223 08:36:38.716" endtime="20220223 08:36:41.077"/>
</if>
<kw name="Stop Remote Server" library="SikuliLibrary">
<doc>Stops the remote server.</doc>
<msg timestamp="20220223 08:36:41.093" level="INFO">Robot Framework remote server stopping</msg>
<status status="PASS" starttime="20220223 08:36:41.077" endtime="20220223 08:36:41.094"/>
</kw>
<status status="PASS" starttime="20220223 08:36:38.715" endtime="20220223 08:36:41.094"/>
</kw>
<status status="PASS" starttime="20220223 08:35:31.275" endtime="20220223 08:36:41.094"/>
</suite>
<status status="PASS" starttime="20220223 08:34:46.591" endtime="20220223 08:36:41.096"/>
</suite>
<statistics>
<total>
<stat pass="4" fail="0" skip="0">All Tests</stat>
</total>
<tag>
<stat pass="4" fail="0" skip="0">macos-latest</stat>
<stat pass="3" fail="0" skip="0">ubuntu-latest</stat>
<stat pass="3" fail="0" skip="0">windows-latest</stat>
</tag>
<suite>
<stat pass="4" fail="0" skip="0" id="s1" name="Manager">Manager</stat>
<stat pass="3" fail="0" skip="0" id="s1-s1" name="CommandLine">Manager.CommandLine</stat>
<stat pass="1" fail="0" skip="0" id="s1-s2" name="GUI Basic">Manager.GUI Basic</stat>
</suite>
</statistics>
<errors>
</errors>
</robot>
