<?xml version="1.0" encoding="UTF-8"?>
<robot generator="Robot 4.1.3 (Python 3.9.10 on darwin)" generated="20220222 21:31:01.599" rpa="false" schemaversion="2">
<suite id="s1" name="Manager" source="/Users/runner/work/rfswarm/rfswarm/Tests/Regression/Manager">
<suite id="s1-s1" name="CommandLine" source="/Users/runner/work/rfswarm/rfswarm/Tests/Regression/Manager/CommandLine.robot">
<kw name="Clean Up Old Files" type="SETUP">
<tag>macos-latest</tag>
<tag>ubuntu-latest</tag>
<tag>windows-latest</tag>
<kw name="Log To Console" library="BuiltIn">
<arg>${OUTPUT DIR}</arg>
<doc>Logs the given message to the console.</doc>
<status status="PASS" starttime="20220222 21:31:01.639" endtime="20220222 21:31:01.640"/>
</kw>
<kw name="Remove File" library="OperatingSystem">
<arg>${OUTPUT DIR}${/}*.txt</arg>
<doc>Removes a file with the given path.</doc>
<msg timestamp="20220222 21:31:01.641" level="INFO" html="true">File '&lt;a href="file:///Users/runner/work/rfswarm/rfswarm/Tests/Regression/Manager/Logs/macos-latest_3.9/*.txt"&gt;/Users/runner/work/rfswarm/rfswarm/Tests/Regression/Manager/Logs/macos-latest_3.9/*.txt&lt;/a&gt;' does not exist.</msg>
<status status="PASS" starttime="20220222 21:31:01.640" endtime="20220222 21:31:01.641"/>
</kw>
<kw name="Remove File" library="OperatingSystem">
<arg>${OUTPUT DIR}${/}sikuli_captured${/}*.*</arg>
<doc>Removes a file with the given path.</doc>
<msg timestamp="20220222 21:31:01.641" level="INFO" html="true">File '&lt;a href="file:///Users/runner/work/rfswarm/rfswarm/Tests/Regression/Manager/Logs/macos-latest_3.9/sikuli_captured/*.*"&gt;/Users/runner/work/rfswarm/rfswarm/Tests/Regression/Manager/Logs/macos-latest_3.9/sikuli_captured/*.*&lt;/a&gt;' does not exist.</msg>
<status status="PASS" starttime="20220222 21:31:01.641" endtime="20220222 21:31:01.642"/>
</kw>
<status status="PASS" starttime="20220222 21:31:01.639" endtime="20220222 21:31:01.642"/>
</kw>
<test id="s1-s1-t1" name="Random Offset">
<kw name="Evaluate" library="BuiltIn">
<var>${random}</var>
<arg>random.randint(0, 60)</arg>
<doc>Evaluates the given expression in Python and returns the result.</doc>
<msg timestamp="20220222 21:31:01.643" level="INFO">${random} = 5</msg>
<status status="PASS" starttime="20220222 21:31:01.642" endtime="20220222 21:31:01.643"/>
</kw>
<kw name="Sleep" library="BuiltIn">
<arg>${random}</arg>
<doc>Pauses the test executed for the given time.</doc>
<msg timestamp="20220222 21:31:06.657" level="INFO">Slept 5 seconds</msg>
<status status="PASS" starttime="20220222 21:31:01.643" endtime="20220222 21:31:06.657"/>
</kw>
<doc>This just prevents all the test runners doing git push at the same time</doc>
<tag>macos-latest</tag>
<tag>ubuntu-latest</tag>
<tag>windows-latest</tag>
<status status="PASS" starttime="20220222 21:31:01.642" endtime="20220222 21:31:06.657"/>
</test>
<test id="s1-s1-t2" name="Manager Version">
<kw name="Run" library="OperatingSystem">
<var>${result}</var>
<arg>python3 ${EXECDIR}${/}rfswarm_manager${/}rfswarm.py -v</arg>
<doc>Runs the given command in the system and returns the output.</doc>
<msg timestamp="20220222 21:31:06.663" level="INFO">Running command 'python3 /Users/runner/work/rfswarm/rfswarm/rfswarm_manager/rfswarm.py -v 2&gt;&amp;1'.</msg>
<msg timestamp="20220222 21:31:18.090" level="INFO">${result} = Unable to revert mtime: /Library/Fonts
Robot Framework Swarm: Manager 
	Version 1.1.0 </msg>
<status status="PASS" starttime="20220222 21:31:06.658" endtime="20220222 21:31:18.091"/>
</kw>
<kw name="Log To Console" library="BuiltIn">
<arg>${\n}${result}</arg>
<doc>Logs the given message to the console.</doc>
<status status="PASS" starttime="20220222 21:31:18.091" endtime="20220222 21:31:18.092"/>
</kw>
<kw name="Should Contain" library="BuiltIn">
<arg>${result}</arg>
<arg>Version</arg>
<doc>Fails if ``container`` does not contain ``item`` one or more times.</doc>
<status status="PASS" starttime="20220222 21:31:18.092" endtime="20220222 21:31:18.092"/>
</kw>
<kw name="Should Contain" library="BuiltIn">
<arg>${result}</arg>
<arg>Manager</arg>
<doc>Fails if ``container`` does not contain ``item`` one or more times.</doc>
<status status="PASS" starttime="20220222 21:31:18.092" endtime="20220222 21:31:18.092"/>
</kw>
<tag>macos-latest</tag>
<tag>ubuntu-latest</tag>
<tag>windows-latest</tag>
<status status="PASS" starttime="20220222 21:31:06.657" endtime="20220222 21:31:18.093"/>
</test>
<test id="s1-s1-t3" name="Manager Help">
<kw name="Run" library="OperatingSystem">
<var>${result}</var>
<arg>python3 ${EXECDIR}${/}rfswarm_manager${/}rfswarm.py -h</arg>
<doc>Runs the given command in the system and returns the output.</doc>
<msg timestamp="20220222 21:31:18.096" level="INFO">Running command 'python3 /Users/runner/work/rfswarm/rfswarm/rfswarm_manager/rfswarm.py -h 2&gt;&amp;1'.</msg>
<msg timestamp="20220222 21:31:19.299" level="INFO">${result} = Robot Framework Swarm: Manager 
	Version 1.1.0 
usage: rfswarm.py [-h] [-g DEBUG] [-v] [-i INI] [-s SCENARIO] [-r] [-a AGENTS]
                  [-n] [-t STARTTIME] [-d DIR] [-e IPADDRESS] [-p PORT]

...</msg>
<status status="PASS" starttime="20220222 21:31:18.094" endtime="20220222 21:31:19.299"/>
</kw>
<kw name="Log To Console" library="BuiltIn">
<arg>${\n}${result}</arg>
<doc>Logs the given message to the console.</doc>
<status status="PASS" starttime="20220222 21:31:19.299" endtime="20220222 21:31:19.300"/>
</kw>
<kw name="Should Contain" library="BuiltIn">
<arg>${result}</arg>
<arg>IPADDRESS</arg>
<doc>Fails if ``container`` does not contain ``item`` one or more times.</doc>
<status status="PASS" starttime="20220222 21:31:19.300" endtime="20220222 21:31:19.300"/>
</kw>
<tag>macos-latest</tag>
<tag>ubuntu-latest</tag>
<tag>windows-latest</tag>
<status status="PASS" starttime="20220222 21:31:18.093" endtime="20220222 21:31:19.300"/>
</test>
<status status="PASS" starttime="20220222 21:31:01.628" endtime="20220222 21:31:19.301"/>
</suite>
<suite id="s1-s2" name="GUI Basic" source="/Users/runner/work/rfswarm/rfswarm/Tests/Regression/Manager/GUI_Basic.robot">
<kw name="Sikili Setup" type="SETUP">
<kw name="Start Sikuli Process" library="SikuliLibrary">
<msg timestamp="20220222 21:31:19.337" level="INFO">Starting process:
java -jar /Users/runner/hostedtoolcache/Python/3.9.10/x64/lib/python3.9/site-packages/SikuliLibrary/lib/SikuliLibrary.jar 49431 /Users/runner/work/rfswarm/rfswarm/Tests/Regression/Manager/Logs/macos-latest_3.9</msg>
<msg timestamp="20220222 21:31:19.342" level="INFO">Start sikuli java process on port 49431</msg>
<msg timestamp="20220222 21:31:21.661" level="INFO">Sikuli java process is started</msg>
<status status="PASS" starttime="20220222 21:31:19.334" endtime="20220222 21:31:24.477"/>
</kw>
<kw name="Add Image Path" library="SikuliLibrary">
<arg>${IMAGE_DIR}</arg>
<doc>Add image path</doc>
<status status="PASS" starttime="20220222 21:31:24.477" endtime="20220222 21:31:24.499"/>
</kw>
<status status="PASS" starttime="20220222 21:31:19.333" endtime="20220222 21:31:24.499"/>
</kw>
<test id="s1-s2-t1" name="GUI Runs and Closes">
<kw name="Start Process" library="Process">
<arg>python3</arg>
<arg>${EXECDIR}${/}rfswarm_manager${/}rfswarm.py</arg>
<arg>-g</arg>
<arg>5</arg>
<arg>alias=Manager</arg>
<arg>stdout=${OUTPUT DIR}${/}stdout.txt</arg>
<arg>stderr=${OUTPUT DIR}${/}stderr.txt</arg>
<doc>Starts a new process on background.</doc>
<msg timestamp="20220222 21:31:24.501" level="INFO">Starting process:
python3 /Users/runner/work/rfswarm/rfswarm/rfswarm_manager/rfswarm.py -g 5</msg>
<status status="PASS" starttime="20220222 21:31:24.500" endtime="20220222 21:31:24.506"/>
</kw>
<kw name="Sleep" library="BuiltIn">
<arg>60</arg>
<doc>Pauses the test executed for the given time.</doc>
<msg timestamp="20220222 21:32:24.514" level="INFO">Slept 1 minute</msg>
<status status="PASS" starttime="20220222 21:31:24.507" endtime="20220222 21:32:24.515"/>
</kw>
<kw name="Capture Screen" library="SikuliLibrary">
<doc>Capture whole screen, file name is returned</doc>
<msg timestamp="20220222 21:32:25.618" level="INFO" html="true">&lt;img src='sikuli_captured/sikuliximage-1645565544818.png'/&gt;</msg>
<status status="PASS" starttime="20220222 21:32:24.515" endtime="20220222 21:32:25.618"/>
</kw>
<tag>macos-latest</tag>
<status status="PASS" starttime="20220222 21:31:24.499" endtime="20220222 21:32:25.618"/>
</test>
<kw name="Sikili Teardown" type="TEARDOWN">
<kw name="Is Process Running" library="Process">
<var>${running}</var>
<arg>Manager</arg>
<doc>Checks is the process running or not.</doc>
<msg timestamp="20220222 21:32:25.620" level="INFO">${running} = True</msg>
<status status="PASS" starttime="20220222 21:32:25.619" endtime="20220222 21:32:25.620"/>
</kw>
<if>
<branch type="IF" condition="${running}">
<kw name="Terminate Process" library="Process">
<var>${result}</var>
<arg>Manager</arg>
<doc>Stops the process gracefully or forcefully.</doc>
<msg timestamp="20220222 21:32:25.620" level="INFO">Gracefully terminating process.</msg>
<msg timestamp="20220222 21:32:27.392" level="INFO">Process completed.</msg>
<msg timestamp="20220222 21:32:27.392" level="INFO">${result} = &lt;result object with rc 0&gt;</msg>
<status status="PASS" starttime="20220222 21:32:25.620" endtime="20220222 21:32:27.393"/>
</kw>
<kw name="Log" library="BuiltIn">
<arg>${result}</arg>
<doc>Logs the given message with the given level.</doc>
<msg timestamp="20220222 21:32:27.395" level="INFO">&lt;result object with rc 0&gt;</msg>
<status status="PASS" starttime="20220222 21:32:27.395" endtime="20220222 21:32:27.396"/>
</kw>
<kw name="Get File" library="OperatingSystem">
<var>${stdout}</var>
<arg>${OUTPUT DIR}${/}stdout.txt</arg>
<doc>Returns the contents of a specified file.</doc>
<msg timestamp="20220222 21:32:27.396" level="INFO" html="true">Getting file '&lt;a href="file:///Users/runner/work/rfswarm/rfswarm/Tests/Regression/Manager/Logs/macos-latest_3.9/stdout.txt"&gt;/Users/runner/work/rfswarm/rfswarm/Tests/Regression/Manager/Logs/macos-latest_3.9/stdout.txt&lt;/a&gt;'.</msg>
<msg timestamp="20220222 21:32:27.396" level="INFO">${stdout} = </msg>
<status status="PASS" starttime="20220222 21:32:27.396" endtime="20220222 21:32:27.397"/>
</kw>
<kw name="Log" library="BuiltIn">
<arg>${stdout}</arg>
<doc>Logs the given message with the given level.</doc>
<msg timestamp="20220222 21:32:27.397" level="INFO"/>
<status status="PASS" starttime="20220222 21:32:27.397" endtime="20220222 21:32:27.397"/>
</kw>
<kw name="Get File" library="OperatingSystem">
<var>${stderr}</var>
<arg>${OUTPUT DIR}${/}stderr.txt</arg>
<doc>Returns the contents of a specified file.</doc>
<msg timestamp="20220222 21:32:27.398" level="INFO" html="true">Getting file '&lt;a href="file:///Users/runner/work/rfswarm/rfswarm/Tests/Regression/Manager/Logs/macos-latest_3.9/stderr.txt"&gt;/Users/runner/work/rfswarm/rfswarm/Tests/Regression/Manager/Logs/macos-latest_3.9/stderr.txt&lt;/a&gt;'.</msg>
<msg timestamp="20220222 21:32:27.398" level="INFO">${stderr} = </msg>
<status status="PASS" starttime="20220222 21:32:27.397" endtime="20220222 21:32:27.398"/>
</kw>
<kw name="Log" library="BuiltIn">
<arg>${stderr}</arg>
<doc>Logs the given message with the given level.</doc>
<msg timestamp="20220222 21:32:27.398" level="INFO"/>
<status status="PASS" starttime="20220222 21:32:27.398" endtime="20220222 21:32:27.398"/>
</kw>
<status status="PASS" starttime="20220222 21:32:25.620" endtime="20220222 21:32:27.398"/>
</branch>
<status status="PASS" starttime="20220222 21:32:25.620" endtime="20220222 21:32:27.399"/>
</if>
<kw name="Stop Remote Server" library="SikuliLibrary">
<doc>Stops the remote server.</doc>
<msg timestamp="20220222 21:32:27.403" level="INFO">Robot Framework remote server stopping</msg>
<status status="PASS" starttime="20220222 21:32:27.399" endtime="20220222 21:32:27.403"/>
</kw>
<status status="PASS" starttime="20220222 21:32:25.619" endtime="20220222 21:32:27.403"/>
</kw>
<status status="PASS" starttime="20220222 21:31:19.303" endtime="20220222 21:32:27.403"/>
</suite>
<status status="PASS" starttime="20220222 21:31:01.601" endtime="20220222 21:32:27.405"/>
</suite>
<statistics>
<total>
<stat pass="4" fail="0" skip="0">All Tests</stat>
</total>
<tag>
<stat pass="4" fail="0" skip="0">macos-latest</stat>
<stat pass="3" fail="0" skip="0">ubuntu-latest</stat>
<stat pass="3" fail="0" skip="0">windows-latest</stat>
</tag>
<suite>
<stat pass="4" fail="0" skip="0" id="s1" name="Manager">Manager</stat>
<stat pass="3" fail="0" skip="0" id="s1-s1" name="CommandLine">Manager.CommandLine</stat>
<stat pass="1" fail="0" skip="0" id="s1-s2" name="GUI Basic">Manager.GUI Basic</stat>
</suite>
</statistics>
<errors>
</errors>
</robot>
