<?xml version="1.0" encoding="UTF-8"?>
<robot generator="Robot 7.0 (Python 3.12.2 on darwin)" generated="2024-03-04T14:34:00.703535" rpa="false" schemaversion="5">
<suite id="s1" name="Reporter" source="/Users/runner/work/rfswarm/rfswarm/Tests/Regression/Reporter">
<suite id="s1-s1" name="CommandLine" source="/Users/runner/work/rfswarm/rfswarm/Tests/Regression/Reporter/CommandLine.robot">
<kw name="Clean Up Old Files" type="SETUP">
<kw name="Log To Console" owner="BuiltIn">
<arg>${OUTPUT DIR}</arg>
<doc>Logs the given message to the console.</doc>
<status status="PASS" start="2024-03-04T14:34:00.749843" elapsed="0.000270"/>
</kw>
<kw name="Remove File" owner="OperatingSystem">
<msg time="2024-03-04T14:34:00.751088" level="INFO" html="true">Removed file '&lt;a href="file:///Users/runner/work/rfswarm/rfswarm/Tests/Regression/Reporter/Logs/macos-latest_3.10/stdout.txt"&gt;/Users/runner/work/rfswarm/rfswarm/Tests/Regression/Reporter/Logs/macos-latest_3.10/stdout.txt&lt;/a&gt;'.</msg>
<msg time="2024-03-04T14:34:00.751286" level="INFO" html="true">Removed file '&lt;a href="file:///Users/runner/work/rfswarm/rfswarm/Tests/Regression/Reporter/Logs/macos-latest_3.10/stderr.txt"&gt;/Users/runner/work/rfswarm/rfswarm/Tests/Regression/Reporter/Logs/macos-latest_3.10/stderr.txt&lt;/a&gt;'.</msg>
<arg>${OUTPUT DIR}${/}*.txt</arg>
<doc>Removes a file with the given path.</doc>
<status status="PASS" start="2024-03-04T14:34:00.750287" elapsed="0.001090"/>
</kw>
<kw name="Remove File" owner="OperatingSystem">
<msg time="2024-03-04T14:34:00.753513" level="INFO" html="true">Removed file '&lt;a href="file:///Users/runner/work/rfswarm/rfswarm/Tests/Regression/Reporter/Logs/macos-latest_3.10/Reporter.GUIBasic-screenshot-8.png"&gt;/Users/runner/work/rfswarm/rfswarm/Tests/Regression/Reporter/Logs/macos-latest_3.10/Reporter.GUIBasic-screenshot-8.png&lt;/a&gt;'.</msg>
<msg time="2024-03-04T14:34:00.753824" level="INFO" html="true">Removed file '&lt;a href="file:///Users/runner/work/rfswarm/rfswarm/Tests/Regression/Reporter/Logs/macos-latest_3.10/Reporter.GUIBasic-screenshot-9.png"&gt;/Users/runner/work/rfswarm/rfswarm/Tests/Regression/Reporter/Logs/macos-latest_3.10/Reporter.GUIBasic-screenshot-9.png&lt;/a&gt;'.</msg>
<msg time="2024-03-04T14:34:00.754842" level="INFO" html="true">Removed file '&lt;a href="file:///Users/runner/work/rfswarm/rfswarm/Tests/Regression/Reporter/Logs/macos-latest_3.10/Reporter.GUIBasic-screenshot-18.png"&gt;/Users/runner/work/rfswarm/rfswarm/Tests/Regression/Reporter/Logs/macos-latest_3.10/Reporter.GUIBasic-screenshot-18.png&lt;/a&gt;'.</msg>
<msg time="2024-03-04T14:34:00.755267" level="INFO" html="true">Removed file '&lt;a href="file:///Users/runner/work/rfswarm/rfswarm/Tests/Regression/Reporter/Logs/macos-latest_3.10/Reporter.GUIBasic-screenshot-19.png"&gt;/Users/runner/work/rfswarm/rfswarm/Tests/Regression/Reporter/Logs/macos-latest_3.10/Reporter.GUIBasic-screenshot-19.png&lt;/a&gt;'.</msg>
<msg time="2024-03-04T14:34:00.755551" level="INFO" html="true">Removed file '&lt;a href="file:///Users/runner/work/rfswarm/rfswarm/Tests/Regression/Reporter/Logs/macos-latest_3.10/Reporter.GUIBasic-screenshot-20.png"&gt;/Users/runner/work/rfswarm/rfswarm/Tests/Regression/Reporter/Logs/macos-latest_3.10/Reporter.GUIBasic-screenshot-20.png&lt;/a&gt;'.</msg>
<msg time="2024-03-04T14:34:00.755848" level="INFO" html="true">Removed file '&lt;a href="file:///Users/runner/work/rfswarm/rfswarm/Tests/Regression/Reporter/Logs/macos-latest_3.10/Reporter.GUIBasic-screenshot-12.png"&gt;/Users/runner/work/rfswarm/rfswarm/Tests/Regression/Reporter/Logs/macos-latest_3.10/Reporter.GUIBasic-screenshot-12.png&lt;/a&gt;'.</msg>
<msg time="2024-03-04T14:34:00.756101" level="INFO" html="true">Removed file '&lt;a href="file:///Users/runner/work/rfswarm/rfswarm/Tests/Regression/Reporter/Logs/macos-latest_3.10/Reporter.GUIBasic-screenshot-1.png"&gt;/Users/runner/work/rfswarm/rfswarm/Tests/Regression/Reporter/Logs/macos-latest_3.10/Reporter.GUIBasic-screenshot-1.png&lt;/a&gt;'.</msg>
<msg time="2024-03-04T14:34:00.756341" level="INFO" html="true">Removed file '&lt;a href="file:///Users/runner/work/rfswarm/rfswarm/Tests/Regression/Reporter/Logs/macos-latest_3.10/Reporter.GUIBasic-screenshot-13.png"&gt;/Users/runner/work/rfswarm/rfswarm/Tests/Regression/Reporter/Logs/macos-latest_3.10/Reporter.GUIBasic-screenshot-13.png&lt;/a&gt;'.</msg>
<msg time="2024-03-04T14:34:00.756585" level="INFO" html="true">Removed file '&lt;a href="file:///Users/runner/work/rfswarm/rfswarm/Tests/Regression/Reporter/Logs/macos-latest_3.10/Reporter.GUIBasic-screenshot-11.png"&gt;/Users/runner/work/rfswarm/rfswarm/Tests/Regression/Reporter/Logs/macos-latest_3.10/Reporter.GUIBasic-screenshot-11.png&lt;/a&gt;'.</msg>
<msg time="2024-03-04T14:34:00.756833" level="INFO" html="true">Removed file '&lt;a href="file:///Users/runner/work/rfswarm/rfswarm/Tests/Regression/Reporter/Logs/macos-latest_3.10/Reporter.GUIBasic-screenshot-2.png"&gt;/Users/runner/work/rfswarm/rfswarm/Tests/Regression/Reporter/Logs/macos-latest_3.10/Reporter.GUIBasic-screenshot-2.png&lt;/a&gt;'.</msg>
<msg time="2024-03-04T14:34:00.757345" level="INFO" html="true">Removed file '&lt;a href="file:///Users/runner/work/rfswarm/rfswarm/Tests/Regression/Reporter/Logs/macos-latest_3.10/Reporter.GUIBasic-screenshot-3.png"&gt;/Users/runner/work/rfswarm/rfswarm/Tests/Regression/Reporter/Logs/macos-latest_3.10/Reporter.GUIBasic-screenshot-3.png&lt;/a&gt;'.</msg>
<msg time="2024-03-04T14:34:00.757593" level="INFO" html="true">Removed file '&lt;a href="file:///Users/runner/work/rfswarm/rfswarm/Tests/Regression/Reporter/Logs/macos-latest_3.10/Reporter.GUIBasic-screenshot-10.png"&gt;/Users/runner/work/rfswarm/rfswarm/Tests/Regression/Reporter/Logs/macos-latest_3.10/Reporter.GUIBasic-screenshot-10.png&lt;/a&gt;'.</msg>
<msg time="2024-03-04T14:34:00.757836" level="INFO" html="true">Removed file '&lt;a href="file:///Users/runner/work/rfswarm/rfswarm/Tests/Regression/Reporter/Logs/macos-latest_3.10/Reporter.GUIBasic-screenshot-14.png"&gt;/Users/runner/work/rfswarm/rfswarm/Tests/Regression/Reporter/Logs/macos-latest_3.10/Reporter.GUIBasic-screenshot-14.png&lt;/a&gt;'.</msg>
<msg time="2024-03-04T14:34:00.758094" level="INFO" html="true">Removed file '&lt;a href="file:///Users/runner/work/rfswarm/rfswarm/Tests/Regression/Reporter/Logs/macos-latest_3.10/Reporter.GUIBasic-screenshot-7.png"&gt;/Users/runner/work/rfswarm/rfswarm/Tests/Regression/Reporter/Logs/macos-latest_3.10/Reporter.GUIBasic-screenshot-7.png&lt;/a&gt;'.</msg>
<msg time="2024-03-04T14:34:00.758361" level="INFO" html="true">Removed file '&lt;a href="file:///Users/runner/work/rfswarm/rfswarm/Tests/Regression/Reporter/Logs/macos-latest_3.10/Reporter.GUIBasic-screenshot-6.png"&gt;/Users/runner/work/rfswarm/rfswarm/Tests/Regression/Reporter/Logs/macos-latest_3.10/Reporter.GUIBasic-screenshot-6.png&lt;/a&gt;'.</msg>
<msg time="2024-03-04T14:34:00.758633" level="INFO" html="true">Removed file '&lt;a href="file:///Users/runner/work/rfswarm/rfswarm/Tests/Regression/Reporter/Logs/macos-latest_3.10/Reporter.GUIBasic-screenshot-15.png"&gt;/Users/runner/work/rfswarm/rfswarm/Tests/Regression/Reporter/Logs/macos-latest_3.10/Reporter.GUIBasic-screenshot-15.png&lt;/a&gt;'.</msg>
<msg time="2024-03-04T14:34:00.758899" level="INFO" html="true">Removed file '&lt;a href="file:///Users/runner/work/rfswarm/rfswarm/Tests/Regression/Reporter/Logs/macos-latest_3.10/Reporter.GUIBasic-screenshot-17.png"&gt;/Users/runner/work/rfswarm/rfswarm/Tests/Regression/Reporter/Logs/macos-latest_3.10/Reporter.GUIBasic-screenshot-17.png&lt;/a&gt;'.</msg>
<msg time="2024-03-04T14:34:00.759144" level="INFO" html="true">Removed file '&lt;a href="file:///Users/runner/work/rfswarm/rfswarm/Tests/Regression/Reporter/Logs/macos-latest_3.10/Reporter.GUIBasic-screenshot-4.png"&gt;/Users/runner/work/rfswarm/rfswarm/Tests/Regression/Reporter/Logs/macos-latest_3.10/Reporter.GUIBasic-screenshot-4.png&lt;/a&gt;'.</msg>
<msg time="2024-03-04T14:34:00.759379" level="INFO" html="true">Removed file '&lt;a href="file:///Users/runner/work/rfswarm/rfswarm/Tests/Regression/Reporter/Logs/macos-latest_3.10/Reporter.GUIBasic-screenshot-5.png"&gt;/Users/runner/work/rfswarm/rfswarm/Tests/Regression/Reporter/Logs/macos-latest_3.10/Reporter.GUIBasic-screenshot-5.png&lt;/a&gt;'.</msg>
<msg time="2024-03-04T14:34:00.759683" level="INFO" html="true">Removed file '&lt;a href="file:///Users/runner/work/rfswarm/rfswarm/Tests/Regression/Reporter/Logs/macos-latest_3.10/Reporter.GUIBasic-screenshot-16.png"&gt;/Users/runner/work/rfswarm/rfswarm/Tests/Regression/Reporter/Logs/macos-latest_3.10/Reporter.GUIBasic-screenshot-16.png&lt;/a&gt;'.</msg>
<arg>${OUTPUT DIR}${/}*.png</arg>
<doc>Removes a file with the given path.</doc>
<status status="PASS" start="2024-03-04T14:34:00.751510" elapsed="0.008260"/>
</kw>
<tag>macos-latest</tag>
<tag>ubuntu-latest</tag>
<tag>windows-latest</tag>
<status status="PASS" start="2024-03-04T14:34:00.749065" elapsed="0.010824"/>
</kw>
<test id="s1-s1-t1" name="Reporter Version" line="17">
<kw name="Run" owner="OperatingSystem">
<msg time="2024-03-04T14:34:00.765726" level="INFO">Running command 'rfswarm-reporter -v 2&gt;&amp;1'.</msg>
<msg time="2024-03-04T14:34:14.234213" level="INFO">${result} = Robot Framework Swarm: Reporter 
	Version v1.3.0.dev20240304141824 </msg>
<var>${result}</var>
<arg>${cmd_reporter} -v</arg>
<doc>Runs the given command in the system and returns the output.</doc>
<status status="PASS" start="2024-03-04T14:34:00.760514" elapsed="13.473765"/>
</kw>
<kw name="Log To Console" owner="BuiltIn">
<arg>${\n}${result}</arg>
<doc>Logs the given message to the console.</doc>
<status status="PASS" start="2024-03-04T14:34:14.234742" elapsed="0.000710"/>
</kw>
<kw name="Should Contain" owner="BuiltIn">
<arg>${result}</arg>
<arg>Version</arg>
<doc>Fails if ``container`` does not contain ``item`` one or more times.</doc>
<status status="PASS" start="2024-03-04T14:34:14.235714" elapsed="0.000279"/>
</kw>
<kw name="Should Contain" owner="BuiltIn">
<arg>${result}</arg>
<arg>Reporter</arg>
<doc>Fails if ``container`` does not contain ``item`` one or more times.</doc>
<status status="PASS" start="2024-03-04T14:34:14.236194" elapsed="0.000202"/>
</kw>
<tag>macos-latest</tag>
<tag>ubuntu-latest</tag>
<tag>windows-latest</tag>
<status status="PASS" start="2024-03-04T14:34:00.760014" elapsed="13.476619"/>
</test>
<test id="s1-s1-t2" name="Reporter Help" line="25">
<kw name="Run" owner="OperatingSystem">
<msg time="2024-03-04T14:34:14.242827" level="INFO">Running command 'rfswarm-reporter -h 2&gt;&amp;1'.</msg>
<msg time="2024-03-04T14:34:15.577950" level="INFO">${result} = Robot Framework Swarm: Reporter 
	Version v1.3.0.dev20240304141824 
usage: rfswarm-reporter [-h] [-g DEBUG] [-v] [-i INI] [-n] [-d DIR]
                        [-t TEMPLATE] [--html] [--docx] [--xlsx]...</msg>
<var>${result}</var>
<arg>${cmd_reporter} -h</arg>
<doc>Runs the given command in the system and returns the output.</doc>
<status status="PASS" start="2024-03-04T14:34:14.237609" elapsed="1.340406"/>
</kw>
<kw name="Log To Console" owner="BuiltIn">
<arg>${\n}${result}</arg>
<doc>Logs the given message to the console.</doc>
<status status="PASS" start="2024-03-04T14:34:15.578417" elapsed="0.000497"/>
</kw>
<kw name="Should Contain" owner="BuiltIn">
<arg>${result}</arg>
<arg>Excel</arg>
<doc>Fails if ``container`` does not contain ``item`` one or more times.</doc>
<status status="PASS" start="2024-03-04T14:34:15.579090" elapsed="0.000232"/>
</kw>
<tag>macos-latest</tag>
<tag>ubuntu-latest</tag>
<tag>windows-latest</tag>
<status status="PASS" start="2024-03-04T14:34:14.237041" elapsed="1.342486"/>
</test>
<test id="s1-s1-t3" name="Command Line Generate HTML" line="32">
<kw name="Log To Console" owner="BuiltIn">
<arg>${\n}TAGS: ${TEST TAGS}</arg>
<doc>Logs the given message to the console.</doc>
<status status="PASS" start="2024-03-04T14:34:15.580426" elapsed="0.000242"/>
</kw>
<kw name="Set Variable" owner="BuiltIn">
<msg time="2024-03-04T14:34:15.581011" level="INFO">${testdata} = Issue-#144</msg>
<var>${testdata}</var>
<arg>Issue-#144</arg>
<doc>Returns the given values which can then be assigned to a variables.</doc>
<status status="PASS" start="2024-03-04T14:34:15.580842" elapsed="0.000202"/>
</kw>
<kw name="Set Variable" owner="BuiltIn">
<msg time="2024-03-04T14:34:15.581450" level="INFO">${resultdata} = 20230320_185055_demo</msg>
<var>${resultdata}</var>
<arg>20230320_185055_demo</arg>
<doc>Returns the given values which can then be assigned to a variables.</doc>
<status status="PASS" start="2024-03-04T14:34:15.581172" elapsed="0.000314"/>
</kw>
<kw name="Set Variable" owner="BuiltIn">
<msg time="2024-03-04T14:34:15.581911" level="INFO">${basefolder} = /Users/runner/work/rfswarm/rfswarm/Tests/Regression/Reporter/testdata/Issue-#144</msg>
<var>${basefolder}</var>
<arg>/Users/runner/work/rfswarm/rfswarm/Tests/Regression/Reporter${/}testdata${/}${testdata}</arg>
<doc>Returns the given values which can then be assigned to a variables.</doc>
<status status="PASS" start="2024-03-04T14:34:15.581645" elapsed="0.000299"/>
</kw>
<kw name="Should Exist" owner="OperatingSystem">
<msg time="2024-03-04T14:34:15.582345" level="INFO" html="true">Path '&lt;a href="file:///Users/runner/work/rfswarm/rfswarm/Tests/Regression/Reporter/testdata/Issue-#144"&gt;/Users/runner/work/rfswarm/rfswarm/Tests/Regression/Reporter/testdata/Issue-#144&lt;/a&gt;' exists.</msg>
<arg>${basefolder}</arg>
<doc>Fails unless the given path (file or directory) exists.</doc>
<status status="PASS" start="2024-03-04T14:34:15.582076" elapsed="0.000335"/>
</kw>
<kw name="Log" owner="BuiltIn">
<msg time="2024-03-04T14:34:15.582876" level="INFO">basefolder: /Users/runner/work/rfswarm/rfswarm/Tests/Regression/Reporter/testdata/Issue-#144</msg>
<arg>basefolder: ${basefolder}</arg>
<arg>console=True</arg>
<doc>Logs the given message with the given level.</doc>
<status status="PASS" start="2024-03-04T14:34:15.582550" elapsed="0.000422"/>
</kw>
<kw name="Set Variable" owner="BuiltIn">
<msg time="2024-03-04T14:34:15.583372" level="INFO">${resultfolder} = /Users/runner/work/rfswarm/rfswarm/Tests/Regression/Reporter/testdata/Issue-#144/20230320_185055_demo</msg>
<var>${resultfolder}</var>
<arg>${basefolder}${/}${resultdata}</arg>
<doc>Returns the given values which can then be assigned to a variables.</doc>
<status status="PASS" start="2024-03-04T14:34:15.583099" elapsed="0.000305"/>
</kw>
<kw name="Should Exist" owner="OperatingSystem">
<msg time="2024-03-04T14:34:15.583709" level="INFO" html="true">Path '&lt;a href="file:///Users/runner/work/rfswarm/rfswarm/Tests/Regression/Reporter/testdata/Issue-#144/20230320_185055_demo"&gt;/Users/runner/work/rfswarm/rfswarm/Tests/Regression/Reporter/testdata/Issue-#144/20230320_185055_demo&lt;/a&gt;' exists.</msg>
<arg>${resultfolder}</arg>
<doc>Fails unless the given path (file or directory) exists.</doc>
<status status="PASS" start="2024-03-04T14:34:15.583524" elapsed="0.000251"/>
</kw>
<kw name="Log" owner="BuiltIn">
<msg time="2024-03-04T14:34:15.584135" level="INFO">resultfolder: /Users/runner/work/rfswarm/rfswarm/Tests/Regression/Reporter/testdata/Issue-#144/20230320_185055_demo</msg>
<arg>resultfolder: ${resultfolder}</arg>
<arg>console=True</arg>
<doc>Logs the given message with the given level.</doc>
<status status="PASS" start="2024-03-04T14:34:15.583929" elapsed="0.000284"/>
</kw>
<kw name="Set Variable" owner="BuiltIn">
<msg time="2024-03-04T14:34:15.584581" level="INFO">${template} = /Users/runner/work/rfswarm/rfswarm/Tests/Regression/Reporter/testdata/Issue-#144/90%ileTemplate.template</msg>
<var>${template}</var>
<arg>${basefolder}${/}90%ileTemplate.template</arg>
<doc>Returns the given values which can then be assigned to a variables.</doc>
<status status="PASS" start="2024-03-04T14:34:15.584348" elapsed="0.000265"/>
</kw>
<kw name="Should Exist" owner="OperatingSystem">
<msg time="2024-03-04T14:34:15.584914" level="INFO" html="true">Path '&lt;a href="file:///Users/runner/work/rfswarm/rfswarm/Tests/Regression/Reporter/testdata/Issue-#144/90%ileTemplate.template"&gt;/Users/runner/work/rfswarm/rfswarm/Tests/Regression/Reporter/testdata/Issue-#144/90%ileTemplate.template&lt;/a&gt;' exists.</msg>
<arg>${template}</arg>
<doc>Fails unless the given path (file or directory) exists.</doc>
<status status="PASS" start="2024-03-04T14:34:15.584730" elapsed="0.000362"/>
</kw>
<kw name="Log" owner="BuiltIn">
<msg time="2024-03-04T14:34:15.585405" level="INFO">template: /Users/runner/work/rfswarm/rfswarm/Tests/Regression/Reporter/testdata/Issue-#144/90%ileTemplate.template</msg>
<arg>template: ${template}</arg>
<arg>console=True</arg>
<doc>Logs the given message with the given level.</doc>
<status status="PASS" start="2024-03-04T14:34:15.585216" elapsed="0.000265"/>
</kw>
<kw name="Run" owner="OperatingSystem">
<msg time="2024-03-04T14:34:15.589428" level="INFO">Running command 'rfswarm-reporter -n -g 1 -d /Users/runner/work/rfswarm/rfswarm/Tests/Regression/Reporter/testdata/Issue-#144/20230320_185055_demo -t /Users/runner/work/rfswarm/rfswarm/Tests/Regression/Reporter/testdata/Issue-#144/90%ileTemplate.template --html 2&gt;&amp;1'.</msg>
<msg time="2024-03-04T14:34:20.585314" level="INFO">${result} = </msg>
<var>${result}</var>
<arg>${cmd_reporter} -n -g 1 -d ${resultfolder} -t ${template} --html</arg>
<doc>Runs the given command in the system and returns the output.</doc>
<status status="PASS" start="2024-03-04T14:34:15.585620" elapsed="4.999770"/>
</kw>
<kw name="Log" owner="BuiltIn">
<msg time="2024-03-04T14:34:20.586551" level="INFO">result: 
</msg>
<arg>result: ${\n}${result}</arg>
<arg>console=True</arg>
<doc>Logs the given message with the given level.</doc>
<status status="PASS" start="2024-03-04T14:34:20.585936" elapsed="0.000747"/>
</kw>
<kw name="Should Not Contain" owner="BuiltIn">
<arg>${result}</arg>
<arg>Traceback</arg>
<doc>Fails if ``container`` contains ``item`` one or more times.</doc>
<status status="PASS" start="2024-03-04T14:34:20.586882" elapsed="0.000226"/>
</kw>
<kw name="Should Exist" owner="OperatingSystem">
<msg time="2024-03-04T14:34:20.587568" level="INFO" html="true">Path '&lt;a href="file:///Users/runner/work/rfswarm/rfswarm/Tests/Regression/Reporter/testdata/Issue-#144/20230320_185055_demo/20230320_185055_demo.html"&gt;/Users/runner/work/rfswarm/rfswarm/Tests/Regression/Reporter/testdata/Issue-#144/20230320_185055_demo/20230320_185055_demo.html&lt;/a&gt;' exists.</msg>
<arg>${resultfolder}${/}${resultdata}.html</arg>
<doc>Fails unless the given path (file or directory) exists.</doc>
<status status="PASS" start="2024-03-04T14:34:20.587245" elapsed="0.000410"/>
</kw>
<tag>HTML</tag>
<tag>Issue #144</tag>
<tag>macos-latest</tag>
<tag>ubuntu-latest</tag>
<tag>windows-latest</tag>
<status status="PASS" start="2024-03-04T14:34:15.579882" elapsed="5.007956"/>
</test>
<test id="s1-s1-t4" name="Command Line Generate Docx" line="52">
<kw name="Log To Console" owner="BuiltIn">
<arg>${\n}TAGS: ${TEST TAGS}</arg>
<doc>Logs the given message to the console.</doc>
<status status="PASS" start="2024-03-04T14:34:20.589008" elapsed="0.000284"/>
</kw>
<kw name="Set Variable" owner="BuiltIn">
<msg time="2024-03-04T14:34:20.589626" level="INFO">${testdata} = Issue-#144</msg>
<var>${testdata}</var>
<arg>Issue-#144</arg>
<doc>Returns the given values which can then be assigned to a variables.</doc>
<status status="PASS" start="2024-03-04T14:34:20.589453" elapsed="0.000206"/>
</kw>
<kw name="Set Variable" owner="BuiltIn">
<msg time="2024-03-04T14:34:20.589953" level="INFO">${resultdata} = 20230320_185055_demo</msg>
<var>${resultdata}</var>
<arg>20230320_185055_demo</arg>
<doc>Returns the given values which can then be assigned to a variables.</doc>
<status status="PASS" start="2024-03-04T14:34:20.589794" elapsed="0.000191"/>
</kw>
<kw name="Set Variable" owner="BuiltIn">
<msg time="2024-03-04T14:34:20.590364" level="INFO">${basefolder} = /Users/runner/work/rfswarm/rfswarm/Tests/Regression/Reporter/testdata/Issue-#144</msg>
<var>${basefolder}</var>
<arg>/Users/runner/work/rfswarm/rfswarm/Tests/Regression/Reporter${/}testdata${/}${testdata}</arg>
<doc>Returns the given values which can then be assigned to a variables.</doc>
<status status="PASS" start="2024-03-04T14:34:20.590120" elapsed="0.000277"/>
</kw>
<kw name="Should Exist" owner="OperatingSystem">
<msg time="2024-03-04T14:34:20.590988" level="INFO" html="true">Path '&lt;a href="file:///Users/runner/work/rfswarm/rfswarm/Tests/Regression/Reporter/testdata/Issue-#144"&gt;/Users/runner/work/rfswarm/rfswarm/Tests/Regression/Reporter/testdata/Issue-#144&lt;/a&gt;' exists.</msg>
<arg>${basefolder}</arg>
<doc>Fails unless the given path (file or directory) exists.</doc>
<status status="PASS" start="2024-03-04T14:34:20.590515" elapsed="0.000543"/>
</kw>
<kw name="Log To Console" owner="BuiltIn">
<arg>basefolder: ${basefolder}</arg>
<arg>console=True</arg>
<doc>Logs the given message to the console.</doc>
<status status="PASS" start="2024-03-04T14:34:20.591312" elapsed="0.000252"/>
</kw>
<kw name="Set Variable" owner="BuiltIn">
<msg time="2024-03-04T14:34:20.591945" level="INFO">${resultfolder} = /Users/runner/work/rfswarm/rfswarm/Tests/Regression/Reporter/testdata/Issue-#144/20230320_185055_demo</msg>
<var>${resultfolder}</var>
<arg>${basefolder}${/}${resultdata}</arg>
<doc>Returns the given values which can then be assigned to a variables.</doc>
<status status="PASS" start="2024-03-04T14:34:20.591695" elapsed="0.000284"/>
</kw>
<kw name="Should Exist" owner="OperatingSystem">
<msg time="2024-03-04T14:34:20.592296" level="INFO" html="true">Path '&lt;a href="file:///Users/runner/work/rfswarm/rfswarm/Tests/Regression/Reporter/testdata/Issue-#144/20230320_185055_demo"&gt;/Users/runner/work/rfswarm/rfswarm/Tests/Regression/Reporter/testdata/Issue-#144/20230320_185055_demo&lt;/a&gt;' exists.</msg>
<arg>${resultfolder}</arg>
<doc>Fails unless the given path (file or directory) exists.</doc>
<status status="PASS" start="2024-03-04T14:34:20.592098" elapsed="0.000263"/>
</kw>
<kw name="Log" owner="BuiltIn">
<msg time="2024-03-04T14:34:20.592702" level="INFO">resultfolder: /Users/runner/work/rfswarm/rfswarm/Tests/Regression/Reporter/testdata/Issue-#144/20230320_185055_demo</msg>
<arg>resultfolder: ${resultfolder}</arg>
<arg>console=True</arg>
<doc>Logs the given message with the given level.</doc>
<status status="PASS" start="2024-03-04T14:34:20.592483" elapsed="0.000297"/>
</kw>
<kw name="Set Variable" owner="BuiltIn">
<msg time="2024-03-04T14:34:20.593120" level="INFO">${template} = /Users/runner/work/rfswarm/rfswarm/Tests/Regression/Reporter/testdata/Issue-#144/90%ileTemplate.template</msg>
<var>${template}</var>
<arg>${basefolder}${/}90%ileTemplate.template</arg>
<doc>Returns the given values which can then be assigned to a variables.</doc>
<status status="PASS" start="2024-03-04T14:34:20.592906" elapsed="0.000245"/>
</kw>
<kw name="Should Exist" owner="OperatingSystem">
<msg time="2024-03-04T14:34:20.593448" level="INFO" html="true">Path '&lt;a href="file:///Users/runner/work/rfswarm/rfswarm/Tests/Regression/Reporter/testdata/Issue-#144/90%ileTemplate.template"&gt;/Users/runner/work/rfswarm/rfswarm/Tests/Regression/Reporter/testdata/Issue-#144/90%ileTemplate.template&lt;/a&gt;' exists.</msg>
<arg>${template}</arg>
<doc>Fails unless the given path (file or directory) exists.</doc>
<status status="PASS" start="2024-03-04T14:34:20.593267" elapsed="0.000246"/>
</kw>
<kw name="Log" owner="BuiltIn">
<msg time="2024-03-04T14:34:20.593807" level="INFO">template: /Users/runner/work/rfswarm/rfswarm/Tests/Regression/Reporter/testdata/Issue-#144/90%ileTemplate.template</msg>
<arg>template: ${template}</arg>
<arg>console=True</arg>
<doc>Logs the given message with the given level.</doc>
<status status="PASS" start="2024-03-04T14:34:20.593632" elapsed="0.000252"/>
</kw>
<kw name="Run" owner="OperatingSystem">
<msg time="2024-03-04T14:34:20.599135" level="INFO">Running command 'rfswarm-reporter -n -g 1 -d /Users/runner/work/rfswarm/rfswarm/Tests/Regression/Reporter/testdata/Issue-#144/20230320_185055_demo -t /Users/runner/work/rfswarm/rfswarm/Tests/Regression/Reporter/testdata/Issue-#144/90%ileTemplate.template --docx 2&gt;&amp;1'.</msg>
<msg time="2024-03-04T14:34:30.751898" level="INFO">${result} = </msg>
<var>${result}</var>
<arg>${cmd_reporter} -n -g 1 -d ${resultfolder} -t ${template} --docx</arg>
<doc>Runs the given command in the system and returns the output.</doc>
<status status="PASS" start="2024-03-04T14:34:20.594027" elapsed="10.157942"/>
</kw>
<kw name="Log" owner="BuiltIn">
<msg time="2024-03-04T14:34:30.753107" level="INFO">
</msg>
<arg>${\n}${result}</arg>
<arg>console=True</arg>
<doc>Logs the given message with the given level.</doc>
<status status="PASS" start="2024-03-04T14:34:30.752474" elapsed="0.000768"/>
</kw>
<kw name="Should Not Contain" owner="BuiltIn">
<arg>${result}</arg>
<arg>Traceback</arg>
<doc>Fails if ``container`` contains ``item`` one or more times.</doc>
<status status="PASS" start="2024-03-04T14:34:30.753456" elapsed="0.000202"/>
</kw>
<kw name="Should Exist" owner="OperatingSystem">
<msg time="2024-03-04T14:34:30.754134" level="INFO" html="true">Path '&lt;a href="file:///Users/runner/work/rfswarm/rfswarm/Tests/Regression/Reporter/testdata/Issue-#144/20230320_185055_demo/20230320_185055_demo.docx"&gt;/Users/runner/work/rfswarm/rfswarm/Tests/Regression/Reporter/testdata/Issue-#144/20230320_185055_demo/20230320_185055_demo.docx&lt;/a&gt;' exists.</msg>
<arg>${resultfolder}${/}${resultdata}.docx</arg>
<doc>Fails unless the given path (file or directory) exists.</doc>
<status status="PASS" start="2024-03-04T14:34:30.753797" elapsed="0.000406"/>
</kw>
<tag>DOCX</tag>
<tag>Issue #144</tag>
<tag>macos-latest</tag>
<tag>ubuntu-latest</tag>
<tag>windows-latest</tag>
<status status="PASS" start="2024-03-04T14:34:20.588245" elapsed="10.166146"/>
</test>
<test id="s1-s1-t5" name="Command Line Generate Xlsx" line="72">
<kw name="Log To Console" owner="BuiltIn">
<arg>${\n}TAGS: ${TEST TAGS}</arg>
<doc>Logs the given message to the console.</doc>
<status status="PASS" start="2024-03-04T14:34:30.755390" elapsed="0.000296"/>
</kw>
<kw name="Set Variable" owner="BuiltIn">
<msg time="2024-03-04T14:34:30.756071" level="INFO">${testdata} = Issue-#144</msg>
<var>${testdata}</var>
<arg>Issue-#144</arg>
<doc>Returns the given values which can then be assigned to a variables.</doc>
<status status="PASS" start="2024-03-04T14:34:30.755879" elapsed="0.000228"/>
</kw>
<kw name="Set Variable" owner="BuiltIn">
<msg time="2024-03-04T14:34:30.756454" level="INFO">${resultdata} = 20230320_185055_demo</msg>
<var>${resultdata}</var>
<arg>20230320_185055_demo</arg>
<doc>Returns the given values which can then be assigned to a variables.</doc>
<status status="PASS" start="2024-03-04T14:34:30.756278" elapsed="0.000211"/>
</kw>
<kw name="Set Variable" owner="BuiltIn">
<msg time="2024-03-04T14:34:30.756914" level="INFO">${basefolder} = /Users/runner/work/rfswarm/rfswarm/Tests/Regression/Reporter/testdata/Issue-#144</msg>
<var>${basefolder}</var>
<arg>/Users/runner/work/rfswarm/rfswarm/Tests/Regression/Reporter${/}testdata${/}${testdata}</arg>
<doc>Returns the given values which can then be assigned to a variables.</doc>
<status status="PASS" start="2024-03-04T14:34:30.756658" elapsed="0.000289"/>
</kw>
<kw name="Should Exist" owner="OperatingSystem">
<msg time="2024-03-04T14:34:30.757318" level="INFO" html="true">Path '&lt;a href="file:///Users/runner/work/rfswarm/rfswarm/Tests/Regression/Reporter/testdata/Issue-#144"&gt;/Users/runner/work/rfswarm/rfswarm/Tests/Regression/Reporter/testdata/Issue-#144&lt;/a&gt;' exists.</msg>
<arg>${basefolder}</arg>
<doc>Fails unless the given path (file or directory) exists.</doc>
<status status="PASS" start="2024-03-04T14:34:30.757114" elapsed="0.000311"/>
</kw>
<kw name="Log" owner="BuiltIn">
<msg time="2024-03-04T14:34:30.757806" level="INFO">basefolder: /Users/runner/work/rfswarm/rfswarm/Tests/Regression/Reporter/testdata/Issue-#144</msg>
<arg>basefolder: ${basefolder}</arg>
<arg>console=True</arg>
<doc>Logs the given message with the given level.</doc>
<status status="PASS" start="2024-03-04T14:34:30.757600" elapsed="0.000302"/>
</kw>
<kw name="Set Variable" owner="BuiltIn">
<msg time="2024-03-04T14:34:30.758300" level="INFO">${resultfolder} = /Users/runner/work/rfswarm/rfswarm/Tests/Regression/Reporter/testdata/Issue-#144/20230320_185055_demo</msg>
<var>${resultfolder}</var>
<arg>${basefolder}${/}${resultdata}</arg>
<doc>Returns the given values which can then be assigned to a variables.</doc>
<status status="PASS" start="2024-03-04T14:34:30.758045" elapsed="0.000290"/>
</kw>
<kw name="Should Exist" owner="OperatingSystem">
<msg time="2024-03-04T14:34:30.758658" level="INFO" html="true">Path '&lt;a href="file:///Users/runner/work/rfswarm/rfswarm/Tests/Regression/Reporter/testdata/Issue-#144/20230320_185055_demo"&gt;/Users/runner/work/rfswarm/rfswarm/Tests/Regression/Reporter/testdata/Issue-#144/20230320_185055_demo&lt;/a&gt;' exists.</msg>
<arg>${resultfolder}</arg>
<doc>Fails unless the given path (file or directory) exists.</doc>
<status status="PASS" start="2024-03-04T14:34:30.758461" elapsed="0.000262"/>
</kw>
<kw name="Log" owner="BuiltIn">
<msg time="2024-03-04T14:34:30.759035" level="INFO">resultfolder: /Users/runner/work/rfswarm/rfswarm/Tests/Regression/Reporter/testdata/Issue-#144/20230320_185055_demo</msg>
<arg>resultfolder: ${resultfolder}</arg>
<arg>console=True</arg>
<doc>Logs the given message with the given level.</doc>
<status status="PASS" start="2024-03-04T14:34:30.758852" elapsed="0.000279"/>
</kw>
<kw name="Set Variable" owner="BuiltIn">
<msg time="2024-03-04T14:34:30.759494" level="INFO">${template} = /Users/runner/work/rfswarm/rfswarm/Tests/Regression/Reporter/testdata/Issue-#144/90%ileTemplate.template</msg>
<var>${template}</var>
<arg>${basefolder}${/}90%ileTemplate.template</arg>
<doc>Returns the given values which can then be assigned to a variables.</doc>
<status status="PASS" start="2024-03-04T14:34:30.759268" elapsed="0.000259"/>
</kw>
<kw name="Should Exist" owner="OperatingSystem">
<msg time="2024-03-04T14:34:30.759832" level="INFO" html="true">Path '&lt;a href="file:///Users/runner/work/rfswarm/rfswarm/Tests/Regression/Reporter/testdata/Issue-#144/90%ileTemplate.template"&gt;/Users/runner/work/rfswarm/rfswarm/Tests/Regression/Reporter/testdata/Issue-#144/90%ileTemplate.template&lt;/a&gt;' exists.</msg>
<arg>${template}</arg>
<doc>Fails unless the given path (file or directory) exists.</doc>
<status status="PASS" start="2024-03-04T14:34:30.759645" elapsed="0.000251"/>
</kw>
<kw name="Log" owner="BuiltIn">
<msg time="2024-03-04T14:34:30.760192" level="INFO">template: /Users/runner/work/rfswarm/rfswarm/Tests/Regression/Reporter/testdata/Issue-#144/90%ileTemplate.template</msg>
<arg>template: ${template}</arg>
<arg>console=True</arg>
<doc>Logs the given message with the given level.</doc>
<status status="PASS" start="2024-03-04T14:34:30.760014" elapsed="0.000274"/>
</kw>
<kw name="Run" owner="OperatingSystem">
<msg time="2024-03-04T14:34:30.763839" level="INFO">Running command 'rfswarm-reporter -n -g 1 -d /Users/runner/work/rfswarm/rfswarm/Tests/Regression/Reporter/testdata/Issue-#144/20230320_185055_demo -t /Users/runner/work/rfswarm/rfswarm/Tests/Regression/Reporter/testdata/Issue-#144/90%ileTemplate.template --xlsx 2&gt;&amp;1'.</msg>
<msg time="2024-03-04T14:34:39.025893" level="INFO">${result} = </msg>
<var>${result}</var>
<arg>${cmd_reporter} -n -g 1 -d ${resultfolder} -t ${template} --xlsx</arg>
<doc>Runs the given command in the system and returns the output.</doc>
<status status="PASS" start="2024-03-04T14:34:30.760435" elapsed="8.265528"/>
</kw>
<kw name="Log" owner="BuiltIn">
<msg time="2024-03-04T14:34:39.027284" level="INFO">
</msg>
<arg>${\n}${result}</arg>
<arg>console=True</arg>
<doc>Logs the given message with the given level.</doc>
<status status="PASS" start="2024-03-04T14:34:39.026549" elapsed="0.000888"/>
</kw>
<kw name="Should Not Contain" owner="BuiltIn">
<arg>${result}</arg>
<arg>Traceback</arg>
<doc>Fails if ``container`` contains ``item`` one or more times.</doc>
<status status="PASS" start="2024-03-04T14:34:39.027624" elapsed="0.000230"/>
</kw>
<kw name="Should Exist" owner="OperatingSystem">
<msg time="2024-03-04T14:34:39.028472" level="INFO" html="true">Path '&lt;a href="file:///Users/runner/work/rfswarm/rfswarm/Tests/Regression/Reporter/testdata/Issue-#144/20230320_185055_demo/20230320_185055_demo.xlsx"&gt;/Users/runner/work/rfswarm/rfswarm/Tests/Regression/Reporter/testdata/Issue-#144/20230320_185055_demo/20230320_185055_demo.xlsx&lt;/a&gt;' exists.</msg>
<arg>${resultfolder}${/}${resultdata}.xlsx</arg>
<doc>Fails unless the given path (file or directory) exists.</doc>
<status status="PASS" start="2024-03-04T14:34:39.028130" elapsed="0.000412"/>
</kw>
<tag>Issue #144</tag>
<tag>macos-latest</tag>
<tag>ubuntu-latest</tag>
<tag>windows-latest</tag>
<tag>XLSX</tag>
<status status="PASS" start="2024-03-04T14:34:30.754800" elapsed="8.273943"/>
</test>
<status status="PASS" start="2024-03-04T14:34:00.734082" elapsed="38.295506"/>
</suite>
<suite id="s1-s2" name="GUI Basic" source="/Users/runner/work/rfswarm/rfswarm/Tests/Regression/Reporter/GUI_Basic.robot">
<test id="s1-s2-t1" name="GUI Runs and Closes" line="20">
<kw name="Open GUI">
<kw name="Get Variables" owner="BuiltIn">
<msg time="2024-03-04T14:34:46.793446" level="INFO">${var} = {'${/}': '/', '${:}': ':', '${\\n}': '\n', '${cmd_reporter}': 'rfswarm-reporter', '${DEBUG_FILE}': 'NONE', '${EXECDIR}': '/Users/runner/work/rfswarm/rfswarm', '${False}': False, '${IMAGE_DIR}': '/User...</msg>
<var>${var}</var>
<doc>Returns a dictionary containing all variables in the current scope.</doc>
<status status="PASS" start="2024-03-04T14:34:46.791732" elapsed="0.001783"/>
</kw>
<kw name="Log" owner="BuiltIn">
<msg time="2024-03-04T14:34:46.794060" level="INFO">{'${/}': '/', '${:}': ':', '${\\n}': '\n', '${cmd_reporter}': 'rfswarm-reporter', '${DEBUG_FILE}': 'NONE', '${EXECDIR}': '/Users/runner/work/rfswarm/rfswarm', '${False}': False, '${IMAGE_DIR}': '/Users/runner/work/rfswarm/rfswarm/Tests/Regression/Reporter/Images/file_method', '${LOG_FILE}': '/Users/runner/work/rfswarm/rfswarm/Tests/Regression/Reporter/Logs/macos-latest_3.10/log.html', '${LOG_LEVEL}': 'INFO', '${None}': None, '${null}': None, '${OUTPUT_DIR}': '/Users/runner/work/rfswarm/rfswarm/Tests/Regression/Reporter/Logs/macos-latest_3.10', '${OUTPUT_FILE}': '/Users/runner/work/rfswarm/rfswarm/Tests/Regression/Reporter/Logs/macos-latest_3.10/output.xml', '${PREV_TEST_MESSAGE}': '', '${PREV_TEST_NAME}': 'Command Line Generate Xlsx', '${PREV_TEST_STATUS}': 'PASS', '${process}': 'None', '${pyfile}': '/Users/runner/work/rfswarm/rfswarm/rfswarm_reporter/rfswarm_reporter.py', '${REPORT_FILE}': '/Users/runner/work/rfswarm/rfswarm/Tests/Regression/Reporter/Logs/macos-latest_3.10/report.html', '${SPACE}': ' ', '${sssleep}': '0.5', '${SUITE_DOCUMENTATION}': '', '${SUITE_NAME}': 'Reporter.GUI Basic', '${SUITE_SOURCE}': '/Users/runner/work/rfswarm/rfswarm/Tests/Regression/Reporter/GUI_Basic.robot', '${TEMPDIR}': '/var/folders/24/8k48jl6d249_n_qfxwsl6xvm0000gn/T', '${TEST_DOCUMENTATION}': '', '${TEST_NAME}': 'GUI Runs and Closes', '${True}': True, '&amp;{OPTIONS}': {'include': ['macos-latest'], 'exclude': [], 'skip': [], 'skip_on_failure': []}, '&amp;{SUITE_METADATA}': Metadata(), '@{appargs}': [], '@{TEST_TAGS}': ['macos-latest', 'ubuntu-latest', 'windows-latest']}</msg>
<arg>${var}</arg>
<doc>Logs the given message with the given level.</doc>
<status status="PASS" start="2024-03-04T14:34:46.793734" elapsed="0.000407"/>
</kw>
<kw name="Get Platform">
<kw name="Create Dictionary" owner="BuiltIn">
<msg time="2024-03-04T14:34:46.795206" level="INFO">&amp;{platforms} = { Linux=ubuntu | Darwin=macos | Java=notsupported | Windows=windows }</msg>
<var>&amp;{platforms}</var>
<arg>Linux=ubuntu</arg>
<arg>Darwin=macos</arg>
<arg>Java=notsupported</arg>
<arg>Windows=windows</arg>
<doc>Creates and returns a dictionary based on the given ``items``.</doc>
<status status="PASS" start="2024-03-04T14:34:46.794704" elapsed="0.000548"/>
</kw>
<kw name="Evaluate" owner="BuiltIn">
<msg time="2024-03-04T14:34:46.795881" level="INFO">${os} = Darwin</msg>
<var>${os}</var>
<arg>platform.system()</arg>
<arg>platform</arg>
<doc>Evaluates the given expression in Python and returns the result.</doc>
<status status="PASS" start="2024-03-04T14:34:46.795525" elapsed="0.000389"/>
</kw>
<kw name="Set Suite Variable" owner="BuiltIn">
<msg time="2024-03-04T14:34:46.797511" level="INFO">${platform} = macos</msg>
<arg>${platform}</arg>
<arg>${platforms}[${os}]</arg>
<doc>Makes a variable available everywhere within the scope of the current suite.</doc>
<status status="PASS" start="2024-03-04T14:34:46.796142" elapsed="0.001458"/>
</kw>
<status status="PASS" start="2024-03-04T14:34:46.794330" elapsed="0.003404"/>
</kw>
<kw name="Set Variable" owner="BuiltIn">
<msg time="2024-03-04T14:34:46.798125" level="INFO">${keyword} = Open GUI macos</msg>
<var>${keyword}</var>
<arg>Open GUI ${platform}</arg>
<doc>Returns the given values which can then be assigned to a variables.</doc>
<status status="PASS" start="2024-03-04T14:34:46.797902" elapsed="0.000256"/>
</kw>
<kw name="Run Keyword" owner="BuiltIn">
<kw name="Open GUI macos">
<kw name="Set Suite Variable" owner="BuiltIn">
<msg time="2024-03-04T14:34:46.799778" level="INFO">${platform} = macos</msg>
<arg>${platform}</arg>
<arg>macos</arg>
<doc>Makes a variable available everywhere within the scope of the current suite.</doc>
<status status="PASS" start="2024-03-04T14:34:46.799523" elapsed="0.000319"/>
</kw>
<kw name="Set Confidence" owner="ImageHorizonLibrary">
<arg>0.9</arg>
<doc>Sets the accuracy when finding images.</doc>
<status status="PASS" start="2024-03-04T14:34:46.800019" elapsed="0.000231"/>
</kw>
<kw name="Start Process" owner="Process">
<msg time="2024-03-04T14:34:46.801406" level="INFO">Starting process:
rfswarm-reporter -g 6</msg>
<msg time="2024-03-04T14:34:46.810465" level="INFO">${process} = &lt;Popen: returncode: None args: ['rfswarm-reporter', '-g', '6']&gt;</msg>
<var>${process}</var>
<arg>${cmd_reporter}</arg>
<arg>-g</arg>
<arg>6</arg>
<arg>@{appargs}</arg>
<arg>alias=Reporter</arg>
<arg>stdout=${OUTPUT DIR}${/}stdout.txt</arg>
<arg>stderr=${OUTPUT DIR}${/}stderr.txt</arg>
<doc>Starts a new process on background.</doc>
<status status="PASS" start="2024-03-04T14:34:46.800398" elapsed="0.010325"/>
</kw>
<kw name="Set Suite Variable" owner="BuiltIn">
<msg time="2024-03-04T14:34:46.813070" level="INFO">${process} = &lt;Popen: returncode: None args: ['rfswarm-reporter', '-g', '6']&gt;</msg>
<arg>$process</arg>
<arg>${process}</arg>
<doc>Makes a variable available everywhere within the scope of the current suite.</doc>
<status status="PASS" start="2024-03-04T14:34:46.811823" elapsed="0.001374"/>
</kw>
<kw name="Set Screenshot Folder" owner="ImageHorizonLibrary">
<arg>${OUTPUT DIR}</arg>
<doc>Sets the folder where screenshots are saved to.</doc>
<status status="PASS" start="2024-03-04T14:34:46.813708" elapsed="0.000616"/>
</kw>
<kw name="Take A Screenshot" owner="ImageHorizonLibrary">
<msg time="2024-03-04T14:34:46.815071" level="INFO" html="true">Screenshot taken: /Users/runner/work/rfswarm/rfswarm/Tests/Regression/Reporter/Logs/macos-latest_3.10/Reporter.GUIBasic-screenshot-1.png&lt;br/&gt;&lt;img src="/Users/runner/work/rfswarm/rfswarm/Tests/Regression/Reporter/Logs/macos-latest_3.10/Reporter.GUIBasic-screenshot-1.png" width="100%" /&gt;</msg>
<doc>Takes a screenshot of the screen.</doc>
<status status="PASS" start="2024-03-04T14:34:46.814772" elapsed="1.451701"/>
</kw>
<arg>@{appargs}</arg>
<status status="PASS" start="2024-03-04T14:34:46.799011" elapsed="1.467744"/>
</kw>
<arg>${keyword}</arg>
<arg>@{appargs}</arg>
<doc>Executes the given keyword with the given arguments.</doc>
<status status="PASS" start="2024-03-04T14:34:46.798309" elapsed="1.468570"/>
</kw>
<status status="PASS" start="2024-03-04T14:34:46.790820" elapsed="1.476182"/>
</kw>
<kw name="Wait For Status">
<kw name="Convert To Lower Case" owner="String">
<msg time="2024-03-04T14:34:48.268415" level="INFO">${statusl} = previewloaded</msg>
<var>${statusl}</var>
<arg>${status}</arg>
<doc>Converts string to lower case.</doc>
<status status="PASS" start="2024-03-04T14:34:48.268158" elapsed="0.000296"/>
</kw>
<kw name="Set Variable" owner="BuiltIn">
<msg time="2024-03-04T14:34:48.269022" level="INFO">${img} = reporter_macos_status_previewloaded.png</msg>
<var>${img}</var>
<arg>reporter_${platform}_status_${statusl}.png</arg>
<doc>Returns the given values which can then be assigned to a variables.</doc>
<status status="PASS" start="2024-03-04T14:34:48.268777" elapsed="0.000278"/>
</kw>
<kw name="Log" owner="BuiltIn">
<msg time="2024-03-04T14:34:48.269372" level="INFO">/Users/runner/work/rfswarm/rfswarm/Tests/Regression/Reporter</msg>
<arg>/Users/runner/work/rfswarm/rfswarm/Tests/Regression/Reporter</arg>
<doc>Logs the given message with the given level.</doc>
<status status="PASS" start="2024-03-04T14:34:48.269220" elapsed="0.000210"/>
</kw>
<kw name="Log" owner="BuiltIn">
<msg time="2024-03-04T14:34:48.269772" level="INFO">/Users/runner/work/rfswarm/rfswarm/Tests/Regression/Reporter/Images/file_method</msg>
<arg>${IMAGE_DIR}</arg>
<doc>Logs the given message with the given level.</doc>
<status status="PASS" start="2024-03-04T14:34:48.269559" elapsed="0.000279"/>
</kw>
<kw name="Wait For" owner="ImageHorizonLibrary">
<msg time="2024-03-04T14:34:59.502990" level="INFO">Image "reporter_macos_status_previewloaded.png" found at (55, 440)</msg>
<arg>${img}</arg>
<arg>timeout=${timeout}</arg>
<doc>Tries to locate given image from the screen for given time.</doc>
<status status="PASS" start="2024-03-04T14:34:48.269982" elapsed="11.233453"/>
</kw>
<kw name="Sleep" owner="BuiltIn">
<msg time="2024-03-04T14:35:00.027304" level="INFO">Slept 500 milliseconds.</msg>
<arg>${sssleep}</arg>
<doc>Pauses the test executed for the given time.</doc>
<status status="PASS" start="2024-03-04T14:34:59.503906" elapsed="0.523534"/>
</kw>
<kw name="Take A Screenshot" owner="ImageHorizonLibrary">
<msg time="2024-03-04T14:35:00.028556" level="INFO" html="true">Screenshot taken: /Users/runner/work/rfswarm/rfswarm/Tests/Regression/Reporter/Logs/macos-latest_3.10/Reporter.GUIBasic-screenshot-2.png&lt;br/&gt;&lt;img src="/Users/runner/work/rfswarm/rfswarm/Tests/Regression/Reporter/Logs/macos-latest_3.10/Reporter.GUIBasic-screenshot-2.png" width="100%" /&gt;</msg>
<doc>Takes a screenshot of the screen.</doc>
<status status="PASS" start="2024-03-04T14:35:00.027684" elapsed="0.469379"/>
</kw>
<arg>PreviewLoaded</arg>
<status status="PASS" start="2024-03-04T14:34:48.267467" elapsed="12.230093"/>
</kw>
<kw name="Close GUI" type="TEARDOWN">
<kw name="Set Variable" owner="BuiltIn">
<msg time="2024-03-04T14:35:00.499727" level="INFO">${keyword} = Close GUI macos</msg>
<var>${keyword}</var>
<arg>Close GUI ${platform}</arg>
<doc>Returns the given values which can then be assigned to a variables.</doc>
<status status="PASS" start="2024-03-04T14:35:00.499431" elapsed="0.000345"/>
</kw>
<if>
<branch type="IF" condition="${process}">
<kw name="Is Process Running" owner="Process">
<msg time="2024-03-04T14:35:00.500813" level="INFO">${running} = True</msg>
<var>${running}</var>
<arg>${process}</arg>
<doc>Checks is the process running or not.</doc>
<status status="PASS" start="2024-03-04T14:35:00.500208" elapsed="0.000640"/>
</kw>
<if>
<branch type="IF" condition="${running}">
<kw name="Run Keyword" owner="BuiltIn">
<kw name="Close GUI macos">
<kw name="Click Image" owner="ImageHorizonLibrary">
<msg time="2024-03-04T14:35:01.198055" level="INFO">Image "/Users/runner/work/rfswarm/rfswarm/Tests/Regression/Reporter/Images/file_method/reporter_macos_button_closewindow.png" found at Box(left=9, top=31, width=19, height=25)</msg>
<msg time="2024-03-04T14:35:01.198343" level="INFO">Clicking image "reporter_macos_button_closewindow.png" in position (18, 43)</msg>
<arg>reporter_${platform}_button_closewindow.png</arg>
<doc>Finds the reference image on screen and clicks it once.</doc>
<status status="PASS" start="2024-03-04T14:35:00.502068" elapsed="1.117162"/>
</kw>
<kw name="Take A Screenshot" owner="ImageHorizonLibrary">
<msg time="2024-03-04T14:35:01.627607" level="INFO" html="true">Screenshot taken: /Users/runner/work/rfswarm/rfswarm/Tests/Regression/Reporter/Logs/macos-latest_3.10/Reporter.GUIBasic-screenshot-3.png&lt;br/&gt;&lt;img src="/Users/runner/work/rfswarm/rfswarm/Tests/Regression/Reporter/Logs/macos-latest_3.10/Reporter.GUIBasic-screenshot-3.png" width="100%" /&gt;</msg>
<doc>Takes a screenshot of the screen.</doc>
<status status="PASS" start="2024-03-04T14:35:01.622884" elapsed="0.537281"/>
</kw>
<kw name="Sleep" owner="BuiltIn">
<msg time="2024-03-04T14:35:02.667069" level="INFO">Slept 500 milliseconds.</msg>
<arg>0.5</arg>
<doc>Pauses the test executed for the given time.</doc>
<status status="PASS" start="2024-03-04T14:35:02.160855" elapsed="0.506371"/>
</kw>
<kw name="End Process If Still Running">
<kw name="Wait For Process" owner="Process">
<msg time="2024-03-04T14:35:02.669907" level="INFO">Waiting for process to complete.</msg>
<msg time="2024-03-04T14:35:02.670185" level="INFO">Process completed.</msg>
<msg time="2024-03-04T14:35:02.670315" level="INFO">${result} = &lt;result object with rc 0&gt;</msg>
<var>${result}</var>
<arg>${process}</arg>
<arg>timeout=60</arg>
<doc>Waits for the process to complete or to reach the given timeout.</doc>
<status status="PASS" start="2024-03-04T14:35:02.669530" elapsed="0.000822"/>
</kw>
<kw name="Is Process Running" owner="Process">
<msg time="2024-03-04T14:35:02.670769" level="INFO">${running} = False</msg>
<var>${running}</var>
<arg>${process}</arg>
<doc>Checks is the process running or not.</doc>
<status status="PASS" start="2024-03-04T14:35:02.670518" elapsed="0.000283"/>
</kw>
<if>
<branch type="IF" condition="not ${running}">
<kw name="Check Result">
<kw name="Log" owner="BuiltIn">
<msg time="2024-03-04T14:35:02.672585" level="INFO"/>
<arg>${result.stderr}</arg>
<doc>Logs the given message with the given level.</doc>
<status status="PASS" start="2024-03-04T14:35:02.671722" elapsed="0.000927"/>
</kw>
<kw name="Should Not Contain" owner="BuiltIn">
<arg>${result.stderr}</arg>
<arg>Traceback</arg>
<doc>Fails if ``container`` contains ``item`` one or more times.</doc>
<status status="PASS" start="2024-03-04T14:35:02.672819" elapsed="0.000580"/>
</kw>
<kw name="Should Be Equal As Integers" owner="BuiltIn">
<msg time="2024-03-04T14:35:02.674209" level="INFO">Argument types are:
&lt;class 'int'&gt;
&lt;class 'str'&gt;</msg>
<arg>${result.rc}</arg>
<arg>0</arg>
<doc>Fails if objects are unequal after converting them to integers.</doc>
<status status="PASS" start="2024-03-04T14:35:02.673557" elapsed="0.000750"/>
</kw>
<arg>${result}</arg>
<status status="PASS" start="2024-03-04T14:35:02.671276" elapsed="0.003143"/>
</kw>
<status status="PASS" start="2024-03-04T14:35:02.670944" elapsed="0.003529"/>
</branch>
<branch type="ELSE">
<kw name="Take A Screenshot" owner="ImageHorizonLibrary">
<doc>Takes a screenshot of the screen.</doc>
<status status="NOT RUN" start="2024-03-04T14:35:02.674704" elapsed="0.000029"/>
</kw>
<kw name="Terminate Process" owner="Process">
<var>${result}</var>
<arg>${process}</arg>
<doc>Stops the process gracefully or forcefully.</doc>
<status status="NOT RUN" start="2024-03-04T14:35:02.674868" elapsed="0.000026"/>
</kw>
<kw name="Check Result">
<arg>${result}</arg>
<status status="NOT RUN" start="2024-03-04T14:35:02.675114" elapsed="0.000031"/>
</kw>
<kw name="Fail" owner="BuiltIn">
<arg>Had to Terminate Process</arg>
<doc>Fails the test with the given message and optionally alters its tags.</doc>
<status status="NOT RUN" start="2024-03-04T14:35:02.675282" elapsed="0.000026"/>
</kw>
<status status="NOT RUN" start="2024-03-04T14:35:02.674538" elapsed="0.000813"/>
</branch>
<status status="PASS" start="2024-03-04T14:35:02.670902" elapsed="0.004485"/>
</if>
<status status="PASS" start="2024-03-04T14:35:02.668850" elapsed="0.006617"/>
</kw>
<status status="PASS" start="2024-03-04T14:35:00.501657" elapsed="2.173878"/>
</kw>
<arg>${keyword}</arg>
<doc>Executes the given keyword with the given arguments.</doc>
<status status="PASS" start="2024-03-04T14:35:00.501177" elapsed="2.174429"/>
</kw>
<status status="PASS" start="2024-03-04T14:35:00.500955" elapsed="2.174876"/>
</branch>
<branch type="ELSE">
<kw name="Wait For Process" owner="Process">
<var>${result}</var>
<arg>${process}</arg>
<arg>timeout=60</arg>
<doc>Waits for the process to complete or to reach the given timeout.</doc>
<status status="NOT RUN" start="2024-03-04T14:35:02.676029" elapsed="0.000027"/>
</kw>
<kw name="Check Result">
<arg>${result}</arg>
<status status="NOT RUN" start="2024-03-04T14:35:02.676216" elapsed="0.000029"/>
</kw>
<status status="NOT RUN" start="2024-03-04T14:35:02.675882" elapsed="0.000403"/>
</branch>
<status status="PASS" start="2024-03-04T14:35:00.500930" elapsed="2.175388"/>
</if>
<status status="PASS" start="2024-03-04T14:35:00.499967" elapsed="2.176403"/>
</branch>
<status status="PASS" start="2024-03-04T14:35:00.499907" elapsed="2.176565"/>
</if>
<kw name="Set Suite Variable" owner="BuiltIn">
<msg time="2024-03-04T14:35:02.676975" level="INFO">${process} = None</msg>
<arg>$process</arg>
<arg>None</arg>
<doc>Makes a variable available everywhere within the scope of the current suite.</doc>
<status status="PASS" start="2024-03-04T14:35:02.676687" elapsed="0.000345"/>
</kw>
<kw name="Sleep" owner="BuiltIn">
<msg time="2024-03-04T14:35:03.194302" level="INFO">Slept 500 milliseconds.</msg>
<arg>0.5</arg>
<doc>Pauses the test executed for the given time.</doc>
<status status="PASS" start="2024-03-04T14:35:02.677197" elapsed="0.517360"/>
</kw>
<status status="PASS" start="2024-03-04T14:35:00.498787" elapsed="2.696022"/>
</kw>
<tag>macos-latest</tag>
<tag>ubuntu-latest</tag>
<tag>windows-latest</tag>
<status status="PASS" start="2024-03-04T14:34:46.789688" elapsed="16.405273"/>
</test>
<test id="s1-s2-t2" name="Select Preview Tab" line="26">
<kw name="Open GUI">
<kw name="Get Variables" owner="BuiltIn">
<msg time="2024-03-04T14:35:03.197642" level="INFO">${var} = {'${/}': '/', '${:}': ':', '${\\n}': '\n', '${cmd_reporter}': 'rfswarm-reporter', '${DEBUG_FILE}': 'NONE', '${EXECDIR}': '/Users/runner/work/rfswarm/rfswarm', '${False}': False, '${IMAGE_DIR}': '/User...</msg>
<var>${var}</var>
<doc>Returns a dictionary containing all variables in the current scope.</doc>
<status status="PASS" start="2024-03-04T14:35:03.196923" elapsed="0.000764"/>
</kw>
<kw name="Log" owner="BuiltIn">
<msg time="2024-03-04T14:35:03.198171" level="INFO">{'${/}': '/', '${:}': ':', '${\\n}': '\n', '${cmd_reporter}': 'rfswarm-reporter', '${DEBUG_FILE}': 'NONE', '${EXECDIR}': '/Users/runner/work/rfswarm/rfswarm', '${False}': False, '${IMAGE_DIR}': '/Users/runner/work/rfswarm/rfswarm/Tests/Regression/Reporter/Images/file_method', '${LOG_FILE}': '/Users/runner/work/rfswarm/rfswarm/Tests/Regression/Reporter/Logs/macos-latest_3.10/log.html', '${LOG_LEVEL}': 'INFO', '${None}': None, '${null}': None, '${OUTPUT_DIR}': '/Users/runner/work/rfswarm/rfswarm/Tests/Regression/Reporter/Logs/macos-latest_3.10', '${OUTPUT_FILE}': '/Users/runner/work/rfswarm/rfswarm/Tests/Regression/Reporter/Logs/macos-latest_3.10/output.xml', '${platform}': 'macos', '${PREV_TEST_MESSAGE}': '', '${PREV_TEST_NAME}': 'GUI Runs and Closes', '${PREV_TEST_STATUS}': 'PASS', '${process}': 'None', '${pyfile}': '/Users/runner/work/rfswarm/rfswarm/rfswarm_reporter/rfswarm_reporter.py', '${REPORT_FILE}': '/Users/runner/work/rfswarm/rfswarm/Tests/Regression/Reporter/Logs/macos-latest_3.10/report.html', '${SPACE}': ' ', '${sssleep}': '0.5', '${SUITE_DOCUMENTATION}': '', '${SUITE_NAME}': 'Reporter.GUI Basic', '${SUITE_SOURCE}': '/Users/runner/work/rfswarm/rfswarm/Tests/Regression/Reporter/GUI_Basic.robot', '${TEMPDIR}': '/var/folders/24/8k48jl6d249_n_qfxwsl6xvm0000gn/T', '${TEST_DOCUMENTATION}': '', '${TEST_NAME}': 'Select Preview Tab', '${True}': True, '&amp;{OPTIONS}': {'include': ['macos-latest'], 'exclude': [], 'skip': [], 'skip_on_failure': []}, '&amp;{SUITE_METADATA}': Metadata(), '@{appargs}': [], '@{TEST_TAGS}': ['macos-latest', 'ubuntu-latest', 'windows-latest']}</msg>
<arg>${var}</arg>
<doc>Logs the given message with the given level.</doc>
<status status="PASS" start="2024-03-04T14:35:03.197838" elapsed="0.000434"/>
</kw>
<kw name="Get Platform">
<kw name="Create Dictionary" owner="BuiltIn">
<msg time="2024-03-04T14:35:03.199220" level="INFO">&amp;{platforms} = { Linux=ubuntu | Darwin=macos | Java=notsupported | Windows=windows }</msg>
<var>&amp;{platforms}</var>
<arg>Linux=ubuntu</arg>
<arg>Darwin=macos</arg>
<arg>Java=notsupported</arg>
<arg>Windows=windows</arg>
<doc>Creates and returns a dictionary based on the given ``items``.</doc>
<status status="PASS" start="2024-03-04T14:35:03.198825" elapsed="0.000432"/>
</kw>
<kw name="Evaluate" owner="BuiltIn">
<msg time="2024-03-04T14:35:03.199716" level="INFO">${os} = Darwin</msg>
<var>${os}</var>
<arg>platform.system()</arg>
<arg>platform</arg>
<doc>Evaluates the given expression in Python and returns the result.</doc>
<status status="PASS" start="2024-03-04T14:35:03.199412" elapsed="0.000336"/>
</kw>
<kw name="Set Suite Variable" owner="BuiltIn">
<msg time="2024-03-04T14:35:03.200222" level="INFO">${platform} = macos</msg>
<arg>${platform}</arg>
<arg>${platforms}[${os}]</arg>
<doc>Makes a variable available everywhere within the scope of the current suite.</doc>
<status status="PASS" start="2024-03-04T14:35:03.199920" elapsed="0.000376"/>
</kw>
<status status="PASS" start="2024-03-04T14:35:03.198438" elapsed="0.001970"/>
</kw>
<kw name="Set Variable" owner="BuiltIn">
<msg time="2024-03-04T14:35:03.200734" level="INFO">${keyword} = Open GUI macos</msg>
<var>${keyword}</var>
<arg>Open GUI ${platform}</arg>
<doc>Returns the given values which can then be assigned to a variables.</doc>
<status status="PASS" start="2024-03-04T14:35:03.200545" elapsed="0.000220"/>
</kw>
<kw name="Run Keyword" owner="BuiltIn">
<kw name="Open GUI macos">
<kw name="Set Suite Variable" owner="BuiltIn">
<msg time="2024-03-04T14:35:03.202404" level="INFO">${platform} = macos</msg>
<arg>${platform}</arg>
<arg>macos</arg>
<doc>Makes a variable available everywhere within the scope of the current suite.</doc>
<status status="PASS" start="2024-03-04T14:35:03.202119" elapsed="0.000345"/>
</kw>
<kw name="Set Confidence" owner="ImageHorizonLibrary">
<arg>0.9</arg>
<doc>Sets the accuracy when finding images.</doc>
<status status="PASS" start="2024-03-04T14:35:03.202606" elapsed="0.000147"/>
</kw>
<kw name="Start Process" owner="Process">
<msg time="2024-03-04T14:35:03.204018" level="INFO">Starting process:
rfswarm-reporter -g 6</msg>
<msg time="2024-03-04T14:35:03.213283" level="INFO">${process} = &lt;Popen: returncode: None args: ['rfswarm-reporter', '-g', '6']&gt;</msg>
<var>${process}</var>
<arg>${cmd_reporter}</arg>
<arg>-g</arg>
<arg>6</arg>
<arg>@{appargs}</arg>
<arg>alias=Reporter</arg>
<arg>stdout=${OUTPUT DIR}${/}stdout.txt</arg>
<arg>stderr=${OUTPUT DIR}${/}stderr.txt</arg>
<doc>Starts a new process on background.</doc>
<status status="PASS" start="2024-03-04T14:35:03.202961" elapsed="0.010479"/>
</kw>
<kw name="Set Suite Variable" owner="BuiltIn">
<msg time="2024-03-04T14:35:03.215392" level="INFO">${process} = &lt;Popen: returncode: None args: ['rfswarm-reporter', '-g', '6']&gt;</msg>
<arg>$process</arg>
<arg>${process}</arg>
<doc>Makes a variable available everywhere within the scope of the current suite.</doc>
<status status="PASS" start="2024-03-04T14:35:03.214690" elapsed="0.000776"/>
</kw>
<kw name="Set Screenshot Folder" owner="ImageHorizonLibrary">
<arg>${OUTPUT DIR}</arg>
<doc>Sets the folder where screenshots are saved to.</doc>
<status status="PASS" start="2024-03-04T14:35:03.215742" elapsed="0.000332"/>
</kw>
<kw name="Take A Screenshot" owner="ImageHorizonLibrary">
<msg time="2024-03-04T14:35:03.216613" level="INFO" html="true">Screenshot taken: /Users/runner/work/rfswarm/rfswarm/Tests/Regression/Reporter/Logs/macos-latest_3.10/Reporter.GUIBasic-screenshot-4.png&lt;br/&gt;&lt;img src="/Users/runner/work/rfswarm/rfswarm/Tests/Regression/Reporter/Logs/macos-latest_3.10/Reporter.GUIBasic-screenshot-4.png" width="100%" /&gt;</msg>
<doc>Takes a screenshot of the screen.</doc>
<status status="PASS" start="2024-03-04T14:35:03.216341" elapsed="0.377140"/>
</kw>
<arg>@{appargs}</arg>
<status status="PASS" start="2024-03-04T14:35:03.201449" elapsed="0.392573"/>
</kw>
<arg>${keyword}</arg>
<arg>@{appargs}</arg>
<doc>Executes the given keyword with the given arguments.</doc>
<status status="PASS" start="2024-03-04T14:35:03.200946" elapsed="0.393192"/>
</kw>
<status status="PASS" start="2024-03-04T14:35:03.196439" elapsed="0.397805"/>
</kw>
<kw name="Wait For Status">
<kw name="Convert To Lower Case" owner="String">
<msg time="2024-03-04T14:35:03.595962" level="INFO">${statusl} = previewloaded</msg>
<var>${statusl}</var>
<arg>${status}</arg>
<doc>Converts string to lower case.</doc>
<status status="PASS" start="2024-03-04T14:35:03.595681" elapsed="0.000326"/>
</kw>
<kw name="Set Variable" owner="BuiltIn">
<msg time="2024-03-04T14:35:03.596440" level="INFO">${img} = reporter_macos_status_previewloaded.png</msg>
<var>${img}</var>
<arg>reporter_${platform}_status_${statusl}.png</arg>
<doc>Returns the given values which can then be assigned to a variables.</doc>
<status status="PASS" start="2024-03-04T14:35:03.596188" elapsed="0.000286"/>
</kw>
<kw name="Log" owner="BuiltIn">
<msg time="2024-03-04T14:35:03.596852" level="INFO">/Users/runner/work/rfswarm/rfswarm/Tests/Regression/Reporter</msg>
<arg>/Users/runner/work/rfswarm/rfswarm/Tests/Regression/Reporter</arg>
<doc>Logs the given message with the given level.</doc>
<status status="PASS" start="2024-03-04T14:35:03.596689" elapsed="0.000722"/>
</kw>
<kw name="Log" owner="BuiltIn">
<msg time="2024-03-04T14:35:03.598004" level="INFO">/Users/runner/work/rfswarm/rfswarm/Tests/Regression/Reporter/Images/file_method</msg>
<arg>${IMAGE_DIR}</arg>
<doc>Logs the given message with the given level.</doc>
<status status="PASS" start="2024-03-04T14:35:03.597740" elapsed="0.000327"/>
</kw>
<kw name="Wait For" owner="ImageHorizonLibrary">
<msg time="2024-03-04T14:35:06.831166" level="INFO">Image "reporter_macos_status_previewloaded.png" found at (55, 440)</msg>
<arg>${img}</arg>
<arg>timeout=${timeout}</arg>
<doc>Tries to locate given image from the screen for given time.</doc>
<status status="PASS" start="2024-03-04T14:35:03.598224" elapsed="3.233297"/>
</kw>
<kw name="Sleep" owner="BuiltIn">
<msg time="2024-03-04T14:35:07.345760" level="INFO">Slept 500 milliseconds.</msg>
<arg>${sssleep}</arg>
<doc>Pauses the test executed for the given time.</doc>
<status status="PASS" start="2024-03-04T14:35:06.832022" elapsed="0.513880"/>
</kw>
<kw name="Take A Screenshot" owner="ImageHorizonLibrary">
<msg time="2024-03-04T14:35:07.346464" level="INFO" html="true">Screenshot taken: /Users/runner/work/rfswarm/rfswarm/Tests/Regression/Reporter/Logs/macos-latest_3.10/Reporter.GUIBasic-screenshot-5.png&lt;br/&gt;&lt;img src="/Users/runner/work/rfswarm/rfswarm/Tests/Regression/Reporter/Logs/macos-latest_3.10/Reporter.GUIBasic-screenshot-5.png" width="100%" /&gt;</msg>
<doc>Takes a screenshot of the screen.</doc>
<status status="PASS" start="2024-03-04T14:35:07.346138" elapsed="0.392754"/>
</kw>
<arg>PreviewLoaded</arg>
<status status="PASS" start="2024-03-04T14:35:03.594808" elapsed="4.144415"/>
</kw>
<kw name="Click Tab">
<kw name="Convert To Lower Case" owner="String">
<msg time="2024-03-04T14:35:07.741107" level="INFO">${tabnamel} = preview</msg>
<var>${tabnamel}</var>
<arg>${tabname}</arg>
<doc>Converts string to lower case.</doc>
<status status="PASS" start="2024-03-04T14:35:07.740806" elapsed="0.000345"/>
</kw>
<kw name="Set Variable" owner="BuiltIn">
<msg time="2024-03-04T14:35:07.741591" level="INFO">${img} = reporter_macos_tab_preview.png</msg>
<var>${img}</var>
<arg>reporter_${platform}_tab_${tabnamel}.png</arg>
<doc>Returns the given values which can then be assigned to a variables.</doc>
<status status="PASS" start="2024-03-04T14:35:07.741320" elapsed="0.000303"/>
</kw>
<kw name="Log" owner="BuiltIn">
<msg time="2024-03-04T14:35:07.741948" level="INFO">/Users/runner/work/rfswarm/rfswarm/Tests/Regression/Reporter</msg>
<arg>/Users/runner/work/rfswarm/rfswarm/Tests/Regression/Reporter</arg>
<doc>Logs the given message with the given level.</doc>
<status status="PASS" start="2024-03-04T14:35:07.741785" elapsed="0.000251"/>
</kw>
<kw name="Log" owner="BuiltIn">
<msg time="2024-03-04T14:35:07.742348" level="INFO">/Users/runner/work/rfswarm/rfswarm/Tests/Regression/Reporter/Images/file_method</msg>
<arg>${IMAGE_DIR}</arg>
<doc>Logs the given message with the given level.</doc>
<status status="PASS" start="2024-03-04T14:35:07.742170" elapsed="0.000247"/>
</kw>
<kw name="Wait For" owner="ImageHorizonLibrary">
<msg time="2024-03-04T14:35:08.293162" level="INFO">Image "reporter_macos_tab_preview.png" found at (482, 103)</msg>
<arg>${img}</arg>
<arg>timeout=300</arg>
<doc>Tries to locate given image from the screen for given time.</doc>
<status status="PASS" start="2024-03-04T14:35:07.742563" elapsed="0.551137"/>
</kw>
<kw name="Locate" owner="ImageHorizonLibrary">
<msg time="2024-03-04T14:35:10.192286" level="INFO">Image "/Users/runner/work/rfswarm/rfswarm/Tests/Regression/Reporter/Images/file_method/reporter_macos_tab_preview.png" found at Box(left=443, top=89, width=78, height=29)</msg>
<msg time="2024-03-04T14:35:10.193851" level="INFO">@{coordinates} = [ 482 | 103 ]</msg>
<var>@{coordinates}</var>
<arg>${img}</arg>
<doc>Locate image on screen.</doc>
<status status="PASS" start="2024-03-04T14:35:08.294164" elapsed="1.899797"/>
</kw>
<kw name="Click Image" owner="ImageHorizonLibrary">
<msg time="2024-03-04T14:35:13.060141" level="INFO">Image "/Users/runner/work/rfswarm/rfswarm/Tests/Regression/Reporter/Images/file_method/reporter_macos_tab_preview.png" found at Box(left=443, top=89, width=78, height=29)</msg>
<msg time="2024-03-04T14:35:13.060679" level="INFO">Clicking image "reporter_macos_tab_preview.png" in position (482, 103)</msg>
<arg>${img}</arg>
<doc>Finds the reference image on screen and clicks it once.</doc>
<status status="PASS" start="2024-03-04T14:35:10.195522" elapsed="2.988427"/>
</kw>
<kw name="Sleep" owner="BuiltIn">
<msg time="2024-03-04T14:35:13.728143" level="INFO">Slept 500 milliseconds.</msg>
<arg>${sssleep}</arg>
<doc>Pauses the test executed for the given time.</doc>
<status status="PASS" start="2024-03-04T14:35:13.185829" elapsed="0.542546"/>
</kw>
<kw name="Take A Screenshot" owner="ImageHorizonLibrary">
<msg time="2024-03-04T14:35:13.729234" level="INFO" html="true">Screenshot taken: /Users/runner/work/rfswarm/rfswarm/Tests/Regression/Reporter/Logs/macos-latest_3.10/Reporter.GUIBasic-screenshot-6.png&lt;br/&gt;&lt;img src="/Users/runner/work/rfswarm/rfswarm/Tests/Regression/Reporter/Logs/macos-latest_3.10/Reporter.GUIBasic-screenshot-6.png" width="100%" /&gt;</msg>
<doc>Takes a screenshot of the screen.</doc>
<status status="PASS" start="2024-03-04T14:35:13.728750" elapsed="1.128308"/>
</kw>
<arg>Preview</arg>
<status status="PASS" start="2024-03-04T14:35:07.739972" elapsed="7.117749"/>
</kw>
<kw name="Close GUI" type="TEARDOWN">
<kw name="Set Variable" owner="BuiltIn">
<msg time="2024-03-04T14:35:14.861118" level="INFO">${keyword} = Close GUI macos</msg>
<var>${keyword}</var>
<arg>Close GUI ${platform}</arg>
<doc>Returns the given values which can then be assigned to a variables.</doc>
<status status="PASS" start="2024-03-04T14:35:14.860654" elapsed="0.000540"/>
</kw>
<if>
<branch type="IF" condition="${process}">
<kw name="Is Process Running" owner="Process">
<msg time="2024-03-04T14:35:14.862442" level="INFO">${running} = True</msg>
<var>${running}</var>
<arg>${process}</arg>
<doc>Checks is the process running or not.</doc>
<status status="PASS" start="2024-03-04T14:35:14.861897" elapsed="0.000584"/>
</kw>
<if>
<branch type="IF" condition="${running}">
<kw name="Run Keyword" owner="BuiltIn">
<kw name="Close GUI macos">
<kw name="Click Image" owner="ImageHorizonLibrary">
<msg time="2024-03-04T14:35:16.101652" level="INFO">Image "/Users/runner/work/rfswarm/rfswarm/Tests/Regression/Reporter/Images/file_method/reporter_macos_button_closewindow.png" found at Box(left=9, top=31, width=19, height=25)</msg>
<msg time="2024-03-04T14:35:16.102045" level="INFO">Clicking image "reporter_macos_button_closewindow.png" in position (18, 43)</msg>
<arg>reporter_${platform}_button_closewindow.png</arg>
<doc>Finds the reference image on screen and clicks it once.</doc>
<status status="PASS" start="2024-03-04T14:35:14.863890" elapsed="1.352697"/>
</kw>
<kw name="Take A Screenshot" owner="ImageHorizonLibrary">
<msg time="2024-03-04T14:35:16.217822" level="INFO" html="true">Screenshot taken: /Users/runner/work/rfswarm/rfswarm/Tests/Regression/Reporter/Logs/macos-latest_3.10/Reporter.GUIBasic-screenshot-7.png&lt;br/&gt;&lt;img src="/Users/runner/work/rfswarm/rfswarm/Tests/Regression/Reporter/Logs/macos-latest_3.10/Reporter.GUIBasic-screenshot-7.png" width="100%" /&gt;</msg>
<doc>Takes a screenshot of the screen.</doc>
<status status="PASS" start="2024-03-04T14:35:16.217111" elapsed="1.932267"/>
</kw>
<kw name="Sleep" owner="BuiltIn">
<msg time="2024-03-04T14:35:18.676675" level="INFO">Slept 500 milliseconds.</msg>
<arg>0.5</arg>
<doc>Pauses the test executed for the given time.</doc>
<status status="PASS" start="2024-03-04T14:35:18.150109" elapsed="0.526731"/>
</kw>
<kw name="End Process If Still Running">
<kw name="Wait For Process" owner="Process">
<msg time="2024-03-04T14:35:18.679012" level="INFO">Waiting for process to complete.</msg>
<msg time="2024-03-04T14:35:18.679311" level="INFO">Process completed.</msg>
<msg time="2024-03-04T14:35:18.679463" level="INFO">${result} = &lt;result object with rc 0&gt;</msg>
<var>${result}</var>
<arg>${process}</arg>
<arg>timeout=60</arg>
<doc>Waits for the process to complete or to reach the given timeout.</doc>
<status status="PASS" start="2024-03-04T14:35:18.678427" elapsed="0.001075"/>
</kw>
<kw name="Is Process Running" owner="Process">
<msg time="2024-03-04T14:35:18.679984" level="INFO">${running} = False</msg>
<var>${running}</var>
<arg>${process}</arg>
<doc>Checks is the process running or not.</doc>
<status status="PASS" start="2024-03-04T14:35:18.679730" elapsed="0.000288"/>
</kw>
<if>
<branch type="IF" condition="not ${running}">
<kw name="Check Result">
<kw name="Log" owner="BuiltIn">
<msg time="2024-03-04T14:35:18.683146" level="INFO"/>
<arg>${result.stderr}</arg>
<doc>Logs the given message with the given level.</doc>
<status status="PASS" start="2024-03-04T14:35:18.681748" elapsed="0.001471"/>
</kw>
<kw name="Should Not Contain" owner="BuiltIn">
<arg>${result.stderr}</arg>
<arg>Traceback</arg>
<doc>Fails if ``container`` contains ``item`` one or more times.</doc>
<status status="PASS" start="2024-03-04T14:35:18.683419" elapsed="0.000621"/>
</kw>
<kw name="Should Be Equal As Integers" owner="BuiltIn">
<msg time="2024-03-04T14:35:18.685116" level="INFO">Argument types are:
&lt;class 'int'&gt;
&lt;class 'str'&gt;</msg>
<arg>${result.rc}</arg>
<arg>0</arg>
<doc>Fails if objects are unequal after converting them to integers.</doc>
<status status="PASS" start="2024-03-04T14:35:18.684238" elapsed="0.000997"/>
</kw>
<arg>${result}</arg>
<status status="PASS" start="2024-03-04T14:35:18.680813" elapsed="0.004544"/>
</kw>
<status status="PASS" start="2024-03-04T14:35:18.680174" elapsed="0.005280"/>
</branch>
<branch type="ELSE">
<kw name="Take A Screenshot" owner="ImageHorizonLibrary">
<doc>Takes a screenshot of the screen.</doc>
<status status="NOT RUN" start="2024-03-04T14:35:18.685703" elapsed="0.000032"/>
</kw>
<kw name="Terminate Process" owner="Process">
<var>${result}</var>
<arg>${process}</arg>
<doc>Stops the process gracefully or forcefully.</doc>
<status status="NOT RUN" start="2024-03-04T14:35:18.685878" elapsed="0.000028"/>
</kw>
<kw name="Check Result">
<arg>${result}</arg>
<status status="NOT RUN" start="2024-03-04T14:35:18.686096" elapsed="0.000032"/>
</kw>
<kw name="Fail" owner="BuiltIn">
<arg>Had to Terminate Process</arg>
<doc>Fails the test with the given message and optionally alters its tags.</doc>
<status status="NOT RUN" start="2024-03-04T14:35:18.686266" elapsed="0.000028"/>
</kw>
<status status="NOT RUN" start="2024-03-04T14:35:18.685512" elapsed="0.000836"/>
</branch>
<status status="PASS" start="2024-03-04T14:35:18.680129" elapsed="0.006257"/>
</if>
<status status="PASS" start="2024-03-04T14:35:18.677472" elapsed="0.008991"/>
</kw>
<status status="PASS" start="2024-03-04T14:35:14.863475" elapsed="3.823059"/>
</kw>
<arg>${keyword}</arg>
<doc>Executes the given keyword with the given arguments.</doc>
<status status="PASS" start="2024-03-04T14:35:14.862823" elapsed="3.823787"/>
</kw>
<status status="PASS" start="2024-03-04T14:35:14.862578" elapsed="3.824087"/>
</branch>
<branch type="ELSE">
<kw name="Wait For Process" owner="Process">
<var>${result}</var>
<arg>${process}</arg>
<arg>timeout=60</arg>
<doc>Waits for the process to complete or to reach the given timeout.</doc>
<status status="NOT RUN" start="2024-03-04T14:35:18.686847" elapsed="0.000028"/>
</kw>
<kw name="Check Result">
<arg>${result}</arg>
<status status="NOT RUN" start="2024-03-04T14:35:18.687048" elapsed="0.000030"/>
</kw>
<status status="NOT RUN" start="2024-03-04T14:35:18.686705" elapsed="0.000414"/>
</branch>
<status status="PASS" start="2024-03-04T14:35:14.862555" elapsed="3.824597"/>
</if>
<status status="PASS" start="2024-03-04T14:35:14.861509" elapsed="3.825693"/>
</branch>
<status status="PASS" start="2024-03-04T14:35:14.861416" elapsed="3.825827"/>
</if>
<kw name="Set Suite Variable" owner="BuiltIn">
<msg time="2024-03-04T14:35:18.687754" level="INFO">${process} = None</msg>
<arg>$process</arg>
<arg>None</arg>
<doc>Makes a variable available everywhere within the scope of the current suite.</doc>
<status status="PASS" start="2024-03-04T14:35:18.687406" elapsed="0.000408"/>
</kw>
<kw name="Sleep" owner="BuiltIn">
<msg time="2024-03-04T14:35:19.211369" level="INFO">Slept 500 milliseconds.</msg>
<arg>0.5</arg>
<doc>Pauses the test executed for the given time.</doc>
<status status="PASS" start="2024-03-04T14:35:18.687957" elapsed="0.523650"/>
</kw>
<status status="PASS" start="2024-03-04T14:35:14.859604" elapsed="4.352176"/>
</kw>
<tag>macos-latest</tag>
<tag>ubuntu-latest</tag>
<tag>windows-latest</tag>
<status status="PASS" start="2024-03-04T14:35:03.195659" elapsed="16.016250"/>
</test>
<test id="s1-s2-t3" name="First Run" line="33">
<kw name="Log To Console" owner="BuiltIn">
<arg>${\n}TAGS: ${TEST TAGS}</arg>
<doc>Logs the given message to the console.</doc>
<status status="PASS" start="2024-03-04T14:35:19.213412" elapsed="0.000343"/>
</kw>
<kw name="Set Variable" owner="BuiltIn">
<msg time="2024-03-04T14:35:19.214089" level="INFO">${testdata} = Issue-#147</msg>
<var>${testdata}</var>
<arg>Issue-#147</arg>
<doc>Returns the given values which can then be assigned to a variables.</doc>
<status status="PASS" start="2024-03-04T14:35:19.213923" elapsed="0.000200"/>
</kw>
<kw name="Set Variable" owner="BuiltIn">
<msg time="2024-03-04T14:35:19.214437" level="INFO">${resultdata} = 20230320_185055_demo</msg>
<var>${resultdata}</var>
<arg>20230320_185055_demo</arg>
<doc>Returns the given values which can then be assigned to a variables.</doc>
<status status="PASS" start="2024-03-04T14:35:19.214268" elapsed="0.000202"/>
</kw>
<kw name="Set Variable" owner="BuiltIn">
<msg time="2024-03-04T14:35:19.214886" level="INFO">${basefolder} = /Users/runner/work/rfswarm/rfswarm/Tests/Regression/Reporter/testdata/Issue-#147</msg>
<var>${basefolder}</var>
<arg>/Users/runner/work/rfswarm/rfswarm/Tests/Regression/Reporter${/}testdata${/}${testdata}</arg>
<doc>Returns the given values which can then be assigned to a variables.</doc>
<status status="PASS" start="2024-03-04T14:35:19.214628" elapsed="0.000292"/>
</kw>
<kw name="Should Exist" owner="OperatingSystem">
<msg time="2024-03-04T14:35:19.215538" level="INFO" html="true">Path '&lt;a href="file:///Users/runner/work/rfswarm/rfswarm/Tests/Regression/Reporter/testdata/Issue-#147"&gt;/Users/runner/work/rfswarm/rfswarm/Tests/Regression/Reporter/testdata/Issue-#147&lt;/a&gt;' exists.</msg>
<arg>${basefolder}</arg>
<doc>Fails unless the given path (file or directory) exists.</doc>
<status status="PASS" start="2024-03-04T14:35:19.215092" elapsed="0.000519"/>
</kw>
<kw name="Log To Console" owner="BuiltIn">
<arg>basefolder: ${basefolder}</arg>
<arg>console=True</arg>
<doc>Logs the given message to the console.</doc>
<status status="PASS" start="2024-03-04T14:35:19.215753" elapsed="0.000270"/>
</kw>
<kw name="Set Variable" owner="BuiltIn">
<msg time="2024-03-04T14:35:19.216590" level="INFO">${resultfolder} = /Users/runner/work/rfswarm/rfswarm/Tests/Regression/Reporter/testdata/Issue-#147/20230320_185055_demo</msg>
<var>${resultfolder}</var>
<arg>${basefolder}${/}${resultdata}</arg>
<doc>Returns the given values which can then be assigned to a variables.</doc>
<status status="PASS" start="2024-03-04T14:35:19.216327" elapsed="0.000297"/>
</kw>
<kw name="Should Exist" owner="OperatingSystem">
<msg time="2024-03-04T14:35:19.217104" level="INFO" html="true">Path '&lt;a href="file:///Users/runner/work/rfswarm/rfswarm/Tests/Regression/Reporter/testdata/Issue-#147/20230320_185055_demo"&gt;/Users/runner/work/rfswarm/rfswarm/Tests/Regression/Reporter/testdata/Issue-#147/20230320_185055_demo&lt;/a&gt;' exists.</msg>
<arg>${resultfolder}</arg>
<doc>Fails unless the given path (file or directory) exists.</doc>
<status status="PASS" start="2024-03-04T14:35:19.216791" elapsed="0.000405"/>
</kw>
<kw name="Log" owner="BuiltIn">
<msg time="2024-03-04T14:35:19.217617" level="INFO">resultfolder: /Users/runner/work/rfswarm/rfswarm/Tests/Regression/Reporter/testdata/Issue-#147/20230320_185055_demo</msg>
<arg>resultfolder: ${resultfolder}</arg>
<arg>console=True</arg>
<doc>Logs the given message with the given level.</doc>
<status status="PASS" start="2024-03-04T14:35:19.217343" elapsed="0.000374"/>
</kw>
<kw name="Get Time" owner="BuiltIn">
<msg time="2024-03-04T14:35:19.218336" level="INFO">${epoch} = 1709562919</msg>
<var>${epoch}</var>
<arg>epoch</arg>
<doc>Returns the given time in the requested format.</doc>
<status status="PASS" start="2024-03-04T14:35:19.218006" elapsed="0.000365"/>
</kw>
<kw name="Open GUI">
<kw name="Get Variables" owner="BuiltIn">
<msg time="2024-03-04T14:35:19.219771" level="INFO">${var} = {'${/}': '/', '${:}': ':', '${\\n}': '\n', '${cmd_reporter}': 'rfswarm-reporter', '${DEBUG_FILE}': 'NONE', '${EXECDIR}': '/Users/runner/work/rfswarm/rfswarm', '${False}': False, '${IMAGE_DIR}': '/User...</msg>
<var>${var}</var>
<doc>Returns a dictionary containing all variables in the current scope.</doc>
<status status="PASS" start="2024-03-04T14:35:19.219054" elapsed="0.000758"/>
</kw>
<kw name="Log" owner="BuiltIn">
<msg time="2024-03-04T14:35:19.220196" level="INFO">{'${/}': '/', '${:}': ':', '${\\n}': '\n', '${cmd_reporter}': 'rfswarm-reporter', '${DEBUG_FILE}': 'NONE', '${EXECDIR}': '/Users/runner/work/rfswarm/rfswarm', '${False}': False, '${IMAGE_DIR}': '/Users/runner/work/rfswarm/rfswarm/Tests/Regression/Reporter/Images/file_method', '${LOG_FILE}': '/Users/runner/work/rfswarm/rfswarm/Tests/Regression/Reporter/Logs/macos-latest_3.10/log.html', '${LOG_LEVEL}': 'INFO', '${None}': None, '${null}': None, '${OUTPUT_DIR}': '/Users/runner/work/rfswarm/rfswarm/Tests/Regression/Reporter/Logs/macos-latest_3.10', '${OUTPUT_FILE}': '/Users/runner/work/rfswarm/rfswarm/Tests/Regression/Reporter/Logs/macos-latest_3.10/output.xml', '${platform}': 'macos', '${PREV_TEST_MESSAGE}': '', '${PREV_TEST_NAME}': 'Select Preview Tab', '${PREV_TEST_STATUS}': 'PASS', '${process}': 'None', '${pyfile}': '/Users/runner/work/rfswarm/rfswarm/rfswarm_reporter/rfswarm_reporter.py', '${REPORT_FILE}': '/Users/runner/work/rfswarm/rfswarm/Tests/Regression/Reporter/Logs/macos-latest_3.10/report.html', '${SPACE}': ' ', '${sssleep}': '0.5', '${SUITE_DOCUMENTATION}': '', '${SUITE_NAME}': 'Reporter.GUI Basic', '${SUITE_SOURCE}': '/Users/runner/work/rfswarm/rfswarm/Tests/Regression/Reporter/GUI_Basic.robot', '${TEMPDIR}': '/var/folders/24/8k48jl6d249_n_qfxwsl6xvm0000gn/T', '${TEST_DOCUMENTATION}': '', '${TEST_NAME}': 'First Run', '${True}': True, '&amp;{OPTIONS}': {'include': ['macos-latest'], 'exclude': [], 'skip': [], 'skip_on_failure': []}, '&amp;{SUITE_METADATA}': Metadata(), '@{appargs}': ['-i', 'blank_1709562919.ini', '-d', '/Users/runner/work/rfswarm/rfswarm/Tests/Regression/Reporter/testdata/Issue-#147/20230320_185055_demo'], '@{TEST_TAGS}': ['Issue #147', 'macos-latest', 'ubuntu-latest', 'windows-latest']}</msg>
<arg>${var}</arg>
<doc>Logs the given message with the given level.</doc>
<status status="PASS" start="2024-03-04T14:35:19.219955" elapsed="0.000317"/>
</kw>
<kw name="Get Platform">
<kw name="Create Dictionary" owner="BuiltIn">
<msg time="2024-03-04T14:35:19.221138" level="INFO">&amp;{platforms} = { Linux=ubuntu | Darwin=macos | Java=notsupported | Windows=windows }</msg>
<var>&amp;{platforms}</var>
<arg>Linux=ubuntu</arg>
<arg>Darwin=macos</arg>
<arg>Java=notsupported</arg>
<arg>Windows=windows</arg>
<doc>Creates and returns a dictionary based on the given ``items``.</doc>
<status status="PASS" start="2024-03-04T14:35:19.220733" elapsed="0.000441"/>
</kw>
<kw name="Evaluate" owner="BuiltIn">
<msg time="2024-03-04T14:35:19.221689" level="INFO">${os} = Darwin</msg>
<var>${os}</var>
<arg>platform.system()</arg>
<arg>platform</arg>
<doc>Evaluates the given expression in Python and returns the result.</doc>
<status status="PASS" start="2024-03-04T14:35:19.221349" elapsed="0.000375"/>
</kw>
<kw name="Set Suite Variable" owner="BuiltIn">
<msg time="2024-03-04T14:35:19.222196" level="INFO">${platform} = macos</msg>
<arg>${platform}</arg>
<arg>${platforms}[${os}]</arg>
<doc>Makes a variable available everywhere within the scope of the current suite.</doc>
<status status="PASS" start="2024-03-04T14:35:19.221874" elapsed="0.000380"/>
</kw>
<status status="PASS" start="2024-03-04T14:35:19.220436" elapsed="0.001902"/>
</kw>
<kw name="Set Variable" owner="BuiltIn">
<msg time="2024-03-04T14:35:19.222661" level="INFO">${keyword} = Open GUI macos</msg>
<var>${keyword}</var>
<arg>Open GUI ${platform}</arg>
<doc>Returns the given values which can then be assigned to a variables.</doc>
<status status="PASS" start="2024-03-04T14:35:19.222466" elapsed="0.000227"/>
</kw>
<kw name="Run Keyword" owner="BuiltIn">
<kw name="Open GUI macos">
<kw name="Set Suite Variable" owner="BuiltIn">
<msg time="2024-03-04T14:35:19.223884" level="INFO">${platform} = macos</msg>
<arg>${platform}</arg>
<arg>macos</arg>
<doc>Makes a variable available everywhere within the scope of the current suite.</doc>
<status status="PASS" start="2024-03-04T14:35:19.223653" elapsed="0.000287"/>
</kw>
<kw name="Set Confidence" owner="ImageHorizonLibrary">
<arg>0.9</arg>
<doc>Sets the accuracy when finding images.</doc>
<status status="PASS" start="2024-03-04T14:35:19.224086" elapsed="0.000266"/>
</kw>
<kw name="Start Process" owner="Process">
<msg time="2024-03-04T14:35:19.225473" level="INFO">Starting process:
rfswarm-reporter -g 6 -i blank_1709562919.ini -d /Users/runner/work/rfswarm/rfswarm/Tests/Regression/Reporter/testdata/Issue-#147/20230320_185055_demo</msg>
[...]
<doc>Takes a screenshot of the screen.</doc>
<status status="PASS" start="2024-03-04T14:35:45.528721" elapsed="0.712440"/>
</kw>
<arg>AddSection</arg>
<status status="PASS" start="2024-03-04T14:35:43.256816" elapsed="2.985107"/>
</kw>
<kw name="Click To The Below Of Image" owner="ImageHorizonLibrary">
<msg time="2024-03-04T14:35:47.011062" level="INFO">Image "/Users/runner/work/rfswarm/rfswarm/Tests/Regression/Reporter/Images/file_method/reporter_macos_label_sectionname.png" found at Box(left=494, top=430, width=92, height=23)</msg>
<msg time="2024-03-04T14:35:47.011383" level="INFO">Clicking 1 time(s) at (540, 461) with left mouse button at interval 0.000000</msg>
<arg>reporter_${platform}_label_sectionname.png</arg>
<arg>20</arg>
<doc>Clicks below of reference image by given offset.</doc>
<status status="PASS" start="2024-03-04T14:35:46.242488" elapsed="0.910109"/>
</kw>
<kw name="Type" owner="ImageHorizonLibrary">
<arg>Issue #149</arg>
<doc>Type text and keyboard keys.</doc>
<status status="PASS" start="2024-03-04T14:35:47.153269" elapsed="0.680831"/>
</kw>
<kw name="Click Button">
<kw name="Convert To Lower Case" owner="String">
<msg time="2024-03-04T14:35:47.836214" level="INFO">${bttnnamel} = ok</msg>
<var>${bttnnamel}</var>
<arg>${bttnname}</arg>
<doc>Converts string to lower case.</doc>
<status status="PASS" start="2024-03-04T14:35:47.835756" elapsed="0.000534"/>
</kw>
<kw name="Set Variable" owner="BuiltIn">
<msg time="2024-03-04T14:35:47.836874" level="INFO">${img} = reporter_macos_button_ok.png</msg>
<var>${img}</var>
<arg>reporter_${platform}_button_${bttnnamel}.png</arg>
<doc>Returns the given values which can then be assigned to a variables.</doc>
<status status="PASS" start="2024-03-04T14:35:47.836496" elapsed="0.000414"/>
</kw>
<kw name="Log" owner="BuiltIn">
<msg time="2024-03-04T14:35:47.837275" level="INFO">/Users/runner/work/rfswarm/rfswarm/Tests/Regression/Reporter</msg>
<arg>/Users/runner/work/rfswarm/rfswarm/Tests/Regression/Reporter</arg>
<doc>Logs the given message with the given level.</doc>
<status status="PASS" start="2024-03-04T14:35:47.837078" elapsed="0.000307"/>
</kw>
<kw name="Log" owner="BuiltIn">
<msg time="2024-03-04T14:35:47.837762" level="INFO">/Users/runner/work/rfswarm/rfswarm/Tests/Regression/Reporter/Images/file_method</msg>
<arg>${IMAGE_DIR}</arg>
<doc>Logs the given message with the given level.</doc>
<status status="PASS" start="2024-03-04T14:35:47.837601" elapsed="0.000255"/>
</kw>
<kw name="Wait For" owner="ImageHorizonLibrary">
<msg time="2024-03-04T14:35:48.333081" level="INFO">Image "reporter_macos_button_ok.png" found at (520, 502)</msg>
<arg>${img}</arg>
<arg>timeout=300</arg>
<doc>Tries to locate given image from the screen for given time.</doc>
<status status="PASS" start="2024-03-04T14:35:47.837995" elapsed="0.495482"/>
</kw>
<kw name="Locate" owner="ImageHorizonLibrary">
<msg time="2024-03-04T14:35:48.841850" level="INFO">Image "/Users/runner/work/rfswarm/rfswarm/Tests/Regression/Reporter/Images/file_method/reporter_macos_button_ok.png" found at Box(left=506, top=491, width=28, height=22)</msg>
<msg time="2024-03-04T14:35:48.842603" level="INFO">@{coordinates} = [ 520 | 502 ]</msg>
<var>@{coordinates}</var>
<arg>${img}</arg>
<doc>Locate image on screen.</doc>
<status status="PASS" start="2024-03-04T14:35:48.334255" elapsed="0.508477"/>
</kw>
<kw name="Click Image" owner="ImageHorizonLibrary">
<msg time="2024-03-04T14:35:49.369031" level="INFO">Image "/Users/runner/work/rfswarm/rfswarm/Tests/Regression/Reporter/Images/file_method/reporter_macos_button_ok.png" found at Box(left=506, top=491, width=28, height=22)</msg>
<msg time="2024-03-04T14:35:49.369524" level="INFO">Clicking image "reporter_macos_button_ok.png" in position (520, 502)</msg>
<arg>${img}</arg>
<doc>Finds the reference image on screen and clicks it once.</doc>
<status status="PASS" start="2024-03-04T14:35:48.843203" elapsed="0.704561"/>
</kw>
<kw name="Sleep" owner="BuiltIn">
<msg time="2024-03-04T14:35:50.056295" level="INFO">Slept 500 milliseconds.</msg>
<arg>${sssleep}</arg>
<doc>Pauses the test executed for the given time.</doc>
<status status="PASS" start="2024-03-04T14:35:49.548452" elapsed="0.507991"/>
</kw>
<kw name="Take A Screenshot" owner="ImageHorizonLibrary">
<msg time="2024-03-04T14:35:50.057045" level="INFO" html="true">Screenshot taken: /Users/runner/work/rfswarm/rfswarm/Tests/Regression/Reporter/Logs/macos-latest_3.10/Reporter.GUIBasic-screenshot-16.png&lt;br/&gt;&lt;img src="/Users/runner/work/rfswarm/rfswarm/Tests/Regression/Reporter/Logs/macos-latest_3.10/Reporter.GUIBasic-screenshot-16.png" width="100%" /&gt;</msg>
<doc>Takes a screenshot of the screen.</doc>
<status status="PASS" start="2024-03-04T14:35:50.056694" elapsed="0.408343"/>
</kw>
<arg>OK</arg>
<status status="PASS" start="2024-03-04T14:35:47.834669" elapsed="2.630799"/>
</kw>
<kw name="Take A Screenshot" owner="ImageHorizonLibrary">
<msg time="2024-03-04T14:35:50.466715" level="INFO" html="true">Screenshot taken: /Users/runner/work/rfswarm/rfswarm/Tests/Regression/Reporter/Logs/macos-latest_3.10/Reporter.GUIBasic-screenshot-17.png&lt;br/&gt;&lt;img src="/Users/runner/work/rfswarm/rfswarm/Tests/Regression/Reporter/Logs/macos-latest_3.10/Reporter.GUIBasic-screenshot-17.png" width="100%" /&gt;</msg>
<doc>Takes a screenshot of the screen.</doc>
<status status="PASS" start="2024-03-04T14:35:50.466134" elapsed="0.357979"/>
</kw>
<kw name="Click Section">
<kw name="Convert To Lower Case" owner="String">
<msg time="2024-03-04T14:35:50.827328" level="INFO">${sectnamel} = issue#149</msg>
<var>${sectnamel}</var>
<arg>${sectname}</arg>
<doc>Converts string to lower case.</doc>
<status status="PASS" start="2024-03-04T14:35:50.826861" elapsed="0.000516"/>
</kw>
<kw name="Set Variable" owner="BuiltIn">
<msg time="2024-03-04T14:35:50.827954" level="INFO">${img} = reporter_macos_section_issue#149.png</msg>
<var>${img}</var>
<arg>reporter_${platform}_section_${sectnamel}.png</arg>
<doc>Returns the given values which can then be assigned to a variables.</doc>
<status status="PASS" start="2024-03-04T14:35:50.827592" elapsed="0.000437"/>
</kw>
<kw name="Log" owner="BuiltIn">
<msg time="2024-03-04T14:35:50.828711" level="INFO">/Users/runner/work/rfswarm/rfswarm/Tests/Regression/Reporter</msg>
<arg>/Users/runner/work/rfswarm/rfswarm/Tests/Regression/Reporter</arg>
<doc>Logs the given message with the given level.</doc>
<status status="PASS" start="2024-03-04T14:35:50.828417" elapsed="0.000489"/>
</kw>
<kw name="Log" owner="BuiltIn">
<msg time="2024-03-04T14:35:50.829359" level="INFO">/Users/runner/work/rfswarm/rfswarm/Tests/Regression/Reporter/Images/file_method</msg>
<arg>${IMAGE_DIR}</arg>
<doc>Logs the given message with the given level.</doc>
<status status="PASS" start="2024-03-04T14:35:50.829177" elapsed="0.000246"/>
</kw>
<kw name="Wait For" owner="ImageHorizonLibrary">
<kw name="Take A Screenshot" owner="ImageHorizonLibrary">
<msg time="2024-03-04T14:40:51.010605" level="INFO" html="true">Screenshot taken: /Users/runner/work/rfswarm/rfswarm/Tests/Regression/Reporter/Logs/macos-latest_3.10/Reporter.GUIBasic-screenshot-18.png&lt;br/&gt;&lt;img src="/Users/runner/work/rfswarm/rfswarm/Tests/Regression/Reporter/Logs/macos-latest_3.10/Reporter.GUIBasic-screenshot-18.png" width="100%" /&gt;</msg>
<doc>Takes a screenshot of the screen.</doc>
<status status="PASS" start="2024-03-04T14:40:51.009402" elapsed="0.298255"/>
</kw>
<msg time="2024-03-04T14:40:51.309087" level="FAIL">ImageNotFoundException: Reference image "/Users/runner/work/rfswarm/rfswarm/Tests/Regression/Reporter/Images/file_method/reporter_macos_section_issue#149.png" was not found on screen</msg>
<arg>${img}</arg>
<arg>timeout=300</arg>
<doc>Tries to locate given image from the screen for given time.</doc>
<status status="FAIL" start="2024-03-04T14:35:50.829590" elapsed="300.482534">ImageNotFoundException: Reference image "/Users/runner/work/rfswarm/rfswarm/Tests/Regression/Reporter/Images/file_method/reporter_macos_section_issue#149.png" was not found on screen</status>
</kw>
<kw name="Locate" owner="ImageHorizonLibrary">
<var>@{coordinates}</var>
<arg>${img}</arg>
<doc>Locate image on screen.</doc>
<status status="NOT RUN" start="2024-03-04T14:40:51.312682" elapsed="0.000056"/>
</kw>
<kw name="Click Image" owner="ImageHorizonLibrary">
<arg>${img}</arg>
<doc>Finds the reference image on screen and clicks it once.</doc>
<status status="NOT RUN" start="2024-03-04T14:40:51.312905" elapsed="0.000030"/>
</kw>
<kw name="Sleep" owner="BuiltIn">
<arg>${sssleep}</arg>
<doc>Pauses the test executed for the given time.</doc>
<status status="NOT RUN" start="2024-03-04T14:40:51.313088" elapsed="0.000028"/>
</kw>
<kw name="Take A Screenshot" owner="ImageHorizonLibrary">
<doc>Takes a screenshot of the screen.</doc>
<status status="NOT RUN" start="2024-03-04T14:40:51.313259" elapsed="0.000029"/>
</kw>
<arg>Issue#149</arg>
<status status="FAIL" start="2024-03-04T14:35:50.825375" elapsed="300.488405">ImageNotFoundException: Reference image "/Users/runner/work/rfswarm/rfswarm/Tests/Regression/Reporter/Images/file_method/reporter_macos_section_issue#149.png" was not found on screen</status>
</kw>
<kw name="Select Field With Label">
<arg>Type</arg>
<status status="NOT RUN" start="2024-03-04T14:40:51.314374" elapsed="0.000041"/>
</kw>
<kw name="Select Option">
<arg>DataTable</arg>
<status status="NOT RUN" start="2024-03-04T14:40:51.314614" elapsed="0.000031"/>
</kw>
<kw name="Run Keyword And Continue On Failure" owner="BuiltIn">
<arg>Wait For Status</arg>
<arg>PreviewLoaded</arg>
<doc>Runs the keyword and continues execution even if a failure occurs.</doc>
<status status="NOT RUN" start="2024-03-04T14:40:51.314871" elapsed="0.000030"/>
</kw>
<kw name="Select Field With Label">
<arg>ShowGraphColours</arg>
<status status="NOT RUN" start="2024-03-04T14:40:51.315174" elapsed="0.000030"/>
</kw>
<kw name="Select Field With Label">
<arg>DataType</arg>
<status status="NOT RUN" start="2024-03-04T14:40:51.315418" elapsed="0.000031"/>
</kw>
<kw name="Select Option">
<arg>Result</arg>
<status status="NOT RUN" start="2024-03-04T14:40:51.315627" elapsed="0.000043"/>
</kw>
<kw name="Select Field With Label">
<arg>ResultType</arg>
<status status="NOT RUN" start="2024-03-04T14:40:51.315890" elapsed="0.000029"/>
</kw>
<kw name="Select Option">
<arg>ResponseTime</arg>
<status status="NOT RUN" start="2024-03-04T14:40:51.316160" elapsed="0.000030"/>
</kw>
<kw name="Run Keyword And Continue On Failure" owner="BuiltIn">
<arg>Wait For Status</arg>
<arg>PreviewLoaded</arg>
<doc>Runs the keyword and continues execution even if a failure occurs.</doc>
<status status="NOT RUN" start="2024-03-04T14:40:51.316333" elapsed="0.000028"/>
</kw>
<kw name="Click Button">
<arg>GenerateHTML</arg>
<status status="NOT RUN" start="2024-03-04T14:40:51.316577" elapsed="0.000029"/>
</kw>
<kw name="Wait For Status">
<arg>SavedXHTMLReport</arg>
<status status="NOT RUN" start="2024-03-04T14:40:51.316782" elapsed="0.000037"/>
</kw>
<kw name="Close GUI" type="TEARDOWN">
<kw name="Set Variable" owner="BuiltIn">
<msg time="2024-03-04T14:40:51.318505" level="INFO">${keyword} = Close GUI macos</msg>
<var>${keyword}</var>
<arg>Close GUI ${platform}</arg>
<doc>Returns the given values which can then be assigned to a variables.</doc>
<status status="PASS" start="2024-03-04T14:40:51.318211" elapsed="0.000332"/>
</kw>
<if>
<branch type="IF" condition="${process}">
<kw name="Is Process Running" owner="Process">
<msg time="2024-03-04T14:40:51.319383" level="INFO">${running} = True</msg>
<var>${running}</var>
<arg>${process}</arg>
<doc>Checks is the process running or not.</doc>
<status status="PASS" start="2024-03-04T14:40:51.318957" elapsed="0.000461"/>
</kw>
<if>
<branch type="IF" condition="${running}">
<kw name="Run Keyword" owner="BuiltIn">
<kw name="Close GUI macos">
<kw name="Click Image" owner="ImageHorizonLibrary">
<msg time="2024-03-04T14:40:51.721010" level="INFO">Image "/Users/runner/work/rfswarm/rfswarm/Tests/Regression/Reporter/Images/file_method/reporter_macos_button_closewindow.png" found at Box(left=9, top=31, width=19, height=25)</msg>
<msg time="2024-03-04T14:40:51.721341" level="INFO">Clicking image "reporter_macos_button_closewindow.png" in position (18, 43)</msg>
<arg>reporter_${platform}_button_closewindow.png</arg>
<doc>Finds the reference image on screen and clicks it once.</doc>
<status status="PASS" start="2024-03-04T14:40:51.320911" elapsed="0.574917"/>
</kw>
<kw name="Take A Screenshot" owner="ImageHorizonLibrary">
<msg time="2024-03-04T14:40:51.896875" level="INFO" html="true">Screenshot taken: /Users/runner/work/rfswarm/rfswarm/Tests/Regression/Reporter/Logs/macos-latest_3.10/Reporter.GUIBasic-screenshot-19.png&lt;br/&gt;&lt;img src="/Users/runner/work/rfswarm/rfswarm/Tests/Regression/Reporter/Logs/macos-latest_3.10/Reporter.GUIBasic-screenshot-19.png" width="100%" /&gt;</msg>
<doc>Takes a screenshot of the screen.</doc>
<status status="PASS" start="2024-03-04T14:40:51.896362" elapsed="0.287840"/>
</kw>
<kw name="Sleep" owner="BuiltIn">
<msg time="2024-03-04T14:40:52.694387" level="INFO">Slept 500 milliseconds.</msg>
<arg>0.5</arg>
<doc>Pauses the test executed for the given time.</doc>
<status status="PASS" start="2024-03-04T14:40:52.184902" elapsed="0.509776"/>
</kw>
<kw name="End Process If Still Running">
<kw name="Wait For Process" owner="Process">
<msg time="2024-03-04T14:40:52.697519" level="INFO">Waiting for process to complete.</msg>
<msg time="2024-03-04T14:40:52.697876" level="INFO">Process completed.</msg>
<msg time="2024-03-04T14:40:52.698012" level="INFO">${result} = &lt;result object with rc 0&gt;</msg>
<var>${result}</var>
<arg>${process}</arg>
<arg>timeout=60</arg>
<doc>Waits for the process to complete or to reach the given timeout.</doc>
<status status="PASS" start="2024-03-04T14:40:52.696928" elapsed="0.001155"/>
</kw>
<kw name="Is Process Running" owner="Process">
<msg time="2024-03-04T14:40:52.698607" level="INFO">${running} = False</msg>
<var>${running}</var>
<arg>${process}</arg>
<doc>Checks is the process running or not.</doc>
<status status="PASS" start="2024-03-04T14:40:52.698336" elapsed="0.000598"/>
</kw>
<if>
<branch type="IF" condition="not ${running}">
<kw name="Check Result">
<kw name="Log" owner="BuiltIn">
<msg time="2024-03-04T14:40:52.703229" level="INFO"/>
<arg>${result.stderr}</arg>
<doc>Logs the given message with the given level.</doc>
<status status="PASS" start="2024-03-04T14:40:52.701621" elapsed="0.001713"/>
</kw>
<kw name="Should Not Contain" owner="BuiltIn">
<arg>${result.stderr}</arg>
<arg>Traceback</arg>
<doc>Fails if ``container`` contains ``item`` one or more times.</doc>
<status status="PASS" start="2024-03-04T14:40:52.703517" elapsed="0.000682"/>
</kw>
<kw name="Should Be Equal As Integers" owner="BuiltIn">
<msg time="2024-03-04T14:40:52.705452" level="INFO">Argument types are:
&lt;class 'int'&gt;
&lt;class 'str'&gt;</msg>
<arg>${result.rc}</arg>
<arg>0</arg>
<doc>Fails if objects are unequal after converting them to integers.</doc>
<status status="PASS" start="2024-03-04T14:40:52.704437" elapsed="0.001119"/>
</kw>
<arg>${result}</arg>
<status status="PASS" start="2024-03-04T14:40:52.700516" elapsed="0.005147"/>
</kw>
<status status="PASS" start="2024-03-04T14:40:52.699171" elapsed="0.006547"/>
</branch>
<branch type="ELSE">
<kw name="Take A Screenshot" owner="ImageHorizonLibrary">
<doc>Takes a screenshot of the screen.</doc>
<status status="NOT RUN" start="2024-03-04T14:40:52.706102" elapsed="0.000036"/>
</kw>
<kw name="Terminate Process" owner="Process">
<var>${result}</var>
<arg>${process}</arg>
<doc>Stops the process gracefully or forcefully.</doc>
<status status="NOT RUN" start="2024-03-04T14:40:52.706323" elapsed="0.000029"/>
</kw>
<kw name="Check Result">
<arg>${result}</arg>
<status status="NOT RUN" start="2024-03-04T14:40:52.706708" elapsed="0.000037"/>
</kw>
<kw name="Fail" owner="BuiltIn">
<arg>Had to Terminate Process</arg>
<doc>Fails the test with the given message and optionally alters its tags.</doc>
<status status="NOT RUN" start="2024-03-04T14:40:52.706943" elapsed="0.000058"/>
</kw>
<status status="NOT RUN" start="2024-03-04T14:40:52.705765" elapsed="0.001285"/>
</branch>
<status status="PASS" start="2024-03-04T14:40:52.699115" elapsed="0.008007"/>
</if>
<status status="PASS" start="2024-03-04T14:40:52.696087" elapsed="0.011173"/>
</kw>
<status status="PASS" start="2024-03-04T14:40:51.320330" elapsed="1.387526"/>
</kw>
<arg>${keyword}</arg>
<doc>Executes the given keyword with the given arguments.</doc>
<status status="PASS" start="2024-03-04T14:40:51.319849" elapsed="1.388690"/>
</kw>
<status status="PASS" start="2024-03-04T14:40:51.319656" elapsed="1.388993"/>
</branch>
<branch type="ELSE">
<kw name="Wait For Process" owner="Process">
<var>${result}</var>
<arg>${process}</arg>
<arg>timeout=60</arg>
<doc>Waits for the process to complete or to reach the given timeout.</doc>
<status status="NOT RUN" start="2024-03-04T14:40:52.709226" elapsed="0.000145"/>
</kw>
<kw name="Check Result">
<arg>${result}</arg>
<status status="NOT RUN" start="2024-03-04T14:40:52.709984" elapsed="0.000036"/>
</kw>
<status status="NOT RUN" start="2024-03-04T14:40:52.708707" elapsed="0.001366"/>
</branch>
<status status="PASS" start="2024-03-04T14:40:51.319633" elapsed="1.390585"/>
</if>
<status status="PASS" start="2024-03-04T14:40:51.318747" elapsed="1.391534"/>
</branch>
<status status="PASS" start="2024-03-04T14:40:51.318700" elapsed="1.391644"/>
</if>
<kw name="Set Suite Variable" owner="BuiltIn">
<msg time="2024-03-04T14:40:52.711280" level="INFO">${process} = None</msg>
<arg>$process</arg>
<arg>None</arg>
<doc>Makes a variable available everywhere within the scope of the current suite.</doc>
<status status="PASS" start="2024-03-04T14:40:52.710621" elapsed="0.000758"/>
</kw>
<kw name="Sleep" owner="BuiltIn">
<msg time="2024-03-04T14:40:53.223741" level="INFO">Slept 500 milliseconds.</msg>
<arg>0.5</arg>
<doc>Pauses the test executed for the given time.</doc>
<status status="PASS" start="2024-03-04T14:40:52.711540" elapsed="0.512349"/>
</kw>
<status status="PASS" start="2024-03-04T14:40:51.317669" elapsed="1.906365"/>
</kw>
<tag>Issue #149</tag>
<tag>Issue #150</tag>
<tag>macos-latest</tag>
<tag>ubuntu-latest</tag>
<tag>windows-latest</tag>
<status status="FAIL" start="2024-03-04T14:35:35.006330" elapsed="318.217824">ImageNotFoundException: Reference image "/Users/runner/work/rfswarm/rfswarm/Tests/Regression/Reporter/Images/file_method/reporter_macos_section_issue#149.png" was not found on screen</status>
</test>
<status status="FAIL" start="2024-03-04T14:34:39.030559" elapsed="374.194747"/>
</suite>
<status status="FAIL" start="2024-03-04T14:34:00.707864" elapsed="412.518489"/>
</suite>
<statistics>
<total>
<stat pass="8" fail="1" skip="0">All Tests</stat>
</total>
<tag>
<stat pass="1" fail="0" skip="0">DOCX</stat>
<stat pass="1" fail="0" skip="0">HTML</stat>
<stat pass="3" fail="0" skip="0">Issue #144</stat>
<stat pass="1" fail="0" skip="0">Issue #147</stat>
<stat pass="0" fail="1" skip="0">Issue #149</stat>
<stat pass="0" fail="1" skip="0">Issue #150</stat>
<stat pass="8" fail="1" skip="0">macos-latest</stat>
<stat pass="8" fail="1" skip="0">ubuntu-latest</stat>
<stat pass="8" fail="1" skip="0">windows-latest</stat>
<stat pass="1" fail="0" skip="0">XLSX</stat>
</tag>
<suite>
<stat pass="8" fail="1" skip="0" id="s1" name="Reporter">Reporter</stat>
<stat pass="5" fail="0" skip="0" id="s1-s1" name="CommandLine">Reporter.CommandLine</stat>
<stat pass="3" fail="1" skip="0" id="s1-s2" name="GUI Basic">Reporter.GUI Basic</stat>
</suite>
</statistics>
<errors>
</errors>
</robot>
