<?xml version="1.0" encoding="UTF-8"?>
<robot generator="Robot 7.0 (Python 3.12.2 on darwin)" generated="2024-03-10T10:24:06.537554" rpa="false" schemaversion="5">
<suite id="s1" name="Reporter" source="/Users/runner/work/rfswarm/rfswarm/Tests/Regression/Reporter">
<suite id="s1-s1" name="CommandLine" source="/Users/runner/work/rfswarm/rfswarm/Tests/Regression/Reporter/CommandLine.robot">
<kw name="Clean Up Old Files" type="SETUP">
<kw name="Log To Console" owner="BuiltIn">
<arg>${OUTPUT DIR}</arg>
<doc>Logs the given message to the console.</doc>
<status status="PASS" start="2024-03-10T10:24:06.583994" elapsed="0.000375"/>
</kw>
<kw name="Remove File" owner="OperatingSystem">
<msg time="2024-03-10T10:24:06.585419" level="INFO" html="true">Removed file '&lt;a href="file:///Users/runner/work/rfswarm/rfswarm/Tests/Regression/Reporter/Logs/macos-latest_3.10/stdout.txt"&gt;/Users/runner/work/rfswarm/rfswarm/Tests/Regression/Reporter/Logs/macos-latest_3.10/stdout.txt&lt;/a&gt;'.</msg>
<msg time="2024-03-10T10:24:06.585591" level="INFO" html="true">Removed file '&lt;a href="file:///Users/runner/work/rfswarm/rfswarm/Tests/Regression/Reporter/Logs/macos-latest_3.10/stderr.txt"&gt;/Users/runner/work/rfswarm/rfswarm/Tests/Regression/Reporter/Logs/macos-latest_3.10/stderr.txt&lt;/a&gt;'.</msg>
<arg>${OUTPUT DIR}${/}*.txt</arg>
<doc>Removes a file with the given path.</doc>
<status status="PASS" start="2024-03-10T10:24:06.584553" elapsed="0.001130"/>
</kw>
<kw name="Remove File" owner="OperatingSystem">
<msg time="2024-03-10T10:24:06.586512" level="INFO" html="true">Removed file '&lt;a href="file:///Users/runner/work/rfswarm/rfswarm/Tests/Regression/Reporter/Logs/macos-latest_3.10/Reporter.GUIBasic-screenshot-8.png"&gt;/Users/runner/work/rfswarm/rfswarm/Tests/Regression/Reporter/Logs/macos-latest_3.10/Reporter.GUIBasic-screenshot-8.png&lt;/a&gt;'.</msg>
<msg time="2024-03-10T10:24:06.586737" level="INFO" html="true">Removed file '&lt;a href="file:///Users/runner/work/rfswarm/rfswarm/Tests/Regression/Reporter/Logs/macos-latest_3.10/Reporter.GUIBasic-screenshot-9.png"&gt;/Users/runner/work/rfswarm/rfswarm/Tests/Regression/Reporter/Logs/macos-latest_3.10/Reporter.GUIBasic-screenshot-9.png&lt;/a&gt;'.</msg>
<msg time="2024-03-10T10:24:06.586964" level="INFO" html="true">Removed file '&lt;a href="file:///Users/runner/work/rfswarm/rfswarm/Tests/Regression/Reporter/Logs/macos-latest_3.10/Reporter.GUIBasic-screenshot-18.png"&gt;/Users/runner/work/rfswarm/rfswarm/Tests/Regression/Reporter/Logs/macos-latest_3.10/Reporter.GUIBasic-screenshot-18.png&lt;/a&gt;'.</msg>
<msg time="2024-03-10T10:24:06.587183" level="INFO" html="true">Removed file '&lt;a href="file:///Users/runner/work/rfswarm/rfswarm/Tests/Regression/Reporter/Logs/macos-latest_3.10/Reporter.GUIBasic-screenshot-19.png"&gt;/Users/runner/work/rfswarm/rfswarm/Tests/Regression/Reporter/Logs/macos-latest_3.10/Reporter.GUIBasic-screenshot-19.png&lt;/a&gt;'.</msg>
<msg time="2024-03-10T10:24:06.587418" level="INFO" html="true">Removed file '&lt;a href="file:///Users/runner/work/rfswarm/rfswarm/Tests/Regression/Reporter/Logs/macos-latest_3.10/Reporter.GUIBasic-screenshot-12.png"&gt;/Users/runner/work/rfswarm/rfswarm/Tests/Regression/Reporter/Logs/macos-latest_3.10/Reporter.GUIBasic-screenshot-12.png&lt;/a&gt;'.</msg>
<msg time="2024-03-10T10:24:06.587711" level="INFO" html="true">Removed file '&lt;a href="file:///Users/runner/work/rfswarm/rfswarm/Tests/Regression/Reporter/Logs/macos-latest_3.10/Reporter.GUIBasic-screenshot-1.png"&gt;/Users/runner/work/rfswarm/rfswarm/Tests/Regression/Reporter/Logs/macos-latest_3.10/Reporter.GUIBasic-screenshot-1.png&lt;/a&gt;'.</msg>
<msg time="2024-03-10T10:24:06.587926" level="INFO" html="true">Removed file '&lt;a href="file:///Users/runner/work/rfswarm/rfswarm/Tests/Regression/Reporter/Logs/macos-latest_3.10/Reporter.GUIBasic-screenshot-13.png"&gt;/Users/runner/work/rfswarm/rfswarm/Tests/Regression/Reporter/Logs/macos-latest_3.10/Reporter.GUIBasic-screenshot-13.png&lt;/a&gt;'.</msg>
<msg time="2024-03-10T10:24:06.588159" level="INFO" html="true">Removed file '&lt;a href="file:///Users/runner/work/rfswarm/rfswarm/Tests/Regression/Reporter/Logs/macos-latest_3.10/Reporter.GUIBasic-screenshot-11.png"&gt;/Users/runner/work/rfswarm/rfswarm/Tests/Regression/Reporter/Logs/macos-latest_3.10/Reporter.GUIBasic-screenshot-11.png&lt;/a&gt;'.</msg>
<msg time="2024-03-10T10:24:06.588393" level="INFO" html="true">Removed file '&lt;a href="file:///Users/runner/work/rfswarm/rfswarm/Tests/Regression/Reporter/Logs/macos-latest_3.10/Reporter.GUIBasic-screenshot-2.png"&gt;/Users/runner/work/rfswarm/rfswarm/Tests/Regression/Reporter/Logs/macos-latest_3.10/Reporter.GUIBasic-screenshot-2.png&lt;/a&gt;'.</msg>
<msg time="2024-03-10T10:24:06.588628" level="INFO" html="true">Removed file '&lt;a href="file:///Users/runner/work/rfswarm/rfswarm/Tests/Regression/Reporter/Logs/macos-latest_3.10/Reporter.GUIBasic-screenshot-3.png"&gt;/Users/runner/work/rfswarm/rfswarm/Tests/Regression/Reporter/Logs/macos-latest_3.10/Reporter.GUIBasic-screenshot-3.png&lt;/a&gt;'.</msg>
<msg time="2024-03-10T10:24:06.588847" level="INFO" html="true">Removed file '&lt;a href="file:///Users/runner/work/rfswarm/rfswarm/Tests/Regression/Reporter/Logs/macos-latest_3.10/Reporter.GUIBasic-screenshot-10.png"&gt;/Users/runner/work/rfswarm/rfswarm/Tests/Regression/Reporter/Logs/macos-latest_3.10/Reporter.GUIBasic-screenshot-10.png&lt;/a&gt;'.</msg>
<msg time="2024-03-10T10:24:06.589065" level="INFO" html="true">Removed file '&lt;a href="file:///Users/runner/work/rfswarm/rfswarm/Tests/Regression/Reporter/Logs/macos-latest_3.10/Reporter.GUIBasic-screenshot-14.png"&gt;/Users/runner/work/rfswarm/rfswarm/Tests/Regression/Reporter/Logs/macos-latest_3.10/Reporter.GUIBasic-screenshot-14.png&lt;/a&gt;'.</msg>
<msg time="2024-03-10T10:24:06.589303" level="INFO" html="true">Removed file '&lt;a href="file:///Users/runner/work/rfswarm/rfswarm/Tests/Regression/Reporter/Logs/macos-latest_3.10/Reporter.GUIBasic-screenshot-7.png"&gt;/Users/runner/work/rfswarm/rfswarm/Tests/Regression/Reporter/Logs/macos-latest_3.10/Reporter.GUIBasic-screenshot-7.png&lt;/a&gt;'.</msg>
<msg time="2024-03-10T10:24:06.589558" level="INFO" html="true">Removed file '&lt;a href="file:///Users/runner/work/rfswarm/rfswarm/Tests/Regression/Reporter/Logs/macos-latest_3.10/Reporter.GUIBasic-screenshot-6.png"&gt;/Users/runner/work/rfswarm/rfswarm/Tests/Regression/Reporter/Logs/macos-latest_3.10/Reporter.GUIBasic-screenshot-6.png&lt;/a&gt;'.</msg>
<msg time="2024-03-10T10:24:06.589875" level="INFO" html="true">Removed file '&lt;a href="file:///Users/runner/work/rfswarm/rfswarm/Tests/Regression/Reporter/Logs/macos-latest_3.10/Reporter.GUIBasic-screenshot-15.png"&gt;/Users/runner/work/rfswarm/rfswarm/Tests/Regression/Reporter/Logs/macos-latest_3.10/Reporter.GUIBasic-screenshot-15.png&lt;/a&gt;'.</msg>
<msg time="2024-03-10T10:24:06.590181" level="INFO" html="true">Removed file '&lt;a href="file:///Users/runner/work/rfswarm/rfswarm/Tests/Regression/Reporter/Logs/macos-latest_3.10/Reporter.GUIBasic-screenshot-17.png"&gt;/Users/runner/work/rfswarm/rfswarm/Tests/Regression/Reporter/Logs/macos-latest_3.10/Reporter.GUIBasic-screenshot-17.png&lt;/a&gt;'.</msg>
<msg time="2024-03-10T10:24:06.590429" level="INFO" html="true">Removed file '&lt;a href="file:///Users/runner/work/rfswarm/rfswarm/Tests/Regression/Reporter/Logs/macos-latest_3.10/Reporter.GUIBasic-screenshot-4.png"&gt;/Users/runner/work/rfswarm/rfswarm/Tests/Regression/Reporter/Logs/macos-latest_3.10/Reporter.GUIBasic-screenshot-4.png&lt;/a&gt;'.</msg>
<msg time="2024-03-10T10:24:06.590674" level="INFO" html="true">Removed file '&lt;a href="file:///Users/runner/work/rfswarm/rfswarm/Tests/Regression/Reporter/Logs/macos-latest_3.10/Reporter.GUIBasic-screenshot-5.png"&gt;/Users/runner/work/rfswarm/rfswarm/Tests/Regression/Reporter/Logs/macos-latest_3.10/Reporter.GUIBasic-screenshot-5.png&lt;/a&gt;'.</msg>
<msg time="2024-03-10T10:24:06.590936" level="INFO" html="true">Removed file '&lt;a href="file:///Users/runner/work/rfswarm/rfswarm/Tests/Regression/Reporter/Logs/macos-latest_3.10/Reporter.GUIBasic-screenshot-16.png"&gt;/Users/runner/work/rfswarm/rfswarm/Tests/Regression/Reporter/Logs/macos-latest_3.10/Reporter.GUIBasic-screenshot-16.png&lt;/a&gt;'.</msg>
<arg>${OUTPUT DIR}${/}*.png</arg>
<doc>Removes a file with the given path.</doc>
<status status="PASS" start="2024-03-10T10:24:06.585819" elapsed="0.005315"/>
</kw>
<tag>macos-latest</tag>
<tag>ubuntu-latest</tag>
<tag>windows-latest</tag>
<status status="PASS" start="2024-03-10T10:24:06.583325" elapsed="0.007923"/>
</kw>
<test id="s1-s1-t1" name="Reporter Version" line="17">
<kw name="Run" owner="OperatingSystem">
<msg time="2024-03-10T10:24:06.595260" level="INFO">Running command 'rfswarm-reporter -v 2&gt;&amp;1'.</msg>
<msg time="2024-03-10T10:24:17.547120" level="INFO">${result} = Robot Framework Swarm: Reporter 
	Version v1.3.0 </msg>
<var>${result}</var>
<arg>${cmd_reporter} -v</arg>
<doc>Runs the given command in the system and returns the output.</doc>
<status status="PASS" start="2024-03-10T10:24:06.591847" elapsed="10.955352"/>
</kw>
<kw name="Log To Console" owner="BuiltIn">
<arg>${\n}${result}</arg>
<doc>Logs the given message to the console.</doc>
<status status="PASS" start="2024-03-10T10:24:17.547691" elapsed="0.000571"/>
</kw>
<kw name="Should Contain" owner="BuiltIn">
<arg>${result}</arg>
<arg>Version</arg>
<doc>Fails if ``container`` does not contain ``item`` one or more times.</doc>
<status status="PASS" start="2024-03-10T10:24:17.548439" elapsed="0.000216"/>
</kw>
<kw name="Should Contain" owner="BuiltIn">
<arg>${result}</arg>
<arg>Reporter</arg>
<doc>Fails if ``container`` does not contain ``item`` one or more times.</doc>
<status status="PASS" start="2024-03-10T10:24:17.548798" elapsed="0.000176"/>
</kw>
<tag>macos-latest</tag>
<tag>ubuntu-latest</tag>
<tag>windows-latest</tag>
<status status="PASS" start="2024-03-10T10:24:06.591368" elapsed="10.958107"/>
</test>
<test id="s1-s1-t2" name="Reporter Help" line="25">
<kw name="Run" owner="OperatingSystem">
<msg time="2024-03-10T10:24:17.554312" level="INFO">Running command 'rfswarm-reporter -h 2&gt;&amp;1'.</msg>
<msg time="2024-03-10T10:24:18.620571" level="INFO">${result} = Robot Framework Swarm: Reporter 
	Version v1.3.0 
usage: rfswarm-reporter [-h] [-g DEBUG] [-v] [-i INI] [-n] [-d DIR]
                        [-t TEMPLATE] [--html] [--docx] [--xlsx]

options:
  -h, -...</msg>
<var>${result}</var>
<arg>${cmd_reporter} -h</arg>
<doc>Runs the given command in the system and returns the output.</doc>
<status status="PASS" start="2024-03-10T10:24:17.550600" elapsed="1.070042"/>
</kw>
<kw name="Log To Console" owner="BuiltIn">
<arg>${\n}${result}</arg>
<doc>Logs the given message to the console.</doc>
<status status="PASS" start="2024-03-10T10:24:18.621121" elapsed="0.000534"/>
</kw>
<kw name="Should Contain" owner="BuiltIn">
<arg>${result}</arg>
<arg>Excel</arg>
<doc>Fails if ``container`` does not contain ``item`` one or more times.</doc>
<status status="PASS" start="2024-03-10T10:24:18.621815" elapsed="0.000208"/>
</kw>
<tag>macos-latest</tag>
<tag>ubuntu-latest</tag>
<tag>windows-latest</tag>
<status status="PASS" start="2024-03-10T10:24:17.549971" elapsed="1.072259"/>
</test>
<test id="s1-s1-t3" name="Command Line Generate HTML" line="32">
<kw name="Log To Console" owner="BuiltIn">
<arg>${\n}TAGS: ${TEST TAGS}</arg>
<doc>Logs the given message to the console.</doc>
<status status="PASS" start="2024-03-10T10:24:18.623176" elapsed="0.000248"/>
</kw>
<kw name="Set Variable" owner="BuiltIn">
<msg time="2024-03-10T10:24:18.623760" level="INFO">${testdata} = Issue-#144</msg>
<var>${testdata}</var>
<arg>Issue-#144</arg>
<doc>Returns the given values which can then be assigned to a variables.</doc>
<status status="PASS" start="2024-03-10T10:24:18.623577" elapsed="0.000217"/>
</kw>
<kw name="Set Variable" owner="BuiltIn">
<msg time="2024-03-10T10:24:18.624089" level="INFO">${resultdata} = 20230320_185055_demo</msg>
<var>${resultdata}</var>
<arg>20230320_185055_demo</arg>
<doc>Returns the given values which can then be assigned to a variables.</doc>
<status status="PASS" start="2024-03-10T10:24:18.623924" elapsed="0.000198"/>
</kw>
<kw name="Set Variable" owner="BuiltIn">
<msg time="2024-03-10T10:24:18.624539" level="INFO">${basefolder} = /Users/runner/work/rfswarm/rfswarm/Tests/Regression/Reporter/testdata/Issue-#144</msg>
<var>${basefolder}</var>
<arg>/Users/runner/work/rfswarm/rfswarm/Tests/Regression/Reporter${/}testdata${/}${testdata}</arg>
<doc>Returns the given values which can then be assigned to a variables.</doc>
<status status="PASS" start="2024-03-10T10:24:18.624284" elapsed="0.000288"/>
</kw>
<kw name="Should Exist" owner="OperatingSystem">
<msg time="2024-03-10T10:24:18.624977" level="INFO" html="true">Path '&lt;a href="file:///Users/runner/work/rfswarm/rfswarm/Tests/Regression/Reporter/testdata/Issue-#144"&gt;/Users/runner/work/rfswarm/rfswarm/Tests/Regression/Reporter/testdata/Issue-#144&lt;/a&gt;' exists.</msg>
<arg>${basefolder}</arg>
<doc>Fails unless the given path (file or directory) exists.</doc>
<status status="PASS" start="2024-03-10T10:24:18.624708" elapsed="0.000335"/>
</kw>
<kw name="Log" owner="BuiltIn">
<msg time="2024-03-10T10:24:18.625507" level="INFO">basefolder: /Users/runner/work/rfswarm/rfswarm/Tests/Regression/Reporter/testdata/Issue-#144</msg>
<arg>basefolder: ${basefolder}</arg>
<arg>console=True</arg>
<doc>Logs the given message with the given level.</doc>
<status status="PASS" start="2024-03-10T10:24:18.625183" elapsed="0.000421"/>
</kw>
<kw name="Set Variable" owner="BuiltIn">
<msg time="2024-03-10T10:24:18.625989" level="INFO">${resultfolder} = /Users/runner/work/rfswarm/rfswarm/Tests/Regression/Reporter/testdata/Issue-#144/20230320_185055_demo</msg>
<var>${resultfolder}</var>
<arg>${basefolder}${/}${resultdata}</arg>
<doc>Returns the given values which can then be assigned to a variables.</doc>
<status status="PASS" start="2024-03-10T10:24:18.625739" elapsed="0.000282"/>
</kw>
<kw name="Should Exist" owner="OperatingSystem">
<msg time="2024-03-10T10:24:18.626329" level="INFO" html="true">Path '&lt;a href="file:///Users/runner/work/rfswarm/rfswarm/Tests/Regression/Reporter/testdata/Issue-#144/20230320_185055_demo"&gt;/Users/runner/work/rfswarm/rfswarm/Tests/Regression/Reporter/testdata/Issue-#144/20230320_185055_demo&lt;/a&gt;' exists.</msg>
<arg>${resultfolder}</arg>
<doc>Fails unless the given path (file or directory) exists.</doc>
<status status="PASS" start="2024-03-10T10:24:18.626143" elapsed="0.000252"/>
</kw>
<kw name="Log" owner="BuiltIn">
<msg time="2024-03-10T10:24:18.626732" level="INFO">resultfolder: /Users/runner/work/rfswarm/rfswarm/Tests/Regression/Reporter/testdata/Issue-#144/20230320_185055_demo</msg>
<arg>resultfolder: ${resultfolder}</arg>
<arg>console=True</arg>
<doc>Logs the given message with the given level.</doc>
<status status="PASS" start="2024-03-10T10:24:18.626519" elapsed="0.000328"/>
</kw>
<kw name="Set Variable" owner="BuiltIn">
<msg time="2024-03-10T10:24:18.627220" level="INFO">${template} = /Users/runner/work/rfswarm/rfswarm/Tests/Regression/Reporter/testdata/Issue-#144/90%ileTemplate.template</msg>
<var>${template}</var>
<arg>${basefolder}${/}90%ileTemplate.template</arg>
<doc>Returns the given values which can then be assigned to a variables.</doc>
<status status="PASS" start="2024-03-10T10:24:18.626985" elapsed="0.000268"/>
</kw>
<kw name="Should Exist" owner="OperatingSystem">
<msg time="2024-03-10T10:24:18.627577" level="INFO" html="true">Path '&lt;a href="file:///Users/runner/work/rfswarm/rfswarm/Tests/Regression/Reporter/testdata/Issue-#144/90%ileTemplate.template"&gt;/Users/runner/work/rfswarm/rfswarm/Tests/Regression/Reporter/testdata/Issue-#144/90%ileTemplate.template&lt;/a&gt;' exists.</msg>
<arg>${template}</arg>
<doc>Fails unless the given path (file or directory) exists.</doc>
<status status="PASS" start="2024-03-10T10:24:18.627387" elapsed="0.000267"/>
</kw>
<kw name="Log" owner="BuiltIn">
<msg time="2024-03-10T10:24:18.627968" level="INFO">template: /Users/runner/work/rfswarm/rfswarm/Tests/Regression/Reporter/testdata/Issue-#144/90%ileTemplate.template</msg>
<arg>template: ${template}</arg>
<arg>console=True</arg>
<doc>Logs the given message with the given level.</doc>
<status status="PASS" start="2024-03-10T10:24:18.627788" elapsed="0.000378"/>
</kw>
<kw name="Run" owner="OperatingSystem">
<msg time="2024-03-10T10:24:18.631424" level="INFO">Running command 'rfswarm-reporter -n -g 1 -d /Users/runner/work/rfswarm/rfswarm/Tests/Regression/Reporter/testdata/Issue-#144/20230320_185055_demo -t /Users/runner/work/rfswarm/rfswarm/Tests/Regression/Reporter/testdata/Issue-#144/90%ileTemplate.template --html 2&gt;&amp;1'.</msg>
<msg time="2024-03-10T10:24:24.482654" level="INFO">${result} = </msg>
<var>${result}</var>
<arg>${cmd_reporter} -n -g 1 -d ${resultfolder} -t ${template} --html</arg>
<doc>Runs the given command in the system and returns the output.</doc>
<status status="PASS" start="2024-03-10T10:24:18.628315" elapsed="5.854412"/>
</kw>
<kw name="Log" owner="BuiltIn">
<msg time="2024-03-10T10:24:24.483743" level="INFO">result: 
</msg>
<arg>result: ${\n}${result}</arg>
<arg>console=True</arg>
<doc>Logs the given message with the given level.</doc>
<status status="PASS" start="2024-03-10T10:24:24.483225" elapsed="0.000661"/>
</kw>
<kw name="Should Not Contain" owner="BuiltIn">
<arg>${result}</arg>
<arg>Traceback</arg>
<doc>Fails if ``container`` contains ``item`` one or more times.</doc>
<status status="PASS" start="2024-03-10T10:24:24.484071" elapsed="0.000211"/>
</kw>
<kw name="Should Exist" owner="OperatingSystem">
<msg time="2024-03-10T10:24:24.484796" level="INFO" html="true">Path '&lt;a href="file:///Users/runner/work/rfswarm/rfswarm/Tests/Regression/Reporter/testdata/Issue-#144/20230320_185055_demo/20230320_185055_demo.html"&gt;/Users/runner/work/rfswarm/rfswarm/Tests/Regression/Reporter/testdata/Issue-#144/20230320_185055_demo/20230320_185055_demo.html&lt;/a&gt;' exists.</msg>
<arg>${resultfolder}${/}${resultdata}.html</arg>
<doc>Fails unless the given path (file or directory) exists.</doc>
<status status="PASS" start="2024-03-10T10:24:24.484429" elapsed="0.000473"/>
</kw>
<tag>HTML</tag>
<tag>Issue #144</tag>
<tag>macos-latest</tag>
<tag>ubuntu-latest</tag>
<tag>windows-latest</tag>
<status status="PASS" start="2024-03-10T10:24:18.622616" elapsed="5.862480"/>
</test>
<test id="s1-s1-t4" name="Command Line Generate Docx" line="52">
<kw name="Log To Console" owner="BuiltIn">
<arg>${\n}TAGS: ${TEST TAGS}</arg>
<doc>Logs the given message to the console.</doc>
<status status="PASS" start="2024-03-10T10:24:24.486155" elapsed="0.000309"/>
</kw>
<kw name="Set Variable" owner="BuiltIn">
<msg time="2024-03-10T10:24:24.486799" level="INFO">${testdata} = Issue-#144</msg>
<var>${testdata}</var>
<arg>Issue-#144</arg>
<doc>Returns the given values which can then be assigned to a variables.</doc>
<status status="PASS" start="2024-03-10T10:24:24.486625" elapsed="0.000209"/>
</kw>
<kw name="Set Variable" owner="BuiltIn">
<msg time="2024-03-10T10:24:24.487131" level="INFO">${resultdata} = 20230320_185055_demo</msg>
<var>${resultdata}</var>
<arg>20230320_185055_demo</arg>
<doc>Returns the given values which can then be assigned to a variables.</doc>
<status status="PASS" start="2024-03-10T10:24:24.486975" elapsed="0.000189"/>
</kw>
<kw name="Set Variable" owner="BuiltIn">
<msg time="2024-03-10T10:24:24.487569" level="INFO">${basefolder} = /Users/runner/work/rfswarm/rfswarm/Tests/Regression/Reporter/testdata/Issue-#144</msg>
<var>${basefolder}</var>
<arg>/Users/runner/work/rfswarm/rfswarm/Tests/Regression/Reporter${/}testdata${/}${testdata}</arg>
<doc>Returns the given values which can then be assigned to a variables.</doc>
<status status="PASS" start="2024-03-10T10:24:24.487314" elapsed="0.000288"/>
</kw>
<kw name="Should Exist" owner="OperatingSystem">
<msg time="2024-03-10T10:24:24.487930" level="INFO" html="true">Path '&lt;a href="file:///Users/runner/work/rfswarm/rfswarm/Tests/Regression/Reporter/testdata/Issue-#144"&gt;/Users/runner/work/rfswarm/rfswarm/Tests/Regression/Reporter/testdata/Issue-#144&lt;/a&gt;' exists.</msg>
<arg>${basefolder}</arg>
<doc>Fails unless the given path (file or directory) exists.</doc>
<status status="PASS" start="2024-03-10T10:24:24.487727" elapsed="0.000272"/>
</kw>
<kw name="Log To Console" owner="BuiltIn">
<arg>basefolder: ${basefolder}</arg>
<arg>console=True</arg>
<doc>Logs the given message to the console.</doc>
<status status="PASS" start="2024-03-10T10:24:24.488125" elapsed="0.000276"/>
</kw>
<kw name="Set Variable" owner="BuiltIn">
<msg time="2024-03-10T10:24:24.488815" level="INFO">${resultfolder} = /Users/runner/work/rfswarm/rfswarm/Tests/Regression/Reporter/testdata/Issue-#144/20230320_185055_demo</msg>
<var>${resultfolder}</var>
<arg>${basefolder}${/}${resultdata}</arg>
<doc>Returns the given values which can then be assigned to a variables.</doc>
<status status="PASS" start="2024-03-10T10:24:24.488537" elapsed="0.000311"/>
</kw>
<kw name="Should Exist" owner="OperatingSystem">
<msg time="2024-03-10T10:24:24.489403" level="INFO" html="true">Path '&lt;a href="file:///Users/runner/work/rfswarm/rfswarm/Tests/Regression/Reporter/testdata/Issue-#144/20230320_185055_demo"&gt;/Users/runner/work/rfswarm/rfswarm/Tests/Regression/Reporter/testdata/Issue-#144/20230320_185055_demo&lt;/a&gt;' exists.</msg>
<arg>${resultfolder}</arg>
<doc>Fails unless the given path (file or directory) exists.</doc>
<status status="PASS" start="2024-03-10T10:24:24.488971" elapsed="0.000503"/>
</kw>
<kw name="Log" owner="BuiltIn">
<msg time="2024-03-10T10:24:24.489799" level="INFO">resultfolder: /Users/runner/work/rfswarm/rfswarm/Tests/Regression/Reporter/testdata/Issue-#144/20230320_185055_demo</msg>
<arg>resultfolder: ${resultfolder}</arg>
<arg>console=True</arg>
<doc>Logs the given message with the given level.</doc>
<status status="PASS" start="2024-03-10T10:24:24.489605" elapsed="0.000283"/>
</kw>
<kw name="Set Variable" owner="BuiltIn">
<msg time="2024-03-10T10:24:24.490261" level="INFO">${template} = /Users/runner/work/rfswarm/rfswarm/Tests/Regression/Reporter/testdata/Issue-#144/90%ileTemplate.template</msg>
<var>${template}</var>
<arg>${basefolder}${/}90%ileTemplate.template</arg>
<doc>Returns the given values which can then be assigned to a variables.</doc>
<status status="PASS" start="2024-03-10T10:24:24.490031" elapsed="0.000263"/>
</kw>
<kw name="Should Exist" owner="OperatingSystem">
<msg time="2024-03-10T10:24:24.490613" level="INFO" html="true">Path '&lt;a href="file:///Users/runner/work/rfswarm/rfswarm/Tests/Regression/Reporter/testdata/Issue-#144/90%ileTemplate.template"&gt;/Users/runner/work/rfswarm/rfswarm/Tests/Regression/Reporter/testdata/Issue-#144/90%ileTemplate.template&lt;/a&gt;' exists.</msg>
<arg>${template}</arg>
<doc>Fails unless the given path (file or directory) exists.</doc>
<status status="PASS" start="2024-03-10T10:24:24.490418" elapsed="0.000263"/>
</kw>
<kw name="Log" owner="BuiltIn">
<msg time="2024-03-10T10:24:24.491012" level="INFO">template: /Users/runner/work/rfswarm/rfswarm/Tests/Regression/Reporter/testdata/Issue-#144/90%ileTemplate.template</msg>
<arg>template: ${template}</arg>
<arg>console=True</arg>
<doc>Logs the given message with the given level.</doc>
<status status="PASS" start="2024-03-10T10:24:24.490827" elapsed="0.000282"/>
</kw>
<kw name="Run" owner="OperatingSystem">
<msg time="2024-03-10T10:24:24.495160" level="INFO">Running command 'rfswarm-reporter -n -g 1 -d /Users/runner/work/rfswarm/rfswarm/Tests/Regression/Reporter/testdata/Issue-#144/20230320_185055_demo -t /Users/runner/work/rfswarm/rfswarm/Tests/Regression/Reporter/testdata/Issue-#144/90%ileTemplate.template --docx 2&gt;&amp;1'.</msg>
<msg time="2024-03-10T10:24:31.873150" level="INFO">${result} = </msg>
<var>${result}</var>
<arg>${cmd_reporter} -n -g 1 -d ${resultfolder} -t ${template} --docx</arg>
<doc>Runs the given command in the system and returns the output.</doc>
<status status="PASS" start="2024-03-10T10:24:24.491255" elapsed="7.381967"/>
</kw>
<kw name="Log" owner="BuiltIn">
<msg time="2024-03-10T10:24:31.874223" level="INFO">
</msg>
<arg>${\n}${result}</arg>
<arg>console=True</arg>
<doc>Logs the given message with the given level.</doc>
<status status="PASS" start="2024-03-10T10:24:31.873702" elapsed="0.000658"/>
</kw>
<kw name="Should Not Contain" owner="BuiltIn">
<arg>${result}</arg>
<arg>Traceback</arg>
<doc>Fails if ``container`` contains ``item`` one or more times.</doc>
<status status="PASS" start="2024-03-10T10:24:31.874661" elapsed="0.000219"/>
</kw>
<kw name="Should Exist" owner="OperatingSystem">
<msg time="2024-03-10T10:24:31.875388" level="INFO" html="true">Path '&lt;a href="file:///Users/runner/work/rfswarm/rfswarm/Tests/Regression/Reporter/testdata/Issue-#144/20230320_185055_demo/20230320_185055_demo.docx"&gt;/Users/runner/work/rfswarm/rfswarm/Tests/Regression/Reporter/testdata/Issue-#144/20230320_185055_demo/20230320_185055_demo.docx&lt;/a&gt;' exists.</msg>
<arg>${resultfolder}${/}${resultdata}.docx</arg>
<doc>Fails unless the given path (file or directory) exists.</doc>
<status status="PASS" start="2024-03-10T10:24:31.875038" elapsed="0.000422"/>
</kw>
<tag>DOCX</tag>
<tag>Issue #144</tag>
<tag>macos-latest</tag>
<tag>ubuntu-latest</tag>
<tag>windows-latest</tag>
<status status="PASS" start="2024-03-10T10:24:24.485564" elapsed="7.390101"/>
</test>
<test id="s1-s1-t5" name="Command Line Generate Xlsx" line="72">
<kw name="Log To Console" owner="BuiltIn">
<arg>${\n}TAGS: ${TEST TAGS}</arg>
<doc>Logs the given message to the console.</doc>
<status status="PASS" start="2024-03-10T10:24:31.876655" elapsed="0.000277"/>
</kw>
<kw name="Set Variable" owner="BuiltIn">
<msg time="2024-03-10T10:24:31.877259" level="INFO">${testdata} = Issue-#144</msg>
<var>${testdata}</var>
<arg>Issue-#144</arg>
<doc>Returns the given values which can then be assigned to a variables.</doc>
<status status="PASS" start="2024-03-10T10:24:31.877087" elapsed="0.000205"/>
</kw>
<kw name="Set Variable" owner="BuiltIn">
<msg time="2024-03-10T10:24:31.877602" level="INFO">${resultdata} = 20230320_185055_demo</msg>
<var>${resultdata}</var>
<arg>20230320_185055_demo</arg>
<doc>Returns the given values which can then be assigned to a variables.</doc>
<status status="PASS" start="2024-03-10T10:24:31.877433" elapsed="0.000204"/>
</kw>
<kw name="Set Variable" owner="BuiltIn">
<msg time="2024-03-10T10:24:31.878029" level="INFO">${basefolder} = /Users/runner/work/rfswarm/rfswarm/Tests/Regression/Reporter/testdata/Issue-#144</msg>
<var>${basefolder}</var>
<arg>/Users/runner/work/rfswarm/rfswarm/Tests/Regression/Reporter${/}testdata${/}${testdata}</arg>
<doc>Returns the given values which can then be assigned to a variables.</doc>
<status status="PASS" start="2024-03-10T10:24:31.877774" elapsed="0.000287"/>
</kw>
<kw name="Should Exist" owner="OperatingSystem">
<msg time="2024-03-10T10:24:31.878376" level="INFO" html="true">Path '&lt;a href="file:///Users/runner/work/rfswarm/rfswarm/Tests/Regression/Reporter/testdata/Issue-#144"&gt;/Users/runner/work/rfswarm/rfswarm/Tests/Regression/Reporter/testdata/Issue-#144&lt;/a&gt;' exists.</msg>
<arg>${basefolder}</arg>
<doc>Fails unless the given path (file or directory) exists.</doc>
<status status="PASS" start="2024-03-10T10:24:31.878184" elapsed="0.000261"/>
</kw>
<kw name="Log" owner="BuiltIn">
<msg time="2024-03-10T10:24:31.878782" level="INFO">basefolder: /Users/runner/work/rfswarm/rfswarm/Tests/Regression/Reporter/testdata/Issue-#144</msg>
<arg>basefolder: ${basefolder}</arg>
<arg>console=True</arg>
<doc>Logs the given message with the given level.</doc>
<status status="PASS" start="2024-03-10T10:24:31.878584" elapsed="0.000308"/>
</kw>
<kw name="Set Variable" owner="BuiltIn">
<msg time="2024-03-10T10:24:31.879290" level="INFO">${resultfolder} = /Users/runner/work/rfswarm/rfswarm/Tests/Regression/Reporter/testdata/Issue-#144/20230320_185055_demo</msg>
<var>${resultfolder}</var>
<arg>${basefolder}${/}${resultdata}</arg>
<doc>Returns the given values which can then be assigned to a variables.</doc>
<status status="PASS" start="2024-03-10T10:24:31.879023" elapsed="0.000301"/>
</kw>
<kw name="Should Exist" owner="OperatingSystem">
<msg time="2024-03-10T10:24:31.879640" level="INFO" html="true">Path '&lt;a href="file:///Users/runner/work/rfswarm/rfswarm/Tests/Regression/Reporter/testdata/Issue-#144/20230320_185055_demo"&gt;/Users/runner/work/rfswarm/rfswarm/Tests/Regression/Reporter/testdata/Issue-#144/20230320_185055_demo&lt;/a&gt;' exists.</msg>
<arg>${resultfolder}</arg>
<doc>Fails unless the given path (file or directory) exists.</doc>
<status status="PASS" start="2024-03-10T10:24:31.879447" elapsed="0.000261"/>
</kw>
<kw name="Log" owner="BuiltIn">
<msg time="2024-03-10T10:24:31.880015" level="INFO">resultfolder: /Users/runner/work/rfswarm/rfswarm/Tests/Regression/Reporter/testdata/Issue-#144/20230320_185055_demo</msg>
<arg>resultfolder: ${resultfolder}</arg>
<arg>console=True</arg>
<doc>Logs the given message with the given level.</doc>
<status status="PASS" start="2024-03-10T10:24:31.879833" elapsed="0.000277"/>
</kw>
<kw name="Set Variable" owner="BuiltIn">
<msg time="2024-03-10T10:24:31.880494" level="INFO">${template} = /Users/runner/work/rfswarm/rfswarm/Tests/Regression/Reporter/testdata/Issue-#144/90%ileTemplate.template</msg>
<var>${template}</var>
<arg>${basefolder}${/}90%ileTemplate.template</arg>
<doc>Returns the given values which can then be assigned to a variables.</doc>
<status status="PASS" start="2024-03-10T10:24:31.880270" elapsed="0.000257"/>
</kw>
<kw name="Should Exist" owner="OperatingSystem">
<msg time="2024-03-10T10:24:31.880843" level="INFO" html="true">Path '&lt;a href="file:///Users/runner/work/rfswarm/rfswarm/Tests/Regression/Reporter/testdata/Issue-#144/90%ileTemplate.template"&gt;/Users/runner/work/rfswarm/rfswarm/Tests/Regression/Reporter/testdata/Issue-#144/90%ileTemplate.template&lt;/a&gt;' exists.</msg>
<arg>${template}</arg>
<doc>Fails unless the given path (file or directory) exists.</doc>
<status status="PASS" start="2024-03-10T10:24:31.880650" elapsed="0.000262"/>
</kw>
<kw name="Log" owner="BuiltIn">
<msg time="2024-03-10T10:24:31.881244" level="INFO">template: /Users/runner/work/rfswarm/rfswarm/Tests/Regression/Reporter/testdata/Issue-#144/90%ileTemplate.template</msg>
<arg>template: ${template}</arg>
<arg>console=True</arg>
<doc>Logs the given message with the given level.</doc>
<status status="PASS" start="2024-03-10T10:24:31.881048" elapsed="0.000292"/>
</kw>
<kw name="Run" owner="OperatingSystem">
<msg time="2024-03-10T10:24:31.884896" level="INFO">Running command 'rfswarm-reporter -n -g 1 -d /Users/runner/work/rfswarm/rfswarm/Tests/Regression/Reporter/testdata/Issue-#144/20230320_185055_demo -t /Users/runner/work/rfswarm/rfswarm/Tests/Regression/Reporter/testdata/Issue-#144/90%ileTemplate.template --xlsx 2&gt;&amp;1'.</msg>
<msg time="2024-03-10T10:24:37.571052" level="INFO">${result} = </msg>
<var>${result}</var>
<arg>${cmd_reporter} -n -g 1 -d ${resultfolder} -t ${template} --xlsx</arg>
<doc>Runs the given command in the system and returns the output.</doc>
<status status="PASS" start="2024-03-10T10:24:31.881514" elapsed="5.689608"/>
</kw>
<kw name="Log" owner="BuiltIn">
<msg time="2024-03-10T10:24:37.572124" level="INFO">
</msg>
<arg>${\n}${result}</arg>
<arg>console=True</arg>
<doc>Logs the given message with the given level.</doc>
<status status="PASS" start="2024-03-10T10:24:37.571590" elapsed="0.000786"/>
</kw>
<kw name="Should Not Contain" owner="BuiltIn">
<arg>${result}</arg>
<arg>Traceback</arg>
<doc>Fails if ``container`` contains ``item`` one or more times.</doc>
<status status="PASS" start="2024-03-10T10:24:37.572570" elapsed="0.000264"/>
</kw>
<kw name="Should Exist" owner="OperatingSystem">
<msg time="2024-03-10T10:24:37.573335" level="INFO" html="true">Path '&lt;a href="file:///Users/runner/work/rfswarm/rfswarm/Tests/Regression/Reporter/testdata/Issue-#144/20230320_185055_demo/20230320_185055_demo.xlsx"&gt;/Users/runner/work/rfswarm/rfswarm/Tests/Regression/Reporter/testdata/Issue-#144/20230320_185055_demo/20230320_185055_demo.xlsx&lt;/a&gt;' exists.</msg>
<arg>${resultfolder}${/}${resultdata}.xlsx</arg>
<doc>Fails unless the given path (file or directory) exists.</doc>
<status status="PASS" start="2024-03-10T10:24:37.572981" elapsed="0.000439"/>
</kw>
<tag>Issue #144</tag>
<tag>macos-latest</tag>
<tag>ubuntu-latest</tag>
<tag>windows-latest</tag>
<tag>XLSX</tag>
<status status="PASS" start="2024-03-10T10:24:31.876056" elapsed="5.697678"/>
</test>
<status status="PASS" start="2024-03-10T10:24:06.567532" elapsed="31.007053"/>
</suite>
<suite id="s1-s2" name="GUI Basic" source="/Users/runner/work/rfswarm/rfswarm/Tests/Regression/Reporter/GUI_Basic.robot">
<test id="s1-s2-t1" name="GUI Runs and Closes" line="20">
<kw name="Open GUI">
<kw name="Get Variables" owner="BuiltIn">
<msg time="2024-03-10T10:24:43.760254" level="INFO">${var} = {'${/}': '/', '${:}': ':', '${\\n}': '\n', '${cmd_reporter}': 'rfswarm-reporter', '${DEBUG_FILE}': 'NONE', '${EXECDIR}': '/Users/runner/work/rfswarm/rfswarm', '${False}': False, '${IMAGE_DIR}': '/User...</msg>
<var>${var}</var>
<doc>Returns a dictionary containing all variables in the current scope.</doc>
<status status="PASS" start="2024-03-10T10:24:43.757729" elapsed="0.002602"/>
</kw>
<kw name="Log" owner="BuiltIn">
<msg time="2024-03-10T10:24:43.761573" level="INFO">{'${/}': '/', '${:}': ':', '${\\n}': '\n', '${cmd_reporter}': 'rfswarm-reporter', '${DEBUG_FILE}': 'NONE', '${EXECDIR}': '/Users/runner/work/rfswarm/rfswarm', '${False}': False, '${IMAGE_DIR}': '/Users/runner/work/rfswarm/rfswarm/Tests/Regression/Reporter/Images/file_method', '${LOG_FILE}': '/Users/runner/work/rfswarm/rfswarm/Tests/Regression/Reporter/Logs/macos-latest_3.10/log.html', '${LOG_LEVEL}': 'INFO', '${None}': None, '${null}': None, '${OUTPUT_DIR}': '/Users/runner/work/rfswarm/rfswarm/Tests/Regression/Reporter/Logs/macos-latest_3.10', '${OUTPUT_FILE}': '/Users/runner/work/rfswarm/rfswarm/Tests/Regression/Reporter/Logs/macos-latest_3.10/output.xml', '${PREV_TEST_MESSAGE}': '', '${PREV_TEST_NAME}': 'Command Line Generate Xlsx', '${PREV_TEST_STATUS}': 'PASS', '${process}': 'None', '${pyfile}': '/Users/runner/work/rfswarm/rfswarm/rfswarm_reporter/rfswarm_reporter.py', '${REPORT_FILE}': '/Users/runner/work/rfswarm/rfswarm/Tests/Regression/Reporter/Logs/macos-latest_3.10/report.html', '${SPACE}': ' ', '${sssleep}': '0.5', '${SUITE_DOCUMENTATION}': '', '${SUITE_NAME}': 'Reporter.GUI Basic', '${SUITE_SOURCE}': '/Users/runner/work/rfswarm/rfswarm/Tests/Regression/Reporter/GUI_Basic.robot', '${TEMPDIR}': '/var/folders/24/8k48jl6d249_n_qfxwsl6xvm0000gn/T', '${TEST_DOCUMENTATION}': '', '${TEST_NAME}': 'GUI Runs and Closes', '${True}': True, '&amp;{OPTIONS}': {'include': ['macos-latest'], 'exclude': [], 'skip': [], 'skip_on_failure': []}, '&amp;{SUITE_METADATA}': Metadata(), '@{appargs}': [], '@{TEST_TAGS}': ['macos-latest', 'ubuntu-latest', 'windows-latest']}</msg>
<arg>${var}</arg>
<doc>Logs the given message with the given level.</doc>
<status status="PASS" start="2024-03-10T10:24:43.761119" elapsed="0.000574"/>
</kw>
<kw name="Get Platform">
<kw name="Create Dictionary" owner="BuiltIn">
<msg time="2024-03-10T10:24:43.763214" level="INFO">&amp;{platforms} = { Linux=ubuntu | Darwin=macos | Java=notsupported | Windows=windows }</msg>
<var>&amp;{platforms}</var>
<arg>Linux=ubuntu</arg>
<arg>Darwin=macos</arg>
<arg>Java=notsupported</arg>
<arg>Windows=windows</arg>
<doc>Creates and returns a dictionary based on the given ``items``.</doc>
<status status="PASS" start="2024-03-10T10:24:43.762576" elapsed="0.000687"/>
</kw>
<kw name="Evaluate" owner="BuiltIn">
<msg time="2024-03-10T10:24:43.764125" level="INFO">${os} = Darwin</msg>
<var>${os}</var>
<arg>platform.system()</arg>
<arg>platform</arg>
<doc>Evaluates the given expression in Python and returns the result.</doc>
<status status="PASS" start="2024-03-10T10:24:43.763608" elapsed="0.000555"/>
</kw>
<kw name="Set Suite Variable" owner="BuiltIn">
<msg time="2024-03-10T10:24:43.766262" level="INFO">${platform} = macos</msg>
<arg>${platform}</arg>
<arg>${platforms}[${os}]</arg>
<doc>Makes a variable available everywhere within the scope of the current suite.</doc>
<status status="PASS" start="2024-03-10T10:24:43.764379" elapsed="0.001970"/>
</kw>
<status status="PASS" start="2024-03-10T10:24:43.762043" elapsed="0.004942"/>
</kw>
<kw name="Set Variable" owner="BuiltIn">
<msg time="2024-03-10T10:24:43.767519" level="INFO">${keyword} = Open GUI macos</msg>
<var>${keyword}</var>
<arg>Open GUI ${platform}</arg>
<doc>Returns the given values which can then be assigned to a variables.</doc>
<status status="PASS" start="2024-03-10T10:24:43.767247" elapsed="0.000309"/>
</kw>
<kw name="Run Keyword" owner="BuiltIn">
<kw name="Open GUI macos">
<kw name="Set Suite Variable" owner="BuiltIn">
<msg time="2024-03-10T10:24:43.769341" level="INFO">${platform} = macos</msg>
<arg>${platform}</arg>
<arg>macos</arg>
<doc>Makes a variable available everywhere within the scope of the current suite.</doc>
<status status="PASS" start="2024-03-10T10:24:43.769066" elapsed="0.000339"/>
</kw>
<kw name="Set Confidence" owner="ImageHorizonLibrary">
<arg>0.9</arg>
<doc>Sets the accuracy when finding images.</doc>
<status status="PASS" start="2024-03-10T10:24:43.769556" elapsed="0.000322"/>
</kw>
<kw name="Start Process" owner="Process">
<msg time="2024-03-10T10:24:43.771253" level="INFO">Starting process:
rfswarm-reporter -g 6</msg>
<msg time="2024-03-10T10:24:43.788764" level="INFO">${process} = &lt;Popen: returncode: None args: ['rfswarm-reporter', '-g', '6']&gt;</msg>
<var>${process}</var>
<arg>${cmd_reporter}</arg>
<arg>-g</arg>
<arg>6</arg>
<arg>@{appargs}</arg>
<arg>alias=Reporter</arg>
<arg>stdout=${OUTPUT DIR}${/}stdout.txt</arg>
<arg>stderr=${OUTPUT DIR}${/}stderr.txt</arg>
<doc>Starts a new process on background.</doc>
<status status="PASS" start="2024-03-10T10:24:43.770074" elapsed="0.019162"/>
</kw>
<kw name="Set Suite Variable" owner="BuiltIn">
<msg time="2024-03-10T10:24:43.791809" level="INFO">${process} = &lt;Popen: returncode: None args: ['rfswarm-reporter', '-g', '6']&gt;</msg>
<arg>$process</arg>
<arg>${process}</arg>
<doc>Makes a variable available everywhere within the scope of the current suite.</doc>
<status status="PASS" start="2024-03-10T10:24:43.790776" elapsed="0.001111"/>
</kw>
<kw name="Set Screenshot Folder" owner="ImageHorizonLibrary">
<arg>${OUTPUT DIR}</arg>
<doc>Sets the folder where screenshots are saved to.</doc>
<status status="PASS" start="2024-03-10T10:24:43.792469" elapsed="0.000373"/>
</kw>
<kw name="Take A Screenshot" owner="ImageHorizonLibrary">
<msg time="2024-03-10T10:24:43.793290" level="INFO" html="true">Screenshot taken: /Users/runner/work/rfswarm/rfswarm/Tests/Regression/Reporter/Logs/macos-latest_3.10/Reporter.GUIBasic-screenshot-1.png&lt;br/&gt;&lt;img src="/Users/runner/work/rfswarm/rfswarm/Tests/Regression/Reporter/Logs/macos-latest_3.10/Reporter.GUIBasic-screenshot-1.png" width="100%" /&gt;</msg>
<doc>Takes a screenshot of the screen.</doc>
<status status="PASS" start="2024-03-10T10:24:43.793009" elapsed="1.480159"/>
</kw>
<arg>@{appargs}</arg>
<status status="PASS" start="2024-03-10T10:24:43.768602" elapsed="1.504882"/>
</kw>
<arg>${keyword}</arg>
<arg>@{appargs}</arg>
<doc>Executes the given keyword with the given arguments.</doc>
<status status="PASS" start="2024-03-10T10:24:43.767831" elapsed="1.505794"/>
</kw>
<status status="PASS" start="2024-03-10T10:24:43.756343" elapsed="1.517405"/>
</kw>
<kw name="Wait For Status">
<kw name="Convert To Lower Case" owner="String">
<msg time="2024-03-10T10:24:45.275578" level="INFO">${statusl} = previewloaded</msg>
<var>${statusl}</var>
<arg>${status}</arg>
<doc>Converts string to lower case.</doc>
<status status="PASS" start="2024-03-10T10:24:45.275038" elapsed="0.006596"/>
</kw>
<kw name="Set Variable" owner="BuiltIn">
<msg time="2024-03-10T10:24:45.282196" level="INFO">${img} = reporter_macos_status_previewloaded.png</msg>
<var>${img}</var>
<arg>reporter_${platform}_status_${statusl}.png</arg>
<doc>Returns the given values which can then be assigned to a variables.</doc>
<status status="PASS" start="2024-03-10T10:24:45.281878" elapsed="0.000353"/>
</kw>
<kw name="Log" owner="BuiltIn">
<msg time="2024-03-10T10:24:45.282578" level="INFO">/Users/runner/work/rfswarm/rfswarm/Tests/Regression/Reporter</msg>
<arg>/Users/runner/work/rfswarm/rfswarm/Tests/Regression/Reporter</arg>
<doc>Logs the given message with the given level.</doc>
<status status="PASS" start="2024-03-10T10:24:45.282401" elapsed="0.000253"/>
</kw>
<kw name="Log" owner="BuiltIn">
<msg time="2024-03-10T10:24:45.283115" level="INFO">/Users/runner/work/rfswarm/rfswarm/Tests/Regression/Reporter/Images/file_method</msg>
<arg>${IMAGE_DIR}</arg>
<doc>Logs the given message with the given level.</doc>
<status status="PASS" start="2024-03-10T10:24:45.282944" elapsed="0.000243"/>
</kw>
<kw name="Wait For" owner="ImageHorizonLibrary">
<msg time="2024-03-10T10:24:49.902867" level="INFO">Image "reporter_macos_status_previewloaded.png" found at (55, 440)</msg>
<arg>${img}</arg>
<arg>timeout=${timeout}</arg>
<doc>Tries to locate given image from the screen for given time.</doc>
<status status="PASS" start="2024-03-10T10:24:45.283358" elapsed="4.620003"/>
</kw>
<kw name="Sleep" owner="BuiltIn">
<msg time="2024-03-10T10:24:50.405231" level="INFO">Slept 500 milliseconds.</msg>
<arg>${sssleep}</arg>
<doc>Pauses the test executed for the given time.</doc>
<status status="PASS" start="2024-03-10T10:24:49.903880" elapsed="0.501604"/>
</kw>
<kw name="Take A Screenshot" owner="ImageHorizonLibrary">
<msg time="2024-03-10T10:24:50.406529" level="INFO" html="true">Screenshot taken: /Users/runner/work/rfswarm/rfswarm/Tests/Regression/Reporter/Logs/macos-latest_3.10/Reporter.GUIBasic-screenshot-2.png&lt;br/&gt;&lt;img src="/Users/runner/work/rfswarm/rfswarm/Tests/Regression/Reporter/Logs/macos-latest_3.10/Reporter.GUIBasic-screenshot-2.png" width="100%" /&gt;</msg>
<doc>Takes a screenshot of the screen.</doc>
<status status="PASS" start="2024-03-10T10:24:50.405789" elapsed="0.281633"/>
</kw>
<arg>PreviewLoaded</arg>
<status status="PASS" start="2024-03-10T10:24:45.274269" elapsed="5.413737"/>
</kw>
<kw name="Close GUI" type="TEARDOWN">
<kw name="Set Variable" owner="BuiltIn">
<msg time="2024-03-10T10:24:50.690046" level="INFO">${keyword} = Close GUI macos</msg>
<var>${keyword}</var>
<arg>Close GUI ${platform}</arg>
<doc>Returns the given values which can then be assigned to a variables.</doc>
<status status="PASS" start="2024-03-10T10:24:50.689732" elapsed="0.000361"/>
</kw>
<if>
<branch type="IF" condition="${process}">
<kw name="Is Process Running" owner="Process">
<msg time="2024-03-10T10:24:50.691015" level="INFO">${running} = True</msg>
<var>${running}</var>
<arg>${process}</arg>
<doc>Checks is the process running or not.</doc>
<status status="PASS" start="2024-03-10T10:24:50.690556" elapsed="0.000494"/>
</kw>
<if>
<branch type="IF" condition="${running}">
<kw name="Run Keyword" owner="BuiltIn">
<kw name="Close GUI macos">
<kw name="Click Image" owner="ImageHorizonLibrary">
<msg time="2024-03-10T10:24:51.110266" level="INFO">Image "/Users/runner/work/rfswarm/rfswarm/Tests/Regression/Reporter/Images/file_method/reporter_macos_button_closewindow.png" found at Box(left=9, top=31, width=19, height=25)</msg>
<msg time="2024-03-10T10:24:51.110631" level="INFO">Clicking image "reporter_macos_button_closewindow.png" in position (18, 43)</msg>
<arg>reporter_${platform}_button_closewindow.png</arg>
<doc>Finds the reference image on screen and clicks it once.</doc>
<status status="PASS" start="2024-03-10T10:24:50.692356" elapsed="0.711213"/>
</kw>
<kw name="Take A Screenshot" owner="ImageHorizonLibrary">
<msg time="2024-03-10T10:24:51.404606" level="INFO" html="true">Screenshot taken: /Users/runner/work/rfswarm/rfswarm/Tests/Regression/Reporter/Logs/macos-latest_3.10/Reporter.GUIBasic-screenshot-3.png&lt;br/&gt;&lt;img src="/Users/runner/work/rfswarm/rfswarm/Tests/Regression/Reporter/Logs/macos-latest_3.10/Reporter.GUIBasic-screenshot-3.png" width="100%" /&gt;</msg>
<doc>Takes a screenshot of the screen.</doc>
<status status="PASS" start="2024-03-10T10:24:51.404114" elapsed="0.461031"/>
</kw>
<kw name="Sleep" owner="BuiltIn">
<msg time="2024-03-10T10:24:52.401038" level="INFO">Slept 500 milliseconds.</msg>
<arg>0.5</arg>
<doc>Pauses the test executed for the given time.</doc>
<status status="PASS" start="2024-03-10T10:24:51.866498" elapsed="0.534751"/>
</kw>
<kw name="End Process If Still Running">
<kw name="Wait For Process" owner="Process">
<msg time="2024-03-10T10:24:52.403416" level="INFO">Waiting for process to complete.</msg>
<msg time="2024-03-10T10:24:52.403692" level="INFO">Process completed.</msg>
<msg time="2024-03-10T10:24:52.403834" level="INFO">${result} = &lt;result object with rc 0&gt;</msg>
<var>${result}</var>
<arg>${process}</arg>
<arg>timeout=60</arg>
<doc>Waits for the process to complete or to reach the given timeout.</doc>
<status status="PASS" start="2024-03-10T10:24:52.402849" elapsed="0.001022"/>
</kw>
<kw name="Is Process Running" owner="Process">
<msg time="2024-03-10T10:24:52.404449" level="INFO">${running} = False</msg>
<var>${running}</var>
<arg>${process}</arg>
<doc>Checks is the process running or not.</doc>
<status status="PASS" start="2024-03-10T10:24:52.404071" elapsed="0.000445"/>
</kw>
<if>
<branch type="IF" condition="not ${running}">
<kw name="Check Result">
<kw name="Log" owner="BuiltIn">
<msg time="2024-03-10T10:24:52.407020" level="INFO"/>
<arg>${result.stderr}</arg>
<doc>Logs the given message with the given level.</doc>
<status status="PASS" start="2024-03-10T10:24:52.405862" elapsed="0.001236"/>
</kw>
<kw name="Should Not Contain" owner="BuiltIn">
<arg>${result.stderr}</arg>
<arg>Traceback</arg>
<doc>Fails if ``container`` contains ``item`` one or more times.</doc>
<status status="PASS" start="2024-03-10T10:24:52.407267" elapsed="0.000843"/>
</kw>
<kw name="Should Be Equal As Integers" owner="BuiltIn">
<msg time="2024-03-10T10:24:52.409415" level="INFO">Argument types are:
&lt;class 'int'&gt;
&lt;class 'str'&gt;</msg>
<arg>${result.rc}</arg>
<arg>0</arg>
<doc>Fails if objects are unequal after converting them to integers.</doc>
<status status="PASS" start="2024-03-10T10:24:52.408325" elapsed="0.001200"/>
</kw>
<arg>${result}</arg>
<status status="PASS" start="2024-03-10T10:24:52.405235" elapsed="0.004423"/>
</kw>
<status status="PASS" start="2024-03-10T10:24:52.404735" elapsed="0.004973"/>
</branch>
<branch type="ELSE">
<kw name="Take A Screenshot" owner="ImageHorizonLibrary">
<doc>Takes a screenshot of the screen.</doc>
<status status="NOT RUN" start="2024-03-10T10:24:52.409972" elapsed="0.000034"/>
</kw>
<kw name="Terminate Process" owner="Process">
<var>${result}</var>
<arg>${process}</arg>
<doc>Stops the process gracefully or forcefully.</doc>
<status status="NOT RUN" start="2024-03-10T10:24:52.410157" elapsed="0.000028"/>
</kw>
<kw name="Check Result">
<arg>${result}</arg>
<status status="NOT RUN" start="2024-03-10T10:24:52.410351" elapsed="0.000030"/>
</kw>
<kw name="Fail" owner="BuiltIn">
<arg>Had to Terminate Process</arg>
<doc>Fails the test with the given message and optionally alters its tags.</doc>
<status status="NOT RUN" start="2024-03-10T10:24:52.410557" elapsed="0.000029"/>
</kw>
<status status="NOT RUN" start="2024-03-10T10:24:52.409776" elapsed="0.000854"/>
</branch>
<status status="PASS" start="2024-03-10T10:24:52.404645" elapsed="0.006022"/>
</if>
<status status="PASS" start="2024-03-10T10:24:52.402066" elapsed="0.008692"/>
</kw>
<status status="PASS" start="2024-03-10T10:24:50.691863" elapsed="1.718976"/>
</kw>
<arg>${keyword}</arg>
<doc>Executes the given keyword with the given arguments.</doc>
<status status="PASS" start="2024-03-10T10:24:50.691391" elapsed="1.719533"/>
</kw>
<status status="PASS" start="2024-03-10T10:24:50.691157" elapsed="1.719830"/>
</branch>
<branch type="ELSE">
<kw name="Wait For Process" owner="Process">
<var>${result}</var>
<arg>${process}</arg>
<arg>timeout=60</arg>
<doc>Waits for the process to complete or to reach the given timeout.</doc>
<status status="NOT RUN" start="2024-03-10T10:24:52.411169" elapsed="0.000027"/>
</kw>
<kw name="Check Result">
<arg>${result}</arg>
<status status="NOT RUN" start="2024-03-10T10:24:52.411348" elapsed="0.000030"/>
</kw>
<status status="NOT RUN" start="2024-03-10T10:24:52.411034" elapsed="0.000385"/>
</branch>
<status status="PASS" start="2024-03-10T10:24:50.691131" elapsed="1.720331"/>
</if>
<status status="PASS" start="2024-03-10T10:24:50.690301" elapsed="1.721370"/>
</branch>
<status status="PASS" start="2024-03-10T10:24:50.690229" elapsed="1.721497"/>
</if>
<kw name="Set Suite Variable" owner="BuiltIn">
<msg time="2024-03-10T10:24:52.412236" level="INFO">${process} = None</msg>
<arg>$process</arg>
<arg>None</arg>
<doc>Makes a variable available everywhere within the scope of the current suite.</doc>
<status status="PASS" start="2024-03-10T10:24:52.411916" elapsed="0.000386"/>
</kw>
<kw name="Sleep" owner="BuiltIn">
<msg time="2024-03-10T10:24:52.912708" level="INFO">Slept 500 milliseconds.</msg>
<arg>0.5</arg>
<doc>Pauses the test executed for the given time.</doc>
<status status="PASS" start="2024-03-10T10:24:52.412464" elapsed="0.500395"/>
</kw>
<status status="PASS" start="2024-03-10T10:24:50.689100" elapsed="2.223905"/>
</kw>
<tag>macos-latest</tag>
<tag>ubuntu-latest</tag>
<tag>windows-latest</tag>
<status status="PASS" start="2024-03-10T10:24:43.754667" elapsed="9.158462"/>
</test>
<test id="s1-s2-t2" name="Select Preview Tab" line="26">
<kw name="Open GUI">
<kw name="Get Variables" owner="BuiltIn">
<msg time="2024-03-10T10:24:52.915346" level="INFO">${var} = {'${/}': '/', '${:}': ':', '${\\n}': '\n', '${cmd_reporter}': 'rfswarm-reporter', '${DEBUG_FILE}': 'NONE', '${EXECDIR}': '/Users/runner/work/rfswarm/rfswarm', '${False}': False, '${IMAGE_DIR}': '/User...</msg>
<var>${var}</var>
<doc>Returns a dictionary containing all variables in the current scope.</doc>
<status status="PASS" start="2024-03-10T10:24:52.914630" elapsed="0.000761"/>
</kw>
<kw name="Log" owner="BuiltIn">
<msg time="2024-03-10T10:24:52.915824" level="INFO">{'${/}': '/', '${:}': ':', '${\\n}': '\n', '${cmd_reporter}': 'rfswarm-reporter', '${DEBUG_FILE}': 'NONE', '${EXECDIR}': '/Users/runner/work/rfswarm/rfswarm', '${False}': False, '${IMAGE_DIR}': '/Users/runner/work/rfswarm/rfswarm/Tests/Regression/Reporter/Images/file_method', '${LOG_FILE}': '/Users/runner/work/rfswarm/rfswarm/Tests/Regression/Reporter/Logs/macos-latest_3.10/log.html', '${LOG_LEVEL}': 'INFO', '${None}': None, '${null}': None, '${OUTPUT_DIR}': '/Users/runner/work/rfswarm/rfswarm/Tests/Regression/Reporter/Logs/macos-latest_3.10', '${OUTPUT_FILE}': '/Users/runner/work/rfswarm/rfswarm/Tests/Regression/Reporter/Logs/macos-latest_3.10/output.xml', '${platform}': 'macos', '${PREV_TEST_MESSAGE}': '', '${PREV_TEST_NAME}': 'GUI Runs and Closes', '${PREV_TEST_STATUS}': 'PASS', '${process}': 'None', '${pyfile}': '/Users/runner/work/rfswarm/rfswarm/rfswarm_reporter/rfswarm_reporter.py', '${REPORT_FILE}': '/Users/runner/work/rfswarm/rfswarm/Tests/Regression/Reporter/Logs/macos-latest_3.10/report.html', '${SPACE}': ' ', '${sssleep}': '0.5', '${SUITE_DOCUMENTATION}': '', '${SUITE_NAME}': 'Reporter.GUI Basic', '${SUITE_SOURCE}': '/Users/runner/work/rfswarm/rfswarm/Tests/Regression/Reporter/GUI_Basic.robot', '${TEMPDIR}': '/var/folders/24/8k48jl6d249_n_qfxwsl6xvm0000gn/T', '${TEST_DOCUMENTATION}': '', '${TEST_NAME}': 'Select Preview Tab', '${True}': True, '&amp;{OPTIONS}': {'include': ['macos-latest'], 'exclude': [], 'skip': [], 'skip_on_failure': []}, '&amp;{SUITE_METADATA}': Metadata(), '@{appargs}': [], '@{TEST_TAGS}': ['macos-latest', 'ubuntu-latest', 'windows-latest']}</msg>
<arg>${var}</arg>
<doc>Logs the given message with the given level.</doc>
<status status="PASS" start="2024-03-10T10:24:52.915560" elapsed="0.000344"/>
</kw>
<kw name="Get Platform">
<kw name="Create Dictionary" owner="BuiltIn">
<msg time="2024-03-10T10:24:52.916767" level="INFO">&amp;{platforms} = { Linux=ubuntu | Darwin=macos | Java=notsupported | Windows=windows }</msg>
<var>&amp;{platforms}</var>
<arg>Linux=ubuntu</arg>
<arg>Darwin=macos</arg>
<arg>Java=notsupported</arg>
<arg>Windows=windows</arg>
<doc>Creates and returns a dictionary based on the given ``items``.</doc>
<status status="PASS" start="2024-03-10T10:24:52.916416" elapsed="0.000389"/>
</kw>
<kw name="Evaluate" owner="BuiltIn">
<msg time="2024-03-10T10:24:52.917463" level="INFO">${os} = Darwin</msg>
<var>${os}</var>
<arg>platform.system()</arg>
<arg>platform</arg>
<doc>Evaluates the given expression in Python and returns the result.</doc>
<status status="PASS" start="2024-03-10T10:24:52.916969" elapsed="0.000534"/>
</kw>
<kw name="Set Suite Variable" owner="BuiltIn">
<msg time="2024-03-10T10:24:52.918079" level="INFO">${platform} = macos</msg>
<arg>${platform}</arg>
<arg>${platforms}[${os}]</arg>
<doc>Makes a variable available everywhere within the scope of the current suite.</doc>
<status status="PASS" start="2024-03-10T10:24:52.917700" elapsed="0.000445"/>
</kw>
<status status="PASS" start="2024-03-10T10:24:52.916089" elapsed="0.002146"/>
</kw>
<kw name="Set Variable" owner="BuiltIn">
<msg time="2024-03-10T10:24:52.918626" level="INFO">${keyword} = Open GUI macos</msg>
<var>${keyword}</var>
<arg>Open GUI ${platform}</arg>
<doc>Returns the given values which can then be assigned to a variables.</doc>
<status status="PASS" start="2024-03-10T10:24:52.918413" elapsed="0.000247"/>
</kw>
<kw name="Run Keyword" owner="BuiltIn">
<kw name="Open GUI macos">
<kw name="Set Suite Variable" owner="BuiltIn">
<msg time="2024-03-10T10:24:52.919987" level="INFO">${platform} = macos</msg>
<arg>${platform}</arg>
<arg>macos</arg>
<doc>Makes a variable available everywhere within the scope of the current suite.</doc>
<status status="PASS" start="2024-03-10T10:24:52.919747" elapsed="0.000300"/>
</kw>
<kw name="Set Confidence" owner="ImageHorizonLibrary">
<arg>0.9</arg>
<doc>Sets the accuracy when finding images.</doc>
<status status="PASS" start="2024-03-10T10:24:52.920205" elapsed="0.000161"/>
</kw>
<kw name="Start Process" owner="Process">
<msg time="2024-03-10T10:24:52.921360" level="INFO">Starting process:
rfswarm-reporter -g 6</msg>
<msg time="2024-03-10T10:24:52.930314" level="INFO">${process} = &lt;Popen: returncode: None args: ['rfswarm-reporter', '-g', '6']&gt;</msg>
<var>${process}</var>
<arg>${cmd_reporter}</arg>
<arg>-g</arg>
<arg>6</arg>
<arg>@{appargs}</arg>
<arg>alias=Reporter</arg>
<arg>stdout=${OUTPUT DIR}${/}stdout.txt</arg>
<arg>stderr=${OUTPUT DIR}${/}stderr.txt</arg>
<doc>Starts a new process on background.</doc>
<status status="PASS" start="2024-03-10T10:24:52.920521" elapsed="0.009921"/>
</kw>
<kw name="Set Suite Variable" owner="BuiltIn">
<msg time="2024-03-10T10:24:52.931949" level="INFO">${process} = &lt;Popen: returncode: None args: ['rfswarm-reporter', '-g', '6']&gt;</msg>
<arg>$process</arg>
<arg>${process}</arg>
<doc>Makes a variable available everywhere within the scope of the current suite.</doc>
<status status="PASS" start="2024-03-10T10:24:52.931317" elapsed="0.000704"/>
</kw>
<kw name="Set Screenshot Folder" owner="ImageHorizonLibrary">
<arg>${OUTPUT DIR}</arg>
<doc>Sets the folder where screenshots are saved to.</doc>
<status status="PASS" start="2024-03-10T10:24:52.932278" elapsed="0.000244"/>
</kw>
<kw name="Take A Screenshot" owner="ImageHorizonLibrary">
<msg time="2024-03-10T10:24:52.933017" level="INFO" html="true">Screenshot taken: /Users/runner/work/rfswarm/rfswarm/Tests/Regression/Reporter/Logs/macos-latest_3.10/Reporter.GUIBasic-screenshot-4.png&lt;br/&gt;&lt;img src="/Users/runner/work/rfswarm/rfswarm/Tests/Regression/Reporter/Logs/macos-latest_3.10/Reporter.GUIBasic-screenshot-4.png" width="100%" /&gt;</msg>
<doc>Takes a screenshot of the screen.</doc>
<status status="PASS" start="2024-03-10T10:24:52.932706" elapsed="0.303212"/>
</kw>
<arg>@{appargs}</arg>
<status status="PASS" start="2024-03-10T10:24:52.919334" elapsed="0.316925"/>
</kw>
<arg>${keyword}</arg>
<arg>@{appargs}</arg>
<doc>Executes the given keyword with the given arguments.</doc>
<status status="PASS" start="2024-03-10T10:24:52.918806" elapsed="0.317588"/>
</kw>
<status status="PASS" start="2024-03-10T10:24:52.914271" elapsed="0.322257"/>
</kw>
<kw name="Wait For Status">
<kw name="Convert To Lower Case" owner="String">
<msg time="2024-03-10T10:24:53.238482" level="INFO">${statusl} = previewloaded</msg>
<var>${statusl}</var>
<arg>${status}</arg>
<doc>Converts string to lower case.</doc>
<status status="PASS" start="2024-03-10T10:24:53.238141" elapsed="0.000391"/>
</kw>
<kw name="Set Variable" owner="BuiltIn">
<msg time="2024-03-10T10:24:53.239171" level="INFO">${img} = reporter_macos_status_previewloaded.png</msg>
<var>${img}</var>
<arg>reporter_${platform}_status_${statusl}.png</arg>
<doc>Returns the given values which can then be assigned to a variables.</doc>
<status status="PASS" start="2024-03-10T10:24:53.238904" elapsed="0.000302"/>
</kw>
<kw name="Log" owner="BuiltIn">
<msg time="2024-03-10T10:24:53.239553" level="INFO">/Users/runner/work/rfswarm/rfswarm/Tests/Regression/Reporter</msg>
<arg>/Users/runner/work/rfswarm/rfswarm/Tests/Regression/Reporter</arg>
<doc>Logs the given message with the given level.</doc>
<status status="PASS" start="2024-03-10T10:24:53.239375" elapsed="0.000252"/>
</kw>
<kw name="Log" owner="BuiltIn">
<msg time="2024-03-10T10:24:53.240300" level="INFO">/Users/runner/work/rfswarm/rfswarm/Tests/Regression/Reporter/Images/file_method</msg>
<arg>${IMAGE_DIR}</arg>
<doc>Logs the given message with the given level.</doc>
<status status="PASS" start="2024-03-10T10:24:53.239766" elapsed="0.000600"/>
</kw>
<kw name="Wait For" owner="ImageHorizonLibrary">
<msg time="2024-03-10T10:24:56.328860" level="INFO">Image "reporter_macos_status_previewloaded.png" found at (55, 440)</msg>
<arg>${img}</arg>
<arg>timeout=${timeout}</arg>
<doc>Tries to locate given image from the screen for given time.</doc>
<status status="PASS" start="2024-03-10T10:24:53.240527" elapsed="3.088940"/>
</kw>
<kw name="Sleep" owner="BuiltIn">
<msg time="2024-03-10T10:24:56.850374" level="INFO">Slept 500 milliseconds.</msg>
<arg>${sssleep}</arg>
<doc>Pauses the test executed for the given time.</doc>
<status status="PASS" start="2024-03-10T10:24:56.330036" elapsed="0.522109"/>
</kw>
<kw name="Take A Screenshot" owner="ImageHorizonLibrary">
<msg time="2024-03-10T10:24:56.852783" level="INFO" html="true">Screenshot taken: /Users/runner/work/rfswarm/rfswarm/Tests/Regression/Reporter/Logs/macos-latest_3.10/Reporter.GUIBasic-screenshot-5.png&lt;br/&gt;&lt;img src="/Users/runner/work/rfswarm/rfswarm/Tests/Regression/Reporter/Logs/macos-latest_3.10/Reporter.GUIBasic-screenshot-5.png" width="100%" /&gt;</msg>
<doc>Takes a screenshot of the screen.</doc>
<status status="PASS" start="2024-03-10T10:24:56.852419" elapsed="0.387037"/>
</kw>
<arg>PreviewLoaded</arg>
<status status="PASS" start="2024-03-10T10:24:53.237109" elapsed="4.002880"/>
</kw>
<kw name="Click Tab">
<kw name="Convert To Lower Case" owner="String">
<msg time="2024-03-10T10:24:57.242217" level="INFO">${tabnamel} = preview</msg>
<var>${tabnamel}</var>
<arg>${tabname}</arg>
<doc>Converts string to lower case.</doc>
<status status="PASS" start="2024-03-10T10:24:57.241875" elapsed="0.000408"/>
</kw>
<kw name="Set Variable" owner="BuiltIn">
<msg time="2024-03-10T10:24:57.242803" level="INFO">${img} = reporter_macos_tab_preview.png</msg>
<var>${img}</var>
<arg>reporter_${platform}_tab_${tabnamel}.png</arg>
<doc>Returns the given values which can then be assigned to a variables.</doc>
<status status="PASS" start="2024-03-10T10:24:57.242487" elapsed="0.000353"/>
</kw>
<kw name="Log" owner="BuiltIn">
<msg time="2024-03-10T10:24:57.243339" level="INFO">/Users/runner/work/rfswarm/rfswarm/Tests/Regression/Reporter</msg>
<arg>/Users/runner/work/rfswarm/rfswarm/Tests/Regression/Reporter</arg>
<doc>Logs the given message with the given level.</doc>
<status status="PASS" start="2024-03-10T10:24:57.243128" elapsed="0.000277"/>
</kw>
<kw name="Log" owner="BuiltIn">
<msg time="2024-03-10T10:24:57.243792" level="INFO">/Users/runner/work/rfswarm/rfswarm/Tests/Regression/Reporter/Images/file_method</msg>
<arg>${IMAGE_DIR}</arg>
<doc>Logs the given message with the given level.</doc>
<status status="PASS" start="2024-03-10T10:24:57.243611" elapsed="0.000240"/>
</kw>
<kw name="Wait For" owner="ImageHorizonLibrary">
<msg time="2024-03-10T10:24:57.794202" level="INFO">Image "reporter_macos_tab_preview.png" found at (482, 103)</msg>
<arg>${img}</arg>
<arg>timeout=300</arg>
<doc>Tries to locate given image from the screen for given time.</doc>
<status status="PASS" start="2024-03-10T10:24:57.244015" elapsed="0.550990"/>
</kw>
<kw name="Locate" owner="ImageHorizonLibrary">
<msg time="2024-03-10T10:24:58.255780" level="INFO">Image "/Users/runner/work/rfswarm/rfswarm/Tests/Regression/Reporter/Images/file_method/reporter_macos_tab_preview.png" found at Box(left=443, top=89, width=78, height=29)</msg>
<msg time="2024-03-10T10:24:58.256617" level="INFO">@{coordinates} = [ 482 | 103 ]</msg>
<var>@{coordinates}</var>
<arg>${img}</arg>
<doc>Locate image on screen.</doc>
<status status="PASS" start="2024-03-10T10:24:57.795940" elapsed="0.460730"/>
</kw>
<kw name="Click Image" owner="ImageHorizonLibrary">
<msg time="2024-03-10T10:24:58.688761" level="INFO">Image "/Users/runner/work/rfswarm/rfswarm/Tests/Regression/Reporter/Images/file_method/reporter_macos_tab_preview.png" found at Box(left=443, top=89, width=78, height=29)</msg>
<msg time="2024-03-10T10:24:58.689003" level="INFO">Clicking image "reporter_macos_tab_preview.png" in position (482, 103)</msg>
<arg>${img}</arg>
<doc>Finds the reference image on screen and clicks it once.</doc>
<status status="PASS" start="2024-03-10T10:24:58.257192" elapsed="0.572469"/>
</kw>
<kw name="Sleep" owner="BuiltIn">
<msg time="2024-03-10T10:24:59.330871" level="INFO">Slept 500 milliseconds.</msg>
<arg>${sssleep}</arg>
<doc>Pauses the test executed for the given time.</doc>
<status status="PASS" start="2024-03-10T10:24:58.830226" elapsed="0.500784"/>
</kw>
<kw name="Take A Screenshot" owner="ImageHorizonLibrary">
<msg time="2024-03-10T10:24:59.331603" level="INFO" html="true">Screenshot taken: /Users/runner/work/rfswarm/rfswarm/Tests/Regression/Reporter/Logs/macos-latest_3.10/Reporter.GUIBasic-screenshot-6.png&lt;br/&gt;&lt;img src="/Users/runner/work/rfswarm/rfswarm/Tests/Regression/Reporter/Logs/macos-latest_3.10/Reporter.GUIBasic-screenshot-6.png" width="100%" /&gt;</msg>
<doc>Takes a screenshot of the screen.</doc>
<status status="PASS" start="2024-03-10T10:24:59.331256" elapsed="0.273362"/>
</kw>
<arg>Preview</arg>
<status status="PASS" start="2024-03-10T10:24:57.240662" elapsed="2.364316"/>
</kw>
<kw name="Close GUI" type="TEARDOWN">
<kw name="Set Variable" owner="BuiltIn">
<msg time="2024-03-10T10:24:59.609347" level="INFO">${keyword} = Close GUI macos</msg>
<var>${keyword}</var>
<arg>Close GUI ${platform}</arg>
<doc>Returns the given values which can then be assigned to a variables.</doc>
<status status="PASS" start="2024-03-10T10:24:59.607041" elapsed="0.002388"/>
</kw>
<if>
<branch type="IF" condition="${process}">
<kw name="Is Process Running" owner="Process">
<msg time="2024-03-10T10:24:59.610307" level="INFO">${running} = True</msg>
<var>${running}</var>
<arg>${process}</arg>
<doc>Checks is the process running or not.</doc>
<status status="PASS" start="2024-03-10T10:24:59.609901" elapsed="0.000440"/>
</kw>
<if>
<branch type="IF" condition="${running}">
<kw name="Run Keyword" owner="BuiltIn">
<kw name="Close GUI macos">
<kw name="Click Image" owner="ImageHorizonLibrary">
<msg time="2024-03-10T10:25:00.014483" level="INFO">Image "/Users/runner/work/rfswarm/rfswarm/Tests/Regression/Reporter/Images/file_method/reporter_macos_button_closewindow.png" found at Box(left=9, top=31, width=19, height=25)</msg>
<msg time="2024-03-10T10:25:00.014997" level="INFO">Clicking image "reporter_macos_button_closewindow.png" in position (18, 43)</msg>
<arg>reporter_${platform}_button_closewindow.png</arg>
<doc>Finds the reference image on screen and clicks it once.</doc>
<status status="PASS" start="2024-03-10T10:24:59.611664" elapsed="0.525280"/>
</kw>
<kw name="Take A Screenshot" owner="ImageHorizonLibrary">
<msg time="2024-03-10T10:25:00.137997" level="INFO" html="true">Screenshot taken: /Users/runner/work/rfswarm/rfswarm/Tests/Regression/Reporter/Logs/macos-latest_3.10/Reporter.GUIBasic-screenshot-7.png&lt;br/&gt;&lt;img src="/Users/runner/work/rfswarm/rfswarm/Tests/Regression/Reporter/Logs/macos-latest_3.10/Reporter.GUIBasic-screenshot-7.png" width="100%" /&gt;</msg>
<doc>Takes a screenshot of the screen.</doc>
<status status="PASS" start="2024-03-10T10:25:00.137496" elapsed="0.368068"/>
</kw>
<kw name="Sleep" owner="BuiltIn">
<msg time="2024-03-10T10:25:01.022123" level="INFO">Slept 500 milliseconds.</msg>
<arg>0.5</arg>
<doc>Pauses the test executed for the given time.</doc>
<status status="PASS" start="2024-03-10T10:25:00.506534" elapsed="0.515749"/>
</kw>
<kw name="End Process If Still Running">
<kw name="Wait For Process" owner="Process">
<msg time="2024-03-10T10:25:01.023997" level="INFO">Waiting for process to complete.</msg>
<msg time="2024-03-10T10:25:01.024399" level="INFO">Process completed.</msg>
<msg time="2024-03-10T10:25:01.024570" level="INFO">${result} = &lt;result object with rc 0&gt;</msg>
<var>${result}</var>
<arg>${process}</arg>
<arg>timeout=60</arg>
<doc>Waits for the process to complete or to reach the given timeout.</doc>
<status status="PASS" start="2024-03-10T10:25:01.023622" elapsed="0.001002"/>
</kw>
<kw name="Is Process Running" owner="Process">
<msg time="2024-03-10T10:25:01.025098" level="INFO">${running} = False</msg>
<var>${running}</var>
<arg>${process}</arg>
<doc>Checks is the process running or not.</doc>
<status status="PASS" start="2024-03-10T10:25:01.024824" elapsed="0.000319"/>
</kw>
<if>
<branch type="IF" condition="not ${running}">
<kw name="Check Result">
<kw name="Log" owner="BuiltIn">
<msg time="2024-03-10T10:25:01.027339" level="INFO"/>
<arg>${result.stderr}</arg>
<doc>Logs the given message with the given level.</doc>
<status status="PASS" start="2024-03-10T10:25:01.026102" elapsed="0.001308"/>
</kw>
<kw name="Should Not Contain" owner="BuiltIn">
<arg>${result.stderr}</arg>
<arg>Traceback</arg>
<doc>Fails if ``container`` contains ``item`` one or more times.</doc>
<status status="PASS" start="2024-03-10T10:25:01.027604" elapsed="0.000659"/>
</kw>
<kw name="Should Be Equal As Integers" owner="BuiltIn">
<msg time="2024-03-10T10:25:01.029181" level="INFO">Argument types are:
&lt;class 'int'&gt;
&lt;class 'str'&gt;</msg>
<arg>${result.rc}</arg>
<arg>0</arg>
<doc>Fails if objects are unequal after converting them to integers.</doc>
<status status="PASS" start="2024-03-10T10:25:01.028492" elapsed="0.000796"/>
</kw>
<arg>${result}</arg>
<status status="PASS" start="2024-03-10T10:25:01.025648" elapsed="0.003750"/>
</kw>
<status status="PASS" start="2024-03-10T10:25:01.025297" elapsed="0.004150"/>
</branch>
<branch type="ELSE">
<kw name="Take A Screenshot" owner="ImageHorizonLibrary">
<doc>Takes a screenshot of the screen.</doc>
<status status="NOT RUN" start="2024-03-10T10:25:01.029651" elapsed="0.000030"/>
</kw>
<kw name="Terminate Process" owner="Process">
<var>${result}</var>
<arg>${process}</arg>
<doc>Stops the process gracefully or forcefully.</doc>
<status status="NOT RUN" start="2024-03-10T10:25:01.029826" elapsed="0.000028"/>
</kw>
<kw name="Check Result">
<arg>${result}</arg>
<status status="NOT RUN" start="2024-03-10T10:25:01.030037" elapsed="0.000032"/>
</kw>
<kw name="Fail" owner="BuiltIn">
<arg>Had to Terminate Process</arg>
<doc>Fails the test with the given message and optionally alters its tags.</doc>
<status status="NOT RUN" start="2024-03-10T10:25:01.030216" elapsed="0.000029"/>
</kw>
<status status="NOT RUN" start="2024-03-10T10:25:01.029496" elapsed="0.000794"/>
</branch>
<status status="PASS" start="2024-03-10T10:25:01.025246" elapsed="0.005080"/>
</if>
<status status="PASS" start="2024-03-10T10:25:01.022952" elapsed="0.007454"/>
</kw>
<status status="PASS" start="2024-03-10T10:24:59.611234" elapsed="1.419246"/>
</kw>
<arg>${keyword}</arg>
<doc>Executes the given keyword with the given arguments.</doc>
<status status="PASS" start="2024-03-10T10:24:59.610718" elapsed="1.419839"/>
</kw>
<status status="PASS" start="2024-03-10T10:24:59.610433" elapsed="1.420181"/>
</branch>
<branch type="ELSE">
<kw name="Wait For Process" owner="Process">
<var>${result}</var>
<arg>${process}</arg>
<arg>timeout=60</arg>
<doc>Waits for the process to complete or to reach the given timeout.</doc>
<status status="NOT RUN" start="2024-03-10T10:25:01.030790" elapsed="0.000028"/>
</kw>
<kw name="Check Result">
<arg>${result}</arg>
<status status="NOT RUN" start="2024-03-10T10:25:01.030976" elapsed="0.000031"/>
</kw>
<status status="NOT RUN" start="2024-03-10T10:25:01.030654" elapsed="0.000394"/>
</branch>
<status status="PASS" start="2024-03-10T10:24:59.610411" elapsed="1.420669"/>
</if>
<status status="PASS" start="2024-03-10T10:24:59.609621" elapsed="1.421512"/>
</branch>
<status status="PASS" start="2024-03-10T10:24:59.609566" elapsed="1.421607"/>
</if>
<kw name="Set Suite Variable" owner="BuiltIn">
<msg time="2024-03-10T10:25:01.031666" level="INFO">${process} = None</msg>
<arg>$process</arg>
<arg>None</arg>
<doc>Makes a variable available everywhere within the scope of the current suite.</doc>
<status status="PASS" start="2024-03-10T10:25:01.031368" elapsed="0.000367"/>
</kw>
<kw name="Sleep" owner="BuiltIn">
<msg time="2024-03-10T10:25:01.533033" level="INFO">Slept 500 milliseconds.</msg>
<arg>0.5</arg>
<doc>Pauses the test executed for the given time.</doc>
<status status="PASS" start="2024-03-10T10:25:01.031878" elapsed="0.501299"/>
</kw>
<status status="PASS" start="2024-03-10T10:24:59.606053" elapsed="1.927282"/>
</kw>
<tag>macos-latest</tag>
<tag>ubuntu-latest</tag>
<tag>windows-latest</tag>
<status status="PASS" start="2024-03-10T10:24:52.913668" elapsed="8.619781"/>
</test>
<test id="s1-s2-t3" name="First Run" line="33">
<kw name="Log To Console" owner="BuiltIn">
<arg>${\n}TAGS: ${TEST TAGS}</arg>
<doc>Logs the given message to the console.</doc>
<status status="PASS" start="2024-03-10T10:25:01.534572" elapsed="0.000320"/>
</kw>
<kw name="Set Variable" owner="BuiltIn">
<msg time="2024-03-10T10:25:01.535221" level="INFO">${testdata} = Issue-#147</msg>
<var>${testdata}</var>
<arg>Issue-#147</arg>
<doc>Returns the given values which can then be assigned to a variables.</doc>
<status status="PASS" start="2024-03-10T10:25:01.535057" elapsed="0.000198"/>
</kw>
<kw name="Set Variable" owner="BuiltIn">
<msg time="2024-03-10T10:25:01.535606" level="INFO">${resultdata} = 20230320_185055_demo</msg>
<var>${resultdata}</var>
<arg>20230320_185055_demo</arg>
<doc>Returns the given values which can then be assigned to a variables.</doc>
<status status="PASS" start="2024-03-10T10:25:01.535421" elapsed="0.000219"/>
</kw>
<kw name="Set Variable" owner="BuiltIn">
<msg time="2024-03-10T10:25:01.536068" level="INFO">${basefolder} = /Users/runner/work/rfswarm/rfswarm/Tests/Regression/Reporter/testdata/Issue-#147</msg>
<var>${basefolder}</var>
<arg>/Users/runner/work/rfswarm/rfswarm/Tests/Regression/Reporter${/}testdata${/}${testdata}</arg>
<doc>Returns the given values which can then be assigned to a variables.</doc>
<status status="PASS" start="2024-03-10T10:25:01.535791" elapsed="0.000311"/>
</kw>
<kw name="Should Exist" owner="OperatingSystem">
<msg time="2024-03-10T10:25:01.536551" level="INFO" html="true">Path '&lt;a href="file:///Users/runner/work/rfswarm/rfswarm/Tests/Regression/Reporter/testdata/Issue-#147"&gt;/Users/runner/work/rfswarm/rfswarm/Tests/Regression/Reporter/testdata/Issue-#147&lt;/a&gt;' exists.</msg>
<arg>${basefolder}</arg>
<doc>Fails unless the given path (file or directory) exists.</doc>
<status status="PASS" start="2024-03-10T10:25:01.536262" elapsed="0.000380"/>
</kw>
<kw name="Log To Console" owner="BuiltIn">
<arg>basefolder: ${basefolder}</arg>
<arg>console=True</arg>
<doc>Logs the given message to the console.</doc>
<status status="PASS" start="2024-03-10T10:25:01.536785" elapsed="0.000277"/>
</kw>
<kw name="Set Variable" owner="BuiltIn">
<msg time="2024-03-10T10:25:01.537490" level="INFO">${resultfolder} = /Users/runner/work/rfswarm/rfswarm/Tests/Regression/Reporter/testdata/Issue-#147/20230320_185055_demo</msg>
<var>${resultfolder}</var>
<arg>${basefolder}${/}${resultdata}</arg>
<doc>Returns the given values which can then be assigned to a variables.</doc>
<status status="PASS" start="2024-03-10T10:25:01.537222" elapsed="0.000301"/>
</kw>
<kw name="Should Exist" owner="OperatingSystem">
<msg time="2024-03-10T10:25:01.537845" level="INFO" html="true">Path '&lt;a href="file:///Users/runner/work/rfswarm/rfswarm/Tests/Regression/Reporter/testdata/Issue-#147/20230320_185055_demo"&gt;/Users/runner/work/rfswarm/rfswarm/Tests/Regression/Reporter/testdata/Issue-#147/20230320_185055_demo&lt;/a&gt;' exists.</msg>
<arg>${resultfolder}</arg>
<doc>Fails unless the given path (file or directory) exists.</doc>
<status status="PASS" start="2024-03-10T10:25:01.537657" elapsed="0.000420"/>
</kw>
<kw name="Log" owner="BuiltIn">
<msg time="2024-03-10T10:25:01.538498" level="INFO">resultfolder: /Users/runner/work/rfswarm/rfswarm/Tests/Regression/Reporter/testdata/Issue-#147/20230320_185055_demo</msg>
<arg>resultfolder: ${resultfolder}</arg>
<arg>console=True</arg>
<doc>Logs the given message with the given level.</doc>
<status status="PASS" start="2024-03-10T10:25:01.538255" elapsed="0.000339"/>
</kw>
<kw name="Get Time" owner="BuiltIn">
<msg time="2024-03-10T10:25:01.539065" level="INFO">${epoch} = 1710066301</msg>
<var>${epoch}</var>
<arg>epoch</arg>
<doc>Returns the given time in the requested format.</doc>
<status status="PASS" start="2024-03-10T10:25:01.538783" elapsed="0.000318"/>
</kw>
<kw name="Open GUI">
<kw name="Get Variables" owner="BuiltIn">
<msg time="2024-03-10T10:25:01.540395" level="INFO">${var} = {'${/}': '/', '${:}': ':', '${\\n}': '\n', '${cmd_reporter}': 'rfswarm-reporter', '${DEBUG_FILE}': 'NONE', '${EXECDIR}': '/Users/runner/work/rfswarm/rfswarm', '${False}': False, '${IMAGE_DIR}': '/User...</msg>
<var>${var}</var>
<doc>Returns a dictionary containing all variables in the current scope.</doc>
<status status="PASS" start="2024-03-10T10:25:01.539741" elapsed="0.000701"/>
</kw>
<kw name="Log" owner="BuiltIn">
<msg time="2024-03-10T10:25:01.540843" level="INFO">{'${/}': '/', '${:}': ':', '${\\n}': '\n', '${cmd_reporter}': 'rfswarm-reporter', '${DEBUG_FILE}': 'NONE', '${EXECDIR}': '/Users/runner/work/rfswarm/rfswarm', '${False}': False, '${IMAGE_DIR}': '/Users/runner/work/rfswarm/rfswarm/Tests/Regression/Reporter/Images/file_method', '${LOG_FILE}': '/Users/runner/work/rfswarm/rfswarm/Tests/Regression/Reporter/Logs/macos-latest_3.10/log.html', '${LOG_LEVEL}': 'INFO', '${None}': None, '${null}': None, '${OUTPUT_DIR}': '/Users/runner/work/rfswarm/rfswarm/Tests/Regression/Reporter/Logs/macos-latest_3.10', '${OUTPUT_FILE}': '/Users/runner/work/rfswarm/rfswarm/Tests/Regression/Reporter/Logs/macos-latest_3.10/output.xml', '${platform}': 'macos', '${PREV_TEST_MESSAGE}': '', '${PREV_TEST_NAME}': 'Select Preview Tab', '${PREV_TEST_STATUS}': 'PASS', '${process}': 'None', '${pyfile}': '/Users/runner/work/rfswarm/rfswarm/rfswarm_reporter/rfswarm_reporter.py', '${REPORT_FILE}': '/Users/runner/work/rfswarm/rfswarm/Tests/Regression/Reporter/Logs/macos-latest_3.10/report.html', '${SPACE}': ' ', '${sssleep}': '0.5', '${SUITE_DOCUMENTATION}': '', '${SUITE_NAME}': 'Reporter.GUI Basic', '${SUITE_SOURCE}': '/Users/runner/work/rfswarm/rfswarm/Tests/Regression/Reporter/GUI_Basic.robot', '${TEMPDIR}': '/var/folders/24/8k48jl6d249_n_qfxwsl6xvm0000gn/T', '${TEST_DOCUMENTATION}': '', '${TEST_NAME}': 'First Run', '${True}': True, '&amp;{OPTIONS}': {'include': ['macos-latest'], 'exclude': [], 'skip': [], 'skip_on_failure': []}, '&amp;{SUITE_METADATA}': Metadata(), '@{appargs}': ['-i', 'blank_1710066301.ini', '-d', '/Users/runner/work/rfswarm/rfswarm/Tests/Regression/Reporter/testdata/Issue-#147/20230320_185055_demo'], '@{TEST_TAGS}': ['Issue #147', 'macos-latest', 'ubuntu-latest', 'windows-latest']}</msg>
<arg>${var}</arg>
<doc>Logs the given message with the given level.</doc>
<status status="PASS" start="2024-03-10T10:25:01.540603" elapsed="0.000337"/>
</kw>
<kw name="Get Platform">
<kw name="Create Dictionary" owner="BuiltIn">
<msg time="2024-03-10T10:25:01.541794" level="INFO">&amp;{platforms} = { Linux=ubuntu | Darwin=macos | Java=notsupported | Windows=windows }</msg>
<var>&amp;{platforms}</var>
<arg>Linux=ubuntu</arg>
<arg>Darwin=macos</arg>
<arg>Java=notsupported</arg>
<arg>Windows=windows</arg>
<doc>Creates and returns a dictionary based on the given ``items``.</doc>
<status status="PASS" start="2024-03-10T10:25:01.541435" elapsed="0.000396"/>
</kw>
<kw name="Evaluate" owner="BuiltIn">
<msg time="2024-03-10T10:25:01.542343" level="INFO">${os} = Darwin</msg>
<var>${os}</var>
<arg>platform.system()</arg>
<arg>platform</arg>
<doc>Evaluates the given expression in Python and returns the result.</doc>
<status status="PASS" start="2024-03-10T10:25:01.542004" elapsed="0.000373"/>
</kw>
<kw name="Set Suite Variable" owner="BuiltIn">
<msg time="2024-03-10T10:25:01.542876" level="INFO">${platform} = macos</msg>
<arg>${platform}</arg>
<arg>${platforms}[${os}]</arg>
<doc>Makes a variable available everywhere within the scope of the current suite.</doc>
<status status="PASS" start="2024-03-10T10:25:01.542550" elapsed="0.000399"/>
</kw>
<status status="PASS" start="2024-03-10T10:25:01.541105" elapsed="0.001931"/>
</kw>
<kw name="Set Variable" owner="BuiltIn">
<msg time="2024-03-10T10:25:01.543379" level="INFO">${keyword} = Open GUI macos</msg>
<var>${keyword}</var>
<arg>Open GUI ${platform}</arg>
<doc>Returns the given values which can then be assigned to a variables.</doc>
<status status="PASS" start="2024-03-10T10:25:01.543167" elapsed="0.000245"/>
</kw>
<kw name="Run Keyword" owner="BuiltIn">
<kw name="Open GUI macos">
<kw name="Set Suite Variable" owner="BuiltIn">
<msg time="2024-03-10T10:25:01.544552" level="INFO">${platform} = macos</msg>
<arg>${platform}</arg>
<arg>macos</arg>
<doc>Makes a variable available everywhere within the scope of the current suite.</doc>
<status status="PASS" start="2024-03-10T10:25:01.544323" elapsed="0.000284"/>
</kw>
<kw name="Set Confidence" owner="ImageHorizonLibrary">
<arg>0.9</arg>
<doc>Sets the accuracy when finding images.</doc>
<status status="PASS" start="2024-03-10T10:25:01.544774" elapsed="0.000245"/>
</kw>
<kw name="Start Process" owner="Process">
<msg time="2024-03-10T10:25:01.546074" level="INFO">Starting process:
rfswarm-reporter -g 6 -i blank_1710066301.ini -d /Users/runner/work/rfswarm/rfswarm/Tests/Regression/Reporter/testdata/Issue-#147/20230320_185055_demo</msg>
<msg time="2024-03-10T10:25:01.555599" level="INFO">${process} = &lt;Popen: returncode: None args: ['rfswarm-reporter', '-g', '6', '-i', 'blank_...&gt;</msg>
<var>${process}</var>
<arg>${cmd_reporter}</arg>
<arg>-g</arg>
<arg>6</arg>
<arg>@{appargs}</arg>
<arg>alias=Reporter</arg>
<arg>stdout=${OUTPUT DIR}${/}stdout.txt</arg>
<arg>stderr=${OUTPUT DIR}${/}stderr.txt</arg>
<doc>Starts a new process on background.</doc>
[...]
<doc>Takes a screenshot of the screen.</doc>
<status status="PASS" start="2024-03-10T10:25:16.284943" elapsed="0.313309"/>
</kw>
<arg>AddSection</arg>
<status status="PASS" start="2024-03-10T10:25:14.157071" elapsed="2.441757"/>
</kw>
<kw name="Click To The Below Of Image" owner="ImageHorizonLibrary">
<msg time="2024-03-10T10:25:17.053089" level="INFO">Image "/Users/runner/work/rfswarm/rfswarm/Tests/Regression/Reporter/Images/file_method/reporter_macos_label_sectionname.png" found at Box(left=494, top=430, width=92, height=23)</msg>
<msg time="2024-03-10T10:25:17.053367" level="INFO">Clicking 1 time(s) at (540, 461) with left mouse button at interval 0.000000</msg>
<arg>reporter_${platform}_label_sectionname.png</arg>
<arg>20</arg>
<doc>Clicks below of reference image by given offset.</doc>
<status status="PASS" start="2024-03-10T10:25:16.599609" elapsed="0.635342"/>
</kw>
<kw name="Type" owner="ImageHorizonLibrary">
<arg>Issue #149</arg>
<doc>Type text and keyboard keys.</doc>
<status status="PASS" start="2024-03-10T10:25:17.235771" elapsed="0.681126"/>
</kw>
<kw name="Click Button">
<kw name="Convert To Lower Case" owner="String">
<msg time="2024-03-10T10:25:17.920219" level="INFO">${bttnnamel} = ok</msg>
<var>${bttnnamel}</var>
<arg>${bttnname}</arg>
<doc>Converts string to lower case.</doc>
<status status="PASS" start="2024-03-10T10:25:17.919948" elapsed="0.000313"/>
</kw>
<kw name="Set Variable" owner="BuiltIn">
<msg time="2024-03-10T10:25:17.920714" level="INFO">${img} = reporter_macos_button_ok.png</msg>
<var>${img}</var>
<arg>reporter_${platform}_button_${bttnnamel}.png</arg>
<doc>Returns the given values which can then be assigned to a variables.</doc>
<status status="PASS" start="2024-03-10T10:25:17.920457" elapsed="0.000290"/>
</kw>
<kw name="Log" owner="BuiltIn">
<msg time="2024-03-10T10:25:17.921060" level="INFO">/Users/runner/work/rfswarm/rfswarm/Tests/Regression/Reporter</msg>
<arg>/Users/runner/work/rfswarm/rfswarm/Tests/Regression/Reporter</arg>
<doc>Logs the given message with the given level.</doc>
<status status="PASS" start="2024-03-10T10:25:17.920904" elapsed="0.000216"/>
</kw>
<kw name="Log" owner="BuiltIn">
<msg time="2024-03-10T10:25:17.921402" level="INFO">/Users/runner/work/rfswarm/rfswarm/Tests/Regression/Reporter/Images/file_method</msg>
<arg>${IMAGE_DIR}</arg>
<doc>Logs the given message with the given level.</doc>
<status status="PASS" start="2024-03-10T10:25:17.921253" elapsed="0.000206"/>
</kw>
<kw name="Wait For" owner="ImageHorizonLibrary">
<msg time="2024-03-10T10:25:18.373488" level="INFO">Image "reporter_macos_button_ok.png" found at (520, 502)</msg>
<arg>${img}</arg>
<arg>timeout=300</arg>
<doc>Tries to locate given image from the screen for given time.</doc>
<status status="PASS" start="2024-03-10T10:25:17.921589" elapsed="0.452365"/>
</kw>
<kw name="Locate" owner="ImageHorizonLibrary">
<msg time="2024-03-10T10:25:18.950626" level="INFO">Image "/Users/runner/work/rfswarm/rfswarm/Tests/Regression/Reporter/Images/file_method/reporter_macos_button_ok.png" found at Box(left=506, top=491, width=28, height=22)</msg>
<msg time="2024-03-10T10:25:18.951478" level="INFO">@{coordinates} = [ 520 | 502 ]</msg>
<var>@{coordinates}</var>
<arg>${img}</arg>
<doc>Locate image on screen.</doc>
<status status="PASS" start="2024-03-10T10:25:18.374633" elapsed="0.576908"/>
</kw>
<kw name="Click Image" owner="ImageHorizonLibrary">
<msg time="2024-03-10T10:25:19.373202" level="INFO">Image "/Users/runner/work/rfswarm/rfswarm/Tests/Regression/Reporter/Images/file_method/reporter_macos_button_ok.png" found at Box(left=506, top=491, width=28, height=22)</msg>
<msg time="2024-03-10T10:25:19.373475" level="INFO">Clicking image "reporter_macos_button_ok.png" in position (520, 502)</msg>
<arg>${img}</arg>
<doc>Finds the reference image on screen and clicks it once.</doc>
<status status="PASS" start="2024-03-10T10:25:18.952140" elapsed="0.623825"/>
</kw>
<kw name="Sleep" owner="BuiltIn">
<msg time="2024-03-10T10:25:20.081922" level="INFO">Slept 500 milliseconds.</msg>
<arg>${sssleep}</arg>
<doc>Pauses the test executed for the given time.</doc>
<status status="PASS" start="2024-03-10T10:25:19.576862" elapsed="0.505232"/>
</kw>
<kw name="Take A Screenshot" owner="ImageHorizonLibrary">
<msg time="2024-03-10T10:25:20.083033" level="INFO" html="true">Screenshot taken: /Users/runner/work/rfswarm/rfswarm/Tests/Regression/Reporter/Logs/macos-latest_3.10/Reporter.GUIBasic-screenshot-16.png&lt;br/&gt;&lt;img src="/Users/runner/work/rfswarm/rfswarm/Tests/Regression/Reporter/Logs/macos-latest_3.10/Reporter.GUIBasic-screenshot-16.png" width="100%" /&gt;</msg>
<doc>Takes a screenshot of the screen.</doc>
<status status="PASS" start="2024-03-10T10:25:20.082666" elapsed="0.372464"/>
</kw>
<arg>OK</arg>
<status status="PASS" start="2024-03-10T10:25:17.917545" elapsed="2.538724"/>
</kw>
<kw name="Take A Screenshot" owner="ImageHorizonLibrary">
<msg time="2024-03-10T10:25:20.458235" level="INFO" html="true">Screenshot taken: /Users/runner/work/rfswarm/rfswarm/Tests/Regression/Reporter/Logs/macos-latest_3.10/Reporter.GUIBasic-screenshot-17.png&lt;br/&gt;&lt;img src="/Users/runner/work/rfswarm/rfswarm/Tests/Regression/Reporter/Logs/macos-latest_3.10/Reporter.GUIBasic-screenshot-17.png" width="100%" /&gt;</msg>
<doc>Takes a screenshot of the screen.</doc>
<status status="PASS" start="2024-03-10T10:25:20.457027" elapsed="0.302471"/>
</kw>
<kw name="Click Section">
<kw name="Convert To Lower Case" owner="String">
<msg time="2024-03-10T10:25:20.763285" level="INFO">${sectnamel} = issue#149</msg>
<var>${sectnamel}</var>
<arg>${sectname}</arg>
<doc>Converts string to lower case.</doc>
<status status="PASS" start="2024-03-10T10:25:20.762975" elapsed="0.000364"/>
</kw>
<kw name="Set Variable" owner="BuiltIn">
<msg time="2024-03-10T10:25:20.763918" level="INFO">${img} = reporter_macos_section_issue#149.png</msg>
<var>${img}</var>
<arg>reporter_${platform}_section_${sectnamel}.png</arg>
<doc>Returns the given values which can then be assigned to a variables.</doc>
<status status="PASS" start="2024-03-10T10:25:20.763641" elapsed="0.000311"/>
</kw>
<kw name="Log" owner="BuiltIn">
<msg time="2024-03-10T10:25:20.764307" level="INFO">/Users/runner/work/rfswarm/rfswarm/Tests/Regression/Reporter</msg>
<arg>/Users/runner/work/rfswarm/rfswarm/Tests/Regression/Reporter</arg>
<doc>Logs the given message with the given level.</doc>
<status status="PASS" start="2024-03-10T10:25:20.764129" elapsed="0.000240"/>
</kw>
<kw name="Log" owner="BuiltIn">
<msg time="2024-03-10T10:25:20.764684" level="INFO">/Users/runner/work/rfswarm/rfswarm/Tests/Regression/Reporter/Images/file_method</msg>
<arg>${IMAGE_DIR}</arg>
<doc>Logs the given message with the given level.</doc>
<status status="PASS" start="2024-03-10T10:25:20.764531" elapsed="0.000225"/>
</kw>
<kw name="Wait For" owner="ImageHorizonLibrary">
<kw name="Take A Screenshot" owner="ImageHorizonLibrary">
<msg time="2024-03-10T10:30:20.893011" level="INFO" html="true">Screenshot taken: /Users/runner/work/rfswarm/rfswarm/Tests/Regression/Reporter/Logs/macos-latest_3.10/Reporter.GUIBasic-screenshot-18.png&lt;br/&gt;&lt;img src="/Users/runner/work/rfswarm/rfswarm/Tests/Regression/Reporter/Logs/macos-latest_3.10/Reporter.GUIBasic-screenshot-18.png" width="100%" /&gt;</msg>
<doc>Takes a screenshot of the screen.</doc>
<status status="PASS" start="2024-03-10T10:30:20.886474" elapsed="0.278784"/>
</kw>
<msg time="2024-03-10T10:30:21.169472" level="FAIL">ImageNotFoundException: Reference image "/Users/runner/work/rfswarm/rfswarm/Tests/Regression/Reporter/Images/file_method/reporter_macos_section_issue#149.png" was not found on screen</msg>
<arg>${img}</arg>
<arg>timeout=300</arg>
<doc>Tries to locate given image from the screen for given time.</doc>
<status status="FAIL" start="2024-03-10T10:25:20.764912" elapsed="300.414506">ImageNotFoundException: Reference image "/Users/runner/work/rfswarm/rfswarm/Tests/Regression/Reporter/Images/file_method/reporter_macos_section_issue#149.png" was not found on screen</status>
</kw>
<kw name="Locate" owner="ImageHorizonLibrary">
<var>@{coordinates}</var>
<arg>${img}</arg>
<doc>Locate image on screen.</doc>
<status status="NOT RUN" start="2024-03-10T10:30:21.179887" elapsed="0.000051"/>
</kw>
<kw name="Click Image" owner="ImageHorizonLibrary">
<arg>${img}</arg>
<doc>Finds the reference image on screen and clicks it once.</doc>
<status status="NOT RUN" start="2024-03-10T10:30:21.180105" elapsed="0.000029"/>
</kw>
<kw name="Sleep" owner="BuiltIn">
<arg>${sssleep}</arg>
<doc>Pauses the test executed for the given time.</doc>
<status status="NOT RUN" start="2024-03-10T10:30:21.180288" elapsed="0.000029"/>
</kw>
<kw name="Take A Screenshot" owner="ImageHorizonLibrary">
<doc>Takes a screenshot of the screen.</doc>
<status status="NOT RUN" start="2024-03-10T10:30:21.180461" elapsed="0.000027"/>
</kw>
<arg>Issue#149</arg>
<status status="FAIL" start="2024-03-10T10:25:20.761802" elapsed="300.419054">ImageNotFoundException: Reference image "/Users/runner/work/rfswarm/rfswarm/Tests/Regression/Reporter/Images/file_method/reporter_macos_section_issue#149.png" was not found on screen</status>
</kw>
<kw name="Select Field With Label">
<arg>Type</arg>
<status status="NOT RUN" start="2024-03-10T10:30:21.183727" elapsed="0.000044"/>
</kw>
<kw name="Select Option">
<arg>DataTable</arg>
<status status="NOT RUN" start="2024-03-10T10:30:21.183974" elapsed="0.000030"/>
</kw>
<kw name="Run Keyword And Continue On Failure" owner="BuiltIn">
<arg>Wait For Status</arg>
<arg>PreviewLoaded</arg>
<doc>Runs the keyword and continues execution even if a failure occurs.</doc>
<status status="NOT RUN" start="2024-03-10T10:30:21.184195" elapsed="0.000029"/>
</kw>
<kw name="Select Field With Label">
<arg>ShowGraphColours</arg>
<status status="NOT RUN" start="2024-03-10T10:30:21.188284" elapsed="0.000033"/>
</kw>
<kw name="Select Field With Label">
<arg>DataType</arg>
<status status="NOT RUN" start="2024-03-10T10:30:21.188539" elapsed="0.000028"/>
</kw>
<kw name="Select Option">
<arg>Result</arg>
<status status="NOT RUN" start="2024-03-10T10:30:21.188754" elapsed="0.000029"/>
</kw>
<kw name="Select Field With Label">
<arg>ResultType</arg>
<status status="NOT RUN" start="2024-03-10T10:30:21.188993" elapsed="0.000028"/>
</kw>
<kw name="Select Option">
<arg>ResponseTime</arg>
<status status="NOT RUN" start="2024-03-10T10:30:21.189187" elapsed="0.000027"/>
</kw>
<kw name="Run Keyword And Continue On Failure" owner="BuiltIn">
<arg>Wait For Status</arg>
<arg>PreviewLoaded</arg>
<doc>Runs the keyword and continues execution even if a failure occurs.</doc>
<status status="NOT RUN" start="2024-03-10T10:30:21.189350" elapsed="0.000026"/>
</kw>
<kw name="Click Button">
<arg>GenerateHTML</arg>
<status status="NOT RUN" start="2024-03-10T10:30:21.189631" elapsed="0.000029"/>
</kw>
<kw name="Wait For Status">
<arg>SavedXHTMLReport</arg>
<status status="NOT RUN" start="2024-03-10T10:30:21.189828" elapsed="0.000028"/>
</kw>
<kw name="Close GUI" type="TEARDOWN">
<kw name="Set Variable" owner="BuiltIn">
<msg time="2024-03-10T10:30:21.193164" level="INFO">${keyword} = Close GUI macos</msg>
<var>${keyword}</var>
<arg>Close GUI ${platform}</arg>
<doc>Returns the given values which can then be assigned to a variables.</doc>
<status status="PASS" start="2024-03-10T10:30:21.192743" elapsed="0.000459"/>
</kw>
<if>
<branch type="IF" condition="${process}">
<kw name="Is Process Running" owner="Process">
<msg time="2024-03-10T10:30:21.194028" level="INFO">${running} = True</msg>
<var>${running}</var>
<arg>${process}</arg>
<doc>Checks is the process running or not.</doc>
<status status="PASS" start="2024-03-10T10:30:21.193610" elapsed="0.000451"/>
</kw>
<if>
<branch type="IF" condition="${running}">
<kw name="Run Keyword" owner="BuiltIn">
<kw name="Close GUI macos">
<kw name="Click Image" owner="ImageHorizonLibrary">
<msg time="2024-03-10T10:30:21.577693" level="INFO">Image "/Users/runner/work/rfswarm/rfswarm/Tests/Regression/Reporter/Images/file_method/reporter_macos_button_closewindow.png" found at Box(left=9, top=31, width=19, height=25)</msg>
<msg time="2024-03-10T10:30:21.577939" level="INFO">Clicking image "reporter_macos_button_closewindow.png" in position (18, 43)</msg>
<arg>reporter_${platform}_button_closewindow.png</arg>
<doc>Finds the reference image on screen and clicks it once.</doc>
<status status="PASS" start="2024-03-10T10:30:21.196923" elapsed="0.555686"/>
</kw>
<kw name="Take A Screenshot" owner="ImageHorizonLibrary">
<msg time="2024-03-10T10:30:21.754331" level="INFO" html="true">Screenshot taken: /Users/runner/work/rfswarm/rfswarm/Tests/Regression/Reporter/Logs/macos-latest_3.10/Reporter.GUIBasic-screenshot-19.png&lt;br/&gt;&lt;img src="/Users/runner/work/rfswarm/rfswarm/Tests/Regression/Reporter/Logs/macos-latest_3.10/Reporter.GUIBasic-screenshot-19.png" width="100%" /&gt;</msg>
<doc>Takes a screenshot of the screen.</doc>
<status status="PASS" start="2024-03-10T10:30:21.753390" elapsed="0.286684"/>
</kw>
<kw name="Sleep" owner="BuiltIn">
<msg time="2024-03-10T10:30:22.547288" level="INFO">Slept 500 milliseconds.</msg>
<arg>0.5</arg>
<doc>Pauses the test executed for the given time.</doc>
<status status="PASS" start="2024-03-10T10:30:22.040762" elapsed="0.506770"/>
</kw>
<kw name="End Process If Still Running">
<kw name="Wait For Process" owner="Process">
<msg time="2024-03-10T10:30:22.552207" level="INFO">Waiting for process to complete.</msg>
<msg time="2024-03-10T10:30:22.552758" level="INFO">Process completed.</msg>
<msg time="2024-03-10T10:30:22.553149" level="INFO">${result} = &lt;result object with rc 0&gt;</msg>
<var>${result}</var>
<arg>${process}</arg>
<arg>timeout=60</arg>
<doc>Waits for the process to complete or to reach the given timeout.</doc>
<status status="PASS" start="2024-03-10T10:30:22.551256" elapsed="0.001949"/>
</kw>
<kw name="Is Process Running" owner="Process">
<msg time="2024-03-10T10:30:22.554181" level="INFO">${running} = False</msg>
<var>${running}</var>
<arg>${process}</arg>
<doc>Checks is the process running or not.</doc>
<status status="PASS" start="2024-03-10T10:30:22.553596" elapsed="0.000670"/>
</kw>
<if>
<branch type="IF" condition="not ${running}">
<kw name="Check Result">
<kw name="Log" owner="BuiltIn">
<msg time="2024-03-10T10:30:22.558855" level="INFO"/>
<arg>${result.stderr}</arg>
<doc>Logs the given message with the given level.</doc>
<status status="PASS" start="2024-03-10T10:30:22.556425" elapsed="0.002554"/>
</kw>
<kw name="Should Not Contain" owner="BuiltIn">
<arg>${result.stderr}</arg>
<arg>Traceback</arg>
<doc>Fails if ``container`` contains ``item`` one or more times.</doc>
<status status="PASS" start="2024-03-10T10:30:22.559481" elapsed="0.001372"/>
</kw>
<kw name="Should Be Equal As Integers" owner="BuiltIn">
<msg time="2024-03-10T10:30:22.564378" level="INFO">Argument types are:
&lt;class 'int'&gt;
&lt;class 'str'&gt;</msg>
<arg>${result.rc}</arg>
<arg>0</arg>
<doc>Fails if objects are unequal after converting them to integers.</doc>
<status status="PASS" start="2024-03-10T10:30:22.561136" elapsed="0.003389"/>
</kw>
<arg>${result}</arg>
<status status="PASS" start="2024-03-10T10:30:22.555448" elapsed="0.009320"/>
</kw>
<status status="PASS" start="2024-03-10T10:30:22.554701" elapsed="0.010147"/>
</branch>
<branch type="ELSE">
<kw name="Take A Screenshot" owner="ImageHorizonLibrary">
<doc>Takes a screenshot of the screen.</doc>
<status status="NOT RUN" start="2024-03-10T10:30:22.565467" elapsed="0.000038"/>
</kw>
<kw name="Terminate Process" owner="Process">
<var>${result}</var>
<arg>${process}</arg>
<doc>Stops the process gracefully or forcefully.</doc>
<status status="NOT RUN" start="2024-03-10T10:30:22.565877" elapsed="0.000116"/>
</kw>
<kw name="Check Result">
<arg>${result}</arg>
<status status="NOT RUN" start="2024-03-10T10:30:22.566199" elapsed="0.000113"/>
</kw>
<kw name="Fail" owner="BuiltIn">
<arg>Had to Terminate Process</arg>
<doc>Fails the test with the given message and optionally alters its tags.</doc>
<status status="NOT RUN" start="2024-03-10T10:30:22.566678" elapsed="0.000054"/>
</kw>
<status status="NOT RUN" start="2024-03-10T10:30:22.564944" elapsed="0.001859"/>
</branch>
<status status="PASS" start="2024-03-10T10:30:22.554544" elapsed="0.012503"/>
</if>
<status status="PASS" start="2024-03-10T10:30:22.549669" elapsed="0.017561"/>
</kw>
<status status="PASS" start="2024-03-10T10:30:21.196561" elapsed="1.370913"/>
</kw>
<arg>${keyword}</arg>
<doc>Executes the given keyword with the given arguments.</doc>
<status status="PASS" start="2024-03-10T10:30:21.194404" elapsed="1.373207"/>
</kw>
<status status="PASS" start="2024-03-10T10:30:21.194148" elapsed="1.373635"/>
</branch>
<branch type="ELSE">
<kw name="Wait For Process" owner="Process">
<var>${result}</var>
<arg>${process}</arg>
<arg>timeout=60</arg>
<doc>Waits for the process to complete or to reach the given timeout.</doc>
<status status="NOT RUN" start="2024-03-10T10:30:22.568048" elapsed="0.000055"/>
</kw>
<kw name="Check Result">
<arg>${result}</arg>
<status status="NOT RUN" start="2024-03-10T10:30:22.568452" elapsed="0.000038"/>
</kw>
<status status="NOT RUN" start="2024-03-10T10:30:22.567833" elapsed="0.000700"/>
</branch>
<status status="PASS" start="2024-03-10T10:30:21.194128" elapsed="1.374437"/>
</if>
<status status="PASS" start="2024-03-10T10:30:21.193361" elapsed="1.375280"/>
</branch>
<status status="PASS" start="2024-03-10T10:30:21.193314" elapsed="1.375398"/>
</if>
<kw name="Set Suite Variable" owner="BuiltIn">
<msg time="2024-03-10T10:30:22.569669" level="INFO">${process} = None</msg>
<arg>$process</arg>
<arg>None</arg>
<doc>Makes a variable available everywhere within the scope of the current suite.</doc>
<status status="PASS" start="2024-03-10T10:30:22.569176" elapsed="0.000588"/>
</kw>
<kw name="Sleep" owner="BuiltIn">
<msg time="2024-03-10T10:30:23.109513" level="INFO">Slept 500 milliseconds.</msg>
<arg>0.5</arg>
<doc>Pauses the test executed for the given time.</doc>
<status status="PASS" start="2024-03-10T10:30:22.570036" elapsed="0.539615"/>
</kw>
<status status="PASS" start="2024-03-10T10:30:21.192144" elapsed="1.917648"/>
</kw>
<tag>Issue #149</tag>
<tag>Issue #150</tag>
<tag>macos-latest</tag>
<tag>ubuntu-latest</tag>
<tag>windows-latest</tag>
<status status="FAIL" start="2024-03-10T10:25:07.678675" elapsed="315.431228">ImageNotFoundException: Reference image "/Users/runner/work/rfswarm/rfswarm/Tests/Regression/Reporter/Images/file_method/reporter_macos_section_issue#149.png" was not found on screen</status>
</test>
<status status="FAIL" start="2024-03-10T10:24:37.575383" elapsed="345.540139"/>
</suite>
<status status="FAIL" start="2024-03-10T10:24:06.539910" elapsed="376.576565"/>
</suite>
<statistics>
<total>
<stat pass="8" fail="1" skip="0">All Tests</stat>
</total>
<tag>
<stat pass="1" fail="0" skip="0">DOCX</stat>
<stat pass="1" fail="0" skip="0">HTML</stat>
<stat pass="3" fail="0" skip="0">Issue #144</stat>
<stat pass="1" fail="0" skip="0">Issue #147</stat>
<stat pass="0" fail="1" skip="0">Issue #149</stat>
<stat pass="0" fail="1" skip="0">Issue #150</stat>
<stat pass="8" fail="1" skip="0">macos-latest</stat>
<stat pass="8" fail="1" skip="0">ubuntu-latest</stat>
<stat pass="8" fail="1" skip="0">windows-latest</stat>
<stat pass="1" fail="0" skip="0">XLSX</stat>
</tag>
<suite>
<stat pass="8" fail="1" skip="0" id="s1" name="Reporter">Reporter</stat>
<stat pass="5" fail="0" skip="0" id="s1-s1" name="CommandLine">Reporter.CommandLine</stat>
<stat pass="3" fail="1" skip="0" id="s1-s2" name="GUI Basic">Reporter.GUI Basic</stat>
</suite>
</statistics>
<errors>
</errors>
</robot>
