<?xml version="1.0" encoding="UTF-8"?>
<robot generator="Robot 7.0 (Python 3.10.13 on darwin)" generated="2024-02-14T06:27:29.959204" rpa="false" schemaversion="5">
<suite id="s1" name="Reporter" source="/Users/runner/work/rfswarm/rfswarm/Tests/Regression/Reporter">
<suite id="s1-s1" name="CommandLine" source="/Users/runner/work/rfswarm/rfswarm/Tests/Regression/Reporter/CommandLine.robot">
<kw name="Clean Up Old Files" type="SETUP">
<kw name="Log To Console" owner="BuiltIn">
<arg>${OUTPUT DIR}</arg>
<doc>Logs the given message to the console.</doc>
<status status="PASS" start="2024-02-14T06:27:30.018756" elapsed="0.000334"/>
</kw>
<kw name="Remove File" owner="OperatingSystem">
<msg time="2024-02-14T06:27:30.020185" level="INFO" html="true">Removed file '&lt;a href="file:///Users/runner/work/rfswarm/rfswarm/Tests/Regression/Reporter/Logs/macos-latest_3.10/stdout.txt"&gt;/Users/runner/work/rfswarm/rfswarm/Tests/Regression/Reporter/Logs/macos-latest_3.10/stdout.txt&lt;/a&gt;'.</msg>
<msg time="2024-02-14T06:27:30.020383" level="INFO" html="true">Removed file '&lt;a href="file:///Users/runner/work/rfswarm/rfswarm/Tests/Regression/Reporter/Logs/macos-latest_3.10/stderr.txt"&gt;/Users/runner/work/rfswarm/rfswarm/Tests/Regression/Reporter/Logs/macos-latest_3.10/stderr.txt&lt;/a&gt;'.</msg>
<arg>${OUTPUT DIR}${/}*.txt</arg>
<doc>Removes a file with the given path.</doc>
<status status="PASS" start="2024-02-14T06:27:30.019294" elapsed="0.001171"/>
</kw>
<kw name="Remove File" owner="OperatingSystem">
<msg time="2024-02-14T06:27:30.021752" level="INFO" html="true">Removed file '&lt;a href="file:///Users/runner/work/rfswarm/rfswarm/Tests/Regression/Reporter/Logs/macos-latest_3.10/Reporter.GUIBasic-screenshot-8.png"&gt;/Users/runner/work/rfswarm/rfswarm/Tests/Regression/Reporter/Logs/macos-latest_3.10/Reporter.GUIBasic-screenshot-8.png&lt;/a&gt;'.</msg>
<msg time="2024-02-14T06:27:30.022070" level="INFO" html="true">Removed file '&lt;a href="file:///Users/runner/work/rfswarm/rfswarm/Tests/Regression/Reporter/Logs/macos-latest_3.10/Reporter.GUIBasic-screenshot-9.png"&gt;/Users/runner/work/rfswarm/rfswarm/Tests/Regression/Reporter/Logs/macos-latest_3.10/Reporter.GUIBasic-screenshot-9.png&lt;/a&gt;'.</msg>
<msg time="2024-02-14T06:27:30.022323" level="INFO" html="true">Removed file '&lt;a href="file:///Users/runner/work/rfswarm/rfswarm/Tests/Regression/Reporter/Logs/macos-latest_3.10/Reporter.GUIBasic-screenshot-18.png"&gt;/Users/runner/work/rfswarm/rfswarm/Tests/Regression/Reporter/Logs/macos-latest_3.10/Reporter.GUIBasic-screenshot-18.png&lt;/a&gt;'.</msg>
<msg time="2024-02-14T06:27:30.022563" level="INFO" html="true">Removed file '&lt;a href="file:///Users/runner/work/rfswarm/rfswarm/Tests/Regression/Reporter/Logs/macos-latest_3.10/Reporter.GUIBasic-screenshot-19.png"&gt;/Users/runner/work/rfswarm/rfswarm/Tests/Regression/Reporter/Logs/macos-latest_3.10/Reporter.GUIBasic-screenshot-19.png&lt;/a&gt;'.</msg>
<msg time="2024-02-14T06:27:30.022822" level="INFO" html="true">Removed file '&lt;a href="file:///Users/runner/work/rfswarm/rfswarm/Tests/Regression/Reporter/Logs/macos-latest_3.10/Reporter.GUIBasic-screenshot-20.png"&gt;/Users/runner/work/rfswarm/rfswarm/Tests/Regression/Reporter/Logs/macos-latest_3.10/Reporter.GUIBasic-screenshot-20.png&lt;/a&gt;'.</msg>
<msg time="2024-02-14T06:27:30.023173" level="INFO" html="true">Removed file '&lt;a href="file:///Users/runner/work/rfswarm/rfswarm/Tests/Regression/Reporter/Logs/macos-latest_3.10/Reporter.GUIBasic-screenshot-12.png"&gt;/Users/runner/work/rfswarm/rfswarm/Tests/Regression/Reporter/Logs/macos-latest_3.10/Reporter.GUIBasic-screenshot-12.png&lt;/a&gt;'.</msg>
<msg time="2024-02-14T06:27:30.023436" level="INFO" html="true">Removed file '&lt;a href="file:///Users/runner/work/rfswarm/rfswarm/Tests/Regression/Reporter/Logs/macos-latest_3.10/Reporter.GUIBasic-screenshot-1.png"&gt;/Users/runner/work/rfswarm/rfswarm/Tests/Regression/Reporter/Logs/macos-latest_3.10/Reporter.GUIBasic-screenshot-1.png&lt;/a&gt;'.</msg>
<msg time="2024-02-14T06:27:30.023672" level="INFO" html="true">Removed file '&lt;a href="file:///Users/runner/work/rfswarm/rfswarm/Tests/Regression/Reporter/Logs/macos-latest_3.10/Reporter.GUIBasic-screenshot-13.png"&gt;/Users/runner/work/rfswarm/rfswarm/Tests/Regression/Reporter/Logs/macos-latest_3.10/Reporter.GUIBasic-screenshot-13.png&lt;/a&gt;'.</msg>
<msg time="2024-02-14T06:27:30.023906" level="INFO" html="true">Removed file '&lt;a href="file:///Users/runner/work/rfswarm/rfswarm/Tests/Regression/Reporter/Logs/macos-latest_3.10/Reporter.GUIBasic-screenshot-11.png"&gt;/Users/runner/work/rfswarm/rfswarm/Tests/Regression/Reporter/Logs/macos-latest_3.10/Reporter.GUIBasic-screenshot-11.png&lt;/a&gt;'.</msg>
<msg time="2024-02-14T06:27:30.024140" level="INFO" html="true">Removed file '&lt;a href="file:///Users/runner/work/rfswarm/rfswarm/Tests/Regression/Reporter/Logs/macos-latest_3.10/Reporter.GUIBasic-screenshot-2.png"&gt;/Users/runner/work/rfswarm/rfswarm/Tests/Regression/Reporter/Logs/macos-latest_3.10/Reporter.GUIBasic-screenshot-2.png&lt;/a&gt;'.</msg>
<msg time="2024-02-14T06:27:30.024379" level="INFO" html="true">Removed file '&lt;a href="file:///Users/runner/work/rfswarm/rfswarm/Tests/Regression/Reporter/Logs/macos-latest_3.10/Reporter.GUIBasic-screenshot-3.png"&gt;/Users/runner/work/rfswarm/rfswarm/Tests/Regression/Reporter/Logs/macos-latest_3.10/Reporter.GUIBasic-screenshot-3.png&lt;/a&gt;'.</msg>
<msg time="2024-02-14T06:27:30.024664" level="INFO" html="true">Removed file '&lt;a href="file:///Users/runner/work/rfswarm/rfswarm/Tests/Regression/Reporter/Logs/macos-latest_3.10/Reporter.GUIBasic-screenshot-10.png"&gt;/Users/runner/work/rfswarm/rfswarm/Tests/Regression/Reporter/Logs/macos-latest_3.10/Reporter.GUIBasic-screenshot-10.png&lt;/a&gt;'.</msg>
<msg time="2024-02-14T06:27:30.024902" level="INFO" html="true">Removed file '&lt;a href="file:///Users/runner/work/rfswarm/rfswarm/Tests/Regression/Reporter/Logs/macos-latest_3.10/Reporter.GUIBasic-screenshot-14.png"&gt;/Users/runner/work/rfswarm/rfswarm/Tests/Regression/Reporter/Logs/macos-latest_3.10/Reporter.GUIBasic-screenshot-14.png&lt;/a&gt;'.</msg>
<msg time="2024-02-14T06:27:30.025142" level="INFO" html="true">Removed file '&lt;a href="file:///Users/runner/work/rfswarm/rfswarm/Tests/Regression/Reporter/Logs/macos-latest_3.10/Reporter.GUIBasic-screenshot-7.png"&gt;/Users/runner/work/rfswarm/rfswarm/Tests/Regression/Reporter/Logs/macos-latest_3.10/Reporter.GUIBasic-screenshot-7.png&lt;/a&gt;'.</msg>
<msg time="2024-02-14T06:27:30.025443" level="INFO" html="true">Removed file '&lt;a href="file:///Users/runner/work/rfswarm/rfswarm/Tests/Regression/Reporter/Logs/macos-latest_3.10/Reporter.GUIBasic-screenshot-6.png"&gt;/Users/runner/work/rfswarm/rfswarm/Tests/Regression/Reporter/Logs/macos-latest_3.10/Reporter.GUIBasic-screenshot-6.png&lt;/a&gt;'.</msg>
<msg time="2024-02-14T06:27:30.025735" level="INFO" html="true">Removed file '&lt;a href="file:///Users/runner/work/rfswarm/rfswarm/Tests/Regression/Reporter/Logs/macos-latest_3.10/Reporter.GUIBasic-screenshot-15.png"&gt;/Users/runner/work/rfswarm/rfswarm/Tests/Regression/Reporter/Logs/macos-latest_3.10/Reporter.GUIBasic-screenshot-15.png&lt;/a&gt;'.</msg>
<msg time="2024-02-14T06:27:30.026012" level="INFO" html="true">Removed file '&lt;a href="file:///Users/runner/work/rfswarm/rfswarm/Tests/Regression/Reporter/Logs/macos-latest_3.10/Reporter.GUIBasic-screenshot-17.png"&gt;/Users/runner/work/rfswarm/rfswarm/Tests/Regression/Reporter/Logs/macos-latest_3.10/Reporter.GUIBasic-screenshot-17.png&lt;/a&gt;'.</msg>
<msg time="2024-02-14T06:27:30.026270" level="INFO" html="true">Removed file '&lt;a href="file:///Users/runner/work/rfswarm/rfswarm/Tests/Regression/Reporter/Logs/macos-latest_3.10/Reporter.GUIBasic-screenshot-4.png"&gt;/Users/runner/work/rfswarm/rfswarm/Tests/Regression/Reporter/Logs/macos-latest_3.10/Reporter.GUIBasic-screenshot-4.png&lt;/a&gt;'.</msg>
<msg time="2024-02-14T06:27:30.026513" level="INFO" html="true">Removed file '&lt;a href="file:///Users/runner/work/rfswarm/rfswarm/Tests/Regression/Reporter/Logs/macos-latest_3.10/Reporter.GUIBasic-screenshot-5.png"&gt;/Users/runner/work/rfswarm/rfswarm/Tests/Regression/Reporter/Logs/macos-latest_3.10/Reporter.GUIBasic-screenshot-5.png&lt;/a&gt;'.</msg>
<msg time="2024-02-14T06:27:30.026829" level="INFO" html="true">Removed file '&lt;a href="file:///Users/runner/work/rfswarm/rfswarm/Tests/Regression/Reporter/Logs/macos-latest_3.10/Reporter.GUIBasic-screenshot-16.png"&gt;/Users/runner/work/rfswarm/rfswarm/Tests/Regression/Reporter/Logs/macos-latest_3.10/Reporter.GUIBasic-screenshot-16.png&lt;/a&gt;'.</msg>
<arg>${OUTPUT DIR}${/}*.png</arg>
<doc>Removes a file with the given path.</doc>
<status status="PASS" start="2024-02-14T06:27:30.020628" elapsed="0.006304"/>
</kw>
<tag>macos-latest</tag>
<tag>ubuntu-latest</tag>
<tag>windows-latest</tag>
<status status="PASS" start="2024-02-14T06:27:30.017886" elapsed="0.009179"/>
</kw>
<test id="s1-s1-t1" name="Reporter Version" line="16">
<kw name="Run" owner="OperatingSystem">
<msg time="2024-02-14T06:27:30.031144" level="INFO">Running command 'python3 /Users/runner/work/rfswarm/rfswarm/rfswarm_reporter/rfswarm_reporter.py -v 2&gt;&amp;1'.</msg>
<msg time="2024-02-14T06:27:42.477068" level="INFO">${result} = Robot Framework Swarm: Reporter 
	Version 1.2.1 </msg>
<var>${result}</var>
<arg>python3 ${EXECDIR}${/}rfswarm_reporter${/}rfswarm_reporter.py -v</arg>
<doc>Runs the given command in the system and returns the output.</doc>
<status status="PASS" start="2024-02-14T06:27:30.027827" elapsed="12.449328"/>
</kw>
<kw name="Log To Console" owner="BuiltIn">
<arg>${\n}${result}</arg>
<doc>Logs the given message to the console.</doc>
<status status="PASS" start="2024-02-14T06:27:42.477765" elapsed="0.000579"/>
</kw>
<kw name="Should Contain" owner="BuiltIn">
<arg>${result}</arg>
<arg>Version</arg>
<doc>Fails if ``container`` does not contain ``item`` one or more times.</doc>
<status status="PASS" start="2024-02-14T06:27:42.478518" elapsed="0.000236"/>
</kw>
<kw name="Should Contain" owner="BuiltIn">
<arg>${result}</arg>
<arg>Reporter</arg>
<doc>Fails if ``container`` does not contain ``item`` one or more times.</doc>
<status status="PASS" start="2024-02-14T06:27:42.478910" elapsed="0.000228"/>
</kw>
<tag>macos-latest</tag>
<tag>ubuntu-latest</tag>
<tag>windows-latest</tag>
<status status="PASS" start="2024-02-14T06:27:30.027214" elapsed="12.452180"/>
</test>
<test id="s1-s1-t2" name="Reporter Help" line="23">
<kw name="Run" owner="OperatingSystem">
<msg time="2024-02-14T06:27:42.484686" level="INFO">Running command 'python3 /Users/runner/work/rfswarm/rfswarm/rfswarm_reporter/rfswarm_reporter.py -h 2&gt;&amp;1'.</msg>
<msg time="2024-02-14T06:27:44.379362" level="INFO">${result} = Robot Framework Swarm: Reporter 
	Version 1.2.1 
usage: rfswarm_reporter.py [-h] [-g DEBUG] [-v] [-i INI] [-n] [-d DIR]
                           [-t TEMPLATE] [--html] [--docx] [--xlsx]

options:
  ...</msg>
<var>${result}</var>
<arg>python3 ${EXECDIR}${/}rfswarm_reporter${/}rfswarm_reporter.py -h</arg>
<doc>Runs the given command in the system and returns the output.</doc>
<status status="PASS" start="2024-02-14T06:27:42.480367" elapsed="1.899077"/>
</kw>
<kw name="Log To Console" owner="BuiltIn">
<arg>${\n}${result}</arg>
<doc>Logs the given message to the console.</doc>
<status status="PASS" start="2024-02-14T06:27:44.380007" elapsed="0.000557"/>
</kw>
<kw name="Should Contain" owner="BuiltIn">
<arg>${result}</arg>
<arg>Excel</arg>
<doc>Fails if ``container`` does not contain ``item`` one or more times.</doc>
<status status="PASS" start="2024-02-14T06:27:44.380738" elapsed="0.000263"/>
</kw>
<tag>macos-latest</tag>
<tag>ubuntu-latest</tag>
<tag>windows-latest</tag>
<status status="PASS" start="2024-02-14T06:27:42.479814" elapsed="1.901422"/>
</test>
<test id="s1-s1-t3" name="Command Line Generate HTML" line="29">
<kw name="Set Variable" owner="BuiltIn">
<msg time="2024-02-14T06:27:44.382458" level="INFO">${testdata} = Issue-#144</msg>
<var>${testdata}</var>
<arg>Issue-#144</arg>
<doc>Returns the given values which can then be assigned to a variables.</doc>
<status status="PASS" start="2024-02-14T06:27:44.382261" elapsed="0.000235"/>
</kw>
<kw name="Set Variable" owner="BuiltIn">
<msg time="2024-02-14T06:27:44.382856" level="INFO">${resultdata} = 20230320_185055_demo</msg>
<var>${resultdata}</var>
<arg>20230320_185055_demo</arg>
<doc>Returns the given values which can then be assigned to a variables.</doc>
<status status="PASS" start="2024-02-14T06:27:44.382664" elapsed="0.000229"/>
</kw>
<kw name="Set Variable" owner="BuiltIn">
<msg time="2024-02-14T06:27:44.383360" level="INFO">${basefolder} = /Users/runner/work/rfswarm/rfswarm/Tests/Regression/Reporter/testdata/Issue-#144</msg>
<var>${basefolder}</var>
<arg>/Users/runner/work/rfswarm/rfswarm/Tests/Regression/Reporter${/}testdata${/}${testdata}</arg>
<doc>Returns the given values which can then be assigned to a variables.</doc>
<status status="PASS" start="2024-02-14T06:27:44.383055" elapsed="0.000341"/>
</kw>
<kw name="Should Exist" owner="OperatingSystem">
<msg time="2024-02-14T06:27:44.383858" level="INFO" html="true">Path '&lt;a href="file:///Users/runner/work/rfswarm/rfswarm/Tests/Regression/Reporter/testdata/Issue-#144"&gt;/Users/runner/work/rfswarm/rfswarm/Tests/Regression/Reporter/testdata/Issue-#144&lt;/a&gt;' exists.</msg>
<arg>${basefolder}</arg>
<doc>Fails unless the given path (file or directory) exists.</doc>
<status status="PASS" start="2024-02-14T06:27:44.383557" elapsed="0.000398"/>
</kw>
<kw name="Log" owner="BuiltIn">
<msg time="2024-02-14T06:27:44.384547" level="INFO">basefolder: /Users/runner/work/rfswarm/rfswarm/Tests/Regression/Reporter/testdata/Issue-#144</msg>
<arg>basefolder: ${basefolder}</arg>
<arg>console=True</arg>
<doc>Logs the given message with the given level.</doc>
<status status="PASS" start="2024-02-14T06:27:44.384124" elapsed="0.000513"/>
</kw>
<kw name="Set Variable" owner="BuiltIn">
<msg time="2024-02-14T06:27:44.385138" level="INFO">${resultfolder} = /Users/runner/work/rfswarm/rfswarm/Tests/Regression/Reporter/testdata/Issue-#144/20230320_185055_demo</msg>
<var>${resultfolder}</var>
<arg>${basefolder}${/}${resultdata}</arg>
<doc>Returns the given values which can then be assigned to a variables.</doc>
<status status="PASS" start="2024-02-14T06:27:44.384813" elapsed="0.000362"/>
</kw>
<kw name="Should Exist" owner="OperatingSystem">
<msg time="2024-02-14T06:27:44.385579" level="INFO" html="true">Path '&lt;a href="file:///Users/runner/work/rfswarm/rfswarm/Tests/Regression/Reporter/testdata/Issue-#144/20230320_185055_demo"&gt;/Users/runner/work/rfswarm/rfswarm/Tests/Regression/Reporter/testdata/Issue-#144/20230320_185055_demo&lt;/a&gt;' exists.</msg>
<arg>${resultfolder}</arg>
<doc>Fails unless the given path (file or directory) exists.</doc>
<status status="PASS" start="2024-02-14T06:27:44.385330" elapsed="0.000328"/>
</kw>
<kw name="Log" owner="BuiltIn">
<msg time="2024-02-14T06:27:44.386027" level="INFO">resultfolder: /Users/runner/work/rfswarm/rfswarm/Tests/Regression/Reporter/testdata/Issue-#144/20230320_185055_demo</msg>
<arg>resultfolder: ${resultfolder}</arg>
<arg>console=True</arg>
<doc>Logs the given message with the given level.</doc>
<status status="PASS" start="2024-02-14T06:27:44.385806" elapsed="0.000315"/>
</kw>
<kw name="Set Variable" owner="BuiltIn">
<msg time="2024-02-14T06:27:44.386562" level="INFO">${template} = /Users/runner/work/rfswarm/rfswarm/Tests/Regression/Reporter/testdata/Issue-#144/90%ileTemplate.template</msg>
<var>${template}</var>
<arg>${basefolder}${/}90%ileTemplate.template</arg>
<doc>Returns the given values which can then be assigned to a variables.</doc>
<status status="PASS" start="2024-02-14T06:27:44.386282" elapsed="0.000329"/>
</kw>
<kw name="Should Exist" owner="OperatingSystem">
<msg time="2024-02-14T06:27:44.386984" level="INFO" html="true">Path '&lt;a href="file:///Users/runner/work/rfswarm/rfswarm/Tests/Regression/Reporter/testdata/Issue-#144/90%ileTemplate.template"&gt;/Users/runner/work/rfswarm/rfswarm/Tests/Regression/Reporter/testdata/Issue-#144/90%ileTemplate.template&lt;/a&gt;' exists.</msg>
<arg>${template}</arg>
<doc>Fails unless the given path (file or directory) exists.</doc>
<status status="PASS" start="2024-02-14T06:27:44.386757" elapsed="0.000477"/>
</kw>
<kw name="Log" owner="BuiltIn">
<msg time="2024-02-14T06:27:44.387610" level="INFO">template: /Users/runner/work/rfswarm/rfswarm/Tests/Regression/Reporter/testdata/Issue-#144/90%ileTemplate.template</msg>
<arg>template: ${template}</arg>
<arg>console=True</arg>
<doc>Logs the given message with the given level.</doc>
<status status="PASS" start="2024-02-14T06:27:44.387384" elapsed="0.000320"/>
</kw>
<kw name="Run" owner="OperatingSystem">
<msg time="2024-02-14T06:27:44.391479" level="INFO">Running command 'python3 /Users/runner/work/rfswarm/rfswarm/rfswarm_reporter/rfswarm_reporter.py -n -g 1 -d /Users/runner/work/rfswarm/rfswarm/Tests/Regression/Reporter/testdata/Issue-#144/20230320_185055_demo -t /Users/runner/work/rfswarm/rfswarm/Tests/Regression/Reporter/testdata/Issue-#144/90%ileTemplate.template --html 2&gt;&amp;1'.</msg>
<msg time="2024-02-14T06:27:49.942671" level="INFO">${result} = </msg>
<var>${result}</var>
<arg>python3 ${pyfile} -n -g 1 -d ${resultfolder} -t ${template} --html</arg>
<doc>Runs the given command in the system and returns the output.</doc>
<status status="PASS" start="2024-02-14T06:27:44.387867" elapsed="5.554879"/>
</kw>
<kw name="Log" owner="BuiltIn">
<msg time="2024-02-14T06:27:49.943989" level="INFO">result: 
</msg>
<arg>result: ${\n}${result}</arg>
<arg>console=True</arg>
<doc>Logs the given message with the given level.</doc>
<status status="PASS" start="2024-02-14T06:27:49.943393" elapsed="0.000716"/>
</kw>
<kw name="Should Not Contain" owner="BuiltIn">
<arg>${result}</arg>
<arg>Traceback</arg>
<doc>Fails if ``container`` contains ``item`` one or more times.</doc>
<status status="PASS" start="2024-02-14T06:27:49.944290" elapsed="0.000282"/>
</kw>
<kw name="Should Exist" owner="OperatingSystem">
<msg time="2024-02-14T06:27:49.945144" level="INFO" html="true">Path '&lt;a href="file:///Users/runner/work/rfswarm/rfswarm/Tests/Regression/Reporter/testdata/Issue-#144/20230320_185055_demo/20230320_185055_demo.html"&gt;/Users/runner/work/rfswarm/rfswarm/Tests/Regression/Reporter/testdata/Issue-#144/20230320_185055_demo/20230320_185055_demo.html&lt;/a&gt;' exists.</msg>
<arg>${resultfolder}${/}${resultdata}.html</arg>
<doc>Fails unless the given path (file or directory) exists.</doc>
<status status="PASS" start="2024-02-14T06:27:49.944750" elapsed="0.000479"/>
</kw>
<tag>HTML</tag>
<tag>Issue #144</tag>
<tag>macos-latest</tag>
<tag>ubuntu-latest</tag>
<tag>windows-latest</tag>
<status status="PASS" start="2024-02-14T06:27:44.381640" elapsed="5.563818"/>
</test>
<test id="s1-s1-t4" name="Command Line Generate Docx" line="47">
<kw name="Set Variable" owner="BuiltIn">
<msg time="2024-02-14T06:27:49.946615" level="INFO">${testdata} = Issue-#144</msg>
<var>${testdata}</var>
<arg>Issue-#144</arg>
<doc>Returns the given values which can then be assigned to a variables.</doc>
<status status="PASS" start="2024-02-14T06:27:49.946413" elapsed="0.000239"/>
</kw>
<kw name="Set Variable" owner="BuiltIn">
<msg time="2024-02-14T06:27:49.946981" level="INFO">${resultdata} = 20230320_185055_demo</msg>
<var>${resultdata}</var>
<arg>20230320_185055_demo</arg>
<doc>Returns the given values which can then be assigned to a variables.</doc>
<status status="PASS" start="2024-02-14T06:27:49.946803" elapsed="0.000214"/>
</kw>
<kw name="Set Variable" owner="BuiltIn">
<msg time="2024-02-14T06:27:49.947530" level="INFO">${basefolder} = /Users/runner/work/rfswarm/rfswarm/Tests/Regression/Reporter/testdata/Issue-#144</msg>
<var>${basefolder}</var>
<arg>/Users/runner/work/rfswarm/rfswarm/Tests/Regression/Reporter${/}testdata${/}${testdata}</arg>
<doc>Returns the given values which can then be assigned to a variables.</doc>
<status status="PASS" start="2024-02-14T06:27:49.947172" elapsed="0.000398"/>
</kw>
<kw name="Should Exist" owner="OperatingSystem">
<msg time="2024-02-14T06:27:49.947956" level="INFO" html="true">Path '&lt;a href="file:///Users/runner/work/rfswarm/rfswarm/Tests/Regression/Reporter/testdata/Issue-#144"&gt;/Users/runner/work/rfswarm/rfswarm/Tests/Regression/Reporter/testdata/Issue-#144&lt;/a&gt;' exists.</msg>
<arg>${basefolder}</arg>
<doc>Fails unless the given path (file or directory) exists.</doc>
<status status="PASS" start="2024-02-14T06:27:49.947720" elapsed="0.000311"/>
</kw>
<kw name="Log To Console" owner="BuiltIn">
<arg>basefolder: ${basefolder}</arg>
<arg>console=True</arg>
<doc>Logs the given message to the console.</doc>
<status status="PASS" start="2024-02-14T06:27:49.948189" elapsed="0.001466"/>
</kw>
<kw name="Set Variable" owner="BuiltIn">
<msg time="2024-02-14T06:27:49.950141" level="INFO">${resultfolder} = /Users/runner/work/rfswarm/rfswarm/Tests/Regression/Reporter/testdata/Issue-#144/20230320_185055_demo</msg>
<var>${resultfolder}</var>
<arg>${basefolder}${/}${resultdata}</arg>
<doc>Returns the given values which can then be assigned to a variables.</doc>
<status status="PASS" start="2024-02-14T06:27:49.949821" elapsed="0.000359"/>
</kw>
<kw name="Should Exist" owner="OperatingSystem">
<msg time="2024-02-14T06:27:49.950606" level="INFO" html="true">Path '&lt;a href="file:///Users/runner/work/rfswarm/rfswarm/Tests/Regression/Reporter/testdata/Issue-#144/20230320_185055_demo"&gt;/Users/runner/work/rfswarm/rfswarm/Tests/Regression/Reporter/testdata/Issue-#144/20230320_185055_demo&lt;/a&gt;' exists.</msg>
<arg>${resultfolder}</arg>
<doc>Fails unless the given path (file or directory) exists.</doc>
<status status="PASS" start="2024-02-14T06:27:49.950333" elapsed="0.000354"/>
</kw>
<kw name="Log" owner="BuiltIn">
<msg time="2024-02-14T06:27:49.951067" level="INFO">resultfolder: /Users/runner/work/rfswarm/rfswarm/Tests/Regression/Reporter/testdata/Issue-#144/20230320_185055_demo</msg>
<arg>resultfolder: ${resultfolder}</arg>
<arg>console=True</arg>
<doc>Logs the given message with the given level.</doc>
<status status="PASS" start="2024-02-14T06:27:49.950839" elapsed="0.000316"/>
</kw>
<kw name="Set Variable" owner="BuiltIn">
<msg time="2024-02-14T06:27:49.951624" level="INFO">${template} = /Users/runner/work/rfswarm/rfswarm/Tests/Regression/Reporter/testdata/Issue-#144/90%ileTemplate.template</msg>
<var>${template}</var>
<arg>${basefolder}${/}90%ileTemplate.template</arg>
<doc>Returns the given values which can then be assigned to a variables.</doc>
<status status="PASS" start="2024-02-14T06:27:49.951328" elapsed="0.000333"/>
</kw>
<kw name="Should Exist" owner="OperatingSystem">
<msg time="2024-02-14T06:27:49.952036" level="INFO" html="true">Path '&lt;a href="file:///Users/runner/work/rfswarm/rfswarm/Tests/Regression/Reporter/testdata/Issue-#144/90%ileTemplate.template"&gt;/Users/runner/work/rfswarm/rfswarm/Tests/Regression/Reporter/testdata/Issue-#144/90%ileTemplate.template&lt;/a&gt;' exists.</msg>
<arg>${template}</arg>
<doc>Fails unless the given path (file or directory) exists.</doc>
<status status="PASS" start="2024-02-14T06:27:49.951810" elapsed="0.000312"/>
</kw>
<kw name="Log" owner="BuiltIn">
<msg time="2024-02-14T06:27:49.952503" level="INFO">template: /Users/runner/work/rfswarm/rfswarm/Tests/Regression/Reporter/testdata/Issue-#144/90%ileTemplate.template</msg>
<arg>template: ${template}</arg>
<arg>console=True</arg>
<doc>Logs the given message with the given level.</doc>
<status status="PASS" start="2024-02-14T06:27:49.952272" elapsed="0.000318"/>
</kw>
<kw name="Run" owner="OperatingSystem">
<msg time="2024-02-14T06:27:49.957595" level="INFO">Running command 'python3 /Users/runner/work/rfswarm/rfswarm/rfswarm_reporter/rfswarm_reporter.py -n -g 1 -d /Users/runner/work/rfswarm/rfswarm/Tests/Regression/Reporter/testdata/Issue-#144/20230320_185055_demo -t /Users/runner/work/rfswarm/rfswarm/Tests/Regression/Reporter/testdata/Issue-#144/90%ileTemplate.template --docx 2&gt;&amp;1'.</msg>
<msg time="2024-02-14T06:27:56.165835" level="INFO">${result} = </msg>
<var>${result}</var>
<arg>python3 ${pyfile} -n -g 1 -d ${resultfolder} -t ${template} --docx</arg>
<doc>Runs the given command in the system and returns the output.</doc>
<status status="PASS" start="2024-02-14T06:27:49.952753" elapsed="6.213161"/>
</kw>
<kw name="Log" owner="BuiltIn">
<msg time="2024-02-14T06:27:56.167052" level="INFO">
</msg>
<arg>${\n}${result}</arg>
<arg>console=True</arg>
<doc>Logs the given message with the given level.</doc>
<status status="PASS" start="2024-02-14T06:27:56.166476" elapsed="0.000700"/>
</kw>
<kw name="Should Not Contain" owner="BuiltIn">
<arg>${result}</arg>
<arg>Traceback</arg>
<doc>Fails if ``container`` contains ``item`` one or more times.</doc>
<status status="PASS" start="2024-02-14T06:27:56.167346" elapsed="0.000230"/>
</kw>
<kw name="Should Exist" owner="OperatingSystem">
<msg time="2024-02-14T06:27:56.168126" level="INFO" html="true">Path '&lt;a href="file:///Users/runner/work/rfswarm/rfswarm/Tests/Regression/Reporter/testdata/Issue-#144/20230320_185055_demo/20230320_185055_demo.docx"&gt;/Users/runner/work/rfswarm/rfswarm/Tests/Regression/Reporter/testdata/Issue-#144/20230320_185055_demo/20230320_185055_demo.docx&lt;/a&gt;' exists.</msg>
<arg>${resultfolder}${/}${resultdata}.docx</arg>
<doc>Fails unless the given path (file or directory) exists.</doc>
<status status="PASS" start="2024-02-14T06:27:56.167734" elapsed="0.000468"/>
</kw>
<tag>DOCX</tag>
<tag>Issue #144</tag>
<tag>macos-latest</tag>
<tag>ubuntu-latest</tag>
<tag>windows-latest</tag>
<status status="PASS" start="2024-02-14T06:27:49.945849" elapsed="6.222590"/>
</test>
<test id="s1-s1-t5" name="Command Line Generate Xlsx" line="65">
<kw name="Set Variable" owner="BuiltIn">
<msg time="2024-02-14T06:27:56.169644" level="INFO">${testdata} = Issue-#144</msg>
<var>${testdata}</var>
<arg>Issue-#144</arg>
<doc>Returns the given values which can then be assigned to a variables.</doc>
<status status="PASS" start="2024-02-14T06:27:56.169440" elapsed="0.000242"/>
</kw>
<kw name="Set Variable" owner="BuiltIn">
<msg time="2024-02-14T06:27:56.170028" level="INFO">${resultdata} = 20230320_185055_demo</msg>
<var>${resultdata}</var>
<arg>20230320_185055_demo</arg>
<doc>Returns the given values which can then be assigned to a variables.</doc>
<status status="PASS" start="2024-02-14T06:27:56.169842" elapsed="0.000223"/>
</kw>
<kw name="Set Variable" owner="BuiltIn">
<msg time="2024-02-14T06:27:56.170519" level="INFO">${basefolder} = /Users/runner/work/rfswarm/rfswarm/Tests/Regression/Reporter/testdata/Issue-#144</msg>
<var>${basefolder}</var>
<arg>/Users/runner/work/rfswarm/rfswarm/Tests/Regression/Reporter${/}testdata${/}${testdata}</arg>
<doc>Returns the given values which can then be assigned to a variables.</doc>
<status status="PASS" start="2024-02-14T06:27:56.170222" elapsed="0.000333"/>
</kw>
<kw name="Should Exist" owner="OperatingSystem">
<msg time="2024-02-14T06:27:56.170934" level="INFO" html="true">Path '&lt;a href="file:///Users/runner/work/rfswarm/rfswarm/Tests/Regression/Reporter/testdata/Issue-#144"&gt;/Users/runner/work/rfswarm/rfswarm/Tests/Regression/Reporter/testdata/Issue-#144&lt;/a&gt;' exists.</msg>
<arg>${basefolder}</arg>
<doc>Fails unless the given path (file or directory) exists.</doc>
<status status="PASS" start="2024-02-14T06:27:56.170707" elapsed="0.000299"/>
</kw>
<kw name="Log" owner="BuiltIn">
<msg time="2024-02-14T06:27:56.171409" level="INFO">basefolder: /Users/runner/work/rfswarm/rfswarm/Tests/Regression/Reporter/testdata/Issue-#144</msg>
<arg>basefolder: ${basefolder}</arg>
<arg>console=True</arg>
<doc>Logs the given message with the given level.</doc>
<status status="PASS" start="2024-02-14T06:27:56.171150" elapsed="0.000353"/>
</kw>
<kw name="Set Variable" owner="BuiltIn">
<msg time="2024-02-14T06:27:56.171985" level="INFO">${resultfolder} = /Users/runner/work/rfswarm/rfswarm/Tests/Regression/Reporter/testdata/Issue-#144/20230320_185055_demo</msg>
<var>${resultfolder}</var>
<arg>${basefolder}${/}${resultdata}</arg>
<doc>Returns the given values which can then be assigned to a variables.</doc>
<status status="PASS" start="2024-02-14T06:27:56.171660" elapsed="0.000362"/>
</kw>
<kw name="Should Exist" owner="OperatingSystem">
<msg time="2024-02-14T06:27:56.172407" level="INFO" html="true">Path '&lt;a href="file:///Users/runner/work/rfswarm/rfswarm/Tests/Regression/Reporter/testdata/Issue-#144/20230320_185055_demo"&gt;/Users/runner/work/rfswarm/rfswarm/Tests/Regression/Reporter/testdata/Issue-#144/20230320_185055_demo&lt;/a&gt;' exists.</msg>
<arg>${resultfolder}</arg>
<doc>Fails unless the given path (file or directory) exists.</doc>
<status status="PASS" start="2024-02-14T06:27:56.172166" elapsed="0.000325"/>
</kw>
<kw name="Log" owner="BuiltIn">
<msg time="2024-02-14T06:27:56.172856" level="INFO">resultfolder: /Users/runner/work/rfswarm/rfswarm/Tests/Regression/Reporter/testdata/Issue-#144/20230320_185055_demo</msg>
<arg>resultfolder: ${resultfolder}</arg>
<arg>console=True</arg>
<doc>Logs the given message with the given level.</doc>
<status status="PASS" start="2024-02-14T06:27:56.172637" elapsed="0.000310"/>
</kw>
<kw name="Set Variable" owner="BuiltIn">
<msg time="2024-02-14T06:27:56.173381" level="INFO">${template} = /Users/runner/work/rfswarm/rfswarm/Tests/Regression/Reporter/testdata/Issue-#144/90%ileTemplate.template</msg>
<var>${template}</var>
<arg>${basefolder}${/}90%ileTemplate.template</arg>
<doc>Returns the given values which can then be assigned to a variables.</doc>
<status status="PASS" start="2024-02-14T06:27:56.173105" elapsed="0.000318"/>
</kw>
<kw name="Should Exist" owner="OperatingSystem">
<msg time="2024-02-14T06:27:56.173821" level="INFO" html="true">Path '&lt;a href="file:///Users/runner/work/rfswarm/rfswarm/Tests/Regression/Reporter/testdata/Issue-#144/90%ileTemplate.template"&gt;/Users/runner/work/rfswarm/rfswarm/Tests/Regression/Reporter/testdata/Issue-#144/90%ileTemplate.template&lt;/a&gt;' exists.</msg>
<arg>${template}</arg>
<doc>Fails unless the given path (file or directory) exists.</doc>
<status status="PASS" start="2024-02-14T06:27:56.173582" elapsed="0.000320"/>
</kw>
<kw name="Log" owner="BuiltIn">
<msg time="2024-02-14T06:27:56.174283" level="INFO">template: /Users/runner/work/rfswarm/rfswarm/Tests/Regression/Reporter/testdata/Issue-#144/90%ileTemplate.template</msg>
<arg>template: ${template}</arg>
<arg>console=True</arg>
<doc>Logs the given message with the given level.</doc>
<status status="PASS" start="2024-02-14T06:27:56.174057" elapsed="0.000349"/>
</kw>
<kw name="Run" owner="OperatingSystem">
<msg time="2024-02-14T06:27:56.177511" level="INFO">Running command 'python3 /Users/runner/work/rfswarm/rfswarm/rfswarm_reporter/rfswarm_reporter.py -n -g 1 -d /Users/runner/work/rfswarm/rfswarm/Tests/Regression/Reporter/testdata/Issue-#144/20230320_185055_demo -t /Users/runner/work/rfswarm/rfswarm/Tests/Regression/Reporter/testdata/Issue-#144/90%ileTemplate.template --xlsx 2&gt;&amp;1'.</msg>
<msg time="2024-02-14T06:28:00.955269" level="INFO">${result} = </msg>
<var>${result}</var>
<arg>python3 ${pyfile} -n -g 1 -d ${resultfolder} -t ${template} --xlsx</arg>
<doc>Runs the given command in the system and returns the output.</doc>
<status status="PASS" start="2024-02-14T06:27:56.174576" elapsed="4.780771"/>
</kw>
<kw name="Log" owner="BuiltIn">
<msg time="2024-02-14T06:28:00.956607" level="INFO">
</msg>
<arg>${\n}${result}</arg>
<arg>console=True</arg>
<doc>Logs the given message with the given level.</doc>
<status status="PASS" start="2024-02-14T06:28:00.956013" elapsed="0.000719"/>
</kw>
<kw name="Should Not Contain" owner="BuiltIn">
<arg>${result}</arg>
<arg>Traceback</arg>
<doc>Fails if ``container`` contains ``item`` one or more times.</doc>
<status status="PASS" start="2024-02-14T06:28:00.956909" elapsed="0.000238"/>
</kw>
<kw name="Should Exist" owner="OperatingSystem">
<msg time="2024-02-14T06:28:00.957850" level="INFO" html="true">Path '&lt;a href="file:///Users/runner/work/rfswarm/rfswarm/Tests/Regression/Reporter/testdata/Issue-#144/20230320_185055_demo/20230320_185055_demo.xlsx"&gt;/Users/runner/work/rfswarm/rfswarm/Tests/Regression/Reporter/testdata/Issue-#144/20230320_185055_demo/20230320_185055_demo.xlsx&lt;/a&gt;' exists.</msg>
<arg>${resultfolder}${/}${resultdata}.xlsx</arg>
<doc>Fails unless the given path (file or directory) exists.</doc>
<status status="PASS" start="2024-02-14T06:28:00.957454" elapsed="0.000474"/>
</kw>
<tag>Issue #144</tag>
<tag>macos-latest</tag>
<tag>ubuntu-latest</tag>
<tag>windows-latest</tag>
<tag>XLSX</tag>
<status status="PASS" start="2024-02-14T06:27:56.168855" elapsed="4.789302"/>
</test>
<status status="PASS" start="2024-02-14T06:27:29.998070" elapsed="30.960903"/>
</suite>
<suite id="s1-s2" name="GUI Basic" source="/Users/runner/work/rfswarm/rfswarm/Tests/Regression/Reporter/GUI_Basic.robot">
<test id="s1-s2-t1" name="GUI Runs and Closes" line="19">
<kw name="Open GUI">
<kw name="Get Variables" owner="BuiltIn">
<msg time="2024-02-14T06:28:10.034669" level="INFO">${var} = {'${/}': '/', '${:}': ':', '${\\n}': '\n', '${DEBUG_FILE}': 'NONE', '${EXECDIR}': '/Users/runner/work/rfswarm/rfswarm', '${False}': False, '${IMAGE_DIR}': '/Users/runner/work/rfswarm/rfswarm/Tests/Reg...</msg>
<var>${var}</var>
<doc>Returns a dictionary containing all variables in the current scope.</doc>
<status status="PASS" start="2024-02-14T06:28:10.033268" elapsed="0.001529"/>
</kw>
<kw name="Log" owner="BuiltIn">
<msg time="2024-02-14T06:28:10.035400" level="INFO">{'${/}': '/', '${:}': ':', '${\\n}': '\n', '${DEBUG_FILE}': 'NONE', '${EXECDIR}': '/Users/runner/work/rfswarm/rfswarm', '${False}': False, '${IMAGE_DIR}': '/Users/runner/work/rfswarm/rfswarm/Tests/Regression/Reporter/Images/file_method', '${LOG_FILE}': '/Users/runner/work/rfswarm/rfswarm/Tests/Regression/Reporter/Logs/macos-latest_3.10/log.html', '${LOG_LEVEL}': 'INFO', '${None}': None, '${null}': None, '${OUTPUT_DIR}': '/Users/runner/work/rfswarm/rfswarm/Tests/Regression/Reporter/Logs/macos-latest_3.10', '${OUTPUT_FILE}': '/Users/runner/work/rfswarm/rfswarm/Tests/Regression/Reporter/Logs/macos-latest_3.10/output.xml', '${PREV_TEST_MESSAGE}': '', '${PREV_TEST_NAME}': 'Command Line Generate Xlsx', '${PREV_TEST_STATUS}': 'PASS', '${process}': 'None', '${pyfile}': '/Users/runner/work/rfswarm/rfswarm/rfswarm_reporter/rfswarm_reporter.py', '${REPORT_FILE}': '/Users/runner/work/rfswarm/rfswarm/Tests/Regression/Reporter/Logs/macos-latest_3.10/report.html', '${SPACE}': ' ', '${sssleep}': '0.5', '${SUITE_DOCUMENTATION}': '', '${SUITE_NAME}': 'Reporter.GUI Basic', '${SUITE_SOURCE}': '/Users/runner/work/rfswarm/rfswarm/Tests/Regression/Reporter/GUI_Basic.robot', '${TEMPDIR}': '/var/folders/24/8k48jl6d249_n_qfxwsl6xvm0000gn/T', '${TEST_DOCUMENTATION}': '', '${TEST_NAME}': 'GUI Runs and Closes', '${True}': True, '&amp;{OPTIONS}': {'include': ['macos-latest'], 'exclude': [], 'skip': [], 'skip_on_failure': []}, '&amp;{SUITE_METADATA}': Metadata(), '@{appargs}': [], '@{TEST_TAGS}': ['macos-latest', 'ubuntu-latest', 'windows-latest']}</msg>
<arg>${var}</arg>
<doc>Logs the given message with the given level.</doc>
<status status="PASS" start="2024-02-14T06:28:10.035054" elapsed="0.000442"/>
</kw>
<kw name="Get Platform">
<kw name="Create Dictionary" owner="BuiltIn">
<msg time="2024-02-14T06:28:10.036455" level="INFO">&amp;{platforms} = { Linux=ubuntu | Darwin=macos | Java=notsupported | Windows=windows }</msg>
<var>&amp;{platforms}</var>
<arg>Linux=ubuntu</arg>
<arg>Darwin=macos</arg>
<arg>Java=notsupported</arg>
<arg>Windows=windows</arg>
<doc>Creates and returns a dictionary based on the given ``items``.</doc>
<status status="PASS" start="2024-02-14T06:28:10.036080" elapsed="0.000416"/>
</kw>
<kw name="Evaluate" owner="BuiltIn">
<msg time="2024-02-14T06:28:10.037050" level="INFO">${os} = Darwin</msg>
<var>${os}</var>
<arg>platform.system()</arg>
<arg>platform</arg>
<doc>Evaluates the given expression in Python and returns the result.</doc>
<status status="PASS" start="2024-02-14T06:28:10.036699" elapsed="0.000389"/>
</kw>
<kw name="Set Suite Variable" owner="BuiltIn">
<msg time="2024-02-14T06:28:10.038600" level="INFO">${platform} = macos</msg>
<arg>${platform}</arg>
<arg>${platforms}[${os}]</arg>
<doc>Makes a variable available everywhere within the scope of the current suite.</doc>
<status status="PASS" start="2024-02-14T06:28:10.037296" elapsed="0.001369"/>
</kw>
<status status="PASS" start="2024-02-14T06:28:10.035698" elapsed="0.003073"/>
</kw>
<kw name="Set Variable" owner="BuiltIn">
<msg time="2024-02-14T06:28:10.039184" level="INFO">${keyword} = Open GUI macos</msg>
<var>${keyword}</var>
<arg>Open GUI ${platform}</arg>
<doc>Returns the given values which can then be assigned to a variables.</doc>
<status status="PASS" start="2024-02-14T06:28:10.038937" elapsed="0.000285"/>
</kw>
<kw name="Run Keyword" owner="BuiltIn">
<kw name="Open GUI macos">
<kw name="Set Suite Variable" owner="BuiltIn">
<msg time="2024-02-14T06:28:10.040688" level="INFO">${platform} = macos</msg>
<arg>${platform}</arg>
<arg>macos</arg>
<doc>Makes a variable available everywhere within the scope of the current suite.</doc>
<status status="PASS" start="2024-02-14T06:28:10.040390" elapsed="0.000360"/>
</kw>
<kw name="Set Confidence" owner="ImageHorizonLibrary">
<arg>0.9</arg>
<doc>Sets the accuracy when finding images.</doc>
<status status="PASS" start="2024-02-14T06:28:10.040923" elapsed="0.000174"/>
</kw>
<kw name="Start Process" owner="Process">
<msg time="2024-02-14T06:28:10.042352" level="INFO">Starting process:
python3 /Users/runner/work/rfswarm/rfswarm/rfswarm_reporter/rfswarm_reporter.py -g 5</msg>
<msg time="2024-02-14T06:28:10.048564" level="INFO">${process} = &lt;Popen: returncode: None args: ['python3', '/Users/runner/work/rfswarm/rfswa...&gt;</msg>
<var>${process}</var>
<arg>python3</arg>
<arg>${pyfile}</arg>
<arg>-g</arg>
<arg>5</arg>
<arg>@{appargs}</arg>
<arg>alias=Reporter</arg>
<arg>stdout=${OUTPUT DIR}${/}stdout.txt</arg>
<arg>stderr=${OUTPUT DIR}${/}stderr.txt</arg>
<doc>Starts a new process on background.</doc>
<status status="PASS" start="2024-02-14T06:28:10.041292" elapsed="0.007402"/>
</kw>
<kw name="Set Suite Variable" owner="BuiltIn">
<msg time="2024-02-14T06:28:10.050233" level="INFO">${process} = &lt;Popen: returncode: None args: ['python3', '/Users/runner/work/rfswarm/rfswa...&gt;</msg>
<arg>$process</arg>
<arg>${process}</arg>
<doc>Makes a variable available everywhere within the scope of the current suite.</doc>
<status status="PASS" start="2024-02-14T06:28:10.049601" elapsed="0.000699"/>
</kw>
<kw name="Set Screenshot Folder" owner="ImageHorizonLibrary">
<arg>${OUTPUT DIR}</arg>
<doc>Sets the folder where screenshots are saved to.</doc>
<status status="PASS" start="2024-02-14T06:28:10.050504" elapsed="0.000264"/>
</kw>
<kw name="Take A Screenshot" owner="ImageHorizonLibrary">
<msg time="2024-02-14T06:28:10.051275" level="INFO" html="true">Screenshot taken: /Users/runner/work/rfswarm/rfswarm/Tests/Regression/Reporter/Logs/macos-latest_3.10/Reporter.GUIBasic-screenshot-1.png&lt;br/&gt;&lt;img src="/Users/runner/work/rfswarm/rfswarm/Tests/Regression/Reporter/Logs/macos-latest_3.10/Reporter.GUIBasic-screenshot-1.png" width="100%" /&gt;</msg>
<doc>Takes a screenshot of the screen.</doc>
<status status="PASS" start="2024-02-14T06:28:10.050941" elapsed="0.320974"/>
</kw>
<arg>@{appargs}</arg>
<status status="PASS" start="2024-02-14T06:28:10.039953" elapsed="0.332319"/>
</kw>
<arg>${keyword}</arg>
<arg>@{appargs}</arg>
<doc>Executes the given keyword with the given arguments.</doc>
<status status="PASS" start="2024-02-14T06:28:10.039404" elapsed="0.332980"/>
</kw>
<status status="PASS" start="2024-02-14T06:28:10.032256" elapsed="0.340272"/>
</kw>
<kw name="Wait For Status">
<kw name="Convert To Lower Case" owner="String">
<msg time="2024-02-14T06:28:10.374225" level="INFO">${statusl} = previewloaded</msg>
<var>${statusl}</var>
<arg>${status}</arg>
<doc>Converts string to lower case.</doc>
<status status="PASS" start="2024-02-14T06:28:10.373902" elapsed="0.000365"/>
</kw>
<kw name="Set Variable" owner="BuiltIn">
<msg time="2024-02-14T06:28:10.374927" level="INFO">${img} = reporter_macos_status_previewloaded.png</msg>
<var>${img}</var>
<arg>reporter_${platform}_status_${statusl}.png</arg>
<doc>Returns the given values which can then be assigned to a variables.</doc>
<status status="PASS" start="2024-02-14T06:28:10.374614" elapsed="0.000351"/>
</kw>
<kw name="Log" owner="BuiltIn">
<msg time="2024-02-14T06:28:10.375341" level="INFO">/Users/runner/work/rfswarm/rfswarm/Tests/Regression/Reporter</msg>
<arg>/Users/runner/work/rfswarm/rfswarm/Tests/Regression/Reporter</arg>
<doc>Logs the given message with the given level.</doc>
<status status="PASS" start="2024-02-14T06:28:10.375157" elapsed="0.000254"/>
</kw>
<kw name="Log" owner="BuiltIn">
<msg time="2024-02-14T06:28:10.375750" level="INFO">/Users/runner/work/rfswarm/rfswarm/Tests/Regression/Reporter/Images/file_method</msg>
<arg>${IMAGE_DIR}</arg>
<doc>Logs the given message with the given level.</doc>
<status status="PASS" start="2024-02-14T06:28:10.375571" elapsed="0.000246"/>
</kw>
<kw name="Wait For" owner="ImageHorizonLibrary">
<kw name="Take A Screenshot" owner="ImageHorizonLibrary">
<msg time="2024-02-14T06:33:10.487105" level="INFO" html="true">Screenshot taken: /Users/runner/work/rfswarm/rfswarm/Tests/Regression/Reporter/Logs/macos-latest_3.10/Reporter.GUIBasic-screenshot-2.png&lt;br/&gt;&lt;img src="/Users/runner/work/rfswarm/rfswarm/Tests/Regression/Reporter/Logs/macos-latest_3.10/Reporter.GUIBasic-screenshot-2.png" width="100%" /&gt;</msg>
<doc>Takes a screenshot of the screen.</doc>
<status status="PASS" start="2024-02-14T06:33:10.486150" elapsed="0.343703"/>
</kw>
<msg time="2024-02-14T06:33:10.830687" level="FAIL">ImageNotFoundException: Reference image "/Users/runner/work/rfswarm/rfswarm/Tests/Regression/Reporter/Images/file_method/reporter_macos_status_previewloaded.png" was not found on screen</msg>
<arg>${img}</arg>
<arg>timeout=${timeout}</arg>
<doc>Tries to locate given image from the screen for given time.</doc>
<status status="FAIL" start="2024-02-14T06:28:10.375989" elapsed="300.455423">ImageNotFoundException: Reference image "/Users/runner/work/rfswarm/rfswarm/Tests/Regression/Reporter/Images/file_method/reporter_macos_status_previewloaded.png" was not found on screen</status>
</kw>
<kw name="Sleep" owner="BuiltIn">
<arg>${sssleep}</arg>
<doc>Pauses the test executed for the given time.</doc>
<status status="NOT RUN" start="2024-02-14T06:33:10.831967" elapsed="0.000054"/>
</kw>
<kw name="Take A Screenshot" owner="ImageHorizonLibrary">
<doc>Takes a screenshot of the screen.</doc>
<status status="NOT RUN" start="2024-02-14T06:33:10.832207" elapsed="0.000032"/>
</kw>
<arg>PreviewLoaded</arg>
<status status="FAIL" start="2024-02-14T06:28:10.373118" elapsed="300.459397">ImageNotFoundException: Reference image "/Users/runner/work/rfswarm/rfswarm/Tests/Regression/Reporter/Images/file_method/reporter_macos_status_previewloaded.png" was not found on screen</status>
</kw>
<kw name="Close GUI" type="TEARDOWN">
<kw name="Set Variable" owner="BuiltIn">
<msg time="2024-02-14T06:33:10.834610" level="INFO">${keyword} = Close GUI macos</msg>
<var>${keyword}</var>
<arg>Close GUI ${platform}</arg>
<doc>Returns the given values which can then be assigned to a variables.</doc>
<status status="PASS" start="2024-02-14T06:33:10.834251" elapsed="0.000408"/>
</kw>
<if>
<branch type="IF" condition="${process}">
<kw name="Is Process Running" owner="Process">
<msg time="2024-02-14T06:33:10.835725" level="INFO">${running} = True</msg>
<var>${running}</var>
<arg>${process}</arg>
<doc>Checks is the process running or not.</doc>
<status status="PASS" start="2024-02-14T06:33:10.835162" elapsed="0.000604"/>
</kw>
<if>
<branch type="IF" condition="${running}">
<kw name="Run Keyword" owner="BuiltIn">
<kw name="Close GUI macos">
<kw name="Click Image" owner="ImageHorizonLibrary">
<msg time="2024-02-14T06:33:11.272147" level="INFO">Image "/Users/runner/work/rfswarm/rfswarm/Tests/Regression/Reporter/Images/file_method/reporter_macos_button_closewindow.png" was not found on screen.</msg>
<kw name="Take A Screenshot" owner="ImageHorizonLibrary">
<msg time="2024-02-14T06:33:11.273639" level="INFO" html="true">Screenshot taken: /Users/runner/work/rfswarm/rfswarm/Tests/Regression/Reporter/Logs/macos-latest_3.10/Reporter.GUIBasic-screenshot-3.png&lt;br/&gt;&lt;img src="/Users/runner/work/rfswarm/rfswarm/Tests/Regression/Reporter/Logs/macos-latest_3.10/Reporter.GUIBasic-screenshot-3.png" width="100%" /&gt;</msg>
<doc>Takes a screenshot of the screen.</doc>
<status status="PASS" start="2024-02-14T06:33:11.273041" elapsed="0.345657"/>
</kw>
<msg time="2024-02-14T06:33:11.619293" level="FAIL">ImageNotFoundException: Reference image "/Users/runner/work/rfswarm/rfswarm/Tests/Regression/Reporter/Images/file_method/reporter_macos_button_closewindow.png" was not found on screen</msg>
<arg>reporter_${platform}_button_closewindow.png</arg>
<doc>Finds the reference image on screen and clicks it once.</doc>
<status status="FAIL" start="2024-02-14T06:33:10.837386" elapsed="0.782263">ImageNotFoundException: Reference image "/Users/runner/work/rfswarm/rfswarm/Tests/Regression/Reporter/Images/file_method/reporter_macos_button_closewindow.png" was not found on screen</status>
</kw>
<kw name="Take A Screenshot" owner="ImageHorizonLibrary">
<msg time="2024-02-14T06:33:11.620860" level="INFO" html="true">Screenshot taken: /Users/runner/work/rfswarm/rfswarm/Tests/Regression/Reporter/Logs/macos-latest_3.10/Reporter.GUIBasic-screenshot-4.png&lt;br/&gt;&lt;img src="/Users/runner/work/rfswarm/rfswarm/Tests/Regression/Reporter/Logs/macos-latest_3.10/Reporter.GUIBasic-screenshot-4.png" width="100%" /&gt;</msg>
<doc>Takes a screenshot of the screen.</doc>
<status status="PASS" start="2024-02-14T06:33:11.620228" elapsed="0.329969"/>
</kw>
<kw name="Sleep" owner="BuiltIn">
<msg time="2024-02-14T06:33:12.499001" level="INFO">Slept 500 milliseconds.</msg>
<arg>0.5</arg>
<doc>Pauses the test executed for the given time.</doc>
<status status="PASS" start="2024-02-14T06:33:11.951130" elapsed="0.548046"/>
</kw>
<kw name="End Process If Still Running">
<kw name="Wait For Process" owner="Process">
<msg time="2024-02-14T06:33:12.501386" level="INFO">Waiting for process to complete.</msg>
<msg time="2024-02-14T06:34:12.608705" level="INFO">Process did not complete in 1 minute.</msg>
<msg time="2024-02-14T06:34:12.608853" level="INFO">Leaving process intact.</msg>
<msg time="2024-02-14T06:34:12.609182" level="INFO">${result} = None</msg>
<var>${result}</var>
<arg>${process}</arg>
<arg>timeout=60</arg>
<doc>Waits for the process to complete or to reach the given timeout.</doc>
<status status="PASS" start="2024-02-14T06:33:12.500817" elapsed="60.108409"/>
</kw>
<kw name="Is Process Running" owner="Process">
<msg time="2024-02-14T06:34:12.610043" level="INFO">${running} = True</msg>
<var>${running}</var>
<arg>${process}</arg>
<doc>Checks is the process running or not.</doc>
<status status="PASS" start="2024-02-14T06:34:12.609543" elapsed="0.000544"/>
</kw>
<if>
<branch type="IF" condition="not ${running}">
<kw name="Check Result">
<arg>${result}</arg>
<status status="NOT RUN" start="2024-02-14T06:34:12.610887" elapsed="0.000063"/>
</kw>
<status status="NOT RUN" start="2024-02-14T06:34:12.610312" elapsed="0.000709"/>
</branch>
<branch type="ELSE">
<kw name="Take A Screenshot" owner="ImageHorizonLibrary">
<msg time="2024-02-14T06:34:12.611663" level="INFO" html="true">Screenshot taken: /Users/runner/work/rfswarm/rfswarm/Tests/Regression/Reporter/Logs/macos-latest_3.10/Reporter.GUIBasic-screenshot-5.png&lt;br/&gt;&lt;img src="/Users/runner/work/rfswarm/rfswarm/Tests/Regression/Reporter/Logs/macos-latest_3.10/Reporter.GUIBasic-screenshot-5.png" width="100%" /&gt;</msg>
<doc>Takes a screenshot of the screen.</doc>
<status status="PASS" start="2024-02-14T06:34:12.611293" elapsed="11.241456"/>
</kw>
<kw name="Terminate Process" owner="Process">
<msg time="2024-02-14T06:34:23.854216" level="INFO">Gracefully terminating process.</msg>
<msg time="2024-02-14T06:34:24.032444" level="INFO">Process completed.</msg>
<msg time="2024-02-14T06:34:24.033097" level="INFO">${result} = &lt;result object with rc 1&gt;</msg>
<var>${result}</var>
<arg>${process}</arg>
<doc>Stops the process gracefully or forcefully.</doc>
<status status="PASS" start="2024-02-14T06:34:23.853570" elapsed="0.179638"/>
</kw>
<kw name="Check Result">
<kw name="Log" owner="BuiltIn">
<msg time="2024-02-14T06:34:24.036354" level="INFO">Traceback (most recent call last):
  File "/Users/runner/work/rfswarm/rfswarm/rfswarm_reporter/rfswarm_reporter.py", line 9704, in &lt;module&gt;
    core = ReporterCore()
  File "/Users/runner/work/rfswarm/rfswarm/rfswarm_reporter/rfswarm_reporter.py", line 2743, in __init__
    base.gui = ReporterGUI()
  File "/Users/runner/work/rfswarm/rfswarm/rfswarm_reporter/rfswarm_reporter.py", line 5810, in __init__
    self.root = tk.Tk()
  File "/Users/runner/hostedtoolcache/Python/3.10.13/x64/lib/python3.10/tkinter/__init__.py", line 2301, in __init__
    self._loadtk()
  File "/Users/runner/hostedtoolcache/Python/3.10.13/x64/lib/python3.10/tkinter/__init__.py", line 2317, in _loadtk
    raise RuntimeError("tk.h version (%s) doesn't match libtk.a version (%s)"
RuntimeError: tk.h version (8.5) doesn't match libtk.a version (8.6)</msg>
<arg>${result.stderr}</arg>
<doc>Logs the given message with the given level.</doc>
<status status="PASS" start="2024-02-14T06:34:24.035285" elapsed="0.001159"/>
</kw>
<kw name="Should Not Contain" owner="BuiltIn">
<msg time="2024-02-14T06:34:24.037515" level="FAIL">'Traceback (most recent call last):
  File "/Users/runner/work/rfswarm/rfswarm/rfswarm_reporter/rfswarm_reporter.py", line 9704, in &lt;module&gt;
    core = ReporterCore()
  File "/Users/runner/work/rfswarm/rfswarm/rfswarm_reporter/rfswarm_reporter.py", line 2743, in __init__
    base.gui = ReporterGUI()
  File "/Users/runner/work/rfswarm/rfswarm/rfswarm_reporter/rfswarm_reporter.py", line 5810, in __init__
    self.root = tk.Tk()
  File "/Users/runner/hostedtoolcache/Python/3.10.13/x64/lib/python3.10/tkinter/__init__.py", line 2301, in __init__
    self._loadtk()
  File "/Users/runner/hostedtoolcache/Python/3.10.13/x64/lib/python3.10/tkinter/__init__.py", line 2317, in _loadtk
    raise RuntimeError("tk.h version (%s) doesn't match libtk.a version (%s)"
RuntimeError: tk.h version (8.5) doesn't match libtk.a version (8.6)' contains 'Traceback'</msg>
<arg>${result.stderr}</arg>
<arg>Traceback</arg>
<doc>Fails if ``container`` contains ``item`` one or more times.</doc>
<status status="FAIL" start="2024-02-14T06:34:24.036652" elapsed="0.001037">'Traceback (most recent call last):
  File "/Users/runner/work/rfswarm/rfswarm/rfswarm_reporter/rfswarm_reporter.py", line 9704, in &lt;module&gt;
    core = ReporterCore()
  File "/Users/runner/work/rfswarm/rfswarm/rfswarm_reporter/rfswarm_reporter.py", line 2743, in __init__
    base.gui = ReporterGUI()
  File "/Users/runner/work/rfswarm/rfswarm/rfswarm_reporter/rfswarm_reporter.py", line 5810, in __init__
    self.root = tk.Tk()
  File "/Users/runner/hostedtoolcache/Python/3.10.13/x64/lib/python3.10/tkinter/__init__.py", line 2301, in __init__
    self._loadtk()
  File "/Users/runner/hostedtoolcache/Python/3.10.13/x64/lib/python3.10/tkinter/__init__.py", line 2317, in _loadtk
    raise RuntimeError("tk.h version (%s) doesn't match libtk.a version (%s)"
RuntimeError: tk.h version (8.5) doesn't match libtk.a version (8.6)' contains 'Traceback'</status>
</kw>
<kw name="Should Be Equal As Integers" owner="BuiltIn">
<msg time="2024-02-14T06:34:24.038765" level="INFO">Argument types are:
&lt;class 'int'&gt;
&lt;class 'str'&gt;</msg>
<msg time="2024-02-14T06:34:24.038939" level="FAIL">1 != 0</msg>
<arg>${result.rc}</arg>
<arg>0</arg>
<doc>Fails if objects are unequal after converting them to integers.</doc>
<status status="FAIL" start="2024-02-14T06:34:24.037913" elapsed="0.001111">1 != 0</status>
</kw>
<arg>${result}</arg>
<status status="FAIL" start="2024-02-14T06:34:24.034378" elapsed="0.004913">Several failures occurred:

1) 'Traceback (most recent call last):
  File "/Users/runner/work/rfswarm/rfswarm/rfswarm_reporter/rfswarm_reporter.py", line 9704, in &lt;module&gt;
    core = ReporterCore()
  File "/Users/runner/work/rfswarm/rfswarm/rfswarm_reporter/rfswarm_reporter.py", line 2743, in __init__
    base.gui = ReporterGUI()
  File "/Users/runner/work/rfswarm/rfswarm/rfswarm_reporter/rfswarm_reporter.py", line 5810, in __init__
    self.root = tk.Tk()
  File "/Users/runner/hostedtoolcache/Python/3.10.13/x64/lib/python3.10/tkinter/__init__.py", line 2301, in __init__
    self._loadtk()
  File "/Users/runner/hostedtoolcache/Python/3.10.13/x64/lib/python3.10/tkinter/__init__.py", line 2317, in _loadtk
    raise RuntimeError("tk.h version (%s) doesn't match libtk.a version (%s)"
RuntimeError: tk.h version (8.5) doesn't match libtk.a version (8.6)' contains 'Traceback'

2) 1 != 0</status>
</kw>
<kw name="Fail" owner="BuiltIn">
<msg time="2024-02-14T06:34:24.039801" level="FAIL">Had to Terminate Process</msg>
<arg>Had to Terminate Process</arg>
<doc>Fails the test with the given message and optionally alters its tags.</doc>
<status status="FAIL" start="2024-02-14T06:34:24.039526" elapsed="0.000368">Had to Terminate Process</status>
</kw>
<status status="FAIL" start="2024-02-14T06:34:12.611084" elapsed="11.428935">Several failures occurred:

1) 'Traceback (most recent call last):
  File "/Users/runner/work/rfswarm/rfswarm/rfswarm_reporter/rfswarm_reporter.py", line 9704, in &lt;module&gt;
    core = ReporterCore()
  File "/Users/runner/work/rfswarm/rfswarm/rfswarm_reporter/rfswarm_reporter.py", line 2743, in __init__
    base.gui = ReporterGUI()
  File "/Users/runner/work/rfswarm/rfswarm/rfswarm_reporter/rfswarm_reporter.py", line 5810, in __init__
    self.root = tk.Tk()
  File "/Users/runner/hostedtoolcache/Python/3.10.13/x64/lib/python3.10/tkinter/__init__.py", line 2301, in __init__
    self._loadtk()
  File "/Users/runner/hostedtoolcache/Python/3.10.13/x64/lib/python3.10/tkinter/__init__.py", line 2317, in _loadtk
    raise RuntimeError("tk.h version (%s) doesn't match libtk.a version (%s)"
RuntimeError: tk.h version (8.5) doesn't match libtk.a version (8.6)' contains 'Traceback'

2) 1 != 0

3) Had to Terminate Process</status>
</branch>
<status status="FAIL" start="2024-02-14T06:34:12.610257" elapsed="11.429845">Several failures occurred:

1) 'Traceback (most recent call last):
  File "/Users/runner/work/rfswarm/rfswarm/rfswarm_reporter/rfswarm_reporter.py", line 9704, in &lt;module&gt;
    core = ReporterCore()
  File "/Users/runner/work/rfswarm/rfswarm/rfswarm_reporter/rfswarm_reporter.py", line 2743, in __init__
    base.gui = ReporterGUI()
  File "/Users/runner/work/rfswarm/rfswarm/rfswarm_reporter/rfswarm_reporter.py", line 5810, in __init__
    self.root = tk.Tk()
  File "/Users/runner/hostedtoolcache/Python/3.10.13/x64/lib/python3.10/tkinter/__init__.py", line 2301, in __init__
    self._loadtk()
  File "/Users/runner/hostedtoolcache/Python/3.10.13/x64/lib/python3.10/tkinter/__init__.py", line 2317, in _loadtk
    raise RuntimeError("tk.h version (%s) doesn't match libtk.a version (%s)"
RuntimeError: tk.h version (8.5) doesn't match libtk.a version (8.6)' contains 'Traceback'

2) 1 != 0

3) Had to Terminate Process</status>
</if>
<status status="FAIL" start="2024-02-14T06:33:12.500052" elapsed="71.540437">Several failures occurred:

1) 'Traceback (most recent call last):
  File "/Users/runner/work/rfswarm/rfswarm/rfswarm_reporter/rfswarm_reporter.py", line 9704, in &lt;module&gt;
    core = ReporterCore()
  File "/Users/runner/work/rfswarm/rfswarm/rfswarm_reporter/rfswarm_reporter.py", line 2743, in __init__
    base.gui = ReporterGUI()
  File "/Users/runner/work/rfswarm/rfswarm/rfswarm_reporter/rfswarm_reporter.py", line 5810, in __init__
    self.root = tk.Tk()
  File "/Users/runner/hostedtoolcache/Python/3.10.13/x64/lib/python3.10/tkinter/__init__.py", line 2301, in __init__
    self._loadtk()
  File "/Users/runner/hostedtoolcache/Python/3.10.13/x64/lib/python3.10/tkinter/__init__.py", line 2317, in _loadtk
    raise RuntimeError("tk.h version (%s) doesn't match libtk.a version (%s)"
RuntimeError: tk.h version (8.5) doesn't match libtk.a version (8.6)' contains 'Traceback'

2) 1 != 0

3) Had to Terminate Process</status>
</kw>
<status status="FAIL" start="2024-02-14T06:33:10.836733" elapsed="73.204049">Several failures occurred:

1) ImageNotFoundException: Reference image "/Users/runner/work/rfswarm/rfswarm/Tests/Regression/Reporter/Images/file_method/reporter_macos_button_closewindow.png" was not found on screen

2) 'Traceback (most recent call last):
  File "/Users/runner/work/rfswarm/rfswarm/rfswarm_reporter/rfswarm_reporter.py", line 9704, in &lt;module&gt;
    core = ReporterCore()
  File "/Users/runner/work/rfswarm/rfswarm/rfswarm_reporter/rfswarm_reporter.py", line 2743, in __init__
    base.gui = ReporterGUI()
  File "/Users/runner/work/rfswarm/rfswarm/rfswarm_reporter/rfswarm_reporter.py", line 5810, in __init__
    self.root = tk.Tk()
  File "/Users/runner/hostedtoolcache/Python/3.10.13/x64/lib/python3.10/tkinter/__init__.py", line 2301, in __init__
    self._loadtk()
  File "/Users/runner/hostedtoolcache/Python/3.10.13/x64/lib/python3.10/tkinter/__init__.py", line 2317, in _loadtk
    raise RuntimeError("tk.h version (%s) doesn't match libtk.a version (%s)"
RuntimeError: tk.h version (8.5) doesn't match libtk.a version (8.6)' contains 'Traceback'

3) 1 != 0

4) Had to Terminate Process</status>
</kw>
<arg>${keyword}</arg>
<doc>Executes the given keyword with the given arguments.</doc>
<status status="FAIL" start="2024-02-14T06:33:10.836132" elapsed="73.204773">Several failures occurred:

1) ImageNotFoundException: Reference image "/Users/runner/work/rfswarm/rfswarm/Tests/Regression/Reporter/Images/file_method/reporter_macos_button_closewindow.png" was not found on screen

2) 'Traceback (most recent call last):
  File "/Users/runner/work/rfswarm/rfswarm/rfswarm_reporter/rfswarm_reporter.py", line 9704, in &lt;module&gt;
    core = ReporterCore()
  File "/Users/runner/work/rfswarm/rfswarm/rfswarm_reporter/rfswarm_reporter.py", line 2743, in __init__
    base.gui = ReporterGUI()
  File "/Users/runner/work/rfswarm/rfswarm/rfswarm_reporter/rfswarm_reporter.py", line 5810, in __init__
    self.root = tk.Tk()
  File "/Users/runner/hostedtoolcache/Python/3.10.13/x64/lib/python3.10/tkinter/__init__.py", line 2301, in __init__
    self._loadtk()
  File "/Users/runner/hostedtoolcache/Python/3.10.13/x64/lib/python3.10/tkinter/__init__.py", line 2317, in _loadtk
    raise RuntimeError("tk.h version (%s) doesn't match libtk.a version (%s)"
RuntimeError: tk.h version (8.5) doesn't match libtk.a version (8.6)' contains 'Traceback'

3) 1 != 0

4) Had to Terminate Process</status>
</kw>
<status status="FAIL" start="2024-02-14T06:33:10.835884" elapsed="73.205153">Several failures occurred:

1) ImageNotFoundException: Reference image "/Users/runner/work/rfswarm/rfswarm/Tests/Regression/Reporter/Images/file_method/reporter_macos_button_closewindow.png" was not found on screen

2) 'Traceback (most recent call last):
  File "/Users/runner/work/rfswarm/rfswarm/rfswarm_reporter/rfswarm_reporter.py", line 9704, in &lt;module&gt;
    core = ReporterCore()
  File "/Users/runner/work/rfswarm/rfswarm/rfswarm_reporter/rfswarm_reporter.py", line 2743, in __init__
    base.gui = ReporterGUI()
  File "/Users/runner/work/rfswarm/rfswarm/rfswarm_reporter/rfswarm_reporter.py", line 5810, in __init__
    self.root = tk.Tk()
  File "/Users/runner/hostedtoolcache/Python/3.10.13/x64/lib/python3.10/tkinter/__init__.py", line 2301, in __init__
    self._loadtk()
  File "/Users/runner/hostedtoolcache/Python/3.10.13/x64/lib/python3.10/tkinter/__init__.py", line 2317, in _loadtk
    raise RuntimeError("tk.h version (%s) doesn't match libtk.a version (%s)"
RuntimeError: tk.h version (8.5) doesn't match libtk.a version (8.6)' contains 'Traceback'

3) 1 != 0

4) Had to Terminate Process</status>
</branch>
<branch type="ELSE">
<kw name="Wait For Process" owner="Process">
<var>${result}</var>
<arg>${process}</arg>
<arg>timeout=60</arg>
<doc>Waits for the process to complete or to reach the given timeout.</doc>
<status status="NOT RUN" start="2024-02-14T06:34:24.041314" elapsed="0.000031"/>
</kw>
<kw name="Check Result">
<arg>${result}</arg>
<status status="NOT RUN" start="2024-02-14T06:34:24.041564" elapsed="0.000033"/>
</kw>
<status status="NOT RUN" start="2024-02-14T06:34:24.041114" elapsed="0.000532"/>
</branch>
<status status="FAIL" start="2024-02-14T06:33:10.835858" elapsed="73.205827">Several failures occurred:

1) ImageNotFoundException: Reference image "/Users/runner/work/rfswarm/rfswarm/Tests/Regression/Reporter/Images/file_method/reporter_macos_button_closewindow.png" was not found on screen

2) 'Traceback (most recent call last):
  File "/Users/runner/work/rfswarm/rfswarm/rfswarm_reporter/rfswarm_reporter.py", line 9704, in &lt;module&gt;
    core = ReporterCore()
  File "/Users/runner/work/rfswarm/rfswarm/rfswarm_reporter/rfswarm_reporter.py", line 2743, in __init__
    base.gui = ReporterGUI()
  File "/Users/runner/work/rfswarm/rfswarm/rfswarm_reporter/rfswarm_reporter.py", line 5810, in __init__
    self.root = tk.Tk()
  File "/Users/runner/hostedtoolcache/Python/3.10.13/x64/lib/python3.10/tkinter/__init__.py", line 2301, in __init__
    self._loadtk()
  File "/Users/runner/hostedtoolcache/Python/3.10.13/x64/lib/python3.10/tkinter/__init__.py", line 2317, in _loadtk
    raise RuntimeError("tk.h version (%s) doesn't match libtk.a version (%s)"
RuntimeError: tk.h version (8.5) doesn't match libtk.a version (8.6)' contains 'Traceback'

3) 1 != 0

4) Had to Terminate Process</status>
</if>
<status status="FAIL" start="2024-02-14T06:33:10.834896" elapsed="73.206926">Several failures occurred:

1) ImageNotFoundException: Reference image "/Users/runner/work/rfswarm/rfswarm/Tests/Regression/Reporter/Images/file_method/reporter_macos_button_closewindow.png" was not found on screen

2) 'Traceback (most recent call last):
  File "/Users/runner/work/rfswarm/rfswarm/rfswarm_reporter/rfswarm_reporter.py", line 9704, in &lt;module&gt;
    core = ReporterCore()
  File "/Users/runner/work/rfswarm/rfswarm/rfswarm_reporter/rfswarm_reporter.py", line 2743, in __init__
    base.gui = ReporterGUI()
  File "/Users/runner/work/rfswarm/rfswarm/rfswarm_reporter/rfswarm_reporter.py", line 5810, in __init__
    self.root = tk.Tk()
  File "/Users/runner/hostedtoolcache/Python/3.10.13/x64/lib/python3.10/tkinter/__init__.py", line 2301, in __init__
    self._loadtk()
  File "/Users/runner/hostedtoolcache/Python/3.10.13/x64/lib/python3.10/tkinter/__init__.py", line 2317, in _loadtk
    raise RuntimeError("tk.h version (%s) doesn't match libtk.a version (%s)"
RuntimeError: tk.h version (8.5) doesn't match libtk.a version (8.6)' contains 'Traceback'

3) 1 != 0

4) Had to Terminate Process</status>
</branch>
<status status="FAIL" start="2024-02-14T06:33:10.834799" elapsed="73.207101">Several failures occurred:

1) ImageNotFoundException: Reference image "/Users/runner/work/rfswarm/rfswarm/Tests/Regression/Reporter/Images/file_method/reporter_macos_button_closewindow.png" was not found on screen

2) 'Traceback (most recent call last):
  File "/Users/runner/work/rfswarm/rfswarm/rfswarm_reporter/rfswarm_reporter.py", line 9704, in &lt;module&gt;
    core = ReporterCore()
  File "/Users/runner/work/rfswarm/rfswarm/rfswarm_reporter/rfswarm_reporter.py", line 2743, in __init__
    base.gui = ReporterGUI()
  File "/Users/runner/work/rfswarm/rfswarm/rfswarm_reporter/rfswarm_reporter.py", line 5810, in __init__
    self.root = tk.Tk()
  File "/Users/runner/hostedtoolcache/Python/3.10.13/x64/lib/python3.10/tkinter/__init__.py", line 2301, in __init__
    self._loadtk()
  File "/Users/runner/hostedtoolcache/Python/3.10.13/x64/lib/python3.10/tkinter/__init__.py", line 2317, in _loadtk
    raise RuntimeError("tk.h version (%s) doesn't match libtk.a version (%s)"
RuntimeError: tk.h version (8.5) doesn't match libtk.a version (8.6)' contains 'Traceback'

3) 1 != 0

4) Had to Terminate Process</status>
</if>
<kw name="Set Suite Variable" owner="BuiltIn">
<msg time="2024-02-14T06:34:24.042525" level="INFO">${process} = None</msg>
<arg>$process</arg>
<arg>None</arg>
<doc>Makes a variable available everywhere within the scope of the current suite.</doc>
<status status="PASS" start="2024-02-14T06:34:24.042190" elapsed="0.000401"/>
</kw>
<kw name="Sleep" owner="BuiltIn">
<msg time="2024-02-14T06:34:24.579394" level="INFO">Slept 500 milliseconds.</msg>
<arg>0.5</arg>
<doc>Pauses the test executed for the given time.</doc>
<status status="PASS" start="2024-02-14T06:34:24.042755" elapsed="0.536875"/>
</kw>
<status status="FAIL" start="2024-02-14T06:33:10.833646" elapsed="73.746324">Several failures occurred:

1) ImageNotFoundException: Reference image "/Users/runner/work/rfswarm/rfswarm/Tests/Regression/Reporter/Images/file_method/reporter_macos_button_closewindow.png" was not found on screen

2) 'Traceback (most recent call last):
  File "/Users/runner/work/rfswarm/rfswarm/rfswarm_reporter/rfswarm_reporter.py", line 9704, in &lt;module&gt;
    core = ReporterCore()
  File "/Users/runner/work/rfswarm/rfswarm/rfswarm_reporter/rfswarm_reporter.py", line 2743, in __init__
    base.gui = ReporterGUI()
  File "/Users/runner/work/rfswarm/rfswarm/rfswarm_reporter/rfswarm_reporter.py", line 5810, in __init__
    self.root = tk.Tk()
  File "/Users/runner/hostedtoolcache/Python/3.10.13/x64/lib/python3.10/tkinter/__init__.py", line 2301, in __init__
    self._loadtk()
  File "/Users/runner/hostedtoolcache/Python/3.10.13/x64/lib/python3.10/tkinter/__init__.py", line 2317, in _loadtk
    raise RuntimeError("tk.h version (%s) doesn't match libtk.a version (%s)"
RuntimeError: tk.h version (8.5) doesn't match libtk.a version (8.6)' contains 'Traceback'

3) 1 != 0

4) Had to Terminate Process</status>
</kw>
<tag>macos-latest</tag>
<tag>ubuntu-latest</tag>
<tag>windows-latest</tag>
<status status="FAIL" start="2024-02-14T06:28:10.031084" elapsed="374.549093">ImageNotFoundException: Reference image "/Users/runner/work/rfswarm/rfswarm/Tests/Regression/Reporter/Images/file_method/reporter_macos_status_previewloaded.png" was not found on screen

Also teardown failed:
Several failures occurred:

1) ImageNotFoundException: Reference image "/Users/runner/work/rfswarm/rfswarm/Tests/Regression/Reporter/Images/file_method/reporter_macos_button_closewindow.png" was not found on screen

2) 'Traceback (most recent call last):
  File "/Users/runner/work/rfswarm/rfswarm/rfswarm_reporter/rfswarm_reporter.py", line 9704, in &lt;module&gt;
    core = ReporterCore()
  File "/Users/runner/work/rfswarm/rfswarm/rfswarm_reporter/rfswarm_reporter.py", line 2743, in __init__
    base.gui = ReporterGUI()
  File "/Users/runner/work/rfswarm/rfswarm/rfswarm_reporter/rfswarm_reporter.py", line 5810, in __init__
    self.root = tk.Tk()
  File "/Users/runner/hostedtoolcache/Python/3.10.13/x64/lib/python3.10/tkinter/__init__.py", line 2301, in __init__
    self._loadtk()
  File "/Users/runner/hostedtoolcache/Python/3.10.13/x64/lib/python3.10/tkinter/__init__.py", line 2317, in _loadtk
    raise RuntimeError("tk.h version (%s) doesn't match libtk.a version (%s)"
RuntimeError: tk.h version (8.5) doesn't match libtk.a version (8.6)' contains 'Traceback'

3) 1 != 0

4) Had to Terminate Process</status>
</test>
<test id="s1-s2-t2" name="Select Preview Tab" line="25">
<kw name="Open GUI">
<kw name="Get Variables" owner="BuiltIn">
<msg time="2024-02-14T06:34:24.583773" level="INFO">${var} = {'${/}': '/', '${:}': ':', '${\\n}': '\n', '${DEBUG_FILE}': 'NONE', '${EXECDIR}': '/Users/runner/work/rfswarm/rfswarm', '${False}': False, '${IMAGE_DIR}': '/Users/runner/work/rfswarm/rfswarm/Tests/Reg...</msg>
<var>${var}</var>
<doc>Returns a dictionary containing all variables in the current scope.</doc>
<status status="PASS" start="2024-02-14T06:34:24.582765" elapsed="0.001058"/>
</kw>
<kw name="Log" owner="BuiltIn">
<msg time="2024-02-14T06:34:24.584488" level="INFO">{'${/}': '/', '${:}': ':', '${\\n}': '\n', '${DEBUG_FILE}': 'NONE', '${EXECDIR}': '/Users/runner/work/rfswarm/rfswarm', '${False}': False, '${IMAGE_DIR}': '/Users/runner/work/rfswarm/rfswarm/Tests/Regression/Reporter/Images/file_method', '${LOG_FILE}': '/Users/runner/work/rfswarm/rfswarm/Tests/Regression/Reporter/Logs/macos-latest_3.10/log.html', '${LOG_LEVEL}': 'INFO', '${None}': None, '${null}': None, '${OUTPUT_DIR}': '/Users/runner/work/rfswarm/rfswarm/Tests/Regression/Reporter/Logs/macos-latest_3.10', '${OUTPUT_FILE}': '/Users/runner/work/rfswarm/rfswarm/Tests/Regression/Reporter/Logs/macos-latest_3.10/output.xml', '${platform}': 'macos', '${PREV_TEST_MESSAGE}': 'ImageNotFoundException: Reference image "/Users/runner/work/rfswarm/rfswarm/Tests/Regression/Reporter/Images/file_method/reporter_macos_status_previewloaded.png" was not found on screen\n\nAlso teardown failed:\nSeveral failures occurred:\n\n1) ImageNotFoundException: Reference image "/Users/runner/work/rfswarm/rfswarm/Tests/Regression/Reporter/Images/file_method/reporter_macos_button_closewindow.png" was not found on screen\n\n2) \'Traceback (most recent call last):\n  File "/Users/runner/work/rfswarm/rfswarm/rfswarm_reporter/rfswarm_reporter.py", line 9704, in &lt;module&gt;\n    core = ReporterCore()\n  File "/Users/runner/work/rfswarm/rfswarm/rfswarm_reporter/rfswarm_reporter.py", line 2743, in __init__\n    base.gui = ReporterGUI()\n  File "/Users/runner/work/rfswarm/rfswarm/rfswarm_reporter/rfswarm_reporter.py", line 5810, in __init__\n    self.root = tk.Tk()\n  File "/Users/runner/hostedtoolcache/Python/3.10.13/x64/lib/python3.10/tkinter/__init__.py", line 2301, in __init__\n    self._loadtk()\n  File "/Users/runner/hostedtoolcache/Python/3.10.13/x64/lib/python3.10/tkinter/__init__.py", line 2317, in _loadtk\n    raise RuntimeError("tk.h version (%s) doesn\'t match libtk.a version (%s)"\nRuntimeError: tk.h version (8.5) doesn\'t match libtk.a version (8.6)\' contains \'Traceback\'\n\n3) 1 != 0\n\n4) Had to Terminate Process', '${PREV_TEST_NAME}': 'GUI Runs and Closes', '${PREV_TEST_STATUS}': 'FAIL', '${process}': 'None', '${pyfile}': '/Users/runner/work/rfswarm/rfswarm/rfswarm_reporter/rfswarm_reporter.py', '${REPORT_FILE}': '/Users/runner/work/rfswarm/rfswarm/Tests/Regression/Reporter/Logs/macos-latest_3.10/report.html', '${SPACE}': ' ', '${sssleep}': '0.5', '${SUITE_DOCUMENTATION}': '', '${SUITE_NAME}': 'Reporter.GUI Basic', '${SUITE_SOURCE}': '/Users/runner/work/rfswarm/rfswarm/Tests/Regression/Reporter/GUI_Basic.robot', '${TEMPDIR}': '/var/folders/24/8k48jl6d249_n_qfxwsl6xvm0000gn/T', '${TEST_DOCUMENTATION}': '', '${TEST_NAME}': 'Select Preview Tab', '${True}': True, '&amp;{OPTIONS}': {'include': ['macos-latest'], 'exclude': [], 'skip': [], 'skip_on_failure': []}, '&amp;{SUITE_METADATA}': Metadata(), '@{appargs}': [], '@{TEST_TAGS}': ['macos-latest', 'ubuntu-latest', 'windows-latest']}</msg>
<arg>${var}</arg>
<doc>Logs the given message with the given level.</doc>
<status status="PASS" start="2024-02-14T06:34:24.584010" elapsed="0.000584"/>
</kw>
<kw name="Get Platform">
<kw name="Create Dictionary" owner="BuiltIn">
<msg time="2024-02-14T06:34:24.586282" level="INFO">&amp;{platforms} = { Linux=ubuntu | Darwin=macos | Java=notsupported | Windows=windows }</msg>
<var>&amp;{platforms}</var>
<arg>Linux=ubuntu</arg>
<arg>Darwin=macos</arg>
<arg>Java=notsupported</arg>
<arg>Windows=windows</arg>
<doc>Creates and returns a dictionary based on the given ``items``.</doc>
<status status="PASS" start="2024-02-14T06:34:24.585766" elapsed="0.000589"/>
</kw>
<kw name="Evaluate" owner="BuiltIn">
<msg time="2024-02-14T06:34:24.587150" level="INFO">${os} = Darwin</msg>
<var>${os}</var>
<arg>platform.system()</arg>
<arg>platform</arg>
<doc>Evaluates the given expression in Python and returns the result.</doc>
<status status="PASS" start="2024-02-14T06:34:24.586628" elapsed="0.000564"/>
</kw>
<kw name="Set Suite Variable" owner="BuiltIn">
<msg time="2024-02-14T06:34:24.587829" level="INFO">${platform} = macos</msg>
<arg>${platform}</arg>
<arg>${platforms}[${os}]</arg>
<doc>Makes a variable available everywhere within the scope of the current suite.</doc>
<status status="PASS" start="2024-02-14T06:34:24.587415" elapsed="0.000488"/>
</kw>
<status status="PASS" start="2024-02-14T06:34:24.584897" elapsed="0.003114"/>
</kw>
<kw name="Set Variable" owner="BuiltIn">
<msg time="2024-02-14T06:34:24.588512" level="INFO">${keyword} = Open GUI macos</msg>
<var>${keyword}</var>
<arg>Open GUI ${platform}</arg>
<doc>Returns the given values which can then be assigned to a variables.</doc>
<status status="PASS" start="2024-02-14T06:34:24.588235" elapsed="0.000329"/>
</kw>
<kw name="Run Keyword" owner="BuiltIn">
<kw name="Open GUI macos">
<kw name="Set Suite Variable" owner="BuiltIn">
<msg time="2024-02-14T06:34:24.590333" level="INFO">${platform} = macos</msg>
<arg>${platform}</arg>
<arg>macos</arg>
<doc>Makes a variable available everywhere within the scope of the current suite.</doc>
<status status="PASS" start="2024-02-14T06:34:24.589930" elapsed="0.000472"/>
</kw>
<kw name="Set Confidence" owner="ImageHorizonLibrary">
<arg>0.9</arg>
<doc>Sets the accuracy when finding images.</doc>
<status status="PASS" start="2024-02-14T06:34:24.590585" elapsed="0.000176"/>
</kw>
<kw name="Start Process" owner="Process">
<msg time="2024-02-14T06:34:24.668204" level="INFO">Starting process:
python3 /Users/runner/work/rfswarm/rfswarm/rfswarm_reporter/rfswarm_reporter.py -g 5</msg>
<msg time="2024-02-14T06:34:24.679045" level="INFO">${process} = &lt;Popen: returncode: None args: ['python3', '/Users/runner/work/rfswarm/rfswa...&gt;</msg>
<var>${process}</var>
<arg>python3</arg>
<arg>${pyfile}</arg>
<arg>-g</arg>
<arg>5</arg>
<arg>@{appargs}</arg>
<arg>alias=Reporter</arg>
<arg>stdout=${OUTPUT DIR}${/}stdout.txt</arg>
<arg>stderr=${OUTPUT DIR}${/}stderr.txt</arg>
<doc>Starts a new process on background.</doc>
<status status="PASS" start="2024-02-14T06:34:24.591018" elapsed="0.088175"/>
</kw>
<kw name="Set Suite Variable" owner="BuiltIn">
<msg time="2024-02-14T06:34:24.681307" level="INFO">${process} = &lt;Popen: returncode: None args: ['python3', '/Users/runner/work/rfswarm/rfswa...&gt;</msg>
<arg>$process</arg>
<arg>${process}</arg>
<doc>Makes a variable available everywhere within the scope of the current suite.</doc>
<status status="PASS" start="2024-02-14T06:34:24.680195" elapsed="0.001190"/>
</kw>
<kw name="Set Screenshot Folder" owner="ImageHorizonLibrary">
<arg>${OUTPUT DIR}</arg>
<doc>Sets the folder where screenshots are saved to.</doc>
<status status="PASS" start="2024-02-14T06:34:24.681599" elapsed="0.000333"/>
</kw>
<kw name="Take A Screenshot" owner="ImageHorizonLibrary">
<msg time="2024-02-14T06:34:24.682896" level="INFO" html="true">Screenshot taken: /Users/runner/work/rfswarm/rfswarm/Tests/Regression/Reporter/Logs/macos-latest_3.10/Reporter.GUIBasic-screenshot-6.png&lt;br/&gt;&lt;img src="/Users/runner/work/rfswarm/rfswarm/Tests/Regression/Reporter/Logs/macos-latest_3.10/Reporter.GUIBasic-screenshot-6.png" width="100%" /&gt;</msg>
<doc>Takes a screenshot of the screen.</doc>
<status status="PASS" start="2024-02-14T06:34:24.682131" elapsed="0.614927"/>
</kw>
<arg>@{appargs}</arg>
<status status="PASS" start="2024-02-14T06:34:24.589432" elapsed="0.708042"/>
</kw>
<arg>${keyword}</arg>
<arg>@{appargs}</arg>
<doc>Executes the given keyword with the given arguments.</doc>
<status status="PASS" start="2024-02-14T06:34:24.588812" elapsed="0.708791"/>
</kw>
<status status="PASS" start="2024-02-14T06:34:24.582151" elapsed="0.715589"/>
</kw>
<kw name="Wait For Status">
<kw name="Convert To Lower Case" owner="String">
<msg time="2024-02-14T06:34:25.299601" level="INFO">${statusl} = previewloaded</msg>
<var>${statusl}</var>
<arg>${status}</arg>
<doc>Converts string to lower case.</doc>
<status status="PASS" start="2024-02-14T06:34:25.299255" elapsed="0.000388"/>
</kw>
<kw name="Set Variable" owner="BuiltIn">
<msg time="2024-02-14T06:34:25.300153" level="INFO">${img} = reporter_macos_status_previewloaded.png</msg>
<var>${img}</var>
<arg>reporter_${platform}_status_${statusl}.png</arg>
<doc>Returns the given values which can then be assigned to a variables.</doc>
<status status="PASS" start="2024-02-14T06:34:25.299851" elapsed="0.000340"/>
</kw>
<kw name="Log" owner="BuiltIn">
<msg time="2024-02-14T06:34:25.300568" level="INFO">/Users/runner/work/rfswarm/rfswarm/Tests/Regression/Reporter</msg>
<arg>/Users/runner/work/rfswarm/rfswarm/Tests/Regression/Reporter</arg>
<doc>Logs the given message with the given level.</doc>
<status status="PASS" start="2024-02-14T06:34:25.300379" elapsed="0.000257"/>
</kw>
<kw name="Log" owner="BuiltIn">
<msg time="2024-02-14T06:34:25.300968" level="INFO">/Users/runner/work/rfswarm/rfswarm/Tests/Regression/Reporter/Images/file_method</msg>
<arg>${IMAGE_DIR}</arg>
<doc>Logs the given message with the given level.</doc>
<status status="PASS" start="2024-02-14T06:34:25.300793" elapsed="0.000250"/>
</kw>
<kw name="Wait For" owner="ImageHorizonLibrary">
<kw name="Take A Screenshot" owner="ImageHorizonLibrary">
<msg time="2024-02-14T06:39:25.606623" level="INFO" html="true">Screenshot taken: /Users/runner/work/rfswarm/rfswarm/Tests/Regression/Reporter/Logs/macos-latest_3.10/Reporter.GUIBasic-screenshot-7.png&lt;br/&gt;&lt;img src="/Users/runner/work/rfswarm/rfswarm/Tests/Regression/Reporter/Logs/macos-latest_3.10/Reporter.GUIBasic-screenshot-7.png" width="100%" /&gt;</msg>
<doc>Takes a screenshot of the screen.</doc>
<status status="PASS" start="2024-02-14T06:39:25.605646" elapsed="0.296158"/>
</kw>
<msg time="2024-02-14T06:39:25.902567" level="FAIL">ImageNotFoundException: Reference image "/Users/runner/work/rfswarm/rfswarm/Tests/Regression/Reporter/Images/file_method/reporter_macos_status_previewloaded.png" was not found on screen</msg>
<arg>${img}</arg>
<arg>timeout=${timeout}</arg>
<doc>Tries to locate given image from the screen for given time.</doc>
<status status="FAIL" start="2024-02-14T06:34:25.301221" elapsed="300.601646">ImageNotFoundException: Reference image "/Users/runner/work/rfswarm/rfswarm/Tests/Regression/Reporter/Images/file_method/reporter_macos_status_previewloaded.png" was not found on screen</status>
</kw>
<kw name="Sleep" owner="BuiltIn">
<arg>${sssleep}</arg>
<doc>Pauses the test executed for the given time.</doc>
<status status="NOT RUN" start="2024-02-14T06:39:25.903426" elapsed="0.000058"/>
</kw>
<kw name="Take A Screenshot" owner="ImageHorizonLibrary">
<doc>Takes a screenshot of the screen.</doc>
<status status="NOT RUN" start="2024-02-14T06:39:25.903663" elapsed="0.000032"/>
</kw>
<arg>PreviewLoaded</arg>
<status status="FAIL" start="2024-02-14T06:34:25.298403" elapsed="300.605552">ImageNotFoundException: Reference image "/Users/runner/work/rfswarm/rfswarm/Tests/Regression/Reporter/Images/file_method/reporter_macos_status_previewloaded.png" was not found on screen</status>
</kw>
<kw name="Click Tab">
<arg>Preview</arg>
<status status="NOT RUN" start="2024-02-14T06:39:25.904535" elapsed="0.000039"/>
</kw>
<kw name="Close GUI" type="TEARDOWN">
<kw name="Set Variable" owner="BuiltIn">
<msg time="2024-02-14T06:39:25.906698" level="INFO">${keyword} = Close GUI macos</msg>
<var>${keyword}</var>
<arg>Close GUI ${platform}</arg>
[...]
    base.gui = ReporterGUI()
  File "/Users/runner/work/rfswarm/rfswarm/rfswarm_reporter/rfswarm_reporter.py", line 5810, in __init__
    self.root = tk.Tk()
  File "/Users/runner/hostedtoolcache/Python/3.10.13/x64/lib/python3.10/tkinter/__init__.py", line 2301, in __init__
    self._loadtk()
  File "/Users/runner/hostedtoolcache/Python/3.10.13/x64/lib/python3.10/tkinter/__init__.py", line 2317, in _loadtk
    raise RuntimeError("tk.h version (%s) doesn't match libtk.a version (%s)"
RuntimeError: tk.h version (8.5) doesn't match libtk.a version (8.6)</msg>
<arg>${result.stderr}</arg>
<doc>Logs the given message with the given level.</doc>
<status status="PASS" start="2024-02-14T06:52:35.107711" elapsed="0.001171"/>
</kw>
<kw name="Should Not Contain" owner="BuiltIn">
<msg time="2024-02-14T06:52:35.109882" level="FAIL">'Traceback (most recent call last):
  File "/Users/runner/work/rfswarm/rfswarm/rfswarm_reporter/rfswarm_reporter.py", line 9704, in &lt;module&gt;
    core = ReporterCore()
  File "/Users/runner/work/rfswarm/rfswarm/rfswarm_reporter/rfswarm_reporter.py", line 2743, in __init__
    base.gui = ReporterGUI()
  File "/Users/runner/work/rfswarm/rfswarm/rfswarm_reporter/rfswarm_reporter.py", line 5810, in __init__
    self.root = tk.Tk()
  File "/Users/runner/hostedtoolcache/Python/3.10.13/x64/lib/python3.10/tkinter/__init__.py", line 2301, in __init__
    self._loadtk()
  File "/Users/runner/hostedtoolcache/Python/3.10.13/x64/lib/python3.10/tkinter/__init__.py", line 2317, in _loadtk
    raise RuntimeError("tk.h version (%s) doesn't match libtk.a version (%s)"
RuntimeError: tk.h version (8.5) doesn't match libtk.a version (8.6)' contains 'Traceback'</msg>
<arg>${result.stderr}</arg>
<arg>Traceback</arg>
<doc>Fails if ``container`` contains ``item`` one or more times.</doc>
<status status="FAIL" start="2024-02-14T06:52:35.109070" elapsed="0.000968">'Traceback (most recent call last):
  File "/Users/runner/work/rfswarm/rfswarm/rfswarm_reporter/rfswarm_reporter.py", line 9704, in &lt;module&gt;
    core = ReporterCore()
  File "/Users/runner/work/rfswarm/rfswarm/rfswarm_reporter/rfswarm_reporter.py", line 2743, in __init__
    base.gui = ReporterGUI()
  File "/Users/runner/work/rfswarm/rfswarm/rfswarm_reporter/rfswarm_reporter.py", line 5810, in __init__
    self.root = tk.Tk()
  File "/Users/runner/hostedtoolcache/Python/3.10.13/x64/lib/python3.10/tkinter/__init__.py", line 2301, in __init__
    self._loadtk()
  File "/Users/runner/hostedtoolcache/Python/3.10.13/x64/lib/python3.10/tkinter/__init__.py", line 2317, in _loadtk
    raise RuntimeError("tk.h version (%s) doesn't match libtk.a version (%s)"
RuntimeError: tk.h version (8.5) doesn't match libtk.a version (8.6)' contains 'Traceback'</status>
</kw>
<kw name="Should Be Equal As Integers" owner="BuiltIn">
<msg time="2024-02-14T06:52:35.111673" level="INFO">Argument types are:
&lt;class 'int'&gt;
&lt;class 'str'&gt;</msg>
<msg time="2024-02-14T06:52:35.111870" level="FAIL">1 != 0</msg>
<arg>${result.rc}</arg>
<arg>0</arg>
<doc>Fails if objects are unequal after converting them to integers.</doc>
<status status="FAIL" start="2024-02-14T06:52:35.110258" elapsed="0.001702">1 != 0</status>
</kw>
<arg>${result}</arg>
<status status="FAIL" start="2024-02-14T06:52:35.106362" elapsed="0.005878">Several failures occurred:

1) 'Traceback (most recent call last):
  File "/Users/runner/work/rfswarm/rfswarm/rfswarm_reporter/rfswarm_reporter.py", line 9704, in &lt;module&gt;
    core = ReporterCore()
  File "/Users/runner/work/rfswarm/rfswarm/rfswarm_reporter/rfswarm_reporter.py", line 2743, in __init__
    base.gui = ReporterGUI()
  File "/Users/runner/work/rfswarm/rfswarm/rfswarm_reporter/rfswarm_reporter.py", line 5810, in __init__
    self.root = tk.Tk()
  File "/Users/runner/hostedtoolcache/Python/3.10.13/x64/lib/python3.10/tkinter/__init__.py", line 2301, in __init__
    self._loadtk()
  File "/Users/runner/hostedtoolcache/Python/3.10.13/x64/lib/python3.10/tkinter/__init__.py", line 2317, in _loadtk
    raise RuntimeError("tk.h version (%s) doesn't match libtk.a version (%s)"
RuntimeError: tk.h version (8.5) doesn't match libtk.a version (8.6)' contains 'Traceback'

2) 1 != 0</status>
</kw>
<kw name="Fail" owner="BuiltIn">
<msg time="2024-02-14T06:52:35.112741" level="FAIL">Had to Terminate Process</msg>
<arg>Had to Terminate Process</arg>
<doc>Fails the test with the given message and optionally alters its tags.</doc>
<status status="FAIL" start="2024-02-14T06:52:35.112474" elapsed="0.000349">Had to Terminate Process</status>
</kw>
<status status="FAIL" start="2024-02-14T06:52:34.668995" elapsed="0.443981">Several failures occurred:

1) 'Traceback (most recent call last):
  File "/Users/runner/work/rfswarm/rfswarm/rfswarm_reporter/rfswarm_reporter.py", line 9704, in &lt;module&gt;
    core = ReporterCore()
  File "/Users/runner/work/rfswarm/rfswarm/rfswarm_reporter/rfswarm_reporter.py", line 2743, in __init__
    base.gui = ReporterGUI()
  File "/Users/runner/work/rfswarm/rfswarm/rfswarm_reporter/rfswarm_reporter.py", line 5810, in __init__
    self.root = tk.Tk()
  File "/Users/runner/hostedtoolcache/Python/3.10.13/x64/lib/python3.10/tkinter/__init__.py", line 2301, in __init__
    self._loadtk()
  File "/Users/runner/hostedtoolcache/Python/3.10.13/x64/lib/python3.10/tkinter/__init__.py", line 2317, in _loadtk
    raise RuntimeError("tk.h version (%s) doesn't match libtk.a version (%s)"
RuntimeError: tk.h version (8.5) doesn't match libtk.a version (8.6)' contains 'Traceback'

2) 1 != 0

3) Had to Terminate Process</status>
</branch>
<status status="FAIL" start="2024-02-14T06:52:34.668347" elapsed="0.444708">Several failures occurred:

1) 'Traceback (most recent call last):
  File "/Users/runner/work/rfswarm/rfswarm/rfswarm_reporter/rfswarm_reporter.py", line 9704, in &lt;module&gt;
    core = ReporterCore()
  File "/Users/runner/work/rfswarm/rfswarm/rfswarm_reporter/rfswarm_reporter.py", line 2743, in __init__
    base.gui = ReporterGUI()
  File "/Users/runner/work/rfswarm/rfswarm/rfswarm_reporter/rfswarm_reporter.py", line 5810, in __init__
    self.root = tk.Tk()
  File "/Users/runner/hostedtoolcache/Python/3.10.13/x64/lib/python3.10/tkinter/__init__.py", line 2301, in __init__
    self._loadtk()
  File "/Users/runner/hostedtoolcache/Python/3.10.13/x64/lib/python3.10/tkinter/__init__.py", line 2317, in _loadtk
    raise RuntimeError("tk.h version (%s) doesn't match libtk.a version (%s)"
RuntimeError: tk.h version (8.5) doesn't match libtk.a version (8.6)' contains 'Traceback'

2) 1 != 0

3) Had to Terminate Process</status>
</if>
<status status="FAIL" start="2024-02-14T06:51:34.472623" elapsed="60.640682">Several failures occurred:

1) 'Traceback (most recent call last):
  File "/Users/runner/work/rfswarm/rfswarm/rfswarm_reporter/rfswarm_reporter.py", line 9704, in &lt;module&gt;
    core = ReporterCore()
  File "/Users/runner/work/rfswarm/rfswarm/rfswarm_reporter/rfswarm_reporter.py", line 2743, in __init__
    base.gui = ReporterGUI()
  File "/Users/runner/work/rfswarm/rfswarm/rfswarm_reporter/rfswarm_reporter.py", line 5810, in __init__
    self.root = tk.Tk()
  File "/Users/runner/hostedtoolcache/Python/3.10.13/x64/lib/python3.10/tkinter/__init__.py", line 2301, in __init__
    self._loadtk()
  File "/Users/runner/hostedtoolcache/Python/3.10.13/x64/lib/python3.10/tkinter/__init__.py", line 2317, in _loadtk
    raise RuntimeError("tk.h version (%s) doesn't match libtk.a version (%s)"
RuntimeError: tk.h version (8.5) doesn't match libtk.a version (8.6)' contains 'Traceback'

2) 1 != 0

3) Had to Terminate Process</status>
</kw>
<status status="FAIL" start="2024-02-14T06:51:32.978925" elapsed="62.134683">Several failures occurred:

1) ImageNotFoundException: Reference image "/Users/runner/work/rfswarm/rfswarm/Tests/Regression/Reporter/Images/file_method/reporter_macos_button_closewindow.png" was not found on screen

2) 'Traceback (most recent call last):
  File "/Users/runner/work/rfswarm/rfswarm/rfswarm_reporter/rfswarm_reporter.py", line 9704, in &lt;module&gt;
    core = ReporterCore()
  File "/Users/runner/work/rfswarm/rfswarm/rfswarm_reporter/rfswarm_reporter.py", line 2743, in __init__
    base.gui = ReporterGUI()
  File "/Users/runner/work/rfswarm/rfswarm/rfswarm_reporter/rfswarm_reporter.py", line 5810, in __init__
    self.root = tk.Tk()
  File "/Users/runner/hostedtoolcache/Python/3.10.13/x64/lib/python3.10/tkinter/__init__.py", line 2301, in __init__
    self._loadtk()
  File "/Users/runner/hostedtoolcache/Python/3.10.13/x64/lib/python3.10/tkinter/__init__.py", line 2317, in _loadtk
    raise RuntimeError("tk.h version (%s) doesn't match libtk.a version (%s)"
RuntimeError: tk.h version (8.5) doesn't match libtk.a version (8.6)' contains 'Traceback'

3) 1 != 0

4) Had to Terminate Process</status>
</kw>
<arg>${keyword}</arg>
<doc>Executes the given keyword with the given arguments.</doc>
<status status="FAIL" start="2024-02-14T06:51:32.978371" elapsed="62.135341">Several failures occurred:

1) ImageNotFoundException: Reference image "/Users/runner/work/rfswarm/rfswarm/Tests/Regression/Reporter/Images/file_method/reporter_macos_button_closewindow.png" was not found on screen

2) 'Traceback (most recent call last):
  File "/Users/runner/work/rfswarm/rfswarm/rfswarm_reporter/rfswarm_reporter.py", line 9704, in &lt;module&gt;
    core = ReporterCore()
  File "/Users/runner/work/rfswarm/rfswarm/rfswarm_reporter/rfswarm_reporter.py", line 2743, in __init__
    base.gui = ReporterGUI()
  File "/Users/runner/work/rfswarm/rfswarm/rfswarm_reporter/rfswarm_reporter.py", line 5810, in __init__
    self.root = tk.Tk()
  File "/Users/runner/hostedtoolcache/Python/3.10.13/x64/lib/python3.10/tkinter/__init__.py", line 2301, in __init__
    self._loadtk()
  File "/Users/runner/hostedtoolcache/Python/3.10.13/x64/lib/python3.10/tkinter/__init__.py", line 2317, in _loadtk
    raise RuntimeError("tk.h version (%s) doesn't match libtk.a version (%s)"
RuntimeError: tk.h version (8.5) doesn't match libtk.a version (8.6)' contains 'Traceback'

3) 1 != 0

4) Had to Terminate Process</status>
</kw>
<status status="FAIL" start="2024-02-14T06:51:32.978132" elapsed="62.135717">Several failures occurred:

1) ImageNotFoundException: Reference image "/Users/runner/work/rfswarm/rfswarm/Tests/Regression/Reporter/Images/file_method/reporter_macos_button_closewindow.png" was not found on screen

2) 'Traceback (most recent call last):
  File "/Users/runner/work/rfswarm/rfswarm/rfswarm_reporter/rfswarm_reporter.py", line 9704, in &lt;module&gt;
    core = ReporterCore()
  File "/Users/runner/work/rfswarm/rfswarm/rfswarm_reporter/rfswarm_reporter.py", line 2743, in __init__
    base.gui = ReporterGUI()
  File "/Users/runner/work/rfswarm/rfswarm/rfswarm_reporter/rfswarm_reporter.py", line 5810, in __init__
    self.root = tk.Tk()
  File "/Users/runner/hostedtoolcache/Python/3.10.13/x64/lib/python3.10/tkinter/__init__.py", line 2301, in __init__
    self._loadtk()
  File "/Users/runner/hostedtoolcache/Python/3.10.13/x64/lib/python3.10/tkinter/__init__.py", line 2317, in _loadtk
    raise RuntimeError("tk.h version (%s) doesn't match libtk.a version (%s)"
RuntimeError: tk.h version (8.5) doesn't match libtk.a version (8.6)' contains 'Traceback'

3) 1 != 0

4) Had to Terminate Process</status>
</branch>
<branch type="ELSE">
<kw name="Wait For Process" owner="Process">
<var>${result}</var>
<arg>${process}</arg>
<arg>timeout=60</arg>
<doc>Waits for the process to complete or to reach the given timeout.</doc>
<status status="NOT RUN" start="2024-02-14T06:52:35.114363" elapsed="0.000036"/>
</kw>
<kw name="Check Result">
<arg>${result}</arg>
<status status="NOT RUN" start="2024-02-14T06:52:35.114631" elapsed="0.000036"/>
</kw>
<status status="NOT RUN" start="2024-02-14T06:52:35.113926" elapsed="0.000802"/>
</branch>
<status status="FAIL" start="2024-02-14T06:51:32.978107" elapsed="62.136664">Several failures occurred:

1) ImageNotFoundException: Reference image "/Users/runner/work/rfswarm/rfswarm/Tests/Regression/Reporter/Images/file_method/reporter_macos_button_closewindow.png" was not found on screen

2) 'Traceback (most recent call last):
  File "/Users/runner/work/rfswarm/rfswarm/rfswarm_reporter/rfswarm_reporter.py", line 9704, in &lt;module&gt;
    core = ReporterCore()
  File "/Users/runner/work/rfswarm/rfswarm/rfswarm_reporter/rfswarm_reporter.py", line 2743, in __init__
    base.gui = ReporterGUI()
  File "/Users/runner/work/rfswarm/rfswarm/rfswarm_reporter/rfswarm_reporter.py", line 5810, in __init__
    self.root = tk.Tk()
  File "/Users/runner/hostedtoolcache/Python/3.10.13/x64/lib/python3.10/tkinter/__init__.py", line 2301, in __init__
    self._loadtk()
  File "/Users/runner/hostedtoolcache/Python/3.10.13/x64/lib/python3.10/tkinter/__init__.py", line 2317, in _loadtk
    raise RuntimeError("tk.h version (%s) doesn't match libtk.a version (%s)"
RuntimeError: tk.h version (8.5) doesn't match libtk.a version (8.6)' contains 'Traceback'

3) 1 != 0

4) Had to Terminate Process</status>
</if>
<status status="FAIL" start="2024-02-14T06:51:32.977310" elapsed="62.137611">Several failures occurred:

1) ImageNotFoundException: Reference image "/Users/runner/work/rfswarm/rfswarm/Tests/Regression/Reporter/Images/file_method/reporter_macos_button_closewindow.png" was not found on screen

2) 'Traceback (most recent call last):
  File "/Users/runner/work/rfswarm/rfswarm/rfswarm_reporter/rfswarm_reporter.py", line 9704, in &lt;module&gt;
    core = ReporterCore()
  File "/Users/runner/work/rfswarm/rfswarm/rfswarm_reporter/rfswarm_reporter.py", line 2743, in __init__
    base.gui = ReporterGUI()
  File "/Users/runner/work/rfswarm/rfswarm/rfswarm_reporter/rfswarm_reporter.py", line 5810, in __init__
    self.root = tk.Tk()
  File "/Users/runner/hostedtoolcache/Python/3.10.13/x64/lib/python3.10/tkinter/__init__.py", line 2301, in __init__
    self._loadtk()
  File "/Users/runner/hostedtoolcache/Python/3.10.13/x64/lib/python3.10/tkinter/__init__.py", line 2317, in _loadtk
    raise RuntimeError("tk.h version (%s) doesn't match libtk.a version (%s)"
RuntimeError: tk.h version (8.5) doesn't match libtk.a version (8.6)' contains 'Traceback'

3) 1 != 0

4) Had to Terminate Process</status>
</branch>
<status status="FAIL" start="2024-02-14T06:51:32.977001" elapsed="62.137985">Several failures occurred:

1) ImageNotFoundException: Reference image "/Users/runner/work/rfswarm/rfswarm/Tests/Regression/Reporter/Images/file_method/reporter_macos_button_closewindow.png" was not found on screen

2) 'Traceback (most recent call last):
  File "/Users/runner/work/rfswarm/rfswarm/rfswarm_reporter/rfswarm_reporter.py", line 9704, in &lt;module&gt;
    core = ReporterCore()
  File "/Users/runner/work/rfswarm/rfswarm/rfswarm_reporter/rfswarm_reporter.py", line 2743, in __init__
    base.gui = ReporterGUI()
  File "/Users/runner/work/rfswarm/rfswarm/rfswarm_reporter/rfswarm_reporter.py", line 5810, in __init__
    self.root = tk.Tk()
  File "/Users/runner/hostedtoolcache/Python/3.10.13/x64/lib/python3.10/tkinter/__init__.py", line 2301, in __init__
    self._loadtk()
  File "/Users/runner/hostedtoolcache/Python/3.10.13/x64/lib/python3.10/tkinter/__init__.py", line 2317, in _loadtk
    raise RuntimeError("tk.h version (%s) doesn't match libtk.a version (%s)"
RuntimeError: tk.h version (8.5) doesn't match libtk.a version (8.6)' contains 'Traceback'

3) 1 != 0

4) Had to Terminate Process</status>
</if>
<kw name="Set Suite Variable" owner="BuiltIn">
<msg time="2024-02-14T06:52:35.116467" level="INFO">${process} = None</msg>
<arg>$process</arg>
<arg>None</arg>
<doc>Makes a variable available everywhere within the scope of the current suite.</doc>
<status status="PASS" start="2024-02-14T06:52:35.115678" elapsed="0.000944"/>
</kw>
<kw name="Sleep" owner="BuiltIn">
<msg time="2024-02-14T06:52:35.659413" level="INFO">Slept 500 milliseconds.</msg>
<arg>0.5</arg>
<doc>Pauses the test executed for the given time.</doc>
<status status="PASS" start="2024-02-14T06:52:35.117163" elapsed="0.542680"/>
</kw>
<status status="FAIL" start="2024-02-14T06:51:32.975875" elapsed="62.684230">Several failures occurred:

1) ImageNotFoundException: Reference image "/Users/runner/work/rfswarm/rfswarm/Tests/Regression/Reporter/Images/file_method/reporter_macos_button_closewindow.png" was not found on screen

2) 'Traceback (most recent call last):
  File "/Users/runner/work/rfswarm/rfswarm/rfswarm_reporter/rfswarm_reporter.py", line 9704, in &lt;module&gt;
    core = ReporterCore()
  File "/Users/runner/work/rfswarm/rfswarm/rfswarm_reporter/rfswarm_reporter.py", line 2743, in __init__
    base.gui = ReporterGUI()
  File "/Users/runner/work/rfswarm/rfswarm/rfswarm_reporter/rfswarm_reporter.py", line 5810, in __init__
    self.root = tk.Tk()
  File "/Users/runner/hostedtoolcache/Python/3.10.13/x64/lib/python3.10/tkinter/__init__.py", line 2301, in __init__
    self._loadtk()
  File "/Users/runner/hostedtoolcache/Python/3.10.13/x64/lib/python3.10/tkinter/__init__.py", line 2317, in _loadtk
    raise RuntimeError("tk.h version (%s) doesn't match libtk.a version (%s)"
RuntimeError: tk.h version (8.5) doesn't match libtk.a version (8.6)' contains 'Traceback'

3) 1 != 0

4) Had to Terminate Process</status>
</kw>
<tag>Issue #149</tag>
<tag>Issue #150</tag>
<tag>macos-latest</tag>
<tag>ubuntu-latest</tag>
<tag>windows-latest</tag>
<status status="FAIL" start="2024-02-14T06:46:32.125871" elapsed="363.534391">ImageNotFoundException: Reference image "/Users/runner/work/rfswarm/rfswarm/Tests/Regression/Reporter/Images/file_method/reporter_macos_status_previewloaded.png" was not found on screen

Also teardown failed:
Several failures occurred:

1) ImageNotFoundException: Reference image "/Users/runner/work/rfswarm/rfswarm/Tests/Regression/Reporter/Images/file_method/reporter_macos_button_closewindow.png" was not found on screen

2) 'Traceback (most recent call last):
  File "/Users/runner/work/rfswarm/rfswarm/rfswarm_reporter/rfswarm_reporter.py", line 9704, in &lt;module&gt;
    core = ReporterCore()
  File "/Users/runner/work/rfswarm/rfswarm/rfswarm_reporter/rfswarm_reporter.py", line 2743, in __init__
    base.gui = ReporterGUI()
  File "/Users/runner/work/rfswarm/rfswarm/rfswarm_reporter/rfswarm_reporter.py", line 5810, in __init__
    self.root = tk.Tk()
  File "/Users/runner/hostedtoolcache/Python/3.10.13/x64/lib/python3.10/tkinter/__init__.py", line 2301, in __init__
    self._loadtk()
  File "/Users/runner/hostedtoolcache/Python/3.10.13/x64/lib/python3.10/tkinter/__init__.py", line 2317, in _loadtk
    raise RuntimeError("tk.h version (%s) doesn't match libtk.a version (%s)"
RuntimeError: tk.h version (8.5) doesn't match libtk.a version (8.6)' contains 'Traceback'

3) 1 != 0

4) Had to Terminate Process</status>
</test>
<status status="FAIL" start="2024-02-14T06:28:00.959775" elapsed="1474.701612"/>
</suite>
<status status="FAIL" start="2024-02-14T06:27:29.963514" elapsed="1505.698914"/>
</suite>
<statistics>
<total>
<stat pass="5" fail="4" skip="0">All Tests</stat>
</total>
<tag>
<stat pass="1" fail="0" skip="0">DOCX</stat>
<stat pass="1" fail="0" skip="0">HTML</stat>
<stat pass="3" fail="0" skip="0">Issue #144</stat>
<stat pass="0" fail="1" skip="0">Issue #147</stat>
<stat pass="0" fail="1" skip="0">Issue #149</stat>
<stat pass="0" fail="1" skip="0">Issue #150</stat>
<stat pass="5" fail="4" skip="0">macos-latest</stat>
<stat pass="5" fail="4" skip="0">ubuntu-latest</stat>
<stat pass="5" fail="4" skip="0">windows-latest</stat>
<stat pass="1" fail="0" skip="0">XLSX</stat>
</tag>
<suite>
<stat pass="5" fail="4" skip="0" id="s1" name="Reporter">Reporter</stat>
<stat pass="5" fail="0" skip="0" id="s1-s1" name="CommandLine">Reporter.CommandLine</stat>
<stat pass="0" fail="4" skip="0" id="s1-s2" name="GUI Basic">Reporter.GUI Basic</stat>
</suite>
</statistics>
<errors>
</errors>
</robot>
