<?xml version="1.0" encoding="UTF-8"?>
<robot generator="Robot 6.0.2 (Python 3.10.11 on darwin)" generated="20230425 00:56:45.184" rpa="false" schemaversion="3">
<suite id="s1" name="Reporter" source="/Users/runner/work/rfswarm/rfswarm/Tests/Regression/Reporter">
<suite id="s1-s1" name="CommandLine" source="/Users/runner/work/rfswarm/rfswarm/Tests/Regression/Reporter/CommandLine.robot">
<kw name="Clean Up Old Files" type="SETUP">
<tag>macos-latest</tag>
<tag>ubuntu-latest</tag>
<tag>windows-latest</tag>
<kw name="Log To Console" library="BuiltIn">
<arg>${OUTPUT DIR}</arg>
<doc>Logs the given message to the console.</doc>
<status status="PASS" starttime="20230425 00:56:45.226" endtime="20230425 00:56:45.227"/>
</kw>
<kw name="Remove File" library="OperatingSystem">
<arg>${OUTPUT DIR}${/}*.txt</arg>
<doc>Removes a file with the given path.</doc>
<msg timestamp="20230425 00:56:45.228" level="INFO" html="true">Removed file '&lt;a href="file:///Users/runner/work/rfswarm/rfswarm/Tests/Regression/Reporter/Logs/macos-latest_3.10/stdout.txt"&gt;/Users/runner/work/rfswarm/rfswarm/Tests/Regression/Reporter/Logs/macos-latest_3.10/stdout.txt&lt;/a&gt;'.</msg>
<msg timestamp="20230425 00:56:45.228" level="INFO" html="true">Removed file '&lt;a href="file:///Users/runner/work/rfswarm/rfswarm/Tests/Regression/Reporter/Logs/macos-latest_3.10/stderr.txt"&gt;/Users/runner/work/rfswarm/rfswarm/Tests/Regression/Reporter/Logs/macos-latest_3.10/stderr.txt&lt;/a&gt;'.</msg>
<status status="PASS" starttime="20230425 00:56:45.227" endtime="20230425 00:56:45.228"/>
</kw>
<kw name="Remove File" library="OperatingSystem">
<arg>${OUTPUT DIR}${/}*.png</arg>
<doc>Removes a file with the given path.</doc>
<msg timestamp="20230425 00:56:45.229" level="INFO" html="true">Removed file '&lt;a href="file:///Users/runner/work/rfswarm/rfswarm/Tests/Regression/Reporter/Logs/macos-latest_3.10/Reporter.GUIBasic-screenshot-1.png"&gt;/Users/runner/work/rfswarm/rfswarm/Tests/Regression/Reporter/Logs/macos-latest_3.10/Reporter.GUIBasic-screenshot-1.png&lt;/a&gt;'.</msg>
<status status="PASS" starttime="20230425 00:56:45.228" endtime="20230425 00:56:45.229"/>
</kw>
<status status="PASS" starttime="20230425 00:56:45.226" endtime="20230425 00:56:45.229"/>
</kw>
<test id="s1-s1-t1" name="Reporter Version" line="12">
<kw name="Run" library="OperatingSystem">
<var>${result}</var>
<arg>python3 ${EXECDIR}${/}rfswarm_reporter${/}rfswarm_reporter.py -v</arg>
<doc>Runs the given command in the system and returns the output.</doc>
<msg timestamp="20230425 00:56:45.239" level="INFO">Running command 'python3 /Users/runner/work/rfswarm/rfswarm/rfswarm_reporter/rfswarm_reporter.py -v 2&gt;&amp;1'.</msg>
<msg timestamp="20230425 00:56:57.184" level="INFO">${result} = Robot Framework Swarm: Reporter 
	Version 1.1.0 </msg>
<status status="PASS" starttime="20230425 00:56:45.230" endtime="20230425 00:56:57.184"/>
</kw>
<kw name="Log To Console" library="BuiltIn">
<arg>${\n}${result}</arg>
<doc>Logs the given message to the console.</doc>
<status status="PASS" starttime="20230425 00:56:57.185" endtime="20230425 00:56:57.186"/>
</kw>
<kw name="Should Contain" library="BuiltIn">
<arg>${result}</arg>
<arg>Version</arg>
<doc>Fails if ``container`` does not contain ``item`` one or more times.</doc>
<status status="PASS" starttime="20230425 00:56:57.186" endtime="20230425 00:56:57.186"/>
</kw>
<kw name="Should Contain" library="BuiltIn">
<arg>${result}</arg>
<arg>Reporter</arg>
<doc>Fails if ``container`` does not contain ``item`` one or more times.</doc>
<status status="PASS" starttime="20230425 00:56:57.186" endtime="20230425 00:56:57.187"/>
</kw>
<tag>macos-latest</tag>
<tag>ubuntu-latest</tag>
<tag>windows-latest</tag>
<status status="PASS" starttime="20230425 00:56:45.229" endtime="20230425 00:56:57.187"/>
</test>
<test id="s1-s1-t2" name="Reporter Help" line="19">
<kw name="Run" library="OperatingSystem">
<var>${result}</var>
<arg>python3 ${EXECDIR}${/}rfswarm_reporter${/}rfswarm_reporter.py -h</arg>
<doc>Runs the given command in the system and returns the output.</doc>
<msg timestamp="20230425 00:56:57.191" level="INFO">Running command 'python3 /Users/runner/work/rfswarm/rfswarm/rfswarm_reporter/rfswarm_reporter.py -h 2&gt;&amp;1'.</msg>
<msg timestamp="20230425 00:56:58.208" level="INFO">${result} = Robot Framework Swarm: Reporter 
	Version 1.1.0 
usage: rfswarm_reporter.py [-h] [-g DEBUG] [-v] [-i INI] [-n] [-d DIR]
                           [-t TEMPLATE] [--html] [--docx] [--xlsx]

options:
  ...</msg>
<status status="PASS" starttime="20230425 00:56:57.188" endtime="20230425 00:56:58.208"/>
</kw>
<kw name="Log To Console" library="BuiltIn">
<arg>${\n}${result}</arg>
<doc>Logs the given message to the console.</doc>
<status status="PASS" starttime="20230425 00:56:58.208" endtime="20230425 00:56:58.209"/>
</kw>
<kw name="Should Contain" library="BuiltIn">
<arg>${result}</arg>
<arg>Excel</arg>
<doc>Fails if ``container`` does not contain ``item`` one or more times.</doc>
<status status="PASS" starttime="20230425 00:56:58.209" endtime="20230425 00:56:58.209"/>
</kw>
<tag>macos-latest</tag>
<tag>ubuntu-latest</tag>
<tag>windows-latest</tag>
<status status="PASS" starttime="20230425 00:56:57.187" endtime="20230425 00:56:58.210"/>
</test>
<test id="s1-s1-t3" name="Command Line Generate HTML" line="25">
<kw name="Set Variable" library="BuiltIn">
<var>${testdata}</var>
<arg>Issue-#144</arg>
<doc>Returns the given values which can then be assigned to a variables.</doc>
<msg timestamp="20230425 00:56:58.211" level="INFO">${testdata} = Issue-#144</msg>
<status status="PASS" starttime="20230425 00:56:58.210" endtime="20230425 00:56:58.211"/>
</kw>
<kw name="Set Variable" library="BuiltIn">
<var>${resultdata}</var>
<arg>20230320_185055_demo</arg>
<doc>Returns the given values which can then be assigned to a variables.</doc>
<msg timestamp="20230425 00:56:58.211" level="INFO">${resultdata} = 20230320_185055_demo</msg>
<status status="PASS" starttime="20230425 00:56:58.211" endtime="20230425 00:56:58.211"/>
</kw>
<kw name="Set Variable" library="BuiltIn">
<var>${basefolder}</var>
<arg>/Users/runner/work/rfswarm/rfswarm/Tests/Regression/Reporter${/}testdata${/}${testdata}</arg>
<doc>Returns the given values which can then be assigned to a variables.</doc>
<msg timestamp="20230425 00:56:58.212" level="INFO">${basefolder} = /Users/runner/work/rfswarm/rfswarm/Tests/Regression/Reporter/testdata/Issue-#144</msg>
<status status="PASS" starttime="20230425 00:56:58.211" endtime="20230425 00:56:58.212"/>
</kw>
<kw name="Should Exist" library="OperatingSystem">
<arg>${basefolder}</arg>
<doc>Fails unless the given path (file or directory) exists.</doc>
<msg timestamp="20230425 00:56:58.212" level="INFO" html="true">Path '&lt;a href="file:///Users/runner/work/rfswarm/rfswarm/Tests/Regression/Reporter/testdata/Issue-#144"&gt;/Users/runner/work/rfswarm/rfswarm/Tests/Regression/Reporter/testdata/Issue-#144&lt;/a&gt;' exists.</msg>
<status status="PASS" starttime="20230425 00:56:58.212" endtime="20230425 00:56:58.212"/>
</kw>
<kw name="Set Variable" library="BuiltIn">
<var>${resultfolder}</var>
<arg>${basefolder}${/}${resultdata}</arg>
<doc>Returns the given values which can then be assigned to a variables.</doc>
<msg timestamp="20230425 00:56:58.213" level="INFO">${resultfolder} = /Users/runner/work/rfswarm/rfswarm/Tests/Regression/Reporter/testdata/Issue-#144/20230320_185055_demo</msg>
<status status="PASS" starttime="20230425 00:56:58.212" endtime="20230425 00:56:58.213"/>
</kw>
<kw name="Should Exist" library="OperatingSystem">
<arg>${resultfolder}</arg>
<doc>Fails unless the given path (file or directory) exists.</doc>
<msg timestamp="20230425 00:56:58.213" level="INFO" html="true">Path '&lt;a href="file:///Users/runner/work/rfswarm/rfswarm/Tests/Regression/Reporter/testdata/Issue-#144/20230320_185055_demo"&gt;/Users/runner/work/rfswarm/rfswarm/Tests/Regression/Reporter/testdata/Issue-#144/20230320_185055_demo&lt;/a&gt;' exists.</msg>
<status status="PASS" starttime="20230425 00:56:58.213" endtime="20230425 00:56:58.213"/>
</kw>
<kw name="Set Variable" library="BuiltIn">
<var>${template}</var>
<arg>${basefolder}${/}90%ileTemplate.template</arg>
<doc>Returns the given values which can then be assigned to a variables.</doc>
<msg timestamp="20230425 00:56:58.214" level="INFO">${template} = /Users/runner/work/rfswarm/rfswarm/Tests/Regression/Reporter/testdata/Issue-#144/90%ileTemplate.template</msg>
<status status="PASS" starttime="20230425 00:56:58.213" endtime="20230425 00:56:58.214"/>
</kw>
<kw name="Should Exist" library="OperatingSystem">
<arg>${template}</arg>
<doc>Fails unless the given path (file or directory) exists.</doc>
<msg timestamp="20230425 00:56:58.214" level="INFO" html="true">Path '&lt;a href="file:///Users/runner/work/rfswarm/rfswarm/Tests/Regression/Reporter/testdata/Issue-#144/90%ileTemplate.template"&gt;/Users/runner/work/rfswarm/rfswarm/Tests/Regression/Reporter/testdata/Issue-#144/90%ileTemplate.template&lt;/a&gt;' exists.</msg>
<status status="PASS" starttime="20230425 00:56:58.214" endtime="20230425 00:56:58.214"/>
</kw>
<kw name="Run" library="OperatingSystem">
<var>${result}</var>
<arg>python3 ${EXECDIR}${/}rfswarm_reporter${/}rfswarm_reporter.py -n -d ${resultfolder} -t ${template} --html</arg>
<doc>Runs the given command in the system and returns the output.</doc>
<msg timestamp="20230425 00:56:58.217" level="INFO">Running command 'python3 /Users/runner/work/rfswarm/rfswarm/rfswarm_reporter/rfswarm_reporter.py -n -d /Users/runner/work/rfswarm/rfswarm/Tests/Regression/Reporter/testdata/Issue-#144/20230320_185055_demo -t /Users/runner/work/rfswarm/rfswarm/Tests/Regression/Reporter/testdata/Issue-#144/90%ileTemplate.template --html 2&gt;&amp;1'.</msg>
<msg timestamp="20230425 00:56:59.295" level="INFO">${result} = Robot Framework Swarm: Reporter 
	Version 1.1.0 
	Configuration File:  /Users/runner/work/rfswarm/rfswarm/rfswarm_reporter/RFSwarmReporter.ini 
Traceback (most recent call last):
  File "/Users/runner...</msg>
<status status="PASS" starttime="20230425 00:56:58.214" endtime="20230425 00:56:59.295"/>
</kw>
<kw name="Log To Console" library="BuiltIn">
<arg>${\n}${result}</arg>
<doc>Logs the given message to the console.</doc>
<status status="PASS" starttime="20230425 00:56:59.295" endtime="20230425 00:56:59.296"/>
</kw>
<kw name="Should Not Contain" library="BuiltIn">
<arg>${result}</arg>
<arg>Traceback</arg>
<doc>Fails if ``container`` contains ``item`` one or more times.</doc>
<msg timestamp="20230425 00:56:59.297" level="FAIL">'Robot Framework Swarm: Reporter 
	Version 1.1.0 
	Configuration File:  /Users/runner/work/rfswarm/rfswarm/rfswarm_reporter/RFSwarmReporter.ini 
Traceback (most recent call last):
  File "/Users/runner/work/rfswarm/rfswarm/rfswarm_reporter/rfswarm_reporter.py", line 7721, in &lt;module&gt;
    core = ReporterCore()
  File "/Users/runner/work/rfswarm/rfswarm/rfswarm_reporter/rfswarm_reporter.py", line 2384, in __init__
    base.config['Reporter']['Template'] = base.args.template
  File "/Users/runner/hostedtoolcache/Python/3.10.11/x64/lib/python3.10/configparser.py", line 1264, in __setitem__
    return self._parser.set(self._name, key, value)
  File "/Users/runner/hostedtoolcache/Python/3.10.11/x64/lib/python3.10/configparser.py", line 1206, in set
    super().set(section, option, value)
  File "/Users/runner/hostedtoolcache/Python/3.10.11/x64/lib/python3.10/configparser.py", line 896, in set
    value = self._interpolation.before_set(self, section, option,
  File "/Users/runner/hostedtoolcache/Python/3.10.11/x64/lib/python3.10/configparser.py", line 403, in before_set
    raise ValueError("invalid interpolation syntax in %r at "
ValueError: invalid interpolation syntax in '/Users/runner/work/rfswarm/rfswarm/Tests/Regression/Reporter/testdata/Issue-#144/90%ileTemplate.template' at position 83' contains 'Traceback'</msg>
<status status="FAIL" starttime="20230425 00:56:59.296" endtime="20230425 00:56:59.297"/>
</kw>
<kw name="Should Contain" library="BuiltIn">
<arg>${result}</arg>
<arg>html</arg>
<doc>Fails if ``container`` does not contain ``item`` one or more times.</doc>
<status status="NOT RUN" starttime="20230425 00:56:59.297" endtime="20230425 00:56:59.297"/>
</kw>
<kw name="Should Exist" library="OperatingSystem">
<arg>${resultfolder}${/}${resultdata}.html</arg>
<doc>Fails unless the given path (file or directory) exists.</doc>
<status status="NOT RUN" starttime="20230425 00:56:59.297" endtime="20230425 00:56:59.297"/>
</kw>
<tag>HTML</tag>
<tag>Issue #144</tag>
<tag>macos-latest</tag>
<tag>ubuntu-latest</tag>
<tag>windows-latest</tag>
<status status="FAIL" starttime="20230425 00:56:58.210" endtime="20230425 00:56:59.298">'Robot Framework Swarm: Reporter 
	Version 1.1.0 
	Configuration File:  /Users/runner/work/rfswarm/rfswarm/rfswarm_reporter/RFSwarmReporter.ini 
Traceback (most recent call last):
  File "/Users/runner/work/rfswarm/rfswarm/rfswarm_reporter/rfswarm_reporter.py", line 7721, in &lt;module&gt;
    core = ReporterCore()
  File "/Users/runner/work/rfswarm/rfswarm/rfswarm_reporter/rfswarm_reporter.py", line 2384, in __init__
    base.config['Reporter']['Template'] = base.args.template
  File "/Users/runner/hostedtoolcache/Python/3.10.11/x64/lib/python3.10/configparser.py", line 1264, in __setitem__
    return self._parser.set(self._name, key, value)
  File "/Users/runner/hostedtoolcache/Python/3.10.11/x64/lib/python3.10/configparser.py", line 1206, in set
    super().set(section, option, value)
  File "/Users/runner/hostedtoolcache/Python/3.10.11/x64/lib/python3.10/configparser.py", line 896, in set
    value = self._interpolation.before_set(self, section, option,
  File "/Users/runner/hostedtoolcache/Python/3.10.11/x64/lib/python3.10/configparser.py", line 403, in before_set
    raise ValueError("invalid interpolation syntax in %r at "
ValueError: invalid interpolation syntax in '/Users/runner/work/rfswarm/rfswarm/Tests/Regression/Reporter/testdata/Issue-#144/90%ileTemplate.template' at position 83' contains 'Traceback'</status>
</test>
<test id="s1-s1-t4" name="Command Line Generate Docx" line="41">
<kw name="Set Variable" library="BuiltIn">
<var>${testdata}</var>
<arg>Issue-#144</arg>
<doc>Returns the given values which can then be assigned to a variables.</doc>
<msg timestamp="20230425 00:56:59.299" level="INFO">${testdata} = Issue-#144</msg>
<status status="PASS" starttime="20230425 00:56:59.299" endtime="20230425 00:56:59.299"/>
</kw>
<kw name="Set Variable" library="BuiltIn">
<var>${resultdata}</var>
<arg>20230320_185055_demo</arg>
<doc>Returns the given values which can then be assigned to a variables.</doc>
<msg timestamp="20230425 00:56:59.299" level="INFO">${resultdata} = 20230320_185055_demo</msg>
<status status="PASS" starttime="20230425 00:56:59.299" endtime="20230425 00:56:59.299"/>
</kw>
<kw name="Set Variable" library="BuiltIn">
<var>${basefolder}</var>
<arg>/Users/runner/work/rfswarm/rfswarm/Tests/Regression/Reporter${/}testdata${/}${testdata}</arg>
<doc>Returns the given values which can then be assigned to a variables.</doc>
<msg timestamp="20230425 00:56:59.300" level="INFO">${basefolder} = /Users/runner/work/rfswarm/rfswarm/Tests/Regression/Reporter/testdata/Issue-#144</msg>
<status status="PASS" starttime="20230425 00:56:59.300" endtime="20230425 00:56:59.300"/>
</kw>
<kw name="Should Exist" library="OperatingSystem">
<arg>${basefolder}</arg>
<doc>Fails unless the given path (file or directory) exists.</doc>
<msg timestamp="20230425 00:56:59.300" level="INFO" html="true">Path '&lt;a href="file:///Users/runner/work/rfswarm/rfswarm/Tests/Regression/Reporter/testdata/Issue-#144"&gt;/Users/runner/work/rfswarm/rfswarm/Tests/Regression/Reporter/testdata/Issue-#144&lt;/a&gt;' exists.</msg>
<status status="PASS" starttime="20230425 00:56:59.300" endtime="20230425 00:56:59.301"/>
</kw>
<kw name="Set Variable" library="BuiltIn">
<var>${resultfolder}</var>
<arg>${basefolder}${/}${resultdata}</arg>
<doc>Returns the given values which can then be assigned to a variables.</doc>
<msg timestamp="20230425 00:56:59.301" level="INFO">${resultfolder} = /Users/runner/work/rfswarm/rfswarm/Tests/Regression/Reporter/testdata/Issue-#144/20230320_185055_demo</msg>
<status status="PASS" starttime="20230425 00:56:59.301" endtime="20230425 00:56:59.301"/>
</kw>
<kw name="Should Exist" library="OperatingSystem">
<arg>${resultfolder}</arg>
<doc>Fails unless the given path (file or directory) exists.</doc>
<msg timestamp="20230425 00:56:59.302" level="INFO" html="true">Path '&lt;a href="file:///Users/runner/work/rfswarm/rfswarm/Tests/Regression/Reporter/testdata/Issue-#144/20230320_185055_demo"&gt;/Users/runner/work/rfswarm/rfswarm/Tests/Regression/Reporter/testdata/Issue-#144/20230320_185055_demo&lt;/a&gt;' exists.</msg>
<status status="PASS" starttime="20230425 00:56:59.301" endtime="20230425 00:56:59.302"/>
</kw>
<kw name="Set Variable" library="BuiltIn">
<var>${template}</var>
<arg>${basefolder}${/}90%ileTemplate.template</arg>
<doc>Returns the given values which can then be assigned to a variables.</doc>
<msg timestamp="20230425 00:56:59.303" level="INFO">${template} = /Users/runner/work/rfswarm/rfswarm/Tests/Regression/Reporter/testdata/Issue-#144/90%ileTemplate.template</msg>
<status status="PASS" starttime="20230425 00:56:59.302" endtime="20230425 00:56:59.303"/>
</kw>
<kw name="Should Exist" library="OperatingSystem">
<arg>${template}</arg>
<doc>Fails unless the given path (file or directory) exists.</doc>
<msg timestamp="20230425 00:56:59.304" level="INFO" html="true">Path '&lt;a href="file:///Users/runner/work/rfswarm/rfswarm/Tests/Regression/Reporter/testdata/Issue-#144/90%ileTemplate.template"&gt;/Users/runner/work/rfswarm/rfswarm/Tests/Regression/Reporter/testdata/Issue-#144/90%ileTemplate.template&lt;/a&gt;' exists.</msg>
<status status="PASS" starttime="20230425 00:56:59.304" endtime="20230425 00:56:59.304"/>
</kw>
<kw name="Run" library="OperatingSystem">
<var>${result}</var>
<arg>python3 ${EXECDIR}${/}rfswarm_reporter${/}rfswarm_reporter.py -n -d ${resultfolder} -t ${template} --docx</arg>
<doc>Runs the given command in the system and returns the output.</doc>
<msg timestamp="20230425 00:56:59.308" level="INFO">Running command 'python3 /Users/runner/work/rfswarm/rfswarm/rfswarm_reporter/rfswarm_reporter.py -n -d /Users/runner/work/rfswarm/rfswarm/Tests/Regression/Reporter/testdata/Issue-#144/20230320_185055_demo -t /Users/runner/work/rfswarm/rfswarm/Tests/Regression/Reporter/testdata/Issue-#144/90%ileTemplate.template --docx 2&gt;&amp;1'.</msg>
<msg timestamp="20230425 00:57:00.439" level="INFO">${result} = Robot Framework Swarm: Reporter 
	Version 1.1.0 
	Configuration File:  /Users/runner/work/rfswarm/rfswarm/rfswarm_reporter/RFSwarmReporter.ini 
Traceback (most recent call last):
  File "/Users/runner...</msg>
<status status="PASS" starttime="20230425 00:56:59.304" endtime="20230425 00:57:00.439"/>
</kw>
<kw name="Log To Console" library="BuiltIn">
<arg>${\n}${result}</arg>
<doc>Logs the given message to the console.</doc>
<status status="PASS" starttime="20230425 00:57:00.440" endtime="20230425 00:57:00.441"/>
</kw>
<kw name="Should Not Contain" library="BuiltIn">
<arg>${result}</arg>
<arg>Traceback</arg>
<doc>Fails if ``container`` contains ``item`` one or more times.</doc>
<msg timestamp="20230425 00:57:00.441" level="FAIL">'Robot Framework Swarm: Reporter 
	Version 1.1.0 
	Configuration File:  /Users/runner/work/rfswarm/rfswarm/rfswarm_reporter/RFSwarmReporter.ini 
Traceback (most recent call last):
  File "/Users/runner/work/rfswarm/rfswarm/rfswarm_reporter/rfswarm_reporter.py", line 7721, in &lt;module&gt;
    core = ReporterCore()
  File "/Users/runner/work/rfswarm/rfswarm/rfswarm_reporter/rfswarm_reporter.py", line 2384, in __init__
    base.config['Reporter']['Template'] = base.args.template
  File "/Users/runner/hostedtoolcache/Python/3.10.11/x64/lib/python3.10/configparser.py", line 1264, in __setitem__
    return self._parser.set(self._name, key, value)
  File "/Users/runner/hostedtoolcache/Python/3.10.11/x64/lib/python3.10/configparser.py", line 1206, in set
    super().set(section, option, value)
  File "/Users/runner/hostedtoolcache/Python/3.10.11/x64/lib/python3.10/configparser.py", line 896, in set
    value = self._interpolation.before_set(self, section, option,
  File "/Users/runner/hostedtoolcache/Python/3.10.11/x64/lib/python3.10/configparser.py", line 403, in before_set
    raise ValueError("invalid interpolation syntax in %r at "
ValueError: invalid interpolation syntax in '/Users/runner/work/rfswarm/rfswarm/Tests/Regression/Reporter/testdata/Issue-#144/90%ileTemplate.template' at position 83' contains 'Traceback'</msg>
<status status="FAIL" starttime="20230425 00:57:00.441" endtime="20230425 00:57:00.441"/>
</kw>
<kw name="Should Contain" library="BuiltIn">
<arg>${result}</arg>
<arg>docx</arg>
<doc>Fails if ``container`` does not contain ``item`` one or more times.</doc>
<status status="NOT RUN" starttime="20230425 00:57:00.441" endtime="20230425 00:57:00.442"/>
</kw>
<kw name="Should Exist" library="OperatingSystem">
<arg>${resultfolder}${/}${resultdata}.docx</arg>
<doc>Fails unless the given path (file or directory) exists.</doc>
<status status="NOT RUN" starttime="20230425 00:57:00.442" endtime="20230425 00:57:00.442"/>
</kw>
<tag>DOCX</tag>
<tag>Issue #144</tag>
<tag>macos-latest</tag>
<tag>ubuntu-latest</tag>
<tag>windows-latest</tag>
<status status="FAIL" starttime="20230425 00:56:59.298" endtime="20230425 00:57:00.442">'Robot Framework Swarm: Reporter 
	Version 1.1.0 
	Configuration File:  /Users/runner/work/rfswarm/rfswarm/rfswarm_reporter/RFSwarmReporter.ini 
Traceback (most recent call last):
  File "/Users/runner/work/rfswarm/rfswarm/rfswarm_reporter/rfswarm_reporter.py", line 7721, in &lt;module&gt;
    core = ReporterCore()
  File "/Users/runner/work/rfswarm/rfswarm/rfswarm_reporter/rfswarm_reporter.py", line 2384, in __init__
    base.config['Reporter']['Template'] = base.args.template
  File "/Users/runner/hostedtoolcache/Python/3.10.11/x64/lib/python3.10/configparser.py", line 1264, in __setitem__
    return self._parser.set(self._name, key, value)
  File "/Users/runner/hostedtoolcache/Python/3.10.11/x64/lib/python3.10/configparser.py", line 1206, in set
    super().set(section, option, value)
  File "/Users/runner/hostedtoolcache/Python/3.10.11/x64/lib/python3.10/configparser.py", line 896, in set
    value = self._interpolation.before_set(self, section, option,
  File "/Users/runner/hostedtoolcache/Python/3.10.11/x64/lib/python3.10/configparser.py", line 403, in before_set
    raise ValueError("invalid interpolation syntax in %r at "
ValueError: invalid interpolation syntax in '/Users/runner/work/rfswarm/rfswarm/Tests/Regression/Reporter/testdata/Issue-#144/90%ileTemplate.template' at position 83' contains 'Traceback'</status>
</test>
<test id="s1-s1-t5" name="Command Line Generate Xlsx" line="57">
<kw name="Set Variable" library="BuiltIn">
<var>${testdata}</var>
<arg>Issue-#144</arg>
<doc>Returns the given values which can then be assigned to a variables.</doc>
<msg timestamp="20230425 00:57:00.443" level="INFO">${testdata} = Issue-#144</msg>
<status status="PASS" starttime="20230425 00:57:00.443" endtime="20230425 00:57:00.444"/>
</kw>
<kw name="Set Variable" library="BuiltIn">
<var>${resultdata}</var>
<arg>20230320_185055_demo</arg>
<doc>Returns the given values which can then be assigned to a variables.</doc>
<msg timestamp="20230425 00:57:00.444" level="INFO">${resultdata} = 20230320_185055_demo</msg>
<status status="PASS" starttime="20230425 00:57:00.444" endtime="20230425 00:57:00.444"/>
</kw>
<kw name="Set Variable" library="BuiltIn">
<var>${basefolder}</var>
<arg>/Users/runner/work/rfswarm/rfswarm/Tests/Regression/Reporter${/}testdata${/}${testdata}</arg>
<doc>Returns the given values which can then be assigned to a variables.</doc>
<msg timestamp="20230425 00:57:00.444" level="INFO">${basefolder} = /Users/runner/work/rfswarm/rfswarm/Tests/Regression/Reporter/testdata/Issue-#144</msg>
<status status="PASS" starttime="20230425 00:57:00.444" endtime="20230425 00:57:00.445"/>
</kw>
<kw name="Should Exist" library="OperatingSystem">
<arg>${basefolder}</arg>
<doc>Fails unless the given path (file or directory) exists.</doc>
<msg timestamp="20230425 00:57:00.445" level="INFO" html="true">Path '&lt;a href="file:///Users/runner/work/rfswarm/rfswarm/Tests/Regression/Reporter/testdata/Issue-#144"&gt;/Users/runner/work/rfswarm/rfswarm/Tests/Regression/Reporter/testdata/Issue-#144&lt;/a&gt;' exists.</msg>
<status status="PASS" starttime="20230425 00:57:00.445" endtime="20230425 00:57:00.445"/>
</kw>
<kw name="Set Variable" library="BuiltIn">
<var>${resultfolder}</var>
<arg>${basefolder}${/}${resultdata}</arg>
<doc>Returns the given values which can then be assigned to a variables.</doc>
<msg timestamp="20230425 00:57:00.446" level="INFO">${resultfolder} = /Users/runner/work/rfswarm/rfswarm/Tests/Regression/Reporter/testdata/Issue-#144/20230320_185055_demo</msg>
<status status="PASS" starttime="20230425 00:57:00.446" endtime="20230425 00:57:00.446"/>
</kw>
<kw name="Should Exist" library="OperatingSystem">
<arg>${resultfolder}</arg>
<doc>Fails unless the given path (file or directory) exists.</doc>
<msg timestamp="20230425 00:57:00.446" level="INFO" html="true">Path '&lt;a href="file:///Users/runner/work/rfswarm/rfswarm/Tests/Regression/Reporter/testdata/Issue-#144/20230320_185055_demo"&gt;/Users/runner/work/rfswarm/rfswarm/Tests/Regression/Reporter/testdata/Issue-#144/20230320_185055_demo&lt;/a&gt;' exists.</msg>
<status status="PASS" starttime="20230425 00:57:00.446" endtime="20230425 00:57:00.446"/>
</kw>
<kw name="Set Variable" library="BuiltIn">
<var>${template}</var>
<arg>${basefolder}${/}90%ileTemplate.template</arg>
<doc>Returns the given values which can then be assigned to a variables.</doc>
<msg timestamp="20230425 00:57:00.447" level="INFO">${template} = /Users/runner/work/rfswarm/rfswarm/Tests/Regression/Reporter/testdata/Issue-#144/90%ileTemplate.template</msg>
<status status="PASS" starttime="20230425 00:57:00.447" endtime="20230425 00:57:00.447"/>
</kw>
<kw name="Should Exist" library="OperatingSystem">
<arg>${template}</arg>
<doc>Fails unless the given path (file or directory) exists.</doc>
<msg timestamp="20230425 00:57:00.447" level="INFO" html="true">Path '&lt;a href="file:///Users/runner/work/rfswarm/rfswarm/Tests/Regression/Reporter/testdata/Issue-#144/90%ileTemplate.template"&gt;/Users/runner/work/rfswarm/rfswarm/Tests/Regression/Reporter/testdata/Issue-#144/90%ileTemplate.template&lt;/a&gt;' exists.</msg>
<status status="PASS" starttime="20230425 00:57:00.447" endtime="20230425 00:57:00.447"/>
</kw>
<kw name="Run" library="OperatingSystem">
<var>${result}</var>
<arg>python3 ${EXECDIR}${/}rfswarm_reporter${/}rfswarm_reporter.py -n -d ${resultfolder} -t ${template} --xlsx</arg>
<doc>Runs the given command in the system and returns the output.</doc>
<msg timestamp="20230425 00:57:00.451" level="INFO">Running command 'python3 /Users/runner/work/rfswarm/rfswarm/rfswarm_reporter/rfswarm_reporter.py -n -d /Users/runner/work/rfswarm/rfswarm/Tests/Regression/Reporter/testdata/Issue-#144/20230320_185055_demo -t /Users/runner/work/rfswarm/rfswarm/Tests/Regression/Reporter/testdata/Issue-#144/90%ileTemplate.template --xlsx 2&gt;&amp;1'.</msg>
<msg timestamp="20230425 00:57:01.486" level="INFO">${result} = Robot Framework Swarm: Reporter 
	Version 1.1.0 
	Configuration File:  /Users/runner/work/rfswarm/rfswarm/rfswarm_reporter/RFSwarmReporter.ini 
Traceback (most recent call last):
  File "/Users/runner...</msg>
<status status="PASS" starttime="20230425 00:57:00.447" endtime="20230425 00:57:01.486"/>
</kw>
<kw name="Log To Console" library="BuiltIn">
<arg>${\n}${result}</arg>
<doc>Logs the given message to the console.</doc>
<status status="PASS" starttime="20230425 00:57:01.487" endtime="20230425 00:57:01.488"/>
</kw>
<kw name="Should Not Contain" library="BuiltIn">
<arg>${result}</arg>
<arg>Traceback</arg>
<doc>Fails if ``container`` contains ``item`` one or more times.</doc>
<msg timestamp="20230425 00:57:01.488" level="FAIL">'Robot Framework Swarm: Reporter 
	Version 1.1.0 
	Configuration File:  /Users/runner/work/rfswarm/rfswarm/rfswarm_reporter/RFSwarmReporter.ini 
Traceback (most recent call last):
  File "/Users/runner/work/rfswarm/rfswarm/rfswarm_reporter/rfswarm_reporter.py", line 7721, in &lt;module&gt;
    core = ReporterCore()
  File "/Users/runner/work/rfswarm/rfswarm/rfswarm_reporter/rfswarm_reporter.py", line 2384, in __init__
    base.config['Reporter']['Template'] = base.args.template
  File "/Users/runner/hostedtoolcache/Python/3.10.11/x64/lib/python3.10/configparser.py", line 1264, in __setitem__
    return self._parser.set(self._name, key, value)
  File "/Users/runner/hostedtoolcache/Python/3.10.11/x64/lib/python3.10/configparser.py", line 1206, in set
    super().set(section, option, value)
  File "/Users/runner/hostedtoolcache/Python/3.10.11/x64/lib/python3.10/configparser.py", line 896, in set
    value = self._interpolation.before_set(self, section, option,
  File "/Users/runner/hostedtoolcache/Python/3.10.11/x64/lib/python3.10/configparser.py", line 403, in before_set
    raise ValueError("invalid interpolation syntax in %r at "
ValueError: invalid interpolation syntax in '/Users/runner/work/rfswarm/rfswarm/Tests/Regression/Reporter/testdata/Issue-#144/90%ileTemplate.template' at position 83' contains 'Traceback'</msg>
<status status="FAIL" starttime="20230425 00:57:01.488" endtime="20230425 00:57:01.488"/>
</kw>
<kw name="Should Contain" library="BuiltIn">
<arg>${result}</arg>
<arg>xlsx</arg>
<doc>Fails if ``container`` does not contain ``item`` one or more times.</doc>
<status status="NOT RUN" starttime="20230425 00:57:01.489" endtime="20230425 00:57:01.489"/>
</kw>
<kw name="Should Exist" library="OperatingSystem">
<arg>${resultfolder}${/}${resultdata}.xlsx</arg>
<doc>Fails unless the given path (file or directory) exists.</doc>
<status status="NOT RUN" starttime="20230425 00:57:01.489" endtime="20230425 00:57:01.489"/>
</kw>
<tag>Issue #144</tag>
<tag>macos-latest</tag>
<tag>ubuntu-latest</tag>
<tag>windows-latest</tag>
<tag>XLSX</tag>
<status status="FAIL" starttime="20230425 00:57:00.443" endtime="20230425 00:57:01.489">'Robot Framework Swarm: Reporter 
	Version 1.1.0 
	Configuration File:  /Users/runner/work/rfswarm/rfswarm/rfswarm_reporter/RFSwarmReporter.ini 
Traceback (most recent call last):
  File "/Users/runner/work/rfswarm/rfswarm/rfswarm_reporter/rfswarm_reporter.py", line 7721, in &lt;module&gt;
    core = ReporterCore()
  File "/Users/runner/work/rfswarm/rfswarm/rfswarm_reporter/rfswarm_reporter.py", line 2384, in __init__
    base.config['Reporter']['Template'] = base.args.template
  File "/Users/runner/hostedtoolcache/Python/3.10.11/x64/lib/python3.10/configparser.py", line 1264, in __setitem__
    return self._parser.set(self._name, key, value)
  File "/Users/runner/hostedtoolcache/Python/3.10.11/x64/lib/python3.10/configparser.py", line 1206, in set
    super().set(section, option, value)
  File "/Users/runner/hostedtoolcache/Python/3.10.11/x64/lib/python3.10/configparser.py", line 896, in set
    value = self._interpolation.before_set(self, section, option,
  File "/Users/runner/hostedtoolcache/Python/3.10.11/x64/lib/python3.10/configparser.py", line 403, in before_set
    raise ValueError("invalid interpolation syntax in %r at "
ValueError: invalid interpolation syntax in '/Users/runner/work/rfswarm/rfswarm/Tests/Regression/Reporter/testdata/Issue-#144/90%ileTemplate.template' at position 83' contains 'Traceback'</status>
</test>
<status status="FAIL" starttime="20230425 00:56:45.213" endtime="20230425 00:57:01.490"/>
</suite>
<suite id="s1-s2" name="GUI Basic" source="/Users/runner/work/rfswarm/rfswarm/Tests/Regression/Reporter/GUI_Basic.robot">
<test id="s1-s2-t1" name="GUI Runs and Closes" line="12">
<kw name="Set Suite Variable" library="BuiltIn">
<arg>${platform}</arg>
<arg>macos</arg>
<doc>Makes a variable available everywhere within the scope of the current suite.</doc>
<msg timestamp="20230425 00:57:11.792" level="INFO">${platform} = macos</msg>
<status status="PASS" starttime="20230425 00:57:11.791" endtime="20230425 00:57:11.792"/>
</kw>
<kw name="Set Confidence" library="ImageHorizonLibrary">
<arg>0.9</arg>
<doc>Sets the accuracy when finding images.</doc>
<status status="PASS" starttime="20230425 00:57:11.793" endtime="20230425 00:57:11.793"/>
</kw>
<kw name="Start Process" library="Process">
<arg>python3</arg>
<arg>${pyfile}</arg>
<arg>-g</arg>
<arg>5</arg>
<arg>alias=Manager</arg>
<arg>stdout=${OUTPUT DIR}${/}stdout.txt</arg>
<arg>stderr=${OUTPUT DIR}${/}stderr.txt</arg>
<doc>Starts a new process on background.</doc>
<msg timestamp="20230425 00:57:11.795" level="INFO">Starting process:
python3 /Users/runner/work/rfswarm/rfswarm/rfswarm_reporter/rfswarm_reporter.py -g 5</msg>
<status status="PASS" starttime="20230425 00:57:11.793" endtime="20230425 00:57:11.803"/>
</kw>
<kw name="Sleep" library="BuiltIn">
<arg>60</arg>
<doc>Pauses the test executed for the given time.</doc>
<msg timestamp="20230425 00:58:11.842" level="INFO">Slept 1 minute</msg>
<status status="PASS" starttime="20230425 00:57:11.804" endtime="20230425 00:58:11.842"/>
</kw>
<kw name="Set Screenshot Folder" library="ImageHorizonLibrary">
<arg>${OUTPUT DIR}</arg>
<doc>Sets the folder where screenshots are saved to.</doc>
<status status="PASS" starttime="20230425 00:58:11.842" endtime="20230425 00:58:11.843"/>
</kw>
<kw name="Take A Screenshot" library="ImageHorizonLibrary">
<doc>Takes a screenshot of the screen.</doc>
<msg timestamp="20230425 00:58:11.844" level="INFO" html="true">Screenshot taken: /Users/runner/work/rfswarm/rfswarm/Tests/Regression/Reporter/Logs/macos-latest_3.10/Reporter.GUIBasic-screenshot-1.png&lt;br/&gt;&lt;img src="/Users/runner/work/rfswarm/rfswarm/Tests/Regression/Reporter/Logs/macos-latest_3.10/Reporter.GUIBasic-screenshot-1.png" width="100%" /&gt;</msg>
<status status="PASS" starttime="20230425 00:58:11.843" endtime="20230425 00:58:12.187"/>
</kw>
<tag>macos-latest</tag>
<status status="PASS" starttime="20230425 00:57:11.790" endtime="20230425 00:58:12.188"/>
</test>
<status status="PASS" starttime="20230425 00:57:01.491" endtime="20230425 00:58:12.189"/>
</suite>
<status status="FAIL" starttime="20230425 00:56:45.186" endtime="20230425 00:58:12.190"/>
</suite>
<statistics>
<total>
<stat pass="3" fail="3" skip="0">All Tests</stat>
</total>
<tag>
<stat pass="0" fail="1" skip="0">DOCX</stat>
<stat pass="0" fail="1" skip="0">HTML</stat>
<stat pass="0" fail="3" skip="0">Issue #144</stat>
<stat pass="3" fail="3" skip="0">macos-latest</stat>
<stat pass="2" fail="3" skip="0">ubuntu-latest</stat>
<stat pass="2" fail="3" skip="0">windows-latest</stat>
<stat pass="0" fail="1" skip="0">XLSX</stat>
</tag>
<suite>
<stat pass="3" fail="3" skip="0" id="s1" name="Reporter">Reporter</stat>
<stat pass="2" fail="3" skip="0" id="s1-s1" name="CommandLine">Reporter.CommandLine</stat>
<stat pass="1" fail="0" skip="0" id="s1-s2" name="GUI Basic">Reporter.GUI Basic</stat>
</suite>
</statistics>
<errors>
</errors>
</robot>
