<?xml version="1.0" encoding="UTF-8"?>
<robot generator="Robot 6.0.2 (Python 3.10.11 on darwin)" generated="20230529 03:29:38.370" rpa="false" schemaversion="3">
<suite id="s1" name="Reporter" source="/Users/runner/work/rfswarm/rfswarm/Tests/Regression/Reporter">
<suite id="s1-s1" name="CommandLine" source="/Users/runner/work/rfswarm/rfswarm/Tests/Regression/Reporter/CommandLine.robot">
<kw name="Clean Up Old Files" type="SETUP">
<tag>macos-latest</tag>
<tag>ubuntu-latest</tag>
<tag>windows-latest</tag>
<kw name="Log To Console" library="BuiltIn">
<arg>${OUTPUT DIR}</arg>
<doc>Logs the given message to the console.</doc>
<status status="PASS" starttime="20230529 03:29:38.445" endtime="20230529 03:29:38.445"/>
</kw>
<kw name="Remove File" library="OperatingSystem">
<arg>${OUTPUT DIR}${/}*.txt</arg>
<doc>Removes a file with the given path.</doc>
<msg timestamp="20230529 03:29:38.446" level="INFO" html="true">Removed file '&lt;a href="file:///Users/runner/work/rfswarm/rfswarm/Tests/Regression/Reporter/Logs/macos-latest_3.10/stdout.txt"&gt;/Users/runner/work/rfswarm/rfswarm/Tests/Regression/Reporter/Logs/macos-latest_3.10/stdout.txt&lt;/a&gt;'.</msg>
<msg timestamp="20230529 03:29:38.446" level="INFO" html="true">Removed file '&lt;a href="file:///Users/runner/work/rfswarm/rfswarm/Tests/Regression/Reporter/Logs/macos-latest_3.10/stderr.txt"&gt;/Users/runner/work/rfswarm/rfswarm/Tests/Regression/Reporter/Logs/macos-latest_3.10/stderr.txt&lt;/a&gt;'.</msg>
<status status="PASS" starttime="20230529 03:29:38.445" endtime="20230529 03:29:38.447"/>
</kw>
<kw name="Remove File" library="OperatingSystem">
<arg>${OUTPUT DIR}${/}*.png</arg>
<doc>Removes a file with the given path.</doc>
<msg timestamp="20230529 03:29:38.447" level="INFO" html="true">File '&lt;a href="file:///Users/runner/work/rfswarm/rfswarm/Tests/Regression/Reporter/Logs/macos-latest_3.10/*.png"&gt;/Users/runner/work/rfswarm/rfswarm/Tests/Regression/Reporter/Logs/macos-latest_3.10/*.png&lt;/a&gt;' does not exist.</msg>
<status status="PASS" starttime="20230529 03:29:38.447" endtime="20230529 03:29:38.447"/>
</kw>
<status status="PASS" starttime="20230529 03:29:38.445" endtime="20230529 03:29:38.447"/>
</kw>
<test id="s1-s1-t1" name="Reporter Version" line="16">
<kw name="Run" library="OperatingSystem">
<var>${result}</var>
<arg>python3 ${EXECDIR}${/}rfswarm_reporter${/}rfswarm_reporter.py -v</arg>
<doc>Runs the given command in the system and returns the output.</doc>
<msg timestamp="20230529 03:29:38.461" level="INFO">Running command 'python3 /Users/runner/work/rfswarm/rfswarm/rfswarm_reporter/rfswarm_reporter.py -v 2&gt;&amp;1'.</msg>
<msg timestamp="20230529 03:29:51.308" level="INFO">${result} = Robot Framework Swarm: Reporter 
	Version 1.1.3 </msg>
<status status="PASS" starttime="20230529 03:29:38.448" endtime="20230529 03:29:51.308"/>
</kw>
<kw name="Log To Console" library="BuiltIn">
<arg>${\n}${result}</arg>
<doc>Logs the given message to the console.</doc>
<status status="PASS" starttime="20230529 03:29:51.308" endtime="20230529 03:29:51.309"/>
</kw>
<kw name="Should Contain" library="BuiltIn">
<arg>${result}</arg>
<arg>Version</arg>
<doc>Fails if ``container`` does not contain ``item`` one or more times.</doc>
<status status="PASS" starttime="20230529 03:29:51.309" endtime="20230529 03:29:51.309"/>
</kw>
<kw name="Should Contain" library="BuiltIn">
<arg>${result}</arg>
<arg>Reporter</arg>
<doc>Fails if ``container`` does not contain ``item`` one or more times.</doc>
<status status="PASS" starttime="20230529 03:29:51.309" endtime="20230529 03:29:51.309"/>
</kw>
<tag>macos-latest</tag>
<tag>ubuntu-latest</tag>
<tag>windows-latest</tag>
<status status="PASS" starttime="20230529 03:29:38.448" endtime="20230529 03:29:51.310"/>
</test>
<test id="s1-s1-t2" name="Reporter Help" line="23">
<kw name="Run" library="OperatingSystem">
<var>${result}</var>
<arg>python3 ${EXECDIR}${/}rfswarm_reporter${/}rfswarm_reporter.py -h</arg>
<doc>Runs the given command in the system and returns the output.</doc>
<msg timestamp="20230529 03:29:51.313" level="INFO">Running command 'python3 /Users/runner/work/rfswarm/rfswarm/rfswarm_reporter/rfswarm_reporter.py -h 2&gt;&amp;1'.</msg>
<msg timestamp="20230529 03:29:52.443" level="INFO">${result} = Robot Framework Swarm: Reporter 
	Version 1.1.3 
usage: rfswarm_reporter.py [-h] [-g DEBUG] [-v] [-i INI] [-n] [-d DIR]
                           [-t TEMPLATE] [--html] [--docx] [--xlsx]

options:
  ...</msg>
<status status="PASS" starttime="20230529 03:29:51.311" endtime="20230529 03:29:52.443"/>
</kw>
<kw name="Log To Console" library="BuiltIn">
<arg>${\n}${result}</arg>
<doc>Logs the given message to the console.</doc>
<status status="PASS" starttime="20230529 03:29:52.443" endtime="20230529 03:29:52.444"/>
</kw>
<kw name="Should Contain" library="BuiltIn">
<arg>${result}</arg>
<arg>Excel</arg>
<doc>Fails if ``container`` does not contain ``item`` one or more times.</doc>
<status status="PASS" starttime="20230529 03:29:52.444" endtime="20230529 03:29:52.444"/>
</kw>
<tag>macos-latest</tag>
<tag>ubuntu-latest</tag>
<tag>windows-latest</tag>
<status status="PASS" starttime="20230529 03:29:51.310" endtime="20230529 03:29:52.445"/>
</test>
<test id="s1-s1-t3" name="Command Line Generate HTML" line="29">
<kw name="Set Variable" library="BuiltIn">
<var>${testdata}</var>
<arg>Issue-#144</arg>
<doc>Returns the given values which can then be assigned to a variables.</doc>
<msg timestamp="20230529 03:29:52.446" level="INFO">${testdata} = Issue-#144</msg>
<status status="PASS" starttime="20230529 03:29:52.445" endtime="20230529 03:29:52.446"/>
</kw>
<kw name="Set Variable" library="BuiltIn">
<var>${resultdata}</var>
<arg>20230320_185055_demo</arg>
<doc>Returns the given values which can then be assigned to a variables.</doc>
<msg timestamp="20230529 03:29:52.446" level="INFO">${resultdata} = 20230320_185055_demo</msg>
<status status="PASS" starttime="20230529 03:29:52.446" endtime="20230529 03:29:52.446"/>
</kw>
<kw name="Set Variable" library="BuiltIn">
<var>${basefolder}</var>
<arg>/Users/runner/work/rfswarm/rfswarm/Tests/Regression/Reporter${/}testdata${/}${testdata}</arg>
<doc>Returns the given values which can then be assigned to a variables.</doc>
<msg timestamp="20230529 03:29:52.447" level="INFO">${basefolder} = /Users/runner/work/rfswarm/rfswarm/Tests/Regression/Reporter/testdata/Issue-#144</msg>
<status status="PASS" starttime="20230529 03:29:52.446" endtime="20230529 03:29:52.447"/>
</kw>
<kw name="Should Exist" library="OperatingSystem">
<arg>${basefolder}</arg>
<doc>Fails unless the given path (file or directory) exists.</doc>
<msg timestamp="20230529 03:29:52.447" level="INFO" html="true">Path '&lt;a href="file:///Users/runner/work/rfswarm/rfswarm/Tests/Regression/Reporter/testdata/Issue-#144"&gt;/Users/runner/work/rfswarm/rfswarm/Tests/Regression/Reporter/testdata/Issue-#144&lt;/a&gt;' exists.</msg>
<status status="PASS" starttime="20230529 03:29:52.447" endtime="20230529 03:29:52.447"/>
</kw>
<kw name="Log" library="BuiltIn">
<arg>basefolder: ${basefolder}</arg>
<arg>console=True</arg>
<doc>Logs the given message with the given level.</doc>
<msg timestamp="20230529 03:29:52.447" level="INFO">basefolder: /Users/runner/work/rfswarm/rfswarm/Tests/Regression/Reporter/testdata/Issue-#144</msg>
<status status="PASS" starttime="20230529 03:29:52.447" endtime="20230529 03:29:52.448"/>
</kw>
<kw name="Set Variable" library="BuiltIn">
<var>${resultfolder}</var>
<arg>${basefolder}${/}${resultdata}</arg>
<doc>Returns the given values which can then be assigned to a variables.</doc>
<msg timestamp="20230529 03:29:52.448" level="INFO">${resultfolder} = /Users/runner/work/rfswarm/rfswarm/Tests/Regression/Reporter/testdata/Issue-#144/20230320_185055_demo</msg>
<status status="PASS" starttime="20230529 03:29:52.448" endtime="20230529 03:29:52.448"/>
</kw>
<kw name="Should Exist" library="OperatingSystem">
<arg>${resultfolder}</arg>
<doc>Fails unless the given path (file or directory) exists.</doc>
<msg timestamp="20230529 03:29:52.448" level="INFO" html="true">Path '&lt;a href="file:///Users/runner/work/rfswarm/rfswarm/Tests/Regression/Reporter/testdata/Issue-#144/20230320_185055_demo"&gt;/Users/runner/work/rfswarm/rfswarm/Tests/Regression/Reporter/testdata/Issue-#144/20230320_185055_demo&lt;/a&gt;' exists.</msg>
<status status="PASS" starttime="20230529 03:29:52.448" endtime="20230529 03:29:52.449"/>
</kw>
<kw name="Log" library="BuiltIn">
<arg>resultfolder: ${resultfolder}</arg>
<arg>console=True</arg>
<doc>Logs the given message with the given level.</doc>
<msg timestamp="20230529 03:29:52.449" level="INFO">resultfolder: /Users/runner/work/rfswarm/rfswarm/Tests/Regression/Reporter/testdata/Issue-#144/20230320_185055_demo</msg>
<status status="PASS" starttime="20230529 03:29:52.449" endtime="20230529 03:29:52.449"/>
</kw>
<kw name="Set Variable" library="BuiltIn">
<var>${template}</var>
<arg>${basefolder}${/}90%ileTemplate.template</arg>
<doc>Returns the given values which can then be assigned to a variables.</doc>
<msg timestamp="20230529 03:29:52.449" level="INFO">${template} = /Users/runner/work/rfswarm/rfswarm/Tests/Regression/Reporter/testdata/Issue-#144/90%ileTemplate.template</msg>
<status status="PASS" starttime="20230529 03:29:52.449" endtime="20230529 03:29:52.449"/>
</kw>
<kw name="Should Exist" library="OperatingSystem">
<arg>${template}</arg>
<doc>Fails unless the given path (file or directory) exists.</doc>
<msg timestamp="20230529 03:29:52.450" level="INFO" html="true">Path '&lt;a href="file:///Users/runner/work/rfswarm/rfswarm/Tests/Regression/Reporter/testdata/Issue-#144/90%ileTemplate.template"&gt;/Users/runner/work/rfswarm/rfswarm/Tests/Regression/Reporter/testdata/Issue-#144/90%ileTemplate.template&lt;/a&gt;' exists.</msg>
<status status="PASS" starttime="20230529 03:29:52.450" endtime="20230529 03:29:52.450"/>
</kw>
<kw name="Log" library="BuiltIn">
<arg>template: ${template}</arg>
<arg>console=True</arg>
<doc>Logs the given message with the given level.</doc>
<msg timestamp="20230529 03:29:52.450" level="INFO">template: /Users/runner/work/rfswarm/rfswarm/Tests/Regression/Reporter/testdata/Issue-#144/90%ileTemplate.template</msg>
<status status="PASS" starttime="20230529 03:29:52.450" endtime="20230529 03:29:52.450"/>
</kw>
<kw name="Run" library="OperatingSystem">
<var>${result}</var>
<arg>python3 ${pyfile} -n -g 1 -d ${resultfolder} -t ${template} --html</arg>
<doc>Runs the given command in the system and returns the output.</doc>
<msg timestamp="20230529 03:29:52.453" level="INFO">Running command 'python3 /Users/runner/work/rfswarm/rfswarm/rfswarm_reporter/rfswarm_reporter.py -n -g 1 -d /Users/runner/work/rfswarm/rfswarm/Tests/Regression/Reporter/testdata/Issue-#144/20230320_185055_demo -t /Users/runner/work/rfswarm/rfswarm/Tests/Regression/Reporter/testdata/Issue-#144/90%ileTemplate.template --html 2&gt;&amp;1'.</msg>
<msg timestamp="20230529 03:29:58.174" level="INFO">${result} = </msg>
<status status="PASS" starttime="20230529 03:29:52.450" endtime="20230529 03:29:58.174"/>
</kw>
<kw name="Log" library="BuiltIn">
<arg>result: ${\n}${result}</arg>
<arg>console=True</arg>
<doc>Logs the given message with the given level.</doc>
<msg timestamp="20230529 03:29:58.175" level="INFO">result: 
</msg>
<status status="PASS" starttime="20230529 03:29:58.175" endtime="20230529 03:29:58.175"/>
</kw>
<kw name="Should Not Contain" library="BuiltIn">
<arg>${result}</arg>
<arg>Traceback</arg>
<doc>Fails if ``container`` contains ``item`` one or more times.</doc>
<status status="PASS" starttime="20230529 03:29:58.176" endtime="20230529 03:29:58.176"/>
</kw>
<kw name="Should Exist" library="OperatingSystem">
<arg>${resultfolder}${/}${resultdata}.html</arg>
<doc>Fails unless the given path (file or directory) exists.</doc>
<msg timestamp="20230529 03:29:58.177" level="INFO" html="true">Path '&lt;a href="file:///Users/runner/work/rfswarm/rfswarm/Tests/Regression/Reporter/testdata/Issue-#144/20230320_185055_demo/20230320_185055_demo.html"&gt;/Users/runner/work/rfswarm/rfswarm/Tests/Regression/Reporter/testdata/Issue-#144/20230320_185055_demo/20230320_185055_demo.html&lt;/a&gt;' exists.</msg>
<status status="PASS" starttime="20230529 03:29:58.176" endtime="20230529 03:29:58.177"/>
</kw>
<tag>HTML</tag>
<tag>Issue #144</tag>
<tag>macos-latest</tag>
<tag>ubuntu-latest</tag>
<tag>windows-latest</tag>
<status status="PASS" starttime="20230529 03:29:52.445" endtime="20230529 03:29:58.177"/>
</test>
<test id="s1-s1-t4" name="Command Line Generate Docx" line="47">
<kw name="Set Variable" library="BuiltIn">
<var>${testdata}</var>
<arg>Issue-#144</arg>
<doc>Returns the given values which can then be assigned to a variables.</doc>
<msg timestamp="20230529 03:29:58.178" level="INFO">${testdata} = Issue-#144</msg>
<status status="PASS" starttime="20230529 03:29:58.178" endtime="20230529 03:29:58.178"/>
</kw>
<kw name="Set Variable" library="BuiltIn">
<var>${resultdata}</var>
<arg>20230320_185055_demo</arg>
<doc>Returns the given values which can then be assigned to a variables.</doc>
<msg timestamp="20230529 03:29:58.178" level="INFO">${resultdata} = 20230320_185055_demo</msg>
<status status="PASS" starttime="20230529 03:29:58.178" endtime="20230529 03:29:58.178"/>
</kw>
<kw name="Set Variable" library="BuiltIn">
<var>${basefolder}</var>
<arg>/Users/runner/work/rfswarm/rfswarm/Tests/Regression/Reporter${/}testdata${/}${testdata}</arg>
<doc>Returns the given values which can then be assigned to a variables.</doc>
<msg timestamp="20230529 03:29:58.179" level="INFO">${basefolder} = /Users/runner/work/rfswarm/rfswarm/Tests/Regression/Reporter/testdata/Issue-#144</msg>
<status status="PASS" starttime="20230529 03:29:58.178" endtime="20230529 03:29:58.179"/>
</kw>
<kw name="Should Exist" library="OperatingSystem">
<arg>${basefolder}</arg>
<doc>Fails unless the given path (file or directory) exists.</doc>
<msg timestamp="20230529 03:29:58.179" level="INFO" html="true">Path '&lt;a href="file:///Users/runner/work/rfswarm/rfswarm/Tests/Regression/Reporter/testdata/Issue-#144"&gt;/Users/runner/work/rfswarm/rfswarm/Tests/Regression/Reporter/testdata/Issue-#144&lt;/a&gt;' exists.</msg>
<status status="PASS" starttime="20230529 03:29:58.179" endtime="20230529 03:29:58.179"/>
</kw>
<kw name="Log To Console" library="BuiltIn">
<arg>basefolder: ${basefolder}</arg>
<arg>console=True</arg>
<doc>Logs the given message to the console.</doc>
<status status="PASS" starttime="20230529 03:29:58.179" endtime="20230529 03:29:58.180"/>
</kw>
<kw name="Set Variable" library="BuiltIn">
<var>${resultfolder}</var>
<arg>${basefolder}${/}${resultdata}</arg>
<doc>Returns the given values which can then be assigned to a variables.</doc>
<msg timestamp="20230529 03:29:58.180" level="INFO">${resultfolder} = /Users/runner/work/rfswarm/rfswarm/Tests/Regression/Reporter/testdata/Issue-#144/20230320_185055_demo</msg>
<status status="PASS" starttime="20230529 03:29:58.180" endtime="20230529 03:29:58.180"/>
</kw>
<kw name="Should Exist" library="OperatingSystem">
<arg>${resultfolder}</arg>
<doc>Fails unless the given path (file or directory) exists.</doc>
<msg timestamp="20230529 03:29:58.181" level="INFO" html="true">Path '&lt;a href="file:///Users/runner/work/rfswarm/rfswarm/Tests/Regression/Reporter/testdata/Issue-#144/20230320_185055_demo"&gt;/Users/runner/work/rfswarm/rfswarm/Tests/Regression/Reporter/testdata/Issue-#144/20230320_185055_demo&lt;/a&gt;' exists.</msg>
<status status="PASS" starttime="20230529 03:29:58.180" endtime="20230529 03:29:58.181"/>
</kw>
<kw name="Log" library="BuiltIn">
<arg>resultfolder: ${resultfolder}</arg>
<arg>console=True</arg>
<doc>Logs the given message with the given level.</doc>
<msg timestamp="20230529 03:29:58.181" level="INFO">resultfolder: /Users/runner/work/rfswarm/rfswarm/Tests/Regression/Reporter/testdata/Issue-#144/20230320_185055_demo</msg>
<status status="PASS" starttime="20230529 03:29:58.181" endtime="20230529 03:29:58.181"/>
</kw>
<kw name="Set Variable" library="BuiltIn">
<var>${template}</var>
<arg>${basefolder}${/}90%ileTemplate.template</arg>
<doc>Returns the given values which can then be assigned to a variables.</doc>
<msg timestamp="20230529 03:29:58.181" level="INFO">${template} = /Users/runner/work/rfswarm/rfswarm/Tests/Regression/Reporter/testdata/Issue-#144/90%ileTemplate.template</msg>
<status status="PASS" starttime="20230529 03:29:58.181" endtime="20230529 03:29:58.182"/>
</kw>
<kw name="Should Exist" library="OperatingSystem">
<arg>${template}</arg>
<doc>Fails unless the given path (file or directory) exists.</doc>
<msg timestamp="20230529 03:29:58.182" level="INFO" html="true">Path '&lt;a href="file:///Users/runner/work/rfswarm/rfswarm/Tests/Regression/Reporter/testdata/Issue-#144/90%ileTemplate.template"&gt;/Users/runner/work/rfswarm/rfswarm/Tests/Regression/Reporter/testdata/Issue-#144/90%ileTemplate.template&lt;/a&gt;' exists.</msg>
<status status="PASS" starttime="20230529 03:29:58.182" endtime="20230529 03:29:58.182"/>
</kw>
<kw name="Log" library="BuiltIn">
<arg>template: ${template}</arg>
<arg>console=True</arg>
<doc>Logs the given message with the given level.</doc>
<msg timestamp="20230529 03:29:58.182" level="INFO">template: /Users/runner/work/rfswarm/rfswarm/Tests/Regression/Reporter/testdata/Issue-#144/90%ileTemplate.template</msg>
<status status="PASS" starttime="20230529 03:29:58.182" endtime="20230529 03:29:58.182"/>
</kw>
<kw name="Run" library="OperatingSystem">
<var>${result}</var>
<arg>python3 ${pyfile} -n -g 1 -d ${resultfolder} -t ${template} --docx</arg>
<doc>Runs the given command in the system and returns the output.</doc>
<msg timestamp="20230529 03:29:58.185" level="INFO">Running command 'python3 /Users/runner/work/rfswarm/rfswarm/rfswarm_reporter/rfswarm_reporter.py -n -g 1 -d /Users/runner/work/rfswarm/rfswarm/Tests/Regression/Reporter/testdata/Issue-#144/20230320_185055_demo -t /Users/runner/work/rfswarm/rfswarm/Tests/Regression/Reporter/testdata/Issue-#144/90%ileTemplate.template --docx 2&gt;&amp;1'.</msg>
<msg timestamp="20230529 03:30:04.900" level="INFO">${result} = </msg>
<status status="PASS" starttime="20230529 03:29:58.183" endtime="20230529 03:30:04.901"/>
</kw>
<kw name="Log" library="BuiltIn">
<arg>${\n}${result}</arg>
<arg>console=True</arg>
<doc>Logs the given message with the given level.</doc>
<msg timestamp="20230529 03:30:04.902" level="INFO">
</msg>
<status status="PASS" starttime="20230529 03:30:04.901" endtime="20230529 03:30:04.902"/>
</kw>
<kw name="Should Not Contain" library="BuiltIn">
<arg>${result}</arg>
<arg>Traceback</arg>
<doc>Fails if ``container`` contains ``item`` one or more times.</doc>
<status status="PASS" starttime="20230529 03:30:04.902" endtime="20230529 03:30:04.902"/>
</kw>
<kw name="Should Exist" library="OperatingSystem">
<arg>${resultfolder}${/}${resultdata}.docx</arg>
<doc>Fails unless the given path (file or directory) exists.</doc>
<msg timestamp="20230529 03:30:04.903" level="INFO" html="true">Path '&lt;a href="file:///Users/runner/work/rfswarm/rfswarm/Tests/Regression/Reporter/testdata/Issue-#144/20230320_185055_demo/20230320_185055_demo.docx"&gt;/Users/runner/work/rfswarm/rfswarm/Tests/Regression/Reporter/testdata/Issue-#144/20230320_185055_demo/20230320_185055_demo.docx&lt;/a&gt;' exists.</msg>
<status status="PASS" starttime="20230529 03:30:04.902" endtime="20230529 03:30:04.903"/>
</kw>
<tag>DOCX</tag>
<tag>Issue #144</tag>
<tag>macos-latest</tag>
<tag>ubuntu-latest</tag>
<tag>windows-latest</tag>
<status status="PASS" starttime="20230529 03:29:58.177" endtime="20230529 03:30:04.903"/>
</test>
<test id="s1-s1-t5" name="Command Line Generate Xlsx" line="65">
<kw name="Set Variable" library="BuiltIn">
<var>${testdata}</var>
<arg>Issue-#144</arg>
<doc>Returns the given values which can then be assigned to a variables.</doc>
<msg timestamp="20230529 03:30:04.904" level="INFO">${testdata} = Issue-#144</msg>
<status status="PASS" starttime="20230529 03:30:04.904" endtime="20230529 03:30:04.904"/>
</kw>
<kw name="Set Variable" library="BuiltIn">
<var>${resultdata}</var>
<arg>20230320_185055_demo</arg>
<doc>Returns the given values which can then be assigned to a variables.</doc>
<msg timestamp="20230529 03:30:04.905" level="INFO">${resultdata} = 20230320_185055_demo</msg>
<status status="PASS" starttime="20230529 03:30:04.905" endtime="20230529 03:30:04.905"/>
</kw>
<kw name="Set Variable" library="BuiltIn">
<var>${basefolder}</var>
<arg>/Users/runner/work/rfswarm/rfswarm/Tests/Regression/Reporter${/}testdata${/}${testdata}</arg>
<doc>Returns the given values which can then be assigned to a variables.</doc>
<msg timestamp="20230529 03:30:04.905" level="INFO">${basefolder} = /Users/runner/work/rfswarm/rfswarm/Tests/Regression/Reporter/testdata/Issue-#144</msg>
<status status="PASS" starttime="20230529 03:30:04.905" endtime="20230529 03:30:04.905"/>
</kw>
<kw name="Should Exist" library="OperatingSystem">
<arg>${basefolder}</arg>
<doc>Fails unless the given path (file or directory) exists.</doc>
<msg timestamp="20230529 03:30:04.906" level="INFO" html="true">Path '&lt;a href="file:///Users/runner/work/rfswarm/rfswarm/Tests/Regression/Reporter/testdata/Issue-#144"&gt;/Users/runner/work/rfswarm/rfswarm/Tests/Regression/Reporter/testdata/Issue-#144&lt;/a&gt;' exists.</msg>
<status status="PASS" starttime="20230529 03:30:04.905" endtime="20230529 03:30:04.906"/>
</kw>
<kw name="Log" library="BuiltIn">
<arg>basefolder: ${basefolder}</arg>
<arg>console=True</arg>
<doc>Logs the given message with the given level.</doc>
<msg timestamp="20230529 03:30:04.906" level="INFO">basefolder: /Users/runner/work/rfswarm/rfswarm/Tests/Regression/Reporter/testdata/Issue-#144</msg>
<status status="PASS" starttime="20230529 03:30:04.906" endtime="20230529 03:30:04.906"/>
</kw>
<kw name="Set Variable" library="BuiltIn">
<var>${resultfolder}</var>
<arg>${basefolder}${/}${resultdata}</arg>
<doc>Returns the given values which can then be assigned to a variables.</doc>
<msg timestamp="20230529 03:30:04.907" level="INFO">${resultfolder} = /Users/runner/work/rfswarm/rfswarm/Tests/Regression/Reporter/testdata/Issue-#144/20230320_185055_demo</msg>
<status status="PASS" starttime="20230529 03:30:04.906" endtime="20230529 03:30:04.907"/>
</kw>
<kw name="Should Exist" library="OperatingSystem">
<arg>${resultfolder}</arg>
<doc>Fails unless the given path (file or directory) exists.</doc>
<msg timestamp="20230529 03:30:04.907" level="INFO" html="true">Path '&lt;a href="file:///Users/runner/work/rfswarm/rfswarm/Tests/Regression/Reporter/testdata/Issue-#144/20230320_185055_demo"&gt;/Users/runner/work/rfswarm/rfswarm/Tests/Regression/Reporter/testdata/Issue-#144/20230320_185055_demo&lt;/a&gt;' exists.</msg>
<status status="PASS" starttime="20230529 03:30:04.907" endtime="20230529 03:30:04.907"/>
</kw>
<kw name="Log" library="BuiltIn">
<arg>resultfolder: ${resultfolder}</arg>
<arg>console=True</arg>
<doc>Logs the given message with the given level.</doc>
<msg timestamp="20230529 03:30:04.908" level="INFO">resultfolder: /Users/runner/work/rfswarm/rfswarm/Tests/Regression/Reporter/testdata/Issue-#144/20230320_185055_demo</msg>
<status status="PASS" starttime="20230529 03:30:04.907" endtime="20230529 03:30:04.908"/>
</kw>
<kw name="Set Variable" library="BuiltIn">
<var>${template}</var>
<arg>${basefolder}${/}90%ileTemplate.template</arg>
<doc>Returns the given values which can then be assigned to a variables.</doc>
<msg timestamp="20230529 03:30:04.908" level="INFO">${template} = /Users/runner/work/rfswarm/rfswarm/Tests/Regression/Reporter/testdata/Issue-#144/90%ileTemplate.template</msg>
<status status="PASS" starttime="20230529 03:30:04.908" endtime="20230529 03:30:04.908"/>
</kw>
<kw name="Should Exist" library="OperatingSystem">
<arg>${template}</arg>
<doc>Fails unless the given path (file or directory) exists.</doc>
<msg timestamp="20230529 03:30:04.909" level="INFO" html="true">Path '&lt;a href="file:///Users/runner/work/rfswarm/rfswarm/Tests/Regression/Reporter/testdata/Issue-#144/90%ileTemplate.template"&gt;/Users/runner/work/rfswarm/rfswarm/Tests/Regression/Reporter/testdata/Issue-#144/90%ileTemplate.template&lt;/a&gt;' exists.</msg>
<status status="PASS" starttime="20230529 03:30:04.908" endtime="20230529 03:30:04.909"/>
</kw>
<kw name="Log" library="BuiltIn">
<arg>template: ${template}</arg>
<arg>console=True</arg>
<doc>Logs the given message with the given level.</doc>
<msg timestamp="20230529 03:30:04.909" level="INFO">template: /Users/runner/work/rfswarm/rfswarm/Tests/Regression/Reporter/testdata/Issue-#144/90%ileTemplate.template</msg>
<status status="PASS" starttime="20230529 03:30:04.909" endtime="20230529 03:30:04.909"/>
</kw>
<kw name="Run" library="OperatingSystem">
<var>${result}</var>
<arg>python3 ${pyfile} -n -g 1 -d ${resultfolder} -t ${template} --xlsx</arg>
<doc>Runs the given command in the system and returns the output.</doc>
<msg timestamp="20230529 03:30:04.912" level="INFO">Running command 'python3 /Users/runner/work/rfswarm/rfswarm/rfswarm_reporter/rfswarm_reporter.py -n -g 1 -d /Users/runner/work/rfswarm/rfswarm/Tests/Regression/Reporter/testdata/Issue-#144/20230320_185055_demo -t /Users/runner/work/rfswarm/rfswarm/Tests/Regression/Reporter/testdata/Issue-#144/90%ileTemplate.template --xlsx 2&gt;&amp;1'.</msg>
<msg timestamp="20230529 03:30:10.339" level="INFO">${result} = </msg>
<status status="PASS" starttime="20230529 03:30:04.909" endtime="20230529 03:30:10.339"/>
</kw>
<kw name="Log" library="BuiltIn">
<arg>${\n}${result}</arg>
<arg>console=True</arg>
<doc>Logs the given message with the given level.</doc>
<msg timestamp="20230529 03:30:10.340" level="INFO">
</msg>
<status status="PASS" starttime="20230529 03:30:10.339" endtime="20230529 03:30:10.340"/>
</kw>
<kw name="Should Not Contain" library="BuiltIn">
<arg>${result}</arg>
<arg>Traceback</arg>
<doc>Fails if ``container`` contains ``item`` one or more times.</doc>
<status status="PASS" starttime="20230529 03:30:10.340" endtime="20230529 03:30:10.340"/>
</kw>
<kw name="Should Exist" library="OperatingSystem">
<arg>${resultfolder}${/}${resultdata}.xlsx</arg>
<doc>Fails unless the given path (file or directory) exists.</doc>
<msg timestamp="20230529 03:30:10.341" level="INFO" html="true">Path '&lt;a href="file:///Users/runner/work/rfswarm/rfswarm/Tests/Regression/Reporter/testdata/Issue-#144/20230320_185055_demo/20230320_185055_demo.xlsx"&gt;/Users/runner/work/rfswarm/rfswarm/Tests/Regression/Reporter/testdata/Issue-#144/20230320_185055_demo/20230320_185055_demo.xlsx&lt;/a&gt;' exists.</msg>
<status status="PASS" starttime="20230529 03:30:10.341" endtime="20230529 03:30:10.341"/>
</kw>
<tag>Issue #144</tag>
<tag>macos-latest</tag>
<tag>ubuntu-latest</tag>
<tag>windows-latest</tag>
<tag>XLSX</tag>
<status status="PASS" starttime="20230529 03:30:04.904" endtime="20230529 03:30:10.341"/>
</test>
<status status="PASS" starttime="20230529 03:29:38.421" endtime="20230529 03:30:10.342"/>
</suite>
<suite id="s1-s2" name="GUI Basic" source="/Users/runner/work/rfswarm/rfswarm/Tests/Regression/Reporter/GUI_Basic.robot">
<test id="s1-s2-t1" name="GUI Runs and Closes" line="14">
<kw name="Open GUI">
<kw name="Get Variables" library="BuiltIn">
<var>${var}</var>
<doc>Returns a dictionary containing all variables in the current scope.</doc>
<msg timestamp="20230529 03:30:19.155" level="INFO">${var} = {'${/}': '/', '${:}': ':', '${\\n}': '\n', '${DEBUG_FILE}': 'NONE', '${EXECDIR}': '/Users/runner/work/rfswarm/rfswarm', '${False}': False, '${IMAGE_DIR}': '/Users/runner/work/rfswarm/rfswarm/Tests/Reg...</msg>
<status status="PASS" starttime="20230529 03:30:19.154" endtime="20230529 03:30:19.155"/>
</kw>
<kw name="Log" library="BuiltIn">
<arg>${var}</arg>
<doc>Logs the given message with the given level.</doc>
<msg timestamp="20230529 03:30:19.155" level="INFO">{'${/}': '/', '${:}': ':', '${\\n}': '\n', '${DEBUG_FILE}': 'NONE', '${EXECDIR}': '/Users/runner/work/rfswarm/rfswarm', '${False}': False, '${IMAGE_DIR}': '/Users/runner/work/rfswarm/rfswarm/Tests/Regression/Reporter/Images/file_method', '${LOG_FILE}': '/Users/runner/work/rfswarm/rfswarm/Tests/Regression/Reporter/Logs/macos-latest_3.10/log.html', '${LOG_LEVEL}': 'INFO', '${None}': None, '${null}': None, '${OUTPUT_DIR}': '/Users/runner/work/rfswarm/rfswarm/Tests/Regression/Reporter/Logs/macos-latest_3.10', '${OUTPUT_FILE}': '/Users/runner/work/rfswarm/rfswarm/Tests/Regression/Reporter/Logs/macos-latest_3.10/output.xml', '${PREV_TEST_MESSAGE}': '', '${PREV_TEST_NAME}': 'Command Line Generate Xlsx', '${PREV_TEST_STATUS}': 'PASS', '${process}': 'None', '${pyfile}': '/Users/runner/work/rfswarm/rfswarm/rfswarm_reporter/rfswarm_reporter.py', '${REPORT_FILE}': '/Users/runner/work/rfswarm/rfswarm/Tests/Regression/Reporter/Logs/macos-latest_3.10/report.html', '${SPACE}': ' ', '${SUITE_DOCUMENTATION}': '', '${SUITE_NAME}': 'Reporter.GUI Basic', '${SUITE_SOURCE}': '/Users/runner/work/rfswarm/rfswarm/Tests/Regression/Reporter/GUI_Basic.robot', '${TEMPDIR}': '/var/folders/24/8k48jl6d249_n_qfxwsl6xvm0000gn/T', '${TEST_DOCUMENTATION}': '', '${TEST_NAME}': 'GUI Runs and Closes', '${True}': True, '&amp;{OPTIONS}': {'include': ['macos-latest'], 'exclude': [], 'skip': [], 'skip_on_failure': []}, '&amp;{SUITE_METADATA}': &lt;robot.utils.normalizing.NormalizedDict object at 0x102773970&gt;, '@{appargs}': [], '@{TEST_TAGS}': ['macos-latest', 'ubuntu-latest', 'windows-latest']}</msg>
<status status="PASS" starttime="20230529 03:30:19.155" endtime="20230529 03:30:19.155"/>
</kw>
<kw name="Get Platform">
<kw name="Create Dictionary" library="BuiltIn">
<var>&amp;{platforms}</var>
<arg>Linux=ubuntu</arg>
<arg>Darwin=macos</arg>
<arg>Java=notsupported</arg>
<arg>Windows=windows</arg>
<doc>Creates and returns a dictionary based on the given ``items``.</doc>
<msg timestamp="20230529 03:30:19.156" level="INFO">&amp;{platforms} = { Linux=ubuntu | Darwin=macos | Java=notsupported | Windows=windows }</msg>
<status status="PASS" starttime="20230529 03:30:19.156" endtime="20230529 03:30:19.156"/>
</kw>
<kw name="Evaluate" library="BuiltIn">
<var>${os}</var>
<arg>platform.system()</arg>
<arg>platform</arg>
<doc>Evaluates the given expression in Python and returns the result.</doc>
<msg timestamp="20230529 03:30:19.157" level="INFO">${os} = Darwin</msg>
<status status="PASS" starttime="20230529 03:30:19.157" endtime="20230529 03:30:19.157"/>
</kw>
<kw name="Set Suite Variable" library="BuiltIn">
<arg>${platform}</arg>
<arg>${platforms}[${os}]</arg>
<doc>Makes a variable available everywhere within the scope of the current suite.</doc>
<msg timestamp="20230529 03:30:19.158" level="INFO">${platform} = macos</msg>
<status status="PASS" starttime="20230529 03:30:19.157" endtime="20230529 03:30:19.159"/>
</kw>
<status status="PASS" starttime="20230529 03:30:19.156" endtime="20230529 03:30:19.159"/>
</kw>
<kw name="Set Variable" library="BuiltIn">
<var>${keyword}</var>
<arg>Open GUI ${platform}</arg>
<doc>Returns the given values which can then be assigned to a variables.</doc>
<msg timestamp="20230529 03:30:19.159" level="INFO">${keyword} = Open GUI macos</msg>
<status status="PASS" starttime="20230529 03:30:19.159" endtime="20230529 03:30:19.159"/>
</kw>
<kw name="Run Keyword" library="BuiltIn">
<arg>${keyword}</arg>
<arg>@{appargs}</arg>
<doc>Executes the given keyword with the given arguments.</doc>
<kw name="Open GUI macos">
<arg>@{appargs}</arg>
<kw name="Set Suite Variable" library="BuiltIn">
<arg>${platform}</arg>
<arg>macos</arg>
<doc>Makes a variable available everywhere within the scope of the current suite.</doc>
<msg timestamp="20230529 03:30:19.164" level="INFO">${platform} = macos</msg>
<status status="PASS" starttime="20230529 03:30:19.164" endtime="20230529 03:30:19.164"/>
</kw>
<kw name="Set Confidence" library="ImageHorizonLibrary">
<arg>0.9</arg>
<doc>Sets the accuracy when finding images.</doc>
<status status="PASS" starttime="20230529 03:30:19.165" endtime="20230529 03:30:19.165"/>
</kw>
<kw name="Start Process" library="Process">
<arg>python3</arg>
<arg>${pyfile}</arg>
<arg>-g</arg>
<arg>5</arg>
<arg>@{appargs}</arg>
<arg>alias=Reporter</arg>
<arg>stdout=${OUTPUT DIR}${/}stdout.txt</arg>
<arg>stderr=${OUTPUT DIR}${/}stderr.txt</arg>
<doc>Starts a new process on background.</doc>
<msg timestamp="20230529 03:30:19.166" level="INFO">Starting process:
python3 /Users/runner/work/rfswarm/rfswarm/rfswarm_reporter/rfswarm_reporter.py -g 5</msg>
<status status="PASS" starttime="20230529 03:30:19.165" endtime="20230529 03:30:19.172"/>
</kw>
<kw name="Set Screenshot Folder" library="ImageHorizonLibrary">
<arg>${OUTPUT DIR}</arg>
<doc>Sets the folder where screenshots are saved to.</doc>
<status status="PASS" starttime="20230529 03:30:19.173" endtime="20230529 03:30:19.174"/>
</kw>
<kw name="Take A Screenshot" library="ImageHorizonLibrary">
<doc>Takes a screenshot of the screen.</doc>
<msg timestamp="20230529 03:30:19.174" level="INFO" html="true">Screenshot taken: /Users/runner/work/rfswarm/rfswarm/Tests/Regression/Reporter/Logs/macos-latest_3.10/Reporter.GUIBasic-screenshot-1.png&lt;br/&gt;&lt;img src="/Users/runner/work/rfswarm/rfswarm/Tests/Regression/Reporter/Logs/macos-latest_3.10/Reporter.GUIBasic-screenshot-1.png" width="100%" /&gt;</msg>
<msg timestamp="20230529 03:30:19.174" level="FAIL">TypeError: '&lt;' not supported between instances of 'str' and 'int'</msg>
<status status="FAIL" starttime="20230529 03:30:19.174" endtime="20230529 03:30:19.175"/>
</kw>
<status status="FAIL" starttime="20230529 03:30:19.164" endtime="20230529 03:30:19.176"/>
</kw>
<status status="FAIL" starttime="20230529 03:30:19.159" endtime="20230529 03:30:19.176"/>
</kw>
<status status="FAIL" starttime="20230529 03:30:19.153" endtime="20230529 03:30:19.176"/>
</kw>
<kw name="Wait For Status">
<arg>PreviewLoaded</arg>
<status status="NOT RUN" starttime="20230529 03:30:19.176" endtime="20230529 03:30:19.176"/>
</kw>
<kw name="Close GUI">
<status status="NOT RUN" starttime="20230529 03:30:19.176" endtime="20230529 03:30:19.176"/>
</kw>
<tag>macos-latest</tag>
<tag>ubuntu-latest</tag>
<tag>windows-latest</tag>
<status status="FAIL" starttime="20230529 03:30:19.152" endtime="20230529 03:30:19.177">TypeError: '&lt;' not supported between instances of 'str' and 'int'</status>
</test>
<test id="s1-s2-t2" name="Select Preview Tab" line="20">
<kw name="Open GUI">
<kw name="Get Variables" library="BuiltIn">
<var>${var}</var>
<doc>Returns a dictionary containing all variables in the current scope.</doc>
<msg timestamp="20230529 03:30:19.179" level="INFO">${var} = {'${/}': '/', '${:}': ':', '${\\n}': '\n', '${DEBUG_FILE}': 'NONE', '${EXECDIR}': '/Users/runner/work/rfswarm/rfswarm', '${False}': False, '${IMAGE_DIR}': '/Users/runner/work/rfswarm/rfswarm/Tests/Reg...</msg>
<status status="PASS" starttime="20230529 03:30:19.178" endtime="20230529 03:30:19.179"/>
</kw>
<kw name="Log" library="BuiltIn">
<arg>${var}</arg>
<doc>Logs the given message with the given level.</doc>
<msg timestamp="20230529 03:30:19.180" level="INFO">{'${/}': '/', '${:}': ':', '${\\n}': '\n', '${DEBUG_FILE}': 'NONE', '${EXECDIR}': '/Users/runner/work/rfswarm/rfswarm', '${False}': False, '${IMAGE_DIR}': '/Users/runner/work/rfswarm/rfswarm/Tests/Regression/Reporter/Images/file_method', '${LOG_FILE}': '/Users/runner/work/rfswarm/rfswarm/Tests/Regression/Reporter/Logs/macos-latest_3.10/log.html', '${LOG_LEVEL}': 'INFO', '${None}': None, '${null}': None, '${OUTPUT_DIR}': '/Users/runner/work/rfswarm/rfswarm/Tests/Regression/Reporter/Logs/macos-latest_3.10', '${OUTPUT_FILE}': '/Users/runner/work/rfswarm/rfswarm/Tests/Regression/Reporter/Logs/macos-latest_3.10/output.xml', '${platform}': 'macos', '${PREV_TEST_MESSAGE}': "TypeError: '&lt;' not supported between instances of 'str' and 'int'", '${PREV_TEST_NAME}': 'GUI Runs and Closes', '${PREV_TEST_STATUS}': 'FAIL', '${process}': 'None', '${pyfile}': '/Users/runner/work/rfswarm/rfswarm/rfswarm_reporter/rfswarm_reporter.py', '${REPORT_FILE}': '/Users/runner/work/rfswarm/rfswarm/Tests/Regression/Reporter/Logs/macos-latest_3.10/report.html', '${SPACE}': ' ', '${SUITE_DOCUMENTATION}': '', '${SUITE_NAME}': 'Reporter.GUI Basic', '${SUITE_SOURCE}': '/Users/runner/work/rfswarm/rfswarm/Tests/Regression/Reporter/GUI_Basic.robot', '${TEMPDIR}': '/var/folders/24/8k48jl6d249_n_qfxwsl6xvm0000gn/T', '${TEST_DOCUMENTATION}': '', '${TEST_NAME}': 'Select Preview Tab', '${True}': True, '&amp;{OPTIONS}': {'include': ['macos-latest'], 'exclude': [], 'skip': [], 'skip_on_failure': []}, '&amp;{SUITE_METADATA}': &lt;robot.utils.normalizing.NormalizedDict object at 0x102773970&gt;, '@{appargs}': [], '@{TEST_TAGS}': ['macos-latest', 'ubuntu-latest', 'windows-latest']}</msg>
<status status="PASS" starttime="20230529 03:30:19.179" endtime="20230529 03:30:19.180"/>
</kw>
<kw name="Get Platform">
<kw name="Create Dictionary" library="BuiltIn">
<var>&amp;{platforms}</var>
<arg>Linux=ubuntu</arg>
<arg>Darwin=macos</arg>
<arg>Java=notsupported</arg>
<arg>Windows=windows</arg>
<doc>Creates and returns a dictionary based on the given ``items``.</doc>
<msg timestamp="20230529 03:30:19.181" level="INFO">&amp;{platforms} = { Linux=ubuntu | Darwin=macos | Java=notsupported | Windows=windows }</msg>
<status status="PASS" starttime="20230529 03:30:19.180" endtime="20230529 03:30:19.181"/>
</kw>
<kw name="Evaluate" library="BuiltIn">
<var>${os}</var>
<arg>platform.system()</arg>
<arg>platform</arg>
<doc>Evaluates the given expression in Python and returns the result.</doc>
<msg timestamp="20230529 03:30:19.181" level="INFO">${os} = Darwin</msg>
<status status="PASS" starttime="20230529 03:30:19.181" endtime="20230529 03:30:19.181"/>
</kw>
<kw name="Set Suite Variable" library="BuiltIn">
<arg>${platform}</arg>
<arg>${platforms}[${os}]</arg>
<doc>Makes a variable available everywhere within the scope of the current suite.</doc>
<msg timestamp="20230529 03:30:19.182" level="INFO">${platform} = macos</msg>
<status status="PASS" starttime="20230529 03:30:19.181" endtime="20230529 03:30:19.182"/>
</kw>
<status status="PASS" starttime="20230529 03:30:19.180" endtime="20230529 03:30:19.182"/>
</kw>
<kw name="Set Variable" library="BuiltIn">
<var>${keyword}</var>
<arg>Open GUI ${platform}</arg>
<doc>Returns the given values which can then be assigned to a variables.</doc>
<msg timestamp="20230529 03:30:19.182" level="INFO">${keyword} = Open GUI macos</msg>
<status status="PASS" starttime="20230529 03:30:19.182" endtime="20230529 03:30:19.182"/>
</kw>
<kw name="Run Keyword" library="BuiltIn">
<arg>${keyword}</arg>
<arg>@{appargs}</arg>
<doc>Executes the given keyword with the given arguments.</doc>
<kw name="Open GUI macos">
<arg>@{appargs}</arg>
<kw name="Set Suite Variable" library="BuiltIn">
<arg>${platform}</arg>
<arg>macos</arg>
<doc>Makes a variable available everywhere within the scope of the current suite.</doc>
<msg timestamp="20230529 03:30:19.188" level="INFO">${platform} = macos</msg>
<status status="PASS" starttime="20230529 03:30:19.187" endtime="20230529 03:30:19.188"/>
</kw>
<kw name="Set Confidence" library="ImageHorizonLibrary">
<arg>0.9</arg>
<doc>Sets the accuracy when finding images.</doc>
<status status="PASS" starttime="20230529 03:30:19.188" endtime="20230529 03:30:19.188"/>
</kw>
<kw name="Start Process" library="Process">
<arg>python3</arg>
<arg>${pyfile}</arg>
<arg>-g</arg>
<arg>5</arg>
<arg>@{appargs}</arg>
<arg>alias=Reporter</arg>
<arg>stdout=${OUTPUT DIR}${/}stdout.txt</arg>
<arg>stderr=${OUTPUT DIR}${/}stderr.txt</arg>
<doc>Starts a new process on background.</doc>
<msg timestamp="20230529 03:30:19.189" level="INFO">Starting process:
python3 /Users/runner/work/rfswarm/rfswarm/rfswarm_reporter/rfswarm_reporter.py -g 5</msg>
<status status="PASS" starttime="20230529 03:30:19.188" endtime="20230529 03:30:19.195"/>
</kw>
<kw name="Set Screenshot Folder" library="ImageHorizonLibrary">
<arg>${OUTPUT DIR}</arg>
<doc>Sets the folder where screenshots are saved to.</doc>
<status status="PASS" starttime="20230529 03:30:19.196" endtime="20230529 03:30:19.197"/>
</kw>
<kw name="Take A Screenshot" library="ImageHorizonLibrary">
<doc>Takes a screenshot of the screen.</doc>
<msg timestamp="20230529 03:30:19.197" level="INFO" html="true">Screenshot taken: /Users/runner/work/rfswarm/rfswarm/Tests/Regression/Reporter/Logs/macos-latest_3.10/Reporter.GUIBasic-screenshot-2.png&lt;br/&gt;&lt;img src="/Users/runner/work/rfswarm/rfswarm/Tests/Regression/Reporter/Logs/macos-latest_3.10/Reporter.GUIBasic-screenshot-2.png" width="100%" /&gt;</msg>
<msg timestamp="20230529 03:30:19.197" level="FAIL">TypeError: '&lt;' not supported between instances of 'str' and 'int'</msg>
<status status="FAIL" starttime="20230529 03:30:19.197" endtime="20230529 03:30:19.198"/>
</kw>
<status status="FAIL" starttime="20230529 03:30:19.187" endtime="20230529 03:30:19.198"/>
</kw>
<status status="FAIL" starttime="20230529 03:30:19.182" endtime="20230529 03:30:19.198"/>
</kw>
<status status="FAIL" starttime="20230529 03:30:19.178" endtime="20230529 03:30:19.199"/>
</kw>
<kw name="Wait For Status">
<arg>PreviewLoaded</arg>
<status status="NOT RUN" starttime="20230529 03:30:19.199" endtime="20230529 03:30:19.199"/>
</kw>
<kw name="Click Tab">
<arg>Preview</arg>
<status status="NOT RUN" starttime="20230529 03:30:19.199" endtime="20230529 03:30:19.199"/>
</kw>
<kw name="Close GUI">
<status status="NOT RUN" starttime="20230529 03:30:19.199" endtime="20230529 03:30:19.199"/>
</kw>
<tag>macos-latest</tag>
<tag>ubuntu-latest</tag>
<tag>windows-latest</tag>
<status status="FAIL" starttime="20230529 03:30:19.177" endtime="20230529 03:30:19.199">TypeError: '&lt;' not supported between instances of 'str' and 'int'</status>
</test>
<test id="s1-s2-t3" name="First Run" line="27">
<kw name="Set Variable" library="BuiltIn">
<var>${testdata}</var>
<arg>Issue-#147</arg>
<doc>Returns the given values which can then be assigned to a variables.</doc>
<msg timestamp="20230529 03:30:19.201" level="INFO">${testdata} = Issue-#147</msg>
<status status="PASS" starttime="20230529 03:30:19.200" endtime="20230529 03:30:19.201"/>
</kw>
<kw name="Set Variable" library="BuiltIn">
<var>${resultdata}</var>
<arg>20230320_185055_demo</arg>
<doc>Returns the given values which can then be assigned to a variables.</doc>
<msg timestamp="20230529 03:30:19.201" level="INFO">${resultdata} = 20230320_185055_demo</msg>
<status status="PASS" starttime="20230529 03:30:19.201" endtime="20230529 03:30:19.201"/>
</kw>
<kw name="Set Variable" library="BuiltIn">
<var>${basefolder}</var>
<arg>/Users/runner/work/rfswarm/rfswarm/Tests/Regression/Reporter${/}testdata${/}${testdata}</arg>
<doc>Returns the given values which can then be assigned to a variables.</doc>
<msg timestamp="20230529 03:30:19.202" level="INFO">${basefolder} = /Users/runner/work/rfswarm/rfswarm/Tests/Regression/Reporter/testdata/Issue-#147</msg>
<status status="PASS" starttime="20230529 03:30:19.201" endtime="20230529 03:30:19.202"/>
</kw>
<kw name="Should Exist" library="OperatingSystem">
<arg>${basefolder}</arg>
<doc>Fails unless the given path (file or directory) exists.</doc>
<msg timestamp="20230529 03:30:19.202" level="INFO" html="true">Path '&lt;a href="file:///Users/runner/work/rfswarm/rfswarm/Tests/Regression/Reporter/testdata/Issue-#147"&gt;/Users/runner/work/rfswarm/rfswarm/Tests/Regression/Reporter/testdata/Issue-#147&lt;/a&gt;' exists.</msg>
<status status="PASS" starttime="20230529 03:30:19.202" endtime="20230529 03:30:19.202"/>
</kw>
<kw name="Log To Console" library="BuiltIn">
<arg>basefolder: ${basefolder}</arg>
<arg>console=True</arg>
<doc>Logs the given message to the console.</doc>
<status status="PASS" starttime="20230529 03:30:19.202" endtime="20230529 03:30:19.203"/>
</kw>
<kw name="Set Variable" library="BuiltIn">
<var>${resultfolder}</var>
<arg>${basefolder}${/}${resultdata}</arg>
<doc>Returns the given values which can then be assigned to a variables.</doc>
<msg timestamp="20230529 03:30:19.203" level="INFO">${resultfolder} = /Users/runner/work/rfswarm/rfswarm/Tests/Regression/Reporter/testdata/Issue-#147/20230320_185055_demo</msg>
<status status="PASS" starttime="20230529 03:30:19.203" endtime="20230529 03:30:19.203"/>
</kw>
<kw name="Should Exist" library="OperatingSystem">
<arg>${resultfolder}</arg>
<doc>Fails unless the given path (file or directory) exists.</doc>
<msg timestamp="20230529 03:30:19.204" level="INFO" html="true">Path '&lt;a href="file:///Users/runner/work/rfswarm/rfswarm/Tests/Regression/Reporter/testdata/Issue-#147/20230320_185055_demo"&gt;/Users/runner/work/rfswarm/rfswarm/Tests/Regression/Reporter/testdata/Issue-#147/20230320_185055_demo&lt;/a&gt;' exists.</msg>
<status status="PASS" starttime="20230529 03:30:19.203" endtime="20230529 03:30:19.204"/>
</kw>
<kw name="Log" library="BuiltIn">
<arg>resultfolder: ${resultfolder}</arg>
<arg>console=True</arg>
<doc>Logs the given message with the given level.</doc>
<msg timestamp="20230529 03:30:19.204" level="INFO">resultfolder: /Users/runner/work/rfswarm/rfswarm/Tests/Regression/Reporter/testdata/Issue-#147/20230320_185055_demo</msg>
<status status="PASS" starttime="20230529 03:30:19.204" endtime="20230529 03:30:19.204"/>
</kw>
<kw name="Get Time" library="BuiltIn">
<var>${epoch}</var>
<arg>epoch</arg>
<doc>Returns the given time in the requested format.</doc>
<msg timestamp="20230529 03:30:19.205" level="INFO">${epoch} = 1685331019</msg>
<status status="PASS" starttime="20230529 03:30:19.205" endtime="20230529 03:30:19.205"/>
</kw>
<kw name="Open GUI">
<arg>-i</arg>
<arg>blank_${epoch}.ini</arg>
<arg>-d</arg>
<arg>${resultfolder}</arg>
<kw name="Get Variables" library="BuiltIn">
<var>${var}</var>
<doc>Returns a dictionary containing all variables in the current scope.</doc>
<msg timestamp="20230529 03:30:19.206" level="INFO">${var} = {'${/}': '/', '${:}': ':', '${\\n}': '\n', '${DEBUG_FILE}': 'NONE', '${EXECDIR}': '/Users/runner/work/rfswarm/rfswarm', '${False}': False, '${IMAGE_DIR}': '/Users/runner/work/rfswarm/rfswarm/Tests/Reg...</msg>
<status status="PASS" starttime="20230529 03:30:19.206" endtime="20230529 03:30:19.206"/>
</kw>
<kw name="Log" library="BuiltIn">
<arg>${var}</arg>
<doc>Logs the given message with the given level.</doc>
<msg timestamp="20230529 03:30:19.207" level="INFO">{'${/}': '/', '${:}': ':', '${\\n}': '\n', '${DEBUG_FILE}': 'NONE', '${EXECDIR}': '/Users/runner/work/rfswarm/rfswarm', '${False}': False, '${IMAGE_DIR}': '/Users/runner/work/rfswarm/rfswarm/Tests/Regression/Reporter/Images/file_method', '${LOG_FILE}': '/Users/runner/work/rfswarm/rfswarm/Tests/Regression/Reporter/Logs/macos-latest_3.10/log.html', '${LOG_LEVEL}': 'INFO', '${None}': None, '${null}': None, '${OUTPUT_DIR}': '/Users/runner/work/rfswarm/rfswarm/Tests/Regression/Reporter/Logs/macos-latest_3.10', '${OUTPUT_FILE}': '/Users/runner/work/rfswarm/rfswarm/Tests/Regression/Reporter/Logs/macos-latest_3.10/output.xml', '${platform}': 'macos', '${PREV_TEST_MESSAGE}': "TypeError: '&lt;' not supported between instances of 'str' and 'int'", '${PREV_TEST_NAME}': 'Select Preview Tab', '${PREV_TEST_STATUS}': 'FAIL', '${process}': 'None', '${pyfile}': '/Users/runner/work/rfswarm/rfswarm/rfswarm_reporter/rfswarm_reporter.py', '${REPORT_FILE}': '/Users/runner/work/rfswarm/rfswarm/Tests/Regression/Reporter/Logs/macos-latest_3.10/report.html', '${SPACE}': ' ', '${SUITE_DOCUMENTATION}': '', '${SUITE_NAME}': 'Reporter.GUI Basic', '${SUITE_SOURCE}': '/Users/runner/work/rfswarm/rfswarm/Tests/Regression/Reporter/GUI_Basic.robot', '${TEMPDIR}': '/var/folders/24/8k48jl6d249_n_qfxwsl6xvm0000gn/T', '${TEST_DOCUMENTATION}': '', '${TEST_NAME}': 'First Run', '${True}': True, '&amp;{OPTIONS}': {'include': ['macos-latest'], 'exclude': [], 'skip': [], 'skip_on_failure': []}, '&amp;{SUITE_METADATA}': &lt;robot.utils.normalizing.NormalizedDict object at 0x102773970&gt;, '@{appargs}': ['-i', 'blank_1685331019.ini', '-d', '/Users/runner/work/rfswarm/rfswarm/Tests/Regression/Reporter/testdata/Issue-#147/20230320_185055_demo'], '@{TEST_TAGS}': ['Issue #147', 'macos-latest', 'ubuntu-latest', 'windows-latest']}</msg>
<status status="PASS" starttime="20230529 03:30:19.206" endtime="20230529 03:30:19.207"/>
</kw>
<kw name="Get Platform">
<kw name="Create Dictionary" library="BuiltIn">
<var>&amp;{platforms}</var>
<arg>Linux=ubuntu</arg>
<arg>Darwin=macos</arg>
<arg>Java=notsupported</arg>
<arg>Windows=windows</arg>
<doc>Creates and returns a dictionary based on the given ``items``.</doc>
<msg timestamp="20230529 03:30:19.208" level="INFO">&amp;{platforms} = { Linux=ubuntu | Darwin=macos | Java=notsupported | Windows=windows }</msg>
<status status="PASS" starttime="20230529 03:30:19.207" endtime="20230529 03:30:19.208"/>
</kw>
<kw name="Evaluate" library="BuiltIn">
<var>${os}</var>
<arg>platform.system()</arg>
<arg>platform</arg>
<doc>Evaluates the given expression in Python and returns the result.</doc>
<msg timestamp="20230529 03:30:19.208" level="INFO">${os} = Darwin</msg>
<status status="PASS" starttime="20230529 03:30:19.208" endtime="20230529 03:30:19.209"/>
</kw>
<kw name="Set Suite Variable" library="BuiltIn">
<arg>${platform}</arg>
<arg>${platforms}[${os}]</arg>
<doc>Makes a variable available everywhere within the scope of the current suite.</doc>
<msg timestamp="20230529 03:30:19.209" level="INFO">${platform} = macos</msg>
<status status="PASS" starttime="20230529 03:30:19.209" endtime="20230529 03:30:19.209"/>
</kw>
<status status="PASS" starttime="20230529 03:30:19.207" endtime="20230529 03:30:19.209"/>
</kw>
<kw name="Set Variable" library="BuiltIn">
<var>${keyword}</var>
<arg>Open GUI ${platform}</arg>
<doc>Returns the given values which can then be assigned to a variables.</doc>
<msg timestamp="20230529 03:30:19.210" level="INFO">${keyword} = Open GUI macos</msg>
<status status="PASS" starttime="20230529 03:30:19.209" endtime="20230529 03:30:19.210"/>
</kw>
<kw name="Run Keyword" library="BuiltIn">
<arg>${keyword}</arg>
<arg>@{appargs}</arg>
<doc>Executes the given keyword with the given arguments.</doc>
<kw name="Open GUI macos">
<arg>@{appargs}</arg>
<kw name="Set Suite Variable" library="BuiltIn">
<arg>${platform}</arg>
<arg>macos</arg>
<doc>Makes a variable available everywhere within the scope of the current suite.</doc>
<msg timestamp="20230529 03:30:19.215" level="INFO">${platform} = macos</msg>
<status status="PASS" starttime="20230529 03:30:19.215" endtime="20230529 03:30:19.215"/>
</kw>
<kw name="Set Confidence" library="ImageHorizonLibrary">
<arg>0.9</arg>
<doc>Sets the accuracy when finding images.</doc>
<status status="PASS" starttime="20230529 03:30:19.215" endtime="20230529 03:30:19.216"/>
</kw>
<kw name="Start Process" library="Process">
<arg>python3</arg>
<arg>${pyfile}</arg>
<arg>-g</arg>
<arg>5</arg>
<arg>@{appargs}</arg>
<arg>alias=Reporter</arg>
<arg>stdout=${OUTPUT DIR}${/}stdout.txt</arg>
<arg>stderr=${OUTPUT DIR}${/}stderr.txt</arg>
<doc>Starts a new process on background.</doc>
<msg timestamp="20230529 03:30:19.217" level="INFO">Starting process:
python3 /Users/runner/work/rfswarm/rfswarm/rfswarm_reporter/rfswarm_reporter.py -g 5 -i blank_1685331019.ini -d /Users/runner/work/rfswarm/rfswarm/Tests/Regression/Reporter/testdata/Issue-#147/20230320_185055_demo</msg>
<status status="PASS" starttime="20230529 03:30:19.216" endtime="20230529 03:30:19.225"/>
</kw>
<kw name="Set Screenshot Folder" library="ImageHorizonLibrary">
<arg>${OUTPUT DIR}</arg>
<doc>Sets the folder where screenshots are saved to.</doc>
<status status="PASS" starttime="20230529 03:30:19.225" endtime="20230529 03:30:19.226"/>
</kw>
<kw name="Take A Screenshot" library="ImageHorizonLibrary">
<doc>Takes a screenshot of the screen.</doc>
<msg timestamp="20230529 03:30:19.227" level="INFO" html="true">Screenshot taken: /Users/runner/work/rfswarm/rfswarm/Tests/Regression/Reporter/Logs/macos-latest_3.10/Reporter.GUIBasic-screenshot-3.png&lt;br/&gt;&lt;img src="/Users/runner/work/rfswarm/rfswarm/Tests/Regression/Reporter/Logs/macos-latest_3.10/Reporter.GUIBasic-screenshot-3.png" width="100%" /&gt;</msg>
<msg timestamp="20230529 03:30:19.227" level="FAIL">TypeError: '&lt;' not supported between instances of 'str' and 'int'</msg>
<status status="FAIL" starttime="20230529 03:30:19.226" endtime="20230529 03:30:19.227"/>
</kw>
<status status="FAIL" starttime="20230529 03:30:19.214" endtime="20230529 03:30:19.227"/>
</kw>
<status status="FAIL" starttime="20230529 03:30:19.210" endtime="20230529 03:30:19.227"/>
</kw>
<status status="FAIL" starttime="20230529 03:30:19.205" endtime="20230529 03:30:19.228"/>
</kw>
<kw name="Run Keyword And Continue On Failure" library="BuiltIn">
<arg>Wait For Status</arg>
<arg>PreviewLoaded</arg>
<doc>Runs the keyword and continues execution even if a failure occurs.</doc>
<status status="NOT RUN" starttime="20230529 03:30:19.228" endtime="20230529 03:30:19.228"/>
</kw>
<kw name="Close GUI">
<status status="NOT RUN" starttime="20230529 03:30:19.228" endtime="20230529 03:30:19.228"/>
</kw>
<tag>Issue #147</tag>
<tag>macos-latest</tag>
<tag>ubuntu-latest</tag>
<tag>windows-latest</tag>
<status status="FAIL" starttime="20230529 03:30:19.200" endtime="20230529 03:30:19.229">TypeError: '&lt;' not supported between instances of 'str' and 'int'</status>
</test>
<test id="s1-s2-t4" name="New Data Table Section" line="43">
<kw name="Open GUI">
<kw name="Get Variables" library="BuiltIn">
<var>${var}</var>
<doc>Returns a dictionary containing all variables in the current scope.</doc>
<msg timestamp="20230529 03:30:19.231" level="INFO">${var} = {'${/}': '/', '${:}': ':', '${\\n}': '\n', '${DEBUG_FILE}': 'NONE', '${EXECDIR}': '/Users/runner/work/rfswarm/rfswarm', '${False}': False, '${IMAGE_DIR}': '/Users/runner/work/rfswarm/rfswarm/Tests/Reg...</msg>
<status status="PASS" starttime="20230529 03:30:19.230" endtime="20230529 03:30:19.231"/>
</kw>
<kw name="Log" library="BuiltIn">
<arg>${var}</arg>
<doc>Logs the given message with the given level.</doc>
<msg timestamp="20230529 03:30:19.232" level="INFO">{'${/}': '/', '${:}': ':', '${\\n}': '\n', '${DEBUG_FILE}': 'NONE', '${EXECDIR}': '/Users/runner/work/rfswarm/rfswarm', '${False}': False, '${IMAGE_DIR}': '/Users/runner/work/rfswarm/rfswarm/Tests/Regression/Reporter/Images/file_method', '${LOG_FILE}': '/Users/runner/work/rfswarm/rfswarm/Tests/Regression/Reporter/Logs/macos-latest_3.10/log.html', '${LOG_LEVEL}': 'INFO', '${None}': None, '${null}': None, '${OUTPUT_DIR}': '/Users/runner/work/rfswarm/rfswarm/Tests/Regression/Reporter/Logs/macos-latest_3.10', '${OUTPUT_FILE}': '/Users/runner/work/rfswarm/rfswarm/Tests/Regression/Reporter/Logs/macos-latest_3.10/output.xml', '${platform}': 'macos', '${PREV_TEST_MESSAGE}': "TypeError: '&lt;' not supported between instances of 'str' and 'int'", '${PREV_TEST_NAME}': 'First Run', '${PREV_TEST_STATUS}': 'FAIL', '${process}': 'None', '${pyfile}': '/Users/runner/work/rfswarm/rfswarm/rfswarm_reporter/rfswarm_reporter.py', '${REPORT_FILE}': '/Users/runner/work/rfswarm/rfswarm/Tests/Regression/Reporter/Logs/macos-latest_3.10/report.html', '${SPACE}': ' ', '${SUITE_DOCUMENTATION}': '', '${SUITE_NAME}': 'Reporter.GUI Basic', '${SUITE_SOURCE}': '/Users/runner/work/rfswarm/rfswarm/Tests/Regression/Reporter/GUI_Basic.robot', '${TEMPDIR}': '/var/folders/24/8k48jl6d249_n_qfxwsl6xvm0000gn/T', '${TEST_DOCUMENTATION}': '', '${TEST_NAME}': 'New Data Table Section', '${True}': True, '&amp;{OPTIONS}': {'include': ['macos-latest'], 'exclude': [], 'skip': [], 'skip_on_failure': []}, '&amp;{SUITE_METADATA}': &lt;robot.utils.normalizing.NormalizedDict object at 0x102773970&gt;, '@{appargs}': [], '@{TEST_TAGS}': ['Issue #149', 'macos-latest', 'ubuntu-latest', 'windows-latest']}</msg>
<status status="PASS" starttime="20230529 03:30:19.231" endtime="20230529 03:30:19.232"/>
</kw>
<kw name="Get Platform">
<kw name="Create Dictionary" library="BuiltIn">
<var>&amp;{platforms}</var>
<arg>Linux=ubuntu</arg>
<arg>Darwin=macos</arg>
<arg>Java=notsupported</arg>
<arg>Windows=windows</arg>
<doc>Creates and returns a dictionary based on the given ``items``.</doc>
<msg timestamp="20230529 03:30:19.233" level="INFO">&amp;{platforms} = { Linux=ubuntu | Darwin=macos | Java=notsupported | Windows=windows }</msg>
<status status="PASS" starttime="20230529 03:30:19.232" endtime="20230529 03:30:19.233"/>
</kw>
<kw name="Evaluate" library="BuiltIn">
<var>${os}</var>
<arg>platform.system()</arg>
<arg>platform</arg>
<doc>Evaluates the given expression in Python and returns the result.</doc>
<msg timestamp="20230529 03:30:19.243" level="INFO">${os} = Darwin</msg>
<status status="PASS" starttime="20230529 03:30:19.233" endtime="20230529 03:30:19.243"/>
</kw>
<kw name="Set Suite Variable" library="BuiltIn">
<arg>${platform}</arg>
<arg>${platforms}[${os}]</arg>
<doc>Makes a variable available everywhere within the scope of the current suite.</doc>
<msg timestamp="20230529 03:30:19.244" level="INFO">${platform} = macos</msg>
<status status="PASS" starttime="20230529 03:30:19.243" endtime="20230529 03:30:19.244"/>
</kw>
<status status="PASS" starttime="20230529 03:30:19.232" endtime="20230529 03:30:19.244"/>
</kw>
<kw name="Set Variable" library="BuiltIn">
<var>${keyword}</var>
<arg>Open GUI ${platform}</arg>
<doc>Returns the given values which can then be assigned to a variables.</doc>
<msg timestamp="20230529 03:30:19.245" level="INFO">${keyword} = Open GUI macos</msg>
<status status="PASS" starttime="20230529 03:30:19.244" endtime="20230529 03:30:19.245"/>
</kw>
<kw name="Run Keyword" library="BuiltIn">
<arg>${keyword}</arg>
<arg>@{appargs}</arg>
<doc>Executes the given keyword with the given arguments.</doc>
<kw name="Open GUI macos">
<arg>@{appargs}</arg>
<kw name="Set Suite Variable" library="BuiltIn">
<arg>${platform}</arg>
<arg>macos</arg>
<doc>Makes a variable available everywhere within the scope of the current suite.</doc>
<msg timestamp="20230529 03:30:19.250" level="INFO">${platform} = macos</msg>
<status status="PASS" starttime="20230529 03:30:19.250" endtime="20230529 03:30:19.250"/>
</kw>
<kw name="Set Confidence" library="ImageHorizonLibrary">
<arg>0.9</arg>
<doc>Sets the accuracy when finding images.</doc>
<status status="PASS" starttime="20230529 03:30:19.250" endtime="20230529 03:30:19.250"/>
</kw>
<kw name="Start Process" library="Process">
<arg>python3</arg>
<arg>${pyfile}</arg>
<arg>-g</arg>
<arg>5</arg>
<arg>@{appargs}</arg>
<arg>alias=Reporter</arg>
<arg>stdout=${OUTPUT DIR}${/}stdout.txt</arg>
<arg>stderr=${OUTPUT DIR}${/}stderr.txt</arg>
<doc>Starts a new process on background.</doc>
<msg timestamp="20230529 03:30:19.251" level="INFO">Starting process:
python3 /Users/runner/work/rfswarm/rfswarm/rfswarm_reporter/rfswarm_reporter.py -g 5</msg>
<status status="PASS" starttime="20230529 03:30:19.250" endtime="20230529 03:30:19.264"/>
</kw>
<kw name="Set Screenshot Folder" library="ImageHorizonLibrary">
<arg>${OUTPUT DIR}</arg>
<doc>Sets the folder where screenshots are saved to.</doc>
<status status="PASS" starttime="20230529 03:30:19.265" endtime="20230529 03:30:19.266"/>
</kw>
<kw name="Take A Screenshot" library="ImageHorizonLibrary">
<doc>Takes a screenshot of the screen.</doc>
<msg timestamp="20230529 03:30:19.266" level="INFO" html="true">Screenshot taken: /Users/runner/work/rfswarm/rfswarm/Tests/Regression/Reporter/Logs/macos-latest_3.10/Reporter.GUIBasic-screenshot-4.png&lt;br/&gt;&lt;img src="/Users/runner/work/rfswarm/rfswarm/Tests/Regression/Reporter/Logs/macos-latest_3.10/Reporter.GUIBasic-screenshot-4.png" width="100%" /&gt;</msg>
<msg timestamp="20230529 03:30:19.267" level="FAIL">TypeError: '&lt;' not supported between instances of 'str' and 'int'</msg>
<status status="FAIL" starttime="20230529 03:30:19.266" endtime="20230529 03:30:19.267"/>
</kw>
<status status="FAIL" starttime="20230529 03:30:19.249" endtime="20230529 03:30:19.267"/>
</kw>
<status status="FAIL" starttime="20230529 03:30:19.245" endtime="20230529 03:30:19.267"/>
</kw>
<status status="FAIL" starttime="20230529 03:30:19.230" endtime="20230529 03:30:19.267"/>
</kw>
<kw name="Wait For Status">
<arg>PreviewLoaded</arg>
<status status="NOT RUN" starttime="20230529 03:30:19.268" endtime="20230529 03:30:19.268"/>
</kw>
<kw name="Click Button">
<arg>NewSection</arg>
<status status="NOT RUN" starttime="20230529 03:30:19.268" endtime="20230529 03:30:19.268"/>
</kw>
<kw name="Close GUI">
<status status="NOT RUN" starttime="20230529 03:30:19.268" endtime="20230529 03:30:19.268"/>
</kw>
<tag>Issue #149</tag>
<tag>macos-latest</tag>
<tag>ubuntu-latest</tag>
<tag>windows-latest</tag>
<status status="FAIL" starttime="20230529 03:30:19.229" endtime="20230529 03:30:19.268">TypeError: '&lt;' not supported between instances of 'str' and 'int'</status>
</test>
<test id="s1-s2-t5" name="Intentional Fail" line="53">
<kw name="Fail" library="BuiltIn">
<doc>Fails the test with the given message and optionally alters its tags.</doc>
<msg timestamp="20230529 03:30:19.270" level="FAIL">AssertionError</msg>
<status status="FAIL" starttime="20230529 03:30:19.270" endtime="20230529 03:30:19.270"/>
</kw>
<doc>Uncomment this test if you want to trigger updating Screenshots in the git repo
Ensure this is commented out before release or pull request</doc>
<tag>macos-latest</tag>
<tag>ubuntu-latest</tag>
<tag>windows-latest</tag>
<status status="FAIL" starttime="20230529 03:30:19.269" endtime="20230529 03:30:19.271">AssertionError</status>
</test>
<status status="FAIL" starttime="20230529 03:30:10.344" endtime="20230529 03:30:19.271"/>
</suite>
<status status="FAIL" starttime="20230529 03:29:38.377" endtime="20230529 03:30:19.273"/>
</suite>
<statistics>
<total>
<stat pass="5" fail="5" skip="0">All Tests</stat>
</total>
<tag>
<stat pass="1" fail="0" skip="0">DOCX</stat>
<stat pass="1" fail="0" skip="0">HTML</stat>
<stat pass="3" fail="0" skip="0">Issue #144</stat>
<stat pass="0" fail="1" skip="0">Issue #147</stat>
<stat pass="0" fail="1" skip="0">Issue #149</stat>
<stat pass="5" fail="5" skip="0">macos-latest</stat>
<stat pass="5" fail="5" skip="0">ubuntu-latest</stat>
<stat pass="5" fail="5" skip="0">windows-latest</stat>
<stat pass="1" fail="0" skip="0">XLSX</stat>
</tag>
<suite>
<stat pass="5" fail="5" skip="0" id="s1" name="Reporter">Reporter</stat>
<stat pass="5" fail="0" skip="0" id="s1-s1" name="CommandLine">Reporter.CommandLine</stat>
<stat pass="0" fail="5" skip="0" id="s1-s2" name="GUI Basic">Reporter.GUI Basic</stat>
</suite>
</statistics>
<errors>
</errors>
</robot>
