<?xml version="1.0" encoding="UTF-8"?>
<robot generator="Robot 7.0 (Python 3.12.2 on darwin)" generated="2024-03-14T01:50:56.642117" rpa="false" schemaversion="5">
<suite id="s1" name="Reporter" source="/Users/runner/work/rfswarm/rfswarm/Tests/Regression/Reporter">
<suite id="s1-s1" name="CommandLine" source="/Users/runner/work/rfswarm/rfswarm/Tests/Regression/Reporter/CommandLine.robot">
<kw name="Clean Up Old Files" type="SETUP">
<kw name="Log To Console" owner="BuiltIn">
<arg>${OUTPUT DIR}</arg>
<doc>Logs the given message to the console.</doc>
<status status="PASS" start="2024-03-14T01:50:56.685891" elapsed="0.000432"/>
</kw>
<kw name="Remove File" owner="OperatingSystem">
<msg time="2024-03-14T01:50:56.687068" level="INFO" html="true">Removed file '&lt;a href="file:///Users/runner/work/rfswarm/rfswarm/Tests/Regression/Reporter/Logs/macos-latest_3.10/stdout.txt"&gt;/Users/runner/work/rfswarm/rfswarm/Tests/Regression/Reporter/Logs/macos-latest_3.10/stdout.txt&lt;/a&gt;'.</msg>
<msg time="2024-03-14T01:50:56.687172" level="INFO" html="true">Removed file '&lt;a href="file:///Users/runner/work/rfswarm/rfswarm/Tests/Regression/Reporter/Logs/macos-latest_3.10/stderr.txt"&gt;/Users/runner/work/rfswarm/rfswarm/Tests/Regression/Reporter/Logs/macos-latest_3.10/stderr.txt&lt;/a&gt;'.</msg>
<arg>${OUTPUT DIR}${/}*.txt</arg>
<doc>Removes a file with the given path.</doc>
<status status="PASS" start="2024-03-14T01:50:56.686463" elapsed="0.000769"/>
</kw>
<kw name="Remove File" owner="OperatingSystem">
<msg time="2024-03-14T01:50:56.687818" level="INFO" html="true">Removed file '&lt;a href="file:///Users/runner/work/rfswarm/rfswarm/Tests/Regression/Reporter/Logs/macos-latest_3.10/Reporter.GUIBasic-screenshot-8.png"&gt;/Users/runner/work/rfswarm/rfswarm/Tests/Regression/Reporter/Logs/macos-latest_3.10/Reporter.GUIBasic-screenshot-8.png&lt;/a&gt;'.</msg>
<msg time="2024-03-14T01:50:56.687957" level="INFO" html="true">Removed file '&lt;a href="file:///Users/runner/work/rfswarm/rfswarm/Tests/Regression/Reporter/Logs/macos-latest_3.10/Reporter.GUIBasic-screenshot-9.png"&gt;/Users/runner/work/rfswarm/rfswarm/Tests/Regression/Reporter/Logs/macos-latest_3.10/Reporter.GUIBasic-screenshot-9.png&lt;/a&gt;'.</msg>
<msg time="2024-03-14T01:50:56.688103" level="INFO" html="true">Removed file '&lt;a href="file:///Users/runner/work/rfswarm/rfswarm/Tests/Regression/Reporter/Logs/macos-latest_3.10/Reporter.GUIBasic-screenshot-18.png"&gt;/Users/runner/work/rfswarm/rfswarm/Tests/Regression/Reporter/Logs/macos-latest_3.10/Reporter.GUIBasic-screenshot-18.png&lt;/a&gt;'.</msg>
<msg time="2024-03-14T01:50:56.688241" level="INFO" html="true">Removed file '&lt;a href="file:///Users/runner/work/rfswarm/rfswarm/Tests/Regression/Reporter/Logs/macos-latest_3.10/Reporter.GUIBasic-screenshot-19.png"&gt;/Users/runner/work/rfswarm/rfswarm/Tests/Regression/Reporter/Logs/macos-latest_3.10/Reporter.GUIBasic-screenshot-19.png&lt;/a&gt;'.</msg>
<msg time="2024-03-14T01:50:56.688391" level="INFO" html="true">Removed file '&lt;a href="file:///Users/runner/work/rfswarm/rfswarm/Tests/Regression/Reporter/Logs/macos-latest_3.10/Reporter.GUIBasic-screenshot-12.png"&gt;/Users/runner/work/rfswarm/rfswarm/Tests/Regression/Reporter/Logs/macos-latest_3.10/Reporter.GUIBasic-screenshot-12.png&lt;/a&gt;'.</msg>
<msg time="2024-03-14T01:50:56.688572" level="INFO" html="true">Removed file '&lt;a href="file:///Users/runner/work/rfswarm/rfswarm/Tests/Regression/Reporter/Logs/macos-latest_3.10/Reporter.GUIBasic-screenshot-1.png"&gt;/Users/runner/work/rfswarm/rfswarm/Tests/Regression/Reporter/Logs/macos-latest_3.10/Reporter.GUIBasic-screenshot-1.png&lt;/a&gt;'.</msg>
<msg time="2024-03-14T01:50:56.688712" level="INFO" html="true">Removed file '&lt;a href="file:///Users/runner/work/rfswarm/rfswarm/Tests/Regression/Reporter/Logs/macos-latest_3.10/Reporter.GUIBasic-screenshot-13.png"&gt;/Users/runner/work/rfswarm/rfswarm/Tests/Regression/Reporter/Logs/macos-latest_3.10/Reporter.GUIBasic-screenshot-13.png&lt;/a&gt;'.</msg>
<msg time="2024-03-14T01:50:56.688848" level="INFO" html="true">Removed file '&lt;a href="file:///Users/runner/work/rfswarm/rfswarm/Tests/Regression/Reporter/Logs/macos-latest_3.10/Reporter.GUIBasic-screenshot-11.png"&gt;/Users/runner/work/rfswarm/rfswarm/Tests/Regression/Reporter/Logs/macos-latest_3.10/Reporter.GUIBasic-screenshot-11.png&lt;/a&gt;'.</msg>
<msg time="2024-03-14T01:50:56.688986" level="INFO" html="true">Removed file '&lt;a href="file:///Users/runner/work/rfswarm/rfswarm/Tests/Regression/Reporter/Logs/macos-latest_3.10/Reporter.GUIBasic-screenshot-2.png"&gt;/Users/runner/work/rfswarm/rfswarm/Tests/Regression/Reporter/Logs/macos-latest_3.10/Reporter.GUIBasic-screenshot-2.png&lt;/a&gt;'.</msg>
<msg time="2024-03-14T01:50:56.689123" level="INFO" html="true">Removed file '&lt;a href="file:///Users/runner/work/rfswarm/rfswarm/Tests/Regression/Reporter/Logs/macos-latest_3.10/Reporter.GUIBasic-screenshot-3.png"&gt;/Users/runner/work/rfswarm/rfswarm/Tests/Regression/Reporter/Logs/macos-latest_3.10/Reporter.GUIBasic-screenshot-3.png&lt;/a&gt;'.</msg>
<msg time="2024-03-14T01:50:56.689259" level="INFO" html="true">Removed file '&lt;a href="file:///Users/runner/work/rfswarm/rfswarm/Tests/Regression/Reporter/Logs/macos-latest_3.10/Reporter.GUIBasic-screenshot-10.png"&gt;/Users/runner/work/rfswarm/rfswarm/Tests/Regression/Reporter/Logs/macos-latest_3.10/Reporter.GUIBasic-screenshot-10.png&lt;/a&gt;'.</msg>
<msg time="2024-03-14T01:50:56.689433" level="INFO" html="true">Removed file '&lt;a href="file:///Users/runner/work/rfswarm/rfswarm/Tests/Regression/Reporter/Logs/macos-latest_3.10/Reporter.GUIBasic-screenshot-14.png"&gt;/Users/runner/work/rfswarm/rfswarm/Tests/Regression/Reporter/Logs/macos-latest_3.10/Reporter.GUIBasic-screenshot-14.png&lt;/a&gt;'.</msg>
<msg time="2024-03-14T01:50:56.689572" level="INFO" html="true">Removed file '&lt;a href="file:///Users/runner/work/rfswarm/rfswarm/Tests/Regression/Reporter/Logs/macos-latest_3.10/Reporter.GUIBasic-screenshot-7.png"&gt;/Users/runner/work/rfswarm/rfswarm/Tests/Regression/Reporter/Logs/macos-latest_3.10/Reporter.GUIBasic-screenshot-7.png&lt;/a&gt;'.</msg>
<msg time="2024-03-14T01:50:56.689702" level="INFO" html="true">Removed file '&lt;a href="file:///Users/runner/work/rfswarm/rfswarm/Tests/Regression/Reporter/Logs/macos-latest_3.10/Reporter.GUIBasic-screenshot-6.png"&gt;/Users/runner/work/rfswarm/rfswarm/Tests/Regression/Reporter/Logs/macos-latest_3.10/Reporter.GUIBasic-screenshot-6.png&lt;/a&gt;'.</msg>
<msg time="2024-03-14T01:50:56.690118" level="INFO" html="true">Removed file '&lt;a href="file:///Users/runner/work/rfswarm/rfswarm/Tests/Regression/Reporter/Logs/macos-latest_3.10/Reporter.GUIBasic-screenshot-15.png"&gt;/Users/runner/work/rfswarm/rfswarm/Tests/Regression/Reporter/Logs/macos-latest_3.10/Reporter.GUIBasic-screenshot-15.png&lt;/a&gt;'.</msg>
<msg time="2024-03-14T01:50:56.690268" level="INFO" html="true">Removed file '&lt;a href="file:///Users/runner/work/rfswarm/rfswarm/Tests/Regression/Reporter/Logs/macos-latest_3.10/Reporter.GUIBasic-screenshot-17.png"&gt;/Users/runner/work/rfswarm/rfswarm/Tests/Regression/Reporter/Logs/macos-latest_3.10/Reporter.GUIBasic-screenshot-17.png&lt;/a&gt;'.</msg>
<msg time="2024-03-14T01:50:56.690412" level="INFO" html="true">Removed file '&lt;a href="file:///Users/runner/work/rfswarm/rfswarm/Tests/Regression/Reporter/Logs/macos-latest_3.10/Reporter.GUIBasic-screenshot-4.png"&gt;/Users/runner/work/rfswarm/rfswarm/Tests/Regression/Reporter/Logs/macos-latest_3.10/Reporter.GUIBasic-screenshot-4.png&lt;/a&gt;'.</msg>
<msg time="2024-03-14T01:50:56.690553" level="INFO" html="true">Removed file '&lt;a href="file:///Users/runner/work/rfswarm/rfswarm/Tests/Regression/Reporter/Logs/macos-latest_3.10/Reporter.GUIBasic-screenshot-5.png"&gt;/Users/runner/work/rfswarm/rfswarm/Tests/Regression/Reporter/Logs/macos-latest_3.10/Reporter.GUIBasic-screenshot-5.png&lt;/a&gt;'.</msg>
<msg time="2024-03-14T01:50:56.690692" level="INFO" html="true">Removed file '&lt;a href="file:///Users/runner/work/rfswarm/rfswarm/Tests/Regression/Reporter/Logs/macos-latest_3.10/Reporter.GUIBasic-screenshot-16.png"&gt;/Users/runner/work/rfswarm/rfswarm/Tests/Regression/Reporter/Logs/macos-latest_3.10/Reporter.GUIBasic-screenshot-16.png&lt;/a&gt;'.</msg>
<arg>${OUTPUT DIR}${/}*.png</arg>
<doc>Removes a file with the given path.</doc>
<status status="PASS" start="2024-03-14T01:50:56.687334" elapsed="0.003457"/>
</kw>
<tag>macos-latest</tag>
<tag>ubuntu-latest</tag>
<tag>windows-latest</tag>
<status status="PASS" start="2024-03-14T01:50:56.685337" elapsed="0.005528"/>
</kw>
<test id="s1-s1-t1" name="Reporter Version" line="17">
<kw name="Run" owner="OperatingSystem">
<msg time="2024-03-14T01:50:56.696736" level="INFO">Running command 'rfswarm-reporter -v 2&gt;&amp;1'.</msg>
<msg time="2024-03-14T01:50:58.992815" level="INFO">${result} = Robot Framework Swarm: Reporter 
	Version v1.3.0.dev20240314014631 </msg>
<var>${result}</var>
<arg>${cmd_reporter} -v</arg>
<doc>Runs the given command in the system and returns the output.</doc>
<status status="PASS" start="2024-03-14T01:50:56.691294" elapsed="2.301569"/>
</kw>
<kw name="Log To Console" owner="BuiltIn">
<arg>${\n}${result}</arg>
<doc>Logs the given message to the console.</doc>
<status status="PASS" start="2024-03-14T01:50:58.993162" elapsed="0.000344"/>
</kw>
<kw name="Should Contain" owner="BuiltIn">
<arg>${result}</arg>
<arg>Version</arg>
<doc>Fails if ``container`` does not contain ``item`` one or more times.</doc>
<status status="PASS" start="2024-03-14T01:50:58.993620" elapsed="0.000136"/>
</kw>
<kw name="Should Contain" owner="BuiltIn">
<arg>${result}</arg>
<arg>Reporter</arg>
<doc>Fails if ``container`` does not contain ``item`` one or more times.</doc>
<status status="PASS" start="2024-03-14T01:50:58.993849" elapsed="0.000116"/>
</kw>
<tag>macos-latest</tag>
<tag>ubuntu-latest</tag>
<tag>windows-latest</tag>
<status status="PASS" start="2024-03-14T01:50:56.690950" elapsed="2.303173"/>
</test>
<test id="s1-s1-t2" name="Reporter Help" line="25">
<kw name="Run" owner="OperatingSystem">
<msg time="2024-03-14T01:50:58.996764" level="INFO">Running command 'rfswarm-reporter -h 2&gt;&amp;1'.</msg>
<msg time="2024-03-14T01:50:59.780165" level="INFO">${result} = Robot Framework Swarm: Reporter 
	Version v1.3.0.dev20240314014631 
usage: rfswarm-reporter [-h] [-g DEBUG] [-v] [-i INI] [-n] [-d DIR]
                        [-t TEMPLATE] [--html] [--docx] [--xlsx]...</msg>
<var>${result}</var>
<arg>${cmd_reporter} -h</arg>
<doc>Runs the given command in the system and returns the output.</doc>
<status status="PASS" start="2024-03-14T01:50:58.994851" elapsed="0.785366"/>
</kw>
<kw name="Log To Console" owner="BuiltIn">
<arg>${\n}${result}</arg>
<doc>Logs the given message to the console.</doc>
<status status="PASS" start="2024-03-14T01:50:59.780580" elapsed="0.000364"/>
</kw>
<kw name="Should Contain" owner="BuiltIn">
<arg>${result}</arg>
<arg>Excel</arg>
<doc>Fails if ``container`` does not contain ``item`` one or more times.</doc>
<status status="PASS" start="2024-03-14T01:50:59.781058" elapsed="0.000187"/>
</kw>
<tag>macos-latest</tag>
<tag>ubuntu-latest</tag>
<tag>windows-latest</tag>
<status status="PASS" start="2024-03-14T01:50:58.994428" elapsed="0.786981"/>
</test>
<test id="s1-s1-t3" name="Command Line Generate HTML" line="32">
<kw name="Log To Console" owner="BuiltIn">
<arg>${\n}TAGS: ${TEST TAGS}</arg>
<doc>Logs the given message to the console.</doc>
<status status="PASS" start="2024-03-14T01:50:59.782152" elapsed="0.000189"/>
</kw>
<kw name="Set Variable" owner="BuiltIn">
<msg time="2024-03-14T01:50:59.782592" level="INFO">${testdata} = Issue-#144</msg>
<var>${testdata}</var>
<arg>Issue-#144</arg>
<doc>Returns the given values which can then be assigned to a variables.</doc>
<status status="PASS" start="2024-03-14T01:50:59.782461" elapsed="0.000153"/>
</kw>
<kw name="Set Variable" owner="BuiltIn">
<msg time="2024-03-14T01:50:59.782821" level="INFO">${resultdata} = 20230320_185055_demo</msg>
<var>${resultdata}</var>
<arg>20230320_185055_demo</arg>
<doc>Returns the given values which can then be assigned to a variables.</doc>
<status status="PASS" start="2024-03-14T01:50:59.782707" elapsed="0.000136"/>
</kw>
<kw name="Set Variable" owner="BuiltIn">
<msg time="2024-03-14T01:50:59.783142" level="INFO">${basefolder} = /Users/runner/work/rfswarm/rfswarm/Tests/Regression/Reporter/testdata/Issue-#144</msg>
<var>${basefolder}</var>
<arg>/Users/runner/work/rfswarm/rfswarm/Tests/Regression/Reporter${/}testdata${/}${testdata}</arg>
<doc>Returns the given values which can then be assigned to a variables.</doc>
<status status="PASS" start="2024-03-14T01:50:59.782950" elapsed="0.000215"/>
</kw>
<kw name="Should Exist" owner="OperatingSystem">
<msg time="2024-03-14T01:50:59.783448" level="INFO" html="true">Path '&lt;a href="file:///Users/runner/work/rfswarm/rfswarm/Tests/Regression/Reporter/testdata/Issue-#144"&gt;/Users/runner/work/rfswarm/rfswarm/Tests/Regression/Reporter/testdata/Issue-#144&lt;/a&gt;' exists.</msg>
<arg>${basefolder}</arg>
<doc>Fails unless the given path (file or directory) exists.</doc>
<status status="PASS" start="2024-03-14T01:50:59.783259" elapsed="0.000236"/>
</kw>
<kw name="Log" owner="BuiltIn">
<msg time="2024-03-14T01:50:59.783837" level="INFO">basefolder: /Users/runner/work/rfswarm/rfswarm/Tests/Regression/Reporter/testdata/Issue-#144</msg>
<arg>basefolder: ${basefolder}</arg>
<arg>console=True</arg>
<doc>Logs the given message with the given level.</doc>
<status status="PASS" start="2024-03-14T01:50:59.783605" elapsed="0.000301"/>
</kw>
<kw name="Set Variable" owner="BuiltIn">
<msg time="2024-03-14T01:50:59.784208" level="INFO">${resultfolder} = /Users/runner/work/rfswarm/rfswarm/Tests/Regression/Reporter/testdata/Issue-#144/20230320_185055_demo</msg>
<var>${resultfolder}</var>
<arg>${basefolder}${/}${resultdata}</arg>
<doc>Returns the given values which can then be assigned to a variables.</doc>
<status status="PASS" start="2024-03-14T01:50:59.784017" elapsed="0.000213"/>
</kw>
<kw name="Should Exist" owner="OperatingSystem">
<msg time="2024-03-14T01:50:59.784456" level="INFO" html="true">Path '&lt;a href="file:///Users/runner/work/rfswarm/rfswarm/Tests/Regression/Reporter/testdata/Issue-#144/20230320_185055_demo"&gt;/Users/runner/work/rfswarm/rfswarm/Tests/Regression/Reporter/testdata/Issue-#144/20230320_185055_demo&lt;/a&gt;' exists.</msg>
<arg>${resultfolder}</arg>
<doc>Fails unless the given path (file or directory) exists.</doc>
<status status="PASS" start="2024-03-14T01:50:59.784318" elapsed="0.000183"/>
</kw>
<kw name="Log" owner="BuiltIn">
<msg time="2024-03-14T01:50:59.784752" level="INFO">resultfolder: /Users/runner/work/rfswarm/rfswarm/Tests/Regression/Reporter/testdata/Issue-#144/20230320_185055_demo</msg>
<arg>resultfolder: ${resultfolder}</arg>
<arg>console=True</arg>
<doc>Logs the given message with the given level.</doc>
<status status="PASS" start="2024-03-14T01:50:59.784604" elapsed="0.000259"/>
</kw>
<kw name="Set Variable" owner="BuiltIn">
<msg time="2024-03-14T01:50:59.785133" level="INFO">${template} = /Users/runner/work/rfswarm/rfswarm/Tests/Regression/Reporter/testdata/Issue-#144/90%ileTemplate.template</msg>
<var>${template}</var>
<arg>${basefolder}${/}90%ileTemplate.template</arg>
<doc>Returns the given values which can then be assigned to a variables.</doc>
<status status="PASS" start="2024-03-14T01:50:59.784964" elapsed="0.000193"/>
</kw>
<kw name="Should Exist" owner="OperatingSystem">
<msg time="2024-03-14T01:50:59.785387" level="INFO" html="true">Path '&lt;a href="file:///Users/runner/work/rfswarm/rfswarm/Tests/Regression/Reporter/testdata/Issue-#144/90%ileTemplate.template"&gt;/Users/runner/work/rfswarm/rfswarm/Tests/Regression/Reporter/testdata/Issue-#144/90%ileTemplate.template&lt;/a&gt;' exists.</msg>
<arg>${template}</arg>
<doc>Fails unless the given path (file or directory) exists.</doc>
<status status="PASS" start="2024-03-14T01:50:59.785254" elapsed="0.000180"/>
</kw>
<kw name="Log" owner="BuiltIn">
<msg time="2024-03-14T01:50:59.785670" level="INFO">template: /Users/runner/work/rfswarm/rfswarm/Tests/Regression/Reporter/testdata/Issue-#144/90%ileTemplate.template</msg>
<arg>template: ${template}</arg>
<arg>console=True</arg>
<doc>Logs the given message with the given level.</doc>
<status status="PASS" start="2024-03-14T01:50:59.785531" elapsed="0.000282"/>
</kw>
<kw name="Run" owner="OperatingSystem">
<msg time="2024-03-14T01:50:59.788104" level="INFO">Running command 'rfswarm-reporter -n -g 1 -d /Users/runner/work/rfswarm/rfswarm/Tests/Regression/Reporter/testdata/Issue-#144/20230320_185055_demo -t /Users/runner/work/rfswarm/rfswarm/Tests/Regression/Reporter/testdata/Issue-#144/90%ileTemplate.template --html 2&gt;&amp;1'.</msg>
<msg time="2024-03-14T01:51:04.702755" level="INFO">${result} = </msg>
<var>${result}</var>
<arg>${cmd_reporter} -n -g 1 -d ${resultfolder} -t ${template} --html</arg>
<doc>Runs the given command in the system and returns the output.</doc>
<status status="PASS" start="2024-03-14T01:50:59.785928" elapsed="4.916874"/>
</kw>
<kw name="Log" owner="BuiltIn">
<msg time="2024-03-14T01:51:04.703425" level="INFO">result: 
</msg>
<arg>result: ${\n}${result}</arg>
<arg>console=True</arg>
<doc>Logs the given message with the given level.</doc>
<status status="PASS" start="2024-03-14T01:51:04.703105" elapsed="0.000411"/>
</kw>
<kw name="Should Not Contain" owner="BuiltIn">
<arg>${result}</arg>
<arg>Traceback</arg>
<doc>Fails if ``container`` contains ``item`` one or more times.</doc>
<status status="PASS" start="2024-03-14T01:51:04.703655" elapsed="0.000134"/>
</kw>
<kw name="Should Exist" owner="OperatingSystem">
<msg time="2024-03-14T01:51:04.704105" level="INFO" html="true">Path '&lt;a href="file:///Users/runner/work/rfswarm/rfswarm/Tests/Regression/Reporter/testdata/Issue-#144/20230320_185055_demo/20230320_185055_demo.html"&gt;/Users/runner/work/rfswarm/rfswarm/Tests/Regression/Reporter/testdata/Issue-#144/20230320_185055_demo/20230320_185055_demo.html&lt;/a&gt;' exists.</msg>
<arg>${resultfolder}${/}${resultdata}.html</arg>
<doc>Fails unless the given path (file or directory) exists.</doc>
<status status="PASS" start="2024-03-14T01:51:04.703885" elapsed="0.000273"/>
</kw>
<tag>HTML</tag>
<tag>Issue #144</tag>
<tag>macos-latest</tag>
<tag>ubuntu-latest</tag>
<tag>windows-latest</tag>
<status status="PASS" start="2024-03-14T01:50:59.781699" elapsed="4.922595"/>
</test>
<test id="s1-s1-t4" name="Command Line Generate Docx" line="52">
<kw name="Log To Console" owner="BuiltIn">
<arg>${\n}TAGS: ${TEST TAGS}</arg>
<doc>Logs the given message to the console.</doc>
<status status="PASS" start="2024-03-14T01:51:04.705001" elapsed="0.000220"/>
</kw>
<kw name="Set Variable" owner="BuiltIn">
<msg time="2024-03-14T01:51:04.705479" level="INFO">${testdata} = Issue-#144</msg>
<var>${testdata}</var>
<arg>Issue-#144</arg>
<doc>Returns the given values which can then be assigned to a variables.</doc>
<status status="PASS" start="2024-03-14T01:51:04.705360" elapsed="0.000154"/>
</kw>
<kw name="Set Variable" owner="BuiltIn">
<msg time="2024-03-14T01:51:04.705708" level="INFO">${resultdata} = 20230320_185055_demo</msg>
<var>${resultdata}</var>
<arg>20230320_185055_demo</arg>
<doc>Returns the given values which can then be assigned to a variables.</doc>
<status status="PASS" start="2024-03-14T01:51:04.705607" elapsed="0.000121"/>
</kw>
<kw name="Set Variable" owner="BuiltIn">
<msg time="2024-03-14T01:51:04.706022" level="INFO">${basefolder} = /Users/runner/work/rfswarm/rfswarm/Tests/Regression/Reporter/testdata/Issue-#144</msg>
<var>${basefolder}</var>
<arg>/Users/runner/work/rfswarm/rfswarm/Tests/Regression/Reporter${/}testdata${/}${testdata}</arg>
<doc>Returns the given values which can then be assigned to a variables.</doc>
<status status="PASS" start="2024-03-14T01:51:04.705856" elapsed="0.000187"/>
</kw>
<kw name="Should Exist" owner="OperatingSystem">
<msg time="2024-03-14T01:51:04.706250" level="INFO" html="true">Path '&lt;a href="file:///Users/runner/work/rfswarm/rfswarm/Tests/Regression/Reporter/testdata/Issue-#144"&gt;/Users/runner/work/rfswarm/rfswarm/Tests/Regression/Reporter/testdata/Issue-#144&lt;/a&gt;' exists.</msg>
<arg>${basefolder}</arg>
<doc>Fails unless the given path (file or directory) exists.</doc>
<status status="PASS" start="2024-03-14T01:51:04.706127" elapsed="0.000166"/>
</kw>
<kw name="Log To Console" owner="BuiltIn">
<arg>basefolder: ${basefolder}</arg>
<arg>console=True</arg>
<doc>Logs the given message to the console.</doc>
<status status="PASS" start="2024-03-14T01:51:04.706379" elapsed="0.000172"/>
</kw>
<kw name="Set Variable" owner="BuiltIn">
<msg time="2024-03-14T01:51:04.706857" level="INFO">${resultfolder} = /Users/runner/work/rfswarm/rfswarm/Tests/Regression/Reporter/testdata/Issue-#144/20230320_185055_demo</msg>
<var>${resultfolder}</var>
<arg>${basefolder}${/}${resultdata}</arg>
<doc>Returns the given values which can then be assigned to a variables.</doc>
<status status="PASS" start="2024-03-14T01:51:04.706673" elapsed="0.000205"/>
</kw>
<kw name="Should Exist" owner="OperatingSystem">
<msg time="2024-03-14T01:51:04.707308" level="INFO" html="true">Path '&lt;a href="file:///Users/runner/work/rfswarm/rfswarm/Tests/Regression/Reporter/testdata/Issue-#144/20230320_185055_demo"&gt;/Users/runner/work/rfswarm/rfswarm/Tests/Regression/Reporter/testdata/Issue-#144/20230320_185055_demo&lt;/a&gt;' exists.</msg>
<arg>${resultfolder}</arg>
<doc>Fails unless the given path (file or directory) exists.</doc>
<status status="PASS" start="2024-03-14T01:51:04.706961" elapsed="0.000394"/>
</kw>
<kw name="Log" owner="BuiltIn">
<msg time="2024-03-14T01:51:04.707579" level="INFO">resultfolder: /Users/runner/work/rfswarm/rfswarm/Tests/Regression/Reporter/testdata/Issue-#144/20230320_185055_demo</msg>
<arg>resultfolder: ${resultfolder}</arg>
<arg>console=True</arg>
<doc>Logs the given message with the given level.</doc>
<status status="PASS" start="2024-03-14T01:51:04.707447" elapsed="0.000200"/>
</kw>
<kw name="Set Variable" owner="BuiltIn">
<msg time="2024-03-14T01:51:04.707967" level="INFO">${template} = /Users/runner/work/rfswarm/rfswarm/Tests/Regression/Reporter/testdata/Issue-#144/90%ileTemplate.template</msg>
<var>${template}</var>
<arg>${basefolder}${/}90%ileTemplate.template</arg>
<doc>Returns the given values which can then be assigned to a variables.</doc>
<status status="PASS" start="2024-03-14T01:51:04.707814" elapsed="0.000174"/>
</kw>
<kw name="Should Exist" owner="OperatingSystem">
<msg time="2024-03-14T01:51:04.708195" level="INFO" html="true">Path '&lt;a href="file:///Users/runner/work/rfswarm/rfswarm/Tests/Regression/Reporter/testdata/Issue-#144/90%ileTemplate.template"&gt;/Users/runner/work/rfswarm/rfswarm/Tests/Regression/Reporter/testdata/Issue-#144/90%ileTemplate.template&lt;/a&gt;' exists.</msg>
<arg>${template}</arg>
<doc>Fails unless the given path (file or directory) exists.</doc>
<status status="PASS" start="2024-03-14T01:51:04.708074" elapsed="0.000165"/>
</kw>
<kw name="Log" owner="BuiltIn">
<msg time="2024-03-14T01:51:04.708484" level="INFO">template: /Users/runner/work/rfswarm/rfswarm/Tests/Regression/Reporter/testdata/Issue-#144/90%ileTemplate.template</msg>
<arg>template: ${template}</arg>
<arg>console=True</arg>
<doc>Logs the given message with the given level.</doc>
<status status="PASS" start="2024-03-14T01:51:04.708354" elapsed="0.000195"/>
</kw>
<kw name="Run" owner="OperatingSystem">
<msg time="2024-03-14T01:51:04.710701" level="INFO">Running command 'rfswarm-reporter -n -g 1 -d /Users/runner/work/rfswarm/rfswarm/Tests/Regression/Reporter/testdata/Issue-#144/20230320_185055_demo -t /Users/runner/work/rfswarm/rfswarm/Tests/Regression/Reporter/testdata/Issue-#144/90%ileTemplate.template --docx 2&gt;&amp;1'.</msg>
<msg time="2024-03-14T01:51:10.745230" level="INFO">${result} = </msg>
<var>${result}</var>
<arg>${cmd_reporter} -n -g 1 -d ${resultfolder} -t ${template} --docx</arg>
<doc>Runs the given command in the system and returns the output.</doc>
<status status="PASS" start="2024-03-14T01:51:04.708651" elapsed="6.036648"/>
</kw>
<kw name="Log" owner="BuiltIn">
<msg time="2024-03-14T01:51:10.746054" level="INFO">
</msg>
<arg>${\n}${result}</arg>
<arg>console=True</arg>
<doc>Logs the given message with the given level.</doc>
<status status="PASS" start="2024-03-14T01:51:10.745705" elapsed="0.000464"/>
</kw>
<kw name="Should Not Contain" owner="BuiltIn">
<arg>${result}</arg>
<arg>Traceback</arg>
<doc>Fails if ``container`` contains ``item`` one or more times.</doc>
<status status="PASS" start="2024-03-14T01:51:10.746413" elapsed="0.000147"/>
</kw>
<kw name="Should Exist" owner="OperatingSystem">
<msg time="2024-03-14T01:51:10.746882" level="INFO" html="true">Path '&lt;a href="file:///Users/runner/work/rfswarm/rfswarm/Tests/Regression/Reporter/testdata/Issue-#144/20230320_185055_demo/20230320_185055_demo.docx"&gt;/Users/runner/work/rfswarm/rfswarm/Tests/Regression/Reporter/testdata/Issue-#144/20230320_185055_demo/20230320_185055_demo.docx&lt;/a&gt;' exists.</msg>
<arg>${resultfolder}${/}${resultdata}.docx</arg>
<doc>Fails unless the given path (file or directory) exists.</doc>
<status status="PASS" start="2024-03-14T01:51:10.746654" elapsed="0.000275"/>
</kw>
<tag>DOCX</tag>
<tag>Issue #144</tag>
<tag>macos-latest</tag>
<tag>ubuntu-latest</tag>
<tag>windows-latest</tag>
<status status="PASS" start="2024-03-14T01:51:04.704560" elapsed="6.042491"/>
</test>
<test id="s1-s1-t5" name="Command Line Generate Xlsx" line="72">
<kw name="Log To Console" owner="BuiltIn">
<arg>${\n}TAGS: ${TEST TAGS}</arg>
<doc>Logs the given message to the console.</doc>
<status status="PASS" start="2024-03-14T01:51:10.747754" elapsed="0.000197"/>
</kw>
<kw name="Set Variable" owner="BuiltIn">
<msg time="2024-03-14T01:51:10.748186" level="INFO">${testdata} = Issue-#144</msg>
<var>${testdata}</var>
<arg>Issue-#144</arg>
<doc>Returns the given values which can then be assigned to a variables.</doc>
<status status="PASS" start="2024-03-14T01:51:10.748070" elapsed="0.000137"/>
</kw>
<kw name="Set Variable" owner="BuiltIn">
<msg time="2024-03-14T01:51:10.748398" level="INFO">${resultdata} = 20230320_185055_demo</msg>
<var>${resultdata}</var>
<arg>20230320_185055_demo</arg>
<doc>Returns the given values which can then be assigned to a variables.</doc>
<status status="PASS" start="2024-03-14T01:51:10.748299" elapsed="0.000119"/>
</kw>
<kw name="Set Variable" owner="BuiltIn">
<msg time="2024-03-14T01:51:10.748683" level="INFO">${basefolder} = /Users/runner/work/rfswarm/rfswarm/Tests/Regression/Reporter/testdata/Issue-#144</msg>
<var>${basefolder}</var>
<arg>/Users/runner/work/rfswarm/rfswarm/Tests/Regression/Reporter${/}testdata${/}${testdata}</arg>
<doc>Returns the given values which can then be assigned to a variables.</doc>
<status status="PASS" start="2024-03-14T01:51:10.748511" elapsed="0.000193"/>
</kw>
<kw name="Should Exist" owner="OperatingSystem">
<msg time="2024-03-14T01:51:10.748927" level="INFO" html="true">Path '&lt;a href="file:///Users/runner/work/rfswarm/rfswarm/Tests/Regression/Reporter/testdata/Issue-#144"&gt;/Users/runner/work/rfswarm/rfswarm/Tests/Regression/Reporter/testdata/Issue-#144&lt;/a&gt;' exists.</msg>
<arg>${basefolder}</arg>
<doc>Fails unless the given path (file or directory) exists.</doc>
<status status="PASS" start="2024-03-14T01:51:10.748790" elapsed="0.000181"/>
</kw>
<kw name="Log" owner="BuiltIn">
<msg time="2024-03-14T01:51:10.749200" level="INFO">basefolder: /Users/runner/work/rfswarm/rfswarm/Tests/Regression/Reporter/testdata/Issue-#144</msg>
<arg>basefolder: ${basefolder}</arg>
<arg>console=True</arg>
<doc>Logs the given message with the given level.</doc>
<status status="PASS" start="2024-03-14T01:51:10.749062" elapsed="0.000206"/>
</kw>
<kw name="Set Variable" owner="BuiltIn">
<msg time="2024-03-14T01:51:10.749535" level="INFO">${resultfolder} = /Users/runner/work/rfswarm/rfswarm/Tests/Regression/Reporter/testdata/Issue-#144/20230320_185055_demo</msg>
<var>${resultfolder}</var>
<arg>${basefolder}${/}${resultdata}</arg>
<doc>Returns the given values which can then be assigned to a variables.</doc>
<status status="PASS" start="2024-03-14T01:51:10.749363" elapsed="0.000194"/>
</kw>
<kw name="Should Exist" owner="OperatingSystem">
<msg time="2024-03-14T01:51:10.749773" level="INFO" html="true">Path '&lt;a href="file:///Users/runner/work/rfswarm/rfswarm/Tests/Regression/Reporter/testdata/Issue-#144/20230320_185055_demo"&gt;/Users/runner/work/rfswarm/rfswarm/Tests/Regression/Reporter/testdata/Issue-#144/20230320_185055_demo&lt;/a&gt;' exists.</msg>
<arg>${resultfolder}</arg>
<doc>Fails unless the given path (file or directory) exists.</doc>
<status status="PASS" start="2024-03-14T01:51:10.749642" elapsed="0.000175"/>
</kw>
<kw name="Log" owner="BuiltIn">
<msg time="2024-03-14T01:51:10.750036" level="INFO">resultfolder: /Users/runner/work/rfswarm/rfswarm/Tests/Regression/Reporter/testdata/Issue-#144/20230320_185055_demo</msg>
<arg>resultfolder: ${resultfolder}</arg>
<arg>console=True</arg>
<doc>Logs the given message with the given level.</doc>
<status status="PASS" start="2024-03-14T01:51:10.749907" elapsed="0.000194"/>
</kw>
<kw name="Set Variable" owner="BuiltIn">
<msg time="2024-03-14T01:51:10.750350" level="INFO">${template} = /Users/runner/work/rfswarm/rfswarm/Tests/Regression/Reporter/testdata/Issue-#144/90%ileTemplate.template</msg>
<var>${template}</var>
<arg>${basefolder}${/}90%ileTemplate.template</arg>
<doc>Returns the given values which can then be assigned to a variables.</doc>
<status status="PASS" start="2024-03-14T01:51:10.750200" elapsed="0.000171"/>
</kw>
<kw name="Should Exist" owner="OperatingSystem">
<msg time="2024-03-14T01:51:10.750577" level="INFO" html="true">Path '&lt;a href="file:///Users/runner/work/rfswarm/rfswarm/Tests/Regression/Reporter/testdata/Issue-#144/90%ileTemplate.template"&gt;/Users/runner/work/rfswarm/rfswarm/Tests/Regression/Reporter/testdata/Issue-#144/90%ileTemplate.template&lt;/a&gt;' exists.</msg>
<arg>${template}</arg>
<doc>Fails unless the given path (file or directory) exists.</doc>
<status status="PASS" start="2024-03-14T01:51:10.750456" elapsed="0.000164"/>
</kw>
<kw name="Log" owner="BuiltIn">
<msg time="2024-03-14T01:51:10.750844" level="INFO">template: /Users/runner/work/rfswarm/rfswarm/Tests/Regression/Reporter/testdata/Issue-#144/90%ileTemplate.template</msg>
<arg>template: ${template}</arg>
<arg>console=True</arg>
<doc>Logs the given message with the given level.</doc>
<status status="PASS" start="2024-03-14T01:51:10.750714" elapsed="0.000195"/>
</kw>
<kw name="Run" owner="OperatingSystem">
<msg time="2024-03-14T01:51:10.753347" level="INFO">Running command 'rfswarm-reporter -n -g 1 -d /Users/runner/work/rfswarm/rfswarm/Tests/Regression/Reporter/testdata/Issue-#144/20230320_185055_demo -t /Users/runner/work/rfswarm/rfswarm/Tests/Regression/Reporter/testdata/Issue-#144/90%ileTemplate.template --xlsx 2&gt;&amp;1'.</msg>
<msg time="2024-03-14T01:51:15.650849" level="INFO">${result} = </msg>
<var>${result}</var>
<arg>${cmd_reporter} -n -g 1 -d ${resultfolder} -t ${template} --xlsx</arg>
<doc>Runs the given command in the system and returns the output.</doc>
<status status="PASS" start="2024-03-14T01:51:10.751015" elapsed="4.899872"/>
</kw>
<kw name="Log" owner="BuiltIn">
<msg time="2024-03-14T01:51:15.651512" level="INFO">
</msg>
<arg>${\n}${result}</arg>
<arg>console=True</arg>
<doc>Logs the given message with the given level.</doc>
<status status="PASS" start="2024-03-14T01:51:15.651179" elapsed="0.000440"/>
</kw>
<kw name="Should Not Contain" owner="BuiltIn">
<arg>${result}</arg>
<arg>Traceback</arg>
<doc>Fails if ``container`` contains ``item`` one or more times.</doc>
<status status="PASS" start="2024-03-14T01:51:15.651768" elapsed="0.000133"/>
</kw>
<kw name="Should Exist" owner="OperatingSystem">
<msg time="2024-03-14T01:51:15.652223" level="INFO" html="true">Path '&lt;a href="file:///Users/runner/work/rfswarm/rfswarm/Tests/Regression/Reporter/testdata/Issue-#144/20230320_185055_demo/20230320_185055_demo.xlsx"&gt;/Users/runner/work/rfswarm/rfswarm/Tests/Regression/Reporter/testdata/Issue-#144/20230320_185055_demo/20230320_185055_demo.xlsx&lt;/a&gt;' exists.</msg>
<arg>${resultfolder}${/}${resultdata}.xlsx</arg>
<doc>Fails unless the given path (file or directory) exists.</doc>
<status status="PASS" start="2024-03-14T01:51:15.652016" elapsed="0.000255"/>
</kw>
<tag>Issue #144</tag>
<tag>macos-latest</tag>
<tag>ubuntu-latest</tag>
<tag>windows-latest</tag>
<tag>XLSX</tag>
<status status="PASS" start="2024-03-14T01:51:10.747318" elapsed="4.905142"/>
</test>
<status status="PASS" start="2024-03-14T01:50:56.667520" elapsed="18.985575"/>
</suite>
<suite id="s1-s2" name="GUI Basic" source="/Users/runner/work/rfswarm/rfswarm/Tests/Regression/Reporter/GUI_Basic.robot">
<test id="s1-s2-t1" name="GUI Runs and Closes" line="20">
<kw name="Open GUI">
<kw name="Get Variables" owner="BuiltIn">
<msg time="2024-03-14T01:51:16.232666" level="INFO">${var} = {'${/}': '/', '${:}': ':', '${\\n}': '\n', '${cmd_reporter}': 'rfswarm-reporter', '${DEBUG_FILE}': 'NONE', '${EXECDIR}': '/Users/runner/work/rfswarm/rfswarm', '${False}': False, '${IMAGE_DIR}': '/User...</msg>
<var>${var}</var>
<doc>Returns a dictionary containing all variables in the current scope.</doc>
<status status="PASS" start="2024-03-14T01:51:16.231701" elapsed="0.001004"/>
</kw>
<kw name="Log" owner="BuiltIn">
<msg time="2024-03-14T01:51:16.233052" level="INFO">{'${/}': '/', '${:}': ':', '${\\n}': '\n', '${cmd_reporter}': 'rfswarm-reporter', '${DEBUG_FILE}': 'NONE', '${EXECDIR}': '/Users/runner/work/rfswarm/rfswarm', '${False}': False, '${IMAGE_DIR}': '/Users/runner/work/rfswarm/rfswarm/Tests/Regression/Reporter/Images/file_method', '${LOG_FILE}': '/Users/runner/work/rfswarm/rfswarm/Tests/Regression/Reporter/Logs/macos-latest_3.10/log.html', '${LOG_LEVEL}': 'INFO', '${None}': None, '${null}': None, '${OUTPUT_DIR}': '/Users/runner/work/rfswarm/rfswarm/Tests/Regression/Reporter/Logs/macos-latest_3.10', '${OUTPUT_FILE}': '/Users/runner/work/rfswarm/rfswarm/Tests/Regression/Reporter/Logs/macos-latest_3.10/output.xml', '${PREV_TEST_MESSAGE}': '', '${PREV_TEST_NAME}': 'Command Line Generate Xlsx', '${PREV_TEST_STATUS}': 'PASS', '${process}': 'None', '${pyfile}': '/Users/runner/work/rfswarm/rfswarm/rfswarm_reporter/rfswarm_reporter.py', '${REPORT_FILE}': '/Users/runner/work/rfswarm/rfswarm/Tests/Regression/Reporter/Logs/macos-latest_3.10/report.html', '${SPACE}': ' ', '${sssleep}': '0.5', '${SUITE_DOCUMENTATION}': '', '${SUITE_NAME}': 'Reporter.GUI Basic', '${SUITE_SOURCE}': '/Users/runner/work/rfswarm/rfswarm/Tests/Regression/Reporter/GUI_Basic.robot', '${TEMPDIR}': '/var/folders/h1/8hndypj13nsbj5pn4xsnv1tm0000gn/T', '${TEST_DOCUMENTATION}': '', '${TEST_NAME}': 'GUI Runs and Closes', '${True}': True, '&amp;{OPTIONS}': {'include': ['macos-latest'], 'exclude': [], 'skip': [], 'skip_on_failure': []}, '&amp;{SUITE_METADATA}': Metadata(), '@{appargs}': [], '@{TEST_TAGS}': ['macos-latest', 'ubuntu-latest', 'windows-latest']}</msg>
<arg>${var}</arg>
<doc>Logs the given message with the given level.</doc>
<status status="PASS" start="2024-03-14T01:51:16.232833" elapsed="0.000284"/>
</kw>
<kw name="Get Platform">
<kw name="Create Dictionary" owner="BuiltIn">
<msg time="2024-03-14T01:51:16.233716" level="INFO">&amp;{platforms} = { Linux=ubuntu | Darwin=macos | Java=notsupported | Windows=windows }</msg>
<var>&amp;{platforms}</var>
<arg>Linux=ubuntu</arg>
<arg>Darwin=macos</arg>
<arg>Java=notsupported</arg>
<arg>Windows=windows</arg>
<doc>Creates and returns a dictionary based on the given ``items``.</doc>
<status status="PASS" start="2024-03-14T01:51:16.233471" elapsed="0.000269"/>
</kw>
<kw name="Evaluate" owner="BuiltIn">
<msg time="2024-03-14T01:51:16.234058" level="INFO">${os} = Darwin</msg>
<var>${os}</var>
<arg>platform.system()</arg>
<arg>platform</arg>
<doc>Evaluates the given expression in Python and returns the result.</doc>
<status status="PASS" start="2024-03-14T01:51:16.233859" elapsed="0.000221"/>
</kw>
<kw name="Set Suite Variable" owner="BuiltIn">
<msg time="2024-03-14T01:51:16.235140" level="INFO">${platform} = macos</msg>
<arg>${platform}</arg>
<arg>${platforms}[${os}]</arg>
<doc>Makes a variable available everywhere within the scope of the current suite.</doc>
<status status="PASS" start="2024-03-14T01:51:16.234204" elapsed="0.000976"/>
</kw>
<status status="PASS" start="2024-03-14T01:51:16.233243" elapsed="0.002002"/>
</kw>
<kw name="Set Variable" owner="BuiltIn">
<msg time="2024-03-14T01:51:16.235508" level="INFO">${keyword} = Open GUI macos</msg>
<var>${keyword}</var>
<arg>Open GUI ${platform}</arg>
<doc>Returns the given values which can then be assigned to a variables.</doc>
<status status="PASS" start="2024-03-14T01:51:16.235364" elapsed="0.000165"/>
</kw>
<kw name="Run Keyword" owner="BuiltIn">
<kw name="Open GUI macos">
<kw name="Set Suite Variable" owner="BuiltIn">
<msg time="2024-03-14T01:51:16.236422" level="INFO">${platform} = macos</msg>
<arg>${platform}</arg>
<arg>macos</arg>
<doc>Makes a variable available everywhere within the scope of the current suite.</doc>
<status status="PASS" start="2024-03-14T01:51:16.236257" elapsed="0.000202"/>
</kw>
<kw name="Set Confidence" owner="ImageHorizonLibrary">
<arg>0.9</arg>
<doc>Sets the accuracy when finding images.</doc>
<status status="PASS" start="2024-03-14T01:51:16.236556" elapsed="0.000098"/>
</kw>
<kw name="Start Process" owner="Process">
<msg time="2024-03-14T01:51:16.237378" level="INFO">Starting process:
rfswarm-reporter -g 6</msg>
<msg time="2024-03-14T01:51:16.243039" level="INFO">${process} = &lt;Popen: returncode: None args: ['rfswarm-reporter', '-g', '6']&gt;</msg>
<var>${process}</var>
<arg>${cmd_reporter}</arg>
<arg>-g</arg>
<arg>6</arg>
<arg>@{appargs}</arg>
<arg>alias=Reporter</arg>
<arg>stdout=${OUTPUT DIR}${/}stdout.txt</arg>
<arg>stderr=${OUTPUT DIR}${/}stderr.txt</arg>
<doc>Starts a new process on background.</doc>
<status status="PASS" start="2024-03-14T01:51:16.236756" elapsed="0.006364"/>
</kw>
<kw name="Set Suite Variable" owner="BuiltIn">
<msg time="2024-03-14T01:51:16.243908" level="INFO">${process} = &lt;Popen: returncode: None args: ['rfswarm-reporter', '-g', '6']&gt;</msg>
<arg>$process</arg>
<arg>${process}</arg>
<doc>Makes a variable available everywhere within the scope of the current suite.</doc>
<status status="PASS" start="2024-03-14T01:51:16.243562" elapsed="0.000387"/>
</kw>
<kw name="Set Screenshot Folder" owner="ImageHorizonLibrary">
<arg>${OUTPUT DIR}</arg>
<doc>Sets the folder where screenshots are saved to.</doc>
<status status="PASS" start="2024-03-14T01:51:16.244101" elapsed="0.000145"/>
</kw>
<kw name="Take A Screenshot" owner="ImageHorizonLibrary">
<msg time="2024-03-14T01:51:16.244521" level="INFO" html="true">Screenshot taken: /Users/runner/work/rfswarm/rfswarm/Tests/Regression/Reporter/Logs/macos-latest_3.10/Reporter.GUIBasic-screenshot-1.png&lt;br/&gt;&lt;img src="/Users/runner/work/rfswarm/rfswarm/Tests/Regression/Reporter/Logs/macos-latest_3.10/Reporter.GUIBasic-screenshot-1.png" width="100%" /&gt;</msg>
<doc>Takes a screenshot of the screen.</doc>
<status status="PASS" start="2024-03-14T01:51:16.244349" elapsed="0.334062"/>
</kw>
<arg>@{appargs}</arg>
<status status="PASS" start="2024-03-14T01:51:16.235991" elapsed="0.342628"/>
</kw>
<arg>${keyword}</arg>
<arg>@{appargs}</arg>
<doc>Executes the given keyword with the given arguments.</doc>
<status status="PASS" start="2024-03-14T01:51:16.235642" elapsed="0.343058"/>
</kw>
<status status="PASS" start="2024-03-14T01:51:16.231063" elapsed="0.347718"/>
</kw>
<kw name="Wait For Status">
<kw name="Convert To Lower Case" owner="String">
<msg time="2024-03-14T01:51:16.579737" level="INFO">${statusl} = previewloaded</msg>
<var>${statusl}</var>
<arg>${status}</arg>
<doc>Converts string to lower case.</doc>
<status status="PASS" start="2024-03-14T01:51:16.579565" elapsed="0.000196"/>
</kw>
<kw name="Set Variable" owner="BuiltIn">
<msg time="2024-03-14T01:51:16.580038" level="INFO">${img} = reporter_macos_status_previewloaded.png</msg>
<var>${img}</var>
<arg>reporter_${platform}_status_${statusl}.png</arg>
<doc>Returns the given values which can then be assigned to a variables.</doc>
<status status="PASS" start="2024-03-14T01:51:16.579875" elapsed="0.000184"/>
</kw>
<kw name="Log" owner="BuiltIn">
<msg time="2024-03-14T01:51:16.580275" level="INFO">/Users/runner/work/rfswarm/rfswarm/Tests/Regression/Reporter</msg>
<arg>/Users/runner/work/rfswarm/rfswarm/Tests/Regression/Reporter</arg>
<doc>Logs the given message with the given level.</doc>
<status status="PASS" start="2024-03-14T01:51:16.580172" elapsed="0.000141"/>
</kw>
<kw name="Log" owner="BuiltIn">
<msg time="2024-03-14T01:51:16.580601" level="INFO">/Users/runner/work/rfswarm/rfswarm/Tests/Regression/Reporter/Images/file_method</msg>
<arg>${IMAGE_DIR}</arg>
<doc>Logs the given message with the given level.</doc>
<status status="PASS" start="2024-03-14T01:51:16.580493" elapsed="0.000150"/>
</kw>
<kw name="Wait For" owner="ImageHorizonLibrary">
<msg time="2024-03-14T01:51:38.155447" level="INFO">Image "reporter_macos_status_previewloaded.png" found at (55, 440)</msg>
<arg>${img}</arg>
<arg>timeout=${timeout}</arg>
<doc>Tries to locate given image from the screen for given time.</doc>
<status status="PASS" start="2024-03-14T01:51:16.580745" elapsed="21.574972"/>
</kw>
<kw name="Sleep" owner="BuiltIn">
<msg time="2024-03-14T01:51:38.708383" level="INFO">Slept 500 milliseconds.</msg>
<arg>${sssleep}</arg>
<doc>Pauses the test executed for the given time.</doc>
<status status="PASS" start="2024-03-14T01:51:38.156069" elapsed="0.552540"/>
</kw>
<kw name="Take A Screenshot" owner="ImageHorizonLibrary">
<msg time="2024-03-14T01:51:38.709439" level="INFO" html="true">Screenshot taken: /Users/runner/work/rfswarm/rfswarm/Tests/Regression/Reporter/Logs/macos-latest_3.10/Reporter.GUIBasic-screenshot-2.png&lt;br/&gt;&lt;img src="/Users/runner/work/rfswarm/rfswarm/Tests/Regression/Reporter/Logs/macos-latest_3.10/Reporter.GUIBasic-screenshot-2.png" width="100%" /&gt;</msg>
<doc>Takes a screenshot of the screen.</doc>
<status status="PASS" start="2024-03-14T01:51:38.708977" elapsed="0.262734"/>
</kw>
<arg>PreviewLoaded</arg>
<status status="PASS" start="2024-03-14T01:51:16.579122" elapsed="22.392935"/>
</kw>
<kw name="Close GUI" type="TEARDOWN">
<kw name="Set Variable" owner="BuiltIn">
<msg time="2024-03-14T01:51:38.973452" level="INFO">${keyword} = Close GUI macos</msg>
<var>${keyword}</var>
<arg>Close GUI ${platform}</arg>
<doc>Returns the given values which can then be assigned to a variables.</doc>
<status status="PASS" start="2024-03-14T01:51:38.973267" elapsed="0.000213"/>
</kw>
<if>
<branch type="IF" condition="${process}">
<kw name="Is Process Running" owner="Process">
<msg time="2024-03-14T01:51:38.974097" level="INFO">${running} = True</msg>
<var>${running}</var>
<arg>${process}</arg>
<doc>Checks is the process running or not.</doc>
<status status="PASS" start="2024-03-14T01:51:38.973784" elapsed="0.000336"/>
</kw>
<if>
<branch type="IF" condition="${running}">
<kw name="Run Keyword" owner="BuiltIn">
<kw name="Close GUI macos">
<kw name="Click Image" owner="ImageHorizonLibrary">
<msg time="2024-03-14T01:51:39.396521" level="INFO">Image "/Users/runner/work/rfswarm/rfswarm/Tests/Regression/Reporter/Images/file_method/reporter_macos_button_closewindow.png" found at Box(left=9, top=31, width=19, height=25)</msg>
<msg time="2024-03-14T01:51:39.396747" level="INFO">Clicking image "reporter_macos_button_closewindow.png" in position (18, 43)</msg>
<arg>reporter_${platform}_button_closewindow.png</arg>
<doc>Finds the reference image on screen and clicks it once.</doc>
<status status="PASS" start="2024-03-14T01:51:38.974930" elapsed="0.645434"/>
</kw>
<kw name="Take A Screenshot" owner="ImageHorizonLibrary">
<msg time="2024-03-14T01:51:39.621567" level="INFO" html="true">Screenshot taken: /Users/runner/work/rfswarm/rfswarm/Tests/Regression/Reporter/Logs/macos-latest_3.10/Reporter.GUIBasic-screenshot-3.png&lt;br/&gt;&lt;img src="/Users/runner/work/rfswarm/rfswarm/Tests/Regression/Reporter/Logs/macos-latest_3.10/Reporter.GUIBasic-screenshot-3.png" width="100%" /&gt;</msg>
<doc>Takes a screenshot of the screen.</doc>
<status status="PASS" start="2024-03-14T01:51:39.620978" elapsed="0.279910"/>
</kw>
<kw name="Sleep" owner="BuiltIn">
<msg time="2024-03-14T01:51:40.404341" level="INFO">Slept 500 milliseconds.</msg>
<arg>0.5</arg>
<doc>Pauses the test executed for the given time.</doc>
<status status="PASS" start="2024-03-14T01:51:39.901400" elapsed="0.503115"/>
</kw>
<kw name="End Process If Still Running">
<kw name="Wait For Process" owner="Process">
<msg time="2024-03-14T01:51:40.406421" level="INFO">Waiting for process to complete.</msg>
<msg time="2024-03-14T01:51:40.406819" level="INFO">Process completed.</msg>
<msg time="2024-03-14T01:51:40.406938" level="INFO">${result} = &lt;result object with rc 0&gt;</msg>
<var>${result}</var>
<arg>${process}</arg>
<arg>timeout=60</arg>
<doc>Waits for the process to complete or to reach the given timeout.</doc>
<status status="PASS" start="2024-03-14T01:51:40.406061" elapsed="0.000908"/>
</kw>
<kw name="Is Process Running" owner="Process">
<msg time="2024-03-14T01:51:40.407355" level="INFO">${running} = False</msg>
<var>${running}</var>
<arg>${process}</arg>
<doc>Checks is the process running or not.</doc>
<status status="PASS" start="2024-03-14T01:51:40.407132" elapsed="0.000252"/>
</kw>
<if>
<branch type="IF" condition="not ${running}">
<kw name="Check Result">
<kw name="Log" owner="BuiltIn">
<msg time="2024-03-14T01:51:40.408922" level="INFO"/>
<arg>${result.stderr}</arg>
<doc>Logs the given message with the given level.</doc>
<status status="PASS" start="2024-03-14T01:51:40.408231" elapsed="0.000730"/>
</kw>
<kw name="Should Not Contain" owner="BuiltIn">
<arg>${result.stderr}</arg>
<arg>Traceback</arg>
<doc>Fails if ``container`` contains ``item`` one or more times.</doc>
<status status="PASS" start="2024-03-14T01:51:40.409082" elapsed="0.000462"/>
</kw>
<kw name="Should Be Equal As Integers" owner="BuiltIn">
<msg time="2024-03-14T01:51:40.410190" level="INFO">Argument types are:
&lt;class 'int'&gt;
&lt;class 'str'&gt;</msg>
<arg>${result.rc}</arg>
<arg>0</arg>
<doc>Fails if objects are unequal after converting them to integers.</doc>
<status status="PASS" start="2024-03-14T01:51:40.409658" elapsed="0.000592"/>
</kw>
<arg>${result}</arg>
<status status="PASS" start="2024-03-14T01:51:40.407842" elapsed="0.002470"/>
</kw>
<status status="PASS" start="2024-03-14T01:51:40.407510" elapsed="0.002830"/>
</branch>
<branch type="ELSE">
<kw name="Take A Screenshot" owner="ImageHorizonLibrary">
<doc>Takes a screenshot of the screen.</doc>
<status status="NOT RUN" start="2024-03-14T01:51:40.410480" elapsed="0.000018"/>
</kw>
<kw name="Terminate Process" owner="Process">
<var>${result}</var>
<arg>${process}</arg>
<doc>Stops the process gracefully or forcefully.</doc>
<status status="NOT RUN" start="2024-03-14T01:51:40.410594" elapsed="0.000017"/>
</kw>
<kw name="Check Result">
<arg>${result}</arg>
<status status="NOT RUN" start="2024-03-14T01:51:40.410723" elapsed="0.000017"/>
</kw>
<kw name="Fail" owner="BuiltIn">
<arg>Had to Terminate Process</arg>
<doc>Fails the test with the given message and optionally alters its tags.</doc>
<status status="NOT RUN" start="2024-03-14T01:51:40.410834" elapsed="0.000016"/>
</kw>
<status status="NOT RUN" start="2024-03-14T01:51:40.410378" elapsed="0.000500"/>
</branch>
<status status="PASS" start="2024-03-14T01:51:40.407472" elapsed="0.003429"/>
</if>
<status status="PASS" start="2024-03-14T01:51:40.405272" elapsed="0.005677"/>
</kw>
<status status="PASS" start="2024-03-14T01:51:38.974692" elapsed="1.436301"/>
</kw>
<arg>${keyword}</arg>
<doc>Executes the given keyword with the given arguments.</doc>
<status status="PASS" start="2024-03-14T01:51:38.974351" elapsed="1.436689"/>
</kw>
<status status="PASS" start="2024-03-14T01:51:38.974197" elapsed="1.436879"/>
</branch>
<branch type="ELSE">
<kw name="Wait For Process" owner="Process">
<var>${result}</var>
<arg>${process}</arg>
<arg>timeout=60</arg>
<doc>Waits for the process to complete or to reach the given timeout.</doc>
<status status="NOT RUN" start="2024-03-14T01:51:40.411200" elapsed="0.000016"/>
</kw>
<kw name="Check Result">
<arg>${result}</arg>
<status status="NOT RUN" start="2024-03-14T01:51:40.411326" elapsed="0.000017"/>
</kw>
<status status="NOT RUN" start="2024-03-14T01:51:40.411103" elapsed="0.000266"/>
</branch>
<status status="PASS" start="2024-03-14T01:51:38.974180" elapsed="1.437216"/>
</if>
<status status="PASS" start="2024-03-14T01:51:38.973609" elapsed="1.437911"/>
</branch>
<status status="PASS" start="2024-03-14T01:51:38.973563" elapsed="1.437990"/>
</if>
<kw name="Set Suite Variable" owner="BuiltIn">
<msg time="2024-03-14T01:51:40.411853" level="INFO">${process} = None</msg>
<arg>$process</arg>
<arg>None</arg>
<doc>Makes a variable available everywhere within the scope of the current suite.</doc>
<status status="PASS" start="2024-03-14T01:51:40.411682" elapsed="0.000206"/>
</kw>
<kw name="Sleep" owner="BuiltIn">
<msg time="2024-03-14T01:51:40.922734" level="INFO">Slept 500 milliseconds.</msg>
<arg>0.5</arg>
<doc>Pauses the test executed for the given time.</doc>
<status status="PASS" start="2024-03-14T01:51:40.411987" elapsed="0.510978"/>
</kw>
<status status="PASS" start="2024-03-14T01:51:38.972854" elapsed="1.950298"/>
</kw>
<tag>macos-latest</tag>
<tag>ubuntu-latest</tag>
<tag>windows-latest</tag>
<status status="PASS" start="2024-03-14T01:51:16.230349" elapsed="24.692951"/>
</test>
<test id="s1-s2-t2" name="Select Preview Tab" line="26">
<kw name="Open GUI">
<kw name="Get Variables" owner="BuiltIn">
<msg time="2024-03-14T01:51:40.926439" level="INFO">${var} = {'${/}': '/', '${:}': ':', '${\\n}': '\n', '${cmd_reporter}': 'rfswarm-reporter', '${DEBUG_FILE}': 'NONE', '${EXECDIR}': '/Users/runner/work/rfswarm/rfswarm', '${False}': False, '${IMAGE_DIR}': '/User...</msg>
<var>${var}</var>
<doc>Returns a dictionary containing all variables in the current scope.</doc>
<status status="PASS" start="2024-03-14T01:51:40.925706" elapsed="0.000782"/>
</kw>
<kw name="Log" owner="BuiltIn">
<msg time="2024-03-14T01:51:40.926877" level="INFO">{'${/}': '/', '${:}': ':', '${\\n}': '\n', '${cmd_reporter}': 'rfswarm-reporter', '${DEBUG_FILE}': 'NONE', '${EXECDIR}': '/Users/runner/work/rfswarm/rfswarm', '${False}': False, '${IMAGE_DIR}': '/Users/runner/work/rfswarm/rfswarm/Tests/Regression/Reporter/Images/file_method', '${LOG_FILE}': '/Users/runner/work/rfswarm/rfswarm/Tests/Regression/Reporter/Logs/macos-latest_3.10/log.html', '${LOG_LEVEL}': 'INFO', '${None}': None, '${null}': None, '${OUTPUT_DIR}': '/Users/runner/work/rfswarm/rfswarm/Tests/Regression/Reporter/Logs/macos-latest_3.10', '${OUTPUT_FILE}': '/Users/runner/work/rfswarm/rfswarm/Tests/Regression/Reporter/Logs/macos-latest_3.10/output.xml', '${platform}': 'macos', '${PREV_TEST_MESSAGE}': '', '${PREV_TEST_NAME}': 'GUI Runs and Closes', '${PREV_TEST_STATUS}': 'PASS', '${process}': 'None', '${pyfile}': '/Users/runner/work/rfswarm/rfswarm/rfswarm_reporter/rfswarm_reporter.py', '${REPORT_FILE}': '/Users/runner/work/rfswarm/rfswarm/Tests/Regression/Reporter/Logs/macos-latest_3.10/report.html', '${SPACE}': ' ', '${sssleep}': '0.5', '${SUITE_DOCUMENTATION}': '', '${SUITE_NAME}': 'Reporter.GUI Basic', '${SUITE_SOURCE}': '/Users/runner/work/rfswarm/rfswarm/Tests/Regression/Reporter/GUI_Basic.robot', '${TEMPDIR}': '/var/folders/h1/8hndypj13nsbj5pn4xsnv1tm0000gn/T', '${TEST_DOCUMENTATION}': '', '${TEST_NAME}': 'Select Preview Tab', '${True}': True, '&amp;{OPTIONS}': {'include': ['macos-latest'], 'exclude': [], 'skip': [], 'skip_on_failure': []}, '&amp;{SUITE_METADATA}': Metadata(), '@{appargs}': [], '@{TEST_TAGS}': ['macos-latest', 'ubuntu-latest', 'windows-latest']}</msg>
<arg>${var}</arg>
<doc>Logs the given message with the given level.</doc>
<status status="PASS" start="2024-03-14T01:51:40.926660" elapsed="0.000282"/>
</kw>
<kw name="Get Platform">
<kw name="Create Dictionary" owner="BuiltIn">
<msg time="2024-03-14T01:51:40.927634" level="INFO">&amp;{platforms} = { Linux=ubuntu | Darwin=macos | Java=notsupported | Windows=windows }</msg>
<var>&amp;{platforms}</var>
<arg>Linux=ubuntu</arg>
<arg>Darwin=macos</arg>
<arg>Java=notsupported</arg>
<arg>Windows=windows</arg>
<doc>Creates and returns a dictionary based on the given ``items``.</doc>
<status status="PASS" start="2024-03-14T01:51:40.927383" elapsed="0.000275"/>
</kw>
<kw name="Evaluate" owner="BuiltIn">
<msg time="2024-03-14T01:51:40.927996" level="INFO">${os} = Darwin</msg>
<var>${os}</var>
<arg>platform.system()</arg>
<arg>platform</arg>
<doc>Evaluates the given expression in Python and returns the result.</doc>
<status status="PASS" start="2024-03-14T01:51:40.927777" elapsed="0.000241"/>
</kw>
<kw name="Set Suite Variable" owner="BuiltIn">
<msg time="2024-03-14T01:51:40.928361" level="INFO">${platform} = macos</msg>
<arg>${platform}</arg>
<arg>${platforms}[${os}]</arg>
<doc>Makes a variable available everywhere within the scope of the current suite.</doc>
<status status="PASS" start="2024-03-14T01:51:40.928140" elapsed="0.000256"/>
</kw>
<status status="PASS" start="2024-03-14T01:51:40.927087" elapsed="0.001363"/>
</kw>
<kw name="Set Variable" owner="BuiltIn">
<msg time="2024-03-14T01:51:40.928680" level="INFO">${keyword} = Open GUI macos</msg>
<var>${keyword}</var>
<arg>Open GUI ${platform}</arg>
<doc>Returns the given values which can then be assigned to a variables.</doc>
<status status="PASS" start="2024-03-14T01:51:40.928549" elapsed="0.000152"/>
</kw>
<kw name="Run Keyword" owner="BuiltIn">
<kw name="Open GUI macos">
<kw name="Set Suite Variable" owner="BuiltIn">
<msg time="2024-03-14T01:51:40.929516" level="INFO">${platform} = macos</msg>
<arg>${platform}</arg>
<arg>macos</arg>
<doc>Makes a variable available everywhere within the scope of the current suite.</doc>
<status status="PASS" start="2024-03-14T01:51:40.929357" elapsed="0.000193"/>
</kw>
<kw name="Set Confidence" owner="ImageHorizonLibrary">
<arg>0.9</arg>
<doc>Sets the accuracy when finding images.</doc>
<status status="PASS" start="2024-03-14T01:51:40.929653" elapsed="0.000097"/>
</kw>
<kw name="Start Process" owner="Process">
<msg time="2024-03-14T01:51:40.930524" level="INFO">Starting process:
rfswarm-reporter -g 6</msg>
<msg time="2024-03-14T01:51:40.936044" level="INFO">${process} = &lt;Popen: returncode: None args: ['rfswarm-reporter', '-g', '6']&gt;</msg>
<var>${process}</var>
<arg>${cmd_reporter}</arg>
<arg>-g</arg>
<arg>6</arg>
<arg>@{appargs}</arg>
<arg>alias=Reporter</arg>
<arg>stdout=${OUTPUT DIR}${/}stdout.txt</arg>
<arg>stderr=${OUTPUT DIR}${/}stderr.txt</arg>
<doc>Starts a new process on background.</doc>
<status status="PASS" start="2024-03-14T01:51:40.929855" elapsed="0.006287"/>
</kw>
<kw name="Set Suite Variable" owner="BuiltIn">
<msg time="2024-03-14T01:51:40.937054" level="INFO">${process} = &lt;Popen: returncode: None args: ['rfswarm-reporter', '-g', '6']&gt;</msg>
<arg>$process</arg>
<arg>${process}</arg>
<doc>Makes a variable available everywhere within the scope of the current suite.</doc>
<status status="PASS" start="2024-03-14T01:51:40.936733" elapsed="0.000360"/>
</kw>
<kw name="Set Screenshot Folder" owner="ImageHorizonLibrary">
<arg>${OUTPUT DIR}</arg>
<doc>Sets the folder where screenshots are saved to.</doc>
<status status="PASS" start="2024-03-14T01:51:40.937285" elapsed="0.000154"/>
</kw>
<kw name="Take A Screenshot" owner="ImageHorizonLibrary">
<msg time="2024-03-14T01:51:40.937719" level="INFO" html="true">Screenshot taken: /Users/runner/work/rfswarm/rfswarm/Tests/Regression/Reporter/Logs/macos-latest_3.10/Reporter.GUIBasic-screenshot-4.png&lt;br/&gt;&lt;img src="/Users/runner/work/rfswarm/rfswarm/Tests/Regression/Reporter/Logs/macos-latest_3.10/Reporter.GUIBasic-screenshot-4.png" width="100%" /&gt;</msg>
<doc>Takes a screenshot of the screen.</doc>
<status status="PASS" start="2024-03-14T01:51:40.937551" elapsed="0.283060"/>
</kw>
<arg>@{appargs}</arg>
<status status="PASS" start="2024-03-14T01:51:40.929093" elapsed="0.291755"/>
</kw>
<arg>${keyword}</arg>
<arg>@{appargs}</arg>
<doc>Executes the given keyword with the given arguments.</doc>
<status status="PASS" start="2024-03-14T01:51:40.928802" elapsed="0.292127"/>
</kw>
<status status="PASS" start="2024-03-14T01:51:40.925290" elapsed="0.295715"/>
</kw>
<kw name="Wait For Status">
<kw name="Convert To Lower Case" owner="String">
<msg time="2024-03-14T01:51:41.222133" level="INFO">${statusl} = previewloaded</msg>
<var>${statusl}</var>
<arg>${status}</arg>
<doc>Converts string to lower case.</doc>
<status status="PASS" start="2024-03-14T01:51:41.221949" elapsed="0.000209"/>
</kw>
<kw name="Set Variable" owner="BuiltIn">
<msg time="2024-03-14T01:51:41.222937" level="INFO">${img} = reporter_macos_status_previewloaded.png</msg>
<var>${img}</var>
<arg>reporter_${platform}_status_${statusl}.png</arg>
<doc>Returns the given values which can then be assigned to a variables.</doc>
<status status="PASS" start="2024-03-14T01:51:41.222416" elapsed="0.000545"/>
</kw>
<kw name="Log" owner="BuiltIn">
<msg time="2024-03-14T01:51:41.223195" level="INFO">/Users/runner/work/rfswarm/rfswarm/Tests/Regression/Reporter</msg>
<arg>/Users/runner/work/rfswarm/rfswarm/Tests/Regression/Reporter</arg>
<doc>Logs the given message with the given level.</doc>
<status status="PASS" start="2024-03-14T01:51:41.223082" elapsed="0.000152"/>
</kw>
<kw name="Log" owner="BuiltIn">
<msg time="2024-03-14T01:51:41.223439" level="INFO">/Users/runner/work/rfswarm/rfswarm/Tests/Regression/Reporter/Images/file_method</msg>
<arg>${IMAGE_DIR}</arg>
<doc>Logs the given message with the given level.</doc>
<status status="PASS" start="2024-03-14T01:51:41.223333" elapsed="0.000143"/>
</kw>
<kw name="Wait For" owner="ImageHorizonLibrary">
<msg time="2024-03-14T01:51:57.568962" level="INFO">Image "reporter_macos_status_previewloaded.png" found at (55, 440)</msg>
<arg>${img}</arg>
<arg>timeout=${timeout}</arg>
<doc>Tries to locate given image from the screen for given time.</doc>
<status status="PASS" start="2024-03-14T01:51:41.223581" elapsed="16.345641"/>
</kw>
<kw name="Sleep" owner="BuiltIn">
<msg time="2024-03-14T01:51:58.071968" level="INFO">Slept 500 milliseconds.</msg>
<arg>${sssleep}</arg>
<doc>Pauses the test executed for the given time.</doc>
<status status="PASS" start="2024-03-14T01:51:57.569571" elapsed="0.502550"/>
</kw>
<kw name="Take A Screenshot" owner="ImageHorizonLibrary">
<msg time="2024-03-14T01:51:58.072836" level="INFO" html="true">Screenshot taken: /Users/runner/work/rfswarm/rfswarm/Tests/Regression/Reporter/Logs/macos-latest_3.10/Reporter.GUIBasic-screenshot-5.png&lt;br/&gt;&lt;img src="/Users/runner/work/rfswarm/rfswarm/Tests/Regression/Reporter/Logs/macos-latest_3.10/Reporter.GUIBasic-screenshot-5.png" width="100%" /&gt;</msg>
<doc>Takes a screenshot of the screen.</doc>
<status status="PASS" start="2024-03-14T01:51:58.072423" elapsed="0.264312"/>
</kw>
<arg>PreviewLoaded</arg>
<status status="PASS" start="2024-03-14T01:51:41.221431" elapsed="17.115586"/>
</kw>
<kw name="Click Tab">
<kw name="Convert To Lower Case" owner="String">
<msg time="2024-03-14T01:51:58.338195" level="INFO">${tabnamel} = preview</msg>
<var>${tabnamel}</var>
<arg>${tabname}</arg>
<doc>Converts string to lower case.</doc>
<status status="PASS" start="2024-03-14T01:51:58.338013" elapsed="0.000207"/>
</kw>
<kw name="Set Variable" owner="BuiltIn">
<msg time="2024-03-14T01:51:58.338502" level="INFO">${img} = reporter_macos_tab_preview.png</msg>
<var>${img}</var>
<arg>reporter_${platform}_tab_${tabnamel}.png</arg>
<doc>Returns the given values which can then be assigned to a variables.</doc>
<status status="PASS" start="2024-03-14T01:51:58.338339" elapsed="0.000184"/>
</kw>
<kw name="Log" owner="BuiltIn">
<msg time="2024-03-14T01:51:58.338750" level="INFO">/Users/runner/work/rfswarm/rfswarm/Tests/Regression/Reporter</msg>
<arg>/Users/runner/work/rfswarm/rfswarm/Tests/Regression/Reporter</arg>
<doc>Logs the given message with the given level.</doc>
<status status="PASS" start="2024-03-14T01:51:58.338639" elapsed="0.000149"/>
</kw>
<kw name="Log" owner="BuiltIn">
<msg time="2024-03-14T01:51:58.338991" level="INFO">/Users/runner/work/rfswarm/rfswarm/Tests/Regression/Reporter/Images/file_method</msg>
<arg>${IMAGE_DIR}</arg>
<doc>Logs the given message with the given level.</doc>
<status status="PASS" start="2024-03-14T01:51:58.338884" elapsed="0.000143"/>
</kw>
<kw name="Wait For" owner="ImageHorizonLibrary">
<msg time="2024-03-14T01:51:58.774550" level="INFO">Image "reporter_macos_tab_preview.png" found at (482, 103)</msg>
<arg>${img}</arg>
<arg>timeout=300</arg>
<doc>Tries to locate given image from the screen for given time.</doc>
<status status="PASS" start="2024-03-14T01:51:58.339129" elapsed="0.435741"/>
</kw>
<kw name="Locate" owner="ImageHorizonLibrary">
<msg time="2024-03-14T01:51:59.212164" level="INFO">Image "/Users/runner/work/rfswarm/rfswarm/Tests/Regression/Reporter/Images/file_method/reporter_macos_tab_preview.png" found at Box(left=443, top=89, width=78, height=29)</msg>
<msg time="2024-03-14T01:51:59.212653" level="INFO">@{coordinates} = [ 482 | 103 ]</msg>
<var>@{coordinates}</var>
<arg>${img}</arg>
<doc>Locate image on screen.</doc>
<status status="PASS" start="2024-03-14T01:51:58.775235" elapsed="0.437451"/>
</kw>
<kw name="Click Image" owner="ImageHorizonLibrary">
<msg time="2024-03-14T01:51:59.654929" level="INFO">Image "/Users/runner/work/rfswarm/rfswarm/Tests/Regression/Reporter/Images/file_method/reporter_macos_tab_preview.png" found at Box(left=443, top=89, width=78, height=29)</msg>
<msg time="2024-03-14T01:51:59.655124" level="INFO">Clicking image "reporter_macos_tab_preview.png" in position (482, 103)</msg>
<arg>${img}</arg>
<doc>Finds the reference image on screen and clicks it once.</doc>
<status status="PASS" start="2024-03-14T01:51:59.213006" elapsed="0.616676"/>
</kw>
<kw name="Sleep" owner="BuiltIn">
<msg time="2024-03-14T01:52:00.331612" level="INFO">Slept 500 milliseconds.</msg>
<arg>${sssleep}</arg>
<doc>Pauses the test executed for the given time.</doc>
<status status="PASS" start="2024-03-14T01:51:59.830293" elapsed="0.501443"/>
</kw>
<kw name="Take A Screenshot" owner="ImageHorizonLibrary">
<msg time="2024-03-14T01:52:00.332204" level="INFO" html="true">Screenshot taken: /Users/runner/work/rfswarm/rfswarm/Tests/Regression/Reporter/Logs/macos-latest_3.10/Reporter.GUIBasic-screenshot-6.png&lt;br/&gt;&lt;img src="/Users/runner/work/rfswarm/rfswarm/Tests/Regression/Reporter/Logs/macos-latest_3.10/Reporter.GUIBasic-screenshot-6.png" width="100%" /&gt;</msg>
<doc>Takes a screenshot of the screen.</doc>
<status status="PASS" start="2024-03-14T01:52:00.331948" elapsed="0.315833"/>
</kw>
<arg>Preview</arg>
<status status="PASS" start="2024-03-14T01:51:58.337552" elapsed="2.310516"/>
</kw>
<kw name="Close GUI" type="TEARDOWN">
<kw name="Set Variable" owner="BuiltIn">
<msg time="2024-03-14T01:52:00.649607" level="INFO">${keyword} = Close GUI macos</msg>
<var>${keyword}</var>
<arg>Close GUI ${platform}</arg>
<doc>Returns the given values which can then be assigned to a variables.</doc>
<status status="PASS" start="2024-03-14T01:52:00.649365" elapsed="0.000269"/>
</kw>
<if>
<branch type="IF" condition="${process}">
<kw name="Is Process Running" owner="Process">
<msg time="2024-03-14T01:52:00.650171" level="INFO">${running} = True</msg>
<var>${running}</var>
<arg>${process}</arg>
<doc>Checks is the process running or not.</doc>
<status status="PASS" start="2024-03-14T01:52:00.649894" elapsed="0.000303"/>
</kw>
<if>
<branch type="IF" condition="${running}">
<kw name="Run Keyword" owner="BuiltIn">
<kw name="Close GUI macos">
<kw name="Click Image" owner="ImageHorizonLibrary">
<msg time="2024-03-14T01:52:01.090844" level="INFO">Image "/Users/runner/work/rfswarm/rfswarm/Tests/Regression/Reporter/Images/file_method/reporter_macos_button_closewindow.png" found at Box(left=9, top=31, width=19, height=25)</msg>
<msg time="2024-03-14T01:52:01.091036" level="INFO">Clicking image "reporter_macos_button_closewindow.png" in position (18, 43)</msg>
<arg>reporter_${platform}_button_closewindow.png</arg>
<doc>Finds the reference image on screen and clicks it once.</doc>
<status status="PASS" start="2024-03-14T01:52:00.651066" elapsed="0.579508"/>
</kw>
<kw name="Take A Screenshot" owner="ImageHorizonLibrary">
<msg time="2024-03-14T01:52:01.232566" level="INFO" html="true">Screenshot taken: /Users/runner/work/rfswarm/rfswarm/Tests/Regression/Reporter/Logs/macos-latest_3.10/Reporter.GUIBasic-screenshot-7.png&lt;br/&gt;&lt;img src="/Users/runner/work/rfswarm/rfswarm/Tests/Regression/Reporter/Logs/macos-latest_3.10/Reporter.GUIBasic-screenshot-7.png" width="100%" /&gt;</msg>
<doc>Takes a screenshot of the screen.</doc>
<status status="PASS" start="2024-03-14T01:52:01.232056" elapsed="0.295718"/>
</kw>
<kw name="Sleep" owner="BuiltIn">
<msg time="2024-03-14T01:52:02.031180" level="INFO">Slept 500 milliseconds.</msg>
<arg>0.5</arg>
<doc>Pauses the test executed for the given time.</doc>
<status status="PASS" start="2024-03-14T01:52:01.528452" elapsed="0.502880"/>
</kw>
<kw name="End Process If Still Running">
<kw name="Wait For Process" owner="Process">
<msg time="2024-03-14T01:52:02.033657" level="INFO">Waiting for process to complete.</msg>
<msg time="2024-03-14T01:52:02.033881" level="INFO">Process completed.</msg>
<msg time="2024-03-14T01:52:02.034014" level="INFO">${result} = &lt;result object with rc 0&gt;</msg>
<var>${result}</var>
<arg>${process}</arg>
<arg>timeout=60</arg>
<doc>Waits for the process to complete or to reach the given timeout.</doc>
<status status="PASS" start="2024-03-14T01:52:02.033258" elapsed="0.000788"/>
</kw>
<kw name="Is Process Running" owner="Process">
<msg time="2024-03-14T01:52:02.034847" level="INFO">${running} = False</msg>
<var>${running}</var>
<arg>${process}</arg>
<doc>Checks is the process running or not.</doc>
<status status="PASS" start="2024-03-14T01:52:02.034251" elapsed="0.000683"/>
</kw>
<if>
<branch type="IF" condition="not ${running}">
<kw name="Check Result">
<kw name="Log" owner="BuiltIn">
<msg time="2024-03-14T01:52:02.036300" level="INFO"/>
<arg>${result.stderr}</arg>
<doc>Logs the given message with the given level.</doc>
<status status="PASS" start="2024-03-14T01:52:02.035666" elapsed="0.000675"/>
</kw>
<kw name="Should Not Contain" owner="BuiltIn">
<arg>${result.stderr}</arg>
<arg>Traceback</arg>
<doc>Fails if ``container`` contains ``item`` one or more times.</doc>
<status status="PASS" start="2024-03-14T01:52:02.036459" elapsed="0.000457"/>
</kw>
<kw name="Should Be Equal As Integers" owner="BuiltIn">
<msg time="2024-03-14T01:52:02.037549" level="INFO">Argument types are:
&lt;class 'int'&gt;
&lt;class 'str'&gt;</msg>
<arg>${result.rc}</arg>
<arg>0</arg>
<doc>Fails if objects are unequal after converting them to integers.</doc>
<status status="PASS" start="2024-03-14T01:52:02.037034" elapsed="0.000575"/>
</kw>
<arg>${result}</arg>
<status status="PASS" start="2024-03-14T01:52:02.035352" elapsed="0.002319"/>
</kw>
<status status="PASS" start="2024-03-14T01:52:02.035104" elapsed="0.002596"/>
</branch>
<branch type="ELSE">
<kw name="Take A Screenshot" owner="ImageHorizonLibrary">
<doc>Takes a screenshot of the screen.</doc>
<status status="NOT RUN" start="2024-03-14T01:52:02.037824" elapsed="0.000017"/>
</kw>
<kw name="Terminate Process" owner="Process">
<var>${result}</var>
<arg>${process}</arg>
<doc>Stops the process gracefully or forcefully.</doc>
<status status="NOT RUN" start="2024-03-14T01:52:02.037937" elapsed="0.000015"/>
</kw>
<kw name="Check Result">
<arg>${result}</arg>
<status status="NOT RUN" start="2024-03-14T01:52:02.038062" elapsed="0.000018"/>
</kw>
<kw name="Fail" owner="BuiltIn">
<arg>Had to Terminate Process</arg>
<doc>Fails the test with the given message and optionally alters its tags.</doc>
<status status="NOT RUN" start="2024-03-14T01:52:02.038172" elapsed="0.000016"/>
</kw>
<status status="NOT RUN" start="2024-03-14T01:52:02.037729" elapsed="0.000488"/>
</branch>
<status status="PASS" start="2024-03-14T01:52:02.035072" elapsed="0.003166"/>
</if>
<status status="PASS" start="2024-03-14T01:52:02.032230" elapsed="0.006054"/>
</kw>
<status status="PASS" start="2024-03-14T01:52:00.650807" elapsed="1.387517"/>
</kw>
<arg>${keyword}</arg>
<doc>Executes the given keyword with the given arguments.</doc>
<status status="PASS" start="2024-03-14T01:52:00.650435" elapsed="1.387930"/>
</kw>
<status status="PASS" start="2024-03-14T01:52:00.650268" elapsed="1.388132"/>
</branch>
<branch type="ELSE">
<kw name="Wait For Process" owner="Process">
<var>${result}</var>
<arg>${process}</arg>
<arg>timeout=60</arg>
<doc>Waits for the process to complete or to reach the given timeout.</doc>
<status status="NOT RUN" start="2024-03-14T01:52:02.038515" elapsed="0.000016"/>
</kw>
<kw name="Check Result">
<arg>${result}</arg>
<status status="NOT RUN" start="2024-03-14T01:52:02.038639" elapsed="0.000016"/>
</kw>
<status status="NOT RUN" start="2024-03-14T01:52:02.038423" elapsed="0.000257"/>
</branch>
<status status="PASS" start="2024-03-14T01:52:00.650254" elapsed="1.388446"/>
</if>
<status status="PASS" start="2024-03-14T01:52:00.649737" elapsed="1.388993"/>
</branch>
<status status="PASS" start="2024-03-14T01:52:00.649708" elapsed="1.389044"/>
</if>
<kw name="Set Suite Variable" owner="BuiltIn">
<msg time="2024-03-14T01:52:02.039028" level="INFO">${process} = None</msg>
<arg>$process</arg>
<arg>None</arg>
<doc>Makes a variable available everywhere within the scope of the current suite.</doc>
<status status="PASS" start="2024-03-14T01:52:02.038865" elapsed="0.000198"/>
</kw>
<kw name="Sleep" owner="BuiltIn">
<msg time="2024-03-14T01:52:02.564385" level="INFO">Slept 500 milliseconds.</msg>
<arg>0.5</arg>
<doc>Pauses the test executed for the given time.</doc>
<status status="PASS" start="2024-03-14T01:52:02.039158" elapsed="0.525376"/>
</kw>
<status status="PASS" start="2024-03-14T01:52:00.648836" elapsed="1.915860"/>
</kw>
<tag>macos-latest</tag>
<tag>ubuntu-latest</tag>
<tag>windows-latest</tag>
<status status="PASS" start="2024-03-14T01:51:40.924149" elapsed="21.640697"/>
</test>
<test id="s1-s2-t3" name="First Run" line="33">
<kw name="Log To Console" owner="BuiltIn">
<arg>${\n}TAGS: ${TEST TAGS}</arg>
<doc>Logs the given message to the console.</doc>
<status status="PASS" start="2024-03-14T01:52:02.566242" elapsed="0.000299"/>
</kw>
<kw name="Set Variable" owner="BuiltIn">
<msg time="2024-03-14T01:52:02.566852" level="INFO">${testdata} = Issue-#147</msg>
<var>${testdata}</var>
<arg>Issue-#147</arg>
<doc>Returns the given values which can then be assigned to a variables.</doc>
<status status="PASS" start="2024-03-14T01:52:02.566702" elapsed="0.000221"/>
</kw>
<kw name="Set Variable" owner="BuiltIn">
<msg time="2024-03-14T01:52:02.567217" level="INFO">${resultdata} = 20230320_185055_demo</msg>
<var>${resultdata}</var>
<arg>20230320_185055_demo</arg>
<doc>Returns the given values which can then be assigned to a variables.</doc>
<status status="PASS" start="2024-03-14T01:52:02.567074" elapsed="0.000228"/>
</kw>
<kw name="Set Variable" owner="BuiltIn">
<msg time="2024-03-14T01:52:02.567702" level="INFO">${basefolder} = /Users/runner/work/rfswarm/rfswarm/Tests/Regression/Reporter/testdata/Issue-#147</msg>
<var>${basefolder}</var>
<arg>/Users/runner/work/rfswarm/rfswarm/Tests/Regression/Reporter${/}testdata${/}${testdata}</arg>
<doc>Returns the given values which can then be assigned to a variables.</doc>
<status status="PASS" start="2024-03-14T01:52:02.567456" elapsed="0.000275"/>
</kw>
<kw name="Should Exist" owner="OperatingSystem">
<msg time="2024-03-14T01:52:02.568260" level="INFO" html="true">Path '&lt;a href="file:///Users/runner/work/rfswarm/rfswarm/Tests/Regression/Reporter/testdata/Issue-#147"&gt;/Users/runner/work/rfswarm/rfswarm/Tests/Regression/Reporter/testdata/Issue-#147&lt;/a&gt;' exists.</msg>
<arg>${basefolder}</arg>
<doc>Fails unless the given path (file or directory) exists.</doc>
<status status="PASS" start="2024-03-14T01:52:02.567883" elapsed="0.000436"/>
</kw>
<kw name="Log To Console" owner="BuiltIn">
<arg>basefolder: ${basefolder}</arg>
<arg>console=True</arg>
<doc>Logs the given message to the console.</doc>
<status status="PASS" start="2024-03-14T01:52:02.568433" elapsed="0.000482"/>
</kw>
<kw name="Set Variable" owner="BuiltIn">
<msg time="2024-03-14T01:52:02.569290" level="INFO">${resultfolder} = /Users/runner/work/rfswarm/rfswarm/Tests/Regression/Reporter/testdata/Issue-#147/20230320_185055_demo</msg>
<var>${resultfolder}</var>
<arg>${basefolder}${/}${resultdata}</arg>
<doc>Returns the given values which can then be assigned to a variables.</doc>
<status status="PASS" start="2024-03-14T01:52:02.569060" elapsed="0.000259"/>
</kw>
<kw name="Should Exist" owner="OperatingSystem">
<msg time="2024-03-14T01:52:02.569630" level="INFO" html="true">Path '&lt;a href="file:///Users/runner/work/rfswarm/rfswarm/Tests/Regression/Reporter/testdata/Issue-#147/20230320_185055_demo"&gt;/Users/runner/work/rfswarm/rfswarm/Tests/Regression/Reporter/testdata/Issue-#147/20230320_185055_demo&lt;/a&gt;' exists.</msg>
<arg>${resultfolder}</arg>
<doc>Fails unless the given path (file or directory) exists.</doc>
<status status="PASS" start="2024-03-14T01:52:02.569455" elapsed="0.000323"/>
</kw>
<kw name="Log" owner="BuiltIn">
<msg time="2024-03-14T01:52:02.570091" level="INFO">resultfolder: /Users/runner/work/rfswarm/rfswarm/Tests/Regression/Reporter/testdata/Issue-#147/20230320_185055_demo</msg>
<arg>resultfolder: ${resultfolder}</arg>
<arg>console=True</arg>
<doc>Logs the given message with the given level.</doc>
<status status="PASS" start="2024-03-14T01:52:02.569903" elapsed="0.000295"/>
</kw>
<kw name="Get Time" owner="BuiltIn">
<msg time="2024-03-14T01:52:02.570590" level="INFO">${epoch} = 1710381122</msg>
<var>${epoch}</var>
<arg>epoch</arg>
<doc>Returns the given time in the requested format.</doc>
<status status="PASS" start="2024-03-14T01:52:02.570352" elapsed="0.000262"/>
</kw>
<kw name="Open GUI">
<kw name="Get Variables" owner="BuiltIn">
<msg time="2024-03-14T01:52:02.571573" level="INFO">${var} = {'${/}': '/', '${:}': ':', '${\\n}': '\n', '${cmd_reporter}': 'rfswarm-reporter', '${DEBUG_FILE}': 'NONE', '${EXECDIR}': '/Users/runner/work/rfswarm/rfswarm', '${False}': False, '${IMAGE_DIR}': '/User...</msg>
<var>${var}</var>
<doc>Returns a dictionary containing all variables in the current scope.</doc>
<status status="PASS" start="2024-03-14T01:52:02.571109" elapsed="0.000492"/>
</kw>
<kw name="Log" owner="BuiltIn">
<msg time="2024-03-14T01:52:02.571898" level="INFO">{'${/}': '/', '${:}': ':', '${\\n}': '\n', '${cmd_reporter}': 'rfswarm-reporter', '${DEBUG_FILE}': 'NONE', '${EXECDIR}': '/Users/runner/work/rfswarm/rfswarm', '${False}': False, '${IMAGE_DIR}': '/Users/runner/work/rfswarm/rfswarm/Tests/Regression/Reporter/Images/file_method', '${LOG_FILE}': '/Users/runner/work/rfswarm/rfswarm/Tests/Regression/Reporter/Logs/macos-latest_3.10/log.html', '${LOG_LEVEL}': 'INFO', '${None}': None, '${null}': None, '${OUTPUT_DIR}': '/Users/runner/work/rfswarm/rfswarm/Tests/Regression/Reporter/Logs/macos-latest_3.10', '${OUTPUT_FILE}': '/Users/runner/work/rfswarm/rfswarm/Tests/Regression/Reporter/Logs/macos-latest_3.10/output.xml', '${platform}': 'macos', '${PREV_TEST_MESSAGE}': '', '${PREV_TEST_NAME}': 'Select Preview Tab', '${PREV_TEST_STATUS}': 'PASS', '${process}': 'None', '${pyfile}': '/Users/runner/work/rfswarm/rfswarm/rfswarm_reporter/rfswarm_reporter.py', '${REPORT_FILE}': '/Users/runner/work/rfswarm/rfswarm/Tests/Regression/Reporter/Logs/macos-latest_3.10/report.html', '${SPACE}': ' ', '${sssleep}': '0.5', '${SUITE_DOCUMENTATION}': '', '${SUITE_NAME}': 'Reporter.GUI Basic', '${SUITE_SOURCE}': '/Users/runner/work/rfswarm/rfswarm/Tests/Regression/Reporter/GUI_Basic.robot', '${TEMPDIR}': '/var/folders/h1/8hndypj13nsbj5pn4xsnv1tm0000gn/T', '${TEST_DOCUMENTATION}': '', '${TEST_NAME}': 'First Run', '${True}': True, '&amp;{OPTIONS}': {'include': ['macos-latest'], 'exclude': [], 'skip': [], 'skip_on_failure': []}, '&amp;{SUITE_METADATA}': Metadata(), '@{appargs}': ['-i', 'blank_1710381122.ini', '-d', '/Users/runner/work/rfswarm/rfswarm/Tests/Regression/Reporter/testdata/Issue-#147/20230320_185055_demo'], '@{TEST_TAGS}': ['Issue #147', 'macos-latest', 'ubuntu-latest', 'windows-latest']}</msg>
<arg>${var}</arg>
<doc>Logs the given message with the given level.</doc>
<status status="PASS" start="2024-03-14T01:52:02.571704" elapsed="0.000257"/>
</kw>
<kw name="Get Platform">
<kw name="Create Dictionary" owner="BuiltIn">
<msg time="2024-03-14T01:52:02.572520" level="INFO">&amp;{platforms} = { Linux=ubuntu | Darwin=macos | Java=notsupported | Windows=windows }</msg>
<var>&amp;{platforms}</var>
<arg>Linux=ubuntu</arg>
<arg>Darwin=macos</arg>
<arg>Java=notsupported</arg>
<arg>Windows=windows</arg>
<doc>Creates and returns a dictionary based on the given ``items``.</doc>
<status status="PASS" start="2024-03-14T01:52:02.572290" elapsed="0.000253"/>
</kw>
<kw name="Evaluate" owner="BuiltIn">
<msg time="2024-03-14T01:52:02.572865" level="INFO">${os} = Darwin</msg>
<var>${os}</var>
<arg>platform.system()</arg>
<arg>platform</arg>
<doc>Evaluates the given expression in Python and returns the result.</doc>
<status status="PASS" start="2024-03-14T01:52:02.572656" elapsed="0.000230"/>
</kw>
<kw name="Set Suite Variable" owner="BuiltIn">
<msg time="2024-03-14T01:52:02.573214" level="INFO">${platform} = macos</msg>
<arg>${platform}</arg>
<arg>${platforms}[${os}]</arg>
<doc>Makes a variable available everywhere within the scope of the current suite.</doc>
<status status="PASS" start="2024-03-14T01:52:02.573005" elapsed="0.000242"/>
</kw>
<status status="PASS" start="2024-03-14T01:52:02.572079" elapsed="0.001222"/>
</kw>
<kw name="Set Variable" owner="BuiltIn">
<msg time="2024-03-14T01:52:02.573524" level="INFO">${keyword} = Open GUI macos</msg>
<var>${keyword}</var>
<arg>Open GUI ${platform}</arg>
<doc>Returns the given values which can then be assigned to a variables.</doc>
<status status="PASS" start="2024-03-14T01:52:02.573394" elapsed="0.000150"/>
</kw>
<kw name="Run Keyword" owner="BuiltIn">
<kw name="Open GUI macos">
<kw name="Set Suite Variable" owner="BuiltIn">
<msg time="2024-03-14T01:52:02.574338" level="INFO">${platform} = macos</msg>
<arg>${platform}</arg>
<arg>macos</arg>
<doc>Makes a variable available everywhere within the scope of the current suite.</doc>
<status status="PASS" start="2024-03-14T01:52:02.574181" elapsed="0.000191"/>
</kw>
<kw name="Set Confidence" owner="ImageHorizonLibrary">
<arg>0.9</arg>
<doc>Sets the accuracy when finding images.</doc>
<status status="PASS" start="2024-03-14T01:52:02.574472" elapsed="0.000133"/>
</kw>
<kw name="Start Process" owner="Process">
<msg time="2024-03-14T01:52:02.575357" level="INFO">Starting process:
rfswarm-reporter -g 6 -i blank_1710381122.ini -d /Users/runner/work/rfswarm/rfswarm/Tests/Regression/Reporter/testdata/Issue-#147/20230320_185055_demo</msg>
<msg time="2024-03-14T01:52:02.580969" level="INFO">${process} = &lt;Popen: returncode: None args: ['rfswarm-reporter', '-g', '6', '-i', 'blank_...&gt;</msg>
<var>${process}</var>
<arg>${cmd_reporter}</arg>
<arg>-g</arg>
<arg>6</arg>
<arg>@{appargs}</arg>
<arg>alias=Reporter</arg>
<arg>stdout=${OUTPUT DIR}${/}stdout.txt</arg>
<arg>stderr=${OUTPUT DIR}${/}stderr.txt</arg>
[...]
<doc>Returns the given values which can then be assigned to a variables.</doc>
<status status="PASS" start="2024-03-14T01:52:31.783493" elapsed="0.000354"/>
</kw>
<kw name="Log" owner="BuiltIn">
<msg time="2024-03-14T01:52:31.784391" level="INFO">/Users/runner/work/rfswarm/rfswarm/Tests/Regression/Reporter</msg>
<arg>/Users/runner/work/rfswarm/rfswarm/Tests/Regression/Reporter</arg>
<doc>Logs the given message with the given level.</doc>
<status status="PASS" start="2024-03-14T01:52:31.784128" elapsed="0.000336"/>
</kw>
<kw name="Log" owner="BuiltIn">
<msg time="2024-03-14T01:52:31.784989" level="INFO">/Users/runner/work/rfswarm/rfswarm/Tests/Regression/Reporter/Images/file_method</msg>
<arg>${IMAGE_DIR}</arg>
<doc>Logs the given message with the given level.</doc>
<status status="PASS" start="2024-03-14T01:52:31.784702" elapsed="0.000361"/>
</kw>
<kw name="Wait For" owner="ImageHorizonLibrary">
<msg time="2024-03-14T01:52:32.573333" level="INFO">Image "reporter_macos_button_addsection.png" found at (36, 109)</msg>
<arg>${img}</arg>
<arg>timeout=300</arg>
<doc>Tries to locate given image from the screen for given time.</doc>
<status status="PASS" start="2024-03-14T01:52:31.785280" elapsed="0.788369"/>
</kw>
<kw name="Locate" owner="ImageHorizonLibrary">
<msg time="2024-03-14T01:52:33.314040" level="INFO">Image "/Users/runner/work/rfswarm/rfswarm/Tests/Regression/Reporter/Images/file_method/reporter_macos_button_addsection.png" found at Box(left=11, top=95, width=50, height=29)</msg>
<msg time="2024-03-14T01:52:33.315469" level="INFO">@{coordinates} = [ 36 | 109 ]</msg>
<var>@{coordinates}</var>
<arg>${img}</arg>
<doc>Locate image on screen.</doc>
<status status="PASS" start="2024-03-14T01:52:32.574098" elapsed="0.741635"/>
</kw>
<kw name="Click Image" owner="ImageHorizonLibrary">
<msg time="2024-03-14T01:52:34.091606" level="INFO">Image "/Users/runner/work/rfswarm/rfswarm/Tests/Regression/Reporter/Images/file_method/reporter_macos_button_addsection.png" found at Box(left=11, top=95, width=50, height=29)</msg>
<msg time="2024-03-14T01:52:34.091960" level="INFO">Clicking image "reporter_macos_button_addsection.png" in position (36, 109)</msg>
<arg>${img}</arg>
<doc>Finds the reference image on screen and clicks it once.</doc>
<status status="PASS" start="2024-03-14T01:52:33.316495" elapsed="0.901893"/>
</kw>
<kw name="Sleep" owner="BuiltIn">
<msg time="2024-03-14T01:52:34.749422" level="INFO">Slept 500 milliseconds.</msg>
<arg>${sssleep}</arg>
<doc>Pauses the test executed for the given time.</doc>
<status status="PASS" start="2024-03-14T01:52:34.219023" elapsed="0.530520"/>
</kw>
<kw name="Take A Screenshot" owner="ImageHorizonLibrary">
<msg time="2024-03-14T01:52:34.750221" level="INFO" html="true">Screenshot taken: /Users/runner/work/rfswarm/rfswarm/Tests/Regression/Reporter/Logs/macos-latest_3.10/Reporter.GUIBasic-screenshot-15.png&lt;br/&gt;&lt;img src="/Users/runner/work/rfswarm/rfswarm/Tests/Regression/Reporter/Logs/macos-latest_3.10/Reporter.GUIBasic-screenshot-15.png" width="100%" /&gt;</msg>
<doc>Takes a screenshot of the screen.</doc>
<status status="PASS" start="2024-03-14T01:52:34.749791" elapsed="0.459930"/>
</kw>
<arg>AddSection</arg>
<status status="PASS" start="2024-03-14T01:52:31.781863" elapsed="3.428461"/>
</kw>
<kw name="Click To The Below Of Image" owner="ImageHorizonLibrary">
<msg time="2024-03-14T01:52:35.988823" level="INFO">Image "/Users/runner/work/rfswarm/rfswarm/Tests/Regression/Reporter/Images/file_method/reporter_macos_label_sectionname.png" was not found on screen.</msg>
<kw name="Take A Screenshot" owner="ImageHorizonLibrary">
<msg time="2024-03-14T01:52:35.990461" level="INFO" html="true">Screenshot taken: /Users/runner/work/rfswarm/rfswarm/Tests/Regression/Reporter/Logs/macos-latest_3.10/Reporter.GUIBasic-screenshot-16.png&lt;br/&gt;&lt;img src="/Users/runner/work/rfswarm/rfswarm/Tests/Regression/Reporter/Logs/macos-latest_3.10/Reporter.GUIBasic-screenshot-16.png" width="100%" /&gt;</msg>
<doc>Takes a screenshot of the screen.</doc>
<status status="PASS" start="2024-03-14T01:52:35.989492" elapsed="0.380540"/>
</kw>
<msg time="2024-03-14T01:52:36.370607" level="FAIL">ImageNotFoundException: Reference image "/Users/runner/work/rfswarm/rfswarm/Tests/Regression/Reporter/Images/file_method/reporter_macos_label_sectionname.png" was not found on screen</msg>
<arg>reporter_${platform}_label_sectionname.png</arg>
<arg>20</arg>
<doc>Clicks below of reference image by given offset.</doc>
<status status="FAIL" start="2024-03-14T01:52:35.211162" elapsed="1.160703">ImageNotFoundException: Reference image "/Users/runner/work/rfswarm/rfswarm/Tests/Regression/Reporter/Images/file_method/reporter_macos_label_sectionname.png" was not found on screen</status>
</kw>
<kw name="Type" owner="ImageHorizonLibrary">
<arg>Issue #149</arg>
<doc>Type text and keyboard keys.</doc>
<status status="NOT RUN" start="2024-03-14T01:52:36.372250" elapsed="0.000040"/>
</kw>
<kw name="Click Button">
<arg>OK</arg>
<status status="NOT RUN" start="2024-03-14T01:52:36.372667" elapsed="0.000038"/>
</kw>
<kw name="Take A Screenshot" owner="ImageHorizonLibrary">
<doc>Takes a screenshot of the screen.</doc>
<status status="NOT RUN" start="2024-03-14T01:52:36.372834" elapsed="0.000020"/>
</kw>
<kw name="Click Section">
<arg>Issue#149</arg>
<status status="NOT RUN" start="2024-03-14T01:52:36.373066" elapsed="0.000025"/>
</kw>
<kw name="Select Field With Label">
<arg>Type</arg>
<status status="NOT RUN" start="2024-03-14T01:52:36.373345" elapsed="0.000022"/>
</kw>
<kw name="Select Option">
<arg>DataTable</arg>
<status status="NOT RUN" start="2024-03-14T01:52:36.373558" elapsed="0.000023"/>
</kw>
<kw name="Run Keyword And Continue On Failure" owner="BuiltIn">
<arg>Wait For Status</arg>
<arg>PreviewLoaded</arg>
<doc>Runs the keyword and continues execution even if a failure occurs.</doc>
<status status="NOT RUN" start="2024-03-14T01:52:36.373763" elapsed="0.000021"/>
</kw>
<kw name="Select Field With Label">
<arg>ShowGraphColours</arg>
<status status="NOT RUN" start="2024-03-14T01:52:36.374008" elapsed="0.000025"/>
</kw>
<kw name="Select Field With Label">
<arg>DataType</arg>
<status status="NOT RUN" start="2024-03-14T01:52:36.374281" elapsed="0.000023"/>
</kw>
<kw name="Select Option">
<arg>Result</arg>
<status status="NOT RUN" start="2024-03-14T01:52:36.374454" elapsed="0.000018"/>
</kw>
<kw name="Select Field With Label">
<arg>ResultType</arg>
<status status="NOT RUN" start="2024-03-14T01:52:36.374777" elapsed="0.000034"/>
</kw>
<kw name="Select Option">
<arg>ResponseTime</arg>
<status status="NOT RUN" start="2024-03-14T01:52:36.375040" elapsed="0.000029"/>
</kw>
<kw name="Run Keyword And Continue On Failure" owner="BuiltIn">
<arg>Wait For Status</arg>
<arg>PreviewLoaded</arg>
<doc>Runs the keyword and continues execution even if a failure occurs.</doc>
<status status="NOT RUN" start="2024-03-14T01:52:36.375219" elapsed="0.000020"/>
</kw>
<kw name="Click Button">
<arg>GenerateHTML</arg>
<status status="NOT RUN" start="2024-03-14T01:52:36.375430" elapsed="0.000026"/>
</kw>
<kw name="Wait For Status">
<arg>SavedXHTMLReport</arg>
<status status="NOT RUN" start="2024-03-14T01:52:36.375703" elapsed="0.000038"/>
</kw>
<kw name="Close GUI" type="TEARDOWN">
<kw name="Set Variable" owner="BuiltIn">
<msg time="2024-03-14T01:52:36.377169" level="INFO">${keyword} = Close GUI macos</msg>
<var>${keyword}</var>
<arg>Close GUI ${platform}</arg>
<doc>Returns the given values which can then be assigned to a variables.</doc>
<status status="PASS" start="2024-03-14T01:52:36.376916" elapsed="0.000286"/>
</kw>
<if>
<branch type="IF" condition="${process}">
<kw name="Is Process Running" owner="Process">
<msg time="2024-03-14T01:52:36.377714" level="INFO">${running} = True</msg>
<var>${running}</var>
<arg>${process}</arg>
<doc>Checks is the process running or not.</doc>
<status status="PASS" start="2024-03-14T01:52:36.377457" elapsed="0.000280"/>
</kw>
<if>
<branch type="IF" condition="${running}">
<kw name="Run Keyword" owner="BuiltIn">
<kw name="Close GUI macos">
<kw name="Click Image" owner="ImageHorizonLibrary">
<msg time="2024-03-14T01:52:37.040495" level="INFO">Image "/Users/runner/work/rfswarm/rfswarm/Tests/Regression/Reporter/Images/file_method/reporter_macos_button_closewindow.png" was not found on screen.</msg>
<kw name="Take A Screenshot" owner="ImageHorizonLibrary">
<msg time="2024-03-14T01:52:37.041998" level="INFO" html="true">Screenshot taken: /Users/runner/work/rfswarm/rfswarm/Tests/Regression/Reporter/Logs/macos-latest_3.10/Reporter.GUIBasic-screenshot-17.png&lt;br/&gt;&lt;img src="/Users/runner/work/rfswarm/rfswarm/Tests/Regression/Reporter/Logs/macos-latest_3.10/Reporter.GUIBasic-screenshot-17.png" width="100%" /&gt;</msg>
<doc>Takes a screenshot of the screen.</doc>
<status status="PASS" start="2024-03-14T01:52:37.041194" elapsed="0.410466"/>
</kw>
<msg time="2024-03-14T01:52:37.452531" level="FAIL">ImageNotFoundException: Reference image "/Users/runner/work/rfswarm/rfswarm/Tests/Regression/Reporter/Images/file_method/reporter_macos_button_closewindow.png" was not found on screen</msg>
<arg>reporter_${platform}_button_closewindow.png</arg>
<doc>Finds the reference image on screen and clicks it once.</doc>
<status status="FAIL" start="2024-03-14T01:52:36.378639" elapsed="1.074747">ImageNotFoundException: Reference image "/Users/runner/work/rfswarm/rfswarm/Tests/Regression/Reporter/Images/file_method/reporter_macos_button_closewindow.png" was not found on screen</status>
</kw>
<kw name="Take A Screenshot" owner="ImageHorizonLibrary">
<msg time="2024-03-14T01:52:37.454532" level="INFO" html="true">Screenshot taken: /Users/runner/work/rfswarm/rfswarm/Tests/Regression/Reporter/Logs/macos-latest_3.10/Reporter.GUIBasic-screenshot-18.png&lt;br/&gt;&lt;img src="/Users/runner/work/rfswarm/rfswarm/Tests/Regression/Reporter/Logs/macos-latest_3.10/Reporter.GUIBasic-screenshot-18.png" width="100%" /&gt;</msg>
<doc>Takes a screenshot of the screen.</doc>
<status status="PASS" start="2024-03-14T01:52:37.453912" elapsed="0.364908"/>
</kw>
<kw name="Sleep" owner="BuiltIn">
<msg time="2024-03-14T01:52:38.322266" level="INFO">Slept 500 milliseconds.</msg>
<arg>0.5</arg>
<doc>Pauses the test executed for the given time.</doc>
<status status="PASS" start="2024-03-14T01:52:37.819457" elapsed="0.502984"/>
</kw>
<kw name="End Process If Still Running">
<kw name="Wait For Process" owner="Process">
<msg time="2024-03-14T01:52:38.324785" level="INFO">Waiting for process to complete.</msg>
<msg time="2024-03-14T01:53:38.367115" level="INFO">Process did not complete in 1 minute.</msg>
<msg time="2024-03-14T01:53:38.368032" level="INFO">Leaving process intact.</msg>
<msg time="2024-03-14T01:53:38.368759" level="INFO">${result} = None</msg>
<var>${result}</var>
<arg>${process}</arg>
<arg>timeout=60</arg>
<doc>Waits for the process to complete or to reach the given timeout.</doc>
<status status="PASS" start="2024-03-14T01:52:38.323885" elapsed="60.045004"/>
</kw>
<kw name="Is Process Running" owner="Process">
<msg time="2024-03-14T01:53:38.370846" level="INFO">${running} = True</msg>
<var>${running}</var>
<arg>${process}</arg>
<doc>Checks is the process running or not.</doc>
<status status="PASS" start="2024-03-14T01:53:38.370191" elapsed="0.000678"/>
</kw>
<if>
<branch type="IF" condition="not ${running}">
<kw name="Check Result">
<arg>${result}</arg>
<status status="NOT RUN" start="2024-03-14T01:53:38.371704" elapsed="0.000038"/>
</kw>
<status status="NOT RUN" start="2024-03-14T01:53:38.371219" elapsed="0.000562"/>
</branch>
<branch type="ELSE">
<kw name="Take A Screenshot" owner="ImageHorizonLibrary">
<msg time="2024-03-14T01:53:38.372160" level="INFO" html="true">Screenshot taken: /Users/runner/work/rfswarm/rfswarm/Tests/Regression/Reporter/Logs/macos-latest_3.10/Reporter.GUIBasic-screenshot-19.png&lt;br/&gt;&lt;img src="/Users/runner/work/rfswarm/rfswarm/Tests/Regression/Reporter/Logs/macos-latest_3.10/Reporter.GUIBasic-screenshot-19.png" width="100%" /&gt;</msg>
<doc>Takes a screenshot of the screen.</doc>
<status status="PASS" start="2024-03-14T01:53:38.371934" elapsed="0.281375"/>
</kw>
<kw name="Terminate Process" owner="Process">
<msg time="2024-03-14T01:53:38.654267" level="INFO">Gracefully terminating process.</msg>
<msg time="2024-03-14T01:53:38.779279" level="INFO">Process completed.</msg>
<msg time="2024-03-14T01:53:38.779537" level="INFO">${result} = &lt;result object with rc 1&gt;</msg>
<var>${result}</var>
<arg>${process}</arg>
<doc>Stops the process gracefully or forcefully.</doc>
<status status="PASS" start="2024-03-14T01:53:38.653865" elapsed="0.125718"/>
</kw>
<kw name="Check Result">
<kw name="Log" owner="BuiltIn">
<msg time="2024-03-14T01:53:38.782865" level="INFO"/>
<arg>${result.stderr}</arg>
<doc>Logs the given message with the given level.</doc>
<status status="PASS" start="2024-03-14T01:53:38.781105" elapsed="0.001819"/>
</kw>
<kw name="Should Not Contain" owner="BuiltIn">
<arg>${result.stderr}</arg>
<arg>Traceback</arg>
<doc>Fails if ``container`` contains ``item`` one or more times.</doc>
<status status="PASS" start="2024-03-14T01:53:38.783127" elapsed="0.000595"/>
</kw>
<kw name="Should Be Equal As Integers" owner="BuiltIn">
<msg time="2024-03-14T01:53:38.784557" level="INFO">Argument types are:
&lt;class 'int'&gt;
&lt;class 'str'&gt;</msg>
<msg time="2024-03-14T01:53:38.784902" level="FAIL">1 != 0</msg>
<arg>${result.rc}</arg>
<arg>0</arg>
<doc>Fails if objects are unequal after converting them to integers.</doc>
<status status="FAIL" start="2024-03-14T01:53:38.783918" elapsed="0.001201">1 != 0</status>
</kw>
<arg>${result}</arg>
<status status="FAIL" start="2024-03-14T01:53:38.780277" elapsed="0.005049">1 != 0</status>
</kw>
<kw name="Fail" owner="BuiltIn">
<msg time="2024-03-14T01:53:38.785678" level="FAIL">Had to Terminate Process</msg>
<arg>Had to Terminate Process</arg>
<doc>Fails the test with the given message and optionally alters its tags.</doc>
<status status="FAIL" start="2024-03-14T01:53:38.785507" elapsed="0.000220">Had to Terminate Process</status>
</kw>
<status status="FAIL" start="2024-03-14T01:53:38.371831" elapsed="0.413969">Several failures occurred:

1) 1 != 0

2) Had to Terminate Process</status>
</branch>
<status status="FAIL" start="2024-03-14T01:53:38.371111" elapsed="0.414735">Several failures occurred:

1) 1 != 0

2) Had to Terminate Process</status>
</if>
<status status="FAIL" start="2024-03-14T01:52:38.323086" elapsed="60.462889">Several failures occurred:

1) 1 != 0

2) Had to Terminate Process</status>
</kw>
<status status="FAIL" start="2024-03-14T01:52:36.378319" elapsed="62.407776">Several failures occurred:

1) ImageNotFoundException: Reference image "/Users/runner/work/rfswarm/rfswarm/Tests/Regression/Reporter/Images/file_method/reporter_macos_button_closewindow.png" was not found on screen

2) 1 != 0

3) Had to Terminate Process</status>
</kw>
<arg>${keyword}</arg>
<doc>Executes the given keyword with the given arguments.</doc>
<status status="FAIL" start="2024-03-14T01:52:36.377961" elapsed="62.408217">Several failures occurred:

1) ImageNotFoundException: Reference image "/Users/runner/work/rfswarm/rfswarm/Tests/Regression/Reporter/Images/file_method/reporter_macos_button_closewindow.png" was not found on screen

2) 1 != 0

3) Had to Terminate Process</status>
</kw>
<status status="FAIL" start="2024-03-14T01:52:36.377820" elapsed="62.408578">Several failures occurred:

1) ImageNotFoundException: Reference image "/Users/runner/work/rfswarm/rfswarm/Tests/Regression/Reporter/Images/file_method/reporter_macos_button_closewindow.png" was not found on screen

2) 1 != 0

3) Had to Terminate Process</status>
</branch>
<branch type="ELSE">
<kw name="Wait For Process" owner="Process">
<var>${result}</var>
<arg>${process}</arg>
<arg>timeout=60</arg>
<doc>Waits for the process to complete or to reach the given timeout.</doc>
<status status="NOT RUN" start="2024-03-14T01:53:38.786572" elapsed="0.000017"/>
</kw>
<kw name="Check Result">
<arg>${result}</arg>
<status status="NOT RUN" start="2024-03-14T01:53:38.786724" elapsed="0.000018"/>
</kw>
<status status="NOT RUN" start="2024-03-14T01:53:38.786437" elapsed="0.000333"/>
</branch>
<status status="FAIL" start="2024-03-14T01:52:36.377803" elapsed="62.408991">Several failures occurred:

1) ImageNotFoundException: Reference image "/Users/runner/work/rfswarm/rfswarm/Tests/Regression/Reporter/Images/file_method/reporter_macos_button_closewindow.png" was not found on screen

2) 1 != 0

3) Had to Terminate Process</status>
</if>
<status status="FAIL" start="2024-03-14T01:52:36.377301" elapsed="62.409564">Several failures occurred:

1) ImageNotFoundException: Reference image "/Users/runner/work/rfswarm/rfswarm/Tests/Regression/Reporter/Images/file_method/reporter_macos_button_closewindow.png" was not found on screen

2) 1 != 0

3) Had to Terminate Process</status>
</branch>
<status status="FAIL" start="2024-03-14T01:52:36.377274" elapsed="62.409626">Several failures occurred:

1) ImageNotFoundException: Reference image "/Users/runner/work/rfswarm/rfswarm/Tests/Regression/Reporter/Images/file_method/reporter_macos_button_closewindow.png" was not found on screen

2) 1 != 0

3) Had to Terminate Process</status>
</if>
<kw name="Set Suite Variable" owner="BuiltIn">
<msg time="2024-03-14T01:53:38.787245" level="INFO">${process} = None</msg>
<arg>$process</arg>
<arg>None</arg>
<doc>Makes a variable available everywhere within the scope of the current suite.</doc>
<status status="PASS" start="2024-03-14T01:53:38.787053" elapsed="0.000229"/>
</kw>
<kw name="Sleep" owner="BuiltIn">
<msg time="2024-03-14T01:53:39.302239" level="INFO">Slept 500 milliseconds.</msg>
<arg>0.5</arg>
<doc>Pauses the test executed for the given time.</doc>
<status status="PASS" start="2024-03-14T01:53:38.787389" elapsed="0.515190"/>
</kw>
<status status="FAIL" start="2024-03-14T01:52:36.376554" elapsed="62.926277">Several failures occurred:

1) ImageNotFoundException: Reference image "/Users/runner/work/rfswarm/rfswarm/Tests/Regression/Reporter/Images/file_method/reporter_macos_button_closewindow.png" was not found on screen

2) 1 != 0

3) Had to Terminate Process</status>
</kw>
<tag>Issue #149</tag>
<tag>Issue #150</tag>
<tag>macos-latest</tag>
<tag>ubuntu-latest</tag>
<tag>windows-latest</tag>
<status status="FAIL" start="2024-03-14T01:52:09.609734" elapsed="89.693303">ImageNotFoundException: Reference image "/Users/runner/work/rfswarm/rfswarm/Tests/Regression/Reporter/Images/file_method/reporter_macos_label_sectionname.png" was not found on screen

Also teardown failed:
Several failures occurred:

1) ImageNotFoundException: Reference image "/Users/runner/work/rfswarm/rfswarm/Tests/Regression/Reporter/Images/file_method/reporter_macos_button_closewindow.png" was not found on screen

2) 1 != 0

3) Had to Terminate Process</status>
</test>
<status status="FAIL" start="2024-03-14T01:51:15.653685" elapsed="143.650605"/>
</suite>
<status status="FAIL" start="2024-03-14T01:50:56.644011" elapsed="162.661476"/>
</suite>
<statistics>
<total>
<stat pass="8" fail="1" skip="0">All Tests</stat>
</total>
<tag>
<stat pass="1" fail="0" skip="0">DOCX</stat>
<stat pass="1" fail="0" skip="0">HTML</stat>
<stat pass="3" fail="0" skip="0">Issue #144</stat>
<stat pass="1" fail="0" skip="0">Issue #147</stat>
<stat pass="0" fail="1" skip="0">Issue #149</stat>
<stat pass="0" fail="1" skip="0">Issue #150</stat>
<stat pass="8" fail="1" skip="0">macos-latest</stat>
<stat pass="8" fail="1" skip="0">ubuntu-latest</stat>
<stat pass="8" fail="1" skip="0">windows-latest</stat>
<stat pass="1" fail="0" skip="0">XLSX</stat>
</tag>
<suite>
<stat pass="8" fail="1" skip="0" id="s1" name="Reporter">Reporter</stat>
<stat pass="5" fail="0" skip="0" id="s1-s1" name="CommandLine">Reporter.CommandLine</stat>
<stat pass="3" fail="1" skip="0" id="s1-s2" name="GUI Basic">Reporter.GUI Basic</stat>
</suite>
</statistics>
<errors>
</errors>
</robot>
