<?xml version="1.0" encoding="UTF-8"?>
<robot generator="Robot 6.0.2 (Python 3.10.11 on darwin)" generated="20230602 09:38:15.060" rpa="false" schemaversion="3">
<suite id="s1" name="Reporter" source="/Users/runner/work/rfswarm/rfswarm/Tests/Regression/Reporter">
<suite id="s1-s1" name="CommandLine" source="/Users/runner/work/rfswarm/rfswarm/Tests/Regression/Reporter/CommandLine.robot">
<kw name="Clean Up Old Files" type="SETUP">
<tag>macos-latest</tag>
<tag>ubuntu-latest</tag>
<tag>windows-latest</tag>
<kw name="Log To Console" library="BuiltIn">
<arg>${OUTPUT DIR}</arg>
<doc>Logs the given message to the console.</doc>
<status status="PASS" starttime="20230602 09:38:15.113" endtime="20230602 09:38:15.113"/>
</kw>
<kw name="Remove File" library="OperatingSystem">
<arg>${OUTPUT DIR}${/}*.txt</arg>
<doc>Removes a file with the given path.</doc>
<msg timestamp="20230602 09:38:15.114" level="INFO" html="true">Removed file '&lt;a href="file:///Users/runner/work/rfswarm/rfswarm/Tests/Regression/Reporter/Logs/macos-latest_3.10/stdout.txt"&gt;/Users/runner/work/rfswarm/rfswarm/Tests/Regression/Reporter/Logs/macos-latest_3.10/stdout.txt&lt;/a&gt;'.</msg>
<msg timestamp="20230602 09:38:15.114" level="INFO" html="true">Removed file '&lt;a href="file:///Users/runner/work/rfswarm/rfswarm/Tests/Regression/Reporter/Logs/macos-latest_3.10/stderr.txt"&gt;/Users/runner/work/rfswarm/rfswarm/Tests/Regression/Reporter/Logs/macos-latest_3.10/stderr.txt&lt;/a&gt;'.</msg>
<status status="PASS" starttime="20230602 09:38:15.113" endtime="20230602 09:38:15.114"/>
</kw>
<kw name="Remove File" library="OperatingSystem">
<arg>${OUTPUT DIR}${/}*.png</arg>
<doc>Removes a file with the given path.</doc>
<msg timestamp="20230602 09:38:15.115" level="INFO" html="true">Removed file '&lt;a href="file:///Users/runner/work/rfswarm/rfswarm/Tests/Regression/Reporter/Logs/macos-latest_3.10/Reporter.GUIBasic-screenshot-8.png"&gt;/Users/runner/work/rfswarm/rfswarm/Tests/Regression/Reporter/Logs/macos-latest_3.10/Reporter.GUIBasic-screenshot-8.png&lt;/a&gt;'.</msg>
<msg timestamp="20230602 09:38:15.115" level="INFO" html="true">Removed file '&lt;a href="file:///Users/runner/work/rfswarm/rfswarm/Tests/Regression/Reporter/Logs/macos-latest_3.10/Reporter.GUIBasic-screenshot-9.png"&gt;/Users/runner/work/rfswarm/rfswarm/Tests/Regression/Reporter/Logs/macos-latest_3.10/Reporter.GUIBasic-screenshot-9.png&lt;/a&gt;'.</msg>
<msg timestamp="20230602 09:38:15.116" level="INFO" html="true">Removed file '&lt;a href="file:///Users/runner/work/rfswarm/rfswarm/Tests/Regression/Reporter/Logs/macos-latest_3.10/Reporter.GUIBasic-screenshot-18.png"&gt;/Users/runner/work/rfswarm/rfswarm/Tests/Regression/Reporter/Logs/macos-latest_3.10/Reporter.GUIBasic-screenshot-18.png&lt;/a&gt;'.</msg>
<msg timestamp="20230602 09:38:15.116" level="INFO" html="true">Removed file '&lt;a href="file:///Users/runner/work/rfswarm/rfswarm/Tests/Regression/Reporter/Logs/macos-latest_3.10/Reporter.GUIBasic-screenshot-19.png"&gt;/Users/runner/work/rfswarm/rfswarm/Tests/Regression/Reporter/Logs/macos-latest_3.10/Reporter.GUIBasic-screenshot-19.png&lt;/a&gt;'.</msg>
<msg timestamp="20230602 09:38:15.116" level="INFO" html="true">Removed file '&lt;a href="file:///Users/runner/work/rfswarm/rfswarm/Tests/Regression/Reporter/Logs/macos-latest_3.10/Reporter.GUIBasic-screenshot-20.png"&gt;/Users/runner/work/rfswarm/rfswarm/Tests/Regression/Reporter/Logs/macos-latest_3.10/Reporter.GUIBasic-screenshot-20.png&lt;/a&gt;'.</msg>
<msg timestamp="20230602 09:38:15.116" level="INFO" html="true">Removed file '&lt;a href="file:///Users/runner/work/rfswarm/rfswarm/Tests/Regression/Reporter/Logs/macos-latest_3.10/Reporter.GUIBasic-screenshot-12.png"&gt;/Users/runner/work/rfswarm/rfswarm/Tests/Regression/Reporter/Logs/macos-latest_3.10/Reporter.GUIBasic-screenshot-12.png&lt;/a&gt;'.</msg>
<msg timestamp="20230602 09:38:15.116" level="INFO" html="true">Removed file '&lt;a href="file:///Users/runner/work/rfswarm/rfswarm/Tests/Regression/Reporter/Logs/macos-latest_3.10/Reporter.GUIBasic-screenshot-1.png"&gt;/Users/runner/work/rfswarm/rfswarm/Tests/Regression/Reporter/Logs/macos-latest_3.10/Reporter.GUIBasic-screenshot-1.png&lt;/a&gt;'.</msg>
<msg timestamp="20230602 09:38:15.117" level="INFO" html="true">Removed file '&lt;a href="file:///Users/runner/work/rfswarm/rfswarm/Tests/Regression/Reporter/Logs/macos-latest_3.10/Reporter.GUIBasic-screenshot-13.png"&gt;/Users/runner/work/rfswarm/rfswarm/Tests/Regression/Reporter/Logs/macos-latest_3.10/Reporter.GUIBasic-screenshot-13.png&lt;/a&gt;'.</msg>
<msg timestamp="20230602 09:38:15.117" level="INFO" html="true">Removed file '&lt;a href="file:///Users/runner/work/rfswarm/rfswarm/Tests/Regression/Reporter/Logs/macos-latest_3.10/Reporter.GUIBasic-screenshot-11.png"&gt;/Users/runner/work/rfswarm/rfswarm/Tests/Regression/Reporter/Logs/macos-latest_3.10/Reporter.GUIBasic-screenshot-11.png&lt;/a&gt;'.</msg>
<msg timestamp="20230602 09:38:15.117" level="INFO" html="true">Removed file '&lt;a href="file:///Users/runner/work/rfswarm/rfswarm/Tests/Regression/Reporter/Logs/macos-latest_3.10/Reporter.GUIBasic-screenshot-2.png"&gt;/Users/runner/work/rfswarm/rfswarm/Tests/Regression/Reporter/Logs/macos-latest_3.10/Reporter.GUIBasic-screenshot-2.png&lt;/a&gt;'.</msg>
<msg timestamp="20230602 09:38:15.117" level="INFO" html="true">Removed file '&lt;a href="file:///Users/runner/work/rfswarm/rfswarm/Tests/Regression/Reporter/Logs/macos-latest_3.10/Reporter.GUIBasic-screenshot-3.png"&gt;/Users/runner/work/rfswarm/rfswarm/Tests/Regression/Reporter/Logs/macos-latest_3.10/Reporter.GUIBasic-screenshot-3.png&lt;/a&gt;'.</msg>
<msg timestamp="20230602 09:38:15.117" level="INFO" html="true">Removed file '&lt;a href="file:///Users/runner/work/rfswarm/rfswarm/Tests/Regression/Reporter/Logs/macos-latest_3.10/Reporter.GUIBasic-screenshot-10.png"&gt;/Users/runner/work/rfswarm/rfswarm/Tests/Regression/Reporter/Logs/macos-latest_3.10/Reporter.GUIBasic-screenshot-10.png&lt;/a&gt;'.</msg>
<msg timestamp="20230602 09:38:15.118" level="INFO" html="true">Removed file '&lt;a href="file:///Users/runner/work/rfswarm/rfswarm/Tests/Regression/Reporter/Logs/macos-latest_3.10/Reporter.GUIBasic-screenshot-14.png"&gt;/Users/runner/work/rfswarm/rfswarm/Tests/Regression/Reporter/Logs/macos-latest_3.10/Reporter.GUIBasic-screenshot-14.png&lt;/a&gt;'.</msg>
<msg timestamp="20230602 09:38:15.118" level="INFO" html="true">Removed file '&lt;a href="file:///Users/runner/work/rfswarm/rfswarm/Tests/Regression/Reporter/Logs/macos-latest_3.10/Reporter.GUIBasic-screenshot-7.png"&gt;/Users/runner/work/rfswarm/rfswarm/Tests/Regression/Reporter/Logs/macos-latest_3.10/Reporter.GUIBasic-screenshot-7.png&lt;/a&gt;'.</msg>
<msg timestamp="20230602 09:38:15.118" level="INFO" html="true">Removed file '&lt;a href="file:///Users/runner/work/rfswarm/rfswarm/Tests/Regression/Reporter/Logs/macos-latest_3.10/Reporter.GUIBasic-screenshot-6.png"&gt;/Users/runner/work/rfswarm/rfswarm/Tests/Regression/Reporter/Logs/macos-latest_3.10/Reporter.GUIBasic-screenshot-6.png&lt;/a&gt;'.</msg>
<msg timestamp="20230602 09:38:15.118" level="INFO" html="true">Removed file '&lt;a href="file:///Users/runner/work/rfswarm/rfswarm/Tests/Regression/Reporter/Logs/macos-latest_3.10/Reporter.GUIBasic-screenshot-15.png"&gt;/Users/runner/work/rfswarm/rfswarm/Tests/Regression/Reporter/Logs/macos-latest_3.10/Reporter.GUIBasic-screenshot-15.png&lt;/a&gt;'.</msg>
<msg timestamp="20230602 09:38:15.118" level="INFO" html="true">Removed file '&lt;a href="file:///Users/runner/work/rfswarm/rfswarm/Tests/Regression/Reporter/Logs/macos-latest_3.10/Reporter.GUIBasic-screenshot-17.png"&gt;/Users/runner/work/rfswarm/rfswarm/Tests/Regression/Reporter/Logs/macos-latest_3.10/Reporter.GUIBasic-screenshot-17.png&lt;/a&gt;'.</msg>
<msg timestamp="20230602 09:38:15.119" level="INFO" html="true">Removed file '&lt;a href="file:///Users/runner/work/rfswarm/rfswarm/Tests/Regression/Reporter/Logs/macos-latest_3.10/Reporter.GUIBasic-screenshot-4.png"&gt;/Users/runner/work/rfswarm/rfswarm/Tests/Regression/Reporter/Logs/macos-latest_3.10/Reporter.GUIBasic-screenshot-4.png&lt;/a&gt;'.</msg>
<msg timestamp="20230602 09:38:15.119" level="INFO" html="true">Removed file '&lt;a href="file:///Users/runner/work/rfswarm/rfswarm/Tests/Regression/Reporter/Logs/macos-latest_3.10/Reporter.GUIBasic-screenshot-5.png"&gt;/Users/runner/work/rfswarm/rfswarm/Tests/Regression/Reporter/Logs/macos-latest_3.10/Reporter.GUIBasic-screenshot-5.png&lt;/a&gt;'.</msg>
<msg timestamp="20230602 09:38:15.119" level="INFO" html="true">Removed file '&lt;a href="file:///Users/runner/work/rfswarm/rfswarm/Tests/Regression/Reporter/Logs/macos-latest_3.10/Reporter.GUIBasic-screenshot-16.png"&gt;/Users/runner/work/rfswarm/rfswarm/Tests/Regression/Reporter/Logs/macos-latest_3.10/Reporter.GUIBasic-screenshot-16.png&lt;/a&gt;'.</msg>
<status status="PASS" starttime="20230602 09:38:15.114" endtime="20230602 09:38:15.119"/>
</kw>
<status status="PASS" starttime="20230602 09:38:15.112" endtime="20230602 09:38:15.119"/>
</kw>
<test id="s1-s1-t1" name="Reporter Version" line="16">
<kw name="Run" library="OperatingSystem">
<var>${result}</var>
<arg>python3 ${EXECDIR}${/}rfswarm_reporter${/}rfswarm_reporter.py -v</arg>
<doc>Runs the given command in the system and returns the output.</doc>
<msg timestamp="20230602 09:38:15.123" level="INFO">Running command 'python3 /Users/runner/work/rfswarm/rfswarm/rfswarm_reporter/rfswarm_reporter.py -v 2&gt;&amp;1'.</msg>
<msg timestamp="20230602 09:38:28.205" level="INFO">${result} = Robot Framework Swarm: Reporter 
	Version 1.1.3 </msg>
<status status="PASS" starttime="20230602 09:38:15.120" endtime="20230602 09:38:28.205"/>
</kw>
<kw name="Log To Console" library="BuiltIn">
<arg>${\n}${result}</arg>
<doc>Logs the given message to the console.</doc>
<status status="PASS" starttime="20230602 09:38:28.205" endtime="20230602 09:38:28.206"/>
</kw>
<kw name="Should Contain" library="BuiltIn">
<arg>${result}</arg>
<arg>Version</arg>
<doc>Fails if ``container`` does not contain ``item`` one or more times.</doc>
<status status="PASS" starttime="20230602 09:38:28.206" endtime="20230602 09:38:28.206"/>
</kw>
<kw name="Should Contain" library="BuiltIn">
<arg>${result}</arg>
<arg>Reporter</arg>
<doc>Fails if ``container`` does not contain ``item`` one or more times.</doc>
<status status="PASS" starttime="20230602 09:38:28.206" endtime="20230602 09:38:28.207"/>
</kw>
<tag>macos-latest</tag>
<tag>ubuntu-latest</tag>
<tag>windows-latest</tag>
<status status="PASS" starttime="20230602 09:38:15.120" endtime="20230602 09:38:28.207"/>
</test>
<test id="s1-s1-t2" name="Reporter Help" line="23">
<kw name="Run" library="OperatingSystem">
<var>${result}</var>
<arg>python3 ${EXECDIR}${/}rfswarm_reporter${/}rfswarm_reporter.py -h</arg>
<doc>Runs the given command in the system and returns the output.</doc>
<msg timestamp="20230602 09:38:28.213" level="INFO">Running command 'python3 /Users/runner/work/rfswarm/rfswarm/rfswarm_reporter/rfswarm_reporter.py -h 2&gt;&amp;1'.</msg>
<msg timestamp="20230602 09:38:29.301" level="INFO">${result} = Robot Framework Swarm: Reporter 
	Version 1.1.3 
usage: rfswarm_reporter.py [-h] [-g DEBUG] [-v] [-i INI] [-n] [-d DIR]
                           [-t TEMPLATE] [--html] [--docx] [--xlsx]

options:
  ...</msg>
<status status="PASS" starttime="20230602 09:38:28.208" endtime="20230602 09:38:29.301"/>
</kw>
<kw name="Log To Console" library="BuiltIn">
<arg>${\n}${result}</arg>
<doc>Logs the given message to the console.</doc>
<status status="PASS" starttime="20230602 09:38:29.301" endtime="20230602 09:38:29.302"/>
</kw>
<kw name="Should Contain" library="BuiltIn">
<arg>${result}</arg>
<arg>Excel</arg>
<doc>Fails if ``container`` does not contain ``item`` one or more times.</doc>
<status status="PASS" starttime="20230602 09:38:29.302" endtime="20230602 09:38:29.303"/>
</kw>
<tag>macos-latest</tag>
<tag>ubuntu-latest</tag>
<tag>windows-latest</tag>
<status status="PASS" starttime="20230602 09:38:28.207" endtime="20230602 09:38:29.303"/>
</test>
<test id="s1-s1-t3" name="Command Line Generate HTML" line="29">
<kw name="Set Variable" library="BuiltIn">
<var>${testdata}</var>
<arg>Issue-#144</arg>
<doc>Returns the given values which can then be assigned to a variables.</doc>
<msg timestamp="20230602 09:38:29.304" level="INFO">${testdata} = Issue-#144</msg>
<status status="PASS" starttime="20230602 09:38:29.304" endtime="20230602 09:38:29.304"/>
</kw>
<kw name="Set Variable" library="BuiltIn">
<var>${resultdata}</var>
<arg>20230320_185055_demo</arg>
<doc>Returns the given values which can then be assigned to a variables.</doc>
<msg timestamp="20230602 09:38:29.304" level="INFO">${resultdata} = 20230320_185055_demo</msg>
<status status="PASS" starttime="20230602 09:38:29.304" endtime="20230602 09:38:29.304"/>
</kw>
<kw name="Set Variable" library="BuiltIn">
<var>${basefolder}</var>
<arg>/Users/runner/work/rfswarm/rfswarm/Tests/Regression/Reporter${/}testdata${/}${testdata}</arg>
<doc>Returns the given values which can then be assigned to a variables.</doc>
<msg timestamp="20230602 09:38:29.305" level="INFO">${basefolder} = /Users/runner/work/rfswarm/rfswarm/Tests/Regression/Reporter/testdata/Issue-#144</msg>
<status status="PASS" starttime="20230602 09:38:29.304" endtime="20230602 09:38:29.305"/>
</kw>
<kw name="Should Exist" library="OperatingSystem">
<arg>${basefolder}</arg>
<doc>Fails unless the given path (file or directory) exists.</doc>
<msg timestamp="20230602 09:38:29.305" level="INFO" html="true">Path '&lt;a href="file:///Users/runner/work/rfswarm/rfswarm/Tests/Regression/Reporter/testdata/Issue-#144"&gt;/Users/runner/work/rfswarm/rfswarm/Tests/Regression/Reporter/testdata/Issue-#144&lt;/a&gt;' exists.</msg>
<status status="PASS" starttime="20230602 09:38:29.305" endtime="20230602 09:38:29.305"/>
</kw>
<kw name="Log" library="BuiltIn">
<arg>basefolder: ${basefolder}</arg>
<arg>console=True</arg>
<doc>Logs the given message with the given level.</doc>
<msg timestamp="20230602 09:38:29.306" level="INFO">basefolder: /Users/runner/work/rfswarm/rfswarm/Tests/Regression/Reporter/testdata/Issue-#144</msg>
<status status="PASS" starttime="20230602 09:38:29.306" endtime="20230602 09:38:29.306"/>
</kw>
<kw name="Set Variable" library="BuiltIn">
<var>${resultfolder}</var>
<arg>${basefolder}${/}${resultdata}</arg>
<doc>Returns the given values which can then be assigned to a variables.</doc>
<msg timestamp="20230602 09:38:29.306" level="INFO">${resultfolder} = /Users/runner/work/rfswarm/rfswarm/Tests/Regression/Reporter/testdata/Issue-#144/20230320_185055_demo</msg>
<status status="PASS" starttime="20230602 09:38:29.306" endtime="20230602 09:38:29.306"/>
</kw>
<kw name="Should Exist" library="OperatingSystem">
<arg>${resultfolder}</arg>
<doc>Fails unless the given path (file or directory) exists.</doc>
<msg timestamp="20230602 09:38:29.307" level="INFO" html="true">Path '&lt;a href="file:///Users/runner/work/rfswarm/rfswarm/Tests/Regression/Reporter/testdata/Issue-#144/20230320_185055_demo"&gt;/Users/runner/work/rfswarm/rfswarm/Tests/Regression/Reporter/testdata/Issue-#144/20230320_185055_demo&lt;/a&gt;' exists.</msg>
<status status="PASS" starttime="20230602 09:38:29.307" endtime="20230602 09:38:29.307"/>
</kw>
<kw name="Log" library="BuiltIn">
<arg>resultfolder: ${resultfolder}</arg>
<arg>console=True</arg>
<doc>Logs the given message with the given level.</doc>
<msg timestamp="20230602 09:38:29.307" level="INFO">resultfolder: /Users/runner/work/rfswarm/rfswarm/Tests/Regression/Reporter/testdata/Issue-#144/20230320_185055_demo</msg>
<status status="PASS" starttime="20230602 09:38:29.307" endtime="20230602 09:38:29.307"/>
</kw>
<kw name="Set Variable" library="BuiltIn">
<var>${template}</var>
<arg>${basefolder}${/}90%ileTemplate.template</arg>
<doc>Returns the given values which can then be assigned to a variables.</doc>
<msg timestamp="20230602 09:38:29.308" level="INFO">${template} = /Users/runner/work/rfswarm/rfswarm/Tests/Regression/Reporter/testdata/Issue-#144/90%ileTemplate.template</msg>
<status status="PASS" starttime="20230602 09:38:29.307" endtime="20230602 09:38:29.308"/>
</kw>
<kw name="Should Exist" library="OperatingSystem">
<arg>${template}</arg>
<doc>Fails unless the given path (file or directory) exists.</doc>
<msg timestamp="20230602 09:38:29.308" level="INFO" html="true">Path '&lt;a href="file:///Users/runner/work/rfswarm/rfswarm/Tests/Regression/Reporter/testdata/Issue-#144/90%ileTemplate.template"&gt;/Users/runner/work/rfswarm/rfswarm/Tests/Regression/Reporter/testdata/Issue-#144/90%ileTemplate.template&lt;/a&gt;' exists.</msg>
<status status="PASS" starttime="20230602 09:38:29.308" endtime="20230602 09:38:29.308"/>
</kw>
<kw name="Log" library="BuiltIn">
<arg>template: ${template}</arg>
<arg>console=True</arg>
<doc>Logs the given message with the given level.</doc>
<msg timestamp="20230602 09:38:29.309" level="INFO">template: /Users/runner/work/rfswarm/rfswarm/Tests/Regression/Reporter/testdata/Issue-#144/90%ileTemplate.template</msg>
<status status="PASS" starttime="20230602 09:38:29.308" endtime="20230602 09:38:29.309"/>
</kw>
<kw name="Run" library="OperatingSystem">
<var>${result}</var>
<arg>python3 ${pyfile} -n -g 1 -d ${resultfolder} -t ${template} --html</arg>
<doc>Runs the given command in the system and returns the output.</doc>
<msg timestamp="20230602 09:38:29.314" level="INFO">Running command 'python3 /Users/runner/work/rfswarm/rfswarm/rfswarm_reporter/rfswarm_reporter.py -n -g 1 -d /Users/runner/work/rfswarm/rfswarm/Tests/Regression/Reporter/testdata/Issue-#144/20230320_185055_demo -t /Users/runner/work/rfswarm/rfswarm/Tests/Regression/Reporter/testdata/Issue-#144/90%ileTemplate.template --html 2&gt;&amp;1'.</msg>
<msg timestamp="20230602 09:38:36.792" level="INFO">${result} = </msg>
<status status="PASS" starttime="20230602 09:38:29.309" endtime="20230602 09:38:36.792"/>
</kw>
<kw name="Log" library="BuiltIn">
<arg>result: ${\n}${result}</arg>
<arg>console=True</arg>
<doc>Logs the given message with the given level.</doc>
<msg timestamp="20230602 09:38:36.793" level="INFO">result: 
</msg>
<status status="PASS" starttime="20230602 09:38:36.792" endtime="20230602 09:38:36.793"/>
</kw>
<kw name="Should Not Contain" library="BuiltIn">
<arg>${result}</arg>
<arg>Traceback</arg>
<doc>Fails if ``container`` contains ``item`` one or more times.</doc>
<status status="PASS" starttime="20230602 09:38:36.794" endtime="20230602 09:38:36.794"/>
</kw>
<kw name="Should Exist" library="OperatingSystem">
<arg>${resultfolder}${/}${resultdata}.html</arg>
<doc>Fails unless the given path (file or directory) exists.</doc>
<msg timestamp="20230602 09:38:36.795" level="INFO" html="true">Path '&lt;a href="file:///Users/runner/work/rfswarm/rfswarm/Tests/Regression/Reporter/testdata/Issue-#144/20230320_185055_demo/20230320_185055_demo.html"&gt;/Users/runner/work/rfswarm/rfswarm/Tests/Regression/Reporter/testdata/Issue-#144/20230320_185055_demo/20230320_185055_demo.html&lt;/a&gt;' exists.</msg>
<status status="PASS" starttime="20230602 09:38:36.794" endtime="20230602 09:38:36.795"/>
</kw>
<tag>HTML</tag>
<tag>Issue #144</tag>
<tag>macos-latest</tag>
<tag>ubuntu-latest</tag>
<tag>windows-latest</tag>
<status status="PASS" starttime="20230602 09:38:29.303" endtime="20230602 09:38:36.795"/>
</test>
<test id="s1-s1-t4" name="Command Line Generate Docx" line="47">
<kw name="Set Variable" library="BuiltIn">
<var>${testdata}</var>
<arg>Issue-#144</arg>
<doc>Returns the given values which can then be assigned to a variables.</doc>
<msg timestamp="20230602 09:38:36.796" level="INFO">${testdata} = Issue-#144</msg>
<status status="PASS" starttime="20230602 09:38:36.796" endtime="20230602 09:38:36.796"/>
</kw>
<kw name="Set Variable" library="BuiltIn">
<var>${resultdata}</var>
<arg>20230320_185055_demo</arg>
<doc>Returns the given values which can then be assigned to a variables.</doc>
<msg timestamp="20230602 09:38:36.797" level="INFO">${resultdata} = 20230320_185055_demo</msg>
<status status="PASS" starttime="20230602 09:38:36.797" endtime="20230602 09:38:36.797"/>
</kw>
<kw name="Set Variable" library="BuiltIn">
<var>${basefolder}</var>
<arg>/Users/runner/work/rfswarm/rfswarm/Tests/Regression/Reporter${/}testdata${/}${testdata}</arg>
<doc>Returns the given values which can then be assigned to a variables.</doc>
<msg timestamp="20230602 09:38:36.798" level="INFO">${basefolder} = /Users/runner/work/rfswarm/rfswarm/Tests/Regression/Reporter/testdata/Issue-#144</msg>
<status status="PASS" starttime="20230602 09:38:36.797" endtime="20230602 09:38:36.798"/>
</kw>
<kw name="Should Exist" library="OperatingSystem">
<arg>${basefolder}</arg>
<doc>Fails unless the given path (file or directory) exists.</doc>
<msg timestamp="20230602 09:38:36.798" level="INFO" html="true">Path '&lt;a href="file:///Users/runner/work/rfswarm/rfswarm/Tests/Regression/Reporter/testdata/Issue-#144"&gt;/Users/runner/work/rfswarm/rfswarm/Tests/Regression/Reporter/testdata/Issue-#144&lt;/a&gt;' exists.</msg>
<status status="PASS" starttime="20230602 09:38:36.798" endtime="20230602 09:38:36.798"/>
</kw>
<kw name="Log To Console" library="BuiltIn">
<arg>basefolder: ${basefolder}</arg>
<arg>console=True</arg>
<doc>Logs the given message to the console.</doc>
<status status="PASS" starttime="20230602 09:38:36.798" endtime="20230602 09:38:36.799"/>
</kw>
<kw name="Set Variable" library="BuiltIn">
<var>${resultfolder}</var>
<arg>${basefolder}${/}${resultdata}</arg>
<doc>Returns the given values which can then be assigned to a variables.</doc>
<msg timestamp="20230602 09:38:36.799" level="INFO">${resultfolder} = /Users/runner/work/rfswarm/rfswarm/Tests/Regression/Reporter/testdata/Issue-#144/20230320_185055_demo</msg>
<status status="PASS" starttime="20230602 09:38:36.799" endtime="20230602 09:38:36.799"/>
</kw>
<kw name="Should Exist" library="OperatingSystem">
<arg>${resultfolder}</arg>
<doc>Fails unless the given path (file or directory) exists.</doc>
<msg timestamp="20230602 09:38:36.800" level="INFO" html="true">Path '&lt;a href="file:///Users/runner/work/rfswarm/rfswarm/Tests/Regression/Reporter/testdata/Issue-#144/20230320_185055_demo"&gt;/Users/runner/work/rfswarm/rfswarm/Tests/Regression/Reporter/testdata/Issue-#144/20230320_185055_demo&lt;/a&gt;' exists.</msg>
<status status="PASS" starttime="20230602 09:38:36.799" endtime="20230602 09:38:36.800"/>
</kw>
<kw name="Log" library="BuiltIn">
<arg>resultfolder: ${resultfolder}</arg>
<arg>console=True</arg>
<doc>Logs the given message with the given level.</doc>
<msg timestamp="20230602 09:38:36.800" level="INFO">resultfolder: /Users/runner/work/rfswarm/rfswarm/Tests/Regression/Reporter/testdata/Issue-#144/20230320_185055_demo</msg>
<status status="PASS" starttime="20230602 09:38:36.800" endtime="20230602 09:38:36.800"/>
</kw>
<kw name="Set Variable" library="BuiltIn">
<var>${template}</var>
<arg>${basefolder}${/}90%ileTemplate.template</arg>
<doc>Returns the given values which can then be assigned to a variables.</doc>
<msg timestamp="20230602 09:38:36.801" level="INFO">${template} = /Users/runner/work/rfswarm/rfswarm/Tests/Regression/Reporter/testdata/Issue-#144/90%ileTemplate.template</msg>
<status status="PASS" starttime="20230602 09:38:36.800" endtime="20230602 09:38:36.801"/>
</kw>
<kw name="Should Exist" library="OperatingSystem">
<arg>${template}</arg>
<doc>Fails unless the given path (file or directory) exists.</doc>
<msg timestamp="20230602 09:38:36.801" level="INFO" html="true">Path '&lt;a href="file:///Users/runner/work/rfswarm/rfswarm/Tests/Regression/Reporter/testdata/Issue-#144/90%ileTemplate.template"&gt;/Users/runner/work/rfswarm/rfswarm/Tests/Regression/Reporter/testdata/Issue-#144/90%ileTemplate.template&lt;/a&gt;' exists.</msg>
<status status="PASS" starttime="20230602 09:38:36.801" endtime="20230602 09:38:36.801"/>
</kw>
<kw name="Log" library="BuiltIn">
<arg>template: ${template}</arg>
<arg>console=True</arg>
<doc>Logs the given message with the given level.</doc>
<msg timestamp="20230602 09:38:36.802" level="INFO">template: /Users/runner/work/rfswarm/rfswarm/Tests/Regression/Reporter/testdata/Issue-#144/90%ileTemplate.template</msg>
<status status="PASS" starttime="20230602 09:38:36.801" endtime="20230602 09:38:36.802"/>
</kw>
<kw name="Run" library="OperatingSystem">
<var>${result}</var>
<arg>python3 ${pyfile} -n -g 1 -d ${resultfolder} -t ${template} --docx</arg>
<doc>Runs the given command in the system and returns the output.</doc>
<msg timestamp="20230602 09:38:36.807" level="INFO">Running command 'python3 /Users/runner/work/rfswarm/rfswarm/rfswarm_reporter/rfswarm_reporter.py -n -g 1 -d /Users/runner/work/rfswarm/rfswarm/Tests/Regression/Reporter/testdata/Issue-#144/20230320_185055_demo -t /Users/runner/work/rfswarm/rfswarm/Tests/Regression/Reporter/testdata/Issue-#144/90%ileTemplate.template --docx 2&gt;&amp;1'.</msg>
<msg timestamp="20230602 09:38:45.803" level="INFO">${result} = </msg>
<status status="PASS" starttime="20230602 09:38:36.802" endtime="20230602 09:38:45.803"/>
</kw>
<kw name="Log" library="BuiltIn">
<arg>${\n}${result}</arg>
<arg>console=True</arg>
<doc>Logs the given message with the given level.</doc>
<msg timestamp="20230602 09:38:45.804" level="INFO">
</msg>
<status status="PASS" starttime="20230602 09:38:45.803" endtime="20230602 09:38:45.804"/>
</kw>
<kw name="Should Not Contain" library="BuiltIn">
<arg>${result}</arg>
<arg>Traceback</arg>
<doc>Fails if ``container`` contains ``item`` one or more times.</doc>
<status status="PASS" starttime="20230602 09:38:45.804" endtime="20230602 09:38:45.805"/>
</kw>
<kw name="Should Exist" library="OperatingSystem">
<arg>${resultfolder}${/}${resultdata}.docx</arg>
<doc>Fails unless the given path (file or directory) exists.</doc>
<msg timestamp="20230602 09:38:45.805" level="INFO" html="true">Path '&lt;a href="file:///Users/runner/work/rfswarm/rfswarm/Tests/Regression/Reporter/testdata/Issue-#144/20230320_185055_demo/20230320_185055_demo.docx"&gt;/Users/runner/work/rfswarm/rfswarm/Tests/Regression/Reporter/testdata/Issue-#144/20230320_185055_demo/20230320_185055_demo.docx&lt;/a&gt;' exists.</msg>
<status status="PASS" starttime="20230602 09:38:45.805" endtime="20230602 09:38:45.805"/>
</kw>
<tag>DOCX</tag>
<tag>Issue #144</tag>
<tag>macos-latest</tag>
<tag>ubuntu-latest</tag>
<tag>windows-latest</tag>
<status status="PASS" starttime="20230602 09:38:36.795" endtime="20230602 09:38:45.806"/>
</test>
<test id="s1-s1-t5" name="Command Line Generate Xlsx" line="65">
<kw name="Set Variable" library="BuiltIn">
<var>${testdata}</var>
<arg>Issue-#144</arg>
<doc>Returns the given values which can then be assigned to a variables.</doc>
<msg timestamp="20230602 09:38:45.807" level="INFO">${testdata} = Issue-#144</msg>
<status status="PASS" starttime="20230602 09:38:45.807" endtime="20230602 09:38:45.807"/>
</kw>
<kw name="Set Variable" library="BuiltIn">
<var>${resultdata}</var>
<arg>20230320_185055_demo</arg>
<doc>Returns the given values which can then be assigned to a variables.</doc>
<msg timestamp="20230602 09:38:45.807" level="INFO">${resultdata} = 20230320_185055_demo</msg>
<status status="PASS" starttime="20230602 09:38:45.807" endtime="20230602 09:38:45.807"/>
</kw>
<kw name="Set Variable" library="BuiltIn">
<var>${basefolder}</var>
<arg>/Users/runner/work/rfswarm/rfswarm/Tests/Regression/Reporter${/}testdata${/}${testdata}</arg>
<doc>Returns the given values which can then be assigned to a variables.</doc>
<msg timestamp="20230602 09:38:45.808" level="INFO">${basefolder} = /Users/runner/work/rfswarm/rfswarm/Tests/Regression/Reporter/testdata/Issue-#144</msg>
<status status="PASS" starttime="20230602 09:38:45.807" endtime="20230602 09:38:45.808"/>
</kw>
<kw name="Should Exist" library="OperatingSystem">
<arg>${basefolder}</arg>
<doc>Fails unless the given path (file or directory) exists.</doc>
<msg timestamp="20230602 09:38:45.808" level="INFO" html="true">Path '&lt;a href="file:///Users/runner/work/rfswarm/rfswarm/Tests/Regression/Reporter/testdata/Issue-#144"&gt;/Users/runner/work/rfswarm/rfswarm/Tests/Regression/Reporter/testdata/Issue-#144&lt;/a&gt;' exists.</msg>
<status status="PASS" starttime="20230602 09:38:45.808" endtime="20230602 09:38:45.808"/>
</kw>
<kw name="Log" library="BuiltIn">
<arg>basefolder: ${basefolder}</arg>
<arg>console=True</arg>
<doc>Logs the given message with the given level.</doc>
<msg timestamp="20230602 09:38:45.809" level="INFO">basefolder: /Users/runner/work/rfswarm/rfswarm/Tests/Regression/Reporter/testdata/Issue-#144</msg>
<status status="PASS" starttime="20230602 09:38:45.808" endtime="20230602 09:38:45.809"/>
</kw>
<kw name="Set Variable" library="BuiltIn">
<var>${resultfolder}</var>
<arg>${basefolder}${/}${resultdata}</arg>
<doc>Returns the given values which can then be assigned to a variables.</doc>
<msg timestamp="20230602 09:38:45.809" level="INFO">${resultfolder} = /Users/runner/work/rfswarm/rfswarm/Tests/Regression/Reporter/testdata/Issue-#144/20230320_185055_demo</msg>
<status status="PASS" starttime="20230602 09:38:45.809" endtime="20230602 09:38:45.809"/>
</kw>
<kw name="Should Exist" library="OperatingSystem">
<arg>${resultfolder}</arg>
<doc>Fails unless the given path (file or directory) exists.</doc>
<msg timestamp="20230602 09:38:45.810" level="INFO" html="true">Path '&lt;a href="file:///Users/runner/work/rfswarm/rfswarm/Tests/Regression/Reporter/testdata/Issue-#144/20230320_185055_demo"&gt;/Users/runner/work/rfswarm/rfswarm/Tests/Regression/Reporter/testdata/Issue-#144/20230320_185055_demo&lt;/a&gt;' exists.</msg>
<status status="PASS" starttime="20230602 09:38:45.810" endtime="20230602 09:38:45.810"/>
</kw>
<kw name="Log" library="BuiltIn">
<arg>resultfolder: ${resultfolder}</arg>
<arg>console=True</arg>
<doc>Logs the given message with the given level.</doc>
<msg timestamp="20230602 09:38:45.810" level="INFO">resultfolder: /Users/runner/work/rfswarm/rfswarm/Tests/Regression/Reporter/testdata/Issue-#144/20230320_185055_demo</msg>
<status status="PASS" starttime="20230602 09:38:45.810" endtime="20230602 09:38:45.810"/>
</kw>
<kw name="Set Variable" library="BuiltIn">
<var>${template}</var>
<arg>${basefolder}${/}90%ileTemplate.template</arg>
<doc>Returns the given values which can then be assigned to a variables.</doc>
<msg timestamp="20230602 09:38:45.811" level="INFO">${template} = /Users/runner/work/rfswarm/rfswarm/Tests/Regression/Reporter/testdata/Issue-#144/90%ileTemplate.template</msg>
<status status="PASS" starttime="20230602 09:38:45.810" endtime="20230602 09:38:45.811"/>
</kw>
<kw name="Should Exist" library="OperatingSystem">
<arg>${template}</arg>
<doc>Fails unless the given path (file or directory) exists.</doc>
<msg timestamp="20230602 09:38:45.811" level="INFO" html="true">Path '&lt;a href="file:///Users/runner/work/rfswarm/rfswarm/Tests/Regression/Reporter/testdata/Issue-#144/90%ileTemplate.template"&gt;/Users/runner/work/rfswarm/rfswarm/Tests/Regression/Reporter/testdata/Issue-#144/90%ileTemplate.template&lt;/a&gt;' exists.</msg>
<status status="PASS" starttime="20230602 09:38:45.811" endtime="20230602 09:38:45.811"/>
</kw>
<kw name="Log" library="BuiltIn">
<arg>template: ${template}</arg>
<arg>console=True</arg>
<doc>Logs the given message with the given level.</doc>
<msg timestamp="20230602 09:38:45.812" level="INFO">template: /Users/runner/work/rfswarm/rfswarm/Tests/Regression/Reporter/testdata/Issue-#144/90%ileTemplate.template</msg>
<status status="PASS" starttime="20230602 09:38:45.811" endtime="20230602 09:38:45.812"/>
</kw>
<kw name="Run" library="OperatingSystem">
<var>${result}</var>
<arg>python3 ${pyfile} -n -g 1 -d ${resultfolder} -t ${template} --xlsx</arg>
<doc>Runs the given command in the system and returns the output.</doc>
<msg timestamp="20230602 09:38:45.815" level="INFO">Running command 'python3 /Users/runner/work/rfswarm/rfswarm/rfswarm_reporter/rfswarm_reporter.py -n -g 1 -d /Users/runner/work/rfswarm/rfswarm/Tests/Regression/Reporter/testdata/Issue-#144/20230320_185055_demo -t /Users/runner/work/rfswarm/rfswarm/Tests/Regression/Reporter/testdata/Issue-#144/90%ileTemplate.template --xlsx 2&gt;&amp;1'.</msg>
<msg timestamp="20230602 09:38:53.436" level="INFO">${result} = </msg>
<status status="PASS" starttime="20230602 09:38:45.812" endtime="20230602 09:38:53.436"/>
</kw>
<kw name="Log" library="BuiltIn">
<arg>${\n}${result}</arg>
<arg>console=True</arg>
<doc>Logs the given message with the given level.</doc>
<msg timestamp="20230602 09:38:53.437" level="INFO">
</msg>
<status status="PASS" starttime="20230602 09:38:53.436" endtime="20230602 09:38:53.437"/>
</kw>
<kw name="Should Not Contain" library="BuiltIn">
<arg>${result}</arg>
<arg>Traceback</arg>
<doc>Fails if ``container`` contains ``item`` one or more times.</doc>
<status status="PASS" starttime="20230602 09:38:53.438" endtime="20230602 09:38:53.438"/>
</kw>
<kw name="Should Exist" library="OperatingSystem">
<arg>${resultfolder}${/}${resultdata}.xlsx</arg>
<doc>Fails unless the given path (file or directory) exists.</doc>
<msg timestamp="20230602 09:38:53.438" level="INFO" html="true">Path '&lt;a href="file:///Users/runner/work/rfswarm/rfswarm/Tests/Regression/Reporter/testdata/Issue-#144/20230320_185055_demo/20230320_185055_demo.xlsx"&gt;/Users/runner/work/rfswarm/rfswarm/Tests/Regression/Reporter/testdata/Issue-#144/20230320_185055_demo/20230320_185055_demo.xlsx&lt;/a&gt;' exists.</msg>
<status status="PASS" starttime="20230602 09:38:53.438" endtime="20230602 09:38:53.438"/>
</kw>
<tag>Issue #144</tag>
<tag>macos-latest</tag>
<tag>ubuntu-latest</tag>
<tag>windows-latest</tag>
<tag>XLSX</tag>
<status status="PASS" starttime="20230602 09:38:45.806" endtime="20230602 09:38:53.439"/>
</test>
<status status="PASS" starttime="20230602 09:38:15.091" endtime="20230602 09:38:53.440"/>
</suite>
<suite id="s1-s2" name="GUI Basic" source="/Users/runner/work/rfswarm/rfswarm/Tests/Regression/Reporter/GUI_Basic.robot">
<test id="s1-s2-t1" name="GUI Runs and Closes" line="19">
<kw name="Open GUI">
<kw name="Get Variables" library="BuiltIn">
<var>${var}</var>
<doc>Returns a dictionary containing all variables in the current scope.</doc>
<msg timestamp="20230602 09:39:03.140" level="INFO">${var} = {'${/}': '/', '${:}': ':', '${\\n}': '\n', '${DEBUG_FILE}': 'NONE', '${EXECDIR}': '/Users/runner/work/rfswarm/rfswarm', '${False}': False, '${IMAGE_DIR}': '/Users/runner/work/rfswarm/rfswarm/Tests/Reg...</msg>
<status status="PASS" starttime="20230602 09:39:03.138" endtime="20230602 09:39:03.140"/>
</kw>
<kw name="Log" library="BuiltIn">
<arg>${var}</arg>
<doc>Logs the given message with the given level.</doc>
<msg timestamp="20230602 09:39:03.141" level="INFO">{'${/}': '/', '${:}': ':', '${\\n}': '\n', '${DEBUG_FILE}': 'NONE', '${EXECDIR}': '/Users/runner/work/rfswarm/rfswarm', '${False}': False, '${IMAGE_DIR}': '/Users/runner/work/rfswarm/rfswarm/Tests/Regression/Reporter/Images/file_method', '${LOG_FILE}': '/Users/runner/work/rfswarm/rfswarm/Tests/Regression/Reporter/Logs/macos-latest_3.10/log.html', '${LOG_LEVEL}': 'INFO', '${None}': None, '${null}': None, '${OUTPUT_DIR}': '/Users/runner/work/rfswarm/rfswarm/Tests/Regression/Reporter/Logs/macos-latest_3.10', '${OUTPUT_FILE}': '/Users/runner/work/rfswarm/rfswarm/Tests/Regression/Reporter/Logs/macos-latest_3.10/output.xml', '${PREV_TEST_MESSAGE}': '', '${PREV_TEST_NAME}': 'Command Line Generate Xlsx', '${PREV_TEST_STATUS}': 'PASS', '${process}': 'None', '${pyfile}': '/Users/runner/work/rfswarm/rfswarm/rfswarm_reporter/rfswarm_reporter.py', '${REPORT_FILE}': '/Users/runner/work/rfswarm/rfswarm/Tests/Regression/Reporter/Logs/macos-latest_3.10/report.html', '${SPACE}': ' ', '${sssleep}': '0.5', '${SUITE_DOCUMENTATION}': '', '${SUITE_NAME}': 'Reporter.GUI Basic', '${SUITE_SOURCE}': '/Users/runner/work/rfswarm/rfswarm/Tests/Regression/Reporter/GUI_Basic.robot', '${TEMPDIR}': '/var/folders/24/8k48jl6d249_n_qfxwsl6xvm0000gn/T', '${TEST_DOCUMENTATION}': '', '${TEST_NAME}': 'GUI Runs and Closes', '${True}': True, '&amp;{OPTIONS}': {'include': ['macos-latest'], 'exclude': [], 'skip': [], 'skip_on_failure': []}, '&amp;{SUITE_METADATA}': &lt;robot.utils.normalizing.NormalizedDict object at 0x10dec2830&gt;, '@{appargs}': [], '@{TEST_TAGS}': ['macos-latest', 'ubuntu-latest', 'windows-latest']}</msg>
<status status="PASS" starttime="20230602 09:39:03.140" endtime="20230602 09:39:03.141"/>
</kw>
<kw name="Get Platform">
<kw name="Create Dictionary" library="BuiltIn">
<var>&amp;{platforms}</var>
<arg>Linux=ubuntu</arg>
<arg>Darwin=macos</arg>
<arg>Java=notsupported</arg>
<arg>Windows=windows</arg>
<doc>Creates and returns a dictionary based on the given ``items``.</doc>
<msg timestamp="20230602 09:39:03.142" level="INFO">&amp;{platforms} = { Linux=ubuntu | Darwin=macos | Java=notsupported | Windows=windows }</msg>
<status status="PASS" starttime="20230602 09:39:03.141" endtime="20230602 09:39:03.142"/>
</kw>
<kw name="Evaluate" library="BuiltIn">
<var>${os}</var>
<arg>platform.system()</arg>
<arg>platform</arg>
<doc>Evaluates the given expression in Python and returns the result.</doc>
<msg timestamp="20230602 09:39:03.143" level="INFO">${os} = Darwin</msg>
<status status="PASS" starttime="20230602 09:39:03.142" endtime="20230602 09:39:03.143"/>
</kw>
<kw name="Set Suite Variable" library="BuiltIn">
<arg>${platform}</arg>
<arg>${platforms}[${os}]</arg>
<doc>Makes a variable available everywhere within the scope of the current suite.</doc>
<msg timestamp="20230602 09:39:03.144" level="INFO">${platform} = macos</msg>
<status status="PASS" starttime="20230602 09:39:03.143" endtime="20230602 09:39:03.144"/>
</kw>
<status status="PASS" starttime="20230602 09:39:03.141" endtime="20230602 09:39:03.144"/>
</kw>
<kw name="Set Variable" library="BuiltIn">
<var>${keyword}</var>
<arg>Open GUI ${platform}</arg>
<doc>Returns the given values which can then be assigned to a variables.</doc>
<msg timestamp="20230602 09:39:03.145" level="INFO">${keyword} = Open GUI macos</msg>
<status status="PASS" starttime="20230602 09:39:03.145" endtime="20230602 09:39:03.145"/>
</kw>
<kw name="Run Keyword" library="BuiltIn">
<arg>${keyword}</arg>
<arg>@{appargs}</arg>
<doc>Executes the given keyword with the given arguments.</doc>
<kw name="Open GUI macos">
<arg>@{appargs}</arg>
<kw name="Set Suite Variable" library="BuiltIn">
<arg>${platform}</arg>
<arg>macos</arg>
<doc>Makes a variable available everywhere within the scope of the current suite.</doc>
<msg timestamp="20230602 09:39:03.155" level="INFO">${platform} = macos</msg>
<status status="PASS" starttime="20230602 09:39:03.154" endtime="20230602 09:39:03.155"/>
</kw>
<kw name="Set Confidence" library="ImageHorizonLibrary">
<arg>0.9</arg>
<doc>Sets the accuracy when finding images.</doc>
<status status="PASS" starttime="20230602 09:39:03.155" endtime="20230602 09:39:03.155"/>
</kw>
<kw name="Start Process" library="Process">
<var>${process}</var>
<arg>python3</arg>
<arg>${pyfile}</arg>
<arg>-g</arg>
<arg>5</arg>
<arg>@{appargs}</arg>
<arg>alias=Reporter</arg>
<arg>stdout=${OUTPUT DIR}${/}stdout.txt</arg>
<arg>stderr=${OUTPUT DIR}${/}stderr.txt</arg>
<doc>Starts a new process on background.</doc>
<msg timestamp="20230602 09:39:03.157" level="INFO">Starting process:
python3 /Users/runner/work/rfswarm/rfswarm/rfswarm_reporter/rfswarm_reporter.py -g 5</msg>
<msg timestamp="20230602 09:39:03.170" level="INFO">${process} = &lt;Popen: returncode: None args: ['python3', '/Users/runner/work/rfswarm/rfswa...&gt;</msg>
<status status="PASS" starttime="20230602 09:39:03.156" endtime="20230602 09:39:03.170"/>
</kw>
<kw name="Set Suite Variable" library="BuiltIn">
<arg>$process</arg>
<arg>${process}</arg>
<doc>Makes a variable available everywhere within the scope of the current suite.</doc>
<msg timestamp="20230602 09:39:03.172" level="INFO">${process} = &lt;Popen: returncode: None args: ['python3', '/Users/runner/work/rfswarm/rfswa...&gt;</msg>
<status status="PASS" starttime="20230602 09:39:03.171" endtime="20230602 09:39:03.172"/>
</kw>
<kw name="Set Screenshot Folder" library="ImageHorizonLibrary">
<arg>${OUTPUT DIR}</arg>
<doc>Sets the folder where screenshots are saved to.</doc>
<status status="PASS" starttime="20230602 09:39:03.172" endtime="20230602 09:39:03.173"/>
</kw>
<kw name="Take A Screenshot" library="ImageHorizonLibrary">
<doc>Takes a screenshot of the screen.</doc>
<msg timestamp="20230602 09:39:03.174" level="INFO" html="true">Screenshot taken: /Users/runner/work/rfswarm/rfswarm/Tests/Regression/Reporter/Logs/macos-latest_3.10/Reporter.GUIBasic-screenshot-1.png&lt;br/&gt;&lt;img src="/Users/runner/work/rfswarm/rfswarm/Tests/Regression/Reporter/Logs/macos-latest_3.10/Reporter.GUIBasic-screenshot-1.png" width="100%" /&gt;</msg>
<status status="PASS" starttime="20230602 09:39:03.174" endtime="20230602 09:39:03.525"/>
</kw>
<status status="PASS" starttime="20230602 09:39:03.153" endtime="20230602 09:39:03.526"/>
</kw>
<status status="PASS" starttime="20230602 09:39:03.145" endtime="20230602 09:39:03.526"/>
</kw>
<status status="PASS" starttime="20230602 09:39:03.138" endtime="20230602 09:39:03.526"/>
</kw>
<kw name="Wait For Status">
<arg>PreviewLoaded</arg>
<kw name="Convert To Lower Case" library="String">
<var>${statusl}</var>
<arg>${status}</arg>
<doc>Converts string to lower case.</doc>
<msg timestamp="20230602 09:39:03.528" level="INFO">${statusl} = previewloaded</msg>
<status status="PASS" starttime="20230602 09:39:03.527" endtime="20230602 09:39:03.528"/>
</kw>
<kw name="Set Variable" library="BuiltIn">
<var>${img}</var>
<arg>reporter_${platform}_status_${statusl}.png</arg>
<doc>Returns the given values which can then be assigned to a variables.</doc>
<msg timestamp="20230602 09:39:03.528" level="INFO">${img} = reporter_macos_status_previewloaded.png</msg>
<status status="PASS" starttime="20230602 09:39:03.528" endtime="20230602 09:39:03.528"/>
</kw>
<kw name="Log" library="BuiltIn">
<arg>/Users/runner/work/rfswarm/rfswarm/Tests/Regression/Reporter</arg>
<doc>Logs the given message with the given level.</doc>
<msg timestamp="20230602 09:39:03.528" level="INFO">/Users/runner/work/rfswarm/rfswarm/Tests/Regression/Reporter</msg>
<status status="PASS" starttime="20230602 09:39:03.528" endtime="20230602 09:39:03.528"/>
</kw>
<kw name="Log" library="BuiltIn">
<arg>${IMAGE_DIR}</arg>
<doc>Logs the given message with the given level.</doc>
<msg timestamp="20230602 09:39:03.529" level="INFO">/Users/runner/work/rfswarm/rfswarm/Tests/Regression/Reporter/Images/file_method</msg>
<status status="PASS" starttime="20230602 09:39:03.529" endtime="20230602 09:39:03.529"/>
</kw>
<kw name="Wait For" library="ImageHorizonLibrary">
<arg>${img}</arg>
<arg>timeout=${timeout}</arg>
<doc>Tries to locate given image from the screen for given time.</doc>
<kw name="Take A Screenshot" library="ImageHorizonLibrary">
<doc>Takes a screenshot of the screen.</doc>
<msg timestamp="20230602 09:44:03.666" level="INFO" html="true">Screenshot taken: /Users/runner/work/rfswarm/rfswarm/Tests/Regression/Reporter/Logs/macos-latest_3.10/Reporter.GUIBasic-screenshot-2.png&lt;br/&gt;&lt;img src="/Users/runner/work/rfswarm/rfswarm/Tests/Regression/Reporter/Logs/macos-latest_3.10/Reporter.GUIBasic-screenshot-2.png" width="100%" /&gt;</msg>
<status status="PASS" starttime="20230602 09:44:03.665" endtime="20230602 09:44:04.018"/>
</kw>
<msg timestamp="20230602 09:44:04.018" level="FAIL">ImageNotFoundException: Reference image "/Users/runner/work/rfswarm/rfswarm/Tests/Regression/Reporter/Images/file_method/reporter_macos_status_previewloaded.png" was not found on screen</msg>
<status status="FAIL" starttime="20230602 09:39:03.529" endtime="20230602 09:44:04.019"/>
</kw>
<kw name="Locate" library="ImageHorizonLibrary">
<var>@{coordinates}</var>
<arg>${img}</arg>
<doc>Locate image on screen.</doc>
<status status="NOT RUN" starttime="20230602 09:44:04.020" endtime="20230602 09:44:04.020"/>
</kw>
<kw name="Click Image" library="ImageHorizonLibrary">
<arg>${img}</arg>
<doc>Finds the reference image on screen and clicks it once.</doc>
<status status="NOT RUN" starttime="20230602 09:44:04.020" endtime="20230602 09:44:04.020"/>
</kw>
<kw name="Sleep" library="BuiltIn">
<arg>${sssleep}</arg>
<doc>Pauses the test executed for the given time.</doc>
<status status="NOT RUN" starttime="20230602 09:44:04.020" endtime="20230602 09:44:04.020"/>
</kw>
<kw name="Take A Screenshot" library="ImageHorizonLibrary">
<doc>Takes a screenshot of the screen.</doc>
<status status="NOT RUN" starttime="20230602 09:44:04.020" endtime="20230602 09:44:04.020"/>
</kw>
<status status="FAIL" starttime="20230602 09:39:03.526" endtime="20230602 09:44:04.021"/>
</kw>
<kw name="Close GUI" type="TEARDOWN">
<kw name="Set Variable" library="BuiltIn">
<var>${keyword}</var>
<arg>Close GUI ${platform}</arg>
<doc>Returns the given values which can then be assigned to a variables.</doc>
<msg timestamp="20230602 09:44:04.022" level="INFO">${keyword} = Close GUI macos</msg>
<status status="PASS" starttime="20230602 09:44:04.022" endtime="20230602 09:44:04.022"/>
</kw>
<if>
<branch type="IF" condition="${process}">
<kw name="Is Process Running" library="Process">
<var>${running}</var>
<arg>${process}</arg>
<doc>Checks is the process running or not.</doc>
<msg timestamp="20230602 09:44:04.023" level="INFO">${running} = True</msg>
<status status="PASS" starttime="20230602 09:44:04.023" endtime="20230602 09:44:04.023"/>
</kw>
<if>
<branch type="IF" condition="${running}">
<kw name="Run Keyword" library="BuiltIn">
<arg>${keyword}</arg>
<doc>Executes the given keyword with the given arguments.</doc>
<kw name="Close GUI macos">
<kw name="Click Image" library="ImageHorizonLibrary">
<arg>reporter_${platform}_button_closewindow.png</arg>
<doc>Finds the reference image on screen and clicks it once.</doc>
<msg timestamp="20230602 09:44:04.441" level="INFO">Image "/Users/runner/work/rfswarm/rfswarm/Tests/Regression/Reporter/Images/file_method/reporter_macos_button_closewindow.png" was not found on screen.</msg>
<kw name="Take A Screenshot" library="ImageHorizonLibrary">
<doc>Takes a screenshot of the screen.</doc>
<msg timestamp="20230602 09:44:04.443" level="INFO" html="true">Screenshot taken: /Users/runner/work/rfswarm/rfswarm/Tests/Regression/Reporter/Logs/macos-latest_3.10/Reporter.GUIBasic-screenshot-3.png&lt;br/&gt;&lt;img src="/Users/runner/work/rfswarm/rfswarm/Tests/Regression/Reporter/Logs/macos-latest_3.10/Reporter.GUIBasic-screenshot-3.png" width="100%" /&gt;</msg>
<status status="PASS" starttime="20230602 09:44:04.442" endtime="20230602 09:44:04.747"/>
</kw>
<msg timestamp="20230602 09:44:04.748" level="FAIL">ImageNotFoundException: Reference image "/Users/runner/work/rfswarm/rfswarm/Tests/Regression/Reporter/Images/file_method/reporter_macos_button_closewindow.png" was not found on screen</msg>
<status status="FAIL" starttime="20230602 09:44:04.030" endtime="20230602 09:44:04.748"/>
</kw>
<kw name="Take A Screenshot" library="ImageHorizonLibrary">
<doc>Takes a screenshot of the screen.</doc>
<msg timestamp="20230602 09:44:04.750" level="INFO" html="true">Screenshot taken: /Users/runner/work/rfswarm/rfswarm/Tests/Regression/Reporter/Logs/macos-latest_3.10/Reporter.GUIBasic-screenshot-4.png&lt;br/&gt;&lt;img src="/Users/runner/work/rfswarm/rfswarm/Tests/Regression/Reporter/Logs/macos-latest_3.10/Reporter.GUIBasic-screenshot-4.png" width="100%" /&gt;</msg>
<status status="PASS" starttime="20230602 09:44:04.749" endtime="20230602 09:44:05.106"/>
</kw>
<kw name="Sleep" library="BuiltIn">
<arg>0.5</arg>
<doc>Pauses the test executed for the given time.</doc>
<msg timestamp="20230602 09:44:05.652" level="INFO">Slept 500 milliseconds</msg>
<status status="PASS" starttime="20230602 09:44:05.106" endtime="20230602 09:44:05.652"/>
</kw>
<kw name="End Process If Still Running">
<kw name="Wait For Process" library="Process">
<var>${result}</var>
<arg>${process}</arg>
<arg>timeout=60</arg>
<doc>Waits for the process to complete or to reach the given timeout.</doc>
<msg timestamp="20230602 09:44:05.653" level="INFO">Waiting for process to complete.</msg>
<msg timestamp="20230602 09:45:05.874" level="INFO">Process did not complete in 1 minute.</msg>
<msg timestamp="20230602 09:45:05.874" level="INFO">Leaving process intact.</msg>
<msg timestamp="20230602 09:45:05.874" level="INFO">${result} = None</msg>
<status status="PASS" starttime="20230602 09:44:05.653" endtime="20230602 09:45:05.875"/>
</kw>
<kw name="Is Process Running" library="Process">
<var>${running}</var>
<arg>${process}</arg>
<doc>Checks is the process running or not.</doc>
<msg timestamp="20230602 09:45:05.875" level="INFO">${running} = True</msg>
<status status="PASS" starttime="20230602 09:45:05.875" endtime="20230602 09:45:05.875"/>
</kw>
<if>
<branch type="IF" condition="not ${running}">
<kw name="Check Result">
<arg>${result}</arg>
<status status="NOT RUN" starttime="20230602 09:45:05.876" endtime="20230602 09:45:05.876"/>
</kw>
<status status="NOT RUN" starttime="20230602 09:45:05.876" endtime="20230602 09:45:05.876"/>
</branch>
<branch type="ELSE">
<kw name="Take A Screenshot" library="ImageHorizonLibrary">
<doc>Takes a screenshot of the screen.</doc>
<msg timestamp="20230602 09:45:05.877" level="INFO" html="true">Screenshot taken: /Users/runner/work/rfswarm/rfswarm/Tests/Regression/Reporter/Logs/macos-latest_3.10/Reporter.GUIBasic-screenshot-5.png&lt;br/&gt;&lt;img src="/Users/runner/work/rfswarm/rfswarm/Tests/Regression/Reporter/Logs/macos-latest_3.10/Reporter.GUIBasic-screenshot-5.png" width="100%" /&gt;</msg>
<status status="PASS" starttime="20230602 09:45:05.877" endtime="20230602 09:45:06.224"/>
</kw>
<kw name="Terminate Process" library="Process">
<var>${result}</var>
<arg>${process}</arg>
<doc>Stops the process gracefully or forcefully.</doc>
<msg timestamp="20230602 09:45:06.225" level="INFO">Gracefully terminating process.</msg>
<msg timestamp="20230602 09:45:06.377" level="INFO">Process completed.</msg>
<msg timestamp="20230602 09:45:06.378" level="INFO">${result} = &lt;result object with rc 1&gt;</msg>
<status status="PASS" starttime="20230602 09:45:06.225" endtime="20230602 09:45:06.379"/>
</kw>
<kw name="Check Result">
<arg>${result}</arg>
<kw name="Log" library="BuiltIn">
<arg>${result.stderr}</arg>
<doc>Logs the given message with the given level.</doc>
<msg timestamp="20230602 09:45:06.388" level="INFO">Traceback (most recent call last):
  File "/Users/runner/work/rfswarm/rfswarm/rfswarm_reporter/rfswarm_reporter.py", line 7763, in &lt;module&gt;
    core = ReporterCore()
  File "/Users/runner/work/rfswarm/rfswarm/rfswarm_reporter/rfswarm_reporter.py", line 2439, in __init__
    base.gui = ReporterGUI()
  File "/Users/runner/work/rfswarm/rfswarm/rfswarm_reporter/rfswarm_reporter.py", line 4446, in __init__
    self.root = tk.Tk()
  File "/Users/runner/hostedtoolcache/Python/3.10.11/x64/lib/python3.10/tkinter/__init__.py", line 2301, in __init__
    self._loadtk()
  File "/Users/runner/hostedtoolcache/Python/3.10.11/x64/lib/python3.10/tkinter/__init__.py", line 2317, in _loadtk
    raise RuntimeError("tk.h version (%s) doesn't match libtk.a version (%s)"
RuntimeError: tk.h version (8.5) doesn't match libtk.a version (8.6)</msg>
<status status="PASS" starttime="20230602 09:45:06.384" endtime="20230602 09:45:06.389"/>
</kw>
<kw name="Should Not Contain" library="BuiltIn">
<arg>${result.stderr}</arg>
<arg>Traceback</arg>
<doc>Fails if ``container`` contains ``item`` one or more times.</doc>
<msg timestamp="20230602 09:45:06.390" level="FAIL">'Traceback (most recent call last):
  File "/Users/runner/work/rfswarm/rfswarm/rfswarm_reporter/rfswarm_reporter.py", line 7763, in &lt;module&gt;
    core = ReporterCore()
  File "/Users/runner/work/rfswarm/rfswarm/rfswarm_reporter/rfswarm_reporter.py", line 2439, in __init__
    base.gui = ReporterGUI()
  File "/Users/runner/work/rfswarm/rfswarm/rfswarm_reporter/rfswarm_reporter.py", line 4446, in __init__
    self.root = tk.Tk()
  File "/Users/runner/hostedtoolcache/Python/3.10.11/x64/lib/python3.10/tkinter/__init__.py", line 2301, in __init__
    self._loadtk()
  File "/Users/runner/hostedtoolcache/Python/3.10.11/x64/lib/python3.10/tkinter/__init__.py", line 2317, in _loadtk
    raise RuntimeError("tk.h version (%s) doesn't match libtk.a version (%s)"
RuntimeError: tk.h version (8.5) doesn't match libtk.a version (8.6)' contains 'Traceback'</msg>
<status status="FAIL" starttime="20230602 09:45:06.389" endtime="20230602 09:45:06.391"/>
</kw>
<kw name="Should Be Equal As Integers" library="BuiltIn">
<arg>${result.rc}</arg>
<arg>0</arg>
<doc>Fails if objects are unequal after converting them to integers.</doc>
<msg timestamp="20230602 09:45:06.392" level="INFO">Argument types are:
&lt;class 'int'&gt;
&lt;class 'str'&gt;</msg>
<msg timestamp="20230602 09:45:06.392" level="FAIL">1 != 0</msg>
<status status="FAIL" starttime="20230602 09:45:06.391" endtime="20230602 09:45:06.392"/>
</kw>
<status status="FAIL" starttime="20230602 09:45:06.380" endtime="20230602 09:45:06.393"/>
</kw>
<kw name="Fail" library="BuiltIn">
<arg>Had to Terminate Process</arg>
<doc>Fails the test with the given message and optionally alters its tags.</doc>
<msg timestamp="20230602 09:45:06.393" level="FAIL">Had to Terminate Process</msg>
<status status="FAIL" starttime="20230602 09:45:06.393" endtime="20230602 09:45:06.393"/>
</kw>
<status status="FAIL" starttime="20230602 09:45:05.876" endtime="20230602 09:45:06.394"/>
</branch>
<status status="FAIL" starttime="20230602 09:45:05.876" endtime="20230602 09:45:06.394"/>
</if>
<status status="FAIL" starttime="20230602 09:44:05.652" endtime="20230602 09:45:06.394"/>
</kw>
<status status="FAIL" starttime="20230602 09:44:04.030" endtime="20230602 09:45:06.394"/>
</kw>
<status status="FAIL" starttime="20230602 09:44:04.024" endtime="20230602 09:45:06.394"/>
</kw>
<status status="FAIL" starttime="20230602 09:44:04.023" endtime="20230602 09:45:06.395"/>
</branch>
<branch type="ELSE">
<kw name="Wait For Process" library="Process">
<var>${result}</var>
<arg>${process}</arg>
<arg>timeout=60</arg>
<doc>Waits for the process to complete or to reach the given timeout.</doc>
<status status="NOT RUN" starttime="20230602 09:45:06.395" endtime="20230602 09:45:06.396"/>
</kw>
<kw name="Check Result">
<arg>${result}</arg>
<status status="NOT RUN" starttime="20230602 09:45:06.396" endtime="20230602 09:45:06.396"/>
</kw>
<status status="NOT RUN" starttime="20230602 09:45:06.395" endtime="20230602 09:45:06.396"/>
</branch>
<status status="FAIL" starttime="20230602 09:44:04.023" endtime="20230602 09:45:06.396"/>
</if>
<status status="FAIL" starttime="20230602 09:44:04.023" endtime="20230602 09:45:06.397"/>
</branch>
<status status="FAIL" starttime="20230602 09:44:04.022" endtime="20230602 09:45:06.397"/>
</if>
<kw name="Set Suite Variable" library="BuiltIn">
<arg>$process</arg>
<arg>None</arg>
<doc>Makes a variable available everywhere within the scope of the current suite.</doc>
<msg timestamp="20230602 09:45:06.397" level="INFO">${process} = None</msg>
<status status="PASS" starttime="20230602 09:45:06.397" endtime="20230602 09:45:06.397"/>
</kw>
<kw name="Sleep" library="BuiltIn">
<arg>0.5</arg>
<doc>Pauses the test executed for the given time.</doc>
<msg timestamp="20230602 09:45:06.898" level="INFO">Slept 500 milliseconds</msg>
<status status="PASS" starttime="20230602 09:45:06.398" endtime="20230602 09:45:06.899"/>
</kw>
<status status="FAIL" starttime="20230602 09:44:04.021" endtime="20230602 09:45:06.899">Several failures occurred:

1) ImageNotFoundException: Reference image "/Users/runner/work/rfswarm/rfswarm/Tests/Regression/Reporter/Images/file_method/reporter_macos_button_closewindow.png" was not found on screen

2) 'Traceback (most recent call last):
  File "/Users/runner/work/rfswarm/rfswarm/rfswarm_reporter/rfswarm_reporter.py", line 7763, in &lt;module&gt;
    core = ReporterCore()
  File "/Users/runner/work/rfswarm/rfswarm/rfswarm_reporter/rfswarm_reporter.py", line 2439, in __init__
    base.gui = ReporterGUI()
  File "/Users/runner/work/rfswarm/rfswarm/rfswarm_reporter/rfswarm_reporter.py", line 4446, in __init__
    self.root = tk.Tk()
  File "/Users/runner/hostedtoolcache/Python/3.10.11/x64/lib/python3.10/tkinter/__init__.py", line 2301, in __init__
    self._loadtk()
  File "/Users/runner/hostedtoolcache/Python/3.10.11/x64/lib/python3.10/tkinter/__init__.py", line 2317, in _loadtk
    raise RuntimeError("tk.h version (%s) doesn't match libtk.a version (%s)"
RuntimeError: tk.h version (8.5) doesn't match libtk.a version (8.6)' contains 'Traceback'

3) 1 != 0

4) Had to Terminate Process</status>
</kw>
<tag>macos-latest</tag>
<tag>ubuntu-latest</tag>
<tag>windows-latest</tag>
<status status="FAIL" starttime="20230602 09:39:03.137" endtime="20230602 09:45:06.899">ImageNotFoundException: Reference image "/Users/runner/work/rfswarm/rfswarm/Tests/Regression/Reporter/Images/file_method/reporter_macos_status_previewloaded.png" was not found on screen

Also teardown failed:
Several failures occurred:

1) ImageNotFoundException: Reference image "/Users/runner/work/rfswarm/rfswarm/Tests/Regression/Reporter/Images/file_method/reporter_macos_button_closewindow.png" was not found on screen

2) 'Traceback (most recent call last):
  File "/Users/runner/work/rfswarm/rfswarm/rfswarm_reporter/rfswarm_reporter.py", line 7763, in &lt;module&gt;
    core = ReporterCore()
  File "/Users/runner/work/rfswarm/rfswarm/rfswarm_reporter/rfswarm_reporter.py", line 2439, in __init__
    base.gui = ReporterGUI()
  File "/Users/runner/work/rfswarm/rfswarm/rfswarm_reporter/rfswarm_reporter.py", line 4446, in __init__
    self.root = tk.Tk()
  File "/Users/runner/hostedtoolcache/Python/3.10.11/x64/lib/python3.10/tkinter/__init__.py", line 2301, in __init__
    self._loadtk()
  File "/Users/runner/hostedtoolcache/Python/3.10.11/x64/lib/python3.10/tkinter/__init__.py", line 2317, in _loadtk
    raise RuntimeError("tk.h version (%s) doesn't match libtk.a version (%s)"
RuntimeError: tk.h version (8.5) doesn't match libtk.a version (8.6)' contains 'Traceback'

3) 1 != 0

4) Had to Terminate Process</status>
</test>
<test id="s1-s2-t2" name="Select Preview Tab" line="25">
<kw name="Open GUI">
<kw name="Get Variables" library="BuiltIn">
<var>${var}</var>
<doc>Returns a dictionary containing all variables in the current scope.</doc>
<msg timestamp="20230602 09:45:06.902" level="INFO">${var} = {'${/}': '/', '${:}': ':', '${\\n}': '\n', '${DEBUG_FILE}': 'NONE', '${EXECDIR}': '/Users/runner/work/rfswarm/rfswarm', '${False}': False, '${IMAGE_DIR}': '/Users/runner/work/rfswarm/rfswarm/Tests/Reg...</msg>
<status status="PASS" starttime="20230602 09:45:06.901" endtime="20230602 09:45:06.902"/>
</kw>
<kw name="Log" library="BuiltIn">
<arg>${var}</arg>
<doc>Logs the given message with the given level.</doc>
<msg timestamp="20230602 09:45:06.902" level="INFO">{'${/}': '/', '${:}': ':', '${\\n}': '\n', '${DEBUG_FILE}': 'NONE', '${EXECDIR}': '/Users/runner/work/rfswarm/rfswarm', '${False}': False, '${IMAGE_DIR}': '/Users/runner/work/rfswarm/rfswarm/Tests/Regression/Reporter/Images/file_method', '${LOG_FILE}': '/Users/runner/work/rfswarm/rfswarm/Tests/Regression/Reporter/Logs/macos-latest_3.10/log.html', '${LOG_LEVEL}': 'INFO', '${None}': None, '${null}': None, '${OUTPUT_DIR}': '/Users/runner/work/rfswarm/rfswarm/Tests/Regression/Reporter/Logs/macos-latest_3.10', '${OUTPUT_FILE}': '/Users/runner/work/rfswarm/rfswarm/Tests/Regression/Reporter/Logs/macos-latest_3.10/output.xml', '${platform}': 'macos', '${PREV_TEST_MESSAGE}': 'ImageNotFoundException: Reference image "/Users/runner/work/rfswarm/rfswarm/Tests/Regression/Reporter/Images/file_method/reporter_macos_status_previewloaded.png" was not found on screen\n\nAlso teardown failed:\nSeveral failures occurred:\n\n1) ImageNotFoundException: Reference image "/Users/runner/work/rfswarm/rfswarm/Tests/Regression/Reporter/Images/file_method/reporter_macos_button_closewindow.png" was not found on screen\n\n2) \'Traceback (most recent call last):\n  File "/Users/runner/work/rfswarm/rfswarm/rfswarm_reporter/rfswarm_reporter.py", line 7763, in &lt;module&gt;\n    core = ReporterCore()\n  File "/Users/runner/work/rfswarm/rfswarm/rfswarm_reporter/rfswarm_reporter.py", line 2439, in __init__\n    base.gui = ReporterGUI()\n  File "/Users/runner/work/rfswarm/rfswarm/rfswarm_reporter/rfswarm_reporter.py", line 4446, in __init__\n    self.root = tk.Tk()\n  File "/Users/runner/hostedtoolcache/Python/3.10.11/x64/lib/python3.10/tkinter/__init__.py", line 2301, in __init__\n    self._loadtk()\n  File "/Users/runner/hostedtoolcache/Python/3.10.11/x64/lib/python3.10/tkinter/__init__.py", line 2317, in _loadtk\n    raise RuntimeError("tk.h version (%s) doesn\'t match libtk.a version (%s)"\nRuntimeError: tk.h version (8.5) doesn\'t match libtk.a version (8.6)\' contains \'Traceback\'\n\n3) 1 != 0\n\n4) Had to Terminate Process', '${PREV_TEST_NAME}': 'GUI Runs and Closes', '${PREV_TEST_STATUS}': 'FAIL', '${process}': 'None', '${pyfile}': '/Users/runner/work/rfswarm/rfswarm/rfswarm_reporter/rfswarm_reporter.py', '${REPORT_FILE}': '/Users/runner/work/rfswarm/rfswarm/Tests/Regression/Reporter/Logs/macos-latest_3.10/report.html', '${SPACE}': ' ', '${sssleep}': '0.5', '${SUITE_DOCUMENTATION}': '', '${SUITE_NAME}': 'Reporter.GUI Basic', '${SUITE_SOURCE}': '/Users/runner/work/rfswarm/rfswarm/Tests/Regression/Reporter/GUI_Basic.robot', '${TEMPDIR}': '/var/folders/24/8k48jl6d249_n_qfxwsl6xvm0000gn/T', '${TEST_DOCUMENTATION}': '', '${TEST_NAME}': 'Select Preview Tab', '${True}': True, '&amp;{OPTIONS}': {'include': ['macos-latest'], 'exclude': [], 'skip': [], 'skip_on_failure': []}, '&amp;{SUITE_METADATA}': &lt;robot.utils.normalizing.NormalizedDict object at 0x10dec2830&gt;, '@{appargs}': [], '@{TEST_TAGS}': ['macos-latest', 'ubuntu-latest', 'windows-latest']}</msg>
<status status="PASS" starttime="20230602 09:45:06.902" endtime="20230602 09:45:06.902"/>
</kw>
<kw name="Get Platform">
<kw name="Create Dictionary" library="BuiltIn">
<var>&amp;{platforms}</var>
<arg>Linux=ubuntu</arg>
<arg>Darwin=macos</arg>
<arg>Java=notsupported</arg>
<arg>Windows=windows</arg>
<doc>Creates and returns a dictionary based on the given ``items``.</doc>
<msg timestamp="20230602 09:45:06.903" level="INFO">&amp;{platforms} = { Linux=ubuntu | Darwin=macos | Java=notsupported | Windows=windows }</msg>
<status status="PASS" starttime="20230602 09:45:06.903" endtime="20230602 09:45:06.903"/>
</kw>
<kw name="Evaluate" library="BuiltIn">
<var>${os}</var>
<arg>platform.system()</arg>
<arg>platform</arg>
<doc>Evaluates the given expression in Python and returns the result.</doc>
<msg timestamp="20230602 09:45:06.904" level="INFO">${os} = Darwin</msg>
<status status="PASS" starttime="20230602 09:45:06.903" endtime="20230602 09:45:06.904"/>
</kw>
<kw name="Set Suite Variable" library="BuiltIn">
<arg>${platform}</arg>
<arg>${platforms}[${os}]</arg>
<doc>Makes a variable available everywhere within the scope of the current suite.</doc>
<msg timestamp="20230602 09:45:06.905" level="INFO">${platform} = macos</msg>
<status status="PASS" starttime="20230602 09:45:06.904" endtime="20230602 09:45:06.905"/>
</kw>
<status status="PASS" starttime="20230602 09:45:06.902" endtime="20230602 09:45:06.905"/>
</kw>
<kw name="Set Variable" library="BuiltIn">
<var>${keyword}</var>
<arg>Open GUI ${platform}</arg>
<doc>Returns the given values which can then be assigned to a variables.</doc>
<msg timestamp="20230602 09:45:06.905" level="INFO">${keyword} = Open GUI macos</msg>
<status status="PASS" starttime="20230602 09:45:06.905" endtime="20230602 09:45:06.905"/>
</kw>
<kw name="Run Keyword" library="BuiltIn">
<arg>${keyword}</arg>
<arg>@{appargs}</arg>
<doc>Executes the given keyword with the given arguments.</doc>
<kw name="Open GUI macos">
<arg>@{appargs}</arg>
<kw name="Set Suite Variable" library="BuiltIn">
<arg>${platform}</arg>
<arg>macos</arg>
<doc>Makes a variable available everywhere within the scope of the current suite.</doc>
<msg timestamp="20230602 09:45:06.912" level="INFO">${platform} = macos</msg>
<status status="PASS" starttime="20230602 09:45:06.912" endtime="20230602 09:45:06.912"/>
</kw>
<kw name="Set Confidence" library="ImageHorizonLibrary">
<arg>0.9</arg>
<doc>Sets the accuracy when finding images.</doc>
<status status="PASS" starttime="20230602 09:45:06.912" endtime="20230602 09:45:06.913"/>
</kw>
<kw name="Start Process" library="Process">
<var>${process}</var>
<arg>python3</arg>
<arg>${pyfile}</arg>
<arg>-g</arg>
<arg>5</arg>
<arg>@{appargs}</arg>
<arg>alias=Reporter</arg>
<arg>stdout=${OUTPUT DIR}${/}stdout.txt</arg>
<arg>stderr=${OUTPUT DIR}${/}stderr.txt</arg>
<doc>Starts a new process on background.</doc>
<msg timestamp="20230602 09:45:06.995" level="INFO">Starting process:
python3 /Users/runner/work/rfswarm/rfswarm/rfswarm_reporter/rfswarm_reporter.py -g 5</msg>
<msg timestamp="20230602 09:45:07.004" level="INFO">${process} = &lt;Popen: returncode: None args: ['python3', '/Users/runner/work/rfswarm/rfswa...&gt;</msg>
<status status="PASS" starttime="20230602 09:45:06.913" endtime="20230602 09:45:07.005"/>
</kw>
<kw name="Set Suite Variable" library="BuiltIn">
<arg>$process</arg>
<arg>${process}</arg>
<doc>Makes a variable available everywhere within the scope of the current suite.</doc>
<msg timestamp="20230602 09:45:07.007" level="INFO">${process} = &lt;Popen: returncode: None args: ['python3', '/Users/runner/work/rfswarm/rfswa...&gt;</msg>
<status status="PASS" starttime="20230602 09:45:07.006" endtime="20230602 09:45:07.007"/>
</kw>
<kw name="Set Screenshot Folder" library="ImageHorizonLibrary">
<arg>${OUTPUT DIR}</arg>
<doc>Sets the folder where screenshots are saved to.</doc>
<status status="PASS" starttime="20230602 09:45:07.008" endtime="20230602 09:45:07.008"/>
</kw>
<kw name="Take A Screenshot" library="ImageHorizonLibrary">
<doc>Takes a screenshot of the screen.</doc>
<msg timestamp="20230602 09:45:07.009" level="INFO" html="true">Screenshot taken: /Users/runner/work/rfswarm/rfswarm/Tests/Regression/Reporter/Logs/macos-latest_3.10/Reporter.GUIBasic-screenshot-6.png&lt;br/&gt;&lt;img src="/Users/runner/work/rfswarm/rfswarm/Tests/Regression/Reporter/Logs/macos-latest_3.10/Reporter.GUIBasic-screenshot-6.png" width="100%" /&gt;</msg>
<status status="PASS" starttime="20230602 09:45:07.009" endtime="20230602 09:45:07.336"/>
</kw>
<status status="PASS" starttime="20230602 09:45:06.911" endtime="20230602 09:45:07.338"/>
</kw>
<status status="PASS" starttime="20230602 09:45:06.905" endtime="20230602 09:45:07.338"/>
</kw>
<status status="PASS" starttime="20230602 09:45:06.900" endtime="20230602 09:45:07.338"/>
</kw>
<kw name="Wait For Status">
<arg>PreviewLoaded</arg>
<kw name="Convert To Lower Case" library="String">
<var>${statusl}</var>
<arg>${status}</arg>
<doc>Converts string to lower case.</doc>
<msg timestamp="20230602 09:45:07.340" level="INFO">${statusl} = previewloaded</msg>
<status status="PASS" starttime="20230602 09:45:07.339" endtime="20230602 09:45:07.340"/>
</kw>
<kw name="Set Variable" library="BuiltIn">
<var>${img}</var>
<arg>reporter_${platform}_status_${statusl}.png</arg>
<doc>Returns the given values which can then be assigned to a variables.</doc>
<msg timestamp="20230602 09:45:07.341" level="INFO">${img} = reporter_macos_status_previewloaded.png</msg>
<status status="PASS" starttime="20230602 09:45:07.340" endtime="20230602 09:45:07.341"/>
</kw>
<kw name="Log" library="BuiltIn">
<arg>/Users/runner/work/rfswarm/rfswarm/Tests/Regression/Reporter</arg>
<doc>Logs the given message with the given level.</doc>
<msg timestamp="20230602 09:45:07.342" level="INFO">/Users/runner/work/rfswarm/rfswarm/Tests/Regression/Reporter</msg>
<status status="PASS" starttime="20230602 09:45:07.341" endtime="20230602 09:45:07.342"/>
</kw>
<kw name="Log" library="BuiltIn">
<arg>${IMAGE_DIR}</arg>
<doc>Logs the given message with the given level.</doc>
<msg timestamp="20230602 09:45:07.342" level="INFO">/Users/runner/work/rfswarm/rfswarm/Tests/Regression/Reporter/Images/file_method</msg>
<status status="PASS" starttime="20230602 09:45:07.342" endtime="20230602 09:45:07.342"/>
</kw>
<kw name="Wait For" library="ImageHorizonLibrary">
<arg>${img}</arg>
<arg>timeout=${timeout}</arg>
<doc>Tries to locate given image from the screen for given time.</doc>
<kw name="Take A Screenshot" library="ImageHorizonLibrary">
<doc>Takes a screenshot of the screen.</doc>
<msg timestamp="20230602 09:50:07.711" level="INFO" html="true">Screenshot taken: /Users/runner/work/rfswarm/rfswarm/Tests/Regression/Reporter/Logs/macos-latest_3.10/Reporter.GUIBasic-screenshot-7.png&lt;br/&gt;&lt;img src="/Users/runner/work/rfswarm/rfswarm/Tests/Regression/Reporter/Logs/macos-latest_3.10/Reporter.GUIBasic-screenshot-7.png" width="100%" /&gt;</msg>
<status status="PASS" starttime="20230602 09:50:07.710" endtime="20230602 09:50:08.047"/>
</kw>
<msg timestamp="20230602 09:50:08.048" level="FAIL">ImageNotFoundException: Reference image "/Users/runner/work/rfswarm/rfswarm/Tests/Regression/Reporter/Images/file_method/reporter_macos_status_previewloaded.png" was not found on screen</msg>
<status status="FAIL" starttime="20230602 09:45:07.343" endtime="20230602 09:50:08.049"/>
</kw>
<kw name="Locate" library="ImageHorizonLibrary">
<var>@{coordinates}</var>
<arg>${img}</arg>
<doc>Locate image on screen.</doc>
<status status="NOT RUN" starttime="20230602 09:50:08.049" endtime="20230602 09:50:08.049"/>
</kw>
<kw name="Click Image" library="ImageHorizonLibrary">
<arg>${img}</arg>
<doc>Finds the reference image on screen and clicks it once.</doc>
<status status="NOT RUN" starttime="20230602 09:50:08.050" endtime="20230602 09:50:08.050"/>
</kw>
<kw name="Sleep" library="BuiltIn">
<arg>${sssleep}</arg>
<doc>Pauses the test executed for the given time.</doc>
<status status="NOT RUN" starttime="20230602 09:50:08.050" endtime="20230602 09:50:08.050"/>
</kw>
<kw name="Take A Screenshot" library="ImageHorizonLibrary">
<doc>Takes a screenshot of the screen.</doc>
<status status="NOT RUN" starttime="20230602 09:50:08.050" endtime="20230602 09:50:08.050"/>
</kw>
<status status="FAIL" starttime="20230602 09:45:07.338" endtime="20230602 09:50:08.050"/>
</kw>
<kw name="Click Tab">
<arg>Preview</arg>
<status status="NOT RUN" starttime="20230602 09:50:08.051" endtime="20230602 09:50:08.051"/>
</kw>
<kw name="Close GUI" type="TEARDOWN">
<kw name="Set Variable" library="BuiltIn">
<var>${keyword}</var>
<arg>Close GUI ${platform}</arg>
<doc>Returns the given values which can then be assigned to a variables.</doc>
<msg timestamp="20230602 09:50:08.053" level="INFO">${keyword} = Close GUI macos</msg>
<status status="PASS" starttime="20230602 09:50:08.052" endtime="20230602 09:50:08.053"/>
</kw>
<if>
<branch type="IF" condition="${process}">
<kw name="Is Process Running" library="Process">
<var>${running}</var>
<arg>${process}</arg>
<doc>Checks is the process running or not.</doc>
<msg timestamp="20230602 09:50:08.054" level="INFO">${running} = True</msg>
<status status="PASS" starttime="20230602 09:50:08.053" endtime="20230602 09:50:08.054"/>
</kw>
<if>
<branch type="IF" condition="${running}">
<kw name="Run Keyword" library="BuiltIn">
<arg>${keyword}</arg>
<doc>Executes the given keyword with the given arguments.</doc>
<kw name="Close GUI macos">
<kw name="Click Image" library="ImageHorizonLibrary">
<arg>reporter_${platform}_button_closewindow.png</arg>
<doc>Finds the reference image on screen and clicks it once.</doc>
<msg timestamp="20230602 09:50:08.582" level="INFO">Image "/Users/runner/work/rfswarm/rfswarm/Tests/Regression/Reporter/Images/file_method/reporter_macos_button_closewindow.png" was not found on screen.</msg>
<kw name="Take A Screenshot" library="ImageHorizonLibrary">
<doc>Takes a screenshot of the screen.</doc>
<msg timestamp="20230602 09:50:08.584" level="INFO" html="true">Screenshot taken: /Users/runner/work/rfswarm/rfswarm/Tests/Regression/Reporter/Logs/macos-latest_3.10/Reporter.GUIBasic-screenshot-8.png&lt;br/&gt;&lt;img src="/Users/runner/work/rfswarm/rfswarm/Tests/Regression/Reporter/Logs/macos-latest_3.10/Reporter.GUIBasic-screenshot-8.png" width="100%" /&gt;</msg>
<status status="PASS" starttime="20230602 09:50:08.583" endtime="20230602 09:50:08.885"/>
</kw>
<msg timestamp="20230602 09:50:08.886" level="FAIL">ImageNotFoundException: Reference image "/Users/runner/work/rfswarm/rfswarm/Tests/Regression/Reporter/Images/file_method/reporter_macos_button_closewindow.png" was not found on screen</msg>
<status status="FAIL" starttime="20230602 09:50:08.062" endtime="20230602 09:50:08.886"/>
</kw>
<kw name="Take A Screenshot" library="ImageHorizonLibrary">
<doc>Takes a screenshot of the screen.</doc>
<msg timestamp="20230602 09:50:08.888" level="INFO" html="true">Screenshot taken: /Users/runner/work/rfswarm/rfswarm/Tests/Regression/Reporter/Logs/macos-latest_3.10/Reporter.GUIBasic-screenshot-9.png&lt;br/&gt;&lt;img src="/Users/runner/work/rfswarm/rfswarm/Tests/Regression/Reporter/Logs/macos-latest_3.10/Reporter.GUIBasic-screenshot-9.png" width="100%" /&gt;</msg>
<status status="PASS" starttime="20230602 09:50:08.887" endtime="20230602 09:50:09.172"/>
</kw>
<kw name="Sleep" library="BuiltIn">
<arg>0.5</arg>
<doc>Pauses the test executed for the given time.</doc>
<msg timestamp="20230602 09:50:09.673" level="INFO">Slept 500 milliseconds</msg>
<status status="PASS" starttime="20230602 09:50:09.172" endtime="20230602 09:50:09.673"/>
</kw>
<kw name="End Process If Still Running">
<kw name="Wait For Process" library="Process">
<var>${result}</var>
<arg>${process}</arg>
<arg>timeout=60</arg>
<doc>Waits for the process to complete or to reach the given timeout.</doc>
<msg timestamp="20230602 09:50:09.675" level="INFO">Waiting for process to complete.</msg>
<msg timestamp="20230602 09:51:09.759" level="INFO">Process did not complete in 1 minute.</msg>
<msg timestamp="20230602 09:51:09.759" level="INFO">Leaving process intact.</msg>
<msg timestamp="20230602 09:51:09.759" level="INFO">${result} = None</msg>
<status status="PASS" starttime="20230602 09:50:09.674" endtime="20230602 09:51:09.759"/>
</kw>
<kw name="Is Process Running" library="Process">
<var>${running}</var>
<arg>${process}</arg>
<doc>Checks is the process running or not.</doc>
<msg timestamp="20230602 09:51:09.760" level="INFO">${running} = True</msg>
<status status="PASS" starttime="20230602 09:51:09.760" endtime="20230602 09:51:09.760"/>
</kw>
<if>
<branch type="IF" condition="not ${running}">
<kw name="Check Result">
<arg>${result}</arg>
<status status="NOT RUN" starttime="20230602 09:51:09.761" endtime="20230602 09:51:09.761"/>
</kw>
<status status="NOT RUN" starttime="20230602 09:51:09.760" endtime="20230602 09:51:09.761"/>
</branch>
<branch type="ELSE">
<kw name="Take A Screenshot" library="ImageHorizonLibrary">
<doc>Takes a screenshot of the screen.</doc>
<msg timestamp="20230602 09:51:09.762" level="INFO" html="true">Screenshot taken: /Users/runner/work/rfswarm/rfswarm/Tests/Regression/Reporter/Logs/macos-latest_3.10/Reporter.GUIBasic-screenshot-10.png&lt;br/&gt;&lt;img src="/Users/runner/work/rfswarm/rfswarm/Tests/Regression/Reporter/Logs/macos-latest_3.10/Reporter.GUIBasic-screenshot-10.png" width="100%" /&gt;</msg>
<status status="PASS" starttime="20230602 09:51:09.761" endtime="20230602 09:51:10.112"/>
</kw>
<kw name="Terminate Process" library="Process">
<var>${result}</var>
<arg>${process}</arg>
<doc>Stops the process gracefully or forcefully.</doc>
<msg timestamp="20230602 09:51:10.114" level="INFO">Gracefully terminating process.</msg>
<msg timestamp="20230602 09:51:10.343" level="INFO">Process completed.</msg>
<msg timestamp="20230602 09:51:10.343" level="INFO">${result} = &lt;result object with rc 1&gt;</msg>
<status status="PASS" starttime="20230602 09:51:10.113" endtime="20230602 09:51:10.343"/>
</kw>
<kw name="Check Result">
<arg>${result}</arg>
<kw name="Log" library="BuiltIn">
<arg>${result.stderr}</arg>
<doc>Logs the given message with the given level.</doc>
<msg timestamp="20230602 09:51:10.345" level="INFO">Traceback (most recent call last):
  File "/Users/runner/work/rfswarm/rfswarm/rfswarm_reporter/rfswarm_reporter.py", line 7763, in &lt;module&gt;
    core = ReporterCore()
  File "/Users/runner/work/rfswarm/rfswarm/rfswarm_reporter/rfswarm_reporter.py", line 2439, in __init__
    base.gui = ReporterGUI()
  File "/Users/runner/work/rfswarm/rfswarm/rfswarm_reporter/rfswarm_reporter.py", line 4446, in __init__
    self.root = tk.Tk()
  File "/Users/runner/hostedtoolcache/Python/3.10.11/x64/lib/python3.10/tkinter/__init__.py", line 2301, in __init__
    self._loadtk()
  File "/Users/runner/hostedtoolcache/Python/3.10.11/x64/lib/python3.10/tkinter/__init__.py", line 2317, in _loadtk
    raise RuntimeError("tk.h version (%s) doesn't match libtk.a version (%s)"
RuntimeError: tk.h version (8.5) doesn't match libtk.a version (8.6)</msg>
<status status="PASS" starttime="20230602 09:51:10.344" endtime="20230602 09:51:10.346"/>
</kw>
<kw name="Should Not Contain" library="BuiltIn">
<arg>${result.stderr}</arg>
<arg>Traceback</arg>
<doc>Fails if ``container`` contains ``item`` one or more times.</doc>
<msg timestamp="20230602 09:51:10.347" level="FAIL">'Traceback (most recent call last):
  File "/Users/runner/work/rfswarm/rfswarm/rfswarm_reporter/rfswarm_reporter.py", line 7763, in &lt;module&gt;
    core = ReporterCore()
  File "/Users/runner/work/rfswarm/rfswarm/rfswarm_reporter/rfswarm_reporter.py", line 2439, in __init__
    base.gui = ReporterGUI()
  File "/Users/runner/work/rfswarm/rfswarm/rfswarm_reporter/rfswarm_reporter.py", line 4446, in __init__
    self.root = tk.Tk()
  File "/Users/runner/hostedtoolcache/Python/3.10.11/x64/lib/python3.10/tkinter/__init__.py", line 2301, in __init__
    self._loadtk()
  File "/Users/runner/hostedtoolcache/Python/3.10.11/x64/lib/python3.10/tkinter/__init__.py", line 2317, in _loadtk
    raise RuntimeError("tk.h version (%s) doesn't match libtk.a version (%s)"
RuntimeError: tk.h version (8.5) doesn't match libtk.a version (8.6)' contains 'Traceback'</msg>
<status status="FAIL" starttime="20230602 09:51:10.346" endtime="20230602 09:51:10.347"/>
</kw>
<kw name="Should Be Equal As Integers" library="BuiltIn">
<arg>${result.rc}</arg>
<arg>0</arg>
<doc>Fails if objects are unequal after converting them to integers.</doc>
<msg timestamp="20230602 09:51:10.348" level="INFO">Argument types are:
&lt;class 'int'&gt;
&lt;class 'str'&gt;</msg>
<msg timestamp="20230602 09:51:10.348" level="FAIL">1 != 0</msg>
<status status="FAIL" starttime="20230602 09:51:10.347" endtime="20230602 09:51:10.348"/>
</kw>
<status status="FAIL" starttime="20230602 09:51:10.343" endtime="20230602 09:51:10.348"/>
</kw>
<kw name="Fail" library="BuiltIn">
<arg>Had to Terminate Process</arg>
<doc>Fails the test with the given message and optionally alters its tags.</doc>
<msg timestamp="20230602 09:51:10.349" level="FAIL">Had to Terminate Process</msg>
<status status="FAIL" starttime="20230602 09:51:10.349" endtime="20230602 09:51:10.349"/>
</kw>
<status status="FAIL" starttime="20230602 09:51:09.761" endtime="20230602 09:51:10.349"/>
</branch>
<status status="FAIL" starttime="20230602 09:51:09.760" endtime="20230602 09:51:10.349"/>
</if>
<status status="FAIL" starttime="20230602 09:50:09.674" endtime="20230602 09:51:10.350"/>
</kw>
<status status="FAIL" starttime="20230602 09:50:08.062" endtime="20230602 09:51:10.350"/>
</kw>
<status status="FAIL" starttime="20230602 09:50:08.054" endtime="20230602 09:51:10.350"/>
</kw>
<status status="FAIL" starttime="20230602 09:50:08.054" endtime="20230602 09:51:10.350"/>
</branch>
<branch type="ELSE">
<kw name="Wait For Process" library="Process">
<var>${result}</var>
<arg>${process}</arg>
<arg>timeout=60</arg>
<doc>Waits for the process to complete or to reach the given timeout.</doc>
[...]
</kw>
<kw name="Click Section">
<arg>Issue#149</arg>
<status status="NOT RUN" starttime="20230602 10:02:15.812" endtime="20230602 10:02:15.812"/>
</kw>
<kw name="Select Field With Label">
<arg>Type</arg>
<status status="NOT RUN" starttime="20230602 10:02:15.812" endtime="20230602 10:02:15.812"/>
</kw>
<kw name="Select Option">
<arg>DataTable</arg>
<status status="NOT RUN" starttime="20230602 10:02:15.812" endtime="20230602 10:02:15.812"/>
</kw>
<kw name="Run Keyword And Continue On Failure" library="BuiltIn">
<arg>Wait For Status</arg>
<arg>PreviewLoaded</arg>
<doc>Runs the keyword and continues execution even if a failure occurs.</doc>
<status status="NOT RUN" starttime="20230602 10:02:15.812" endtime="20230602 10:02:15.812"/>
</kw>
<kw name="Select Field With Label">
<arg>ShowGraphColours</arg>
<status status="NOT RUN" starttime="20230602 10:02:15.813" endtime="20230602 10:02:15.813"/>
</kw>
<kw name="Select Field With Label">
<arg>DataType</arg>
<status status="NOT RUN" starttime="20230602 10:02:15.813" endtime="20230602 10:02:15.813"/>
</kw>
<kw name="Run Keyword And Continue On Failure" library="BuiltIn">
<arg>Wait For Status</arg>
<arg>PreviewLoaded</arg>
<doc>Runs the keyword and continues execution even if a failure occurs.</doc>
<status status="NOT RUN" starttime="20230602 10:02:15.813" endtime="20230602 10:02:15.813"/>
</kw>
<kw name="Find Text">
<arg>Filter Type:</arg>
<status status="NOT RUN" starttime="20230602 10:02:15.813" endtime="20230602 10:02:15.813"/>
</kw>
<kw name="Find Text">
<arg>Result Name</arg>
<status status="NOT RUN" starttime="20230602 10:02:15.813" endtime="20230602 10:02:15.813"/>
</kw>
<kw name="Sleep" library="BuiltIn">
<arg>10</arg>
<doc>Pauses the test executed for the given time.</doc>
<status status="NOT RUN" starttime="20230602 10:02:15.814" endtime="20230602 10:02:15.814"/>
</kw>
<kw name="Take A Screenshot" library="ImageHorizonLibrary">
<doc>Takes a screenshot of the screen.</doc>
<status status="NOT RUN" starttime="20230602 10:02:15.814" endtime="20230602 10:02:15.814"/>
</kw>
<kw name="Close GUI" type="TEARDOWN">
<kw name="Set Variable" library="BuiltIn">
<var>${keyword}</var>
<arg>Close GUI ${platform}</arg>
<doc>Returns the given values which can then be assigned to a variables.</doc>
<msg timestamp="20230602 10:02:15.816" level="INFO">${keyword} = Close GUI macos</msg>
<status status="PASS" starttime="20230602 10:02:15.815" endtime="20230602 10:02:15.816"/>
</kw>
<if>
<branch type="IF" condition="${process}">
<kw name="Is Process Running" library="Process">
<var>${running}</var>
<arg>${process}</arg>
<doc>Checks is the process running or not.</doc>
<msg timestamp="20230602 10:02:15.816" level="INFO">${running} = True</msg>
<status status="PASS" starttime="20230602 10:02:15.816" endtime="20230602 10:02:15.816"/>
</kw>
<if>
<branch type="IF" condition="${running}">
<kw name="Run Keyword" library="BuiltIn">
<arg>${keyword}</arg>
<doc>Executes the given keyword with the given arguments.</doc>
<kw name="Close GUI macos">
<kw name="Click Image" library="ImageHorizonLibrary">
<arg>reporter_${platform}_button_closewindow.png</arg>
<doc>Finds the reference image on screen and clicks it once.</doc>
<msg timestamp="20230602 10:02:16.251" level="INFO">Image "/Users/runner/work/rfswarm/rfswarm/Tests/Regression/Reporter/Images/file_method/reporter_macos_button_closewindow.png" was not found on screen.</msg>
<kw name="Take A Screenshot" library="ImageHorizonLibrary">
<doc>Takes a screenshot of the screen.</doc>
<msg timestamp="20230602 10:02:16.253" level="INFO" html="true">Screenshot taken: /Users/runner/work/rfswarm/rfswarm/Tests/Regression/Reporter/Logs/macos-latest_3.10/Reporter.GUIBasic-screenshot-18.png&lt;br/&gt;&lt;img src="/Users/runner/work/rfswarm/rfswarm/Tests/Regression/Reporter/Logs/macos-latest_3.10/Reporter.GUIBasic-screenshot-18.png" width="100%" /&gt;</msg>
<status status="PASS" starttime="20230602 10:02:16.252" endtime="20230602 10:02:16.552"/>
</kw>
<msg timestamp="20230602 10:02:16.552" level="FAIL">ImageNotFoundException: Reference image "/Users/runner/work/rfswarm/rfswarm/Tests/Regression/Reporter/Images/file_method/reporter_macos_button_closewindow.png" was not found on screen</msg>
<status status="FAIL" starttime="20230602 10:02:15.825" endtime="20230602 10:02:16.553"/>
</kw>
<kw name="Take A Screenshot" library="ImageHorizonLibrary">
<doc>Takes a screenshot of the screen.</doc>
<msg timestamp="20230602 10:02:16.554" level="INFO" html="true">Screenshot taken: /Users/runner/work/rfswarm/rfswarm/Tests/Regression/Reporter/Logs/macos-latest_3.10/Reporter.GUIBasic-screenshot-19.png&lt;br/&gt;&lt;img src="/Users/runner/work/rfswarm/rfswarm/Tests/Regression/Reporter/Logs/macos-latest_3.10/Reporter.GUIBasic-screenshot-19.png" width="100%" /&gt;</msg>
<status status="PASS" starttime="20230602 10:02:16.553" endtime="20230602 10:02:16.853"/>
</kw>
<kw name="Sleep" library="BuiltIn">
<arg>0.5</arg>
<doc>Pauses the test executed for the given time.</doc>
<msg timestamp="20230602 10:02:17.354" level="INFO">Slept 500 milliseconds</msg>
<status status="PASS" starttime="20230602 10:02:16.853" endtime="20230602 10:02:17.355"/>
</kw>
<kw name="End Process If Still Running">
<kw name="Wait For Process" library="Process">
<var>${result}</var>
<arg>${process}</arg>
<arg>timeout=60</arg>
<doc>Waits for the process to complete or to reach the given timeout.</doc>
<msg timestamp="20230602 10:02:17.356" level="INFO">Waiting for process to complete.</msg>
<msg timestamp="20230602 10:03:17.430" level="INFO">Process did not complete in 1 minute.</msg>
<msg timestamp="20230602 10:03:17.430" level="INFO">Leaving process intact.</msg>
<msg timestamp="20230602 10:03:17.431" level="INFO">${result} = None</msg>
<status status="PASS" starttime="20230602 10:02:17.356" endtime="20230602 10:03:17.431"/>
</kw>
<kw name="Is Process Running" library="Process">
<var>${running}</var>
<arg>${process}</arg>
<doc>Checks is the process running or not.</doc>
<msg timestamp="20230602 10:03:17.432" level="INFO">${running} = True</msg>
<status status="PASS" starttime="20230602 10:03:17.431" endtime="20230602 10:03:17.432"/>
</kw>
<if>
<branch type="IF" condition="not ${running}">
<kw name="Check Result">
<arg>${result}</arg>
<status status="NOT RUN" starttime="20230602 10:03:17.432" endtime="20230602 10:03:17.432"/>
</kw>
<status status="NOT RUN" starttime="20230602 10:03:17.432" endtime="20230602 10:03:17.432"/>
</branch>
<branch type="ELSE">
<kw name="Take A Screenshot" library="ImageHorizonLibrary">
<doc>Takes a screenshot of the screen.</doc>
<msg timestamp="20230602 10:03:17.433" level="INFO" html="true">Screenshot taken: /Users/runner/work/rfswarm/rfswarm/Tests/Regression/Reporter/Logs/macos-latest_3.10/Reporter.GUIBasic-screenshot-20.png&lt;br/&gt;&lt;img src="/Users/runner/work/rfswarm/rfswarm/Tests/Regression/Reporter/Logs/macos-latest_3.10/Reporter.GUIBasic-screenshot-20.png" width="100%" /&gt;</msg>
<status status="PASS" starttime="20230602 10:03:17.433" endtime="20230602 10:03:18.303"/>
</kw>
<kw name="Terminate Process" library="Process">
<var>${result}</var>
<arg>${process}</arg>
<doc>Stops the process gracefully or forcefully.</doc>
<msg timestamp="20230602 10:03:18.304" level="INFO">Gracefully terminating process.</msg>
<msg timestamp="20230602 10:03:18.405" level="INFO">Process completed.</msg>
<msg timestamp="20230602 10:03:18.406" level="INFO">${result} = &lt;result object with rc 1&gt;</msg>
<status status="PASS" starttime="20230602 10:03:18.303" endtime="20230602 10:03:18.406"/>
</kw>
<kw name="Check Result">
<arg>${result}</arg>
<kw name="Log" library="BuiltIn">
<arg>${result.stderr}</arg>
<doc>Logs the given message with the given level.</doc>
<msg timestamp="20230602 10:03:18.411" level="INFO">Traceback (most recent call last):
  File "/Users/runner/work/rfswarm/rfswarm/rfswarm_reporter/rfswarm_reporter.py", line 7763, in &lt;module&gt;
    core = ReporterCore()
  File "/Users/runner/work/rfswarm/rfswarm/rfswarm_reporter/rfswarm_reporter.py", line 2439, in __init__
    base.gui = ReporterGUI()
  File "/Users/runner/work/rfswarm/rfswarm/rfswarm_reporter/rfswarm_reporter.py", line 4446, in __init__
    self.root = tk.Tk()
  File "/Users/runner/hostedtoolcache/Python/3.10.11/x64/lib/python3.10/tkinter/__init__.py", line 2301, in __init__
    self._loadtk()
  File "/Users/runner/hostedtoolcache/Python/3.10.11/x64/lib/python3.10/tkinter/__init__.py", line 2317, in _loadtk
    raise RuntimeError("tk.h version (%s) doesn't match libtk.a version (%s)"
RuntimeError: tk.h version (8.5) doesn't match libtk.a version (8.6)</msg>
<status status="PASS" starttime="20230602 10:03:18.408" endtime="20230602 10:03:18.411"/>
</kw>
<kw name="Should Not Contain" library="BuiltIn">
<arg>${result.stderr}</arg>
<arg>Traceback</arg>
<doc>Fails if ``container`` contains ``item`` one or more times.</doc>
<msg timestamp="20230602 10:03:18.414" level="FAIL">'Traceback (most recent call last):
  File "/Users/runner/work/rfswarm/rfswarm/rfswarm_reporter/rfswarm_reporter.py", line 7763, in &lt;module&gt;
    core = ReporterCore()
  File "/Users/runner/work/rfswarm/rfswarm/rfswarm_reporter/rfswarm_reporter.py", line 2439, in __init__
    base.gui = ReporterGUI()
  File "/Users/runner/work/rfswarm/rfswarm/rfswarm_reporter/rfswarm_reporter.py", line 4446, in __init__
    self.root = tk.Tk()
  File "/Users/runner/hostedtoolcache/Python/3.10.11/x64/lib/python3.10/tkinter/__init__.py", line 2301, in __init__
    self._loadtk()
  File "/Users/runner/hostedtoolcache/Python/3.10.11/x64/lib/python3.10/tkinter/__init__.py", line 2317, in _loadtk
    raise RuntimeError("tk.h version (%s) doesn't match libtk.a version (%s)"
RuntimeError: tk.h version (8.5) doesn't match libtk.a version (8.6)' contains 'Traceback'</msg>
<status status="FAIL" starttime="20230602 10:03:18.411" endtime="20230602 10:03:18.414"/>
</kw>
<kw name="Should Be Equal As Integers" library="BuiltIn">
<arg>${result.rc}</arg>
<arg>0</arg>
<doc>Fails if objects are unequal after converting them to integers.</doc>
<msg timestamp="20230602 10:03:18.417" level="INFO">Argument types are:
&lt;class 'int'&gt;
&lt;class 'str'&gt;</msg>
<msg timestamp="20230602 10:03:18.418" level="FAIL">1 != 0</msg>
<status status="FAIL" starttime="20230602 10:03:18.415" endtime="20230602 10:03:18.418"/>
</kw>
<status status="FAIL" starttime="20230602 10:03:18.406" endtime="20230602 10:03:18.419"/>
</kw>
<kw name="Fail" library="BuiltIn">
<arg>Had to Terminate Process</arg>
<doc>Fails the test with the given message and optionally alters its tags.</doc>
<msg timestamp="20230602 10:03:18.421" level="FAIL">Had to Terminate Process</msg>
<status status="FAIL" starttime="20230602 10:03:18.420" endtime="20230602 10:03:18.421"/>
</kw>
<status status="FAIL" starttime="20230602 10:03:17.432" endtime="20230602 10:03:18.421"/>
</branch>
<status status="FAIL" starttime="20230602 10:03:17.432" endtime="20230602 10:03:18.422"/>
</if>
<status status="FAIL" starttime="20230602 10:02:17.355" endtime="20230602 10:03:18.422"/>
</kw>
<status status="FAIL" starttime="20230602 10:02:15.825" endtime="20230602 10:03:18.423"/>
</kw>
<status status="FAIL" starttime="20230602 10:02:15.817" endtime="20230602 10:03:18.423"/>
</kw>
<status status="FAIL" starttime="20230602 10:02:15.817" endtime="20230602 10:03:18.423"/>
</branch>
<branch type="ELSE">
<kw name="Wait For Process" library="Process">
<var>${result}</var>
<arg>${process}</arg>
<arg>timeout=60</arg>
<doc>Waits for the process to complete or to reach the given timeout.</doc>
<status status="NOT RUN" starttime="20230602 10:03:18.424" endtime="20230602 10:03:18.424"/>
</kw>
<kw name="Check Result">
<arg>${result}</arg>
<status status="NOT RUN" starttime="20230602 10:03:18.425" endtime="20230602 10:03:18.425"/>
</kw>
<status status="NOT RUN" starttime="20230602 10:03:18.424" endtime="20230602 10:03:18.425"/>
</branch>
<status status="FAIL" starttime="20230602 10:02:15.817" endtime="20230602 10:03:18.425"/>
</if>
<status status="FAIL" starttime="20230602 10:02:15.816" endtime="20230602 10:03:18.425"/>
</branch>
<status status="FAIL" starttime="20230602 10:02:15.816" endtime="20230602 10:03:18.425"/>
</if>
<kw name="Set Suite Variable" library="BuiltIn">
<arg>$process</arg>
<arg>None</arg>
<doc>Makes a variable available everywhere within the scope of the current suite.</doc>
<msg timestamp="20230602 10:03:18.427" level="INFO">${process} = None</msg>
<status status="PASS" starttime="20230602 10:03:18.426" endtime="20230602 10:03:18.427"/>
</kw>
<kw name="Sleep" library="BuiltIn">
<arg>0.5</arg>
<doc>Pauses the test executed for the given time.</doc>
<msg timestamp="20230602 10:03:18.928" level="INFO">Slept 500 milliseconds</msg>
<status status="PASS" starttime="20230602 10:03:18.428" endtime="20230602 10:03:18.929"/>
</kw>
<status status="FAIL" starttime="20230602 10:02:15.814" endtime="20230602 10:03:18.929">Several failures occurred:

1) ImageNotFoundException: Reference image "/Users/runner/work/rfswarm/rfswarm/Tests/Regression/Reporter/Images/file_method/reporter_macos_button_closewindow.png" was not found on screen

2) 'Traceback (most recent call last):
  File "/Users/runner/work/rfswarm/rfswarm/rfswarm_reporter/rfswarm_reporter.py", line 7763, in &lt;module&gt;
    core = ReporterCore()
  File "/Users/runner/work/rfswarm/rfswarm/rfswarm_reporter/rfswarm_reporter.py", line 2439, in __init__
    base.gui = ReporterGUI()
  File "/Users/runner/work/rfswarm/rfswarm/rfswarm_reporter/rfswarm_reporter.py", line 4446, in __init__
    self.root = tk.Tk()
  File "/Users/runner/hostedtoolcache/Python/3.10.11/x64/lib/python3.10/tkinter/__init__.py", line 2301, in __init__
    self._loadtk()
  File "/Users/runner/hostedtoolcache/Python/3.10.11/x64/lib/python3.10/tkinter/__init__.py", line 2317, in _loadtk
    raise RuntimeError("tk.h version (%s) doesn't match libtk.a version (%s)"
RuntimeError: tk.h version (8.5) doesn't match libtk.a version (8.6)' contains 'Traceback'

3) 1 != 0

4) Had to Terminate Process</status>
</kw>
<tag>Issue #149</tag>
<tag>macos-latest</tag>
<tag>ubuntu-latest</tag>
<tag>windows-latest</tag>
<status status="FAIL" starttime="20230602 09:57:14.721" endtime="20230602 10:03:18.929">ImageNotFoundException: Reference image "/Users/runner/work/rfswarm/rfswarm/Tests/Regression/Reporter/Images/file_method/reporter_macos_status_previewloaded.png" was not found on screen

Also teardown failed:
Several failures occurred:

1) ImageNotFoundException: Reference image "/Users/runner/work/rfswarm/rfswarm/Tests/Regression/Reporter/Images/file_method/reporter_macos_button_closewindow.png" was not found on screen

2) 'Traceback (most recent call last):
  File "/Users/runner/work/rfswarm/rfswarm/rfswarm_reporter/rfswarm_reporter.py", line 7763, in &lt;module&gt;
    core = ReporterCore()
  File "/Users/runner/work/rfswarm/rfswarm/rfswarm_reporter/rfswarm_reporter.py", line 2439, in __init__
    base.gui = ReporterGUI()
  File "/Users/runner/work/rfswarm/rfswarm/rfswarm_reporter/rfswarm_reporter.py", line 4446, in __init__
    self.root = tk.Tk()
  File "/Users/runner/hostedtoolcache/Python/3.10.11/x64/lib/python3.10/tkinter/__init__.py", line 2301, in __init__
    self._loadtk()
  File "/Users/runner/hostedtoolcache/Python/3.10.11/x64/lib/python3.10/tkinter/__init__.py", line 2317, in _loadtk
    raise RuntimeError("tk.h version (%s) doesn't match libtk.a version (%s)"
RuntimeError: tk.h version (8.5) doesn't match libtk.a version (8.6)' contains 'Traceback'

3) 1 != 0

4) Had to Terminate Process</status>
</test>
<test id="s1-s2-t5" name="Intentional Fail" line="95">
<kw name="Fail" library="BuiltIn">
<doc>Fails the test with the given message and optionally alters its tags.</doc>
<msg timestamp="20230602 10:03:18.931" level="FAIL">AssertionError</msg>
<status status="FAIL" starttime="20230602 10:03:18.931" endtime="20230602 10:03:18.931"/>
</kw>
<kw name="Close GUI" type="TEARDOWN">
<kw name="Set Variable" library="BuiltIn">
<var>${keyword}</var>
<arg>Close GUI ${platform}</arg>
<doc>Returns the given values which can then be assigned to a variables.</doc>
<msg timestamp="20230602 10:03:18.932" level="INFO">${keyword} = Close GUI macos</msg>
<status status="PASS" starttime="20230602 10:03:18.932" endtime="20230602 10:03:18.932"/>
</kw>
<if>
<branch type="IF" condition="${process}">
<kw name="Is Process Running" library="Process">
<var>${running}</var>
<arg>${process}</arg>
<doc>Checks is the process running or not.</doc>
<status status="NOT RUN" starttime="20230602 10:03:18.933" endtime="20230602 10:03:18.933"/>
</kw>
<if>
<branch type="IF" condition="${running}">
<kw name="Run Keyword" library="BuiltIn">
<arg>${keyword}</arg>
<doc>Executes the given keyword with the given arguments.</doc>
<status status="NOT RUN" starttime="20230602 10:03:18.933" endtime="20230602 10:03:18.933"/>
</kw>
<status status="NOT RUN" starttime="20230602 10:03:18.933" endtime="20230602 10:03:18.933"/>
</branch>
<branch type="ELSE">
<kw name="Wait For Process" library="Process">
<var>${result}</var>
<arg>${process}</arg>
<arg>timeout=60</arg>
<doc>Waits for the process to complete or to reach the given timeout.</doc>
<status status="NOT RUN" starttime="20230602 10:03:18.933" endtime="20230602 10:03:18.933"/>
</kw>
<kw name="Check Result">
<arg>${result}</arg>
<status status="NOT RUN" starttime="20230602 10:03:18.934" endtime="20230602 10:03:18.934"/>
</kw>
<status status="NOT RUN" starttime="20230602 10:03:18.933" endtime="20230602 10:03:18.934"/>
</branch>
<status status="NOT RUN" starttime="20230602 10:03:18.933" endtime="20230602 10:03:18.934"/>
</if>
<status status="NOT RUN" starttime="20230602 10:03:18.932" endtime="20230602 10:03:18.934"/>
</branch>
<status status="PASS" starttime="20230602 10:03:18.932" endtime="20230602 10:03:18.934"/>
</if>
<kw name="Set Suite Variable" library="BuiltIn">
<arg>$process</arg>
<arg>None</arg>
<doc>Makes a variable available everywhere within the scope of the current suite.</doc>
<msg timestamp="20230602 10:03:18.934" level="INFO">${process} = None</msg>
<status status="PASS" starttime="20230602 10:03:18.934" endtime="20230602 10:03:18.934"/>
</kw>
<kw name="Sleep" library="BuiltIn">
<arg>0.5</arg>
<doc>Pauses the test executed for the given time.</doc>
<msg timestamp="20230602 10:03:19.435" level="INFO">Slept 500 milliseconds</msg>
<status status="PASS" starttime="20230602 10:03:18.934" endtime="20230602 10:03:19.435"/>
</kw>
<status status="PASS" starttime="20230602 10:03:18.932" endtime="20230602 10:03:19.435"/>
</kw>
<doc>Uncomment this test if you want to trigger updating Screenshots in the git repo
Ensure this is commented out before release or pull request</doc>
<tag>macos-latest</tag>
<tag>ubuntu-latest</tag>
<tag>windows-latest</tag>
<status status="FAIL" starttime="20230602 10:03:18.930" endtime="20230602 10:03:19.435">AssertionError</status>
</test>
<status status="FAIL" starttime="20230602 09:38:53.441" endtime="20230602 10:03:19.436"/>
</suite>
<status status="FAIL" starttime="20230602 09:38:15.063" endtime="20230602 10:03:19.438"/>
</suite>
<statistics>
<total>
<stat pass="5" fail="5" skip="0">All Tests</stat>
</total>
<tag>
<stat pass="1" fail="0" skip="0">DOCX</stat>
<stat pass="1" fail="0" skip="0">HTML</stat>
<stat pass="3" fail="0" skip="0">Issue #144</stat>
<stat pass="0" fail="1" skip="0">Issue #147</stat>
<stat pass="0" fail="1" skip="0">Issue #149</stat>
<stat pass="5" fail="5" skip="0">macos-latest</stat>
<stat pass="5" fail="5" skip="0">ubuntu-latest</stat>
<stat pass="5" fail="5" skip="0">windows-latest</stat>
<stat pass="1" fail="0" skip="0">XLSX</stat>
</tag>
<suite>
<stat pass="5" fail="5" skip="0" id="s1" name="Reporter">Reporter</stat>
<stat pass="5" fail="0" skip="0" id="s1-s1" name="CommandLine">Reporter.CommandLine</stat>
<stat pass="0" fail="5" skip="0" id="s1-s2" name="GUI Basic">Reporter.GUI Basic</stat>
</suite>
</statistics>
<errors>
</errors>
</robot>
