<?xml version="1.0" encoding="UTF-8"?>
<robot generator="Robot 6.0.2 (Python 3.7.9 on win32)" generated="20230308 06:50:07.146" rpa="false" schemaversion="3">
<suite id="s1" name="Manager" source="D:\a\rfswarm\rfswarm\Tests\Regression\Manager">
<suite id="s1-s1" name="CommandLine" source="D:\a\rfswarm\rfswarm\Tests\Regression\Manager\CommandLine.robot">
<kw name="Clean Up Old Files" type="SETUP">
<tag>macos-latest</tag>
<tag>ubuntu-latest</tag>
<tag>windows-latest</tag>
<kw name="Log To Console" library="BuiltIn">
<arg>${OUTPUT DIR}</arg>
<doc>Logs the given message to the console.</doc>
<status status="PASS" starttime="20230308 06:50:07.178" endtime="20230308 06:50:07.178"/>
</kw>
<kw name="Remove File" library="OperatingSystem">
<arg>${OUTPUT DIR}${/}*.txt</arg>
<doc>Removes a file with the given path.</doc>
<msg timestamp="20230308 06:50:07.193" level="INFO" html="true">Removed file '&lt;a href="file://D:\a\rfswarm\rfswarm\Tests\Regression\Manager\Logs\windows-latest_3.7\stderr.txt"&gt;D:\a\rfswarm\rfswarm\Tests\Regression\Manager\Logs\windows-latest_3.7\stderr.txt&lt;/a&gt;'.</msg>
<msg timestamp="20230308 06:50:07.193" level="INFO" html="true">Removed file '&lt;a href="file://D:\a\rfswarm\rfswarm\Tests\Regression\Manager\Logs\windows-latest_3.7\stdout.txt"&gt;D:\a\rfswarm\rfswarm\Tests\Regression\Manager\Logs\windows-latest_3.7\stdout.txt&lt;/a&gt;'.</msg>
<status status="PASS" starttime="20230308 06:50:07.178" endtime="20230308 06:50:07.193"/>
</kw>
<kw name="Remove File" library="OperatingSystem">
<arg>${OUTPUT DIR}${/}*.png</arg>
<doc>Removes a file with the given path.</doc>
<msg timestamp="20230308 06:50:07.193" level="INFO" html="true">Removed file '&lt;a href="file://D:\a\rfswarm\rfswarm\Tests\Regression\Manager\Logs\windows-latest_3.7\Manager.GUIBasic-screenshot-1.png"&gt;D:\a\rfswarm\rfswarm\Tests\Regression\Manager\Logs\windows-latest_3.7\Manager.GUIBasic-screenshot-1.png&lt;/a&gt;'.</msg>
<msg timestamp="20230308 06:50:07.193" level="INFO" html="true">Removed file '&lt;a href="file://D:\a\rfswarm\rfswarm\Tests\Regression\Manager\Logs\windows-latest_3.7\Manager.GUIBasic-screenshot-2.png"&gt;D:\a\rfswarm\rfswarm\Tests\Regression\Manager\Logs\windows-latest_3.7\Manager.GUIBasic-screenshot-2.png&lt;/a&gt;'.</msg>
<status status="PASS" starttime="20230308 06:50:07.193" endtime="20230308 06:50:07.193"/>
</kw>
<status status="PASS" starttime="20230308 06:50:07.178" endtime="20230308 06:50:07.193"/>
</kw>
<test id="s1-s1-t1" name="Random Offset" line="7">
<kw name="Evaluate" library="BuiltIn">
<var>${random}</var>
<arg>random.randint(0, 60)</arg>
<doc>Evaluates the given expression in Python and returns the result.</doc>
<msg timestamp="20230308 06:50:07.193" level="INFO">${random} = 52</msg>
<status status="PASS" starttime="20230308 06:50:07.193" endtime="20230308 06:50:07.193"/>
</kw>
<kw name="Sleep" library="BuiltIn">
<arg>${random}</arg>
<doc>Pauses the test executed for the given time.</doc>
<msg timestamp="20230308 06:50:59.195" level="INFO">Slept 52 seconds</msg>
<status status="PASS" starttime="20230308 06:50:07.193" endtime="20230308 06:50:59.195"/>
</kw>
<doc>This just prevents all the test runners doing git push at the same time</doc>
<tag>macos-latest</tag>
<tag>ubuntu-latest</tag>
<tag>windows-latest</tag>
<status status="PASS" starttime="20230308 06:50:07.193" endtime="20230308 06:50:59.195"/>
</test>
<test id="s1-s1-t2" name="Manager Version" line="13">
<kw name="Run" library="OperatingSystem">
<var>${result}</var>
<arg>python3 ${EXECDIR}${/}rfswarm_manager${/}rfswarm.py -v</arg>
<doc>Runs the given command in the system and returns the output.</doc>
<msg timestamp="20230308 06:50:59.195" level="INFO">Running command 'python3 D:\a\rfswarm\rfswarm\rfswarm_manager\rfswarm.py -v 2&gt;&amp;1'.</msg>
<msg timestamp="20230308 06:51:12.359" level="INFO">${result} = Matplotlib is building the font cache; this may take a moment.
Robot Framework Swarm: Manager 
	Version 1.1.0 </msg>
<status status="PASS" starttime="20230308 06:50:59.195" endtime="20230308 06:51:12.359"/>
</kw>
<kw name="Log To Console" library="BuiltIn">
<arg>${\n}${result}</arg>
<doc>Logs the given message to the console.</doc>
<status status="PASS" starttime="20230308 06:51:12.359" endtime="20230308 06:51:12.359"/>
</kw>
<kw name="Should Contain" library="BuiltIn">
<arg>${result}</arg>
<arg>Version</arg>
<doc>Fails if ``container`` does not contain ``item`` one or more times.</doc>
<status status="PASS" starttime="20230308 06:51:12.359" endtime="20230308 06:51:12.359"/>
</kw>
<kw name="Should Contain" library="BuiltIn">
<arg>${result}</arg>
<arg>Manager</arg>
<doc>Fails if ``container`` does not contain ``item`` one or more times.</doc>
<status status="PASS" starttime="20230308 06:51:12.359" endtime="20230308 06:51:12.359"/>
</kw>
<tag>macos-latest</tag>
<tag>ubuntu-latest</tag>
<tag>windows-latest</tag>
<status status="PASS" starttime="20230308 06:50:59.195" endtime="20230308 06:51:12.359"/>
</test>
<test id="s1-s1-t3" name="Manager Help" line="20">
<kw name="Run" library="OperatingSystem">
<var>${result}</var>
<arg>python3 ${EXECDIR}${/}rfswarm_manager${/}rfswarm.py -h</arg>
<doc>Runs the given command in the system and returns the output.</doc>
<msg timestamp="20230308 06:51:12.375" level="INFO">Running command 'python3 D:\a\rfswarm\rfswarm\rfswarm_manager\rfswarm.py -h 2&gt;&amp;1'.</msg>
<msg timestamp="20230308 06:51:13.578" level="INFO">${result} = Robot Framework Swarm: Manager 
	Version 1.1.0 
usage: rfswarm.py [-h] [-g DEBUG] [-v] [-i INI] [-s SCENARIO] [-r] [-a AGENTS]
                  [-n] [-t STARTTIME] [-d DIR] [-e IPADDRESS] [-p PORT]

...</msg>
<status status="PASS" starttime="20230308 06:51:12.359" endtime="20230308 06:51:13.578"/>
</kw>
<kw name="Log To Console" library="BuiltIn">
<arg>${\n}${result}</arg>
<doc>Logs the given message to the console.</doc>
<status status="PASS" starttime="20230308 06:51:13.578" endtime="20230308 06:51:13.578"/>
</kw>
<kw name="Should Contain" library="BuiltIn">
<arg>${result}</arg>
<arg>IPADDRESS</arg>
<doc>Fails if ``container`` does not contain ``item`` one or more times.</doc>
<status status="PASS" starttime="20230308 06:51:13.578" endtime="20230308 06:51:13.578"/>
</kw>
<tag>macos-latest</tag>
<tag>ubuntu-latest</tag>
<tag>windows-latest</tag>
<status status="PASS" starttime="20230308 06:51:12.359" endtime="20230308 06:51:13.578"/>
</test>
<status status="PASS" starttime="20230308 06:50:07.178" endtime="20230308 06:51:13.578"/>
</suite>
<suite id="s1-s2" name="GUI Basic" source="D:\a\rfswarm\rfswarm\Tests\Regression\Manager\GUI_Basic.robot">
<test id="s1-s2-t1" name="Open GUI" line="24">
<kw name="Set Suite Variable" library="BuiltIn">
<arg>${platform}</arg>
<arg>windows</arg>
<doc>Makes a variable available everywhere within the scope of the current suite.</doc>
<msg timestamp="20230308 06:51:14.783" level="INFO">${platform} = windows</msg>
<status status="PASS" starttime="20230308 06:51:14.783" endtime="20230308 06:51:14.783"/>
</kw>
<kw name="Set Confidence" library="ImageHorizonLibrary">
<arg>0.9</arg>
<doc>Sets the accuracy when finding images.</doc>
<status status="PASS" starttime="20230308 06:51:14.783" endtime="20230308 06:51:14.783"/>
</kw>
<kw name="Start Process" library="Process">
<var>${process}</var>
<arg>python3</arg>
<arg>${pyfile}</arg>
<arg>alias=Manager</arg>
<arg>stdout=${OUTPUT DIR}${/}stdout.txt</arg>
<arg>stderr=${OUTPUT DIR}${/}stderr.txt</arg>
<doc>Starts a new process on background.</doc>
<msg timestamp="20230308 06:51:14.783" level="INFO">Starting process:
python3 D:\a\rfswarm\rfswarm\rfswarm_manager\rfswarm.py</msg>
<msg timestamp="20230308 06:51:14.783" level="INFO">${process} = &lt;subprocess.Popen object at 0x000002235EEA0FC8&gt;</msg>
<status status="PASS" starttime="20230308 06:51:14.783" endtime="20230308 06:51:14.783"/>
</kw>
<kw name="Set Test Variable" library="BuiltIn">
<arg>$process</arg>
<arg>${process}</arg>
<doc>Makes a variable available everywhere within the scope of the current test.</doc>
<msg timestamp="20230308 06:51:14.783" level="INFO">${process} = &lt;subprocess.Popen object at 0x000002235EEA0FC8&gt;</msg>
<status status="PASS" starttime="20230308 06:51:14.783" endtime="20230308 06:51:14.783"/>
</kw>
<kw name="Sleep" library="BuiltIn">
<arg>10</arg>
<doc>Pauses the test executed for the given time.</doc>
<msg timestamp="20230308 06:51:24.792" level="INFO">Slept 10 seconds</msg>
<status status="PASS" starttime="20230308 06:51:14.783" endtime="20230308 06:51:24.792"/>
</kw>
<kw name="Set Screenshot Folder" library="ImageHorizonLibrary">
<arg>${OUTPUT DIR}</arg>
<doc>Sets the folder where screenshots are saved to.</doc>
<status status="PASS" starttime="20230308 06:51:24.792" endtime="20230308 06:51:24.792"/>
</kw>
<kw name="Take A Screenshot" library="ImageHorizonLibrary">
<doc>Takes a screenshot of the screen.</doc>
<msg timestamp="20230308 06:51:24.792" level="INFO" html="true">Screenshot taken: D:\a\rfswarm\rfswarm\Tests\Regression\Manager\Logs\windows-latest_3.7\Manager.GUIBasic-screenshot-1.png&lt;br/&gt;&lt;img src="D:\a\rfswarm\rfswarm\Tests\Regression\Manager\Logs\windows-latest_3.7\Manager.GUIBasic-screenshot-1.png" width="100%" /&gt;</msg>
<status status="PASS" starttime="20230308 06:51:24.792" endtime="20230308 06:51:24.886"/>
</kw>
<tag>windows-latest</tag>
<status status="PASS" starttime="20230308 06:51:14.783" endtime="20230308 06:51:24.886"/>
</test>
<test id="s1-s2-t2" name="Select Run Tab" line="44">
<kw name="Click Tab">
<arg>Run</arg>
<kw name="Convert To Lower Case" library="String">
<var>${tabnamel}</var>
<arg>${tabname}</arg>
<doc>Converts string to lower case.</doc>
<msg timestamp="20230308 06:51:24.886" level="INFO">${tabnamel} = run</msg>
<status status="PASS" starttime="20230308 06:51:24.886" endtime="20230308 06:51:24.886"/>
</kw>
<kw name="Set Variable" library="BuiltIn">
<var>${img}</var>
<arg>manager_${platform}_tab_${tabnamel}.png</arg>
<doc>Returns the given values which can then be assigned to a variables.</doc>
<msg timestamp="20230308 06:51:24.886" level="INFO">${img} = manager_windows_tab_run.png</msg>
<status status="PASS" starttime="20230308 06:51:24.886" endtime="20230308 06:51:24.886"/>
</kw>
<kw name="Log" library="BuiltIn">
<arg>D:\\a\\rfswarm\\rfswarm\\Tests\\Regression\\Manager</arg>
<doc>Logs the given message with the given level.</doc>
<msg timestamp="20230308 06:51:24.886" level="INFO">D:\a\rfswarm\rfswarm\Tests\Regression\Manager</msg>
<status status="PASS" starttime="20230308 06:51:24.886" endtime="20230308 06:51:24.886"/>
</kw>
<kw name="Log" library="BuiltIn">
<arg>${IMAGE_DIR}</arg>
<doc>Logs the given message with the given level.</doc>
<msg timestamp="20230308 06:51:24.886" level="INFO">D:\a\rfswarm\rfswarm\Tests\Regression\Manager/Images/file_method</msg>
<status status="PASS" starttime="20230308 06:51:24.886" endtime="20230308 06:51:24.886"/>
</kw>
<kw name="Wait For" library="ImageHorizonLibrary">
<arg>${img}</arg>
<arg>timeout=10</arg>
<doc>Tries to locate given image from the screen for given time.</doc>
<msg timestamp="20230308 06:51:24.980" level="INFO">Image "manager_windows_tab_run.png" found at (113, 114)</msg>
<status status="PASS" starttime="20230308 06:51:24.886" endtime="20230308 06:51:24.980"/>
</kw>
<kw name="Locate" library="ImageHorizonLibrary">
<var>@{coordinates}</var>
<arg>${img}</arg>
<doc>Locate image on screen.</doc>
<msg timestamp="20230308 06:51:25.090" level="INFO">Image "D:\a\rfswarm\rfswarm\Tests\Regression\Manager\Images\file_method\manager_windows_tab_run.png" found at Box(left=100, top=97, width=27, height=34)</msg>
<msg timestamp="20230308 06:51:25.090" level="INFO">@{coordinates} = [ 113 | 114 ]</msg>
<status status="PASS" starttime="20230308 06:51:24.980" endtime="20230308 06:51:25.090"/>
</kw>
<kw name="Click Image" library="ImageHorizonLibrary">
<arg>${img}</arg>
<doc>Finds the reference image on screen and clicks it once.</doc>
<msg timestamp="20230308 06:51:25.199" level="INFO">Image "D:\a\rfswarm\rfswarm\Tests\Regression\Manager\Images\file_method\manager_windows_tab_run.png" found at Box(left=100, top=97, width=27, height=34)</msg>
<msg timestamp="20230308 06:51:25.199" level="INFO">Clicking image "manager_windows_tab_run.png" in position (113, 114)</msg>
<status status="PASS" starttime="20230308 06:51:25.090" endtime="20230308 06:51:25.324"/>
</kw>
<kw name="Sleep" library="BuiltIn">
<arg>0.1</arg>
<doc>Pauses the test executed for the given time.</doc>
<msg timestamp="20230308 06:51:25.434" level="INFO">Slept 100 milliseconds</msg>
<status status="PASS" starttime="20230308 06:51:25.324" endtime="20230308 06:51:25.434"/>
</kw>
<kw name="Take A Screenshot" library="ImageHorizonLibrary">
<doc>Takes a screenshot of the screen.</doc>
<msg timestamp="20230308 06:51:25.434" level="INFO" html="true">Screenshot taken: D:\a\rfswarm\rfswarm\Tests\Regression\Manager\Logs\windows-latest_3.7\Manager.GUIBasic-screenshot-2.png&lt;br/&gt;&lt;img src="D:\a\rfswarm\rfswarm\Tests\Regression\Manager\Logs\windows-latest_3.7\Manager.GUIBasic-screenshot-2.png" width="100%" /&gt;</msg>
<status status="PASS" starttime="20230308 06:51:25.434" endtime="20230308 06:51:25.527"/>
</kw>
<status status="PASS" starttime="20230308 06:51:24.886" endtime="20230308 06:51:25.527"/>
</kw>
<kw name="Sleep" library="BuiltIn">
<arg>5</arg>
<doc>Pauses the test executed for the given time.</doc>
<msg timestamp="20230308 06:51:30.542" level="INFO">Slept 5 seconds</msg>
<status status="PASS" starttime="20230308 06:51:25.527" endtime="20230308 06:51:30.542"/>
</kw>
<tag>macos-latest</tag>
<tag>ubuntu-latest</tag>
<tag>windows-latest</tag>
<status status="PASS" starttime="20230308 06:51:24.886" endtime="20230308 06:51:30.542"/>
</test>
<test id="s1-s2-t3" name="Select Agents Tab" line="49">
<kw name="Click Tab">
<arg>Agents</arg>
<kw name="Convert To Lower Case" library="String">
<var>${tabnamel}</var>
<arg>${tabname}</arg>
<doc>Converts string to lower case.</doc>
<msg timestamp="20230308 06:51:30.542" level="INFO">${tabnamel} = agents</msg>
<status status="PASS" starttime="20230308 06:51:30.542" endtime="20230308 06:51:30.542"/>
</kw>
<kw name="Set Variable" library="BuiltIn">
<var>${img}</var>
<arg>manager_${platform}_tab_${tabnamel}.png</arg>
<doc>Returns the given values which can then be assigned to a variables.</doc>
<msg timestamp="20230308 06:51:30.542" level="INFO">${img} = manager_windows_tab_agents.png</msg>
<status status="PASS" starttime="20230308 06:51:30.542" endtime="20230308 06:51:30.542"/>
</kw>
<kw name="Log" library="BuiltIn">
<arg>D:\\a\\rfswarm\\rfswarm\\Tests\\Regression\\Manager</arg>
<doc>Logs the given message with the given level.</doc>
<msg timestamp="20230308 06:51:30.542" level="INFO">D:\a\rfswarm\rfswarm\Tests\Regression\Manager</msg>
<status status="PASS" starttime="20230308 06:51:30.542" endtime="20230308 06:51:30.542"/>
</kw>
<kw name="Log" library="BuiltIn">
<arg>${IMAGE_DIR}</arg>
<doc>Logs the given message with the given level.</doc>
<msg timestamp="20230308 06:51:30.542" level="INFO">D:\a\rfswarm\rfswarm\Tests\Regression\Manager/Images/file_method</msg>
<status status="PASS" starttime="20230308 06:51:30.542" endtime="20230308 06:51:30.542"/>
</kw>
<kw name="Wait For" library="ImageHorizonLibrary">
<arg>${img}</arg>
<arg>timeout=10</arg>
<doc>Tries to locate given image from the screen for given time.</doc>
<msg timestamp="20230308 06:51:30.652" level="INFO">Image "manager_windows_tab_agents.png" found at (149, 115)</msg>
<status status="PASS" starttime="20230308 06:51:30.542" endtime="20230308 06:51:30.652"/>
</kw>
<kw name="Locate" library="ImageHorizonLibrary">
<var>@{coordinates}</var>
<arg>${img}</arg>
<doc>Locate image on screen.</doc>
<msg timestamp="20230308 06:51:30.745" level="INFO">Image "D:\a\rfswarm\rfswarm\Tests\Regression\Manager\Images\file_method\manager_windows_tab_agents.png" found at Box(left=129, top=100, width=41, height=31)</msg>
<msg timestamp="20230308 06:51:30.745" level="INFO">@{coordinates} = [ 149 | 115 ]</msg>
<status status="PASS" starttime="20230308 06:51:30.652" endtime="20230308 06:51:30.745"/>
</kw>
<kw name="Click Image" library="ImageHorizonLibrary">
<arg>${img}</arg>
<doc>Finds the reference image on screen and clicks it once.</doc>
<msg timestamp="20230308 06:51:30.840" level="INFO">Image "D:\a\rfswarm\rfswarm\Tests\Regression\Manager\Images\file_method\manager_windows_tab_agents.png" found at Box(left=129, top=100, width=41, height=31)</msg>
<msg timestamp="20230308 06:51:30.840" level="INFO">Clicking image "manager_windows_tab_agents.png" in position (149, 115)</msg>
<status status="PASS" starttime="20230308 06:51:30.745" endtime="20230308 06:51:30.965"/>
</kw>
<kw name="Sleep" library="BuiltIn">
<arg>0.1</arg>
<doc>Pauses the test executed for the given time.</doc>
<msg timestamp="20230308 06:51:31.074" level="INFO">Slept 100 milliseconds</msg>
<status status="PASS" starttime="20230308 06:51:30.965" endtime="20230308 06:51:31.074"/>
</kw>
<kw name="Take A Screenshot" library="ImageHorizonLibrary">
<doc>Takes a screenshot of the screen.</doc>
<msg timestamp="20230308 06:51:31.075" level="INFO" html="true">Screenshot taken: D:\a\rfswarm\rfswarm\Tests\Regression\Manager\Logs\windows-latest_3.7\Manager.GUIBasic-screenshot-3.png&lt;br/&gt;&lt;img src="D:\a\rfswarm\rfswarm\Tests\Regression\Manager\Logs\windows-latest_3.7\Manager.GUIBasic-screenshot-3.png" width="100%" /&gt;</msg>
<status status="PASS" starttime="20230308 06:51:31.075" endtime="20230308 06:51:31.153"/>
</kw>
<status status="PASS" starttime="20230308 06:51:30.542" endtime="20230308 06:51:31.153"/>
</kw>
<kw name="Sleep" library="BuiltIn">
<arg>5</arg>
<doc>Pauses the test executed for the given time.</doc>
<msg timestamp="20230308 06:51:36.161" level="INFO">Slept 5 seconds</msg>
<status status="PASS" starttime="20230308 06:51:31.153" endtime="20230308 06:51:36.161"/>
</kw>
<tag>macos-latest</tag>
<tag>ubuntu-latest</tag>
<tag>windows-latest</tag>
<status status="PASS" starttime="20230308 06:51:30.542" endtime="20230308 06:51:36.161"/>
</test>
<test id="s1-s2-t4" name="Select About Tab" line="54">
<kw name="Click Tab">
<arg>About</arg>
<kw name="Convert To Lower Case" library="String">
<var>${tabnamel}</var>
<arg>${tabname}</arg>
<doc>Converts string to lower case.</doc>
<msg timestamp="20230308 06:51:36.161" level="INFO">${tabnamel} = about</msg>
<status status="PASS" starttime="20230308 06:51:36.161" endtime="20230308 06:51:36.161"/>
</kw>
<kw name="Set Variable" library="BuiltIn">
<var>${img}</var>
<arg>manager_${platform}_tab_${tabnamel}.png</arg>
<doc>Returns the given values which can then be assigned to a variables.</doc>
<msg timestamp="20230308 06:51:36.161" level="INFO">${img} = manager_windows_tab_about.png</msg>
<status status="PASS" starttime="20230308 06:51:36.161" endtime="20230308 06:51:36.161"/>
</kw>
<kw name="Log" library="BuiltIn">
<arg>D:\\a\\rfswarm\\rfswarm\\Tests\\Regression\\Manager</arg>
<doc>Logs the given message with the given level.</doc>
<msg timestamp="20230308 06:51:36.161" level="INFO">D:\a\rfswarm\rfswarm\Tests\Regression\Manager</msg>
<status status="PASS" starttime="20230308 06:51:36.161" endtime="20230308 06:51:36.161"/>
</kw>
<kw name="Log" library="BuiltIn">
<arg>${IMAGE_DIR}</arg>
<doc>Logs the given message with the given level.</doc>
<msg timestamp="20230308 06:51:36.161" level="INFO">D:\a\rfswarm\rfswarm\Tests\Regression\Manager/Images/file_method</msg>
<status status="PASS" starttime="20230308 06:51:36.161" endtime="20230308 06:51:36.161"/>
</kw>
<kw name="Wait For" library="ImageHorizonLibrary">
<arg>${img}</arg>
<arg>timeout=10</arg>
<doc>Tries to locate given image from the screen for given time.</doc>
<msg timestamp="20230308 06:51:36.255" level="INFO">Image "manager_windows_tab_about.png" found at (192, 115)</msg>
<status status="PASS" starttime="20230308 06:51:36.161" endtime="20230308 06:51:36.255"/>
</kw>
<kw name="Locate" library="ImageHorizonLibrary">
<var>@{coordinates}</var>
<arg>${img}</arg>
<doc>Locate image on screen.</doc>
<msg timestamp="20230308 06:51:36.364" level="INFO">Image "D:\a\rfswarm\rfswarm\Tests\Regression\Manager\Images\file_method\manager_windows_tab_about.png" found at Box(left=174, top=99, width=37, height=32)</msg>
<msg timestamp="20230308 06:51:36.364" level="INFO">@{coordinates} = [ 192 | 115 ]</msg>
<status status="PASS" starttime="20230308 06:51:36.255" endtime="20230308 06:51:36.364"/>
</kw>
<kw name="Click Image" library="ImageHorizonLibrary">
<arg>${img}</arg>
<doc>Finds the reference image on screen and clicks it once.</doc>
<msg timestamp="20230308 06:51:36.458" level="INFO">Image "D:\a\rfswarm\rfswarm\Tests\Regression\Manager\Images\file_method\manager_windows_tab_about.png" found at Box(left=174, top=99, width=37, height=32)</msg>
<msg timestamp="20230308 06:51:36.458" level="INFO">Clicking image "manager_windows_tab_about.png" in position (192, 115)</msg>
<status status="PASS" starttime="20230308 06:51:36.364" endtime="20230308 06:51:36.599"/>
</kw>
<kw name="Sleep" library="BuiltIn">
<arg>0.1</arg>
<doc>Pauses the test executed for the given time.</doc>
<msg timestamp="20230308 06:51:36.708" level="INFO">Slept 100 milliseconds</msg>
<status status="PASS" starttime="20230308 06:51:36.599" endtime="20230308 06:51:36.708"/>
</kw>
<kw name="Take A Screenshot" library="ImageHorizonLibrary">
<doc>Takes a screenshot of the screen.</doc>
<msg timestamp="20230308 06:51:36.708" level="INFO" html="true">Screenshot taken: D:\a\rfswarm\rfswarm\Tests\Regression\Manager\Logs\windows-latest_3.7\Manager.GUIBasic-screenshot-4.png&lt;br/&gt;&lt;img src="D:\a\rfswarm\rfswarm\Tests\Regression\Manager\Logs\windows-latest_3.7\Manager.GUIBasic-screenshot-4.png" width="100%" /&gt;</msg>
<status status="PASS" starttime="20230308 06:51:36.708" endtime="20230308 06:51:36.802"/>
</kw>
<status status="PASS" starttime="20230308 06:51:36.161" endtime="20230308 06:51:36.802"/>
</kw>
<kw name="Sleep" library="BuiltIn">
<arg>5</arg>
<doc>Pauses the test executed for the given time.</doc>
<msg timestamp="20230308 06:51:41.807" level="INFO">Slept 5 seconds</msg>
<status status="PASS" starttime="20230308 06:51:36.802" endtime="20230308 06:51:41.807"/>
</kw>
<tag>macos-latest</tag>
<tag>ubuntu-latest</tag>
<tag>windows-latest</tag>
<status status="PASS" starttime="20230308 06:51:36.161" endtime="20230308 06:51:41.807"/>
</test>
<test id="s1-s2-t5" name="Select Plan Tab" line="59">
<kw name="Click Tab">
<arg>Plan</arg>
<kw name="Convert To Lower Case" library="String">
<var>${tabnamel}</var>
<arg>${tabname}</arg>
<doc>Converts string to lower case.</doc>
<msg timestamp="20230308 06:51:41.807" level="INFO">${tabnamel} = plan</msg>
<status status="PASS" starttime="20230308 06:51:41.807" endtime="20230308 06:51:41.807"/>
</kw>
<kw name="Set Variable" library="BuiltIn">
<var>${img}</var>
<arg>manager_${platform}_tab_${tabnamel}.png</arg>
<doc>Returns the given values which can then be assigned to a variables.</doc>
<msg timestamp="20230308 06:51:41.807" level="INFO">${img} = manager_windows_tab_plan.png</msg>
<status status="PASS" starttime="20230308 06:51:41.807" endtime="20230308 06:51:41.807"/>
</kw>
<kw name="Log" library="BuiltIn">
<arg>D:\\a\\rfswarm\\rfswarm\\Tests\\Regression\\Manager</arg>
<doc>Logs the given message with the given level.</doc>
<msg timestamp="20230308 06:51:41.807" level="INFO">D:\a\rfswarm\rfswarm\Tests\Regression\Manager</msg>
<status status="PASS" starttime="20230308 06:51:41.807" endtime="20230308 06:51:41.807"/>
</kw>
<kw name="Log" library="BuiltIn">
<arg>${IMAGE_DIR}</arg>
<doc>Logs the given message with the given level.</doc>
<msg timestamp="20230308 06:51:41.807" level="INFO">D:\a\rfswarm\rfswarm\Tests\Regression\Manager/Images/file_method</msg>
<status status="PASS" starttime="20230308 06:51:41.807" endtime="20230308 06:51:41.807"/>
</kw>
<kw name="Wait For" library="ImageHorizonLibrary">
<arg>${img}</arg>
<arg>timeout=10</arg>
<doc>Tries to locate given image from the screen for given time.</doc>
<msg timestamp="20230308 06:51:41.917" level="INFO">Image "manager_windows_tab_plan.png" found at (82, 115)</msg>
<status status="PASS" starttime="20230308 06:51:41.807" endtime="20230308 06:51:41.917"/>
</kw>
<kw name="Locate" library="ImageHorizonLibrary">
<var>@{coordinates}</var>
<arg>${img}</arg>
<doc>Locate image on screen.</doc>
<msg timestamp="20230308 06:51:42.026" level="INFO">Image "D:\a\rfswarm\rfswarm\Tests\Regression\Manager\Images\file_method\manager_windows_tab_plan.png" found at Box(left=70, top=99, width=25, height=32)</msg>
<msg timestamp="20230308 06:51:42.026" level="INFO">@{coordinates} = [ 82 | 115 ]</msg>
<status status="PASS" starttime="20230308 06:51:41.917" endtime="20230308 06:51:42.026"/>
</kw>
<kw name="Click Image" library="ImageHorizonLibrary">
<arg>${img}</arg>
<doc>Finds the reference image on screen and clicks it once.</doc>
<msg timestamp="20230308 06:51:42.121" level="INFO">Image "D:\a\rfswarm\rfswarm\Tests\Regression\Manager\Images\file_method\manager_windows_tab_plan.png" found at Box(left=70, top=99, width=25, height=32)</msg>
<msg timestamp="20230308 06:51:42.121" level="INFO">Clicking image "manager_windows_tab_plan.png" in position (82, 115)</msg>
<status status="PASS" starttime="20230308 06:51:42.026" endtime="20230308 06:51:42.245"/>
</kw>
<kw name="Sleep" library="BuiltIn">
<arg>0.1</arg>
<doc>Pauses the test executed for the given time.</doc>
<msg timestamp="20230308 06:51:42.354" level="INFO">Slept 100 milliseconds</msg>
<status status="PASS" starttime="20230308 06:51:42.245" endtime="20230308 06:51:42.354"/>
</kw>
<kw name="Take A Screenshot" library="ImageHorizonLibrary">
<doc>Takes a screenshot of the screen.</doc>
<msg timestamp="20230308 06:51:42.354" level="INFO" html="true">Screenshot taken: D:\a\rfswarm\rfswarm\Tests\Regression\Manager\Logs\windows-latest_3.7\Manager.GUIBasic-screenshot-5.png&lt;br/&gt;&lt;img src="D:\a\rfswarm\rfswarm\Tests\Regression\Manager\Logs\windows-latest_3.7\Manager.GUIBasic-screenshot-5.png" width="100%" /&gt;</msg>
<status status="PASS" starttime="20230308 06:51:42.354" endtime="20230308 06:51:42.433"/>
</kw>
<status status="PASS" starttime="20230308 06:51:41.807" endtime="20230308 06:51:42.433"/>
</kw>
<kw name="Sleep" library="BuiltIn">
<arg>5</arg>
<doc>Pauses the test executed for the given time.</doc>
<msg timestamp="20230308 06:51:47.446" level="INFO">Slept 5 seconds</msg>
<status status="PASS" starttime="20230308 06:51:42.433" endtime="20230308 06:51:47.446"/>
</kw>
<tag>macos-latest</tag>
<tag>ubuntu-latest</tag>
<tag>windows-latest</tag>
<status status="PASS" starttime="20230308 06:51:41.807" endtime="20230308 06:51:47.446"/>
</test>
<test id="s1-s2-t6" name="Close GUI" line="64">
<kw name="Press Combination" library="ImageHorizonLibrary">
<arg>Key.esc</arg>
<doc>Press given keyboard keys.</doc>
<status status="PASS" starttime="20230308 06:51:47.446" endtime="20230308 06:51:47.555"/>
</kw>
<kw name="Press Combination" library="ImageHorizonLibrary">
<arg>x</arg>
<arg>Key.ctrl</arg>
<doc>Press given keyboard keys.</doc>
<status status="PASS" starttime="20230308 06:51:47.555" endtime="20230308 06:51:47.665"/>
</kw>
<kw name="Wait For Process" library="Process">
<var>${result}</var>
<arg>${process}</arg>
<arg>timeout=60</arg>
<doc>Waits for the process to complete or to reach the given timeout.</doc>
<msg timestamp="20230308 06:51:47.665" level="INFO">Waiting for process to complete.</msg>
<msg timestamp="20230308 06:51:49.203" level="INFO">Process completed.</msg>
<msg timestamp="20230308 06:51:49.203" level="INFO">${result} = &lt;result object with rc 0&gt;</msg>
<status status="PASS" starttime="20230308 06:51:47.665" endtime="20230308 06:51:49.203"/>
</kw>
<kw name="Is Process Running" library="Process">
<var>${running}</var>
<arg>${process}</arg>
<doc>Checks is the process running or not.</doc>
<msg timestamp="20230308 06:51:49.203" level="INFO">${running} = False</msg>
<status status="PASS" starttime="20230308 06:51:49.203" endtime="20230308 06:51:49.203"/>
</kw>
<if>
<branch type="IF" condition="not ${running}">
<kw name="Should Be Equal As Integers" library="BuiltIn">
<arg>${result.rc}</arg>
<arg>0</arg>
<doc>Fails if objects are unequal after converting them to integers.</doc>
<msg timestamp="20230308 06:51:49.203" level="INFO">Argument types are:
&lt;class 'int'&gt;
&lt;class 'str'&gt;</msg>
<status status="PASS" starttime="20230308 06:51:49.203" endtime="20230308 06:51:49.203"/>
</kw>
<status status="PASS" starttime="20230308 06:51:49.203" endtime="20230308 06:51:49.203"/>
</branch>
<branch type="ELSE">
<kw name="Take A Screenshot" library="ImageHorizonLibrary">
<doc>Takes a screenshot of the screen.</doc>
<status status="NOT RUN" starttime="20230308 06:51:49.203" endtime="20230308 06:51:49.203"/>
</kw>
<kw name="Terminate Process" library="Process">
<var>${result}</var>
<arg>${process}</arg>
<doc>Stops the process gracefully or forcefully.</doc>
<status status="NOT RUN" starttime="20230308 06:51:49.203" endtime="20230308 06:51:49.203"/>
</kw>
<kw name="Fail" library="BuiltIn">
<doc>Fails the test with the given message and optionally alters its tags.</doc>
<status status="NOT RUN" starttime="20230308 06:51:49.203" endtime="20230308 06:51:49.203"/>
</kw>
<status status="NOT RUN" starttime="20230308 06:51:49.203" endtime="20230308 06:51:49.203"/>
</branch>
<status status="PASS" starttime="20230308 06:51:49.203" endtime="20230308 06:51:49.203"/>
</if>
<tag>ubuntu-latest</tag>
<tag>windows-latest</tag>
<status status="PASS" starttime="20230308 06:51:47.446" endtime="20230308 06:51:49.203"/>
</test>
<status status="PASS" starttime="20230308 06:51:13.578" endtime="20230308 06:51:49.203"/>
</suite>
<status status="PASS" starttime="20230308 06:50:07.146" endtime="20230308 06:51:49.203"/>
</suite>
<statistics>
<total>
<stat pass="9" fail="0" skip="0">All Tests</stat>
</total>
<tag>
<stat pass="7" fail="0" skip="0">macos-latest</stat>
<stat pass="8" fail="0" skip="0">ubuntu-latest</stat>
<stat pass="9" fail="0" skip="0">windows-latest</stat>
</tag>
<suite>
<stat pass="9" fail="0" skip="0" id="s1" name="Manager">Manager</stat>
<stat pass="3" fail="0" skip="0" id="s1-s1" name="CommandLine">Manager.CommandLine</stat>
<stat pass="6" fail="0" skip="0" id="s1-s2" name="GUI Basic">Manager.GUI Basic</stat>
</suite>
</statistics>
<errors>
</errors>
</robot>
