<?xml version="1.0" encoding="UTF-8"?>
<robot generator="Robot 6.0.2 (Python 3.7.9 on win32)" generated="20230305 10:58:17.569" rpa="false" schemaversion="3">
<suite id="s1" name="Manager" source="D:\a\rfswarm\rfswarm\Tests\Regression\Manager">
<suite id="s1-s1" name="CommandLine" source="D:\a\rfswarm\rfswarm\Tests\Regression\Manager\CommandLine.robot">
<kw name="Clean Up Old Files" type="SETUP">
<tag>macos-latest</tag>
<tag>ubuntu-latest</tag>
<tag>windows-latest</tag>
<kw name="Log To Console" library="BuiltIn">
<arg>${OUTPUT DIR}</arg>
<doc>Logs the given message to the console.</doc>
<status status="PASS" starttime="20230305 10:58:17.600" endtime="20230305 10:58:17.600"/>
</kw>
<kw name="Remove File" library="OperatingSystem">
<arg>${OUTPUT DIR}${/}*.txt</arg>
<doc>Removes a file with the given path.</doc>
<msg timestamp="20230305 10:58:17.600" level="INFO" html="true">Removed file '&lt;a href="file://D:\a\rfswarm\rfswarm\Tests\Regression\Manager\Logs\windows-latest_3.7\stderr.txt"&gt;D:\a\rfswarm\rfswarm\Tests\Regression\Manager\Logs\windows-latest_3.7\stderr.txt&lt;/a&gt;'.</msg>
<msg timestamp="20230305 10:58:17.600" level="INFO" html="true">Removed file '&lt;a href="file://D:\a\rfswarm\rfswarm\Tests\Regression\Manager\Logs\windows-latest_3.7\stdout.txt"&gt;D:\a\rfswarm\rfswarm\Tests\Regression\Manager\Logs\windows-latest_3.7\stdout.txt&lt;/a&gt;'.</msg>
<status status="PASS" starttime="20230305 10:58:17.600" endtime="20230305 10:58:17.600"/>
</kw>
<kw name="Remove File" library="OperatingSystem">
<arg>${OUTPUT DIR}${/}*.png</arg>
<doc>Removes a file with the given path.</doc>
<msg timestamp="20230305 10:58:17.600" level="INFO" html="true">Removed file '&lt;a href="file://D:\a\rfswarm\rfswarm\Tests\Regression\Manager\Logs\windows-latest_3.7\Manager.GUIBasic-screenshot-1.png"&gt;D:\a\rfswarm\rfswarm\Tests\Regression\Manager\Logs\windows-latest_3.7\Manager.GUIBasic-screenshot-1.png&lt;/a&gt;'.</msg>
<msg timestamp="20230305 10:58:17.600" level="INFO" html="true">Removed file '&lt;a href="file://D:\a\rfswarm\rfswarm\Tests\Regression\Manager\Logs\windows-latest_3.7\Manager.GUIBasic-screenshot-2.png"&gt;D:\a\rfswarm\rfswarm\Tests\Regression\Manager\Logs\windows-latest_3.7\Manager.GUIBasic-screenshot-2.png&lt;/a&gt;'.</msg>
<status status="PASS" starttime="20230305 10:58:17.600" endtime="20230305 10:58:17.616"/>
</kw>
<status status="PASS" starttime="20230305 10:58:17.600" endtime="20230305 10:58:17.616"/>
</kw>
<test id="s1-s1-t1" name="Random Offset" line="7">
<kw name="Evaluate" library="BuiltIn">
<var>${random}</var>
<arg>random.randint(0, 60)</arg>
<doc>Evaluates the given expression in Python and returns the result.</doc>
<msg timestamp="20230305 10:58:17.616" level="INFO">${random} = 37</msg>
<status status="PASS" starttime="20230305 10:58:17.616" endtime="20230305 10:58:17.616"/>
</kw>
<kw name="Sleep" library="BuiltIn">
<arg>${random}</arg>
<doc>Pauses the test executed for the given time.</doc>
<msg timestamp="20230305 10:58:54.627" level="INFO">Slept 37 seconds</msg>
<status status="PASS" starttime="20230305 10:58:17.616" endtime="20230305 10:58:54.627"/>
</kw>
<doc>This just prevents all the test runners doing git push at the same time</doc>
<tag>macos-latest</tag>
<tag>ubuntu-latest</tag>
<tag>windows-latest</tag>
<status status="PASS" starttime="20230305 10:58:17.616" endtime="20230305 10:58:54.627"/>
</test>
<test id="s1-s1-t2" name="Manager Version" line="13">
<kw name="Run" library="OperatingSystem">
<var>${result}</var>
<arg>python3 ${EXECDIR}${/}rfswarm_manager${/}rfswarm.py -v</arg>
<doc>Runs the given command in the system and returns the output.</doc>
<msg timestamp="20230305 10:58:54.627" level="INFO">Running command 'python3 D:\a\rfswarm\rfswarm\rfswarm_manager\rfswarm.py -v 2&gt;&amp;1'.</msg>
<msg timestamp="20230305 10:59:04.256" level="INFO">${result} = Matplotlib is building the font cache; this may take a moment.
Robot Framework Swarm: Manager 
	Version 1.1.0 </msg>
<status status="PASS" starttime="20230305 10:58:54.627" endtime="20230305 10:59:04.256"/>
</kw>
<kw name="Log To Console" library="BuiltIn">
<arg>${\n}${result}</arg>
<doc>Logs the given message to the console.</doc>
<status status="PASS" starttime="20230305 10:59:04.256" endtime="20230305 10:59:04.256"/>
</kw>
<kw name="Should Contain" library="BuiltIn">
<arg>${result}</arg>
<arg>Version</arg>
<doc>Fails if ``container`` does not contain ``item`` one or more times.</doc>
<status status="PASS" starttime="20230305 10:59:04.256" endtime="20230305 10:59:04.256"/>
</kw>
<kw name="Should Contain" library="BuiltIn">
<arg>${result}</arg>
<arg>Manager</arg>
<doc>Fails if ``container`` does not contain ``item`` one or more times.</doc>
<status status="PASS" starttime="20230305 10:59:04.256" endtime="20230305 10:59:04.256"/>
</kw>
<tag>macos-latest</tag>
<tag>ubuntu-latest</tag>
<tag>windows-latest</tag>
<status status="PASS" starttime="20230305 10:58:54.627" endtime="20230305 10:59:04.256"/>
</test>
<test id="s1-s1-t3" name="Manager Help" line="20">
<kw name="Run" library="OperatingSystem">
<var>${result}</var>
<arg>python3 ${EXECDIR}${/}rfswarm_manager${/}rfswarm.py -h</arg>
<doc>Runs the given command in the system and returns the output.</doc>
<msg timestamp="20230305 10:59:04.256" level="INFO">Running command 'python3 D:\a\rfswarm\rfswarm\rfswarm_manager\rfswarm.py -h 2&gt;&amp;1'.</msg>
<msg timestamp="20230305 10:59:05.490" level="INFO">${result} = Robot Framework Swarm: Manager 
	Version 1.1.0 
usage: rfswarm.py [-h] [-g DEBUG] [-v] [-i INI] [-s SCENARIO] [-r] [-a AGENTS]
                  [-n] [-t STARTTIME] [-d DIR] [-e IPADDRESS] [-p PORT]

...</msg>
<status status="PASS" starttime="20230305 10:59:04.256" endtime="20230305 10:59:05.490"/>
</kw>
<kw name="Log To Console" library="BuiltIn">
<arg>${\n}${result}</arg>
<doc>Logs the given message to the console.</doc>
<status status="PASS" starttime="20230305 10:59:05.490" endtime="20230305 10:59:05.490"/>
</kw>
<kw name="Should Contain" library="BuiltIn">
<arg>${result}</arg>
<arg>IPADDRESS</arg>
<doc>Fails if ``container`` does not contain ``item`` one or more times.</doc>
<status status="PASS" starttime="20230305 10:59:05.490" endtime="20230305 10:59:05.490"/>
</kw>
<tag>macos-latest</tag>
<tag>ubuntu-latest</tag>
<tag>windows-latest</tag>
<status status="PASS" starttime="20230305 10:59:04.256" endtime="20230305 10:59:05.490"/>
</test>
<status status="PASS" starttime="20230305 10:58:17.600" endtime="20230305 10:59:05.490"/>
</suite>
<suite id="s1-s2" name="GUI Basic" source="D:\a\rfswarm\rfswarm\Tests\Regression\Manager\GUI_Basic.robot">
<test id="s1-s2-t1" name="GUI Runs and Closes" line="21">
<kw name="Set Suite Variable" library="BuiltIn">
<arg>${platform}</arg>
<arg>windows</arg>
<doc>Makes a variable available everywhere within the scope of the current suite.</doc>
<msg timestamp="20230305 10:59:06.460" level="INFO">${platform} = windows</msg>
<status status="PASS" starttime="20230305 10:59:06.460" endtime="20230305 10:59:06.460"/>
</kw>
<kw name="Start Process" library="Process">
<arg>python3</arg>
<arg>${pyfile}</arg>
<arg>alias=Manager</arg>
<arg>stdout=${OUTPUT DIR}${/}stdout.txt</arg>
<arg>stderr=${OUTPUT DIR}${/}stderr.txt</arg>
<doc>Starts a new process on background.</doc>
<msg timestamp="20230305 10:59:06.460" level="INFO">Starting process:
python3 D:\a\rfswarm\rfswarm\rfswarm_manager\rfswarm.py</msg>
<status status="PASS" starttime="20230305 10:59:06.460" endtime="20230305 10:59:06.460"/>
</kw>
<kw name="Sleep" library="BuiltIn">
<arg>60</arg>
<doc>Pauses the test executed for the given time.</doc>
<msg timestamp="20230305 11:00:06.463" level="INFO">Slept 1 minute</msg>
<status status="PASS" starttime="20230305 10:59:06.460" endtime="20230305 11:00:06.463"/>
</kw>
<kw name="Set Screenshot Folder" library="ImageHorizonLibrary">
<arg>${OUTPUT DIR}</arg>
<doc>Sets the folder where screenshots are saved to.</doc>
<status status="PASS" starttime="20230305 11:00:06.463" endtime="20230305 11:00:06.463"/>
</kw>
<kw name="Take A Screenshot" library="ImageHorizonLibrary">
<doc>Takes a screenshot of the screen.</doc>
<msg timestamp="20230305 11:00:06.463" level="INFO" html="true">Screenshot taken: D:\a\rfswarm\rfswarm\Tests\Regression\Manager\Logs\windows-latest_3.7\Manager.GUIBasic-screenshot-1.png&lt;br/&gt;&lt;img src="D:\a\rfswarm\rfswarm\Tests\Regression\Manager\Logs\windows-latest_3.7\Manager.GUIBasic-screenshot-1.png" width="100%" /&gt;</msg>
<status status="PASS" starttime="20230305 11:00:06.463" endtime="20230305 11:00:06.556"/>
</kw>
<tag>windows-latest</tag>
<status status="PASS" starttime="20230305 10:59:06.444" endtime="20230305 11:00:06.556"/>
</test>
<test id="s1-s2-t2" name="Select Run Tab" line="40">
<kw name="Click Run Tab">
<kw name="Wait For" library="ImageHorizonLibrary">
<arg>manager_${platform}_run_tab.png</arg>
<arg>timeout=10</arg>
<doc>Tries to locate given image from the screen for given time.</doc>
<msg timestamp="20230305 11:00:06.650" level="INFO">Image "manager_windows_run_tab.png" found at (113, 119)</msg>
<status status="PASS" starttime="20230305 11:00:06.556" endtime="20230305 11:00:06.650"/>
</kw>
<kw name="Locate" library="ImageHorizonLibrary">
<var>@{coordinates}</var>
<arg>manager_${platform}_run_tab.png</arg>
<doc>Locate image on screen.</doc>
<msg timestamp="20230305 11:00:06.759" level="INFO">Image "D:\a\rfswarm\rfswarm\Tests\Regression\Manager\img\manager_windows_run_tab.png" found at Box(left=101, top=109, width=24, height=21)</msg>
<msg timestamp="20230305 11:00:06.759" level="INFO">@{coordinates} = [ 113 | 119 ]</msg>
<status status="PASS" starttime="20230305 11:00:06.650" endtime="20230305 11:00:06.759"/>
</kw>
<kw name="Click Image" library="ImageHorizonLibrary">
<arg>manager_${platform}_run_tab.png</arg>
<doc>Finds the reference image on screen and clicks it once.</doc>
<msg timestamp="20230305 11:00:06.869" level="INFO">Image "D:\a\rfswarm\rfswarm\Tests\Regression\Manager\img\manager_windows_run_tab.png" found at Box(left=101, top=109, width=24, height=21)</msg>
<msg timestamp="20230305 11:00:06.869" level="INFO">Clicking image "manager_windows_run_tab.png" in position (113, 119)</msg>
<status status="PASS" starttime="20230305 11:00:06.759" endtime="20230305 11:00:06.994"/>
</kw>
<kw name="Take A Screenshot" library="ImageHorizonLibrary">
<doc>Takes a screenshot of the screen.</doc>
<msg timestamp="20230305 11:00:06.994" level="INFO" html="true">Screenshot taken: D:\a\rfswarm\rfswarm\Tests\Regression\Manager\Logs\windows-latest_3.7\Manager.GUIBasic-screenshot-2.png&lt;br/&gt;&lt;img src="D:\a\rfswarm\rfswarm\Tests\Regression\Manager\Logs\windows-latest_3.7\Manager.GUIBasic-screenshot-2.png" width="100%" /&gt;</msg>
<status status="PASS" starttime="20230305 11:00:06.994" endtime="20230305 11:00:07.072"/>
</kw>
<status status="PASS" starttime="20230305 11:00:06.556" endtime="20230305 11:00:07.072"/>
</kw>
<tag>macos-latest</tag>
<tag>ubuntu-latest</tag>
<tag>windows-latest</tag>
<status status="PASS" starttime="20230305 11:00:06.556" endtime="20230305 11:00:07.072"/>
</test>
<status status="PASS" starttime="20230305 10:59:05.490" endtime="20230305 11:00:07.072"/>
</suite>
<status status="PASS" starttime="20230305 10:58:17.569" endtime="20230305 11:00:07.072"/>
</suite>
<statistics>
<total>
<stat pass="5" fail="0" skip="0">All Tests</stat>
</total>
<tag>
<stat pass="4" fail="0" skip="0">macos-latest</stat>
<stat pass="4" fail="0" skip="0">ubuntu-latest</stat>
<stat pass="5" fail="0" skip="0">windows-latest</stat>
</tag>
<suite>
<stat pass="5" fail="0" skip="0" id="s1" name="Manager">Manager</stat>
<stat pass="3" fail="0" skip="0" id="s1-s1" name="CommandLine">Manager.CommandLine</stat>
<stat pass="2" fail="0" skip="0" id="s1-s2" name="GUI Basic">Manager.GUI Basic</stat>
</suite>
</statistics>
<errors>
</errors>
</robot>
