<?xml version="1.0" encoding="UTF-8"?>
<robot generator="Robot 6.0.2 (Python 3.11.2 on darwin)" generated="20230305 13:17:51.219" rpa="false" schemaversion="3">
<suite id="s1" name="Reporter" source="/Users/runner/work/rfswarm/rfswarm/Tests/Regression/Reporter">
<suite id="s1-s1" name="CommandLine" source="/Users/runner/work/rfswarm/rfswarm/Tests/Regression/Reporter/CommandLine.robot">
<test id="s1-s1-t1" name="Reporter Version" line="10">
<kw name="Run" library="OperatingSystem">
<var>${result}</var>
<arg>python3 ${EXECDIR}${/}rfswarm_reporter${/}rfswarm_reporter.py -v</arg>
<doc>Runs the given command in the system and returns the output.</doc>
<msg timestamp="20230305 13:17:51.329" level="INFO">Running command 'python3 /Users/runner/work/rfswarm/rfswarm/rfswarm_reporter/rfswarm_reporter.py -v 2&gt;&amp;1'.</msg>
<msg timestamp="20230305 13:18:01.941" level="INFO">${result} = Robot Framework Swarm: Reporter 
	Version 1.1.0 </msg>
<status status="PASS" starttime="20230305 13:17:51.263" endtime="20230305 13:18:01.941"/>
</kw>
<kw name="Log To Console" library="BuiltIn">
<arg>${\n}${result}</arg>
<doc>Logs the given message to the console.</doc>
<status status="PASS" starttime="20230305 13:18:01.941" endtime="20230305 13:18:01.942"/>
</kw>
<kw name="Should Contain" library="BuiltIn">
<arg>${result}</arg>
<arg>Version</arg>
<doc>Fails if ``container`` does not contain ``item`` one or more times.</doc>
<status status="PASS" starttime="20230305 13:18:01.942" endtime="20230305 13:18:01.943"/>
</kw>
<kw name="Should Contain" library="BuiltIn">
<arg>${result}</arg>
<arg>Reporter</arg>
<doc>Fails if ``container`` does not contain ``item`` one or more times.</doc>
<status status="PASS" starttime="20230305 13:18:01.943" endtime="20230305 13:18:01.943"/>
</kw>
<tag>macos-latest</tag>
<tag>ubuntu-latest</tag>
<tag>windows-latest</tag>
<status status="PASS" starttime="20230305 13:17:51.262" endtime="20230305 13:18:01.943"/>
</test>
<test id="s1-s1-t2" name="Reporter Help" line="17">
<kw name="Run" library="OperatingSystem">
<var>${result}</var>
<arg>python3 ${EXECDIR}${/}rfswarm_reporter${/}rfswarm_reporter.py -h</arg>
<doc>Runs the given command in the system and returns the output.</doc>
<msg timestamp="20230305 13:18:01.948" level="INFO">Running command 'python3 /Users/runner/work/rfswarm/rfswarm/rfswarm_reporter/rfswarm_reporter.py -h 2&gt;&amp;1'.</msg>
<msg timestamp="20230305 13:18:03.290" level="INFO">${result} = Robot Framework Swarm: Reporter 
	Version 1.1.0 
usage: rfswarm_reporter.py [-h] [-g DEBUG] [-v] [-i INI] [-n] [-d DIR]
                           [-t TEMPLATE] [--html] [--docx] [--xlsx]

options:
  ...</msg>
<status status="PASS" starttime="20230305 13:18:01.944" endtime="20230305 13:18:03.291"/>
</kw>
<kw name="Log To Console" library="BuiltIn">
<arg>${\n}${result}</arg>
<doc>Logs the given message to the console.</doc>
<status status="PASS" starttime="20230305 13:18:03.291" endtime="20230305 13:18:03.292"/>
</kw>
<kw name="Should Contain" library="BuiltIn">
<arg>${result}</arg>
<arg>Excel</arg>
<doc>Fails if ``container`` does not contain ``item`` one or more times.</doc>
<status status="PASS" starttime="20230305 13:18:03.292" endtime="20230305 13:18:03.292"/>
</kw>
<tag>macos-latest</tag>
<tag>ubuntu-latest</tag>
<tag>windows-latest</tag>
<status status="PASS" starttime="20230305 13:18:01.944" endtime="20230305 13:18:03.292"/>
</test>
<status status="PASS" starttime="20230305 13:17:51.247" endtime="20230305 13:18:03.294"/>
</suite>
<suite id="s1-s2" name="GUI Basic" source="/Users/runner/work/rfswarm/rfswarm/Tests/Regression/Reporter/GUI_Basic.robot">
<test id="s1-s2-t1" name="GUI Runs and Closes" line="12">
<kw name="Set Suite Variable" library="BuiltIn">
<arg>${platform}</arg>
<arg>macos</arg>
<doc>Makes a variable available everywhere within the scope of the current suite.</doc>
<msg timestamp="20230305 13:18:09.094" level="INFO">${platform} = macos</msg>
<status status="PASS" starttime="20230305 13:18:09.093" endtime="20230305 13:18:09.094"/>
</kw>
<kw name="Set Confidence" library="ImageHorizonLibrary">
<arg>0.9</arg>
<doc>Sets the accuracy when finding images.</doc>
<status status="PASS" starttime="20230305 13:18:09.094" endtime="20230305 13:18:09.095"/>
</kw>
<kw name="Start Process" library="Process">
<arg>python3</arg>
<arg>${pyfile}</arg>
<arg>-g</arg>
<arg>5</arg>
<arg>alias=Manager</arg>
<arg>stdout=${OUTPUT DIR}${/}stdout.txt</arg>
<arg>stderr=${OUTPUT DIR}${/}stderr.txt</arg>
<doc>Starts a new process on background.</doc>
<msg timestamp="20230305 13:18:09.096" level="INFO">Starting process:
python3 /Users/runner/work/rfswarm/rfswarm/rfswarm_reporter/rfswarm_reporter.py -g 5</msg>
<status status="PASS" starttime="20230305 13:18:09.095" endtime="20230305 13:18:09.103"/>
</kw>
<kw name="Sleep" library="BuiltIn">
<arg>60</arg>
<doc>Pauses the test executed for the given time.</doc>
<msg timestamp="20230305 13:19:09.126" level="INFO">Slept 1 minute</msg>
<status status="PASS" starttime="20230305 13:18:09.103" endtime="20230305 13:19:09.126"/>
</kw>
<kw name="Set Screenshot Folder" library="ImageHorizonLibrary">
<arg>${OUTPUT DIR}</arg>
<doc>Sets the folder where screenshots are saved to.</doc>
<status status="PASS" starttime="20230305 13:19:09.127" endtime="20230305 13:19:09.127"/>
</kw>
<kw name="Take A Screenshot" library="ImageHorizonLibrary">
<doc>Takes a screenshot of the screen.</doc>
<msg timestamp="20230305 13:19:09.128" level="INFO" html="true">Screenshot taken: /Users/runner/work/rfswarm/rfswarm/Tests/Regression/Reporter/Logs/macos-latest_3.11/Reporter.GUIBasic-screenshot-1.png&lt;br/&gt;&lt;img src="/Users/runner/work/rfswarm/rfswarm/Tests/Regression/Reporter/Logs/macos-latest_3.11/Reporter.GUIBasic-screenshot-1.png" width="100%" /&gt;</msg>
<status status="PASS" starttime="20230305 13:19:09.127" endtime="20230305 13:19:09.759"/>
</kw>
<tag>macos-latest</tag>
<status status="PASS" starttime="20230305 13:18:09.092" endtime="20230305 13:19:09.760"/>
</test>
<status status="PASS" starttime="20230305 13:18:03.295" endtime="20230305 13:19:09.761"/>
</suite>
<status status="PASS" starttime="20230305 13:17:51.221" endtime="20230305 13:19:09.762"/>
</suite>
<statistics>
<total>
<stat pass="3" fail="0" skip="0">All Tests</stat>
</total>
<tag>
<stat pass="3" fail="0" skip="0">macos-latest</stat>
<stat pass="2" fail="0" skip="0">ubuntu-latest</stat>
<stat pass="2" fail="0" skip="0">windows-latest</stat>
</tag>
<suite>
<stat pass="3" fail="0" skip="0" id="s1" name="Reporter">Reporter</stat>
<stat pass="2" fail="0" skip="0" id="s1-s1" name="CommandLine">Reporter.CommandLine</stat>
<stat pass="1" fail="0" skip="0" id="s1-s2" name="GUI Basic">Reporter.GUI Basic</stat>
</suite>
</statistics>
<errors>
</errors>
</robot>
