<?xml version="1.0" encoding="UTF-8"?>
<robot generator="Robot 6.0.2 (Python 3.11.3 on darwin)" generated="20230529 12:03:06.242" rpa="false" schemaversion="3">
<suite id="s1" name="Reporter" source="/Users/runner/work/rfswarm/rfswarm/Tests/Regression/Reporter">
<suite id="s1-s1" name="CommandLine" source="/Users/runner/work/rfswarm/rfswarm/Tests/Regression/Reporter/CommandLine.robot">
<kw name="Clean Up Old Files" type="SETUP">
<tag>macos-latest</tag>
<tag>ubuntu-latest</tag>
<tag>windows-latest</tag>
<kw name="Log To Console" library="BuiltIn">
<arg>${OUTPUT DIR}</arg>
<doc>Logs the given message to the console.</doc>
<status status="PASS" starttime="20230529 12:03:06.287" endtime="20230529 12:03:06.287"/>
</kw>
<kw name="Remove File" library="OperatingSystem">
<arg>${OUTPUT DIR}${/}*.txt</arg>
<doc>Removes a file with the given path.</doc>
<msg timestamp="20230529 12:03:06.288" level="INFO" html="true">Removed file '&lt;a href="file:///Users/runner/work/rfswarm/rfswarm/Tests/Regression/Reporter/Logs/macos-latest_3.11/stdout.txt"&gt;/Users/runner/work/rfswarm/rfswarm/Tests/Regression/Reporter/Logs/macos-latest_3.11/stdout.txt&lt;/a&gt;'.</msg>
<msg timestamp="20230529 12:03:06.288" level="INFO" html="true">Removed file '&lt;a href="file:///Users/runner/work/rfswarm/rfswarm/Tests/Regression/Reporter/Logs/macos-latest_3.11/stderr.txt"&gt;/Users/runner/work/rfswarm/rfswarm/Tests/Regression/Reporter/Logs/macos-latest_3.11/stderr.txt&lt;/a&gt;'.</msg>
<status status="PASS" starttime="20230529 12:03:06.287" endtime="20230529 12:03:06.288"/>
</kw>
<kw name="Remove File" library="OperatingSystem">
<arg>${OUTPUT DIR}${/}*.png</arg>
<doc>Removes a file with the given path.</doc>
<msg timestamp="20230529 12:03:06.289" level="INFO" html="true">Removed file '&lt;a href="file:///Users/runner/work/rfswarm/rfswarm/Tests/Regression/Reporter/Logs/macos-latest_3.11/Reporter.GUIBasic-screenshot-8.png"&gt;/Users/runner/work/rfswarm/rfswarm/Tests/Regression/Reporter/Logs/macos-latest_3.11/Reporter.GUIBasic-screenshot-8.png&lt;/a&gt;'.</msg>
<msg timestamp="20230529 12:03:06.289" level="INFO" html="true">Removed file '&lt;a href="file:///Users/runner/work/rfswarm/rfswarm/Tests/Regression/Reporter/Logs/macos-latest_3.11/Reporter.GUIBasic-screenshot-9.png"&gt;/Users/runner/work/rfswarm/rfswarm/Tests/Regression/Reporter/Logs/macos-latest_3.11/Reporter.GUIBasic-screenshot-9.png&lt;/a&gt;'.</msg>
<msg timestamp="20230529 12:03:06.290" level="INFO" html="true">Removed file '&lt;a href="file:///Users/runner/work/rfswarm/rfswarm/Tests/Regression/Reporter/Logs/macos-latest_3.11/Reporter.GUIBasic-screenshot-12.png"&gt;/Users/runner/work/rfswarm/rfswarm/Tests/Regression/Reporter/Logs/macos-latest_3.11/Reporter.GUIBasic-screenshot-12.png&lt;/a&gt;'.</msg>
<msg timestamp="20230529 12:03:06.290" level="INFO" html="true">Removed file '&lt;a href="file:///Users/runner/work/rfswarm/rfswarm/Tests/Regression/Reporter/Logs/macos-latest_3.11/Reporter.GUIBasic-screenshot-1.png"&gt;/Users/runner/work/rfswarm/rfswarm/Tests/Regression/Reporter/Logs/macos-latest_3.11/Reporter.GUIBasic-screenshot-1.png&lt;/a&gt;'.</msg>
<msg timestamp="20230529 12:03:06.290" level="INFO" html="true">Removed file '&lt;a href="file:///Users/runner/work/rfswarm/rfswarm/Tests/Regression/Reporter/Logs/macos-latest_3.11/Reporter.GUIBasic-screenshot-13.png"&gt;/Users/runner/work/rfswarm/rfswarm/Tests/Regression/Reporter/Logs/macos-latest_3.11/Reporter.GUIBasic-screenshot-13.png&lt;/a&gt;'.</msg>
<msg timestamp="20230529 12:03:06.290" level="INFO" html="true">Removed file '&lt;a href="file:///Users/runner/work/rfswarm/rfswarm/Tests/Regression/Reporter/Logs/macos-latest_3.11/Reporter.GUIBasic-screenshot-11.png"&gt;/Users/runner/work/rfswarm/rfswarm/Tests/Regression/Reporter/Logs/macos-latest_3.11/Reporter.GUIBasic-screenshot-11.png&lt;/a&gt;'.</msg>
<msg timestamp="20230529 12:03:06.291" level="INFO" html="true">Removed file '&lt;a href="file:///Users/runner/work/rfswarm/rfswarm/Tests/Regression/Reporter/Logs/macos-latest_3.11/Reporter.GUIBasic-screenshot-2.png"&gt;/Users/runner/work/rfswarm/rfswarm/Tests/Regression/Reporter/Logs/macos-latest_3.11/Reporter.GUIBasic-screenshot-2.png&lt;/a&gt;'.</msg>
<msg timestamp="20230529 12:03:06.291" level="INFO" html="true">Removed file '&lt;a href="file:///Users/runner/work/rfswarm/rfswarm/Tests/Regression/Reporter/Logs/macos-latest_3.11/Reporter.GUIBasic-screenshot-3.png"&gt;/Users/runner/work/rfswarm/rfswarm/Tests/Regression/Reporter/Logs/macos-latest_3.11/Reporter.GUIBasic-screenshot-3.png&lt;/a&gt;'.</msg>
<msg timestamp="20230529 12:03:06.291" level="INFO" html="true">Removed file '&lt;a href="file:///Users/runner/work/rfswarm/rfswarm/Tests/Regression/Reporter/Logs/macos-latest_3.11/Reporter.GUIBasic-screenshot-10.png"&gt;/Users/runner/work/rfswarm/rfswarm/Tests/Regression/Reporter/Logs/macos-latest_3.11/Reporter.GUIBasic-screenshot-10.png&lt;/a&gt;'.</msg>
<msg timestamp="20230529 12:03:06.291" level="INFO" html="true">Removed file '&lt;a href="file:///Users/runner/work/rfswarm/rfswarm/Tests/Regression/Reporter/Logs/macos-latest_3.11/Reporter.GUIBasic-screenshot-7.png"&gt;/Users/runner/work/rfswarm/rfswarm/Tests/Regression/Reporter/Logs/macos-latest_3.11/Reporter.GUIBasic-screenshot-7.png&lt;/a&gt;'.</msg>
<msg timestamp="20230529 12:03:06.291" level="INFO" html="true">Removed file '&lt;a href="file:///Users/runner/work/rfswarm/rfswarm/Tests/Regression/Reporter/Logs/macos-latest_3.11/Reporter.GUIBasic-screenshot-6.png"&gt;/Users/runner/work/rfswarm/rfswarm/Tests/Regression/Reporter/Logs/macos-latest_3.11/Reporter.GUIBasic-screenshot-6.png&lt;/a&gt;'.</msg>
<msg timestamp="20230529 12:03:06.292" level="INFO" html="true">Removed file '&lt;a href="file:///Users/runner/work/rfswarm/rfswarm/Tests/Regression/Reporter/Logs/macos-latest_3.11/Reporter.GUIBasic-screenshot-4.png"&gt;/Users/runner/work/rfswarm/rfswarm/Tests/Regression/Reporter/Logs/macos-latest_3.11/Reporter.GUIBasic-screenshot-4.png&lt;/a&gt;'.</msg>
<msg timestamp="20230529 12:03:06.292" level="INFO" html="true">Removed file '&lt;a href="file:///Users/runner/work/rfswarm/rfswarm/Tests/Regression/Reporter/Logs/macos-latest_3.11/Reporter.GUIBasic-screenshot-5.png"&gt;/Users/runner/work/rfswarm/rfswarm/Tests/Regression/Reporter/Logs/macos-latest_3.11/Reporter.GUIBasic-screenshot-5.png&lt;/a&gt;'.</msg>
<status status="PASS" starttime="20230529 12:03:06.289" endtime="20230529 12:03:06.292"/>
</kw>
<status status="PASS" starttime="20230529 12:03:06.287" endtime="20230529 12:03:06.292"/>
</kw>
<test id="s1-s1-t1" name="Reporter Version" line="16">
<kw name="Run" library="OperatingSystem">
<var>${result}</var>
<arg>python3 ${EXECDIR}${/}rfswarm_reporter${/}rfswarm_reporter.py -v</arg>
<doc>Runs the given command in the system and returns the output.</doc>
<msg timestamp="20230529 12:03:06.296" level="INFO">Running command 'python3 /Users/runner/work/rfswarm/rfswarm/rfswarm_reporter/rfswarm_reporter.py -v 2&gt;&amp;1'.</msg>
<msg timestamp="20230529 12:03:16.859" level="INFO">${result} = Robot Framework Swarm: Reporter 
	Version 1.1.3 </msg>
<status status="PASS" starttime="20230529 12:03:06.293" endtime="20230529 12:03:16.859"/>
</kw>
<kw name="Log To Console" library="BuiltIn">
<arg>${\n}${result}</arg>
<doc>Logs the given message to the console.</doc>
<status status="PASS" starttime="20230529 12:03:16.859" endtime="20230529 12:03:16.860"/>
</kw>
<kw name="Should Contain" library="BuiltIn">
<arg>${result}</arg>
<arg>Version</arg>
<doc>Fails if ``container`` does not contain ``item`` one or more times.</doc>
<status status="PASS" starttime="20230529 12:03:16.860" endtime="20230529 12:03:16.860"/>
</kw>
<kw name="Should Contain" library="BuiltIn">
<arg>${result}</arg>
<arg>Reporter</arg>
<doc>Fails if ``container`` does not contain ``item`` one or more times.</doc>
<status status="PASS" starttime="20230529 12:03:16.861" endtime="20230529 12:03:16.861"/>
</kw>
<tag>macos-latest</tag>
<tag>ubuntu-latest</tag>
<tag>windows-latest</tag>
<status status="PASS" starttime="20230529 12:03:06.292" endtime="20230529 12:03:16.861"/>
</test>
<test id="s1-s1-t2" name="Reporter Help" line="23">
<kw name="Run" library="OperatingSystem">
<var>${result}</var>
<arg>python3 ${EXECDIR}${/}rfswarm_reporter${/}rfswarm_reporter.py -h</arg>
<doc>Runs the given command in the system and returns the output.</doc>
<msg timestamp="20230529 12:03:16.865" level="INFO">Running command 'python3 /Users/runner/work/rfswarm/rfswarm/rfswarm_reporter/rfswarm_reporter.py -h 2&gt;&amp;1'.</msg>
<msg timestamp="20230529 12:03:17.950" level="INFO">${result} = Robot Framework Swarm: Reporter 
	Version 1.1.3 
usage: rfswarm_reporter.py [-h] [-g DEBUG] [-v] [-i INI] [-n] [-d DIR]
                           [-t TEMPLATE] [--html] [--docx] [--xlsx]

options:
  ...</msg>
<status status="PASS" starttime="20230529 12:03:16.862" endtime="20230529 12:03:17.950"/>
</kw>
<kw name="Log To Console" library="BuiltIn">
<arg>${\n}${result}</arg>
<doc>Logs the given message to the console.</doc>
<status status="PASS" starttime="20230529 12:03:17.951" endtime="20230529 12:03:17.952"/>
</kw>
<kw name="Should Contain" library="BuiltIn">
<arg>${result}</arg>
<arg>Excel</arg>
<doc>Fails if ``container`` does not contain ``item`` one or more times.</doc>
<status status="PASS" starttime="20230529 12:03:17.952" endtime="20230529 12:03:17.952"/>
</kw>
<tag>macos-latest</tag>
<tag>ubuntu-latest</tag>
<tag>windows-latest</tag>
<status status="PASS" starttime="20230529 12:03:16.861" endtime="20230529 12:03:17.952"/>
</test>
<test id="s1-s1-t3" name="Command Line Generate HTML" line="29">
<kw name="Set Variable" library="BuiltIn">
<var>${testdata}</var>
<arg>Issue-#144</arg>
<doc>Returns the given values which can then be assigned to a variables.</doc>
<msg timestamp="20230529 12:03:17.954" level="INFO">${testdata} = Issue-#144</msg>
<status status="PASS" starttime="20230529 12:03:17.954" endtime="20230529 12:03:17.954"/>
</kw>
<kw name="Set Variable" library="BuiltIn">
<var>${resultdata}</var>
<arg>20230320_185055_demo</arg>
<doc>Returns the given values which can then be assigned to a variables.</doc>
<msg timestamp="20230529 12:03:17.955" level="INFO">${resultdata} = 20230320_185055_demo</msg>
<status status="PASS" starttime="20230529 12:03:17.954" endtime="20230529 12:03:17.955"/>
</kw>
<kw name="Set Variable" library="BuiltIn">
<var>${basefolder}</var>
<arg>/Users/runner/work/rfswarm/rfswarm/Tests/Regression/Reporter${/}testdata${/}${testdata}</arg>
<doc>Returns the given values which can then be assigned to a variables.</doc>
<msg timestamp="20230529 12:03:17.955" level="INFO">${basefolder} = /Users/runner/work/rfswarm/rfswarm/Tests/Regression/Reporter/testdata/Issue-#144</msg>
<status status="PASS" starttime="20230529 12:03:17.955" endtime="20230529 12:03:17.955"/>
</kw>
<kw name="Should Exist" library="OperatingSystem">
<arg>${basefolder}</arg>
<doc>Fails unless the given path (file or directory) exists.</doc>
<msg timestamp="20230529 12:03:17.955" level="INFO" html="true">Path '&lt;a href="file:///Users/runner/work/rfswarm/rfswarm/Tests/Regression/Reporter/testdata/Issue-#144"&gt;/Users/runner/work/rfswarm/rfswarm/Tests/Regression/Reporter/testdata/Issue-#144&lt;/a&gt;' exists.</msg>
<status status="PASS" starttime="20230529 12:03:17.955" endtime="20230529 12:03:17.955"/>
</kw>
<kw name="Log" library="BuiltIn">
<arg>basefolder: ${basefolder}</arg>
<arg>console=True</arg>
<doc>Logs the given message with the given level.</doc>
<msg timestamp="20230529 12:03:17.956" level="INFO">basefolder: /Users/runner/work/rfswarm/rfswarm/Tests/Regression/Reporter/testdata/Issue-#144</msg>
<status status="PASS" starttime="20230529 12:03:17.956" endtime="20230529 12:03:17.956"/>
</kw>
<kw name="Set Variable" library="BuiltIn">
<var>${resultfolder}</var>
<arg>${basefolder}${/}${resultdata}</arg>
<doc>Returns the given values which can then be assigned to a variables.</doc>
<msg timestamp="20230529 12:03:17.956" level="INFO">${resultfolder} = /Users/runner/work/rfswarm/rfswarm/Tests/Regression/Reporter/testdata/Issue-#144/20230320_185055_demo</msg>
<status status="PASS" starttime="20230529 12:03:17.956" endtime="20230529 12:03:17.956"/>
</kw>
<kw name="Should Exist" library="OperatingSystem">
<arg>${resultfolder}</arg>
<doc>Fails unless the given path (file or directory) exists.</doc>
<msg timestamp="20230529 12:03:17.957" level="INFO" html="true">Path '&lt;a href="file:///Users/runner/work/rfswarm/rfswarm/Tests/Regression/Reporter/testdata/Issue-#144/20230320_185055_demo"&gt;/Users/runner/work/rfswarm/rfswarm/Tests/Regression/Reporter/testdata/Issue-#144/20230320_185055_demo&lt;/a&gt;' exists.</msg>
<status status="PASS" starttime="20230529 12:03:17.956" endtime="20230529 12:03:17.957"/>
</kw>
<kw name="Log" library="BuiltIn">
<arg>resultfolder: ${resultfolder}</arg>
<arg>console=True</arg>
<doc>Logs the given message with the given level.</doc>
<msg timestamp="20230529 12:03:17.957" level="INFO">resultfolder: /Users/runner/work/rfswarm/rfswarm/Tests/Regression/Reporter/testdata/Issue-#144/20230320_185055_demo</msg>
<status status="PASS" starttime="20230529 12:03:17.957" endtime="20230529 12:03:17.957"/>
</kw>
<kw name="Set Variable" library="BuiltIn">
<var>${template}</var>
<arg>${basefolder}${/}90%ileTemplate.template</arg>
<doc>Returns the given values which can then be assigned to a variables.</doc>
<msg timestamp="20230529 12:03:17.958" level="INFO">${template} = /Users/runner/work/rfswarm/rfswarm/Tests/Regression/Reporter/testdata/Issue-#144/90%ileTemplate.template</msg>
<status status="PASS" starttime="20230529 12:03:17.957" endtime="20230529 12:03:17.958"/>
</kw>
<kw name="Should Exist" library="OperatingSystem">
<arg>${template}</arg>
<doc>Fails unless the given path (file or directory) exists.</doc>
<msg timestamp="20230529 12:03:17.958" level="INFO" html="true">Path '&lt;a href="file:///Users/runner/work/rfswarm/rfswarm/Tests/Regression/Reporter/testdata/Issue-#144/90%ileTemplate.template"&gt;/Users/runner/work/rfswarm/rfswarm/Tests/Regression/Reporter/testdata/Issue-#144/90%ileTemplate.template&lt;/a&gt;' exists.</msg>
<status status="PASS" starttime="20230529 12:03:17.958" endtime="20230529 12:03:17.958"/>
</kw>
<kw name="Log" library="BuiltIn">
<arg>template: ${template}</arg>
<arg>console=True</arg>
<doc>Logs the given message with the given level.</doc>
<msg timestamp="20230529 12:03:17.958" level="INFO">template: /Users/runner/work/rfswarm/rfswarm/Tests/Regression/Reporter/testdata/Issue-#144/90%ileTemplate.template</msg>
<status status="PASS" starttime="20230529 12:03:17.958" endtime="20230529 12:03:17.959"/>
</kw>
<kw name="Run" library="OperatingSystem">
<var>${result}</var>
<arg>python3 ${pyfile} -n -g 1 -d ${resultfolder} -t ${template} --html</arg>
<doc>Runs the given command in the system and returns the output.</doc>
<msg timestamp="20230529 12:03:17.964" level="INFO">Running command 'python3 /Users/runner/work/rfswarm/rfswarm/rfswarm_reporter/rfswarm_reporter.py -n -g 1 -d /Users/runner/work/rfswarm/rfswarm/Tests/Regression/Reporter/testdata/Issue-#144/20230320_185055_demo -t /Users/runner/work/rfswarm/rfswarm/Tests/Regression/Reporter/testdata/Issue-#144/90%ileTemplate.template --html 2&gt;&amp;1'.</msg>
<msg timestamp="20230529 12:03:23.532" level="INFO">${result} = </msg>
<status status="PASS" starttime="20230529 12:03:17.959" endtime="20230529 12:03:23.532"/>
</kw>
<kw name="Log" library="BuiltIn">
<arg>result: ${\n}${result}</arg>
<arg>console=True</arg>
<doc>Logs the given message with the given level.</doc>
<msg timestamp="20230529 12:03:23.533" level="INFO">result: 
</msg>
<status status="PASS" starttime="20230529 12:03:23.532" endtime="20230529 12:03:23.533"/>
</kw>
<kw name="Should Not Contain" library="BuiltIn">
<arg>${result}</arg>
<arg>Traceback</arg>
<doc>Fails if ``container`` contains ``item`` one or more times.</doc>
<status status="PASS" starttime="20230529 12:03:23.533" endtime="20230529 12:03:23.533"/>
</kw>
<kw name="Should Exist" library="OperatingSystem">
<arg>${resultfolder}${/}${resultdata}.html</arg>
<doc>Fails unless the given path (file or directory) exists.</doc>
<msg timestamp="20230529 12:03:23.534" level="INFO" html="true">Path '&lt;a href="file:///Users/runner/work/rfswarm/rfswarm/Tests/Regression/Reporter/testdata/Issue-#144/20230320_185055_demo/20230320_185055_demo.html"&gt;/Users/runner/work/rfswarm/rfswarm/Tests/Regression/Reporter/testdata/Issue-#144/20230320_185055_demo/20230320_185055_demo.html&lt;/a&gt;' exists.</msg>
<status status="PASS" starttime="20230529 12:03:23.533" endtime="20230529 12:03:23.534"/>
</kw>
<tag>HTML</tag>
<tag>Issue #144</tag>
<tag>macos-latest</tag>
<tag>ubuntu-latest</tag>
<tag>windows-latest</tag>
<status status="PASS" starttime="20230529 12:03:17.953" endtime="20230529 12:03:23.534"/>
</test>
<test id="s1-s1-t4" name="Command Line Generate Docx" line="47">
<kw name="Set Variable" library="BuiltIn">
<var>${testdata}</var>
<arg>Issue-#144</arg>
<doc>Returns the given values which can then be assigned to a variables.</doc>
<msg timestamp="20230529 12:03:23.535" level="INFO">${testdata} = Issue-#144</msg>
<status status="PASS" starttime="20230529 12:03:23.535" endtime="20230529 12:03:23.535"/>
</kw>
<kw name="Set Variable" library="BuiltIn">
<var>${resultdata}</var>
<arg>20230320_185055_demo</arg>
<doc>Returns the given values which can then be assigned to a variables.</doc>
<msg timestamp="20230529 12:03:23.535" level="INFO">${resultdata} = 20230320_185055_demo</msg>
<status status="PASS" starttime="20230529 12:03:23.535" endtime="20230529 12:03:23.535"/>
</kw>
<kw name="Set Variable" library="BuiltIn">
<var>${basefolder}</var>
<arg>/Users/runner/work/rfswarm/rfswarm/Tests/Regression/Reporter${/}testdata${/}${testdata}</arg>
<doc>Returns the given values which can then be assigned to a variables.</doc>
<msg timestamp="20230529 12:03:23.536" level="INFO">${basefolder} = /Users/runner/work/rfswarm/rfswarm/Tests/Regression/Reporter/testdata/Issue-#144</msg>
<status status="PASS" starttime="20230529 12:03:23.536" endtime="20230529 12:03:23.536"/>
</kw>
<kw name="Should Exist" library="OperatingSystem">
<arg>${basefolder}</arg>
<doc>Fails unless the given path (file or directory) exists.</doc>
<msg timestamp="20230529 12:03:23.536" level="INFO" html="true">Path '&lt;a href="file:///Users/runner/work/rfswarm/rfswarm/Tests/Regression/Reporter/testdata/Issue-#144"&gt;/Users/runner/work/rfswarm/rfswarm/Tests/Regression/Reporter/testdata/Issue-#144&lt;/a&gt;' exists.</msg>
<status status="PASS" starttime="20230529 12:03:23.536" endtime="20230529 12:03:23.536"/>
</kw>
<kw name="Log To Console" library="BuiltIn">
<arg>basefolder: ${basefolder}</arg>
<arg>console=True</arg>
<doc>Logs the given message to the console.</doc>
<status status="PASS" starttime="20230529 12:03:23.536" endtime="20230529 12:03:23.537"/>
</kw>
<kw name="Set Variable" library="BuiltIn">
<var>${resultfolder}</var>
<arg>${basefolder}${/}${resultdata}</arg>
<doc>Returns the given values which can then be assigned to a variables.</doc>
<msg timestamp="20230529 12:03:23.537" level="INFO">${resultfolder} = /Users/runner/work/rfswarm/rfswarm/Tests/Regression/Reporter/testdata/Issue-#144/20230320_185055_demo</msg>
<status status="PASS" starttime="20230529 12:03:23.537" endtime="20230529 12:03:23.537"/>
</kw>
<kw name="Should Exist" library="OperatingSystem">
<arg>${resultfolder}</arg>
<doc>Fails unless the given path (file or directory) exists.</doc>
<msg timestamp="20230529 12:03:23.538" level="INFO" html="true">Path '&lt;a href="file:///Users/runner/work/rfswarm/rfswarm/Tests/Regression/Reporter/testdata/Issue-#144/20230320_185055_demo"&gt;/Users/runner/work/rfswarm/rfswarm/Tests/Regression/Reporter/testdata/Issue-#144/20230320_185055_demo&lt;/a&gt;' exists.</msg>
<status status="PASS" starttime="20230529 12:03:23.537" endtime="20230529 12:03:23.538"/>
</kw>
<kw name="Log" library="BuiltIn">
<arg>resultfolder: ${resultfolder}</arg>
<arg>console=True</arg>
<doc>Logs the given message with the given level.</doc>
<msg timestamp="20230529 12:03:23.538" level="INFO">resultfolder: /Users/runner/work/rfswarm/rfswarm/Tests/Regression/Reporter/testdata/Issue-#144/20230320_185055_demo</msg>
<status status="PASS" starttime="20230529 12:03:23.538" endtime="20230529 12:03:23.538"/>
</kw>
<kw name="Set Variable" library="BuiltIn">
<var>${template}</var>
<arg>${basefolder}${/}90%ileTemplate.template</arg>
<doc>Returns the given values which can then be assigned to a variables.</doc>
<msg timestamp="20230529 12:03:23.539" level="INFO">${template} = /Users/runner/work/rfswarm/rfswarm/Tests/Regression/Reporter/testdata/Issue-#144/90%ileTemplate.template</msg>
<status status="PASS" starttime="20230529 12:03:23.538" endtime="20230529 12:03:23.539"/>
</kw>
<kw name="Should Exist" library="OperatingSystem">
<arg>${template}</arg>
<doc>Fails unless the given path (file or directory) exists.</doc>
<msg timestamp="20230529 12:03:23.539" level="INFO" html="true">Path '&lt;a href="file:///Users/runner/work/rfswarm/rfswarm/Tests/Regression/Reporter/testdata/Issue-#144/90%ileTemplate.template"&gt;/Users/runner/work/rfswarm/rfswarm/Tests/Regression/Reporter/testdata/Issue-#144/90%ileTemplate.template&lt;/a&gt;' exists.</msg>
<status status="PASS" starttime="20230529 12:03:23.539" endtime="20230529 12:03:23.539"/>
</kw>
<kw name="Log" library="BuiltIn">
<arg>template: ${template}</arg>
<arg>console=True</arg>
<doc>Logs the given message with the given level.</doc>
<msg timestamp="20230529 12:03:23.540" level="INFO">template: /Users/runner/work/rfswarm/rfswarm/Tests/Regression/Reporter/testdata/Issue-#144/90%ileTemplate.template</msg>
<status status="PASS" starttime="20230529 12:03:23.539" endtime="20230529 12:03:23.540"/>
</kw>
<kw name="Run" library="OperatingSystem">
<var>${result}</var>
<arg>python3 ${pyfile} -n -g 1 -d ${resultfolder} -t ${template} --docx</arg>
<doc>Runs the given command in the system and returns the output.</doc>
<msg timestamp="20230529 12:03:23.545" level="INFO">Running command 'python3 /Users/runner/work/rfswarm/rfswarm/rfswarm_reporter/rfswarm_reporter.py -n -g 1 -d /Users/runner/work/rfswarm/rfswarm/Tests/Regression/Reporter/testdata/Issue-#144/20230320_185055_demo -t /Users/runner/work/rfswarm/rfswarm/Tests/Regression/Reporter/testdata/Issue-#144/90%ileTemplate.template --docx 2&gt;&amp;1'.</msg>
<msg timestamp="20230529 12:03:30.034" level="INFO">${result} = </msg>
<status status="PASS" starttime="20230529 12:03:23.540" endtime="20230529 12:03:30.034"/>
</kw>
<kw name="Log" library="BuiltIn">
<arg>${\n}${result}</arg>
<arg>console=True</arg>
<doc>Logs the given message with the given level.</doc>
<msg timestamp="20230529 12:03:30.035" level="INFO">
</msg>
<status status="PASS" starttime="20230529 12:03:30.035" endtime="20230529 12:03:30.035"/>
</kw>
<kw name="Should Not Contain" library="BuiltIn">
<arg>${result}</arg>
<arg>Traceback</arg>
<doc>Fails if ``container`` contains ``item`` one or more times.</doc>
<status status="PASS" starttime="20230529 12:03:30.035" endtime="20230529 12:03:30.036"/>
</kw>
<kw name="Should Exist" library="OperatingSystem">
<arg>${resultfolder}${/}${resultdata}.docx</arg>
<doc>Fails unless the given path (file or directory) exists.</doc>
<msg timestamp="20230529 12:03:30.036" level="INFO" html="true">Path '&lt;a href="file:///Users/runner/work/rfswarm/rfswarm/Tests/Regression/Reporter/testdata/Issue-#144/20230320_185055_demo/20230320_185055_demo.docx"&gt;/Users/runner/work/rfswarm/rfswarm/Tests/Regression/Reporter/testdata/Issue-#144/20230320_185055_demo/20230320_185055_demo.docx&lt;/a&gt;' exists.</msg>
<status status="PASS" starttime="20230529 12:03:30.036" endtime="20230529 12:03:30.036"/>
</kw>
<tag>DOCX</tag>
<tag>Issue #144</tag>
<tag>macos-latest</tag>
<tag>ubuntu-latest</tag>
<tag>windows-latest</tag>
<status status="PASS" starttime="20230529 12:03:23.534" endtime="20230529 12:03:30.036"/>
</test>
<test id="s1-s1-t5" name="Command Line Generate Xlsx" line="65">
<kw name="Set Variable" library="BuiltIn">
<var>${testdata}</var>
<arg>Issue-#144</arg>
<doc>Returns the given values which can then be assigned to a variables.</doc>
<msg timestamp="20230529 12:03:30.038" level="INFO">${testdata} = Issue-#144</msg>
<status status="PASS" starttime="20230529 12:03:30.037" endtime="20230529 12:03:30.038"/>
</kw>
<kw name="Set Variable" library="BuiltIn">
<var>${resultdata}</var>
<arg>20230320_185055_demo</arg>
<doc>Returns the given values which can then be assigned to a variables.</doc>
<msg timestamp="20230529 12:03:30.038" level="INFO">${resultdata} = 20230320_185055_demo</msg>
<status status="PASS" starttime="20230529 12:03:30.038" endtime="20230529 12:03:30.038"/>
</kw>
<kw name="Set Variable" library="BuiltIn">
<var>${basefolder}</var>
<arg>/Users/runner/work/rfswarm/rfswarm/Tests/Regression/Reporter${/}testdata${/}${testdata}</arg>
<doc>Returns the given values which can then be assigned to a variables.</doc>
<msg timestamp="20230529 12:03:30.038" level="INFO">${basefolder} = /Users/runner/work/rfswarm/rfswarm/Tests/Regression/Reporter/testdata/Issue-#144</msg>
<status status="PASS" starttime="20230529 12:03:30.038" endtime="20230529 12:03:30.038"/>
</kw>
<kw name="Should Exist" library="OperatingSystem">
<arg>${basefolder}</arg>
<doc>Fails unless the given path (file or directory) exists.</doc>
<msg timestamp="20230529 12:03:30.039" level="INFO" html="true">Path '&lt;a href="file:///Users/runner/work/rfswarm/rfswarm/Tests/Regression/Reporter/testdata/Issue-#144"&gt;/Users/runner/work/rfswarm/rfswarm/Tests/Regression/Reporter/testdata/Issue-#144&lt;/a&gt;' exists.</msg>
<status status="PASS" starttime="20230529 12:03:30.038" endtime="20230529 12:03:30.039"/>
</kw>
<kw name="Log" library="BuiltIn">
<arg>basefolder: ${basefolder}</arg>
<arg>console=True</arg>
<doc>Logs the given message with the given level.</doc>
<msg timestamp="20230529 12:03:30.039" level="INFO">basefolder: /Users/runner/work/rfswarm/rfswarm/Tests/Regression/Reporter/testdata/Issue-#144</msg>
<status status="PASS" starttime="20230529 12:03:30.039" endtime="20230529 12:03:30.039"/>
</kw>
<kw name="Set Variable" library="BuiltIn">
<var>${resultfolder}</var>
<arg>${basefolder}${/}${resultdata}</arg>
<doc>Returns the given values which can then be assigned to a variables.</doc>
<msg timestamp="20230529 12:03:30.039" level="INFO">${resultfolder} = /Users/runner/work/rfswarm/rfswarm/Tests/Regression/Reporter/testdata/Issue-#144/20230320_185055_demo</msg>
<status status="PASS" starttime="20230529 12:03:30.039" endtime="20230529 12:03:30.039"/>
</kw>
<kw name="Should Exist" library="OperatingSystem">
<arg>${resultfolder}</arg>
<doc>Fails unless the given path (file or directory) exists.</doc>
<msg timestamp="20230529 12:03:30.040" level="INFO" html="true">Path '&lt;a href="file:///Users/runner/work/rfswarm/rfswarm/Tests/Regression/Reporter/testdata/Issue-#144/20230320_185055_demo"&gt;/Users/runner/work/rfswarm/rfswarm/Tests/Regression/Reporter/testdata/Issue-#144/20230320_185055_demo&lt;/a&gt;' exists.</msg>
<status status="PASS" starttime="20230529 12:03:30.040" endtime="20230529 12:03:30.040"/>
</kw>
<kw name="Log" library="BuiltIn">
<arg>resultfolder: ${resultfolder}</arg>
<arg>console=True</arg>
<doc>Logs the given message with the given level.</doc>
<msg timestamp="20230529 12:03:30.040" level="INFO">resultfolder: /Users/runner/work/rfswarm/rfswarm/Tests/Regression/Reporter/testdata/Issue-#144/20230320_185055_demo</msg>
<status status="PASS" starttime="20230529 12:03:30.040" endtime="20230529 12:03:30.040"/>
</kw>
<kw name="Set Variable" library="BuiltIn">
<var>${template}</var>
<arg>${basefolder}${/}90%ileTemplate.template</arg>
<doc>Returns the given values which can then be assigned to a variables.</doc>
<msg timestamp="20230529 12:03:30.040" level="INFO">${template} = /Users/runner/work/rfswarm/rfswarm/Tests/Regression/Reporter/testdata/Issue-#144/90%ileTemplate.template</msg>
<status status="PASS" starttime="20230529 12:03:30.040" endtime="20230529 12:03:30.040"/>
</kw>
<kw name="Should Exist" library="OperatingSystem">
<arg>${template}</arg>
<doc>Fails unless the given path (file or directory) exists.</doc>
<msg timestamp="20230529 12:03:30.041" level="INFO" html="true">Path '&lt;a href="file:///Users/runner/work/rfswarm/rfswarm/Tests/Regression/Reporter/testdata/Issue-#144/90%ileTemplate.template"&gt;/Users/runner/work/rfswarm/rfswarm/Tests/Regression/Reporter/testdata/Issue-#144/90%ileTemplate.template&lt;/a&gt;' exists.</msg>
<status status="PASS" starttime="20230529 12:03:30.041" endtime="20230529 12:03:30.041"/>
</kw>
<kw name="Log" library="BuiltIn">
<arg>template: ${template}</arg>
<arg>console=True</arg>
<doc>Logs the given message with the given level.</doc>
<msg timestamp="20230529 12:03:30.041" level="INFO">template: /Users/runner/work/rfswarm/rfswarm/Tests/Regression/Reporter/testdata/Issue-#144/90%ileTemplate.template</msg>
<status status="PASS" starttime="20230529 12:03:30.041" endtime="20230529 12:03:30.041"/>
</kw>
<kw name="Run" library="OperatingSystem">
<var>${result}</var>
<arg>python3 ${pyfile} -n -g 1 -d ${resultfolder} -t ${template} --xlsx</arg>
<doc>Runs the given command in the system and returns the output.</doc>
<msg timestamp="20230529 12:03:30.044" level="INFO">Running command 'python3 /Users/runner/work/rfswarm/rfswarm/rfswarm_reporter/rfswarm_reporter.py -n -g 1 -d /Users/runner/work/rfswarm/rfswarm/Tests/Regression/Reporter/testdata/Issue-#144/20230320_185055_demo -t /Users/runner/work/rfswarm/rfswarm/Tests/Regression/Reporter/testdata/Issue-#144/90%ileTemplate.template --xlsx 2&gt;&amp;1'.</msg>
<msg timestamp="20230529 12:03:35.678" level="INFO">${result} = </msg>
<status status="PASS" starttime="20230529 12:03:30.041" endtime="20230529 12:03:35.678"/>
</kw>
<kw name="Log" library="BuiltIn">
<arg>${\n}${result}</arg>
<arg>console=True</arg>
<doc>Logs the given message with the given level.</doc>
<msg timestamp="20230529 12:03:35.679" level="INFO">
</msg>
<status status="PASS" starttime="20230529 12:03:35.678" endtime="20230529 12:03:35.679"/>
</kw>
<kw name="Should Not Contain" library="BuiltIn">
<arg>${result}</arg>
<arg>Traceback</arg>
<doc>Fails if ``container`` contains ``item`` one or more times.</doc>
<status status="PASS" starttime="20230529 12:03:35.679" endtime="20230529 12:03:35.680"/>
</kw>
<kw name="Should Exist" library="OperatingSystem">
<arg>${resultfolder}${/}${resultdata}.xlsx</arg>
<doc>Fails unless the given path (file or directory) exists.</doc>
<msg timestamp="20230529 12:03:35.680" level="INFO" html="true">Path '&lt;a href="file:///Users/runner/work/rfswarm/rfswarm/Tests/Regression/Reporter/testdata/Issue-#144/20230320_185055_demo/20230320_185055_demo.xlsx"&gt;/Users/runner/work/rfswarm/rfswarm/Tests/Regression/Reporter/testdata/Issue-#144/20230320_185055_demo/20230320_185055_demo.xlsx&lt;/a&gt;' exists.</msg>
<status status="PASS" starttime="20230529 12:03:35.680" endtime="20230529 12:03:35.680"/>
</kw>
<tag>Issue #144</tag>
<tag>macos-latest</tag>
<tag>ubuntu-latest</tag>
<tag>windows-latest</tag>
<tag>XLSX</tag>
<status status="PASS" starttime="20230529 12:03:30.037" endtime="20230529 12:03:35.680"/>
</test>
<status status="PASS" starttime="20230529 12:03:06.268" endtime="20230529 12:03:35.681"/>
</suite>
<suite id="s1-s2" name="GUI Basic" source="/Users/runner/work/rfswarm/rfswarm/Tests/Regression/Reporter/GUI_Basic.robot">
<test id="s1-s2-t1" name="GUI Runs and Closes" line="16">
<kw name="Open GUI">
<kw name="Get Variables" library="BuiltIn">
<var>${var}</var>
<doc>Returns a dictionary containing all variables in the current scope.</doc>
<msg timestamp="20230529 12:03:40.901" level="INFO">${var} = {'${/}': '/', '${:}': ':', '${\\n}': '\n', '${DEBUG_FILE}': 'NONE', '${EXECDIR}': '/Users/runner/work/rfswarm/rfswarm', '${False}': False, '${IMAGE_DIR}': '/Users/runner/work/rfswarm/rfswarm/Tests/Reg...</msg>
<status status="PASS" starttime="20230529 12:03:40.899" endtime="20230529 12:03:40.901"/>
</kw>
<kw name="Log" library="BuiltIn">
<arg>${var}</arg>
<doc>Logs the given message with the given level.</doc>
<msg timestamp="20230529 12:03:40.901" level="INFO">{'${/}': '/', '${:}': ':', '${\\n}': '\n', '${DEBUG_FILE}': 'NONE', '${EXECDIR}': '/Users/runner/work/rfswarm/rfswarm', '${False}': False, '${IMAGE_DIR}': '/Users/runner/work/rfswarm/rfswarm/Tests/Regression/Reporter/Images/file_method', '${LOG_FILE}': '/Users/runner/work/rfswarm/rfswarm/Tests/Regression/Reporter/Logs/macos-latest_3.11/log.html', '${LOG_LEVEL}': 'INFO', '${None}': None, '${null}': None, '${OUTPUT_DIR}': '/Users/runner/work/rfswarm/rfswarm/Tests/Regression/Reporter/Logs/macos-latest_3.11', '${OUTPUT_FILE}': '/Users/runner/work/rfswarm/rfswarm/Tests/Regression/Reporter/Logs/macos-latest_3.11/output.xml', '${PREV_TEST_MESSAGE}': '', '${PREV_TEST_NAME}': 'Command Line Generate Xlsx', '${PREV_TEST_STATUS}': 'PASS', '${process}': 'None', '${pyfile}': '/Users/runner/work/rfswarm/rfswarm/rfswarm_reporter/rfswarm_reporter.py', '${REPORT_FILE}': '/Users/runner/work/rfswarm/rfswarm/Tests/Regression/Reporter/Logs/macos-latest_3.11/report.html', '${SPACE}': ' ', '${SUITE_DOCUMENTATION}': '', '${SUITE_NAME}': 'Reporter.GUI Basic', '${SUITE_SOURCE}': '/Users/runner/work/rfswarm/rfswarm/Tests/Regression/Reporter/GUI_Basic.robot', '${TEMPDIR}': '/var/folders/24/8k48jl6d249_n_qfxwsl6xvm0000gn/T', '${TEST_DOCUMENTATION}': '', '${TEST_NAME}': 'GUI Runs and Closes', '${True}': True, '&amp;{OPTIONS}': {'include': ['macos-latest'], 'exclude': [], 'skip': [], 'skip_on_failure': []}, '&amp;{SUITE_METADATA}': &lt;robot.utils.normalizing.NormalizedDict object at 0x1041efe90&gt;, '@{appargs}': [], '@{TEST_TAGS}': ['macos-latest', 'ubuntu-latest', 'windows-latest']}</msg>
<status status="PASS" starttime="20230529 12:03:40.901" endtime="20230529 12:03:40.901"/>
</kw>
<kw name="Get Platform">
<kw name="Create Dictionary" library="BuiltIn">
<var>&amp;{platforms}</var>
<arg>Linux=ubuntu</arg>
<arg>Darwin=macos</arg>
<arg>Java=notsupported</arg>
<arg>Windows=windows</arg>
<doc>Creates and returns a dictionary based on the given ``items``.</doc>
<msg timestamp="20230529 12:03:40.903" level="INFO">&amp;{platforms} = { Linux=ubuntu | Darwin=macos | Java=notsupported | Windows=windows }</msg>
<status status="PASS" starttime="20230529 12:03:40.902" endtime="20230529 12:03:40.903"/>
</kw>
<kw name="Evaluate" library="BuiltIn">
<var>${os}</var>
<arg>platform.system()</arg>
<arg>platform</arg>
<doc>Evaluates the given expression in Python and returns the result.</doc>
<msg timestamp="20230529 12:03:40.904" level="INFO">${os} = Darwin</msg>
<status status="PASS" starttime="20230529 12:03:40.903" endtime="20230529 12:03:40.904"/>
</kw>
<kw name="Set Suite Variable" library="BuiltIn">
<arg>${platform}</arg>
<arg>${platforms}[${os}]</arg>
<doc>Makes a variable available everywhere within the scope of the current suite.</doc>
<msg timestamp="20230529 12:03:40.905" level="INFO">${platform} = macos</msg>
<status status="PASS" starttime="20230529 12:03:40.904" endtime="20230529 12:03:40.905"/>
</kw>
<status status="PASS" starttime="20230529 12:03:40.901" endtime="20230529 12:03:40.905"/>
</kw>
<kw name="Set Variable" library="BuiltIn">
<var>${keyword}</var>
<arg>Open GUI ${platform}</arg>
<doc>Returns the given values which can then be assigned to a variables.</doc>
<msg timestamp="20230529 12:03:40.905" level="INFO">${keyword} = Open GUI macos</msg>
<status status="PASS" starttime="20230529 12:03:40.905" endtime="20230529 12:03:40.905"/>
</kw>
<kw name="Run Keyword" library="BuiltIn">
<arg>${keyword}</arg>
<arg>@{appargs}</arg>
<doc>Executes the given keyword with the given arguments.</doc>
<kw name="Open GUI macos">
<arg>@{appargs}</arg>
<kw name="Set Suite Variable" library="BuiltIn">
<arg>${platform}</arg>
<arg>macos</arg>
<doc>Makes a variable available everywhere within the scope of the current suite.</doc>
<msg timestamp="20230529 12:03:40.910" level="INFO">${platform} = macos</msg>
<status status="PASS" starttime="20230529 12:03:40.910" endtime="20230529 12:03:40.910"/>
</kw>
<kw name="Set Confidence" library="ImageHorizonLibrary">
<arg>0.9</arg>
<doc>Sets the accuracy when finding images.</doc>
<status status="PASS" starttime="20230529 12:03:40.910" endtime="20230529 12:03:40.911"/>
</kw>
<kw name="Start Process" library="Process">
<arg>python3</arg>
<arg>${pyfile}</arg>
<arg>-g</arg>
<arg>5</arg>
<arg>@{appargs}</arg>
<arg>alias=Reporter</arg>
<arg>stdout=${OUTPUT DIR}${/}stdout.txt</arg>
<arg>stderr=${OUTPUT DIR}${/}stderr.txt</arg>
<doc>Starts a new process on background.</doc>
<msg timestamp="20230529 12:03:40.912" level="INFO">Starting process:
python3 /Users/runner/work/rfswarm/rfswarm/rfswarm_reporter/rfswarm_reporter.py -g 5</msg>
<status status="PASS" starttime="20230529 12:03:40.911" endtime="20230529 12:03:40.919"/>
</kw>
<kw name="Set Screenshot Folder" library="ImageHorizonLibrary">
<arg>${OUTPUT DIR}</arg>
<doc>Sets the folder where screenshots are saved to.</doc>
<status status="PASS" starttime="20230529 12:03:40.919" endtime="20230529 12:03:40.920"/>
</kw>
<kw name="Take A Screenshot" library="ImageHorizonLibrary">
<doc>Takes a screenshot of the screen.</doc>
<msg timestamp="20230529 12:03:40.920" level="INFO" html="true">Screenshot taken: /Users/runner/work/rfswarm/rfswarm/Tests/Regression/Reporter/Logs/macos-latest_3.11/Reporter.GUIBasic-screenshot-1.png&lt;br/&gt;&lt;img src="/Users/runner/work/rfswarm/rfswarm/Tests/Regression/Reporter/Logs/macos-latest_3.11/Reporter.GUIBasic-screenshot-1.png" width="100%" /&gt;</msg>
<status status="PASS" starttime="20230529 12:03:40.920" endtime="20230529 12:03:41.282"/>
</kw>
<status status="PASS" starttime="20230529 12:03:40.910" endtime="20230529 12:03:41.282"/>
</kw>
<status status="PASS" starttime="20230529 12:03:40.906" endtime="20230529 12:03:41.283"/>
</kw>
<status status="PASS" starttime="20230529 12:03:40.899" endtime="20230529 12:03:41.283"/>
</kw>
<kw name="Wait For Status">
<arg>PreviewLoaded</arg>
<kw name="Convert To Lower Case" library="String">
<var>${statusl}</var>
<arg>${status}</arg>
<doc>Converts string to lower case.</doc>
<msg timestamp="20230529 12:03:41.284" level="INFO">${statusl} = previewloaded</msg>
<status status="PASS" starttime="20230529 12:03:41.284" endtime="20230529 12:03:41.284"/>
</kw>
<kw name="Set Variable" library="BuiltIn">
<var>${img}</var>
<arg>reporter_${platform}_status_${statusl}.png</arg>
<doc>Returns the given values which can then be assigned to a variables.</doc>
<msg timestamp="20230529 12:03:41.284" level="INFO">${img} = reporter_macos_status_previewloaded.png</msg>
<status status="PASS" starttime="20230529 12:03:41.284" endtime="20230529 12:03:41.284"/>
</kw>
<kw name="Log" library="BuiltIn">
<arg>/Users/runner/work/rfswarm/rfswarm/Tests/Regression/Reporter</arg>
<doc>Logs the given message with the given level.</doc>
<msg timestamp="20230529 12:03:41.285" level="INFO">/Users/runner/work/rfswarm/rfswarm/Tests/Regression/Reporter</msg>
<status status="PASS" starttime="20230529 12:03:41.285" endtime="20230529 12:03:41.285"/>
</kw>
<kw name="Log" library="BuiltIn">
<arg>${IMAGE_DIR}</arg>
<doc>Logs the given message with the given level.</doc>
<msg timestamp="20230529 12:03:41.285" level="INFO">/Users/runner/work/rfswarm/rfswarm/Tests/Regression/Reporter/Images/file_method</msg>
<status status="PASS" starttime="20230529 12:03:41.285" endtime="20230529 12:03:41.285"/>
</kw>
<kw name="Wait For" library="ImageHorizonLibrary">
<arg>${img}</arg>
<arg>timeout=${timeout}</arg>
<doc>Tries to locate given image from the screen for given time.</doc>
<msg timestamp="20230529 12:03:44.279" level="INFO">Image "reporter_macos_status_previewloaded.png" found at (55, 440)</msg>
<status status="PASS" starttime="20230529 12:03:41.285" endtime="20230529 12:03:44.280"/>
</kw>
<kw name="Locate" library="ImageHorizonLibrary">
<var>@{coordinates}</var>
<arg>${img}</arg>
<doc>Locate image on screen.</doc>
<msg timestamp="20230529 12:03:44.711" level="INFO">Image "/Users/runner/work/rfswarm/rfswarm/Tests/Regression/Reporter/Images/file_method/reporter_macos_status_previewloaded.png" found at Box(left=4, top=431, width=103, height=18)</msg>
<msg timestamp="20230529 12:03:44.712" level="INFO">@{coordinates} = [ 55 | 440 ]</msg>
<status status="PASS" starttime="20230529 12:03:44.280" endtime="20230529 12:03:44.712"/>
</kw>
<kw name="Click Image" library="ImageHorizonLibrary">
<arg>${img}</arg>
<doc>Finds the reference image on screen and clicks it once.</doc>
<msg timestamp="20230529 12:03:45.151" level="INFO">Image "/Users/runner/work/rfswarm/rfswarm/Tests/Regression/Reporter/Images/file_method/reporter_macos_status_previewloaded.png" found at Box(left=4, top=431, width=103, height=18)</msg>
<msg timestamp="20230529 12:03:45.152" level="INFO">Clicking image "reporter_macos_status_previewloaded.png" in position (55, 440)</msg>
<status status="PASS" starttime="20230529 12:03:44.713" endtime="20230529 12:03:45.437"/>
</kw>
<kw name="Sleep" library="BuiltIn">
<arg>0.1</arg>
<doc>Pauses the test executed for the given time.</doc>
<msg timestamp="20230529 12:03:45.539" level="INFO">Slept 100 milliseconds</msg>
<status status="PASS" starttime="20230529 12:03:45.438" endtime="20230529 12:03:45.539"/>
</kw>
<kw name="Take A Screenshot" library="ImageHorizonLibrary">
<doc>Takes a screenshot of the screen.</doc>
<msg timestamp="20230529 12:03:45.541" level="INFO" html="true">Screenshot taken: /Users/runner/work/rfswarm/rfswarm/Tests/Regression/Reporter/Logs/macos-latest_3.11/Reporter.GUIBasic-screenshot-2.png&lt;br/&gt;&lt;img src="/Users/runner/work/rfswarm/rfswarm/Tests/Regression/Reporter/Logs/macos-latest_3.11/Reporter.GUIBasic-screenshot-2.png" width="100%" /&gt;</msg>
<status status="PASS" starttime="20230529 12:03:45.540" endtime="20230529 12:03:45.860"/>
</kw>
<status status="PASS" starttime="20230529 12:03:41.283" endtime="20230529 12:03:45.860"/>
</kw>
<kw name="Close GUI">
<kw name="Set Variable" library="BuiltIn">
<var>${keyword}</var>
<arg>Close GUI ${platform}</arg>
<doc>Returns the given values which can then be assigned to a variables.</doc>
<msg timestamp="20230529 12:03:45.862" level="INFO">${keyword} = Close GUI macos</msg>
<status status="PASS" starttime="20230529 12:03:45.861" endtime="20230529 12:03:45.862"/>
</kw>
<kw name="Is Process Running" library="Process">
<var>${running}</var>
<arg>${process}</arg>
<doc>Checks is the process running or not.</doc>
<msg timestamp="20230529 12:03:45.862" level="INFO">${running} = True</msg>
<status status="PASS" starttime="20230529 12:03:45.862" endtime="20230529 12:03:45.862"/>
</kw>
<if>
<branch type="IF" condition="${running}">
<kw name="Run Keyword" library="BuiltIn">
<arg>${keyword}</arg>
<doc>Executes the given keyword with the given arguments.</doc>
<kw name="Close GUI macos">
<kw name="Click Image" library="ImageHorizonLibrary">
<arg>reporter_${platform}_button_closewindow.png</arg>
<doc>Finds the reference image on screen and clicks it once.</doc>
<msg timestamp="20230529 12:03:46.268" level="INFO">Image "/Users/runner/work/rfswarm/rfswarm/Tests/Regression/Reporter/Images/file_method/reporter_macos_button_closewindow.png" found at Box(left=9, top=31, width=19, height=25)</msg>
<msg timestamp="20230529 12:03:46.269" level="INFO">Clicking image "reporter_macos_button_closewindow.png" in position (18, 43)</msg>
<status status="PASS" starttime="20230529 12:03:45.868" endtime="20230529 12:03:46.450"/>
</kw>
<kw name="Take A Screenshot" library="ImageHorizonLibrary">
<doc>Takes a screenshot of the screen.</doc>
<msg timestamp="20230529 12:03:46.454" level="INFO" html="true">Screenshot taken: /Users/runner/work/rfswarm/rfswarm/Tests/Regression/Reporter/Logs/macos-latest_3.11/Reporter.GUIBasic-screenshot-3.png&lt;br/&gt;&lt;img src="/Users/runner/work/rfswarm/rfswarm/Tests/Regression/Reporter/Logs/macos-latest_3.11/Reporter.GUIBasic-screenshot-3.png" width="100%" /&gt;</msg>
<status status="PASS" starttime="20230529 12:03:46.451" endtime="20230529 12:03:46.956"/>
</kw>
<kw name="Sleep" library="BuiltIn">
<arg>0.5</arg>
<doc>Pauses the test executed for the given time.</doc>
<msg timestamp="20230529 12:03:47.458" level="INFO">Slept 500 milliseconds</msg>
<status status="PASS" starttime="20230529 12:03:46.957" endtime="20230529 12:03:47.458"/>
</kw>
<kw name="End Process If Still Running">
<kw name="Wait For Process" library="Process">
<var>${result}</var>
<arg>${process}</arg>
<arg>timeout=60</arg>
<doc>Waits for the process to complete or to reach the given timeout.</doc>
<msg timestamp="20230529 12:03:47.459" level="INFO">Waiting for process to complete.</msg>
<msg timestamp="20230529 12:03:47.459" level="INFO">Process completed.</msg>
<msg timestamp="20230529 12:03:47.459" level="INFO">${result} = &lt;result object with rc 0&gt;</msg>
<status status="PASS" starttime="20230529 12:03:47.458" endtime="20230529 12:03:47.459"/>
</kw>
<kw name="Is Process Running" library="Process">
<var>${running}</var>
<arg>${process}</arg>
<doc>Checks is the process running or not.</doc>
<msg timestamp="20230529 12:03:47.460" level="INFO">${running} = False</msg>
<status status="PASS" starttime="20230529 12:03:47.459" endtime="20230529 12:03:47.460"/>
</kw>
<if>
<branch type="IF" condition="not ${running}">
<kw name="Check Result">
<arg>${result}</arg>
<kw name="Log" library="BuiltIn">
<arg>${result.stderr}</arg>
<doc>Logs the given message with the given level.</doc>
<msg timestamp="20230529 12:03:47.461" level="INFO"/>
<status status="PASS" starttime="20230529 12:03:47.460" endtime="20230529 12:03:47.461"/>
</kw>
<kw name="Should Not Contain" library="BuiltIn">
<arg>${result.stderr}</arg>
<arg>Traceback</arg>
<doc>Fails if ``container`` contains ``item`` one or more times.</doc>
<status status="PASS" starttime="20230529 12:03:47.462" endtime="20230529 12:03:47.462"/>
</kw>
<kw name="Should Be Equal As Integers" library="BuiltIn">
<arg>${result.rc}</arg>
<arg>0</arg>
<doc>Fails if objects are unequal after converting them to integers.</doc>
<msg timestamp="20230529 12:03:47.463" level="INFO">Argument types are:
&lt;class 'int'&gt;
&lt;class 'str'&gt;</msg>
<status status="PASS" starttime="20230529 12:03:47.462" endtime="20230529 12:03:47.463"/>
</kw>
<status status="PASS" starttime="20230529 12:03:47.460" endtime="20230529 12:03:47.463"/>
</kw>
<status status="PASS" starttime="20230529 12:03:47.460" endtime="20230529 12:03:47.463"/>
</branch>
<branch type="ELSE">
<kw name="Take A Screenshot" library="ImageHorizonLibrary">
<doc>Takes a screenshot of the screen.</doc>
<status status="NOT RUN" starttime="20230529 12:03:47.463" endtime="20230529 12:03:47.463"/>
</kw>
<kw name="Terminate Process" library="Process">
<var>${result}</var>
<arg>${process}</arg>
<doc>Stops the process gracefully or forcefully.</doc>
<status status="NOT RUN" starttime="20230529 12:03:47.464" endtime="20230529 12:03:47.464"/>
</kw>
<kw name="Check Result">
<arg>${result}</arg>
<status status="NOT RUN" starttime="20230529 12:03:47.464" endtime="20230529 12:03:47.464"/>
</kw>
<kw name="Fail" library="BuiltIn">
<arg>Had to Terminate Process</arg>
<doc>Fails the test with the given message and optionally alters its tags.</doc>
<status status="NOT RUN" starttime="20230529 12:03:47.464" endtime="20230529 12:03:47.464"/>
</kw>
<status status="NOT RUN" starttime="20230529 12:03:47.463" endtime="20230529 12:03:47.464"/>
</branch>
<status status="PASS" starttime="20230529 12:03:47.460" endtime="20230529 12:03:47.464"/>
</if>
<status status="PASS" starttime="20230529 12:03:47.458" endtime="20230529 12:03:47.464"/>
</kw>
<status status="PASS" starttime="20230529 12:03:45.868" endtime="20230529 12:03:47.464"/>
</kw>
<status status="PASS" starttime="20230529 12:03:45.863" endtime="20230529 12:03:47.464"/>
</kw>
<status status="PASS" starttime="20230529 12:03:45.862" endtime="20230529 12:03:47.464"/>
</branch>
<branch type="ELSE">
<kw name="Wait For Process" library="Process">
<var>${result}</var>
<arg>${process}</arg>
<arg>timeout=60</arg>
<doc>Waits for the process to complete or to reach the given timeout.</doc>
<status status="NOT RUN" starttime="20230529 12:03:47.465" endtime="20230529 12:03:47.465"/>
</kw>
<kw name="Check Result">
<arg>${result}</arg>
<status status="NOT RUN" starttime="20230529 12:03:47.465" endtime="20230529 12:03:47.465"/>
</kw>
<status status="NOT RUN" starttime="20230529 12:03:47.464" endtime="20230529 12:03:47.465"/>
</branch>
<status status="PASS" starttime="20230529 12:03:45.862" endtime="20230529 12:03:47.465"/>
</if>
<kw name="Sleep" library="BuiltIn">
<arg>0.5</arg>
<doc>Pauses the test executed for the given time.</doc>
<msg timestamp="20230529 12:03:47.984" level="INFO">Slept 500 milliseconds</msg>
<status status="PASS" starttime="20230529 12:03:47.465" endtime="20230529 12:03:47.984"/>
</kw>
<status status="PASS" starttime="20230529 12:03:45.861" endtime="20230529 12:03:47.984"/>
</kw>
<tag>macos-latest</tag>
<tag>ubuntu-latest</tag>
<tag>windows-latest</tag>
<status status="PASS" starttime="20230529 12:03:40.898" endtime="20230529 12:03:47.984"/>
</test>
<test id="s1-s2-t2" name="Select Preview Tab" line="22">
<kw name="Open GUI">
<kw name="Get Variables" library="BuiltIn">
<var>${var}</var>
<doc>Returns a dictionary containing all variables in the current scope.</doc>
<msg timestamp="20230529 12:03:47.986" level="INFO">${var} = {'${/}': '/', '${:}': ':', '${\\n}': '\n', '${DEBUG_FILE}': 'NONE', '${EXECDIR}': '/Users/runner/work/rfswarm/rfswarm', '${False}': False, '${IMAGE_DIR}': '/Users/runner/work/rfswarm/rfswarm/Tests/Reg...</msg>
<status status="PASS" starttime="20230529 12:03:47.986" endtime="20230529 12:03:47.987"/>
</kw>
<kw name="Log" library="BuiltIn">
<arg>${var}</arg>
<doc>Logs the given message with the given level.</doc>
<msg timestamp="20230529 12:03:47.987" level="INFO">{'${/}': '/', '${:}': ':', '${\\n}': '\n', '${DEBUG_FILE}': 'NONE', '${EXECDIR}': '/Users/runner/work/rfswarm/rfswarm', '${False}': False, '${IMAGE_DIR}': '/Users/runner/work/rfswarm/rfswarm/Tests/Regression/Reporter/Images/file_method', '${LOG_FILE}': '/Users/runner/work/rfswarm/rfswarm/Tests/Regression/Reporter/Logs/macos-latest_3.11/log.html', '${LOG_LEVEL}': 'INFO', '${None}': None, '${null}': None, '${OUTPUT_DIR}': '/Users/runner/work/rfswarm/rfswarm/Tests/Regression/Reporter/Logs/macos-latest_3.11', '${OUTPUT_FILE}': '/Users/runner/work/rfswarm/rfswarm/Tests/Regression/Reporter/Logs/macos-latest_3.11/output.xml', '${platform}': 'macos', '${PREV_TEST_MESSAGE}': '', '${PREV_TEST_NAME}': 'GUI Runs and Closes', '${PREV_TEST_STATUS}': 'PASS', '${process}': 'None', '${pyfile}': '/Users/runner/work/rfswarm/rfswarm/rfswarm_reporter/rfswarm_reporter.py', '${REPORT_FILE}': '/Users/runner/work/rfswarm/rfswarm/Tests/Regression/Reporter/Logs/macos-latest_3.11/report.html', '${SPACE}': ' ', '${SUITE_DOCUMENTATION}': '', '${SUITE_NAME}': 'Reporter.GUI Basic', '${SUITE_SOURCE}': '/Users/runner/work/rfswarm/rfswarm/Tests/Regression/Reporter/GUI_Basic.robot', '${TEMPDIR}': '/var/folders/24/8k48jl6d249_n_qfxwsl6xvm0000gn/T', '${TEST_DOCUMENTATION}': '', '${TEST_NAME}': 'Select Preview Tab', '${True}': True, '&amp;{OPTIONS}': {'include': ['macos-latest'], 'exclude': [], 'skip': [], 'skip_on_failure': []}, '&amp;{SUITE_METADATA}': &lt;robot.utils.normalizing.NormalizedDict object at 0x1041efe90&gt;, '@{appargs}': [], '@{TEST_TAGS}': ['macos-latest', 'ubuntu-latest', 'windows-latest']}</msg>
<status status="PASS" starttime="20230529 12:03:47.987" endtime="20230529 12:03:47.987"/>
</kw>
<kw name="Get Platform">
<kw name="Create Dictionary" library="BuiltIn">
<var>&amp;{platforms}</var>
<arg>Linux=ubuntu</arg>
<arg>Darwin=macos</arg>
<arg>Java=notsupported</arg>
<arg>Windows=windows</arg>
<doc>Creates and returns a dictionary based on the given ``items``.</doc>
<msg timestamp="20230529 12:03:47.988" level="INFO">&amp;{platforms} = { Linux=ubuntu | Darwin=macos | Java=notsupported | Windows=windows }</msg>
<status status="PASS" starttime="20230529 12:03:47.987" endtime="20230529 12:03:47.988"/>
</kw>
<kw name="Evaluate" library="BuiltIn">
<var>${os}</var>
<arg>platform.system()</arg>
<arg>platform</arg>
<doc>Evaluates the given expression in Python and returns the result.</doc>
<msg timestamp="20230529 12:03:47.988" level="INFO">${os} = Darwin</msg>
<status status="PASS" starttime="20230529 12:03:47.988" endtime="20230529 12:03:47.988"/>
</kw>
<kw name="Set Suite Variable" library="BuiltIn">
<arg>${platform}</arg>
<arg>${platforms}[${os}]</arg>
<doc>Makes a variable available everywhere within the scope of the current suite.</doc>
<msg timestamp="20230529 12:03:47.989" level="INFO">${platform} = macos</msg>
<status status="PASS" starttime="20230529 12:03:47.988" endtime="20230529 12:03:47.989"/>
</kw>
<status status="PASS" starttime="20230529 12:03:47.987" endtime="20230529 12:03:47.989"/>
</kw>
<kw name="Set Variable" library="BuiltIn">
<var>${keyword}</var>
<arg>Open GUI ${platform}</arg>
<doc>Returns the given values which can then be assigned to a variables.</doc>
<msg timestamp="20230529 12:03:47.989" level="INFO">${keyword} = Open GUI macos</msg>
<status status="PASS" starttime="20230529 12:03:47.989" endtime="20230529 12:03:47.989"/>
</kw>
<kw name="Run Keyword" library="BuiltIn">
<arg>${keyword}</arg>
<arg>@{appargs}</arg>
<doc>Executes the given keyword with the given arguments.</doc>
<kw name="Open GUI macos">
<arg>@{appargs}</arg>
<kw name="Set Suite Variable" library="BuiltIn">
<arg>${platform}</arg>
<arg>macos</arg>
<doc>Makes a variable available everywhere within the scope of the current suite.</doc>
<msg timestamp="20230529 12:03:47.995" level="INFO">${platform} = macos</msg>
<status status="PASS" starttime="20230529 12:03:47.995" endtime="20230529 12:03:47.995"/>
</kw>
<kw name="Set Confidence" library="ImageHorizonLibrary">
<arg>0.9</arg>
<doc>Sets the accuracy when finding images.</doc>
<status status="PASS" starttime="20230529 12:03:47.995" endtime="20230529 12:03:47.995"/>
</kw>
<kw name="Start Process" library="Process">
<arg>python3</arg>
<arg>${pyfile}</arg>
<arg>-g</arg>
<arg>5</arg>
<arg>@{appargs}</arg>
<arg>alias=Reporter</arg>
<arg>stdout=${OUTPUT DIR}${/}stdout.txt</arg>
<arg>stderr=${OUTPUT DIR}${/}stderr.txt</arg>
<doc>Starts a new process on background.</doc>
<msg timestamp="20230529 12:03:47.997" level="INFO">Starting process:
python3 /Users/runner/work/rfswarm/rfswarm/rfswarm_reporter/rfswarm_reporter.py -g 5</msg>
<status status="PASS" starttime="20230529 12:03:47.995" endtime="20230529 12:03:48.004"/>
</kw>
<kw name="Set Screenshot Folder" library="ImageHorizonLibrary">
<arg>${OUTPUT DIR}</arg>
<doc>Sets the folder where screenshots are saved to.</doc>
<status status="PASS" starttime="20230529 12:03:48.004" endtime="20230529 12:03:48.005"/>
</kw>
<kw name="Take A Screenshot" library="ImageHorizonLibrary">
<doc>Takes a screenshot of the screen.</doc>
<msg timestamp="20230529 12:03:48.006" level="INFO" html="true">Screenshot taken: /Users/runner/work/rfswarm/rfswarm/Tests/Regression/Reporter/Logs/macos-latest_3.11/Reporter.GUIBasic-screenshot-4.png&lt;br/&gt;&lt;img src="/Users/runner/work/rfswarm/rfswarm/Tests/Regression/Reporter/Logs/macos-latest_3.11/Reporter.GUIBasic-screenshot-4.png" width="100%" /&gt;</msg>
<status status="PASS" starttime="20230529 12:03:48.005" endtime="20230529 12:03:48.307"/>
</kw>
<status status="PASS" starttime="20230529 12:03:47.994" endtime="20230529 12:03:48.308"/>
</kw>
<status status="PASS" starttime="20230529 12:03:47.989" endtime="20230529 12:03:48.308"/>
</kw>
<status status="PASS" starttime="20230529 12:03:47.985" endtime="20230529 12:03:48.308"/>
</kw>
<kw name="Wait For Status">
<arg>PreviewLoaded</arg>
<kw name="Convert To Lower Case" library="String">
<var>${statusl}</var>
<arg>${status}</arg>
<doc>Converts string to lower case.</doc>
<msg timestamp="20230529 12:03:48.309" level="INFO">${statusl} = previewloaded</msg>
<status status="PASS" starttime="20230529 12:03:48.309" endtime="20230529 12:03:48.309"/>
</kw>
<kw name="Set Variable" library="BuiltIn">
<var>${img}</var>
<arg>reporter_${platform}_status_${statusl}.png</arg>
<doc>Returns the given values which can then be assigned to a variables.</doc>
<msg timestamp="20230529 12:03:48.310" level="INFO">${img} = reporter_macos_status_previewloaded.png</msg>
<status status="PASS" starttime="20230529 12:03:48.309" endtime="20230529 12:03:48.310"/>
</kw>
<kw name="Log" library="BuiltIn">
<arg>/Users/runner/work/rfswarm/rfswarm/Tests/Regression/Reporter</arg>
<doc>Logs the given message with the given level.</doc>
<msg timestamp="20230529 12:03:48.310" level="INFO">/Users/runner/work/rfswarm/rfswarm/Tests/Regression/Reporter</msg>
<status status="PASS" starttime="20230529 12:03:48.310" endtime="20230529 12:03:48.310"/>
</kw>
<kw name="Log" library="BuiltIn">
<arg>${IMAGE_DIR}</arg>
<doc>Logs the given message with the given level.</doc>
<msg timestamp="20230529 12:03:48.311" level="INFO">/Users/runner/work/rfswarm/rfswarm/Tests/Regression/Reporter/Images/file_method</msg>
<status status="PASS" starttime="20230529 12:03:48.311" endtime="20230529 12:03:48.311"/>
</kw>
<kw name="Wait For" library="ImageHorizonLibrary">
<arg>${img}</arg>
<arg>timeout=${timeout}</arg>
<doc>Tries to locate given image from the screen for given time.</doc>
<msg timestamp="20230529 12:03:50.851" level="INFO">Image "reporter_macos_status_previewloaded.png" found at (55, 440)</msg>
<status status="PASS" starttime="20230529 12:03:48.311" endtime="20230529 12:03:50.851"/>
</kw>
<kw name="Locate" library="ImageHorizonLibrary">
<var>@{coordinates}</var>
<arg>${img}</arg>
<doc>Locate image on screen.</doc>
<msg timestamp="20230529 12:03:51.293" level="INFO">Image "/Users/runner/work/rfswarm/rfswarm/Tests/Regression/Reporter/Images/file_method/reporter_macos_status_previewloaded.png" found at Box(left=4, top=431, width=103, height=18)</msg>
<msg timestamp="20230529 12:03:51.294" level="INFO">@{coordinates} = [ 55 | 440 ]</msg>
<status status="PASS" starttime="20230529 12:03:50.851" endtime="20230529 12:03:51.294"/>
</kw>
<kw name="Click Image" library="ImageHorizonLibrary">
<arg>${img}</arg>
<doc>Finds the reference image on screen and clicks it once.</doc>
<msg timestamp="20230529 12:03:51.714" level="INFO">Image "/Users/runner/work/rfswarm/rfswarm/Tests/Regression/Reporter/Images/file_method/reporter_macos_status_previewloaded.png" found at Box(left=4, top=431, width=103, height=18)</msg>
<msg timestamp="20230529 12:03:51.714" level="INFO">Clicking image "reporter_macos_status_previewloaded.png" in position (55, 440)</msg>
<status status="PASS" starttime="20230529 12:03:51.294" endtime="20230529 12:03:51.834"/>
</kw>
<kw name="Sleep" library="BuiltIn">
<arg>0.1</arg>
<doc>Pauses the test executed for the given time.</doc>
<msg timestamp="20230529 12:03:51.936" level="INFO">Slept 100 milliseconds</msg>
<status status="PASS" starttime="20230529 12:03:51.834" endtime="20230529 12:03:51.936"/>
</kw>
<kw name="Take A Screenshot" library="ImageHorizonLibrary">
<doc>Takes a screenshot of the screen.</doc>
<msg timestamp="20230529 12:03:51.936" level="INFO" html="true">Screenshot taken: /Users/runner/work/rfswarm/rfswarm/Tests/Regression/Reporter/Logs/macos-latest_3.11/Reporter.GUIBasic-screenshot-5.png&lt;br/&gt;&lt;img src="/Users/runner/work/rfswarm/rfswarm/Tests/Regression/Reporter/Logs/macos-latest_3.11/Reporter.GUIBasic-screenshot-5.png" width="100%" /&gt;</msg>
<status status="PASS" starttime="20230529 12:03:51.936" endtime="20230529 12:03:52.238"/>
</kw>
<status status="PASS" starttime="20230529 12:03:48.308" endtime="20230529 12:03:52.239"/>
</kw>
<kw name="Click Tab">
<arg>Preview</arg>
<kw name="Convert To Lower Case" library="String">
<var>${tabnamel}</var>
<arg>${tabname}</arg>
<doc>Converts string to lower case.</doc>
<msg timestamp="20230529 12:03:52.240" level="INFO">${tabnamel} = preview</msg>
<status status="PASS" starttime="20230529 12:03:52.240" endtime="20230529 12:03:52.240"/>
</kw>
<kw name="Set Variable" library="BuiltIn">
<var>${img}</var>
<arg>reporter_${platform}_tab_${tabnamel}.png</arg>
<doc>Returns the given values which can then be assigned to a variables.</doc>
<msg timestamp="20230529 12:03:52.240" level="INFO">${img} = reporter_macos_tab_preview.png</msg>
<status status="PASS" starttime="20230529 12:03:52.240" endtime="20230529 12:03:52.240"/>
</kw>
<kw name="Log" library="BuiltIn">
<arg>/Users/runner/work/rfswarm/rfswarm/Tests/Regression/Reporter</arg>
<doc>Logs the given message with the given level.</doc>
<msg timestamp="20230529 12:03:52.241" level="INFO">/Users/runner/work/rfswarm/rfswarm/Tests/Regression/Reporter</msg>
<status status="PASS" starttime="20230529 12:03:52.241" endtime="20230529 12:03:52.241"/>
</kw>
<kw name="Log" library="BuiltIn">
<arg>${IMAGE_DIR}</arg>
<doc>Logs the given message with the given level.</doc>
<msg timestamp="20230529 12:03:52.241" level="INFO">/Users/runner/work/rfswarm/rfswarm/Tests/Regression/Reporter/Images/file_method</msg>
<status status="PASS" starttime="20230529 12:03:52.241" endtime="20230529 12:03:52.241"/>
</kw>
<kw name="Wait For" library="ImageHorizonLibrary">
<arg>${img}</arg>
<arg>timeout=300</arg>
<doc>Tries to locate given image from the screen for given time.</doc>
<msg timestamp="20230529 12:03:52.690" level="INFO">Image "reporter_macos_tab_preview.png" found at (482, 103)</msg>
<status status="PASS" starttime="20230529 12:03:52.241" endtime="20230529 12:03:52.690"/>
</kw>
<kw name="Locate" library="ImageHorizonLibrary">
<var>@{coordinates}</var>
<arg>${img}</arg>
<doc>Locate image on screen.</doc>
<msg timestamp="20230529 12:03:53.111" level="INFO">Image "/Users/runner/work/rfswarm/rfswarm/Tests/Regression/Reporter/Images/file_method/reporter_macos_tab_preview.png" found at Box(left=443, top=89, width=78, height=29)</msg>
<msg timestamp="20230529 12:03:53.112" level="INFO">@{coordinates} = [ 482 | 103 ]</msg>
<status status="PASS" starttime="20230529 12:03:52.690" endtime="20230529 12:03:53.112"/>
</kw>
<kw name="Click Image" library="ImageHorizonLibrary">
<arg>${img}</arg>
<doc>Finds the reference image on screen and clicks it once.</doc>
<msg timestamp="20230529 12:03:53.523" level="INFO">Image "/Users/runner/work/rfswarm/rfswarm/Tests/Regression/Reporter/Images/file_method/reporter_macos_tab_preview.png" found at Box(left=443, top=89, width=78, height=29)</msg>
<msg timestamp="20230529 12:03:53.524" level="INFO">Clicking image "reporter_macos_tab_preview.png" in position (482, 103)</msg>
<status status="PASS" starttime="20230529 12:03:53.112" endtime="20230529 12:03:53.641"/>
</kw>
<kw name="Sleep" library="BuiltIn">
<arg>0.1</arg>
<doc>Pauses the test executed for the given time.</doc>
<msg timestamp="20230529 12:03:53.754" level="INFO">Slept 100 milliseconds</msg>
<status status="PASS" starttime="20230529 12:03:53.642" endtime="20230529 12:03:53.754"/>
</kw>
<kw name="Take A Screenshot" library="ImageHorizonLibrary">
<doc>Takes a screenshot of the screen.</doc>
<msg timestamp="20230529 12:03:53.755" level="INFO" html="true">Screenshot taken: /Users/runner/work/rfswarm/rfswarm/Tests/Regression/Reporter/Logs/macos-latest_3.11/Reporter.GUIBasic-screenshot-6.png&lt;br/&gt;&lt;img src="/Users/runner/work/rfswarm/rfswarm/Tests/Regression/Reporter/Logs/macos-latest_3.11/Reporter.GUIBasic-screenshot-6.png" width="100%" /&gt;</msg>
<status status="PASS" starttime="20230529 12:03:53.754" endtime="20230529 12:03:54.035"/>
</kw>
<status status="PASS" starttime="20230529 12:03:52.239" endtime="20230529 12:03:54.035"/>
</kw>
<kw name="Close GUI">
<kw name="Set Variable" library="BuiltIn">
<var>${keyword}</var>
<arg>Close GUI ${platform}</arg>
<doc>Returns the given values which can then be assigned to a variables.</doc>
<msg timestamp="20230529 12:03:54.037" level="INFO">${keyword} = Close GUI macos</msg>
<status status="PASS" starttime="20230529 12:03:54.036" endtime="20230529 12:03:54.037"/>
</kw>
<kw name="Is Process Running" library="Process">
<var>${running}</var>
<arg>${process}</arg>
<doc>Checks is the process running or not.</doc>
<msg timestamp="20230529 12:03:54.037" level="INFO">${running} = True</msg>
<status status="PASS" starttime="20230529 12:03:54.037" endtime="20230529 12:03:54.037"/>
</kw>
<if>
<branch type="IF" condition="${running}">
<kw name="Run Keyword" library="BuiltIn">
<arg>${keyword}</arg>
<doc>Executes the given keyword with the given arguments.</doc>
<kw name="Close GUI macos">
<kw name="Click Image" library="ImageHorizonLibrary">
<arg>reporter_${platform}_button_closewindow.png</arg>
<doc>Finds the reference image on screen and clicks it once.</doc>
<msg timestamp="20230529 12:03:54.449" level="INFO">Image "/Users/runner/work/rfswarm/rfswarm/Tests/Regression/Reporter/Images/file_method/reporter_macos_button_closewindow.png" found at Box(left=9, top=31, width=19, height=25)</msg>
<msg timestamp="20230529 12:03:54.450" level="INFO">Clicking image "reporter_macos_button_closewindow.png" in position (18, 43)</msg>
<status status="PASS" starttime="20230529 12:03:54.043" endtime="20230529 12:03:54.648"/>
</kw>
<kw name="Take A Screenshot" library="ImageHorizonLibrary">
<doc>Takes a screenshot of the screen.</doc>
<msg timestamp="20230529 12:03:54.649" level="INFO" html="true">Screenshot taken: /Users/runner/work/rfswarm/rfswarm/Tests/Regression/Reporter/Logs/macos-latest_3.11/Reporter.GUIBasic-screenshot-7.png&lt;br/&gt;&lt;img src="/Users/runner/work/rfswarm/rfswarm/Tests/Regression/Reporter/Logs/macos-latest_3.11/Reporter.GUIBasic-screenshot-7.png" width="100%" /&gt;</msg>
<status status="PASS" starttime="20230529 12:03:54.649" endtime="20230529 12:03:55.140"/>
</kw>
<kw name="Sleep" library="BuiltIn">
<arg>0.5</arg>
<doc>Pauses the test executed for the given time.</doc>
<msg timestamp="20230529 12:03:55.649" level="INFO">Slept 500 milliseconds</msg>
<status status="PASS" starttime="20230529 12:03:55.141" endtime="20230529 12:03:55.649"/>
</kw>
<kw name="End Process If Still Running">
<kw name="Wait For Process" library="Process">
<var>${result}</var>
<arg>${process}</arg>
<arg>timeout=60</arg>
<doc>Waits for the process to complete or to reach the given timeout.</doc>
<msg timestamp="20230529 12:03:55.650" level="INFO">Waiting for process to complete.</msg>
<msg timestamp="20230529 12:03:55.650" level="INFO">Process completed.</msg>
<msg timestamp="20230529 12:03:55.651" level="INFO">${result} = &lt;result object with rc 0&gt;</msg>
<status status="PASS" starttime="20230529 12:03:55.650" endtime="20230529 12:03:55.651"/>
</kw>
<kw name="Is Process Running" library="Process">
<var>${running}</var>
<arg>${process}</arg>
<doc>Checks is the process running or not.</doc>
<msg timestamp="20230529 12:03:55.651" level="INFO">${running} = False</msg>
<status status="PASS" starttime="20230529 12:03:55.651" endtime="20230529 12:03:55.651"/>
</kw>
<if>
<branch type="IF" condition="not ${running}">
<kw name="Check Result">
<arg>${result}</arg>
<kw name="Log" library="BuiltIn">
<arg>${result.stderr}</arg>
<doc>Logs the given message with the given level.</doc>
<msg timestamp="20230529 12:03:55.653" level="INFO"/>
<status status="PASS" starttime="20230529 12:03:55.652" endtime="20230529 12:03:55.653"/>
</kw>
<kw name="Should Not Contain" library="BuiltIn">
<arg>${result.stderr}</arg>
<arg>Traceback</arg>
<doc>Fails if ``container`` contains ``item`` one or more times.</doc>
<status status="PASS" starttime="20230529 12:03:55.653" endtime="20230529 12:03:55.653"/>
</kw>
<kw name="Should Be Equal As Integers" library="BuiltIn">
<arg>${result.rc}</arg>
<arg>0</arg>
<doc>Fails if objects are unequal after converting them to integers.</doc>
<msg timestamp="20230529 12:03:55.654" level="INFO">Argument types are:
&lt;class 'int'&gt;
&lt;class 'str'&gt;</msg>
<status status="PASS" starttime="20230529 12:03:55.654" endtime="20230529 12:03:55.654"/>
</kw>
<status status="PASS" starttime="20230529 12:03:55.651" endtime="20230529 12:03:55.654"/>
</kw>
<status status="PASS" starttime="20230529 12:03:55.651" endtime="20230529 12:03:55.654"/>
</branch>
<branch type="ELSE">
<kw name="Take A Screenshot" library="ImageHorizonLibrary">
<doc>Takes a screenshot of the screen.</doc>
<status status="NOT RUN" starttime="20230529 12:03:55.655" endtime="20230529 12:03:55.655"/>
</kw>
<kw name="Terminate Process" library="Process">
<var>${result}</var>
<arg>${process}</arg>
<doc>Stops the process gracefully or forcefully.</doc>
<status status="NOT RUN" starttime="20230529 12:03:55.655" endtime="20230529 12:03:55.655"/>
</kw>
<kw name="Check Result">
<arg>${result}</arg>
<status status="NOT RUN" starttime="20230529 12:03:55.655" endtime="20230529 12:03:55.655"/>
</kw>
<kw name="Fail" library="BuiltIn">
<arg>Had to Terminate Process</arg>
<doc>Fails the test with the given message and optionally alters its tags.</doc>
<status status="NOT RUN" starttime="20230529 12:03:55.655" endtime="20230529 12:03:55.655"/>
</kw>
<status status="NOT RUN" starttime="20230529 12:03:55.655" endtime="20230529 12:03:55.655"/>
</branch>
<status status="PASS" starttime="20230529 12:03:55.651" endtime="20230529 12:03:55.655"/>
</if>
<status status="PASS" starttime="20230529 12:03:55.649" endtime="20230529 12:03:55.655"/>
</kw>
<status status="PASS" starttime="20230529 12:03:54.042" endtime="20230529 12:03:55.656"/>
</kw>
<status status="PASS" starttime="20230529 12:03:54.038" endtime="20230529 12:03:55.656"/>
</kw>
<status status="PASS" starttime="20230529 12:03:54.037" endtime="20230529 12:03:55.656"/>
</branch>
<branch type="ELSE">
<kw name="Wait For Process" library="Process">
<var>${result}</var>
<arg>${process}</arg>
<arg>timeout=60</arg>
<doc>Waits for the process to complete or to reach the given timeout.</doc>
<status status="NOT RUN" starttime="20230529 12:03:55.656" endtime="20230529 12:03:55.656"/>
</kw>
<kw name="Check Result">
<arg>${result}</arg>
<status status="NOT RUN" starttime="20230529 12:03:55.656" endtime="20230529 12:03:55.656"/>
</kw>
<status status="NOT RUN" starttime="20230529 12:03:55.656" endtime="20230529 12:03:55.656"/>
</branch>
<status status="PASS" starttime="20230529 12:03:54.037" endtime="20230529 12:03:55.656"/>
</if>
<kw name="Sleep" library="BuiltIn">
<arg>0.5</arg>
<doc>Pauses the test executed for the given time.</doc>
<msg timestamp="20230529 12:03:56.161" level="INFO">Slept 500 milliseconds</msg>
<status status="PASS" starttime="20230529 12:03:55.657" endtime="20230529 12:03:56.161"/>
</kw>
<status status="PASS" starttime="20230529 12:03:54.036" endtime="20230529 12:03:56.161"/>
</kw>
<tag>macos-latest</tag>
<tag>ubuntu-latest</tag>
<tag>windows-latest</tag>
<status status="PASS" starttime="20230529 12:03:47.985" endtime="20230529 12:03:56.162"/>
</test>
<test id="s1-s2-t3" name="First Run" line="29">
<kw name="Set Variable" library="BuiltIn">
<var>${testdata}</var>
<arg>Issue-#147</arg>
<doc>Returns the given values which can then be assigned to a variables.</doc>
<msg timestamp="20230529 12:03:56.163" level="INFO">${testdata} = Issue-#147</msg>
<status status="PASS" starttime="20230529 12:03:56.163" endtime="20230529 12:03:56.163"/>
</kw>
<kw name="Set Variable" library="BuiltIn">
<var>${resultdata}</var>
<arg>20230320_185055_demo</arg>
<doc>Returns the given values which can then be assigned to a variables.</doc>
<msg timestamp="20230529 12:03:56.163" level="INFO">${resultdata} = 20230320_185055_demo</msg>
<status status="PASS" starttime="20230529 12:03:56.163" endtime="20230529 12:03:56.163"/>
</kw>
<kw name="Set Variable" library="BuiltIn">
<var>${basefolder}</var>
<arg>/Users/runner/work/rfswarm/rfswarm/Tests/Regression/Reporter${/}testdata${/}${testdata}</arg>
<doc>Returns the given values which can then be assigned to a variables.</doc>
<msg timestamp="20230529 12:03:56.164" level="INFO">${basefolder} = /Users/runner/work/rfswarm/rfswarm/Tests/Regression/Reporter/testdata/Issue-#147</msg>
<status status="PASS" starttime="20230529 12:03:56.163" endtime="20230529 12:03:56.164"/>
</kw>
<kw name="Should Exist" library="OperatingSystem">
<arg>${basefolder}</arg>
<doc>Fails unless the given path (file or directory) exists.</doc>
<msg timestamp="20230529 12:03:56.164" level="INFO" html="true">Path '&lt;a href="file:///Users/runner/work/rfswarm/rfswarm/Tests/Regression/Reporter/testdata/Issue-#147"&gt;/Users/runner/work/rfswarm/rfswarm/Tests/Regression/Reporter/testdata/Issue-#147&lt;/a&gt;' exists.</msg>
<status status="PASS" starttime="20230529 12:03:56.164" endtime="20230529 12:03:56.164"/>
</kw>
<kw name="Log To Console" library="BuiltIn">
<arg>basefolder: ${basefolder}</arg>
<arg>console=True</arg>
<doc>Logs the given message to the console.</doc>
<status status="PASS" starttime="20230529 12:03:56.164" endtime="20230529 12:03:56.164"/>
</kw>
<kw name="Set Variable" library="BuiltIn">
<var>${resultfolder}</var>
<arg>${basefolder}${/}${resultdata}</arg>
<doc>Returns the given values which can then be assigned to a variables.</doc>
<msg timestamp="20230529 12:03:56.165" level="INFO">${resultfolder} = /Users/runner/work/rfswarm/rfswarm/Tests/Regression/Reporter/testdata/Issue-#147/20230320_185055_demo</msg>
<status status="PASS" starttime="20230529 12:03:56.165" endtime="20230529 12:03:56.165"/>
</kw>
<kw name="Should Exist" library="OperatingSystem">
<arg>${resultfolder}</arg>
<doc>Fails unless the given path (file or directory) exists.</doc>
<msg timestamp="20230529 12:03:56.165" level="INFO" html="true">Path '&lt;a href="file:///Users/runner/work/rfswarm/rfswarm/Tests/Regression/Reporter/testdata/Issue-#147/20230320_185055_demo"&gt;/Users/runner/work/rfswarm/rfswarm/Tests/Regression/Reporter/testdata/Issue-#147/20230320_185055_demo&lt;/a&gt;' exists.</msg>
<status status="PASS" starttime="20230529 12:03:56.165" endtime="20230529 12:03:56.165"/>
</kw>
<kw name="Log" library="BuiltIn">
<arg>resultfolder: ${resultfolder}</arg>
<arg>console=True</arg>
<doc>Logs the given message with the given level.</doc>
<msg timestamp="20230529 12:03:56.166" level="INFO">resultfolder: /Users/runner/work/rfswarm/rfswarm/Tests/Regression/Reporter/testdata/Issue-#147/20230320_185055_demo</msg>
<status status="PASS" starttime="20230529 12:03:56.166" endtime="20230529 12:03:56.166"/>
</kw>
<kw name="Get Time" library="BuiltIn">
<var>${epoch}</var>
<arg>epoch</arg>
<doc>Returns the given time in the requested format.</doc>
<msg timestamp="20230529 12:03:56.166" level="INFO">${epoch} = 1685361836</msg>
<status status="PASS" starttime="20230529 12:03:56.166" endtime="20230529 12:03:56.166"/>
</kw>
<kw name="Open GUI">
<arg>-i</arg>
<arg>blank_${epoch}.ini</arg>
<arg>-d</arg>
<arg>${resultfolder}</arg>
<kw name="Get Variables" library="BuiltIn">
<var>${var}</var>
<doc>Returns a dictionary containing all variables in the current scope.</doc>
<msg timestamp="20230529 12:03:56.167" level="INFO">${var} = {'${/}': '/', '${:}': ':', '${\\n}': '\n', '${DEBUG_FILE}': 'NONE', '${EXECDIR}': '/Users/runner/work/rfswarm/rfswarm', '${False}': False, '${IMAGE_DIR}': '/Users/runner/work/rfswarm/rfswarm/Tests/Reg...</msg>
<status status="PASS" starttime="20230529 12:03:56.167" endtime="20230529 12:03:56.167"/>
</kw>
<kw name="Log" library="BuiltIn">
<arg>${var}</arg>
<doc>Logs the given message with the given level.</doc>
<msg timestamp="20230529 12:03:56.168" level="INFO">{'${/}': '/', '${:}': ':', '${\\n}': '\n', '${DEBUG_FILE}': 'NONE', '${EXECDIR}': '/Users/runner/work/rfswarm/rfswarm', '${False}': False, '${IMAGE_DIR}': '/Users/runner/work/rfswarm/rfswarm/Tests/Regression/Reporter/Images/file_method', '${LOG_FILE}': '/Users/runner/work/rfswarm/rfswarm/Tests/Regression/Reporter/Logs/macos-latest_3.11/log.html', '${LOG_LEVEL}': 'INFO', '${None}': None, '${null}': None, '${OUTPUT_DIR}': '/Users/runner/work/rfswarm/rfswarm/Tests/Regression/Reporter/Logs/macos-latest_3.11', '${OUTPUT_FILE}': '/Users/runner/work/rfswarm/rfswarm/Tests/Regression/Reporter/Logs/macos-latest_3.11/output.xml', '${platform}': 'macos', '${PREV_TEST_MESSAGE}': '', '${PREV_TEST_NAME}': 'Select Preview Tab', '${PREV_TEST_STATUS}': 'PASS', '${process}': 'None', '${pyfile}': '/Users/runner/work/rfswarm/rfswarm/rfswarm_reporter/rfswarm_reporter.py', '${REPORT_FILE}': '/Users/runner/work/rfswarm/rfswarm/Tests/Regression/Reporter/Logs/macos-latest_3.11/report.html', '${SPACE}': ' ', '${SUITE_DOCUMENTATION}': '', '${SUITE_NAME}': 'Reporter.GUI Basic', '${SUITE_SOURCE}': '/Users/runner/work/rfswarm/rfswarm/Tests/Regression/Reporter/GUI_Basic.robot', '${TEMPDIR}': '/var/folders/24/8k48jl6d249_n_qfxwsl6xvm0000gn/T', '${TEST_DOCUMENTATION}': '', '${TEST_NAME}': 'First Run', '${True}': True, '&amp;{OPTIONS}': {'include': ['macos-latest'], 'exclude': [], 'skip': [], 'skip_on_failure': []}, '&amp;{SUITE_METADATA}': &lt;robot.utils.normalizing.NormalizedDict object at 0x1041efe90&gt;, '@{appargs}': ['-i', 'blank_1685361836.ini', '-d', '/Users/runner/work/rfswarm/rfswarm/Tests/Regression/Reporter/testdata/Issue-#147/20230320_185055_demo'], '@{TEST_TAGS}': ['Issue #147', 'macos-latest', 'ubuntu-latest', 'windows-latest']}</msg>
<status status="PASS" starttime="20230529 12:03:56.167" endtime="20230529 12:03:56.168"/>
</kw>
<kw name="Get Platform">
<kw name="Create Dictionary" library="BuiltIn">
<var>&amp;{platforms}</var>
<arg>Linux=ubuntu</arg>
<arg>Darwin=macos</arg>
<arg>Java=notsupported</arg>
<arg>Windows=windows</arg>
<doc>Creates and returns a dictionary based on the given ``items``.</doc>
<msg timestamp="20230529 12:03:56.169" level="INFO">&amp;{platforms} = { Linux=ubuntu | Darwin=macos | Java=notsupported | Windows=windows }</msg>
<status status="PASS" starttime="20230529 12:03:56.168" endtime="20230529 12:03:56.169"/>
</kw>
<kw name="Evaluate" library="BuiltIn">
<var>${os}</var>
<arg>platform.system()</arg>
<arg>platform</arg>
<doc>Evaluates the given expression in Python and returns the result.</doc>
<msg timestamp="20230529 12:03:56.169" level="INFO">${os} = Darwin</msg>
<status status="PASS" starttime="20230529 12:03:56.169" endtime="20230529 12:03:56.169"/>
</kw>
<kw name="Set Suite Variable" library="BuiltIn">
<arg>${platform}</arg>
<arg>${platforms}[${os}]</arg>
<doc>Makes a variable available everywhere within the scope of the current suite.</doc>
<msg timestamp="20230529 12:03:56.169" level="INFO">${platform} = macos</msg>
<status status="PASS" starttime="20230529 12:03:56.169" endtime="20230529 12:03:56.169"/>
</kw>
<status status="PASS" starttime="20230529 12:03:56.168" endtime="20230529 12:03:56.170"/>
</kw>
<kw name="Set Variable" library="BuiltIn">
<var>${keyword}</var>
<arg>Open GUI ${platform}</arg>
<doc>Returns the given values which can then be assigned to a variables.</doc>
<msg timestamp="20230529 12:03:56.170" level="INFO">${keyword} = Open GUI macos</msg>
<status status="PASS" starttime="20230529 12:03:56.170" endtime="20230529 12:03:56.170"/>
</kw>
<kw name="Run Keyword" library="BuiltIn">
<arg>${keyword}</arg>
<arg>@{appargs}</arg>
<doc>Executes the given keyword with the given arguments.</doc>
<kw name="Open GUI macos">
<arg>@{appargs}</arg>
<kw name="Set Suite Variable" library="BuiltIn">
<arg>${platform}</arg>
<arg>macos</arg>
<doc>Makes a variable available everywhere within the scope of the current suite.</doc>
<msg timestamp="20230529 12:03:56.175" level="INFO">${platform} = macos</msg>
<status status="PASS" starttime="20230529 12:03:56.175" endtime="20230529 12:03:56.175"/>
</kw>
<kw name="Set Confidence" library="ImageHorizonLibrary">
<arg>0.9</arg>
<doc>Sets the accuracy when finding images.</doc>
<status status="PASS" starttime="20230529 12:03:56.175" endtime="20230529 12:03:56.175"/>
</kw>
<kw name="Start Process" library="Process">
<arg>python3</arg>
<arg>${pyfile}</arg>
<arg>-g</arg>
<arg>5</arg>
<arg>@{appargs}</arg>
<arg>alias=Reporter</arg>
<arg>stdout=${OUTPUT DIR}${/}stdout.txt</arg>
<arg>stderr=${OUTPUT DIR}${/}stderr.txt</arg>
[...]
<status status="PASS" starttime="20230529 12:04:07.059" endtime="20230529 12:04:07.060"/>
</kw>
<kw name="Sort List" library="Collections">
<arg>${files}</arg>
<doc>Sorts the given list in place.</doc>
<status status="PASS" starttime="20230529 12:04:07.060" endtime="20230529 12:04:07.060"/>
</kw>
<kw name="Get Length" library="BuiltIn">
<var>${fc}</var>
<arg>${files}</arg>
<doc>Returns and logs the length of the given item as an integer.</doc>
<msg timestamp="20230529 12:04:07.060" level="INFO">Length is 13</msg>
<msg timestamp="20230529 12:04:07.060" level="INFO">${fc} = 13</msg>
<status status="PASS" starttime="20230529 12:04:07.060" endtime="20230529 12:04:07.060"/>
</kw>
<if>
<branch type="IF" condition="${fc} &gt; 9">
<kw name="Get Length" library="BuiltIn">
<var>${len0}</var>
<arg>${files}[0]</arg>
<doc>Returns and logs the length of the given item as an integer.</doc>
<msg timestamp="20230529 12:04:07.061" level="INFO">Length is 118</msg>
<msg timestamp="20230529 12:04:07.061" level="INFO">${len0} = 118</msg>
<status status="PASS" starttime="20230529 12:04:07.061" endtime="20230529 12:04:07.061"/>
</kw>
<while condition="True" limit="10">
<iter>
<kw name="Get Length" library="BuiltIn">
<var>${lenlast}</var>
<arg>${files}[-1]</arg>
<doc>Returns and logs the length of the given item as an integer.</doc>
<msg timestamp="20230529 12:04:07.062" level="INFO">Length is 118</msg>
<msg timestamp="20230529 12:04:07.062" level="INFO">${lenlast} = 118</msg>
<status status="PASS" starttime="20230529 12:04:07.062" endtime="20230529 12:04:07.062"/>
</kw>
<if>
<branch type="IF" condition="${lenlast} &gt; ${len0}">
<return>
<value>${files}[-1]</value>
<status status="NOT RUN" starttime="20230529 12:04:07.062" endtime="20230529 12:04:07.062"/>
</return>
<status status="NOT RUN" starttime="20230529 12:04:07.062" endtime="20230529 12:04:07.062"/>
</branch>
<branch type="ELSE">
<kw name="Remove From List" library="Collections">
<arg>${files}</arg>
<arg>-1</arg>
<doc>Removes and returns the value specified with an ``index`` from ``list``.</doc>
<status status="PASS" starttime="20230529 12:04:07.063" endtime="20230529 12:04:07.063"/>
</kw>
<status status="PASS" starttime="20230529 12:04:07.062" endtime="20230529 12:04:07.063"/>
</branch>
<status status="PASS" starttime="20230529 12:04:07.062" endtime="20230529 12:04:07.063"/>
</if>
<status status="PASS" starttime="20230529 12:04:07.061" endtime="20230529 12:04:07.063"/>
</iter>
<iter>
<kw name="Get Length" library="BuiltIn">
<var>${lenlast}</var>
<arg>${files}[-1]</arg>
<doc>Returns and logs the length of the given item as an integer.</doc>
<msg timestamp="20230529 12:04:07.063" level="INFO">Length is 118</msg>
<msg timestamp="20230529 12:04:07.063" level="INFO">${lenlast} = 118</msg>
<status status="PASS" starttime="20230529 12:04:07.063" endtime="20230529 12:04:07.063"/>
</kw>
<if>
<branch type="IF" condition="${lenlast} &gt; ${len0}">
<return>
<value>${files}[-1]</value>
<status status="NOT RUN" starttime="20230529 12:04:07.064" endtime="20230529 12:04:07.064"/>
</return>
<status status="NOT RUN" starttime="20230529 12:04:07.063" endtime="20230529 12:04:07.064"/>
</branch>
<branch type="ELSE">
<kw name="Remove From List" library="Collections">
<arg>${files}</arg>
<arg>-1</arg>
<doc>Removes and returns the value specified with an ``index`` from ``list``.</doc>
<status status="PASS" starttime="20230529 12:04:07.064" endtime="20230529 12:04:07.064"/>
</kw>
<status status="PASS" starttime="20230529 12:04:07.064" endtime="20230529 12:04:07.064"/>
</branch>
<status status="PASS" starttime="20230529 12:04:07.063" endtime="20230529 12:04:07.064"/>
</if>
<status status="PASS" starttime="20230529 12:04:07.063" endtime="20230529 12:04:07.064"/>
</iter>
<iter>
<kw name="Get Length" library="BuiltIn">
<var>${lenlast}</var>
<arg>${files}[-1]</arg>
<doc>Returns and logs the length of the given item as an integer.</doc>
<msg timestamp="20230529 12:04:07.064" level="INFO">Length is 118</msg>
<msg timestamp="20230529 12:04:07.064" level="INFO">${lenlast} = 118</msg>
<status status="PASS" starttime="20230529 12:04:07.064" endtime="20230529 12:04:07.065"/>
</kw>
<if>
<branch type="IF" condition="${lenlast} &gt; ${len0}">
<return>
<value>${files}[-1]</value>
<status status="NOT RUN" starttime="20230529 12:04:07.065" endtime="20230529 12:04:07.065"/>
</return>
<status status="NOT RUN" starttime="20230529 12:04:07.065" endtime="20230529 12:04:07.065"/>
</branch>
<branch type="ELSE">
<kw name="Remove From List" library="Collections">
<arg>${files}</arg>
<arg>-1</arg>
<doc>Removes and returns the value specified with an ``index`` from ``list``.</doc>
<status status="PASS" starttime="20230529 12:04:07.065" endtime="20230529 12:04:07.065"/>
</kw>
<status status="PASS" starttime="20230529 12:04:07.065" endtime="20230529 12:04:07.065"/>
</branch>
<status status="PASS" starttime="20230529 12:04:07.065" endtime="20230529 12:04:07.065"/>
</if>
<status status="PASS" starttime="20230529 12:04:07.064" endtime="20230529 12:04:07.065"/>
</iter>
<iter>
<kw name="Get Length" library="BuiltIn">
<var>${lenlast}</var>
<arg>${files}[-1]</arg>
<doc>Returns and logs the length of the given item as an integer.</doc>
<msg timestamp="20230529 12:04:07.066" level="INFO">Length is 118</msg>
<msg timestamp="20230529 12:04:07.066" level="INFO">${lenlast} = 118</msg>
<status status="PASS" starttime="20230529 12:04:07.065" endtime="20230529 12:04:07.066"/>
</kw>
<if>
<branch type="IF" condition="${lenlast} &gt; ${len0}">
<return>
<value>${files}[-1]</value>
<status status="NOT RUN" starttime="20230529 12:04:07.066" endtime="20230529 12:04:07.066"/>
</return>
<status status="NOT RUN" starttime="20230529 12:04:07.066" endtime="20230529 12:04:07.066"/>
</branch>
<branch type="ELSE">
<kw name="Remove From List" library="Collections">
<arg>${files}</arg>
<arg>-1</arg>
<doc>Removes and returns the value specified with an ``index`` from ``list``.</doc>
<status status="PASS" starttime="20230529 12:04:07.066" endtime="20230529 12:04:07.066"/>
</kw>
<status status="PASS" starttime="20230529 12:04:07.066" endtime="20230529 12:04:07.066"/>
</branch>
<status status="PASS" starttime="20230529 12:04:07.066" endtime="20230529 12:04:07.067"/>
</if>
<status status="PASS" starttime="20230529 12:04:07.065" endtime="20230529 12:04:07.067"/>
</iter>
<iter>
<kw name="Get Length" library="BuiltIn">
<var>${lenlast}</var>
<arg>${files}[-1]</arg>
<doc>Returns and logs the length of the given item as an integer.</doc>
<msg timestamp="20230529 12:04:07.067" level="INFO">Length is 118</msg>
<msg timestamp="20230529 12:04:07.067" level="INFO">${lenlast} = 118</msg>
<status status="PASS" starttime="20230529 12:04:07.067" endtime="20230529 12:04:07.067"/>
</kw>
<if>
<branch type="IF" condition="${lenlast} &gt; ${len0}">
<return>
<value>${files}[-1]</value>
<status status="NOT RUN" starttime="20230529 12:04:07.067" endtime="20230529 12:04:07.067"/>
</return>
<status status="NOT RUN" starttime="20230529 12:04:07.067" endtime="20230529 12:04:07.068"/>
</branch>
<branch type="ELSE">
<kw name="Remove From List" library="Collections">
<arg>${files}</arg>
<arg>-1</arg>
<doc>Removes and returns the value specified with an ``index`` from ``list``.</doc>
<status status="PASS" starttime="20230529 12:04:07.068" endtime="20230529 12:04:07.068"/>
</kw>
<status status="PASS" starttime="20230529 12:04:07.068" endtime="20230529 12:04:07.068"/>
</branch>
<status status="PASS" starttime="20230529 12:04:07.067" endtime="20230529 12:04:07.068"/>
</if>
<status status="PASS" starttime="20230529 12:04:07.067" endtime="20230529 12:04:07.068"/>
</iter>
<iter>
<kw name="Get Length" library="BuiltIn">
<var>${lenlast}</var>
<arg>${files}[-1]</arg>
<doc>Returns and logs the length of the given item as an integer.</doc>
<msg timestamp="20230529 12:04:07.068" level="INFO">Length is 118</msg>
<msg timestamp="20230529 12:04:07.068" level="INFO">${lenlast} = 118</msg>
<status status="PASS" starttime="20230529 12:04:07.068" endtime="20230529 12:04:07.068"/>
</kw>
<if>
<branch type="IF" condition="${lenlast} &gt; ${len0}">
<return>
<value>${files}[-1]</value>
<status status="NOT RUN" starttime="20230529 12:04:07.069" endtime="20230529 12:04:07.069"/>
</return>
<status status="NOT RUN" starttime="20230529 12:04:07.068" endtime="20230529 12:04:07.069"/>
</branch>
<branch type="ELSE">
<kw name="Remove From List" library="Collections">
<arg>${files}</arg>
<arg>-1</arg>
<doc>Removes and returns the value specified with an ``index`` from ``list``.</doc>
<status status="PASS" starttime="20230529 12:04:07.069" endtime="20230529 12:04:07.069"/>
</kw>
<status status="PASS" starttime="20230529 12:04:07.069" endtime="20230529 12:04:07.069"/>
</branch>
<status status="PASS" starttime="20230529 12:04:07.068" endtime="20230529 12:04:07.069"/>
</if>
<status status="PASS" starttime="20230529 12:04:07.068" endtime="20230529 12:04:07.069"/>
</iter>
<iter>
<kw name="Get Length" library="BuiltIn">
<var>${lenlast}</var>
<arg>${files}[-1]</arg>
<doc>Returns and logs the length of the given item as an integer.</doc>
<msg timestamp="20230529 12:04:07.069" level="INFO">Length is 118</msg>
<msg timestamp="20230529 12:04:07.069" level="INFO">${lenlast} = 118</msg>
<status status="PASS" starttime="20230529 12:04:07.069" endtime="20230529 12:04:07.069"/>
</kw>
<if>
<branch type="IF" condition="${lenlast} &gt; ${len0}">
<return>
<value>${files}[-1]</value>
<status status="NOT RUN" starttime="20230529 12:04:07.070" endtime="20230529 12:04:07.070"/>
</return>
<status status="NOT RUN" starttime="20230529 12:04:07.070" endtime="20230529 12:04:07.070"/>
</branch>
<branch type="ELSE">
<kw name="Remove From List" library="Collections">
<arg>${files}</arg>
<arg>-1</arg>
<doc>Removes and returns the value specified with an ``index`` from ``list``.</doc>
<status status="PASS" starttime="20230529 12:04:07.070" endtime="20230529 12:04:07.070"/>
</kw>
<status status="PASS" starttime="20230529 12:04:07.070" endtime="20230529 12:04:07.070"/>
</branch>
<status status="PASS" starttime="20230529 12:04:07.069" endtime="20230529 12:04:07.070"/>
</if>
<status status="PASS" starttime="20230529 12:04:07.069" endtime="20230529 12:04:07.070"/>
</iter>
<iter>
<kw name="Get Length" library="BuiltIn">
<var>${lenlast}</var>
<arg>${files}[-1]</arg>
<doc>Returns and logs the length of the given item as an integer.</doc>
<msg timestamp="20230529 12:04:07.070" level="INFO">Length is 118</msg>
<msg timestamp="20230529 12:04:07.071" level="INFO">${lenlast} = 118</msg>
<status status="PASS" starttime="20230529 12:04:07.070" endtime="20230529 12:04:07.071"/>
</kw>
<if>
<branch type="IF" condition="${lenlast} &gt; ${len0}">
<return>
<value>${files}[-1]</value>
<status status="NOT RUN" starttime="20230529 12:04:07.071" endtime="20230529 12:04:07.071"/>
</return>
<status status="NOT RUN" starttime="20230529 12:04:07.071" endtime="20230529 12:04:07.071"/>
</branch>
<branch type="ELSE">
<kw name="Remove From List" library="Collections">
<arg>${files}</arg>
<arg>-1</arg>
<doc>Removes and returns the value specified with an ``index`` from ``list``.</doc>
<status status="PASS" starttime="20230529 12:04:07.071" endtime="20230529 12:04:07.071"/>
</kw>
<status status="PASS" starttime="20230529 12:04:07.071" endtime="20230529 12:04:07.071"/>
</branch>
<status status="PASS" starttime="20230529 12:04:07.071" endtime="20230529 12:04:07.071"/>
</if>
<status status="PASS" starttime="20230529 12:04:07.070" endtime="20230529 12:04:07.071"/>
</iter>
<iter>
<kw name="Get Length" library="BuiltIn">
<var>${lenlast}</var>
<arg>${files}[-1]</arg>
<doc>Returns and logs the length of the given item as an integer.</doc>
<msg timestamp="20230529 12:04:07.072" level="INFO">Length is 119</msg>
<msg timestamp="20230529 12:04:07.072" level="INFO">${lenlast} = 119</msg>
<status status="PASS" starttime="20230529 12:04:07.071" endtime="20230529 12:04:07.072"/>
</kw>
<if>
<branch type="IF" condition="${lenlast} &gt; ${len0}">
<return>
<value>${files}[-1]</value>
<status status="PASS" starttime="20230529 12:04:07.072" endtime="20230529 12:04:07.072"/>
</return>
<status status="PASS" starttime="20230529 12:04:07.072" endtime="20230529 12:04:07.072"/>
</branch>
<branch type="ELSE">
<kw name="Remove From List" library="Collections">
<arg>${files}</arg>
<arg>-1</arg>
<doc>Removes and returns the value specified with an ``index`` from ``list``.</doc>
<status status="NOT RUN" starttime="20230529 12:04:07.072" endtime="20230529 12:04:07.072"/>
</kw>
<status status="NOT RUN" starttime="20230529 12:04:07.072" endtime="20230529 12:04:07.072"/>
</branch>
<status status="PASS" starttime="20230529 12:04:07.072" endtime="20230529 12:04:07.072"/>
</if>
<status status="PASS" starttime="20230529 12:04:07.071" endtime="20230529 12:04:07.073"/>
</iter>
<status status="PASS" starttime="20230529 12:04:07.061" endtime="20230529 12:04:07.073"/>
</while>
<status status="PASS" starttime="20230529 12:04:07.061" endtime="20230529 12:04:07.073"/>
</branch>
<branch type="ELSE">
<return>
<value>${files}[-1]</value>
<status status="NOT RUN" starttime="20230529 12:04:07.073" endtime="20230529 12:04:07.073"/>
</return>
<status status="NOT RUN" starttime="20230529 12:04:07.073" endtime="20230529 12:04:07.073"/>
</branch>
<status status="PASS" starttime="20230529 12:04:07.061" endtime="20230529 12:04:07.073"/>
</if>
<msg timestamp="20230529 12:04:07.073" level="INFO">${img} = /Users/runner/work/rfswarm/rfswarm/Tests/Regression/Reporter/Logs/macos-latest_3.11/Reporter.GUIBasic-screenshot-13.png</msg>
<status status="PASS" starttime="20230529 12:04:07.057" endtime="20230529 12:04:07.073"/>
</kw>
<kw name="Log" library="BuiltIn">
<arg>${img}</arg>
<doc>Logs the given message with the given level.</doc>
<msg timestamp="20230529 12:04:07.073" level="INFO">/Users/runner/work/rfswarm/rfswarm/Tests/Regression/Reporter/Logs/macos-latest_3.11/Reporter.GUIBasic-screenshot-13.png</msg>
<status status="PASS" starttime="20230529 12:04:07.073" endtime="20230529 12:04:07.073"/>
</kw>
<kw name="Read Image" library="OCRLibrary">
<var>${processed_img}</var>
<arg>${img}</arg>
<doc>Reads an image.</doc>
<msg timestamp="20230529 12:04:07.095" level="INFO">${processed_img} = [[[218 218 218]
  [218 218 218]
  [218 218 218]
  ...
  [218 218 218]
  [218 218 218]
  [218 218 218]]

 [[218 218 218]
  [218 218 218]
  [218 218 218]
  ...
  [218 218 218]
  [218 218 218]
  [218 218...</msg>
<status status="PASS" starttime="20230529 12:04:07.073" endtime="20230529 12:04:07.095"/>
</kw>
<kw name="Locate Text Bounds" library="OCRLibrary">
<var>${bounds}</var>
<arg>${processed_img}</arg>
<arg>${mytext}</arg>
<doc>Locates the bounds found around the provided text. This keyword gets the first occurrance of the text.
Use ``Locate Multiple Text Bounds`` if there is more than one occurrance of the text.
A tuple of the bounds is returned. Returns None if nothing is found.</doc>
<msg timestamp="20230529 12:04:08.430" level="INFO">${bounds} = None</msg>
<status status="PASS" starttime="20230529 12:04:07.095" endtime="20230529 12:04:08.430"/>
</kw>
<kw name="Log" library="BuiltIn">
<arg>${bounds}</arg>
<doc>Logs the given message with the given level.</doc>
<msg timestamp="20230529 12:04:08.431" level="INFO">None</msg>
<status status="PASS" starttime="20230529 12:04:08.430" endtime="20230529 12:04:08.431"/>
</kw>
<kw name="Evaluate" library="BuiltIn">
<var>${x}</var>
<arg>${bounds}[0]+int(${bounds}[2]/2)+${offsetx}</arg>
<doc>Evaluates the given expression in Python and returns the result.</doc>
<msg timestamp="20230529 12:04:08.431" level="FAIL">Variable '${bounds}' is None, which is not subscriptable, and thus accessing item '0' from it is not possible. To use '[0]' as a literal value, it needs to be escaped like '\[0]'.</msg>
<status status="FAIL" starttime="20230529 12:04:08.431" endtime="20230529 12:04:08.431"/>
</kw>
<kw name="Evaluate" library="BuiltIn">
<var>${y}</var>
<arg>${bounds}[1]+int(${bounds}[3]/2)+${offsety}</arg>
<doc>Evaluates the given expression in Python and returns the result.</doc>
<status status="NOT RUN" starttime="20230529 12:04:08.431" endtime="20230529 12:04:08.431"/>
</kw>
<kw name="Create List" library="BuiltIn">
<var>@{coordinates}</var>
<arg>${x}</arg>
<arg>${y}</arg>
<doc>Returns a list containing given items.</doc>
<status status="NOT RUN" starttime="20230529 12:04:08.431" endtime="20230529 12:04:08.432"/>
</kw>
<kw name="Move To" library="ImageHorizonLibrary">
<arg>${coordinates}</arg>
<doc>Moves the mouse pointer to an absolute coordinates.</doc>
<status status="NOT RUN" starttime="20230529 12:04:08.432" endtime="20230529 12:04:08.432"/>
</kw>
<kw name="Click" library="ImageHorizonLibrary">
<doc>Clicks with the specified mouse button.</doc>
<status status="NOT RUN" starttime="20230529 12:04:08.432" endtime="20230529 12:04:08.432"/>
</kw>
<kw name="Take A Screenshot" library="ImageHorizonLibrary">
<doc>Takes a screenshot of the screen.</doc>
<status status="NOT RUN" starttime="20230529 12:04:08.432" endtime="20230529 12:04:08.432"/>
</kw>
<status status="FAIL" starttime="20230529 12:04:06.775" endtime="20230529 12:04:08.432"/>
</kw>
<status status="FAIL" starttime="20230529 12:04:06.775" endtime="20230529 12:04:08.432"/>
</kw>
<kw name="Click Text">
<arg>toc</arg>
<arg>0</arg>
<arg>-20</arg>
<status status="NOT RUN" starttime="20230529 12:04:08.433" endtime="20230529 12:04:08.433"/>
</kw>
<kw name="Take A Screenshot" library="ImageHorizonLibrary">
<doc>Takes a screenshot of the screen.</doc>
<status status="NOT RUN" starttime="20230529 12:04:08.433" endtime="20230529 12:04:08.433"/>
</kw>
<kw name="Click Button">
<arg>AddSection</arg>
<status status="NOT RUN" starttime="20230529 12:04:08.433" endtime="20230529 12:04:08.433"/>
</kw>
<kw name="Close GUI">
<status status="NOT RUN" starttime="20230529 12:04:08.433" endtime="20230529 12:04:08.433"/>
</kw>
<tag>Issue #149</tag>
<tag>macos-latest</tag>
<tag>ubuntu-latest</tag>
<tag>windows-latest</tag>
<status status="FAIL" starttime="20230529 12:04:02.516" endtime="20230529 12:04:08.434">Variable '${bounds}' is None, which is not subscriptable, and thus accessing item '0' from it is not possible. To use '[0]' as a literal value, it needs to be escaped like '\[0]'.</status>
</test>
<test id="s1-s2-t5" name="Intentional Fail" line="63">
<kw name="Fail" library="BuiltIn">
<doc>Fails the test with the given message and optionally alters its tags.</doc>
<msg timestamp="20230529 12:04:08.435" level="FAIL">AssertionError</msg>
<status status="FAIL" starttime="20230529 12:04:08.435" endtime="20230529 12:04:08.435"/>
</kw>
<doc>Uncomment this test if you want to trigger updating Screenshots in the git repo
Ensure this is commented out before release or pull request</doc>
<tag>macos-latest</tag>
<tag>ubuntu-latest</tag>
<tag>windows-latest</tag>
<status status="FAIL" starttime="20230529 12:04:08.434" endtime="20230529 12:04:08.435">AssertionError</status>
</test>
<status status="FAIL" starttime="20230529 12:03:35.683" endtime="20230529 12:04:08.436"/>
</suite>
<status status="FAIL" starttime="20230529 12:03:06.244" endtime="20230529 12:04:08.437"/>
</suite>
<statistics>
<total>
<stat pass="8" fail="2" skip="0">All Tests</stat>
</total>
<tag>
<stat pass="1" fail="0" skip="0">DOCX</stat>
<stat pass="1" fail="0" skip="0">HTML</stat>
<stat pass="3" fail="0" skip="0">Issue #144</stat>
<stat pass="1" fail="0" skip="0">Issue #147</stat>
<stat pass="0" fail="1" skip="0">Issue #149</stat>
<stat pass="8" fail="2" skip="0">macos-latest</stat>
<stat pass="8" fail="2" skip="0">ubuntu-latest</stat>
<stat pass="8" fail="2" skip="0">windows-latest</stat>
<stat pass="1" fail="0" skip="0">XLSX</stat>
</tag>
<suite>
<stat pass="8" fail="2" skip="0" id="s1" name="Reporter">Reporter</stat>
<stat pass="5" fail="0" skip="0" id="s1-s1" name="CommandLine">Reporter.CommandLine</stat>
<stat pass="3" fail="2" skip="0" id="s1-s2" name="GUI Basic">Reporter.GUI Basic</stat>
</suite>
</statistics>
<errors>
</errors>
</robot>
