<?xml version="1.0" encoding="UTF-8"?>
<robot generator="Robot 6.0.2 (Python 3.11.3 on darwin)" generated="20230531 14:35:52.252" rpa="false" schemaversion="3">
<suite id="s1" name="Reporter" source="/Users/runner/work/rfswarm/rfswarm/Tests/Regression/Reporter">
<suite id="s1-s1" name="CommandLine" source="/Users/runner/work/rfswarm/rfswarm/Tests/Regression/Reporter/CommandLine.robot">
<kw name="Clean Up Old Files" type="SETUP">
<tag>macos-latest</tag>
<tag>ubuntu-latest</tag>
<tag>windows-latest</tag>
<kw name="Log To Console" library="BuiltIn">
<arg>${OUTPUT DIR}</arg>
<doc>Logs the given message to the console.</doc>
<status status="PASS" starttime="20230531 14:35:52.342" endtime="20230531 14:35:52.343"/>
</kw>
<kw name="Remove File" library="OperatingSystem">
<arg>${OUTPUT DIR}${/}*.txt</arg>
<doc>Removes a file with the given path.</doc>
<msg timestamp="20230531 14:35:52.344" level="INFO" html="true">Removed file '&lt;a href="file:///Users/runner/work/rfswarm/rfswarm/Tests/Regression/Reporter/Logs/macos-latest_3.11/stdout.txt"&gt;/Users/runner/work/rfswarm/rfswarm/Tests/Regression/Reporter/Logs/macos-latest_3.11/stdout.txt&lt;/a&gt;'.</msg>
<msg timestamp="20230531 14:35:52.344" level="INFO" html="true">Removed file '&lt;a href="file:///Users/runner/work/rfswarm/rfswarm/Tests/Regression/Reporter/Logs/macos-latest_3.11/stderr.txt"&gt;/Users/runner/work/rfswarm/rfswarm/Tests/Regression/Reporter/Logs/macos-latest_3.11/stderr.txt&lt;/a&gt;'.</msg>
<status status="PASS" starttime="20230531 14:35:52.343" endtime="20230531 14:35:52.344"/>
</kw>
<kw name="Remove File" library="OperatingSystem">
<arg>${OUTPUT DIR}${/}*.png</arg>
<doc>Removes a file with the given path.</doc>
<msg timestamp="20230531 14:35:52.345" level="INFO" html="true">Removed file '&lt;a href="file:///Users/runner/work/rfswarm/rfswarm/Tests/Regression/Reporter/Logs/macos-latest_3.11/Reporter.GUIBasic-screenshot-8.png"&gt;/Users/runner/work/rfswarm/rfswarm/Tests/Regression/Reporter/Logs/macos-latest_3.11/Reporter.GUIBasic-screenshot-8.png&lt;/a&gt;'.</msg>
<msg timestamp="20230531 14:35:52.345" level="INFO" html="true">Removed file '&lt;a href="file:///Users/runner/work/rfswarm/rfswarm/Tests/Regression/Reporter/Logs/macos-latest_3.11/Reporter.GUIBasic-screenshot-9.png"&gt;/Users/runner/work/rfswarm/rfswarm/Tests/Regression/Reporter/Logs/macos-latest_3.11/Reporter.GUIBasic-screenshot-9.png&lt;/a&gt;'.</msg>
<msg timestamp="20230531 14:35:52.345" level="INFO" html="true">Removed file '&lt;a href="file:///Users/runner/work/rfswarm/rfswarm/Tests/Regression/Reporter/Logs/macos-latest_3.11/Reporter.GUIBasic-screenshot-18.png"&gt;/Users/runner/work/rfswarm/rfswarm/Tests/Regression/Reporter/Logs/macos-latest_3.11/Reporter.GUIBasic-screenshot-18.png&lt;/a&gt;'.</msg>
<msg timestamp="20230531 14:35:52.345" level="INFO" html="true">Removed file '&lt;a href="file:///Users/runner/work/rfswarm/rfswarm/Tests/Regression/Reporter/Logs/macos-latest_3.11/Reporter.GUIBasic-screenshot-19.png"&gt;/Users/runner/work/rfswarm/rfswarm/Tests/Regression/Reporter/Logs/macos-latest_3.11/Reporter.GUIBasic-screenshot-19.png&lt;/a&gt;'.</msg>
<msg timestamp="20230531 14:35:52.346" level="INFO" html="true">Removed file '&lt;a href="file:///Users/runner/work/rfswarm/rfswarm/Tests/Regression/Reporter/Logs/macos-latest_3.11/Reporter.GUIBasic-screenshot-21.png"&gt;/Users/runner/work/rfswarm/rfswarm/Tests/Regression/Reporter/Logs/macos-latest_3.11/Reporter.GUIBasic-screenshot-21.png&lt;/a&gt;'.</msg>
<msg timestamp="20230531 14:35:52.346" level="INFO" html="true">Removed file '&lt;a href="file:///Users/runner/work/rfswarm/rfswarm/Tests/Regression/Reporter/Logs/macos-latest_3.11/Reporter.GUIBasic-screenshot-20.png"&gt;/Users/runner/work/rfswarm/rfswarm/Tests/Regression/Reporter/Logs/macos-latest_3.11/Reporter.GUIBasic-screenshot-20.png&lt;/a&gt;'.</msg>
<msg timestamp="20230531 14:35:52.346" level="INFO" html="true">Removed file '&lt;a href="file:///Users/runner/work/rfswarm/rfswarm/Tests/Regression/Reporter/Logs/macos-latest_3.11/Reporter.GUIBasic-screenshot-22.png"&gt;/Users/runner/work/rfswarm/rfswarm/Tests/Regression/Reporter/Logs/macos-latest_3.11/Reporter.GUIBasic-screenshot-22.png&lt;/a&gt;'.</msg>
<msg timestamp="20230531 14:35:52.346" level="INFO" html="true">Removed file '&lt;a href="file:///Users/runner/work/rfswarm/rfswarm/Tests/Regression/Reporter/Logs/macos-latest_3.11/Reporter.GUIBasic-screenshot-12.png"&gt;/Users/runner/work/rfswarm/rfswarm/Tests/Regression/Reporter/Logs/macos-latest_3.11/Reporter.GUIBasic-screenshot-12.png&lt;/a&gt;'.</msg>
<msg timestamp="20230531 14:35:52.346" level="INFO" html="true">Removed file '&lt;a href="file:///Users/runner/work/rfswarm/rfswarm/Tests/Regression/Reporter/Logs/macos-latest_3.11/Reporter.GUIBasic-screenshot-1.png"&gt;/Users/runner/work/rfswarm/rfswarm/Tests/Regression/Reporter/Logs/macos-latest_3.11/Reporter.GUIBasic-screenshot-1.png&lt;/a&gt;'.</msg>
<msg timestamp="20230531 14:35:52.347" level="INFO" html="true">Removed file '&lt;a href="file:///Users/runner/work/rfswarm/rfswarm/Tests/Regression/Reporter/Logs/macos-latest_3.11/Reporter.GUIBasic-screenshot-13.png"&gt;/Users/runner/work/rfswarm/rfswarm/Tests/Regression/Reporter/Logs/macos-latest_3.11/Reporter.GUIBasic-screenshot-13.png&lt;/a&gt;'.</msg>
<msg timestamp="20230531 14:35:52.347" level="INFO" html="true">Removed file '&lt;a href="file:///Users/runner/work/rfswarm/rfswarm/Tests/Regression/Reporter/Logs/macos-latest_3.11/Reporter.GUIBasic-screenshot-11.png"&gt;/Users/runner/work/rfswarm/rfswarm/Tests/Regression/Reporter/Logs/macos-latest_3.11/Reporter.GUIBasic-screenshot-11.png&lt;/a&gt;'.</msg>
<msg timestamp="20230531 14:35:52.347" level="INFO" html="true">Removed file '&lt;a href="file:///Users/runner/work/rfswarm/rfswarm/Tests/Regression/Reporter/Logs/macos-latest_3.11/Reporter.GUIBasic-screenshot-2.png"&gt;/Users/runner/work/rfswarm/rfswarm/Tests/Regression/Reporter/Logs/macos-latest_3.11/Reporter.GUIBasic-screenshot-2.png&lt;/a&gt;'.</msg>
<msg timestamp="20230531 14:35:52.347" level="INFO" html="true">Removed file '&lt;a href="file:///Users/runner/work/rfswarm/rfswarm/Tests/Regression/Reporter/Logs/macos-latest_3.11/Reporter.GUIBasic-screenshot-3.png"&gt;/Users/runner/work/rfswarm/rfswarm/Tests/Regression/Reporter/Logs/macos-latest_3.11/Reporter.GUIBasic-screenshot-3.png&lt;/a&gt;'.</msg>
<msg timestamp="20230531 14:35:52.347" level="INFO" html="true">Removed file '&lt;a href="file:///Users/runner/work/rfswarm/rfswarm/Tests/Regression/Reporter/Logs/macos-latest_3.11/Reporter.GUIBasic-screenshot-10.png"&gt;/Users/runner/work/rfswarm/rfswarm/Tests/Regression/Reporter/Logs/macos-latest_3.11/Reporter.GUIBasic-screenshot-10.png&lt;/a&gt;'.</msg>
<msg timestamp="20230531 14:35:52.348" level="INFO" html="true">Removed file '&lt;a href="file:///Users/runner/work/rfswarm/rfswarm/Tests/Regression/Reporter/Logs/macos-latest_3.11/Reporter.GUIBasic-screenshot-14.png"&gt;/Users/runner/work/rfswarm/rfswarm/Tests/Regression/Reporter/Logs/macos-latest_3.11/Reporter.GUIBasic-screenshot-14.png&lt;/a&gt;'.</msg>
<msg timestamp="20230531 14:35:52.348" level="INFO" html="true">Removed file '&lt;a href="file:///Users/runner/work/rfswarm/rfswarm/Tests/Regression/Reporter/Logs/macos-latest_3.11/Reporter.GUIBasic-screenshot-7.png"&gt;/Users/runner/work/rfswarm/rfswarm/Tests/Regression/Reporter/Logs/macos-latest_3.11/Reporter.GUIBasic-screenshot-7.png&lt;/a&gt;'.</msg>
<msg timestamp="20230531 14:35:52.348" level="INFO" html="true">Removed file '&lt;a href="file:///Users/runner/work/rfswarm/rfswarm/Tests/Regression/Reporter/Logs/macos-latest_3.11/Reporter.GUIBasic-screenshot-6.png"&gt;/Users/runner/work/rfswarm/rfswarm/Tests/Regression/Reporter/Logs/macos-latest_3.11/Reporter.GUIBasic-screenshot-6.png&lt;/a&gt;'.</msg>
<msg timestamp="20230531 14:35:52.348" level="INFO" html="true">Removed file '&lt;a href="file:///Users/runner/work/rfswarm/rfswarm/Tests/Regression/Reporter/Logs/macos-latest_3.11/Reporter.GUIBasic-screenshot-15.png"&gt;/Users/runner/work/rfswarm/rfswarm/Tests/Regression/Reporter/Logs/macos-latest_3.11/Reporter.GUIBasic-screenshot-15.png&lt;/a&gt;'.</msg>
<msg timestamp="20230531 14:35:52.349" level="INFO" html="true">Removed file '&lt;a href="file:///Users/runner/work/rfswarm/rfswarm/Tests/Regression/Reporter/Logs/macos-latest_3.11/Reporter.GUIBasic-screenshot-17.png"&gt;/Users/runner/work/rfswarm/rfswarm/Tests/Regression/Reporter/Logs/macos-latest_3.11/Reporter.GUIBasic-screenshot-17.png&lt;/a&gt;'.</msg>
<msg timestamp="20230531 14:35:52.349" level="INFO" html="true">Removed file '&lt;a href="file:///Users/runner/work/rfswarm/rfswarm/Tests/Regression/Reporter/Logs/macos-latest_3.11/Reporter.GUIBasic-screenshot-4.png"&gt;/Users/runner/work/rfswarm/rfswarm/Tests/Regression/Reporter/Logs/macos-latest_3.11/Reporter.GUIBasic-screenshot-4.png&lt;/a&gt;'.</msg>
<msg timestamp="20230531 14:35:52.349" level="INFO" html="true">Removed file '&lt;a href="file:///Users/runner/work/rfswarm/rfswarm/Tests/Regression/Reporter/Logs/macos-latest_3.11/Reporter.GUIBasic-screenshot-5.png"&gt;/Users/runner/work/rfswarm/rfswarm/Tests/Regression/Reporter/Logs/macos-latest_3.11/Reporter.GUIBasic-screenshot-5.png&lt;/a&gt;'.</msg>
<msg timestamp="20230531 14:35:52.349" level="INFO" html="true">Removed file '&lt;a href="file:///Users/runner/work/rfswarm/rfswarm/Tests/Regression/Reporter/Logs/macos-latest_3.11/Reporter.GUIBasic-screenshot-16.png"&gt;/Users/runner/work/rfswarm/rfswarm/Tests/Regression/Reporter/Logs/macos-latest_3.11/Reporter.GUIBasic-screenshot-16.png&lt;/a&gt;'.</msg>
<status status="PASS" starttime="20230531 14:35:52.344" endtime="20230531 14:35:52.349"/>
</kw>
<status status="PASS" starttime="20230531 14:35:52.342" endtime="20230531 14:35:52.349"/>
</kw>
<test id="s1-s1-t1" name="Reporter Version" line="16">
<kw name="Run" library="OperatingSystem">
<var>${result}</var>
<arg>python3 ${EXECDIR}${/}rfswarm_reporter${/}rfswarm_reporter.py -v</arg>
<doc>Runs the given command in the system and returns the output.</doc>
<msg timestamp="20230531 14:35:52.353" level="INFO">Running command 'python3 /Users/runner/work/rfswarm/rfswarm/rfswarm_reporter/rfswarm_reporter.py -v 2&gt;&amp;1'.</msg>
<msg timestamp="20230531 14:36:23.284" level="INFO">${result} = Matplotlib is building the font cache; this may take a moment.
Robot Framework Swarm: Reporter 
	Version 1.1.3 </msg>
<status status="PASS" starttime="20230531 14:35:52.350" endtime="20230531 14:36:23.284"/>
</kw>
<kw name="Log To Console" library="BuiltIn">
<arg>${\n}${result}</arg>
<doc>Logs the given message to the console.</doc>
<status status="PASS" starttime="20230531 14:36:23.285" endtime="20230531 14:36:23.285"/>
</kw>
<kw name="Should Contain" library="BuiltIn">
<arg>${result}</arg>
<arg>Version</arg>
<doc>Fails if ``container`` does not contain ``item`` one or more times.</doc>
<status status="PASS" starttime="20230531 14:36:23.285" endtime="20230531 14:36:23.286"/>
</kw>
<kw name="Should Contain" library="BuiltIn">
<arg>${result}</arg>
<arg>Reporter</arg>
<doc>Fails if ``container`` does not contain ``item`` one or more times.</doc>
<status status="PASS" starttime="20230531 14:36:23.286" endtime="20230531 14:36:23.286"/>
</kw>
<tag>macos-latest</tag>
<tag>ubuntu-latest</tag>
<tag>windows-latest</tag>
<status status="PASS" starttime="20230531 14:35:52.350" endtime="20230531 14:36:23.286"/>
</test>
<test id="s1-s1-t2" name="Reporter Help" line="23">
<kw name="Run" library="OperatingSystem">
<var>${result}</var>
<arg>python3 ${EXECDIR}${/}rfswarm_reporter${/}rfswarm_reporter.py -h</arg>
<doc>Runs the given command in the system and returns the output.</doc>
<msg timestamp="20230531 14:36:23.290" level="INFO">Running command 'python3 /Users/runner/work/rfswarm/rfswarm/rfswarm_reporter/rfswarm_reporter.py -h 2&gt;&amp;1'.</msg>
<msg timestamp="20230531 14:36:24.278" level="INFO">${result} = Robot Framework Swarm: Reporter 
	Version 1.1.3 
usage: rfswarm_reporter.py [-h] [-g DEBUG] [-v] [-i INI] [-n] [-d DIR]
                           [-t TEMPLATE] [--html] [--docx] [--xlsx]

options:
  ...</msg>
<status status="PASS" starttime="20230531 14:36:23.287" endtime="20230531 14:36:24.279"/>
</kw>
<kw name="Log To Console" library="BuiltIn">
<arg>${\n}${result}</arg>
<doc>Logs the given message to the console.</doc>
<status status="PASS" starttime="20230531 14:36:24.279" endtime="20230531 14:36:24.279"/>
</kw>
<kw name="Should Contain" library="BuiltIn">
<arg>${result}</arg>
<arg>Excel</arg>
<doc>Fails if ``container`` does not contain ``item`` one or more times.</doc>
<status status="PASS" starttime="20230531 14:36:24.280" endtime="20230531 14:36:24.280"/>
</kw>
<tag>macos-latest</tag>
<tag>ubuntu-latest</tag>
<tag>windows-latest</tag>
<status status="PASS" starttime="20230531 14:36:23.287" endtime="20230531 14:36:24.280"/>
</test>
<test id="s1-s1-t3" name="Command Line Generate HTML" line="29">
<kw name="Set Variable" library="BuiltIn">
<var>${testdata}</var>
<arg>Issue-#144</arg>
<doc>Returns the given values which can then be assigned to a variables.</doc>
<msg timestamp="20230531 14:36:24.281" level="INFO">${testdata} = Issue-#144</msg>
<status status="PASS" starttime="20230531 14:36:24.281" endtime="20230531 14:36:24.281"/>
</kw>
<kw name="Set Variable" library="BuiltIn">
<var>${resultdata}</var>
<arg>20230320_185055_demo</arg>
<doc>Returns the given values which can then be assigned to a variables.</doc>
<msg timestamp="20230531 14:36:24.282" level="INFO">${resultdata} = 20230320_185055_demo</msg>
<status status="PASS" starttime="20230531 14:36:24.281" endtime="20230531 14:36:24.282"/>
</kw>
<kw name="Set Variable" library="BuiltIn">
<var>${basefolder}</var>
<arg>/Users/runner/work/rfswarm/rfswarm/Tests/Regression/Reporter${/}testdata${/}${testdata}</arg>
<doc>Returns the given values which can then be assigned to a variables.</doc>
<msg timestamp="20230531 14:36:24.282" level="INFO">${basefolder} = /Users/runner/work/rfswarm/rfswarm/Tests/Regression/Reporter/testdata/Issue-#144</msg>
<status status="PASS" starttime="20230531 14:36:24.282" endtime="20230531 14:36:24.282"/>
</kw>
<kw name="Should Exist" library="OperatingSystem">
<arg>${basefolder}</arg>
<doc>Fails unless the given path (file or directory) exists.</doc>
<msg timestamp="20230531 14:36:24.283" level="INFO" html="true">Path '&lt;a href="file:///Users/runner/work/rfswarm/rfswarm/Tests/Regression/Reporter/testdata/Issue-#144"&gt;/Users/runner/work/rfswarm/rfswarm/Tests/Regression/Reporter/testdata/Issue-#144&lt;/a&gt;' exists.</msg>
<status status="PASS" starttime="20230531 14:36:24.282" endtime="20230531 14:36:24.283"/>
</kw>
<kw name="Log" library="BuiltIn">
<arg>basefolder: ${basefolder}</arg>
<arg>console=True</arg>
<doc>Logs the given message with the given level.</doc>
<msg timestamp="20230531 14:36:24.283" level="INFO">basefolder: /Users/runner/work/rfswarm/rfswarm/Tests/Regression/Reporter/testdata/Issue-#144</msg>
<status status="PASS" starttime="20230531 14:36:24.283" endtime="20230531 14:36:24.283"/>
</kw>
<kw name="Set Variable" library="BuiltIn">
<var>${resultfolder}</var>
<arg>${basefolder}${/}${resultdata}</arg>
<doc>Returns the given values which can then be assigned to a variables.</doc>
<msg timestamp="20230531 14:36:24.284" level="INFO">${resultfolder} = /Users/runner/work/rfswarm/rfswarm/Tests/Regression/Reporter/testdata/Issue-#144/20230320_185055_demo</msg>
<status status="PASS" starttime="20230531 14:36:24.283" endtime="20230531 14:36:24.284"/>
</kw>
<kw name="Should Exist" library="OperatingSystem">
<arg>${resultfolder}</arg>
<doc>Fails unless the given path (file or directory) exists.</doc>
<msg timestamp="20230531 14:36:24.284" level="INFO" html="true">Path '&lt;a href="file:///Users/runner/work/rfswarm/rfswarm/Tests/Regression/Reporter/testdata/Issue-#144/20230320_185055_demo"&gt;/Users/runner/work/rfswarm/rfswarm/Tests/Regression/Reporter/testdata/Issue-#144/20230320_185055_demo&lt;/a&gt;' exists.</msg>
<status status="PASS" starttime="20230531 14:36:24.284" endtime="20230531 14:36:24.284"/>
</kw>
<kw name="Log" library="BuiltIn">
<arg>resultfolder: ${resultfolder}</arg>
<arg>console=True</arg>
<doc>Logs the given message with the given level.</doc>
<msg timestamp="20230531 14:36:24.284" level="INFO">resultfolder: /Users/runner/work/rfswarm/rfswarm/Tests/Regression/Reporter/testdata/Issue-#144/20230320_185055_demo</msg>
<status status="PASS" starttime="20230531 14:36:24.284" endtime="20230531 14:36:24.284"/>
</kw>
<kw name="Set Variable" library="BuiltIn">
<var>${template}</var>
<arg>${basefolder}${/}90%ileTemplate.template</arg>
<doc>Returns the given values which can then be assigned to a variables.</doc>
<msg timestamp="20230531 14:36:24.285" level="INFO">${template} = /Users/runner/work/rfswarm/rfswarm/Tests/Regression/Reporter/testdata/Issue-#144/90%ileTemplate.template</msg>
<status status="PASS" starttime="20230531 14:36:24.284" endtime="20230531 14:36:24.285"/>
</kw>
<kw name="Should Exist" library="OperatingSystem">
<arg>${template}</arg>
<doc>Fails unless the given path (file or directory) exists.</doc>
<msg timestamp="20230531 14:36:24.285" level="INFO" html="true">Path '&lt;a href="file:///Users/runner/work/rfswarm/rfswarm/Tests/Regression/Reporter/testdata/Issue-#144/90%ileTemplate.template"&gt;/Users/runner/work/rfswarm/rfswarm/Tests/Regression/Reporter/testdata/Issue-#144/90%ileTemplate.template&lt;/a&gt;' exists.</msg>
<status status="PASS" starttime="20230531 14:36:24.285" endtime="20230531 14:36:24.285"/>
</kw>
<kw name="Log" library="BuiltIn">
<arg>template: ${template}</arg>
<arg>console=True</arg>
<doc>Logs the given message with the given level.</doc>
<msg timestamp="20230531 14:36:24.285" level="INFO">template: /Users/runner/work/rfswarm/rfswarm/Tests/Regression/Reporter/testdata/Issue-#144/90%ileTemplate.template</msg>
<status status="PASS" starttime="20230531 14:36:24.285" endtime="20230531 14:36:24.285"/>
</kw>
<kw name="Run" library="OperatingSystem">
<var>${result}</var>
<arg>python3 ${pyfile} -n -g 1 -d ${resultfolder} -t ${template} --html</arg>
<doc>Runs the given command in the system and returns the output.</doc>
<msg timestamp="20230531 14:36:24.289" level="INFO">Running command 'python3 /Users/runner/work/rfswarm/rfswarm/rfswarm_reporter/rfswarm_reporter.py -n -g 1 -d /Users/runner/work/rfswarm/rfswarm/Tests/Regression/Reporter/testdata/Issue-#144/20230320_185055_demo -t /Users/runner/work/rfswarm/rfswarm/Tests/Regression/Reporter/testdata/Issue-#144/90%ileTemplate.template --html 2&gt;&amp;1'.</msg>
<msg timestamp="20230531 14:36:30.243" level="INFO">${result} = </msg>
<status status="PASS" starttime="20230531 14:36:24.286" endtime="20230531 14:36:30.244"/>
</kw>
<kw name="Log" library="BuiltIn">
<arg>result: ${\n}${result}</arg>
<arg>console=True</arg>
<doc>Logs the given message with the given level.</doc>
<msg timestamp="20230531 14:36:30.245" level="INFO">result: 
</msg>
<status status="PASS" starttime="20230531 14:36:30.244" endtime="20230531 14:36:30.245"/>
</kw>
<kw name="Should Not Contain" library="BuiltIn">
<arg>${result}</arg>
<arg>Traceback</arg>
<doc>Fails if ``container`` contains ``item`` one or more times.</doc>
<status status="PASS" starttime="20230531 14:36:30.245" endtime="20230531 14:36:30.245"/>
</kw>
<kw name="Should Exist" library="OperatingSystem">
<arg>${resultfolder}${/}${resultdata}.html</arg>
<doc>Fails unless the given path (file or directory) exists.</doc>
<msg timestamp="20230531 14:36:30.246" level="INFO" html="true">Path '&lt;a href="file:///Users/runner/work/rfswarm/rfswarm/Tests/Regression/Reporter/testdata/Issue-#144/20230320_185055_demo/20230320_185055_demo.html"&gt;/Users/runner/work/rfswarm/rfswarm/Tests/Regression/Reporter/testdata/Issue-#144/20230320_185055_demo/20230320_185055_demo.html&lt;/a&gt;' exists.</msg>
<status status="PASS" starttime="20230531 14:36:30.245" endtime="20230531 14:36:30.246"/>
</kw>
<tag>HTML</tag>
<tag>Issue #144</tag>
<tag>macos-latest</tag>
<tag>ubuntu-latest</tag>
<tag>windows-latest</tag>
<status status="PASS" starttime="20230531 14:36:24.280" endtime="20230531 14:36:30.246"/>
</test>
<test id="s1-s1-t4" name="Command Line Generate Docx" line="47">
<kw name="Set Variable" library="BuiltIn">
<var>${testdata}</var>
<arg>Issue-#144</arg>
<doc>Returns the given values which can then be assigned to a variables.</doc>
<msg timestamp="20230531 14:36:30.247" level="INFO">${testdata} = Issue-#144</msg>
<status status="PASS" starttime="20230531 14:36:30.247" endtime="20230531 14:36:30.247"/>
</kw>
<kw name="Set Variable" library="BuiltIn">
<var>${resultdata}</var>
<arg>20230320_185055_demo</arg>
<doc>Returns the given values which can then be assigned to a variables.</doc>
<msg timestamp="20230531 14:36:30.247" level="INFO">${resultdata} = 20230320_185055_demo</msg>
<status status="PASS" starttime="20230531 14:36:30.247" endtime="20230531 14:36:30.247"/>
</kw>
<kw name="Set Variable" library="BuiltIn">
<var>${basefolder}</var>
<arg>/Users/runner/work/rfswarm/rfswarm/Tests/Regression/Reporter${/}testdata${/}${testdata}</arg>
<doc>Returns the given values which can then be assigned to a variables.</doc>
<msg timestamp="20230531 14:36:30.248" level="INFO">${basefolder} = /Users/runner/work/rfswarm/rfswarm/Tests/Regression/Reporter/testdata/Issue-#144</msg>
<status status="PASS" starttime="20230531 14:36:30.248" endtime="20230531 14:36:30.248"/>
</kw>
<kw name="Should Exist" library="OperatingSystem">
<arg>${basefolder}</arg>
<doc>Fails unless the given path (file or directory) exists.</doc>
<msg timestamp="20230531 14:36:30.248" level="INFO" html="true">Path '&lt;a href="file:///Users/runner/work/rfswarm/rfswarm/Tests/Regression/Reporter/testdata/Issue-#144"&gt;/Users/runner/work/rfswarm/rfswarm/Tests/Regression/Reporter/testdata/Issue-#144&lt;/a&gt;' exists.</msg>
<status status="PASS" starttime="20230531 14:36:30.248" endtime="20230531 14:36:30.248"/>
</kw>
<kw name="Log To Console" library="BuiltIn">
<arg>basefolder: ${basefolder}</arg>
<arg>console=True</arg>
<doc>Logs the given message to the console.</doc>
<status status="PASS" starttime="20230531 14:36:30.248" endtime="20230531 14:36:30.249"/>
</kw>
<kw name="Set Variable" library="BuiltIn">
<var>${resultfolder}</var>
<arg>${basefolder}${/}${resultdata}</arg>
<doc>Returns the given values which can then be assigned to a variables.</doc>
<msg timestamp="20230531 14:36:30.249" level="INFO">${resultfolder} = /Users/runner/work/rfswarm/rfswarm/Tests/Regression/Reporter/testdata/Issue-#144/20230320_185055_demo</msg>
<status status="PASS" starttime="20230531 14:36:30.249" endtime="20230531 14:36:30.249"/>
</kw>
<kw name="Should Exist" library="OperatingSystem">
<arg>${resultfolder}</arg>
<doc>Fails unless the given path (file or directory) exists.</doc>
<msg timestamp="20230531 14:36:30.249" level="INFO" html="true">Path '&lt;a href="file:///Users/runner/work/rfswarm/rfswarm/Tests/Regression/Reporter/testdata/Issue-#144/20230320_185055_demo"&gt;/Users/runner/work/rfswarm/rfswarm/Tests/Regression/Reporter/testdata/Issue-#144/20230320_185055_demo&lt;/a&gt;' exists.</msg>
<status status="PASS" starttime="20230531 14:36:30.249" endtime="20230531 14:36:30.249"/>
</kw>
<kw name="Log" library="BuiltIn">
<arg>resultfolder: ${resultfolder}</arg>
<arg>console=True</arg>
<doc>Logs the given message with the given level.</doc>
<msg timestamp="20230531 14:36:30.250" level="INFO">resultfolder: /Users/runner/work/rfswarm/rfswarm/Tests/Regression/Reporter/testdata/Issue-#144/20230320_185055_demo</msg>
<status status="PASS" starttime="20230531 14:36:30.249" endtime="20230531 14:36:30.250"/>
</kw>
<kw name="Set Variable" library="BuiltIn">
<var>${template}</var>
<arg>${basefolder}${/}90%ileTemplate.template</arg>
<doc>Returns the given values which can then be assigned to a variables.</doc>
<msg timestamp="20230531 14:36:30.250" level="INFO">${template} = /Users/runner/work/rfswarm/rfswarm/Tests/Regression/Reporter/testdata/Issue-#144/90%ileTemplate.template</msg>
<status status="PASS" starttime="20230531 14:36:30.250" endtime="20230531 14:36:30.250"/>
</kw>
<kw name="Should Exist" library="OperatingSystem">
<arg>${template}</arg>
<doc>Fails unless the given path (file or directory) exists.</doc>
<msg timestamp="20230531 14:36:30.250" level="INFO" html="true">Path '&lt;a href="file:///Users/runner/work/rfswarm/rfswarm/Tests/Regression/Reporter/testdata/Issue-#144/90%ileTemplate.template"&gt;/Users/runner/work/rfswarm/rfswarm/Tests/Regression/Reporter/testdata/Issue-#144/90%ileTemplate.template&lt;/a&gt;' exists.</msg>
<status status="PASS" starttime="20230531 14:36:30.250" endtime="20230531 14:36:30.251"/>
</kw>
<kw name="Log" library="BuiltIn">
<arg>template: ${template}</arg>
<arg>console=True</arg>
<doc>Logs the given message with the given level.</doc>
<msg timestamp="20230531 14:36:30.251" level="INFO">template: /Users/runner/work/rfswarm/rfswarm/Tests/Regression/Reporter/testdata/Issue-#144/90%ileTemplate.template</msg>
<status status="PASS" starttime="20230531 14:36:30.251" endtime="20230531 14:36:30.251"/>
</kw>
<kw name="Run" library="OperatingSystem">
<var>${result}</var>
<arg>python3 ${pyfile} -n -g 1 -d ${resultfolder} -t ${template} --docx</arg>
<doc>Runs the given command in the system and returns the output.</doc>
<msg timestamp="20230531 14:36:30.254" level="INFO">Running command 'python3 /Users/runner/work/rfswarm/rfswarm/rfswarm_reporter/rfswarm_reporter.py -n -g 1 -d /Users/runner/work/rfswarm/rfswarm/Tests/Regression/Reporter/testdata/Issue-#144/20230320_185055_demo -t /Users/runner/work/rfswarm/rfswarm/Tests/Regression/Reporter/testdata/Issue-#144/90%ileTemplate.template --docx 2&gt;&amp;1'.</msg>
<msg timestamp="20230531 14:36:37.594" level="INFO">${result} = </msg>
<status status="PASS" starttime="20230531 14:36:30.251" endtime="20230531 14:36:37.594"/>
</kw>
<kw name="Log" library="BuiltIn">
<arg>${\n}${result}</arg>
<arg>console=True</arg>
<doc>Logs the given message with the given level.</doc>
<msg timestamp="20230531 14:36:37.595" level="INFO">
</msg>
<status status="PASS" starttime="20230531 14:36:37.595" endtime="20230531 14:36:37.595"/>
</kw>
<kw name="Should Not Contain" library="BuiltIn">
<arg>${result}</arg>
<arg>Traceback</arg>
<doc>Fails if ``container`` contains ``item`` one or more times.</doc>
<status status="PASS" starttime="20230531 14:36:37.596" endtime="20230531 14:36:37.596"/>
</kw>
<kw name="Should Exist" library="OperatingSystem">
<arg>${resultfolder}${/}${resultdata}.docx</arg>
<doc>Fails unless the given path (file or directory) exists.</doc>
<msg timestamp="20230531 14:36:37.596" level="INFO" html="true">Path '&lt;a href="file:///Users/runner/work/rfswarm/rfswarm/Tests/Regression/Reporter/testdata/Issue-#144/20230320_185055_demo/20230320_185055_demo.docx"&gt;/Users/runner/work/rfswarm/rfswarm/Tests/Regression/Reporter/testdata/Issue-#144/20230320_185055_demo/20230320_185055_demo.docx&lt;/a&gt;' exists.</msg>
<status status="PASS" starttime="20230531 14:36:37.596" endtime="20230531 14:36:37.596"/>
</kw>
<tag>DOCX</tag>
<tag>Issue #144</tag>
<tag>macos-latest</tag>
<tag>ubuntu-latest</tag>
<tag>windows-latest</tag>
<status status="PASS" starttime="20230531 14:36:30.246" endtime="20230531 14:36:37.597"/>
</test>
<test id="s1-s1-t5" name="Command Line Generate Xlsx" line="65">
<kw name="Set Variable" library="BuiltIn">
<var>${testdata}</var>
<arg>Issue-#144</arg>
<doc>Returns the given values which can then be assigned to a variables.</doc>
<msg timestamp="20230531 14:36:37.598" level="INFO">${testdata} = Issue-#144</msg>
<status status="PASS" starttime="20230531 14:36:37.598" endtime="20230531 14:36:37.598"/>
</kw>
<kw name="Set Variable" library="BuiltIn">
<var>${resultdata}</var>
<arg>20230320_185055_demo</arg>
<doc>Returns the given values which can then be assigned to a variables.</doc>
<msg timestamp="20230531 14:36:37.598" level="INFO">${resultdata} = 20230320_185055_demo</msg>
<status status="PASS" starttime="20230531 14:36:37.598" endtime="20230531 14:36:37.598"/>
</kw>
<kw name="Set Variable" library="BuiltIn">
<var>${basefolder}</var>
<arg>/Users/runner/work/rfswarm/rfswarm/Tests/Regression/Reporter${/}testdata${/}${testdata}</arg>
<doc>Returns the given values which can then be assigned to a variables.</doc>
<msg timestamp="20230531 14:36:37.598" level="INFO">${basefolder} = /Users/runner/work/rfswarm/rfswarm/Tests/Regression/Reporter/testdata/Issue-#144</msg>
<status status="PASS" starttime="20230531 14:36:37.598" endtime="20230531 14:36:37.598"/>
</kw>
<kw name="Should Exist" library="OperatingSystem">
<arg>${basefolder}</arg>
<doc>Fails unless the given path (file or directory) exists.</doc>
<msg timestamp="20230531 14:36:37.599" level="INFO" html="true">Path '&lt;a href="file:///Users/runner/work/rfswarm/rfswarm/Tests/Regression/Reporter/testdata/Issue-#144"&gt;/Users/runner/work/rfswarm/rfswarm/Tests/Regression/Reporter/testdata/Issue-#144&lt;/a&gt;' exists.</msg>
<status status="PASS" starttime="20230531 14:36:37.598" endtime="20230531 14:36:37.599"/>
</kw>
<kw name="Log" library="BuiltIn">
<arg>basefolder: ${basefolder}</arg>
<arg>console=True</arg>
<doc>Logs the given message with the given level.</doc>
<msg timestamp="20230531 14:36:37.599" level="INFO">basefolder: /Users/runner/work/rfswarm/rfswarm/Tests/Regression/Reporter/testdata/Issue-#144</msg>
<status status="PASS" starttime="20230531 14:36:37.599" endtime="20230531 14:36:37.599"/>
</kw>
<kw name="Set Variable" library="BuiltIn">
<var>${resultfolder}</var>
<arg>${basefolder}${/}${resultdata}</arg>
<doc>Returns the given values which can then be assigned to a variables.</doc>
<msg timestamp="20230531 14:36:37.599" level="INFO">${resultfolder} = /Users/runner/work/rfswarm/rfswarm/Tests/Regression/Reporter/testdata/Issue-#144/20230320_185055_demo</msg>
<status status="PASS" starttime="20230531 14:36:37.599" endtime="20230531 14:36:37.599"/>
</kw>
<kw name="Should Exist" library="OperatingSystem">
<arg>${resultfolder}</arg>
<doc>Fails unless the given path (file or directory) exists.</doc>
<msg timestamp="20230531 14:36:37.600" level="INFO" html="true">Path '&lt;a href="file:///Users/runner/work/rfswarm/rfswarm/Tests/Regression/Reporter/testdata/Issue-#144/20230320_185055_demo"&gt;/Users/runner/work/rfswarm/rfswarm/Tests/Regression/Reporter/testdata/Issue-#144/20230320_185055_demo&lt;/a&gt;' exists.</msg>
<status status="PASS" starttime="20230531 14:36:37.600" endtime="20230531 14:36:37.600"/>
</kw>
<kw name="Log" library="BuiltIn">
<arg>resultfolder: ${resultfolder}</arg>
<arg>console=True</arg>
<doc>Logs the given message with the given level.</doc>
<msg timestamp="20230531 14:36:37.600" level="INFO">resultfolder: /Users/runner/work/rfswarm/rfswarm/Tests/Regression/Reporter/testdata/Issue-#144/20230320_185055_demo</msg>
<status status="PASS" starttime="20230531 14:36:37.600" endtime="20230531 14:36:37.600"/>
</kw>
<kw name="Set Variable" library="BuiltIn">
<var>${template}</var>
<arg>${basefolder}${/}90%ileTemplate.template</arg>
<doc>Returns the given values which can then be assigned to a variables.</doc>
<msg timestamp="20230531 14:36:37.601" level="INFO">${template} = /Users/runner/work/rfswarm/rfswarm/Tests/Regression/Reporter/testdata/Issue-#144/90%ileTemplate.template</msg>
<status status="PASS" starttime="20230531 14:36:37.600" endtime="20230531 14:36:37.601"/>
</kw>
<kw name="Should Exist" library="OperatingSystem">
<arg>${template}</arg>
<doc>Fails unless the given path (file or directory) exists.</doc>
<msg timestamp="20230531 14:36:37.601" level="INFO" html="true">Path '&lt;a href="file:///Users/runner/work/rfswarm/rfswarm/Tests/Regression/Reporter/testdata/Issue-#144/90%ileTemplate.template"&gt;/Users/runner/work/rfswarm/rfswarm/Tests/Regression/Reporter/testdata/Issue-#144/90%ileTemplate.template&lt;/a&gt;' exists.</msg>
<status status="PASS" starttime="20230531 14:36:37.601" endtime="20230531 14:36:37.601"/>
</kw>
<kw name="Log" library="BuiltIn">
<arg>template: ${template}</arg>
<arg>console=True</arg>
<doc>Logs the given message with the given level.</doc>
<msg timestamp="20230531 14:36:37.601" level="INFO">template: /Users/runner/work/rfswarm/rfswarm/Tests/Regression/Reporter/testdata/Issue-#144/90%ileTemplate.template</msg>
<status status="PASS" starttime="20230531 14:36:37.601" endtime="20230531 14:36:37.601"/>
</kw>
<kw name="Run" library="OperatingSystem">
<var>${result}</var>
<arg>python3 ${pyfile} -n -g 1 -d ${resultfolder} -t ${template} --xlsx</arg>
<doc>Runs the given command in the system and returns the output.</doc>
<msg timestamp="20230531 14:36:37.605" level="INFO">Running command 'python3 /Users/runner/work/rfswarm/rfswarm/rfswarm_reporter/rfswarm_reporter.py -n -g 1 -d /Users/runner/work/rfswarm/rfswarm/Tests/Regression/Reporter/testdata/Issue-#144/20230320_185055_demo -t /Users/runner/work/rfswarm/rfswarm/Tests/Regression/Reporter/testdata/Issue-#144/90%ileTemplate.template --xlsx 2&gt;&amp;1'.</msg>
<msg timestamp="20230531 14:36:44.493" level="INFO">${result} = </msg>
<status status="PASS" starttime="20230531 14:36:37.602" endtime="20230531 14:36:44.493"/>
</kw>
<kw name="Log" library="BuiltIn">
<arg>${\n}${result}</arg>
<arg>console=True</arg>
<doc>Logs the given message with the given level.</doc>
<msg timestamp="20230531 14:36:44.494" level="INFO">
</msg>
<status status="PASS" starttime="20230531 14:36:44.493" endtime="20230531 14:36:44.494"/>
</kw>
<kw name="Should Not Contain" library="BuiltIn">
<arg>${result}</arg>
<arg>Traceback</arg>
<doc>Fails if ``container`` contains ``item`` one or more times.</doc>
<status status="PASS" starttime="20230531 14:36:44.494" endtime="20230531 14:36:44.494"/>
</kw>
<kw name="Should Exist" library="OperatingSystem">
<arg>${resultfolder}${/}${resultdata}.xlsx</arg>
<doc>Fails unless the given path (file or directory) exists.</doc>
<msg timestamp="20230531 14:36:44.495" level="INFO" html="true">Path '&lt;a href="file:///Users/runner/work/rfswarm/rfswarm/Tests/Regression/Reporter/testdata/Issue-#144/20230320_185055_demo/20230320_185055_demo.xlsx"&gt;/Users/runner/work/rfswarm/rfswarm/Tests/Regression/Reporter/testdata/Issue-#144/20230320_185055_demo/20230320_185055_demo.xlsx&lt;/a&gt;' exists.</msg>
<status status="PASS" starttime="20230531 14:36:44.494" endtime="20230531 14:36:44.495"/>
</kw>
<tag>Issue #144</tag>
<tag>macos-latest</tag>
<tag>ubuntu-latest</tag>
<tag>windows-latest</tag>
<tag>XLSX</tag>
<status status="PASS" starttime="20230531 14:36:37.597" endtime="20230531 14:36:44.495"/>
</test>
<status status="PASS" starttime="20230531 14:35:52.323" endtime="20230531 14:36:44.496"/>
</suite>
<suite id="s1-s2" name="GUI Basic" source="/Users/runner/work/rfswarm/rfswarm/Tests/Regression/Reporter/GUI_Basic.robot">
<test id="s1-s2-t1" name="GUI Runs and Closes" line="19">
<kw name="Open GUI">
<kw name="Get Variables" library="BuiltIn">
<var>${var}</var>
<doc>Returns a dictionary containing all variables in the current scope.</doc>
<msg timestamp="20230531 14:36:58.146" level="INFO">${var} = {'${/}': '/', '${:}': ':', '${\\n}': '\n', '${DEBUG_FILE}': 'NONE', '${EXECDIR}': '/Users/runner/work/rfswarm/rfswarm', '${False}': False, '${IMAGE_DIR}': '/Users/runner/work/rfswarm/rfswarm/Tests/Reg...</msg>
<status status="PASS" starttime="20230531 14:36:58.144" endtime="20230531 14:36:58.146"/>
</kw>
<kw name="Log" library="BuiltIn">
<arg>${var}</arg>
<doc>Logs the given message with the given level.</doc>
<msg timestamp="20230531 14:36:58.146" level="INFO">{'${/}': '/', '${:}': ':', '${\\n}': '\n', '${DEBUG_FILE}': 'NONE', '${EXECDIR}': '/Users/runner/work/rfswarm/rfswarm', '${False}': False, '${IMAGE_DIR}': '/Users/runner/work/rfswarm/rfswarm/Tests/Regression/Reporter/Images/file_method', '${LOG_FILE}': '/Users/runner/work/rfswarm/rfswarm/Tests/Regression/Reporter/Logs/macos-latest_3.11/log.html', '${LOG_LEVEL}': 'INFO', '${None}': None, '${null}': None, '${OUTPUT_DIR}': '/Users/runner/work/rfswarm/rfswarm/Tests/Regression/Reporter/Logs/macos-latest_3.11', '${OUTPUT_FILE}': '/Users/runner/work/rfswarm/rfswarm/Tests/Regression/Reporter/Logs/macos-latest_3.11/output.xml', '${PREV_TEST_MESSAGE}': '', '${PREV_TEST_NAME}': 'Command Line Generate Xlsx', '${PREV_TEST_STATUS}': 'PASS', '${process}': 'None', '${pyfile}': '/Users/runner/work/rfswarm/rfswarm/rfswarm_reporter/rfswarm_reporter.py', '${REPORT_FILE}': '/Users/runner/work/rfswarm/rfswarm/Tests/Regression/Reporter/Logs/macos-latest_3.11/report.html', '${SPACE}': ' ', '${sssleep}': '0.5', '${SUITE_DOCUMENTATION}': '', '${SUITE_NAME}': 'Reporter.GUI Basic', '${SUITE_SOURCE}': '/Users/runner/work/rfswarm/rfswarm/Tests/Regression/Reporter/GUI_Basic.robot', '${TEMPDIR}': '/var/folders/24/8k48jl6d249_n_qfxwsl6xvm0000gn/T', '${TEST_DOCUMENTATION}': '', '${TEST_NAME}': 'GUI Runs and Closes', '${True}': True, '&amp;{OPTIONS}': {'include': ['macos-latest'], 'exclude': [], 'skip': [], 'skip_on_failure': []}, '&amp;{SUITE_METADATA}': &lt;robot.utils.normalizing.NormalizedDict object at 0x122456a10&gt;, '@{appargs}': [], '@{TEST_TAGS}': ['macos-latest', 'ubuntu-latest', 'windows-latest']}</msg>
<status status="PASS" starttime="20230531 14:36:58.146" endtime="20230531 14:36:58.146"/>
</kw>
<kw name="Get Platform">
<kw name="Create Dictionary" library="BuiltIn">
<var>&amp;{platforms}</var>
<arg>Linux=ubuntu</arg>
<arg>Darwin=macos</arg>
<arg>Java=notsupported</arg>
<arg>Windows=windows</arg>
<doc>Creates and returns a dictionary based on the given ``items``.</doc>
<msg timestamp="20230531 14:36:58.147" level="INFO">&amp;{platforms} = { Linux=ubuntu | Darwin=macos | Java=notsupported | Windows=windows }</msg>
<status status="PASS" starttime="20230531 14:36:58.147" endtime="20230531 14:36:58.147"/>
</kw>
<kw name="Evaluate" library="BuiltIn">
<var>${os}</var>
<arg>platform.system()</arg>
<arg>platform</arg>
<doc>Evaluates the given expression in Python and returns the result.</doc>
<msg timestamp="20230531 14:36:58.148" level="INFO">${os} = Darwin</msg>
<status status="PASS" starttime="20230531 14:36:58.147" endtime="20230531 14:36:58.148"/>
</kw>
<kw name="Set Suite Variable" library="BuiltIn">
<arg>${platform}</arg>
<arg>${platforms}[${os}]</arg>
<doc>Makes a variable available everywhere within the scope of the current suite.</doc>
<msg timestamp="20230531 14:36:58.149" level="INFO">${platform} = macos</msg>
<status status="PASS" starttime="20230531 14:36:58.148" endtime="20230531 14:36:58.149"/>
</kw>
<status status="PASS" starttime="20230531 14:36:58.146" endtime="20230531 14:36:58.150"/>
</kw>
<kw name="Set Variable" library="BuiltIn">
<var>${keyword}</var>
<arg>Open GUI ${platform}</arg>
<doc>Returns the given values which can then be assigned to a variables.</doc>
<msg timestamp="20230531 14:36:58.150" level="INFO">${keyword} = Open GUI macos</msg>
<status status="PASS" starttime="20230531 14:36:58.150" endtime="20230531 14:36:58.150"/>
</kw>
<kw name="Run Keyword" library="BuiltIn">
<arg>${keyword}</arg>
<arg>@{appargs}</arg>
<doc>Executes the given keyword with the given arguments.</doc>
<kw name="Open GUI macos">
<arg>@{appargs}</arg>
<kw name="Set Suite Variable" library="BuiltIn">
<arg>${platform}</arg>
<arg>macos</arg>
<doc>Makes a variable available everywhere within the scope of the current suite.</doc>
<msg timestamp="20230531 14:36:58.157" level="INFO">${platform} = macos</msg>
<status status="PASS" starttime="20230531 14:36:58.156" endtime="20230531 14:36:58.157"/>
</kw>
<kw name="Set Confidence" library="ImageHorizonLibrary">
<arg>0.9</arg>
<doc>Sets the accuracy when finding images.</doc>
<status status="PASS" starttime="20230531 14:36:58.157" endtime="20230531 14:36:58.157"/>
</kw>
<kw name="Start Process" library="Process">
<var>${process}</var>
<arg>python3</arg>
<arg>${pyfile}</arg>
<arg>-g</arg>
<arg>5</arg>
<arg>@{appargs}</arg>
<arg>alias=Reporter</arg>
<arg>stdout=${OUTPUT DIR}${/}stdout.txt</arg>
<arg>stderr=${OUTPUT DIR}${/}stderr.txt</arg>
<doc>Starts a new process on background.</doc>
<msg timestamp="20230531 14:36:58.158" level="INFO">Starting process:
python3 /Users/runner/work/rfswarm/rfswarm/rfswarm_reporter/rfswarm_reporter.py -g 5</msg>
<msg timestamp="20230531 14:36:58.166" level="INFO">${process} = &lt;Popen: returncode: None args: ['python3', '/Users/runner/work/rfswarm/rfswa...&gt;</msg>
<status status="PASS" starttime="20230531 14:36:58.157" endtime="20230531 14:36:58.167"/>
</kw>
<kw name="Set Suite Variable" library="BuiltIn">
<arg>$process</arg>
<arg>${process}</arg>
<doc>Makes a variable available everywhere within the scope of the current suite.</doc>
<msg timestamp="20230531 14:36:58.168" level="INFO">${process} = &lt;Popen: returncode: None args: ['python3', '/Users/runner/work/rfswarm/rfswa...&gt;</msg>
<status status="PASS" starttime="20230531 14:36:58.167" endtime="20230531 14:36:58.168"/>
</kw>
<kw name="Set Screenshot Folder" library="ImageHorizonLibrary">
<arg>${OUTPUT DIR}</arg>
<doc>Sets the folder where screenshots are saved to.</doc>
<status status="PASS" starttime="20230531 14:36:58.168" endtime="20230531 14:36:58.168"/>
</kw>
<kw name="Take A Screenshot" library="ImageHorizonLibrary">
<doc>Takes a screenshot of the screen.</doc>
<msg timestamp="20230531 14:36:58.169" level="INFO" html="true">Screenshot taken: /Users/runner/work/rfswarm/rfswarm/Tests/Regression/Reporter/Logs/macos-latest_3.11/Reporter.GUIBasic-screenshot-1.png&lt;br/&gt;&lt;img src="/Users/runner/work/rfswarm/rfswarm/Tests/Regression/Reporter/Logs/macos-latest_3.11/Reporter.GUIBasic-screenshot-1.png" width="100%" /&gt;</msg>
<status status="PASS" starttime="20230531 14:36:58.169" endtime="20230531 14:36:59.933"/>
</kw>
<status status="PASS" starttime="20230531 14:36:58.156" endtime="20230531 14:36:59.933"/>
</kw>
<status status="PASS" starttime="20230531 14:36:58.150" endtime="20230531 14:36:59.933"/>
</kw>
<status status="PASS" starttime="20230531 14:36:58.143" endtime="20230531 14:36:59.933"/>
</kw>
<kw name="Wait For Status">
<arg>PreviewLoaded</arg>
<kw name="Convert To Lower Case" library="String">
<var>${statusl}</var>
<arg>${status}</arg>
<doc>Converts string to lower case.</doc>
<msg timestamp="20230531 14:36:59.935" level="INFO">${statusl} = previewloaded</msg>
<status status="PASS" starttime="20230531 14:36:59.935" endtime="20230531 14:36:59.935"/>
</kw>
<kw name="Set Variable" library="BuiltIn">
<var>${img}</var>
<arg>reporter_${platform}_status_${statusl}.png</arg>
<doc>Returns the given values which can then be assigned to a variables.</doc>
<msg timestamp="20230531 14:36:59.935" level="INFO">${img} = reporter_macos_status_previewloaded.png</msg>
<status status="PASS" starttime="20230531 14:36:59.935" endtime="20230531 14:36:59.935"/>
</kw>
<kw name="Log" library="BuiltIn">
<arg>/Users/runner/work/rfswarm/rfswarm/Tests/Regression/Reporter</arg>
<doc>Logs the given message with the given level.</doc>
<msg timestamp="20230531 14:36:59.935" level="INFO">/Users/runner/work/rfswarm/rfswarm/Tests/Regression/Reporter</msg>
<status status="PASS" starttime="20230531 14:36:59.935" endtime="20230531 14:36:59.936"/>
</kw>
<kw name="Log" library="BuiltIn">
<arg>${IMAGE_DIR}</arg>
<doc>Logs the given message with the given level.</doc>
<msg timestamp="20230531 14:36:59.936" level="INFO">/Users/runner/work/rfswarm/rfswarm/Tests/Regression/Reporter/Images/file_method</msg>
<status status="PASS" starttime="20230531 14:36:59.936" endtime="20230531 14:36:59.936"/>
</kw>
<kw name="Wait For" library="ImageHorizonLibrary">
<arg>${img}</arg>
<arg>timeout=${timeout}</arg>
<doc>Tries to locate given image from the screen for given time.</doc>
<msg timestamp="20230531 14:37:09.153" level="INFO">Image "reporter_macos_status_previewloaded.png" found at (55, 440)</msg>
<status status="PASS" starttime="20230531 14:36:59.936" endtime="20230531 14:37:09.154"/>
</kw>
<kw name="Locate" library="ImageHorizonLibrary">
<var>@{coordinates}</var>
<arg>${img}</arg>
<doc>Locate image on screen.</doc>
<msg timestamp="20230531 14:37:09.668" level="INFO">Image "/Users/runner/work/rfswarm/rfswarm/Tests/Regression/Reporter/Images/file_method/reporter_macos_status_previewloaded.png" found at Box(left=4, top=431, width=103, height=18)</msg>
<msg timestamp="20230531 14:37:09.669" level="INFO">@{coordinates} = [ 55 | 440 ]</msg>
<status status="PASS" starttime="20230531 14:37:09.154" endtime="20230531 14:37:09.669"/>
</kw>
<kw name="Click Image" library="ImageHorizonLibrary">
<arg>${img}</arg>
<doc>Finds the reference image on screen and clicks it once.</doc>
<msg timestamp="20230531 14:37:10.189" level="INFO">Image "/Users/runner/work/rfswarm/rfswarm/Tests/Regression/Reporter/Images/file_method/reporter_macos_status_previewloaded.png" found at Box(left=4, top=431, width=103, height=18)</msg>
<msg timestamp="20230531 14:37:10.189" level="INFO">Clicking image "reporter_macos_status_previewloaded.png" in position (55, 440)</msg>
<status status="PASS" starttime="20230531 14:37:09.669" endtime="20230531 14:37:10.475"/>
</kw>
<kw name="Sleep" library="BuiltIn">
<arg>${sssleep}</arg>
<doc>Pauses the test executed for the given time.</doc>
<msg timestamp="20230531 14:37:10.982" level="INFO">Slept 500 milliseconds</msg>
<status status="PASS" starttime="20230531 14:37:10.476" endtime="20230531 14:37:10.982"/>
</kw>
<kw name="Take A Screenshot" library="ImageHorizonLibrary">
<doc>Takes a screenshot of the screen.</doc>
<msg timestamp="20230531 14:37:10.983" level="INFO" html="true">Screenshot taken: /Users/runner/work/rfswarm/rfswarm/Tests/Regression/Reporter/Logs/macos-latest_3.11/Reporter.GUIBasic-screenshot-2.png&lt;br/&gt;&lt;img src="/Users/runner/work/rfswarm/rfswarm/Tests/Regression/Reporter/Logs/macos-latest_3.11/Reporter.GUIBasic-screenshot-2.png" width="100%" /&gt;</msg>
<status status="PASS" starttime="20230531 14:37:10.982" endtime="20230531 14:37:11.275"/>
</kw>
<status status="PASS" starttime="20230531 14:36:59.934" endtime="20230531 14:37:11.275"/>
</kw>
<kw name="Close GUI" type="TEARDOWN">
<kw name="Set Variable" library="BuiltIn">
<var>${keyword}</var>
<arg>Close GUI ${platform}</arg>
<doc>Returns the given values which can then be assigned to a variables.</doc>
<msg timestamp="20230531 14:37:11.277" level="INFO">${keyword} = Close GUI macos</msg>
<status status="PASS" starttime="20230531 14:37:11.276" endtime="20230531 14:37:11.277"/>
</kw>
<if>
<branch type="IF" condition="${process}">
<kw name="Is Process Running" library="Process">
<var>${running}</var>
<arg>${process}</arg>
<doc>Checks is the process running or not.</doc>
<msg timestamp="20230531 14:37:11.277" level="INFO">${running} = True</msg>
<status status="PASS" starttime="20230531 14:37:11.277" endtime="20230531 14:37:11.277"/>
</kw>
<if>
<branch type="IF" condition="${running}">
<kw name="Run Keyword" library="BuiltIn">
<arg>${keyword}</arg>
<doc>Executes the given keyword with the given arguments.</doc>
<kw name="Close GUI macos">
<kw name="Click Image" library="ImageHorizonLibrary">
<arg>reporter_${platform}_button_closewindow.png</arg>
<doc>Finds the reference image on screen and clicks it once.</doc>
<msg timestamp="20230531 14:37:11.666" level="INFO">Image "/Users/runner/work/rfswarm/rfswarm/Tests/Regression/Reporter/Images/file_method/reporter_macos_button_closewindow.png" found at Box(left=9, top=31, width=19, height=25)</msg>
<msg timestamp="20230531 14:37:11.666" level="INFO">Clicking image "reporter_macos_button_closewindow.png" in position (18, 43)</msg>
<status status="PASS" starttime="20230531 14:37:11.282" endtime="20230531 14:37:11.808"/>
</kw>
<kw name="Take A Screenshot" library="ImageHorizonLibrary">
<doc>Takes a screenshot of the screen.</doc>
<msg timestamp="20230531 14:37:11.810" level="INFO" html="true">Screenshot taken: /Users/runner/work/rfswarm/rfswarm/Tests/Regression/Reporter/Logs/macos-latest_3.11/Reporter.GUIBasic-screenshot-3.png&lt;br/&gt;&lt;img src="/Users/runner/work/rfswarm/rfswarm/Tests/Regression/Reporter/Logs/macos-latest_3.11/Reporter.GUIBasic-screenshot-3.png" width="100%" /&gt;</msg>
<status status="PASS" starttime="20230531 14:37:11.809" endtime="20230531 14:37:12.344"/>
</kw>
<kw name="Sleep" library="BuiltIn">
<arg>0.5</arg>
<doc>Pauses the test executed for the given time.</doc>
<msg timestamp="20230531 14:37:12.853" level="INFO">Slept 500 milliseconds</msg>
<status status="PASS" starttime="20230531 14:37:12.344" endtime="20230531 14:37:12.853"/>
</kw>
<kw name="End Process If Still Running">
<kw name="Wait For Process" library="Process">
<var>${result}</var>
<arg>${process}</arg>
<arg>timeout=60</arg>
<doc>Waits for the process to complete or to reach the given timeout.</doc>
<msg timestamp="20230531 14:37:12.854" level="INFO">Waiting for process to complete.</msg>
<msg timestamp="20230531 14:37:12.855" level="INFO">Process completed.</msg>
<msg timestamp="20230531 14:37:12.855" level="INFO">${result} = &lt;result object with rc 0&gt;</msg>
<status status="PASS" starttime="20230531 14:37:12.854" endtime="20230531 14:37:12.855"/>
</kw>
<kw name="Is Process Running" library="Process">
<var>${running}</var>
<arg>${process}</arg>
<doc>Checks is the process running or not.</doc>
<msg timestamp="20230531 14:37:12.855" level="INFO">${running} = False</msg>
<status status="PASS" starttime="20230531 14:37:12.855" endtime="20230531 14:37:12.855"/>
</kw>
<if>
<branch type="IF" condition="not ${running}">
<kw name="Check Result">
<arg>${result}</arg>
<kw name="Log" library="BuiltIn">
<arg>${result.stderr}</arg>
<doc>Logs the given message with the given level.</doc>
<msg timestamp="20230531 14:37:12.857" level="INFO"/>
<status status="PASS" starttime="20230531 14:37:12.856" endtime="20230531 14:37:12.857"/>
</kw>
<kw name="Should Not Contain" library="BuiltIn">
<arg>${result.stderr}</arg>
<arg>Traceback</arg>
<doc>Fails if ``container`` contains ``item`` one or more times.</doc>
<status status="PASS" starttime="20230531 14:37:12.857" endtime="20230531 14:37:12.857"/>
</kw>
<kw name="Should Be Equal As Integers" library="BuiltIn">
<arg>${result.rc}</arg>
<arg>0</arg>
<doc>Fails if objects are unequal after converting them to integers.</doc>
<msg timestamp="20230531 14:37:12.858" level="INFO">Argument types are:
&lt;class 'int'&gt;
&lt;class 'str'&gt;</msg>
<status status="PASS" starttime="20230531 14:37:12.858" endtime="20230531 14:37:12.858"/>
</kw>
<status status="PASS" starttime="20230531 14:37:12.856" endtime="20230531 14:37:12.858"/>
</kw>
<status status="PASS" starttime="20230531 14:37:12.855" endtime="20230531 14:37:12.858"/>
</branch>
<branch type="ELSE">
<kw name="Take A Screenshot" library="ImageHorizonLibrary">
<doc>Takes a screenshot of the screen.</doc>
<status status="NOT RUN" starttime="20230531 14:37:12.859" endtime="20230531 14:37:12.859"/>
</kw>
<kw name="Terminate Process" library="Process">
<var>${result}</var>
<arg>${process}</arg>
<doc>Stops the process gracefully or forcefully.</doc>
<status status="NOT RUN" starttime="20230531 14:37:12.860" endtime="20230531 14:37:12.860"/>
</kw>
<kw name="Check Result">
<arg>${result}</arg>
<status status="NOT RUN" starttime="20230531 14:37:12.860" endtime="20230531 14:37:12.860"/>
</kw>
<kw name="Fail" library="BuiltIn">
<arg>Had to Terminate Process</arg>
<doc>Fails the test with the given message and optionally alters its tags.</doc>
<status status="NOT RUN" starttime="20230531 14:37:12.860" endtime="20230531 14:37:12.860"/>
</kw>
<status status="NOT RUN" starttime="20230531 14:37:12.858" endtime="20230531 14:37:12.860"/>
</branch>
<status status="PASS" starttime="20230531 14:37:12.855" endtime="20230531 14:37:12.860"/>
</if>
<status status="PASS" starttime="20230531 14:37:12.853" endtime="20230531 14:37:12.860"/>
</kw>
<status status="PASS" starttime="20230531 14:37:11.282" endtime="20230531 14:37:12.860"/>
</kw>
<status status="PASS" starttime="20230531 14:37:11.278" endtime="20230531 14:37:12.860"/>
</kw>
<status status="PASS" starttime="20230531 14:37:11.277" endtime="20230531 14:37:12.860"/>
</branch>
<branch type="ELSE">
<kw name="Wait For Process" library="Process">
<var>${result}</var>
<arg>${process}</arg>
<arg>timeout=60</arg>
<doc>Waits for the process to complete or to reach the given timeout.</doc>
<status status="NOT RUN" starttime="20230531 14:37:12.861" endtime="20230531 14:37:12.861"/>
</kw>
<kw name="Check Result">
<arg>${result}</arg>
<status status="NOT RUN" starttime="20230531 14:37:12.861" endtime="20230531 14:37:12.861"/>
</kw>
<status status="NOT RUN" starttime="20230531 14:37:12.860" endtime="20230531 14:37:12.861"/>
</branch>
<status status="PASS" starttime="20230531 14:37:11.277" endtime="20230531 14:37:12.861"/>
</if>
<status status="PASS" starttime="20230531 14:37:11.277" endtime="20230531 14:37:12.861"/>
</branch>
<status status="PASS" starttime="20230531 14:37:11.277" endtime="20230531 14:37:12.861"/>
</if>
<kw name="Set Suite Variable" library="BuiltIn">
<arg>$process</arg>
<arg>None</arg>
<doc>Makes a variable available everywhere within the scope of the current suite.</doc>
<msg timestamp="20230531 14:37:12.861" level="INFO">${process} = None</msg>
<status status="PASS" starttime="20230531 14:37:12.861" endtime="20230531 14:37:12.861"/>
</kw>
<kw name="Sleep" library="BuiltIn">
<arg>0.5</arg>
<doc>Pauses the test executed for the given time.</doc>
<msg timestamp="20230531 14:37:13.375" level="INFO">Slept 500 milliseconds</msg>
<status status="PASS" starttime="20230531 14:37:12.861" endtime="20230531 14:37:13.375"/>
</kw>
<status status="PASS" starttime="20230531 14:37:11.276" endtime="20230531 14:37:13.375"/>
</kw>
<tag>macos-latest</tag>
<tag>ubuntu-latest</tag>
<tag>windows-latest</tag>
<status status="PASS" starttime="20230531 14:36:58.143" endtime="20230531 14:37:13.375"/>
</test>
<test id="s1-s2-t2" name="Select Preview Tab" line="25">
<kw name="Open GUI">
<kw name="Get Variables" library="BuiltIn">
<var>${var}</var>
<doc>Returns a dictionary containing all variables in the current scope.</doc>
<msg timestamp="20230531 14:37:13.377" level="INFO">${var} = {'${/}': '/', '${:}': ':', '${\\n}': '\n', '${DEBUG_FILE}': 'NONE', '${EXECDIR}': '/Users/runner/work/rfswarm/rfswarm', '${False}': False, '${IMAGE_DIR}': '/Users/runner/work/rfswarm/rfswarm/Tests/Reg...</msg>
<status status="PASS" starttime="20230531 14:37:13.376" endtime="20230531 14:37:13.377"/>
</kw>
<kw name="Log" library="BuiltIn">
<arg>${var}</arg>
<doc>Logs the given message with the given level.</doc>
<msg timestamp="20230531 14:37:13.378" level="INFO">{'${/}': '/', '${:}': ':', '${\\n}': '\n', '${DEBUG_FILE}': 'NONE', '${EXECDIR}': '/Users/runner/work/rfswarm/rfswarm', '${False}': False, '${IMAGE_DIR}': '/Users/runner/work/rfswarm/rfswarm/Tests/Regression/Reporter/Images/file_method', '${LOG_FILE}': '/Users/runner/work/rfswarm/rfswarm/Tests/Regression/Reporter/Logs/macos-latest_3.11/log.html', '${LOG_LEVEL}': 'INFO', '${None}': None, '${null}': None, '${OUTPUT_DIR}': '/Users/runner/work/rfswarm/rfswarm/Tests/Regression/Reporter/Logs/macos-latest_3.11', '${OUTPUT_FILE}': '/Users/runner/work/rfswarm/rfswarm/Tests/Regression/Reporter/Logs/macos-latest_3.11/output.xml', '${platform}': 'macos', '${PREV_TEST_MESSAGE}': '', '${PREV_TEST_NAME}': 'GUI Runs and Closes', '${PREV_TEST_STATUS}': 'PASS', '${process}': 'None', '${pyfile}': '/Users/runner/work/rfswarm/rfswarm/rfswarm_reporter/rfswarm_reporter.py', '${REPORT_FILE}': '/Users/runner/work/rfswarm/rfswarm/Tests/Regression/Reporter/Logs/macos-latest_3.11/report.html', '${SPACE}': ' ', '${sssleep}': '0.5', '${SUITE_DOCUMENTATION}': '', '${SUITE_NAME}': 'Reporter.GUI Basic', '${SUITE_SOURCE}': '/Users/runner/work/rfswarm/rfswarm/Tests/Regression/Reporter/GUI_Basic.robot', '${TEMPDIR}': '/var/folders/24/8k48jl6d249_n_qfxwsl6xvm0000gn/T', '${TEST_DOCUMENTATION}': '', '${TEST_NAME}': 'Select Preview Tab', '${True}': True, '&amp;{OPTIONS}': {'include': ['macos-latest'], 'exclude': [], 'skip': [], 'skip_on_failure': []}, '&amp;{SUITE_METADATA}': &lt;robot.utils.normalizing.NormalizedDict object at 0x122456a10&gt;, '@{appargs}': [], '@{TEST_TAGS}': ['macos-latest', 'ubuntu-latest', 'windows-latest']}</msg>
<status status="PASS" starttime="20230531 14:37:13.377" endtime="20230531 14:37:13.378"/>
</kw>
<kw name="Get Platform">
<kw name="Create Dictionary" library="BuiltIn">
<var>&amp;{platforms}</var>
<arg>Linux=ubuntu</arg>
<arg>Darwin=macos</arg>
<arg>Java=notsupported</arg>
<arg>Windows=windows</arg>
<doc>Creates and returns a dictionary based on the given ``items``.</doc>
<msg timestamp="20230531 14:37:13.378" level="INFO">&amp;{platforms} = { Linux=ubuntu | Darwin=macos | Java=notsupported | Windows=windows }</msg>
<status status="PASS" starttime="20230531 14:37:13.378" endtime="20230531 14:37:13.378"/>
</kw>
<kw name="Evaluate" library="BuiltIn">
<var>${os}</var>
<arg>platform.system()</arg>
<arg>platform</arg>
<doc>Evaluates the given expression in Python and returns the result.</doc>
<msg timestamp="20230531 14:37:13.379" level="INFO">${os} = Darwin</msg>
<status status="PASS" starttime="20230531 14:37:13.378" endtime="20230531 14:37:13.379"/>
</kw>
<kw name="Set Suite Variable" library="BuiltIn">
<arg>${platform}</arg>
<arg>${platforms}[${os}]</arg>
<doc>Makes a variable available everywhere within the scope of the current suite.</doc>
<msg timestamp="20230531 14:37:13.379" level="INFO">${platform} = macos</msg>
<status status="PASS" starttime="20230531 14:37:13.379" endtime="20230531 14:37:13.379"/>
</kw>
<status status="PASS" starttime="20230531 14:37:13.378" endtime="20230531 14:37:13.379"/>
</kw>
<kw name="Set Variable" library="BuiltIn">
<var>${keyword}</var>
<arg>Open GUI ${platform}</arg>
<doc>Returns the given values which can then be assigned to a variables.</doc>
<msg timestamp="20230531 14:37:13.380" level="INFO">${keyword} = Open GUI macos</msg>
<status status="PASS" starttime="20230531 14:37:13.380" endtime="20230531 14:37:13.380"/>
</kw>
<kw name="Run Keyword" library="BuiltIn">
<arg>${keyword}</arg>
<arg>@{appargs}</arg>
<doc>Executes the given keyword with the given arguments.</doc>
<kw name="Open GUI macos">
<arg>@{appargs}</arg>
<kw name="Set Suite Variable" library="BuiltIn">
<arg>${platform}</arg>
<arg>macos</arg>
<doc>Makes a variable available everywhere within the scope of the current suite.</doc>
<msg timestamp="20230531 14:37:13.385" level="INFO">${platform} = macos</msg>
<status status="PASS" starttime="20230531 14:37:13.384" endtime="20230531 14:37:13.385"/>
</kw>
<kw name="Set Confidence" library="ImageHorizonLibrary">
<arg>0.9</arg>
<doc>Sets the accuracy when finding images.</doc>
<status status="PASS" starttime="20230531 14:37:13.385" endtime="20230531 14:37:13.385"/>
</kw>
<kw name="Start Process" library="Process">
<var>${process}</var>
<arg>python3</arg>
<arg>${pyfile}</arg>
<arg>-g</arg>
<arg>5</arg>
<arg>@{appargs}</arg>
<arg>alias=Reporter</arg>
<arg>stdout=${OUTPUT DIR}${/}stdout.txt</arg>
<arg>stderr=${OUTPUT DIR}${/}stderr.txt</arg>
<doc>Starts a new process on background.</doc>
<msg timestamp="20230531 14:37:13.386" level="INFO">Starting process:
python3 /Users/runner/work/rfswarm/rfswarm/rfswarm_reporter/rfswarm_reporter.py -g 5</msg>
<msg timestamp="20230531 14:37:13.395" level="INFO">${process} = &lt;Popen: returncode: None args: ['python3', '/Users/runner/work/rfswarm/rfswa...&gt;</msg>
<status status="PASS" starttime="20230531 14:37:13.385" endtime="20230531 14:37:13.395"/>
</kw>
<kw name="Set Suite Variable" library="BuiltIn">
<arg>$process</arg>
<arg>${process}</arg>
<doc>Makes a variable available everywhere within the scope of the current suite.</doc>
<msg timestamp="20230531 14:37:13.396" level="INFO">${process} = &lt;Popen: returncode: None args: ['python3', '/Users/runner/work/rfswarm/rfswa...&gt;</msg>
<status status="PASS" starttime="20230531 14:37:13.395" endtime="20230531 14:37:13.396"/>
</kw>
<kw name="Set Screenshot Folder" library="ImageHorizonLibrary">
<arg>${OUTPUT DIR}</arg>
<doc>Sets the folder where screenshots are saved to.</doc>
<status status="PASS" starttime="20230531 14:37:13.396" endtime="20230531 14:37:13.396"/>
</kw>
<kw name="Take A Screenshot" library="ImageHorizonLibrary">
<doc>Takes a screenshot of the screen.</doc>
<msg timestamp="20230531 14:37:13.397" level="INFO" html="true">Screenshot taken: /Users/runner/work/rfswarm/rfswarm/Tests/Regression/Reporter/Logs/macos-latest_3.11/Reporter.GUIBasic-screenshot-4.png&lt;br/&gt;&lt;img src="/Users/runner/work/rfswarm/rfswarm/Tests/Regression/Reporter/Logs/macos-latest_3.11/Reporter.GUIBasic-screenshot-4.png" width="100%" /&gt;</msg>
<status status="PASS" starttime="20230531 14:37:13.396" endtime="20230531 14:37:13.692"/>
</kw>
<status status="PASS" starttime="20230531 14:37:13.384" endtime="20230531 14:37:13.693"/>
</kw>
<status status="PASS" starttime="20230531 14:37:13.380" endtime="20230531 14:37:13.693"/>
</kw>
<status status="PASS" starttime="20230531 14:37:13.376" endtime="20230531 14:37:13.693"/>
</kw>
<kw name="Wait For Status">
<arg>PreviewLoaded</arg>
<kw name="Convert To Lower Case" library="String">
<var>${statusl}</var>
<arg>${status}</arg>
<doc>Converts string to lower case.</doc>
<msg timestamp="20230531 14:37:13.694" level="INFO">${statusl} = previewloaded</msg>
<status status="PASS" starttime="20230531 14:37:13.694" endtime="20230531 14:37:13.694"/>
</kw>
<kw name="Set Variable" library="BuiltIn">
<var>${img}</var>
<arg>reporter_${platform}_status_${statusl}.png</arg>
<doc>Returns the given values which can then be assigned to a variables.</doc>
<msg timestamp="20230531 14:37:13.695" level="INFO">${img} = reporter_macos_status_previewloaded.png</msg>
<status status="PASS" starttime="20230531 14:37:13.694" endtime="20230531 14:37:13.695"/>
</kw>
<kw name="Log" library="BuiltIn">
<arg>/Users/runner/work/rfswarm/rfswarm/Tests/Regression/Reporter</arg>
<doc>Logs the given message with the given level.</doc>
<msg timestamp="20230531 14:37:13.695" level="INFO">/Users/runner/work/rfswarm/rfswarm/Tests/Regression/Reporter</msg>
<status status="PASS" starttime="20230531 14:37:13.695" endtime="20230531 14:37:13.695"/>
</kw>
<kw name="Log" library="BuiltIn">
<arg>${IMAGE_DIR}</arg>
<doc>Logs the given message with the given level.</doc>
<msg timestamp="20230531 14:37:13.695" level="INFO">/Users/runner/work/rfswarm/rfswarm/Tests/Regression/Reporter/Images/file_method</msg>
<status status="PASS" starttime="20230531 14:37:13.695" endtime="20230531 14:37:13.695"/>
</kw>
<kw name="Wait For" library="ImageHorizonLibrary">
<arg>${img}</arg>
<arg>timeout=${timeout}</arg>
<doc>Tries to locate given image from the screen for given time.</doc>
<msg timestamp="20230531 14:37:16.835" level="INFO">Image "reporter_macos_status_previewloaded.png" found at (55, 440)</msg>
<status status="PASS" starttime="20230531 14:37:13.695" endtime="20230531 14:37:16.835"/>
</kw>
<kw name="Locate" library="ImageHorizonLibrary">
<var>@{coordinates}</var>
<arg>${img}</arg>
<doc>Locate image on screen.</doc>
<msg timestamp="20230531 14:37:17.317" level="INFO">Image "/Users/runner/work/rfswarm/rfswarm/Tests/Regression/Reporter/Images/file_method/reporter_macos_status_previewloaded.png" found at Box(left=4, top=431, width=103, height=18)</msg>
<msg timestamp="20230531 14:37:17.318" level="INFO">@{coordinates} = [ 55 | 440 ]</msg>
<status status="PASS" starttime="20230531 14:37:16.835" endtime="20230531 14:37:17.318"/>
</kw>
<kw name="Click Image" library="ImageHorizonLibrary">
<arg>${img}</arg>
<doc>Finds the reference image on screen and clicks it once.</doc>
<msg timestamp="20230531 14:37:17.815" level="INFO">Image "/Users/runner/work/rfswarm/rfswarm/Tests/Regression/Reporter/Images/file_method/reporter_macos_status_previewloaded.png" found at Box(left=4, top=431, width=103, height=18)</msg>
<msg timestamp="20230531 14:37:17.815" level="INFO">Clicking image "reporter_macos_status_previewloaded.png" in position (55, 440)</msg>
<status status="PASS" starttime="20230531 14:37:17.318" endtime="20230531 14:37:18.017"/>
</kw>
<kw name="Sleep" library="BuiltIn">
<arg>${sssleep}</arg>
<doc>Pauses the test executed for the given time.</doc>
<msg timestamp="20230531 14:37:18.531" level="INFO">Slept 500 milliseconds</msg>
<status status="PASS" starttime="20230531 14:37:18.017" endtime="20230531 14:37:18.531"/>
</kw>
<kw name="Take A Screenshot" library="ImageHorizonLibrary">
<doc>Takes a screenshot of the screen.</doc>
<msg timestamp="20230531 14:37:18.532" level="INFO" html="true">Screenshot taken: /Users/runner/work/rfswarm/rfswarm/Tests/Regression/Reporter/Logs/macos-latest_3.11/Reporter.GUIBasic-screenshot-5.png&lt;br/&gt;&lt;img src="/Users/runner/work/rfswarm/rfswarm/Tests/Regression/Reporter/Logs/macos-latest_3.11/Reporter.GUIBasic-screenshot-5.png" width="100%" /&gt;</msg>
<status status="PASS" starttime="20230531 14:37:18.532" endtime="20230531 14:37:18.807"/>
</kw>
<status status="PASS" starttime="20230531 14:37:13.693" endtime="20230531 14:37:18.808"/>
</kw>
<kw name="Click Tab">
<arg>Preview</arg>
<kw name="Convert To Lower Case" library="String">
<var>${tabnamel}</var>
<arg>${tabname}</arg>
<doc>Converts string to lower case.</doc>
<msg timestamp="20230531 14:37:18.810" level="INFO">${tabnamel} = preview</msg>
<status status="PASS" starttime="20230531 14:37:18.809" endtime="20230531 14:37:18.810"/>
</kw>
<kw name="Set Variable" library="BuiltIn">
<var>${img}</var>
<arg>reporter_${platform}_tab_${tabnamel}.png</arg>
<doc>Returns the given values which can then be assigned to a variables.</doc>
<msg timestamp="20230531 14:37:18.810" level="INFO">${img} = reporter_macos_tab_preview.png</msg>
<status status="PASS" starttime="20230531 14:37:18.810" endtime="20230531 14:37:18.810"/>
</kw>
<kw name="Log" library="BuiltIn">
<arg>/Users/runner/work/rfswarm/rfswarm/Tests/Regression/Reporter</arg>
<doc>Logs the given message with the given level.</doc>
<msg timestamp="20230531 14:37:18.810" level="INFO">/Users/runner/work/rfswarm/rfswarm/Tests/Regression/Reporter</msg>
<status status="PASS" starttime="20230531 14:37:18.810" endtime="20230531 14:37:18.811"/>
</kw>
<kw name="Log" library="BuiltIn">
<arg>${IMAGE_DIR}</arg>
<doc>Logs the given message with the given level.</doc>
<msg timestamp="20230531 14:37:18.811" level="INFO">/Users/runner/work/rfswarm/rfswarm/Tests/Regression/Reporter/Images/file_method</msg>
<status status="PASS" starttime="20230531 14:37:18.811" endtime="20230531 14:37:18.811"/>
</kw>
<kw name="Wait For" library="ImageHorizonLibrary">
<arg>${img}</arg>
<arg>timeout=300</arg>
<doc>Tries to locate given image from the screen for given time.</doc>
<msg timestamp="20230531 14:37:19.277" level="INFO">Image "reporter_macos_tab_preview.png" found at (482, 103)</msg>
<status status="PASS" starttime="20230531 14:37:18.811" endtime="20230531 14:37:19.278"/>
</kw>
<kw name="Locate" library="ImageHorizonLibrary">
<var>@{coordinates}</var>
<arg>${img}</arg>
<doc>Locate image on screen.</doc>
<msg timestamp="20230531 14:37:19.673" level="INFO">Image "/Users/runner/work/rfswarm/rfswarm/Tests/Regression/Reporter/Images/file_method/reporter_macos_tab_preview.png" found at Box(left=443, top=89, width=78, height=29)</msg>
<msg timestamp="20230531 14:37:19.673" level="INFO">@{coordinates} = [ 482 | 103 ]</msg>
<status status="PASS" starttime="20230531 14:37:19.278" endtime="20230531 14:37:19.673"/>
</kw>
<kw name="Click Image" library="ImageHorizonLibrary">
<arg>${img}</arg>
<doc>Finds the reference image on screen and clicks it once.</doc>
<msg timestamp="20230531 14:37:20.136" level="INFO">Image "/Users/runner/work/rfswarm/rfswarm/Tests/Regression/Reporter/Images/file_method/reporter_macos_tab_preview.png" found at Box(left=443, top=89, width=78, height=29)</msg>
<msg timestamp="20230531 14:37:20.136" level="INFO">Clicking image "reporter_macos_tab_preview.png" in position (482, 103)</msg>
<status status="PASS" starttime="20230531 14:37:19.674" endtime="20230531 14:37:20.258"/>
</kw>
<kw name="Sleep" library="BuiltIn">
<arg>${sssleep}</arg>
<doc>Pauses the test executed for the given time.</doc>
<msg timestamp="20230531 14:37:20.764" level="INFO">Slept 500 milliseconds</msg>
<status status="PASS" starttime="20230531 14:37:20.259" endtime="20230531 14:37:20.764"/>
</kw>
<kw name="Take A Screenshot" library="ImageHorizonLibrary">
<doc>Takes a screenshot of the screen.</doc>
<msg timestamp="20230531 14:37:20.764" level="INFO" html="true">Screenshot taken: /Users/runner/work/rfswarm/rfswarm/Tests/Regression/Reporter/Logs/macos-latest_3.11/Reporter.GUIBasic-screenshot-6.png&lt;br/&gt;&lt;img src="/Users/runner/work/rfswarm/rfswarm/Tests/Regression/Reporter/Logs/macos-latest_3.11/Reporter.GUIBasic-screenshot-6.png" width="100%" /&gt;</msg>
<status status="PASS" starttime="20230531 14:37:20.764" endtime="20230531 14:37:21.036"/>
</kw>
<status status="PASS" starttime="20230531 14:37:18.808" endtime="20230531 14:37:21.036"/>
</kw>
<kw name="Close GUI" type="TEARDOWN">
<kw name="Set Variable" library="BuiltIn">
<var>${keyword}</var>
<arg>Close GUI ${platform}</arg>
<doc>Returns the given values which can then be assigned to a variables.</doc>
<msg timestamp="20230531 14:37:21.038" level="INFO">${keyword} = Close GUI macos</msg>
<status status="PASS" starttime="20230531 14:37:21.037" endtime="20230531 14:37:21.038"/>
</kw>
<if>
<branch type="IF" condition="${process}">
<kw name="Is Process Running" library="Process">
<var>${running}</var>
<arg>${process}</arg>
<doc>Checks is the process running or not.</doc>
<msg timestamp="20230531 14:37:21.038" level="INFO">${running} = True</msg>
<status status="PASS" starttime="20230531 14:37:21.038" endtime="20230531 14:37:21.038"/>
</kw>
<if>
<branch type="IF" condition="${running}">
<kw name="Run Keyword" library="BuiltIn">
<arg>${keyword}</arg>
<doc>Executes the given keyword with the given arguments.</doc>
<kw name="Close GUI macos">
<kw name="Click Image" library="ImageHorizonLibrary">
<arg>reporter_${platform}_button_closewindow.png</arg>
<doc>Finds the reference image on screen and clicks it once.</doc>
<msg timestamp="20230531 14:37:21.482" level="INFO">Image "/Users/runner/work/rfswarm/rfswarm/Tests/Regression/Reporter/Images/file_method/reporter_macos_button_closewindow.png" found at Box(left=9, top=31, width=19, height=25)</msg>
<msg timestamp="20230531 14:37:21.482" level="INFO">Clicking image "reporter_macos_button_closewindow.png" in position (18, 43)</msg>
<status status="PASS" starttime="20230531 14:37:21.044" endtime="20230531 14:37:21.658"/>
</kw>
<kw name="Take A Screenshot" library="ImageHorizonLibrary">
<doc>Takes a screenshot of the screen.</doc>
<msg timestamp="20230531 14:37:21.659" level="INFO" html="true">Screenshot taken: /Users/runner/work/rfswarm/rfswarm/Tests/Regression/Reporter/Logs/macos-latest_3.11/Reporter.GUIBasic-screenshot-7.png&lt;br/&gt;&lt;img src="/Users/runner/work/rfswarm/rfswarm/Tests/Regression/Reporter/Logs/macos-latest_3.11/Reporter.GUIBasic-screenshot-7.png" width="100%" /&gt;</msg>
<status status="PASS" starttime="20230531 14:37:21.659" endtime="20230531 14:37:22.132"/>
</kw>
<kw name="Sleep" library="BuiltIn">
<arg>0.5</arg>
<doc>Pauses the test executed for the given time.</doc>
<msg timestamp="20230531 14:37:22.655" level="INFO">Slept 500 milliseconds</msg>
<status status="PASS" starttime="20230531 14:37:22.132" endtime="20230531 14:37:22.655"/>
</kw>
<kw name="End Process If Still Running">
<kw name="Wait For Process" library="Process">
<var>${result}</var>
<arg>${process}</arg>
<arg>timeout=60</arg>
<doc>Waits for the process to complete or to reach the given timeout.</doc>
<msg timestamp="20230531 14:37:22.656" level="INFO">Waiting for process to complete.</msg>
<msg timestamp="20230531 14:37:22.696" level="INFO">Process completed.</msg>
<msg timestamp="20230531 14:37:22.697" level="INFO">${result} = &lt;result object with rc 0&gt;</msg>
<status status="PASS" starttime="20230531 14:37:22.656" endtime="20230531 14:37:22.697"/>
</kw>
<kw name="Is Process Running" library="Process">
<var>${running}</var>
<arg>${process}</arg>
<doc>Checks is the process running or not.</doc>
<msg timestamp="20230531 14:37:22.697" level="INFO">${running} = False</msg>
<status status="PASS" starttime="20230531 14:37:22.697" endtime="20230531 14:37:22.697"/>
</kw>
<if>
<branch type="IF" condition="not ${running}">
<kw name="Check Result">
<arg>${result}</arg>
<kw name="Log" library="BuiltIn">
<arg>${result.stderr}</arg>
<doc>Logs the given message with the given level.</doc>
<msg timestamp="20230531 14:37:22.699" level="INFO"/>
<status status="PASS" starttime="20230531 14:37:22.698" endtime="20230531 14:37:22.699"/>
</kw>
<kw name="Should Not Contain" library="BuiltIn">
<arg>${result.stderr}</arg>
<arg>Traceback</arg>
<doc>Fails if ``container`` contains ``item`` one or more times.</doc>
<status status="PASS" starttime="20230531 14:37:22.699" endtime="20230531 14:37:22.699"/>
</kw>
<kw name="Should Be Equal As Integers" library="BuiltIn">
<arg>${result.rc}</arg>
<arg>0</arg>
<doc>Fails if objects are unequal after converting them to integers.</doc>
<msg timestamp="20230531 14:37:22.700" level="INFO">Argument types are:
&lt;class 'int'&gt;
&lt;class 'str'&gt;</msg>
<status status="PASS" starttime="20230531 14:37:22.700" endtime="20230531 14:37:22.700"/>
</kw>
<status status="PASS" starttime="20230531 14:37:22.698" endtime="20230531 14:37:22.700"/>
</kw>
<status status="PASS" starttime="20230531 14:37:22.697" endtime="20230531 14:37:22.700"/>
</branch>
<branch type="ELSE">
<kw name="Take A Screenshot" library="ImageHorizonLibrary">
<doc>Takes a screenshot of the screen.</doc>
<status status="NOT RUN" starttime="20230531 14:37:22.701" endtime="20230531 14:37:22.701"/>
</kw>
<kw name="Terminate Process" library="Process">
<var>${result}</var>
<arg>${process}</arg>
<doc>Stops the process gracefully or forcefully.</doc>
<status status="NOT RUN" starttime="20230531 14:37:22.701" endtime="20230531 14:37:22.701"/>
</kw>
<kw name="Check Result">
<arg>${result}</arg>
<status status="NOT RUN" starttime="20230531 14:37:22.701" endtime="20230531 14:37:22.701"/>
</kw>
<kw name="Fail" library="BuiltIn">
<arg>Had to Terminate Process</arg>
<doc>Fails the test with the given message and optionally alters its tags.</doc>
<status status="NOT RUN" starttime="20230531 14:37:22.701" endtime="20230531 14:37:22.701"/>
</kw>
<status status="NOT RUN" starttime="20230531 14:37:22.701" endtime="20230531 14:37:22.701"/>
</branch>
<status status="PASS" starttime="20230531 14:37:22.697" endtime="20230531 14:37:22.701"/>
</if>
<status status="PASS" starttime="20230531 14:37:22.655" endtime="20230531 14:37:22.701"/>
</kw>
<status status="PASS" starttime="20230531 14:37:21.044" endtime="20230531 14:37:22.701"/>
</kw>
<status status="PASS" starttime="20230531 14:37:21.039" endtime="20230531 14:37:22.701"/>
</kw>
<status status="PASS" starttime="20230531 14:37:21.038" endtime="20230531 14:37:22.702"/>
</branch>
<branch type="ELSE">
<kw name="Wait For Process" library="Process">
<var>${result}</var>
<arg>${process}</arg>
<arg>timeout=60</arg>
<doc>Waits for the process to complete or to reach the given timeout.</doc>
<status status="NOT RUN" starttime="20230531 14:37:22.702" endtime="20230531 14:37:22.702"/>
</kw>
<kw name="Check Result">
<arg>${result}</arg>
<status status="NOT RUN" starttime="20230531 14:37:22.702" endtime="20230531 14:37:22.702"/>
</kw>
<status status="NOT RUN" starttime="20230531 14:37:22.702" endtime="20230531 14:37:22.702"/>
</branch>
<status status="PASS" starttime="20230531 14:37:21.038" endtime="20230531 14:37:22.702"/>
</if>
<status status="PASS" starttime="20230531 14:37:21.038" endtime="20230531 14:37:22.702"/>
</branch>
<status status="PASS" starttime="20230531 14:37:21.038" endtime="20230531 14:37:22.702"/>
</if>
<kw name="Set Suite Variable" library="BuiltIn">
<arg>$process</arg>
<arg>None</arg>
<doc>Makes a variable available everywhere within the scope of the current suite.</doc>
<msg timestamp="20230531 14:37:22.702" level="INFO">${process} = None</msg>
<status status="PASS" starttime="20230531 14:37:22.702" endtime="20230531 14:37:22.702"/>
</kw>
<kw name="Sleep" library="BuiltIn">
<arg>0.5</arg>
<doc>Pauses the test executed for the given time.</doc>
<msg timestamp="20230531 14:37:23.219" level="INFO">Slept 500 milliseconds</msg>
<status status="PASS" starttime="20230531 14:37:22.703" endtime="20230531 14:37:23.219"/>
</kw>
<status status="PASS" starttime="20230531 14:37:21.037" endtime="20230531 14:37:23.220"/>
</kw>
<tag>macos-latest</tag>
<tag>ubuntu-latest</tag>
<tag>windows-latest</tag>
<status status="PASS" starttime="20230531 14:37:13.376" endtime="20230531 14:37:23.220"/>
</test>
<test id="s1-s2-t3" name="First Run" line="32">
<kw name="Set Variable" library="BuiltIn">
<var>${testdata}</var>
<arg>Issue-#147</arg>
<doc>Returns the given values which can then be assigned to a variables.</doc>
<msg timestamp="20230531 14:37:23.221" level="INFO">${testdata} = Issue-#147</msg>
<status status="PASS" starttime="20230531 14:37:23.221" endtime="20230531 14:37:23.221"/>
</kw>
<kw name="Set Variable" library="BuiltIn">
<var>${resultdata}</var>
<arg>20230320_185055_demo</arg>
<doc>Returns the given values which can then be assigned to a variables.</doc>
<msg timestamp="20230531 14:37:23.221" level="INFO">${resultdata} = 20230320_185055_demo</msg>
<status status="PASS" starttime="20230531 14:37:23.221" endtime="20230531 14:37:23.221"/>
</kw>
<kw name="Set Variable" library="BuiltIn">
<var>${basefolder}</var>
<arg>/Users/runner/work/rfswarm/rfswarm/Tests/Regression/Reporter${/}testdata${/}${testdata}</arg>
<doc>Returns the given values which can then be assigned to a variables.</doc>
<msg timestamp="20230531 14:37:23.221" level="INFO">${basefolder} = /Users/runner/work/rfswarm/rfswarm/Tests/Regression/Reporter/testdata/Issue-#147</msg>
<status status="PASS" starttime="20230531 14:37:23.221" endtime="20230531 14:37:23.221"/>
</kw>
<kw name="Should Exist" library="OperatingSystem">
<arg>${basefolder}</arg>
<doc>Fails unless the given path (file or directory) exists.</doc>
<msg timestamp="20230531 14:37:23.222" level="INFO" html="true">Path '&lt;a href="file:///Users/runner/work/rfswarm/rfswarm/Tests/Regression/Reporter/testdata/Issue-#147"&gt;/Users/runner/work/rfswarm/rfswarm/Tests/Regression/Reporter/testdata/Issue-#147&lt;/a&gt;' exists.</msg>
<status status="PASS" starttime="20230531 14:37:23.222" endtime="20230531 14:37:23.222"/>
</kw>
<kw name="Log To Console" library="BuiltIn">
<arg>basefolder: ${basefolder}</arg>
<arg>console=True</arg>
<doc>Logs the given message to the console.</doc>
<status status="PASS" starttime="20230531 14:37:23.222" endtime="20230531 14:37:23.222"/>
</kw>
<kw name="Set Variable" library="BuiltIn">
<var>${resultfolder}</var>
<arg>${basefolder}${/}${resultdata}</arg>
<doc>Returns the given values which can then be assigned to a variables.</doc>
<msg timestamp="20230531 14:37:23.223" level="INFO">${resultfolder} = /Users/runner/work/rfswarm/rfswarm/Tests/Regression/Reporter/testdata/Issue-#147/20230320_185055_demo</msg>
<status status="PASS" starttime="20230531 14:37:23.222" endtime="20230531 14:37:23.223"/>
</kw>
<kw name="Should Exist" library="OperatingSystem">
<arg>${resultfolder}</arg>
<doc>Fails unless the given path (file or directory) exists.</doc>
<msg timestamp="20230531 14:37:23.223" level="INFO" html="true">Path '&lt;a href="file:///Users/runner/work/rfswarm/rfswarm/Tests/Regression/Reporter/testdata/Issue-#147/20230320_185055_demo"&gt;/Users/runner/work/rfswarm/rfswarm/Tests/Regression/Reporter/testdata/Issue-#147/20230320_185055_demo&lt;/a&gt;' exists.</msg>
<status status="PASS" starttime="20230531 14:37:23.223" endtime="20230531 14:37:23.223"/>
</kw>
<kw name="Log" library="BuiltIn">
<arg>resultfolder: ${resultfolder}</arg>
<arg>console=True</arg>
<doc>Logs the given message with the given level.</doc>
[...]
</kw>
<kw name="Locate" library="ImageHorizonLibrary">
<var>@{coordinates}</var>
<arg>${img}</arg>
<doc>Locate image on screen.</doc>
<msg timestamp="20230531 14:37:45.708" level="INFO">Image "/Users/runner/work/rfswarm/rfswarm/Tests/Regression/Reporter/Images/file_method/reporter_macos_label_type.png" found at Box(left=261, top=150, width=64, height=22)</msg>
<msg timestamp="20230531 14:37:45.708" level="INFO">@{coordinates} = [ 293 | 161 ]</msg>
<status status="PASS" starttime="20230531 14:37:45.300" endtime="20230531 14:37:45.708"/>
</kw>
<kw name="Evaluate" library="BuiltIn">
<var>${x}</var>
<arg>${coordinates}[0]+${offsetx}</arg>
<doc>Evaluates the given expression in Python and returns the result.</doc>
<msg timestamp="20230531 14:37:45.710" level="INFO">${x} = 343</msg>
<status status="PASS" starttime="20230531 14:37:45.709" endtime="20230531 14:37:45.710"/>
</kw>
<kw name="Evaluate" library="BuiltIn">
<var>${y}</var>
<arg>${coordinates}[1]+${offsety}</arg>
<doc>Evaluates the given expression in Python and returns the result.</doc>
<msg timestamp="20230531 14:37:45.710" level="INFO">${y} = 161</msg>
<status status="PASS" starttime="20230531 14:37:45.710" endtime="20230531 14:37:45.710"/>
</kw>
<kw name="Create List" library="BuiltIn">
<var>@{coordinates}</var>
<arg>${x}</arg>
<arg>${y}</arg>
<doc>Returns a list containing given items.</doc>
<msg timestamp="20230531 14:37:45.711" level="INFO">@{coordinates} = [ 343 | 161 ]</msg>
<status status="PASS" starttime="20230531 14:37:45.710" endtime="20230531 14:37:45.711"/>
</kw>
<kw name="Move To" library="ImageHorizonLibrary">
<arg>${coordinates}</arg>
<doc>Moves the mouse pointer to an absolute coordinates.</doc>
<status status="PASS" starttime="20230531 14:37:45.711" endtime="20230531 14:37:45.830"/>
</kw>
<kw name="Click" library="ImageHorizonLibrary">
<doc>Clicks with the specified mouse button.</doc>
<status status="PASS" starttime="20230531 14:37:45.830" endtime="20230531 14:37:45.961"/>
</kw>
<kw name="Sleep" library="BuiltIn">
<arg>${sssleep}</arg>
<doc>Pauses the test executed for the given time.</doc>
<msg timestamp="20230531 14:37:46.468" level="INFO">Slept 500 milliseconds</msg>
<status status="PASS" starttime="20230531 14:37:45.961" endtime="20230531 14:37:46.468"/>
</kw>
<kw name="Take A Screenshot" library="ImageHorizonLibrary">
<doc>Takes a screenshot of the screen.</doc>
<msg timestamp="20230531 14:37:46.469" level="INFO" html="true">Screenshot taken: /Users/runner/work/rfswarm/rfswarm/Tests/Regression/Reporter/Logs/macos-latest_3.11/Reporter.GUIBasic-screenshot-19.png&lt;br/&gt;&lt;img src="/Users/runner/work/rfswarm/rfswarm/Tests/Regression/Reporter/Logs/macos-latest_3.11/Reporter.GUIBasic-screenshot-19.png" width="100%" /&gt;</msg>
<status status="PASS" starttime="20230531 14:37:46.468" endtime="20230531 14:37:46.733"/>
</kw>
<status status="PASS" starttime="20230531 14:37:44.906" endtime="20230531 14:37:46.734"/>
</kw>
<kw name="Select Option">
<arg>DataTable</arg>
<kw name="Convert To Lower Case" library="String">
<var>${optnamel}</var>
<arg>${optname}</arg>
<doc>Converts string to lower case.</doc>
<msg timestamp="20230531 14:37:46.735" level="INFO">${optnamel} = datatable</msg>
<status status="PASS" starttime="20230531 14:37:46.735" endtime="20230531 14:37:46.735"/>
</kw>
<kw name="Set Variable" library="BuiltIn">
<var>${img}</var>
<arg>reporter_${platform}_option_${optnamel}.png</arg>
<doc>Returns the given values which can then be assigned to a variables.</doc>
<msg timestamp="20230531 14:37:46.735" level="INFO">${img} = reporter_macos_option_datatable.png</msg>
<status status="PASS" starttime="20230531 14:37:46.735" endtime="20230531 14:37:46.735"/>
</kw>
<kw name="Log" library="BuiltIn">
<arg>/Users/runner/work/rfswarm/rfswarm/Tests/Regression/Reporter</arg>
<doc>Logs the given message with the given level.</doc>
<msg timestamp="20230531 14:37:46.736" level="INFO">/Users/runner/work/rfswarm/rfswarm/Tests/Regression/Reporter</msg>
<status status="PASS" starttime="20230531 14:37:46.735" endtime="20230531 14:37:46.736"/>
</kw>
<kw name="Log" library="BuiltIn">
<arg>${IMAGE_DIR}</arg>
<doc>Logs the given message with the given level.</doc>
<msg timestamp="20230531 14:37:46.736" level="INFO">/Users/runner/work/rfswarm/rfswarm/Tests/Regression/Reporter/Images/file_method</msg>
<status status="PASS" starttime="20230531 14:37:46.736" endtime="20230531 14:37:46.736"/>
</kw>
<kw name="Wait For" library="ImageHorizonLibrary">
<arg>${img}</arg>
<arg>timeout=300</arg>
<doc>Tries to locate given image from the screen for given time.</doc>
<msg timestamp="20230531 14:37:47.120" level="INFO">Image "reporter_macos_option_datatable.png" found at (389, 276)</msg>
<status status="PASS" starttime="20230531 14:37:46.736" endtime="20230531 14:37:47.120"/>
</kw>
<kw name="Locate" library="ImageHorizonLibrary">
<var>@{coordinates}</var>
<arg>${img}</arg>
<doc>Locate image on screen.</doc>
<msg timestamp="20230531 14:37:47.509" level="INFO">Image "/Users/runner/work/rfswarm/rfswarm/Tests/Regression/Reporter/Images/file_method/reporter_macos_option_datatable.png" found at Box(left=344, top=269, width=90, height=14)</msg>
<msg timestamp="20230531 14:37:47.509" level="INFO">@{coordinates} = [ 389 | 276 ]</msg>
<status status="PASS" starttime="20230531 14:37:47.120" endtime="20230531 14:37:47.509"/>
</kw>
<kw name="Click Image" library="ImageHorizonLibrary">
<arg>${img}</arg>
<doc>Finds the reference image on screen and clicks it once.</doc>
<msg timestamp="20230531 14:37:47.901" level="INFO">Image "/Users/runner/work/rfswarm/rfswarm/Tests/Regression/Reporter/Images/file_method/reporter_macos_option_datatable.png" found at Box(left=344, top=269, width=90, height=14)</msg>
<msg timestamp="20230531 14:37:47.901" level="INFO">Clicking image "reporter_macos_option_datatable.png" in position (389, 276)</msg>
<status status="PASS" starttime="20230531 14:37:47.510" endtime="20230531 14:37:48.015"/>
</kw>
<kw name="Sleep" library="BuiltIn">
<arg>${sssleep}</arg>
<doc>Pauses the test executed for the given time.</doc>
<msg timestamp="20230531 14:37:48.523" level="INFO">Slept 500 milliseconds</msg>
<status status="PASS" starttime="20230531 14:37:48.016" endtime="20230531 14:37:48.523"/>
</kw>
<kw name="Take A Screenshot" library="ImageHorizonLibrary">
<doc>Takes a screenshot of the screen.</doc>
<msg timestamp="20230531 14:37:48.524" level="INFO" html="true">Screenshot taken: /Users/runner/work/rfswarm/rfswarm/Tests/Regression/Reporter/Logs/macos-latest_3.11/Reporter.GUIBasic-screenshot-20.png&lt;br/&gt;&lt;img src="/Users/runner/work/rfswarm/rfswarm/Tests/Regression/Reporter/Logs/macos-latest_3.11/Reporter.GUIBasic-screenshot-20.png" width="100%" /&gt;</msg>
<status status="PASS" starttime="20230531 14:37:48.523" endtime="20230531 14:37:48.801"/>
</kw>
<status status="PASS" starttime="20230531 14:37:46.734" endtime="20230531 14:37:48.801"/>
</kw>
<kw name="Sleep" library="BuiltIn">
<arg>10</arg>
<doc>Pauses the test executed for the given time.</doc>
<msg timestamp="20230531 14:37:58.815" level="INFO">Slept 10 seconds</msg>
<status status="PASS" starttime="20230531 14:37:48.802" endtime="20230531 14:37:58.815"/>
</kw>
<kw name="Take A Screenshot" library="ImageHorizonLibrary">
<doc>Takes a screenshot of the screen.</doc>
<msg timestamp="20230531 14:37:58.816" level="INFO" html="true">Screenshot taken: /Users/runner/work/rfswarm/rfswarm/Tests/Regression/Reporter/Logs/macos-latest_3.11/Reporter.GUIBasic-screenshot-21.png&lt;br/&gt;&lt;img src="/Users/runner/work/rfswarm/rfswarm/Tests/Regression/Reporter/Logs/macos-latest_3.11/Reporter.GUIBasic-screenshot-21.png" width="100%" /&gt;</msg>
<status status="PASS" starttime="20230531 14:37:58.815" endtime="20230531 14:37:59.093"/>
</kw>
<kw name="Close GUI" type="TEARDOWN">
<kw name="Set Variable" library="BuiltIn">
<var>${keyword}</var>
<arg>Close GUI ${platform}</arg>
<doc>Returns the given values which can then be assigned to a variables.</doc>
<msg timestamp="20230531 14:37:59.094" level="INFO">${keyword} = Close GUI macos</msg>
<status status="PASS" starttime="20230531 14:37:59.094" endtime="20230531 14:37:59.094"/>
</kw>
<if>
<branch type="IF" condition="${process}">
<kw name="Is Process Running" library="Process">
<var>${running}</var>
<arg>${process}</arg>
<doc>Checks is the process running or not.</doc>
<msg timestamp="20230531 14:37:59.095" level="INFO">${running} = True</msg>
<status status="PASS" starttime="20230531 14:37:59.095" endtime="20230531 14:37:59.095"/>
</kw>
<if>
<branch type="IF" condition="${running}">
<kw name="Run Keyword" library="BuiltIn">
<arg>${keyword}</arg>
<doc>Executes the given keyword with the given arguments.</doc>
<kw name="Close GUI macos">
<kw name="Click Image" library="ImageHorizonLibrary">
<arg>reporter_${platform}_button_closewindow.png</arg>
<doc>Finds the reference image on screen and clicks it once.</doc>
<msg timestamp="20230531 14:37:59.479" level="INFO">Image "/Users/runner/work/rfswarm/rfswarm/Tests/Regression/Reporter/Images/file_method/reporter_macos_button_closewindow.png" found at Box(left=9, top=31, width=19, height=25)</msg>
<msg timestamp="20230531 14:37:59.480" level="INFO">Clicking image "reporter_macos_button_closewindow.png" in position (18, 43)</msg>
<status status="PASS" starttime="20230531 14:37:59.100" endtime="20230531 14:37:59.615"/>
</kw>
<kw name="Take A Screenshot" library="ImageHorizonLibrary">
<doc>Takes a screenshot of the screen.</doc>
<msg timestamp="20230531 14:37:59.616" level="INFO" html="true">Screenshot taken: /Users/runner/work/rfswarm/rfswarm/Tests/Regression/Reporter/Logs/macos-latest_3.11/Reporter.GUIBasic-screenshot-22.png&lt;br/&gt;&lt;img src="/Users/runner/work/rfswarm/rfswarm/Tests/Regression/Reporter/Logs/macos-latest_3.11/Reporter.GUIBasic-screenshot-22.png" width="100%" /&gt;</msg>
<status status="PASS" starttime="20230531 14:37:59.616" endtime="20230531 14:38:00.125"/>
</kw>
<kw name="Sleep" library="BuiltIn">
<arg>0.5</arg>
<doc>Pauses the test executed for the given time.</doc>
<msg timestamp="20230531 14:38:00.634" level="INFO">Slept 500 milliseconds</msg>
<status status="PASS" starttime="20230531 14:38:00.126" endtime="20230531 14:38:00.634"/>
</kw>
<kw name="End Process If Still Running">
<kw name="Wait For Process" library="Process">
<var>${result}</var>
<arg>${process}</arg>
<arg>timeout=60</arg>
<doc>Waits for the process to complete or to reach the given timeout.</doc>
<msg timestamp="20230531 14:38:00.635" level="INFO">Waiting for process to complete.</msg>
<msg timestamp="20230531 14:38:00.636" level="INFO">Process completed.</msg>
<msg timestamp="20230531 14:38:00.636" level="INFO">${result} = &lt;result object with rc 0&gt;</msg>
<status status="PASS" starttime="20230531 14:38:00.635" endtime="20230531 14:38:00.636"/>
</kw>
<kw name="Is Process Running" library="Process">
<var>${running}</var>
<arg>${process}</arg>
<doc>Checks is the process running or not.</doc>
<msg timestamp="20230531 14:38:00.636" level="INFO">${running} = False</msg>
<status status="PASS" starttime="20230531 14:38:00.636" endtime="20230531 14:38:00.636"/>
</kw>
<if>
<branch type="IF" condition="not ${running}">
<kw name="Check Result">
<arg>${result}</arg>
<kw name="Log" library="BuiltIn">
<arg>${result.stderr}</arg>
<doc>Logs the given message with the given level.</doc>
<msg timestamp="20230531 14:38:00.637" level="INFO"/>
<status status="PASS" starttime="20230531 14:38:00.637" endtime="20230531 14:38:00.638"/>
</kw>
<kw name="Should Not Contain" library="BuiltIn">
<arg>${result.stderr}</arg>
<arg>Traceback</arg>
<doc>Fails if ``container`` contains ``item`` one or more times.</doc>
<status status="PASS" starttime="20230531 14:38:00.638" endtime="20230531 14:38:00.638"/>
</kw>
<kw name="Should Be Equal As Integers" library="BuiltIn">
<arg>${result.rc}</arg>
<arg>0</arg>
<doc>Fails if objects are unequal after converting them to integers.</doc>
<msg timestamp="20230531 14:38:00.639" level="INFO">Argument types are:
&lt;class 'int'&gt;
&lt;class 'str'&gt;</msg>
<status status="PASS" starttime="20230531 14:38:00.638" endtime="20230531 14:38:00.639"/>
</kw>
<status status="PASS" starttime="20230531 14:38:00.636" endtime="20230531 14:38:00.639"/>
</kw>
<status status="PASS" starttime="20230531 14:38:00.636" endtime="20230531 14:38:00.639"/>
</branch>
<branch type="ELSE">
<kw name="Take A Screenshot" library="ImageHorizonLibrary">
<doc>Takes a screenshot of the screen.</doc>
<status status="NOT RUN" starttime="20230531 14:38:00.639" endtime="20230531 14:38:00.639"/>
</kw>
<kw name="Terminate Process" library="Process">
<var>${result}</var>
<arg>${process}</arg>
<doc>Stops the process gracefully or forcefully.</doc>
<status status="NOT RUN" starttime="20230531 14:38:00.640" endtime="20230531 14:38:00.640"/>
</kw>
<kw name="Check Result">
<arg>${result}</arg>
<status status="NOT RUN" starttime="20230531 14:38:00.640" endtime="20230531 14:38:00.640"/>
</kw>
<kw name="Fail" library="BuiltIn">
<arg>Had to Terminate Process</arg>
<doc>Fails the test with the given message and optionally alters its tags.</doc>
<status status="NOT RUN" starttime="20230531 14:38:00.640" endtime="20230531 14:38:00.640"/>
</kw>
<status status="NOT RUN" starttime="20230531 14:38:00.639" endtime="20230531 14:38:00.640"/>
</branch>
<status status="PASS" starttime="20230531 14:38:00.636" endtime="20230531 14:38:00.640"/>
</if>
<status status="PASS" starttime="20230531 14:38:00.634" endtime="20230531 14:38:00.640"/>
</kw>
<status status="PASS" starttime="20230531 14:37:59.099" endtime="20230531 14:38:00.640"/>
</kw>
<status status="PASS" starttime="20230531 14:37:59.095" endtime="20230531 14:38:00.640"/>
</kw>
<status status="PASS" starttime="20230531 14:37:59.095" endtime="20230531 14:38:00.640"/>
</branch>
<branch type="ELSE">
<kw name="Wait For Process" library="Process">
<var>${result}</var>
<arg>${process}</arg>
<arg>timeout=60</arg>
<doc>Waits for the process to complete or to reach the given timeout.</doc>
<status status="NOT RUN" starttime="20230531 14:38:00.640" endtime="20230531 14:38:00.640"/>
</kw>
<kw name="Check Result">
<arg>${result}</arg>
<status status="NOT RUN" starttime="20230531 14:38:00.641" endtime="20230531 14:38:00.641"/>
</kw>
<status status="NOT RUN" starttime="20230531 14:38:00.640" endtime="20230531 14:38:00.641"/>
</branch>
<status status="PASS" starttime="20230531 14:37:59.095" endtime="20230531 14:38:00.641"/>
</if>
<status status="PASS" starttime="20230531 14:37:59.094" endtime="20230531 14:38:00.641"/>
</branch>
<status status="PASS" starttime="20230531 14:37:59.094" endtime="20230531 14:38:00.641"/>
</if>
<kw name="Set Suite Variable" library="BuiltIn">
<arg>$process</arg>
<arg>None</arg>
<doc>Makes a variable available everywhere within the scope of the current suite.</doc>
<msg timestamp="20230531 14:38:00.641" level="INFO">${process} = None</msg>
<status status="PASS" starttime="20230531 14:38:00.641" endtime="20230531 14:38:00.641"/>
</kw>
<kw name="Sleep" library="BuiltIn">
<arg>0.5</arg>
<doc>Pauses the test executed for the given time.</doc>
<msg timestamp="20230531 14:38:01.142" level="INFO">Slept 500 milliseconds</msg>
<status status="PASS" starttime="20230531 14:38:00.641" endtime="20230531 14:38:01.142"/>
</kw>
<status status="PASS" starttime="20230531 14:37:59.093" endtime="20230531 14:38:01.142"/>
</kw>
<tag>Issue #149</tag>
<tag>macos-latest</tag>
<tag>ubuntu-latest</tag>
<tag>windows-latest</tag>
<status status="PASS" starttime="20230531 14:37:30.174" endtime="20230531 14:38:01.142"/>
</test>
<test id="s1-s2-t5" name="Intentional Fail" line="78">
<kw name="Fail" library="BuiltIn">
<doc>Fails the test with the given message and optionally alters its tags.</doc>
<msg timestamp="20230531 14:38:01.144" level="FAIL">AssertionError</msg>
<status status="FAIL" starttime="20230531 14:38:01.144" endtime="20230531 14:38:01.145"/>
</kw>
<kw name="Close GUI" type="TEARDOWN">
<kw name="Set Variable" library="BuiltIn">
<var>${keyword}</var>
<arg>Close GUI ${platform}</arg>
<doc>Returns the given values which can then be assigned to a variables.</doc>
<msg timestamp="20230531 14:38:01.145" level="INFO">${keyword} = Close GUI macos</msg>
<status status="PASS" starttime="20230531 14:38:01.145" endtime="20230531 14:38:01.145"/>
</kw>
<if>
<branch type="IF" condition="${process}">
<kw name="Is Process Running" library="Process">
<var>${running}</var>
<arg>${process}</arg>
<doc>Checks is the process running or not.</doc>
<status status="NOT RUN" starttime="20230531 14:38:01.146" endtime="20230531 14:38:01.146"/>
</kw>
<if>
<branch type="IF" condition="${running}">
<kw name="Run Keyword" library="BuiltIn">
<arg>${keyword}</arg>
<doc>Executes the given keyword with the given arguments.</doc>
<status status="NOT RUN" starttime="20230531 14:38:01.146" endtime="20230531 14:38:01.146"/>
</kw>
<status status="NOT RUN" starttime="20230531 14:38:01.146" endtime="20230531 14:38:01.146"/>
</branch>
<branch type="ELSE">
<kw name="Wait For Process" library="Process">
<var>${result}</var>
<arg>${process}</arg>
<arg>timeout=60</arg>
<doc>Waits for the process to complete or to reach the given timeout.</doc>
<status status="NOT RUN" starttime="20230531 14:38:01.146" endtime="20230531 14:38:01.146"/>
</kw>
<kw name="Check Result">
<arg>${result}</arg>
<status status="NOT RUN" starttime="20230531 14:38:01.146" endtime="20230531 14:38:01.146"/>
</kw>
<status status="NOT RUN" starttime="20230531 14:38:01.146" endtime="20230531 14:38:01.146"/>
</branch>
<status status="NOT RUN" starttime="20230531 14:38:01.146" endtime="20230531 14:38:01.146"/>
</if>
<status status="NOT RUN" starttime="20230531 14:38:01.145" endtime="20230531 14:38:01.147"/>
</branch>
<status status="PASS" starttime="20230531 14:38:01.145" endtime="20230531 14:38:01.147"/>
</if>
<kw name="Set Suite Variable" library="BuiltIn">
<arg>$process</arg>
<arg>None</arg>
<doc>Makes a variable available everywhere within the scope of the current suite.</doc>
<msg timestamp="20230531 14:38:01.147" level="INFO">${process} = None</msg>
<status status="PASS" starttime="20230531 14:38:01.147" endtime="20230531 14:38:01.147"/>
</kw>
<kw name="Sleep" library="BuiltIn">
<arg>0.5</arg>
<doc>Pauses the test executed for the given time.</doc>
<msg timestamp="20230531 14:38:01.656" level="INFO">Slept 500 milliseconds</msg>
<status status="PASS" starttime="20230531 14:38:01.147" endtime="20230531 14:38:01.656"/>
</kw>
<status status="PASS" starttime="20230531 14:38:01.145" endtime="20230531 14:38:01.656"/>
</kw>
<doc>Uncomment this test if you want to trigger updating Screenshots in the git repo
Ensure this is commented out before release or pull request</doc>
<tag>macos-latest</tag>
<tag>ubuntu-latest</tag>
<tag>windows-latest</tag>
<status status="FAIL" starttime="20230531 14:38:01.143" endtime="20230531 14:38:01.656">AssertionError</status>
</test>
<status status="FAIL" starttime="20230531 14:36:44.497" endtime="20230531 14:38:01.657"/>
</suite>
<status status="FAIL" starttime="20230531 14:35:52.295" endtime="20230531 14:38:01.658"/>
</suite>
<statistics>
<total>
<stat pass="9" fail="1" skip="0">All Tests</stat>
</total>
<tag>
<stat pass="1" fail="0" skip="0">DOCX</stat>
<stat pass="1" fail="0" skip="0">HTML</stat>
<stat pass="3" fail="0" skip="0">Issue #144</stat>
<stat pass="1" fail="0" skip="0">Issue #147</stat>
<stat pass="1" fail="0" skip="0">Issue #149</stat>
<stat pass="9" fail="1" skip="0">macos-latest</stat>
<stat pass="9" fail="1" skip="0">ubuntu-latest</stat>
<stat pass="9" fail="1" skip="0">windows-latest</stat>
<stat pass="1" fail="0" skip="0">XLSX</stat>
</tag>
<suite>
<stat pass="9" fail="1" skip="0" id="s1" name="Reporter">Reporter</stat>
<stat pass="5" fail="0" skip="0" id="s1-s1" name="CommandLine">Reporter.CommandLine</stat>
<stat pass="4" fail="1" skip="0" id="s1-s2" name="GUI Basic">Reporter.GUI Basic</stat>
</suite>
</statistics>
<errors>
</errors>
</robot>
