<?xml version="1.0" encoding="UTF-8"?>
<robot generator="Robot 6.1 (Python 3.11.4 on darwin)" generated="20230717 14:26:09.758" rpa="false" schemaversion="4">
<suite id="s1" name="Reporter" source="/Users/runner/work/rfswarm/rfswarm/Tests/Regression/Reporter">
<suite id="s1-s1" name="CommandLine" source="/Users/runner/work/rfswarm/rfswarm/Tests/Regression/Reporter/CommandLine.robot">
<kw name="Clean Up Old Files" type="SETUP">
<tag>macos-latest</tag>
<tag>ubuntu-latest</tag>
<tag>windows-latest</tag>
<kw name="Log To Console" library="BuiltIn">
<arg>${OUTPUT DIR}</arg>
<doc>Logs the given message to the console.</doc>
<status status="PASS" starttime="20230717 14:26:09.823" endtime="20230717 14:26:09.823"/>
</kw>
<kw name="Remove File" library="OperatingSystem">
<arg>${OUTPUT DIR}${/}*.txt</arg>
<doc>Removes a file with the given path.</doc>
<msg timestamp="20230717 14:26:09.824" level="INFO" html="true">Removed file '&lt;a href="file:///Users/runner/work/rfswarm/rfswarm/Tests/Regression/Reporter/Logs/macos-latest_3.11/stdout.txt"&gt;/Users/runner/work/rfswarm/rfswarm/Tests/Regression/Reporter/Logs/macos-latest_3.11/stdout.txt&lt;/a&gt;'.</msg>
<msg timestamp="20230717 14:26:09.824" level="INFO" html="true">Removed file '&lt;a href="file:///Users/runner/work/rfswarm/rfswarm/Tests/Regression/Reporter/Logs/macos-latest_3.11/stderr.txt"&gt;/Users/runner/work/rfswarm/rfswarm/Tests/Regression/Reporter/Logs/macos-latest_3.11/stderr.txt&lt;/a&gt;'.</msg>
<status status="PASS" starttime="20230717 14:26:09.823" endtime="20230717 14:26:09.824"/>
</kw>
<kw name="Remove File" library="OperatingSystem">
<arg>${OUTPUT DIR}${/}*.png</arg>
<doc>Removes a file with the given path.</doc>
<msg timestamp="20230717 14:26:09.825" level="INFO" html="true">Removed file '&lt;a href="file:///Users/runner/work/rfswarm/rfswarm/Tests/Regression/Reporter/Logs/macos-latest_3.11/Reporter.GUIBasic-screenshot-8.png"&gt;/Users/runner/work/rfswarm/rfswarm/Tests/Regression/Reporter/Logs/macos-latest_3.11/Reporter.GUIBasic-screenshot-8.png&lt;/a&gt;'.</msg>
<msg timestamp="20230717 14:26:09.825" level="INFO" html="true">Removed file '&lt;a href="file:///Users/runner/work/rfswarm/rfswarm/Tests/Regression/Reporter/Logs/macos-latest_3.11/Reporter.GUIBasic-screenshot-9.png"&gt;/Users/runner/work/rfswarm/rfswarm/Tests/Regression/Reporter/Logs/macos-latest_3.11/Reporter.GUIBasic-screenshot-9.png&lt;/a&gt;'.</msg>
<msg timestamp="20230717 14:26:09.825" level="INFO" html="true">Removed file '&lt;a href="file:///Users/runner/work/rfswarm/rfswarm/Tests/Regression/Reporter/Logs/macos-latest_3.11/Reporter.GUIBasic-screenshot-18.png"&gt;/Users/runner/work/rfswarm/rfswarm/Tests/Regression/Reporter/Logs/macos-latest_3.11/Reporter.GUIBasic-screenshot-18.png&lt;/a&gt;'.</msg>
<msg timestamp="20230717 14:26:09.825" level="INFO" html="true">Removed file '&lt;a href="file:///Users/runner/work/rfswarm/rfswarm/Tests/Regression/Reporter/Logs/macos-latest_3.11/Reporter.GUIBasic-screenshot-24.png"&gt;/Users/runner/work/rfswarm/rfswarm/Tests/Regression/Reporter/Logs/macos-latest_3.11/Reporter.GUIBasic-screenshot-24.png&lt;/a&gt;'.</msg>
<msg timestamp="20230717 14:26:09.826" level="INFO" html="true">Removed file '&lt;a href="file:///Users/runner/work/rfswarm/rfswarm/Tests/Regression/Reporter/Logs/macos-latest_3.11/Reporter.GUIBasic-screenshot-19.png"&gt;/Users/runner/work/rfswarm/rfswarm/Tests/Regression/Reporter/Logs/macos-latest_3.11/Reporter.GUIBasic-screenshot-19.png&lt;/a&gt;'.</msg>
<msg timestamp="20230717 14:26:09.826" level="INFO" html="true">Removed file '&lt;a href="file:///Users/runner/work/rfswarm/rfswarm/Tests/Regression/Reporter/Logs/macos-latest_3.11/Reporter.GUIBasic-screenshot-21.png"&gt;/Users/runner/work/rfswarm/rfswarm/Tests/Regression/Reporter/Logs/macos-latest_3.11/Reporter.GUIBasic-screenshot-21.png&lt;/a&gt;'.</msg>
<msg timestamp="20230717 14:26:09.826" level="INFO" html="true">Removed file '&lt;a href="file:///Users/runner/work/rfswarm/rfswarm/Tests/Regression/Reporter/Logs/macos-latest_3.11/Reporter.GUIBasic-screenshot-20.png"&gt;/Users/runner/work/rfswarm/rfswarm/Tests/Regression/Reporter/Logs/macos-latest_3.11/Reporter.GUIBasic-screenshot-20.png&lt;/a&gt;'.</msg>
<msg timestamp="20230717 14:26:09.826" level="INFO" html="true">Removed file '&lt;a href="file:///Users/runner/work/rfswarm/rfswarm/Tests/Regression/Reporter/Logs/macos-latest_3.11/Reporter.GUIBasic-screenshot-22.png"&gt;/Users/runner/work/rfswarm/rfswarm/Tests/Regression/Reporter/Logs/macos-latest_3.11/Reporter.GUIBasic-screenshot-22.png&lt;/a&gt;'.</msg>
<msg timestamp="20230717 14:26:09.826" level="INFO" html="true">Removed file '&lt;a href="file:///Users/runner/work/rfswarm/rfswarm/Tests/Regression/Reporter/Logs/macos-latest_3.11/Reporter.GUIBasic-screenshot-23.png"&gt;/Users/runner/work/rfswarm/rfswarm/Tests/Regression/Reporter/Logs/macos-latest_3.11/Reporter.GUIBasic-screenshot-23.png&lt;/a&gt;'.</msg>
<msg timestamp="20230717 14:26:09.827" level="INFO" html="true">Removed file '&lt;a href="file:///Users/runner/work/rfswarm/rfswarm/Tests/Regression/Reporter/Logs/macos-latest_3.11/Reporter.GUIBasic-screenshot-12.png"&gt;/Users/runner/work/rfswarm/rfswarm/Tests/Regression/Reporter/Logs/macos-latest_3.11/Reporter.GUIBasic-screenshot-12.png&lt;/a&gt;'.</msg>
<msg timestamp="20230717 14:26:09.827" level="INFO" html="true">Removed file '&lt;a href="file:///Users/runner/work/rfswarm/rfswarm/Tests/Regression/Reporter/Logs/macos-latest_3.11/Reporter.GUIBasic-screenshot-1.png"&gt;/Users/runner/work/rfswarm/rfswarm/Tests/Regression/Reporter/Logs/macos-latest_3.11/Reporter.GUIBasic-screenshot-1.png&lt;/a&gt;'.</msg>
<msg timestamp="20230717 14:26:09.827" level="INFO" html="true">Removed file '&lt;a href="file:///Users/runner/work/rfswarm/rfswarm/Tests/Regression/Reporter/Logs/macos-latest_3.11/Reporter.GUIBasic-screenshot-13.png"&gt;/Users/runner/work/rfswarm/rfswarm/Tests/Regression/Reporter/Logs/macos-latest_3.11/Reporter.GUIBasic-screenshot-13.png&lt;/a&gt;'.</msg>
<msg timestamp="20230717 14:26:09.827" level="INFO" html="true">Removed file '&lt;a href="file:///Users/runner/work/rfswarm/rfswarm/Tests/Regression/Reporter/Logs/macos-latest_3.11/Reporter.GUIBasic-screenshot-11.png"&gt;/Users/runner/work/rfswarm/rfswarm/Tests/Regression/Reporter/Logs/macos-latest_3.11/Reporter.GUIBasic-screenshot-11.png&lt;/a&gt;'.</msg>
<msg timestamp="20230717 14:26:09.827" level="INFO" html="true">Removed file '&lt;a href="file:///Users/runner/work/rfswarm/rfswarm/Tests/Regression/Reporter/Logs/macos-latest_3.11/Reporter.GUIBasic-screenshot-2.png"&gt;/Users/runner/work/rfswarm/rfswarm/Tests/Regression/Reporter/Logs/macos-latest_3.11/Reporter.GUIBasic-screenshot-2.png&lt;/a&gt;'.</msg>
<msg timestamp="20230717 14:26:09.828" level="INFO" html="true">Removed file '&lt;a href="file:///Users/runner/work/rfswarm/rfswarm/Tests/Regression/Reporter/Logs/macos-latest_3.11/Reporter.GUIBasic-screenshot-3.png"&gt;/Users/runner/work/rfswarm/rfswarm/Tests/Regression/Reporter/Logs/macos-latest_3.11/Reporter.GUIBasic-screenshot-3.png&lt;/a&gt;'.</msg>
<msg timestamp="20230717 14:26:09.828" level="INFO" html="true">Removed file '&lt;a href="file:///Users/runner/work/rfswarm/rfswarm/Tests/Regression/Reporter/Logs/macos-latest_3.11/Reporter.GUIBasic-screenshot-10.png"&gt;/Users/runner/work/rfswarm/rfswarm/Tests/Regression/Reporter/Logs/macos-latest_3.11/Reporter.GUIBasic-screenshot-10.png&lt;/a&gt;'.</msg>
<msg timestamp="20230717 14:26:09.828" level="INFO" html="true">Removed file '&lt;a href="file:///Users/runner/work/rfswarm/rfswarm/Tests/Regression/Reporter/Logs/macos-latest_3.11/Reporter.GUIBasic-screenshot-14.png"&gt;/Users/runner/work/rfswarm/rfswarm/Tests/Regression/Reporter/Logs/macos-latest_3.11/Reporter.GUIBasic-screenshot-14.png&lt;/a&gt;'.</msg>
<msg timestamp="20230717 14:26:09.829" level="INFO" html="true">Removed file '&lt;a href="file:///Users/runner/work/rfswarm/rfswarm/Tests/Regression/Reporter/Logs/macos-latest_3.11/Reporter.GUIBasic-screenshot-7.png"&gt;/Users/runner/work/rfswarm/rfswarm/Tests/Regression/Reporter/Logs/macos-latest_3.11/Reporter.GUIBasic-screenshot-7.png&lt;/a&gt;'.</msg>
<msg timestamp="20230717 14:26:09.829" level="INFO" html="true">Removed file '&lt;a href="file:///Users/runner/work/rfswarm/rfswarm/Tests/Regression/Reporter/Logs/macos-latest_3.11/Reporter.GUIBasic-screenshot-6.png"&gt;/Users/runner/work/rfswarm/rfswarm/Tests/Regression/Reporter/Logs/macos-latest_3.11/Reporter.GUIBasic-screenshot-6.png&lt;/a&gt;'.</msg>
<msg timestamp="20230717 14:26:09.829" level="INFO" html="true">Removed file '&lt;a href="file:///Users/runner/work/rfswarm/rfswarm/Tests/Regression/Reporter/Logs/macos-latest_3.11/Reporter.GUIBasic-screenshot-15.png"&gt;/Users/runner/work/rfswarm/rfswarm/Tests/Regression/Reporter/Logs/macos-latest_3.11/Reporter.GUIBasic-screenshot-15.png&lt;/a&gt;'.</msg>
<msg timestamp="20230717 14:26:09.829" level="INFO" html="true">Removed file '&lt;a href="file:///Users/runner/work/rfswarm/rfswarm/Tests/Regression/Reporter/Logs/macos-latest_3.11/Reporter.GUIBasic-screenshot-17.png"&gt;/Users/runner/work/rfswarm/rfswarm/Tests/Regression/Reporter/Logs/macos-latest_3.11/Reporter.GUIBasic-screenshot-17.png&lt;/a&gt;'.</msg>
<msg timestamp="20230717 14:26:09.830" level="INFO" html="true">Removed file '&lt;a href="file:///Users/runner/work/rfswarm/rfswarm/Tests/Regression/Reporter/Logs/macos-latest_3.11/Reporter.GUIBasic-screenshot-4.png"&gt;/Users/runner/work/rfswarm/rfswarm/Tests/Regression/Reporter/Logs/macos-latest_3.11/Reporter.GUIBasic-screenshot-4.png&lt;/a&gt;'.</msg>
<msg timestamp="20230717 14:26:09.830" level="INFO" html="true">Removed file '&lt;a href="file:///Users/runner/work/rfswarm/rfswarm/Tests/Regression/Reporter/Logs/macos-latest_3.11/Reporter.GUIBasic-screenshot-5.png"&gt;/Users/runner/work/rfswarm/rfswarm/Tests/Regression/Reporter/Logs/macos-latest_3.11/Reporter.GUIBasic-screenshot-5.png&lt;/a&gt;'.</msg>
<msg timestamp="20230717 14:26:09.830" level="INFO" html="true">Removed file '&lt;a href="file:///Users/runner/work/rfswarm/rfswarm/Tests/Regression/Reporter/Logs/macos-latest_3.11/Reporter.GUIBasic-screenshot-16.png"&gt;/Users/runner/work/rfswarm/rfswarm/Tests/Regression/Reporter/Logs/macos-latest_3.11/Reporter.GUIBasic-screenshot-16.png&lt;/a&gt;'.</msg>
<status status="PASS" starttime="20230717 14:26:09.824" endtime="20230717 14:26:09.830"/>
</kw>
<status status="PASS" starttime="20230717 14:26:09.822" endtime="20230717 14:26:09.830"/>
</kw>
<test id="s1-s1-t1" name="Reporter Version" line="16">
<kw name="Run" library="OperatingSystem">
<var>${result}</var>
<arg>python3 ${EXECDIR}${/}rfswarm_reporter${/}rfswarm_reporter.py -v</arg>
<doc>Runs the given command in the system and returns the output.</doc>
<msg timestamp="20230717 14:26:09.837" level="INFO">Running command 'python3 /Users/runner/work/rfswarm/rfswarm/rfswarm_reporter/rfswarm_reporter.py -v 2&gt;&amp;1'.</msg>
<msg timestamp="20230717 14:26:19.629" level="INFO">${result} = Robot Framework Swarm: Reporter 
	Version 1.1.4 </msg>
<status status="PASS" starttime="20230717 14:26:09.831" endtime="20230717 14:26:19.629"/>
</kw>
<kw name="Log To Console" library="BuiltIn">
<arg>${\n}${result}</arg>
<doc>Logs the given message to the console.</doc>
<status status="PASS" starttime="20230717 14:26:19.630" endtime="20230717 14:26:19.631"/>
</kw>
<kw name="Should Contain" library="BuiltIn">
<arg>${result}</arg>
<arg>Version</arg>
<doc>Fails if ``container`` does not contain ``item`` one or more times.</doc>
<status status="PASS" starttime="20230717 14:26:19.631" endtime="20230717 14:26:19.631"/>
</kw>
<kw name="Should Contain" library="BuiltIn">
<arg>${result}</arg>
<arg>Reporter</arg>
<doc>Fails if ``container`` does not contain ``item`` one or more times.</doc>
<status status="PASS" starttime="20230717 14:26:19.631" endtime="20230717 14:26:19.632"/>
</kw>
<tag>macos-latest</tag>
<tag>ubuntu-latest</tag>
<tag>windows-latest</tag>
<status status="PASS" starttime="20230717 14:26:09.831" endtime="20230717 14:26:19.632"/>
</test>
<test id="s1-s1-t2" name="Reporter Help" line="23">
<kw name="Run" library="OperatingSystem">
<var>${result}</var>
<arg>python3 ${EXECDIR}${/}rfswarm_reporter${/}rfswarm_reporter.py -h</arg>
<doc>Runs the given command in the system and returns the output.</doc>
<msg timestamp="20230717 14:26:19.637" level="INFO">Running command 'python3 /Users/runner/work/rfswarm/rfswarm/rfswarm_reporter/rfswarm_reporter.py -h 2&gt;&amp;1'.</msg>
<msg timestamp="20230717 14:26:20.641" level="INFO">${result} = Robot Framework Swarm: Reporter 
	Version 1.1.4 
usage: rfswarm_reporter.py [-h] [-g DEBUG] [-v] [-i INI] [-n] [-d DIR]
                           [-t TEMPLATE] [--html] [--docx] [--xlsx]

options:
  ...</msg>
<status status="PASS" starttime="20230717 14:26:19.633" endtime="20230717 14:26:20.641"/>
</kw>
<kw name="Log To Console" library="BuiltIn">
<arg>${\n}${result}</arg>
<doc>Logs the given message to the console.</doc>
<status status="PASS" starttime="20230717 14:26:20.641" endtime="20230717 14:26:20.642"/>
</kw>
<kw name="Should Contain" library="BuiltIn">
<arg>${result}</arg>
<arg>Excel</arg>
<doc>Fails if ``container`` does not contain ``item`` one or more times.</doc>
<status status="PASS" starttime="20230717 14:26:20.642" endtime="20230717 14:26:20.642"/>
</kw>
<tag>macos-latest</tag>
<tag>ubuntu-latest</tag>
<tag>windows-latest</tag>
<status status="PASS" starttime="20230717 14:26:19.633" endtime="20230717 14:26:20.642"/>
</test>
<test id="s1-s1-t3" name="Command Line Generate HTML" line="29">
<kw name="Set Variable" library="BuiltIn">
<var>${testdata}</var>
<arg>Issue-#144</arg>
<doc>Returns the given values which can then be assigned to a variables.</doc>
<msg timestamp="20230717 14:26:20.644" level="INFO">${testdata} = Issue-#144</msg>
<status status="PASS" starttime="20230717 14:26:20.643" endtime="20230717 14:26:20.644"/>
</kw>
<kw name="Set Variable" library="BuiltIn">
<var>${resultdata}</var>
<arg>20230320_185055_demo</arg>
<doc>Returns the given values which can then be assigned to a variables.</doc>
<msg timestamp="20230717 14:26:20.644" level="INFO">${resultdata} = 20230320_185055_demo</msg>
<status status="PASS" starttime="20230717 14:26:20.644" endtime="20230717 14:26:20.644"/>
</kw>
<kw name="Set Variable" library="BuiltIn">
<var>${basefolder}</var>
<arg>/Users/runner/work/rfswarm/rfswarm/Tests/Regression/Reporter${/}testdata${/}${testdata}</arg>
<doc>Returns the given values which can then be assigned to a variables.</doc>
<msg timestamp="20230717 14:26:20.644" level="INFO">${basefolder} = /Users/runner/work/rfswarm/rfswarm/Tests/Regression/Reporter/testdata/Issue-#144</msg>
<status status="PASS" starttime="20230717 14:26:20.644" endtime="20230717 14:26:20.644"/>
</kw>
<kw name="Should Exist" library="OperatingSystem">
<arg>${basefolder}</arg>
<doc>Fails unless the given path (file or directory) exists.</doc>
<msg timestamp="20230717 14:26:20.645" level="INFO" html="true">Path '&lt;a href="file:///Users/runner/work/rfswarm/rfswarm/Tests/Regression/Reporter/testdata/Issue-#144"&gt;/Users/runner/work/rfswarm/rfswarm/Tests/Regression/Reporter/testdata/Issue-#144&lt;/a&gt;' exists.</msg>
<status status="PASS" starttime="20230717 14:26:20.644" endtime="20230717 14:26:20.645"/>
</kw>
<kw name="Log" library="BuiltIn">
<arg>basefolder: ${basefolder}</arg>
<arg>console=True</arg>
<doc>Logs the given message with the given level.</doc>
<msg timestamp="20230717 14:26:20.645" level="INFO">basefolder: /Users/runner/work/rfswarm/rfswarm/Tests/Regression/Reporter/testdata/Issue-#144</msg>
<status status="PASS" starttime="20230717 14:26:20.645" endtime="20230717 14:26:20.645"/>
</kw>
<kw name="Set Variable" library="BuiltIn">
<var>${resultfolder}</var>
<arg>${basefolder}${/}${resultdata}</arg>
<doc>Returns the given values which can then be assigned to a variables.</doc>
<msg timestamp="20230717 14:26:20.646" level="INFO">${resultfolder} = /Users/runner/work/rfswarm/rfswarm/Tests/Regression/Reporter/testdata/Issue-#144/20230320_185055_demo</msg>
<status status="PASS" starttime="20230717 14:26:20.645" endtime="20230717 14:26:20.646"/>
</kw>
<kw name="Should Exist" library="OperatingSystem">
<arg>${resultfolder}</arg>
<doc>Fails unless the given path (file or directory) exists.</doc>
<msg timestamp="20230717 14:26:20.646" level="INFO" html="true">Path '&lt;a href="file:///Users/runner/work/rfswarm/rfswarm/Tests/Regression/Reporter/testdata/Issue-#144/20230320_185055_demo"&gt;/Users/runner/work/rfswarm/rfswarm/Tests/Regression/Reporter/testdata/Issue-#144/20230320_185055_demo&lt;/a&gt;' exists.</msg>
<status status="PASS" starttime="20230717 14:26:20.646" endtime="20230717 14:26:20.646"/>
</kw>
<kw name="Log" library="BuiltIn">
<arg>resultfolder: ${resultfolder}</arg>
<arg>console=True</arg>
<doc>Logs the given message with the given level.</doc>
<msg timestamp="20230717 14:26:20.646" level="INFO">resultfolder: /Users/runner/work/rfswarm/rfswarm/Tests/Regression/Reporter/testdata/Issue-#144/20230320_185055_demo</msg>
<status status="PASS" starttime="20230717 14:26:20.646" endtime="20230717 14:26:20.646"/>
</kw>
<kw name="Set Variable" library="BuiltIn">
<var>${template}</var>
<arg>${basefolder}${/}90%ileTemplate.template</arg>
<doc>Returns the given values which can then be assigned to a variables.</doc>
<msg timestamp="20230717 14:26:20.647" level="INFO">${template} = /Users/runner/work/rfswarm/rfswarm/Tests/Regression/Reporter/testdata/Issue-#144/90%ileTemplate.template</msg>
<status status="PASS" starttime="20230717 14:26:20.646" endtime="20230717 14:26:20.647"/>
</kw>
<kw name="Should Exist" library="OperatingSystem">
<arg>${template}</arg>
<doc>Fails unless the given path (file or directory) exists.</doc>
<msg timestamp="20230717 14:26:20.647" level="INFO" html="true">Path '&lt;a href="file:///Users/runner/work/rfswarm/rfswarm/Tests/Regression/Reporter/testdata/Issue-#144/90%ileTemplate.template"&gt;/Users/runner/work/rfswarm/rfswarm/Tests/Regression/Reporter/testdata/Issue-#144/90%ileTemplate.template&lt;/a&gt;' exists.</msg>
<status status="PASS" starttime="20230717 14:26:20.647" endtime="20230717 14:26:20.647"/>
</kw>
<kw name="Log" library="BuiltIn">
<arg>template: ${template}</arg>
<arg>console=True</arg>
<doc>Logs the given message with the given level.</doc>
<msg timestamp="20230717 14:26:20.647" level="INFO">template: /Users/runner/work/rfswarm/rfswarm/Tests/Regression/Reporter/testdata/Issue-#144/90%ileTemplate.template</msg>
<status status="PASS" starttime="20230717 14:26:20.647" endtime="20230717 14:26:20.647"/>
</kw>
<kw name="Run" library="OperatingSystem">
<var>${result}</var>
<arg>python3 ${pyfile} -n -g 1 -d ${resultfolder} -t ${template} --html</arg>
<doc>Runs the given command in the system and returns the output.</doc>
<msg timestamp="20230717 14:26:20.651" level="INFO">Running command 'python3 /Users/runner/work/rfswarm/rfswarm/rfswarm_reporter/rfswarm_reporter.py -n -g 1 -d /Users/runner/work/rfswarm/rfswarm/Tests/Regression/Reporter/testdata/Issue-#144/20230320_185055_demo -t /Users/runner/work/rfswarm/rfswarm/Tests/Regression/Reporter/testdata/Issue-#144/90%ileTemplate.template --html 2&gt;&amp;1'.</msg>
<msg timestamp="20230717 14:26:25.963" level="INFO">${result} = </msg>
<status status="PASS" starttime="20230717 14:26:20.648" endtime="20230717 14:26:25.964"/>
</kw>
<kw name="Log" library="BuiltIn">
<arg>result: ${\n}${result}</arg>
<arg>console=True</arg>
<doc>Logs the given message with the given level.</doc>
<msg timestamp="20230717 14:26:25.964" level="INFO">result: 
</msg>
<status status="PASS" starttime="20230717 14:26:25.964" endtime="20230717 14:26:25.965"/>
</kw>
<kw name="Should Not Contain" library="BuiltIn">
<arg>${result}</arg>
<arg>Traceback</arg>
<doc>Fails if ``container`` contains ``item`` one or more times.</doc>
<status status="PASS" starttime="20230717 14:26:25.965" endtime="20230717 14:26:25.965"/>
</kw>
<kw name="Should Exist" library="OperatingSystem">
<arg>${resultfolder}${/}${resultdata}.html</arg>
<doc>Fails unless the given path (file or directory) exists.</doc>
<msg timestamp="20230717 14:26:25.965" level="INFO" html="true">Path '&lt;a href="file:///Users/runner/work/rfswarm/rfswarm/Tests/Regression/Reporter/testdata/Issue-#144/20230320_185055_demo/20230320_185055_demo.html"&gt;/Users/runner/work/rfswarm/rfswarm/Tests/Regression/Reporter/testdata/Issue-#144/20230320_185055_demo/20230320_185055_demo.html&lt;/a&gt;' exists.</msg>
<status status="PASS" starttime="20230717 14:26:25.965" endtime="20230717 14:26:25.965"/>
</kw>
<tag>HTML</tag>
<tag>Issue #144</tag>
<tag>macos-latest</tag>
<tag>ubuntu-latest</tag>
<tag>windows-latest</tag>
<status status="PASS" starttime="20230717 14:26:20.643" endtime="20230717 14:26:25.966"/>
</test>
<test id="s1-s1-t4" name="Command Line Generate Docx" line="47">
<kw name="Set Variable" library="BuiltIn">
<var>${testdata}</var>
<arg>Issue-#144</arg>
<doc>Returns the given values which can then be assigned to a variables.</doc>
<msg timestamp="20230717 14:26:25.967" level="INFO">${testdata} = Issue-#144</msg>
<status status="PASS" starttime="20230717 14:26:25.966" endtime="20230717 14:26:25.967"/>
</kw>
<kw name="Set Variable" library="BuiltIn">
<var>${resultdata}</var>
<arg>20230320_185055_demo</arg>
<doc>Returns the given values which can then be assigned to a variables.</doc>
<msg timestamp="20230717 14:26:25.967" level="INFO">${resultdata} = 20230320_185055_demo</msg>
<status status="PASS" starttime="20230717 14:26:25.967" endtime="20230717 14:26:25.967"/>
</kw>
<kw name="Set Variable" library="BuiltIn">
<var>${basefolder}</var>
<arg>/Users/runner/work/rfswarm/rfswarm/Tests/Regression/Reporter${/}testdata${/}${testdata}</arg>
<doc>Returns the given values which can then be assigned to a variables.</doc>
<msg timestamp="20230717 14:26:25.967" level="INFO">${basefolder} = /Users/runner/work/rfswarm/rfswarm/Tests/Regression/Reporter/testdata/Issue-#144</msg>
<status status="PASS" starttime="20230717 14:26:25.967" endtime="20230717 14:26:25.967"/>
</kw>
<kw name="Should Exist" library="OperatingSystem">
<arg>${basefolder}</arg>
<doc>Fails unless the given path (file or directory) exists.</doc>
<msg timestamp="20230717 14:26:25.968" level="INFO" html="true">Path '&lt;a href="file:///Users/runner/work/rfswarm/rfswarm/Tests/Regression/Reporter/testdata/Issue-#144"&gt;/Users/runner/work/rfswarm/rfswarm/Tests/Regression/Reporter/testdata/Issue-#144&lt;/a&gt;' exists.</msg>
<status status="PASS" starttime="20230717 14:26:25.967" endtime="20230717 14:26:25.968"/>
</kw>
<kw name="Log To Console" library="BuiltIn">
<arg>basefolder: ${basefolder}</arg>
<arg>console=True</arg>
<doc>Logs the given message to the console.</doc>
<status status="PASS" starttime="20230717 14:26:25.968" endtime="20230717 14:26:25.968"/>
</kw>
<kw name="Set Variable" library="BuiltIn">
<var>${resultfolder}</var>
<arg>${basefolder}${/}${resultdata}</arg>
<doc>Returns the given values which can then be assigned to a variables.</doc>
<msg timestamp="20230717 14:26:25.969" level="INFO">${resultfolder} = /Users/runner/work/rfswarm/rfswarm/Tests/Regression/Reporter/testdata/Issue-#144/20230320_185055_demo</msg>
<status status="PASS" starttime="20230717 14:26:25.968" endtime="20230717 14:26:25.969"/>
</kw>
<kw name="Should Exist" library="OperatingSystem">
<arg>${resultfolder}</arg>
<doc>Fails unless the given path (file or directory) exists.</doc>
<msg timestamp="20230717 14:26:25.969" level="INFO" html="true">Path '&lt;a href="file:///Users/runner/work/rfswarm/rfswarm/Tests/Regression/Reporter/testdata/Issue-#144/20230320_185055_demo"&gt;/Users/runner/work/rfswarm/rfswarm/Tests/Regression/Reporter/testdata/Issue-#144/20230320_185055_demo&lt;/a&gt;' exists.</msg>
<status status="PASS" starttime="20230717 14:26:25.969" endtime="20230717 14:26:25.969"/>
</kw>
<kw name="Log" library="BuiltIn">
<arg>resultfolder: ${resultfolder}</arg>
<arg>console=True</arg>
<doc>Logs the given message with the given level.</doc>
<msg timestamp="20230717 14:26:25.969" level="INFO">resultfolder: /Users/runner/work/rfswarm/rfswarm/Tests/Regression/Reporter/testdata/Issue-#144/20230320_185055_demo</msg>
<status status="PASS" starttime="20230717 14:26:25.969" endtime="20230717 14:26:25.969"/>
</kw>
<kw name="Set Variable" library="BuiltIn">
<var>${template}</var>
<arg>${basefolder}${/}90%ileTemplate.template</arg>
<doc>Returns the given values which can then be assigned to a variables.</doc>
<msg timestamp="20230717 14:26:25.970" level="INFO">${template} = /Users/runner/work/rfswarm/rfswarm/Tests/Regression/Reporter/testdata/Issue-#144/90%ileTemplate.template</msg>
<status status="PASS" starttime="20230717 14:26:25.969" endtime="20230717 14:26:25.970"/>
</kw>
<kw name="Should Exist" library="OperatingSystem">
<arg>${template}</arg>
<doc>Fails unless the given path (file or directory) exists.</doc>
<msg timestamp="20230717 14:26:25.970" level="INFO" html="true">Path '&lt;a href="file:///Users/runner/work/rfswarm/rfswarm/Tests/Regression/Reporter/testdata/Issue-#144/90%ileTemplate.template"&gt;/Users/runner/work/rfswarm/rfswarm/Tests/Regression/Reporter/testdata/Issue-#144/90%ileTemplate.template&lt;/a&gt;' exists.</msg>
<status status="PASS" starttime="20230717 14:26:25.970" endtime="20230717 14:26:25.970"/>
</kw>
<kw name="Log" library="BuiltIn">
<arg>template: ${template}</arg>
<arg>console=True</arg>
<doc>Logs the given message with the given level.</doc>
<msg timestamp="20230717 14:26:25.970" level="INFO">template: /Users/runner/work/rfswarm/rfswarm/Tests/Regression/Reporter/testdata/Issue-#144/90%ileTemplate.template</msg>
<status status="PASS" starttime="20230717 14:26:25.970" endtime="20230717 14:26:25.970"/>
</kw>
<kw name="Run" library="OperatingSystem">
<var>${result}</var>
<arg>python3 ${pyfile} -n -g 1 -d ${resultfolder} -t ${template} --docx</arg>
<doc>Runs the given command in the system and returns the output.</doc>
<msg timestamp="20230717 14:26:25.973" level="INFO">Running command 'python3 /Users/runner/work/rfswarm/rfswarm/rfswarm_reporter/rfswarm_reporter.py -n -g 1 -d /Users/runner/work/rfswarm/rfswarm/Tests/Regression/Reporter/testdata/Issue-#144/20230320_185055_demo -t /Users/runner/work/rfswarm/rfswarm/Tests/Regression/Reporter/testdata/Issue-#144/90%ileTemplate.template --docx 2&gt;&amp;1'.</msg>
<msg timestamp="20230717 14:26:32.240" level="INFO">${result} = </msg>
<status status="PASS" starttime="20230717 14:26:25.970" endtime="20230717 14:26:32.240"/>
</kw>
<kw name="Log" library="BuiltIn">
<arg>${\n}${result}</arg>
<arg>console=True</arg>
<doc>Logs the given message with the given level.</doc>
<msg timestamp="20230717 14:26:32.241" level="INFO">
</msg>
<status status="PASS" starttime="20230717 14:26:32.240" endtime="20230717 14:26:32.241"/>
</kw>
<kw name="Should Not Contain" library="BuiltIn">
<arg>${result}</arg>
<arg>Traceback</arg>
<doc>Fails if ``container`` contains ``item`` one or more times.</doc>
<status status="PASS" starttime="20230717 14:26:32.241" endtime="20230717 14:26:32.241"/>
</kw>
<kw name="Should Exist" library="OperatingSystem">
<arg>${resultfolder}${/}${resultdata}.docx</arg>
<doc>Fails unless the given path (file or directory) exists.</doc>
<msg timestamp="20230717 14:26:32.241" level="INFO" html="true">Path '&lt;a href="file:///Users/runner/work/rfswarm/rfswarm/Tests/Regression/Reporter/testdata/Issue-#144/20230320_185055_demo/20230320_185055_demo.docx"&gt;/Users/runner/work/rfswarm/rfswarm/Tests/Regression/Reporter/testdata/Issue-#144/20230320_185055_demo/20230320_185055_demo.docx&lt;/a&gt;' exists.</msg>
<status status="PASS" starttime="20230717 14:26:32.241" endtime="20230717 14:26:32.241"/>
</kw>
<tag>DOCX</tag>
<tag>Issue #144</tag>
<tag>macos-latest</tag>
<tag>ubuntu-latest</tag>
<tag>windows-latest</tag>
<status status="PASS" starttime="20230717 14:26:25.966" endtime="20230717 14:26:32.242"/>
</test>
<test id="s1-s1-t5" name="Command Line Generate Xlsx" line="65">
<kw name="Set Variable" library="BuiltIn">
<var>${testdata}</var>
<arg>Issue-#144</arg>
<doc>Returns the given values which can then be assigned to a variables.</doc>
<msg timestamp="20230717 14:26:32.243" level="INFO">${testdata} = Issue-#144</msg>
<status status="PASS" starttime="20230717 14:26:32.243" endtime="20230717 14:26:32.243"/>
</kw>
<kw name="Set Variable" library="BuiltIn">
<var>${resultdata}</var>
<arg>20230320_185055_demo</arg>
<doc>Returns the given values which can then be assigned to a variables.</doc>
<msg timestamp="20230717 14:26:32.243" level="INFO">${resultdata} = 20230320_185055_demo</msg>
<status status="PASS" starttime="20230717 14:26:32.243" endtime="20230717 14:26:32.243"/>
</kw>
<kw name="Set Variable" library="BuiltIn">
<var>${basefolder}</var>
<arg>/Users/runner/work/rfswarm/rfswarm/Tests/Regression/Reporter${/}testdata${/}${testdata}</arg>
<doc>Returns the given values which can then be assigned to a variables.</doc>
<msg timestamp="20230717 14:26:32.243" level="INFO">${basefolder} = /Users/runner/work/rfswarm/rfswarm/Tests/Regression/Reporter/testdata/Issue-#144</msg>
<status status="PASS" starttime="20230717 14:26:32.243" endtime="20230717 14:26:32.243"/>
</kw>
<kw name="Should Exist" library="OperatingSystem">
<arg>${basefolder}</arg>
<doc>Fails unless the given path (file or directory) exists.</doc>
<msg timestamp="20230717 14:26:32.244" level="INFO" html="true">Path '&lt;a href="file:///Users/runner/work/rfswarm/rfswarm/Tests/Regression/Reporter/testdata/Issue-#144"&gt;/Users/runner/work/rfswarm/rfswarm/Tests/Regression/Reporter/testdata/Issue-#144&lt;/a&gt;' exists.</msg>
<status status="PASS" starttime="20230717 14:26:32.243" endtime="20230717 14:26:32.244"/>
</kw>
<kw name="Log" library="BuiltIn">
<arg>basefolder: ${basefolder}</arg>
<arg>console=True</arg>
<doc>Logs the given message with the given level.</doc>
<msg timestamp="20230717 14:26:32.244" level="INFO">basefolder: /Users/runner/work/rfswarm/rfswarm/Tests/Regression/Reporter/testdata/Issue-#144</msg>
<status status="PASS" starttime="20230717 14:26:32.244" endtime="20230717 14:26:32.244"/>
</kw>
<kw name="Set Variable" library="BuiltIn">
<var>${resultfolder}</var>
<arg>${basefolder}${/}${resultdata}</arg>
<doc>Returns the given values which can then be assigned to a variables.</doc>
<msg timestamp="20230717 14:26:32.244" level="INFO">${resultfolder} = /Users/runner/work/rfswarm/rfswarm/Tests/Regression/Reporter/testdata/Issue-#144/20230320_185055_demo</msg>
<status status="PASS" starttime="20230717 14:26:32.244" endtime="20230717 14:26:32.244"/>
</kw>
<kw name="Should Exist" library="OperatingSystem">
<arg>${resultfolder}</arg>
<doc>Fails unless the given path (file or directory) exists.</doc>
<msg timestamp="20230717 14:26:32.245" level="INFO" html="true">Path '&lt;a href="file:///Users/runner/work/rfswarm/rfswarm/Tests/Regression/Reporter/testdata/Issue-#144/20230320_185055_demo"&gt;/Users/runner/work/rfswarm/rfswarm/Tests/Regression/Reporter/testdata/Issue-#144/20230320_185055_demo&lt;/a&gt;' exists.</msg>
<status status="PASS" starttime="20230717 14:26:32.244" endtime="20230717 14:26:32.245"/>
</kw>
<kw name="Log" library="BuiltIn">
<arg>resultfolder: ${resultfolder}</arg>
<arg>console=True</arg>
<doc>Logs the given message with the given level.</doc>
<msg timestamp="20230717 14:26:32.245" level="INFO">resultfolder: /Users/runner/work/rfswarm/rfswarm/Tests/Regression/Reporter/testdata/Issue-#144/20230320_185055_demo</msg>
<status status="PASS" starttime="20230717 14:26:32.245" endtime="20230717 14:26:32.245"/>
</kw>
<kw name="Set Variable" library="BuiltIn">
<var>${template}</var>
<arg>${basefolder}${/}90%ileTemplate.template</arg>
<doc>Returns the given values which can then be assigned to a variables.</doc>
<msg timestamp="20230717 14:26:32.245" level="INFO">${template} = /Users/runner/work/rfswarm/rfswarm/Tests/Regression/Reporter/testdata/Issue-#144/90%ileTemplate.template</msg>
<status status="PASS" starttime="20230717 14:26:32.245" endtime="20230717 14:26:32.245"/>
</kw>
<kw name="Should Exist" library="OperatingSystem">
<arg>${template}</arg>
<doc>Fails unless the given path (file or directory) exists.</doc>
<msg timestamp="20230717 14:26:32.246" level="INFO" html="true">Path '&lt;a href="file:///Users/runner/work/rfswarm/rfswarm/Tests/Regression/Reporter/testdata/Issue-#144/90%ileTemplate.template"&gt;/Users/runner/work/rfswarm/rfswarm/Tests/Regression/Reporter/testdata/Issue-#144/90%ileTemplate.template&lt;/a&gt;' exists.</msg>
<status status="PASS" starttime="20230717 14:26:32.245" endtime="20230717 14:26:32.246"/>
</kw>
<kw name="Log" library="BuiltIn">
<arg>template: ${template}</arg>
<arg>console=True</arg>
<doc>Logs the given message with the given level.</doc>
<msg timestamp="20230717 14:26:32.246" level="INFO">template: /Users/runner/work/rfswarm/rfswarm/Tests/Regression/Reporter/testdata/Issue-#144/90%ileTemplate.template</msg>
<status status="PASS" starttime="20230717 14:26:32.246" endtime="20230717 14:26:32.246"/>
</kw>
<kw name="Run" library="OperatingSystem">
<var>${result}</var>
<arg>python3 ${pyfile} -n -g 1 -d ${resultfolder} -t ${template} --xlsx</arg>
<doc>Runs the given command in the system and returns the output.</doc>
<msg timestamp="20230717 14:26:32.249" level="INFO">Running command 'python3 /Users/runner/work/rfswarm/rfswarm/rfswarm_reporter/rfswarm_reporter.py -n -g 1 -d /Users/runner/work/rfswarm/rfswarm/Tests/Regression/Reporter/testdata/Issue-#144/20230320_185055_demo -t /Users/runner/work/rfswarm/rfswarm/Tests/Regression/Reporter/testdata/Issue-#144/90%ileTemplate.template --xlsx 2&gt;&amp;1'.</msg>
<msg timestamp="20230717 14:26:37.075" level="INFO">${result} = </msg>
<status status="PASS" starttime="20230717 14:26:32.246" endtime="20230717 14:26:37.076"/>
</kw>
<kw name="Log" library="BuiltIn">
<arg>${\n}${result}</arg>
<arg>console=True</arg>
<doc>Logs the given message with the given level.</doc>
<msg timestamp="20230717 14:26:37.076" level="INFO">
</msg>
<status status="PASS" starttime="20230717 14:26:37.076" endtime="20230717 14:26:37.076"/>
</kw>
<kw name="Should Not Contain" library="BuiltIn">
<arg>${result}</arg>
<arg>Traceback</arg>
<doc>Fails if ``container`` contains ``item`` one or more times.</doc>
<status status="PASS" starttime="20230717 14:26:37.077" endtime="20230717 14:26:37.077"/>
</kw>
<kw name="Should Exist" library="OperatingSystem">
<arg>${resultfolder}${/}${resultdata}.xlsx</arg>
<doc>Fails unless the given path (file or directory) exists.</doc>
<msg timestamp="20230717 14:26:37.077" level="INFO" html="true">Path '&lt;a href="file:///Users/runner/work/rfswarm/rfswarm/Tests/Regression/Reporter/testdata/Issue-#144/20230320_185055_demo/20230320_185055_demo.xlsx"&gt;/Users/runner/work/rfswarm/rfswarm/Tests/Regression/Reporter/testdata/Issue-#144/20230320_185055_demo/20230320_185055_demo.xlsx&lt;/a&gt;' exists.</msg>
<status status="PASS" starttime="20230717 14:26:37.077" endtime="20230717 14:26:37.077"/>
</kw>
<tag>Issue #144</tag>
<tag>macos-latest</tag>
<tag>ubuntu-latest</tag>
<tag>windows-latest</tag>
<tag>XLSX</tag>
<status status="PASS" starttime="20230717 14:26:32.242" endtime="20230717 14:26:37.077"/>
</test>
<status status="PASS" starttime="20230717 14:26:09.786" endtime="20230717 14:26:37.078"/>
</suite>
<suite id="s1-s2" name="GUI Basic" source="/Users/runner/work/rfswarm/rfswarm/Tests/Regression/Reporter/GUI_Basic.robot">
<test id="s1-s2-t1" name="GUI Runs and Closes" line="19">
<kw name="Open GUI">
<kw name="Get Variables" library="BuiltIn">
<var>${var}</var>
<doc>Returns a dictionary containing all variables in the current scope.</doc>
<msg timestamp="20230717 14:26:42.143" level="INFO">${var} = {'${/}': '/', '${:}': ':', '${\\n}': '\n', '${DEBUG_FILE}': 'NONE', '${EXECDIR}': '/Users/runner/work/rfswarm/rfswarm', '${False}': False, '${IMAGE_DIR}': '/Users/runner/work/rfswarm/rfswarm/Tests/Reg...</msg>
<status status="PASS" starttime="20230717 14:26:42.140" endtime="20230717 14:26:42.143"/>
</kw>
<kw name="Log" library="BuiltIn">
<arg>${var}</arg>
<doc>Logs the given message with the given level.</doc>
<msg timestamp="20230717 14:26:42.143" level="INFO">{'${/}': '/', '${:}': ':', '${\\n}': '\n', '${DEBUG_FILE}': 'NONE', '${EXECDIR}': '/Users/runner/work/rfswarm/rfswarm', '${False}': False, '${IMAGE_DIR}': '/Users/runner/work/rfswarm/rfswarm/Tests/Regression/Reporter/Images/file_method', '${LOG_FILE}': '/Users/runner/work/rfswarm/rfswarm/Tests/Regression/Reporter/Logs/macos-latest_3.11/log.html', '${LOG_LEVEL}': 'INFO', '${None}': None, '${null}': None, '${OUTPUT_DIR}': '/Users/runner/work/rfswarm/rfswarm/Tests/Regression/Reporter/Logs/macos-latest_3.11', '${OUTPUT_FILE}': '/Users/runner/work/rfswarm/rfswarm/Tests/Regression/Reporter/Logs/macos-latest_3.11/output.xml', '${PREV_TEST_MESSAGE}': '', '${PREV_TEST_NAME}': 'Command Line Generate Xlsx', '${PREV_TEST_STATUS}': 'PASS', '${process}': 'None', '${pyfile}': '/Users/runner/work/rfswarm/rfswarm/rfswarm_reporter/rfswarm_reporter.py', '${REPORT_FILE}': '/Users/runner/work/rfswarm/rfswarm/Tests/Regression/Reporter/Logs/macos-latest_3.11/report.html', '${SPACE}': ' ', '${sssleep}': '0.5', '${SUITE_DOCUMENTATION}': '', '${SUITE_NAME}': 'Reporter.GUI Basic', '${SUITE_SOURCE}': '/Users/runner/work/rfswarm/rfswarm/Tests/Regression/Reporter/GUI_Basic.robot', '${TEMPDIR}': '/var/folders/24/8k48jl6d249_n_qfxwsl6xvm0000gn/T', '${TEST_DOCUMENTATION}': '', '${TEST_NAME}': 'GUI Runs and Closes', '${True}': True, '&amp;{OPTIONS}': {'include': ['macos-latest'], 'exclude': [], 'skip': [], 'skip_on_failure': []}, '&amp;{SUITE_METADATA}': Metadata(), '@{appargs}': [], '@{TEST_TAGS}': ['macos-latest', 'ubuntu-latest', 'windows-latest']}</msg>
<status status="PASS" starttime="20230717 14:26:42.143" endtime="20230717 14:26:42.143"/>
</kw>
<kw name="Get Platform">
<kw name="Create Dictionary" library="BuiltIn">
<var>&amp;{platforms}</var>
<arg>Linux=ubuntu</arg>
<arg>Darwin=macos</arg>
<arg>Java=notsupported</arg>
<arg>Windows=windows</arg>
<doc>Creates and returns a dictionary based on the given ``items``.</doc>
<msg timestamp="20230717 14:26:42.144" level="INFO">&amp;{platforms} = { Linux=ubuntu | Darwin=macos | Java=notsupported | Windows=windows }</msg>
<status status="PASS" starttime="20230717 14:26:42.144" endtime="20230717 14:26:42.144"/>
</kw>
<kw name="Evaluate" library="BuiltIn">
<var>${os}</var>
<arg>platform.system()</arg>
<arg>platform</arg>
<doc>Evaluates the given expression in Python and returns the result.</doc>
<msg timestamp="20230717 14:26:42.144" level="INFO">${os} = Darwin</msg>
<status status="PASS" starttime="20230717 14:26:42.144" endtime="20230717 14:26:42.144"/>
</kw>
<kw name="Set Suite Variable" library="BuiltIn">
<arg>${platform}</arg>
<arg>${platforms}[${os}]</arg>
<doc>Makes a variable available everywhere within the scope of the current suite.</doc>
<msg timestamp="20230717 14:26:42.146" level="INFO">${platform} = macos</msg>
<status status="PASS" starttime="20230717 14:26:42.145" endtime="20230717 14:26:42.146"/>
</kw>
<status status="PASS" starttime="20230717 14:26:42.143" endtime="20230717 14:26:42.146"/>
</kw>
<kw name="Set Variable" library="BuiltIn">
<var>${keyword}</var>
<arg>Open GUI ${platform}</arg>
<doc>Returns the given values which can then be assigned to a variables.</doc>
<msg timestamp="20230717 14:26:42.146" level="INFO">${keyword} = Open GUI macos</msg>
<status status="PASS" starttime="20230717 14:26:42.146" endtime="20230717 14:26:42.146"/>
</kw>
<kw name="Run Keyword" library="BuiltIn">
<arg>${keyword}</arg>
<arg>@{appargs}</arg>
<doc>Executes the given keyword with the given arguments.</doc>
<kw name="Open GUI macos">
<arg>@{appargs}</arg>
<kw name="Set Suite Variable" library="BuiltIn">
<arg>${platform}</arg>
<arg>macos</arg>
<doc>Makes a variable available everywhere within the scope of the current suite.</doc>
<msg timestamp="20230717 14:26:42.151" level="INFO">${platform} = macos</msg>
<status status="PASS" starttime="20230717 14:26:42.151" endtime="20230717 14:26:42.151"/>
</kw>
<kw name="Set Confidence" library="ImageHorizonLibrary">
<arg>0.9</arg>
<doc>Sets the accuracy when finding images.</doc>
<status status="PASS" starttime="20230717 14:26:42.151" endtime="20230717 14:26:42.151"/>
</kw>
<kw name="Start Process" library="Process">
<var>${process}</var>
<arg>python3</arg>
<arg>${pyfile}</arg>
<arg>-g</arg>
<arg>5</arg>
<arg>@{appargs}</arg>
<arg>alias=Reporter</arg>
<arg>stdout=${OUTPUT DIR}${/}stdout.txt</arg>
<arg>stderr=${OUTPUT DIR}${/}stderr.txt</arg>
<doc>Starts a new process on background.</doc>
<msg timestamp="20230717 14:26:42.152" level="INFO">Starting process:
python3 /Users/runner/work/rfswarm/rfswarm/rfswarm_reporter/rfswarm_reporter.py -g 5</msg>
<msg timestamp="20230717 14:26:42.159" level="INFO">${process} = &lt;Popen: returncode: None args: ['python3', '/Users/runner/work/rfswarm/rfswa...&gt;</msg>
<status status="PASS" starttime="20230717 14:26:42.151" endtime="20230717 14:26:42.159"/>
</kw>
<kw name="Set Suite Variable" library="BuiltIn">
<arg>$process</arg>
<arg>${process}</arg>
<doc>Makes a variable available everywhere within the scope of the current suite.</doc>
<msg timestamp="20230717 14:26:42.160" level="INFO">${process} = &lt;Popen: returncode: None args: ['python3', '/Users/runner/work/rfswarm/rfswa...&gt;</msg>
<status status="PASS" starttime="20230717 14:26:42.160" endtime="20230717 14:26:42.160"/>
</kw>
<kw name="Set Screenshot Folder" library="ImageHorizonLibrary">
<arg>${OUTPUT DIR}</arg>
<doc>Sets the folder where screenshots are saved to.</doc>
<status status="PASS" starttime="20230717 14:26:42.160" endtime="20230717 14:26:42.161"/>
</kw>
<kw name="Take A Screenshot" library="ImageHorizonLibrary">
<doc>Takes a screenshot of the screen.</doc>
<msg timestamp="20230717 14:26:42.161" level="INFO" html="true">Screenshot taken: /Users/runner/work/rfswarm/rfswarm/Tests/Regression/Reporter/Logs/macos-latest_3.11/Reporter.GUIBasic-screenshot-1.png&lt;br/&gt;&lt;img src="/Users/runner/work/rfswarm/rfswarm/Tests/Regression/Reporter/Logs/macos-latest_3.11/Reporter.GUIBasic-screenshot-1.png" width="100%" /&gt;</msg>
<status status="PASS" starttime="20230717 14:26:42.161" endtime="20230717 14:26:42.487"/>
</kw>
<status status="PASS" starttime="20230717 14:26:42.150" endtime="20230717 14:26:42.487"/>
</kw>
<status status="PASS" starttime="20230717 14:26:42.146" endtime="20230717 14:26:42.488"/>
</kw>
<status status="PASS" starttime="20230717 14:26:42.140" endtime="20230717 14:26:42.488"/>
</kw>
<kw name="Wait For Status">
<arg>PreviewLoaded</arg>
<kw name="Convert To Lower Case" library="String">
<var>${statusl}</var>
<arg>${status}</arg>
<doc>Converts string to lower case.</doc>
<msg timestamp="20230717 14:26:42.489" level="INFO">${statusl} = previewloaded</msg>
<status status="PASS" starttime="20230717 14:26:42.489" endtime="20230717 14:26:42.489"/>
</kw>
<kw name="Set Variable" library="BuiltIn">
<var>${img}</var>
<arg>reporter_${platform}_status_${statusl}.png</arg>
<doc>Returns the given values which can then be assigned to a variables.</doc>
<msg timestamp="20230717 14:26:42.489" level="INFO">${img} = reporter_macos_status_previewloaded.png</msg>
<status status="PASS" starttime="20230717 14:26:42.489" endtime="20230717 14:26:42.489"/>
</kw>
<kw name="Log" library="BuiltIn">
<arg>/Users/runner/work/rfswarm/rfswarm/Tests/Regression/Reporter</arg>
<doc>Logs the given message with the given level.</doc>
<msg timestamp="20230717 14:26:42.490" level="INFO">/Users/runner/work/rfswarm/rfswarm/Tests/Regression/Reporter</msg>
<status status="PASS" starttime="20230717 14:26:42.489" endtime="20230717 14:26:42.490"/>
</kw>
<kw name="Log" library="BuiltIn">
<arg>${IMAGE_DIR}</arg>
<doc>Logs the given message with the given level.</doc>
<msg timestamp="20230717 14:26:42.490" level="INFO">/Users/runner/work/rfswarm/rfswarm/Tests/Regression/Reporter/Images/file_method</msg>
<status status="PASS" starttime="20230717 14:26:42.490" endtime="20230717 14:26:42.490"/>
</kw>
<kw name="Wait For" library="ImageHorizonLibrary">
<arg>${img}</arg>
<arg>timeout=${timeout}</arg>
<doc>Tries to locate given image from the screen for given time.</doc>
<msg timestamp="20230717 14:26:45.728" level="INFO">Image "reporter_macos_status_previewloaded.png" found at (55, 440)</msg>
<status status="PASS" starttime="20230717 14:26:42.490" endtime="20230717 14:26:45.728"/>
</kw>
<kw name="Sleep" library="BuiltIn">
<arg>${sssleep}</arg>
<doc>Pauses the test executed for the given time.</doc>
<msg timestamp="20230717 14:26:46.231" level="INFO">Slept 500 milliseconds</msg>
<status status="PASS" starttime="20230717 14:26:45.729" endtime="20230717 14:26:46.231"/>
</kw>
<kw name="Take A Screenshot" library="ImageHorizonLibrary">
<doc>Takes a screenshot of the screen.</doc>
<msg timestamp="20230717 14:26:46.231" level="INFO" html="true">Screenshot taken: /Users/runner/work/rfswarm/rfswarm/Tests/Regression/Reporter/Logs/macos-latest_3.11/Reporter.GUIBasic-screenshot-2.png&lt;br/&gt;&lt;img src="/Users/runner/work/rfswarm/rfswarm/Tests/Regression/Reporter/Logs/macos-latest_3.11/Reporter.GUIBasic-screenshot-2.png" width="100%" /&gt;</msg>
<status status="PASS" starttime="20230717 14:26:46.231" endtime="20230717 14:26:46.507"/>
</kw>
<status status="PASS" starttime="20230717 14:26:42.488" endtime="20230717 14:26:46.507"/>
</kw>
<kw name="Close GUI" type="TEARDOWN">
<kw name="Set Variable" library="BuiltIn">
<var>${keyword}</var>
<arg>Close GUI ${platform}</arg>
<doc>Returns the given values which can then be assigned to a variables.</doc>
<msg timestamp="20230717 14:26:46.509" level="INFO">${keyword} = Close GUI macos</msg>
<status status="PASS" starttime="20230717 14:26:46.508" endtime="20230717 14:26:46.509"/>
</kw>
<if>
<branch type="IF" condition="${process}">
<kw name="Is Process Running" library="Process">
<var>${running}</var>
<arg>${process}</arg>
<doc>Checks is the process running or not.</doc>
<msg timestamp="20230717 14:26:46.510" level="INFO">${running} = True</msg>
<status status="PASS" starttime="20230717 14:26:46.509" endtime="20230717 14:26:46.510"/>
</kw>
<if>
<branch type="IF" condition="${running}">
<kw name="Run Keyword" library="BuiltIn">
<arg>${keyword}</arg>
<doc>Executes the given keyword with the given arguments.</doc>
<kw name="Close GUI macos">
<kw name="Click Image" library="ImageHorizonLibrary">
<arg>reporter_${platform}_button_closewindow.png</arg>
<doc>Finds the reference image on screen and clicks it once.</doc>
<msg timestamp="20230717 14:26:46.923" level="INFO">Image "/Users/runner/work/rfswarm/rfswarm/Tests/Regression/Reporter/Images/file_method/reporter_macos_button_closewindow.png" found at Box(left=9, top=31, width=19, height=25)</msg>
<msg timestamp="20230717 14:26:46.923" level="INFO">Clicking image "reporter_macos_button_closewindow.png" in position (18, 43)</msg>
<status status="PASS" starttime="20230717 14:26:46.515" endtime="20230717 14:26:47.259"/>
</kw>
<kw name="Take A Screenshot" library="ImageHorizonLibrary">
<doc>Takes a screenshot of the screen.</doc>
<msg timestamp="20230717 14:26:47.260" level="INFO" html="true">Screenshot taken: /Users/runner/work/rfswarm/rfswarm/Tests/Regression/Reporter/Logs/macos-latest_3.11/Reporter.GUIBasic-screenshot-3.png&lt;br/&gt;&lt;img src="/Users/runner/work/rfswarm/rfswarm/Tests/Regression/Reporter/Logs/macos-latest_3.11/Reporter.GUIBasic-screenshot-3.png" width="100%" /&gt;</msg>
<status status="PASS" starttime="20230717 14:26:47.259" endtime="20230717 14:26:47.809"/>
</kw>
<kw name="Sleep" library="BuiltIn">
<arg>0.5</arg>
<doc>Pauses the test executed for the given time.</doc>
<msg timestamp="20230717 14:26:48.318" level="INFO">Slept 500 milliseconds</msg>
<status status="PASS" starttime="20230717 14:26:47.809" endtime="20230717 14:26:48.318"/>
</kw>
<kw name="End Process If Still Running">
<kw name="Wait For Process" library="Process">
<var>${result}</var>
<arg>${process}</arg>
<arg>timeout=60</arg>
<doc>Waits for the process to complete or to reach the given timeout.</doc>
<msg timestamp="20230717 14:26:48.319" level="INFO">Waiting for process to complete.</msg>
<msg timestamp="20230717 14:26:48.319" level="INFO">Process completed.</msg>
<msg timestamp="20230717 14:26:48.319" level="INFO">${result} = &lt;result object with rc 0&gt;</msg>
<status status="PASS" starttime="20230717 14:26:48.319" endtime="20230717 14:26:48.319"/>
</kw>
<kw name="Is Process Running" library="Process">
<var>${running}</var>
<arg>${process}</arg>
<doc>Checks is the process running or not.</doc>
<msg timestamp="20230717 14:26:48.320" level="INFO">${running} = False</msg>
<status status="PASS" starttime="20230717 14:26:48.319" endtime="20230717 14:26:48.320"/>
</kw>
<if>
<branch type="IF" condition="not ${running}">
<kw name="Check Result">
<arg>${result}</arg>
<kw name="Log" library="BuiltIn">
<arg>${result.stderr}</arg>
<doc>Logs the given message with the given level.</doc>
<msg timestamp="20230717 14:26:48.321" level="INFO"/>
<status status="PASS" starttime="20230717 14:26:48.320" endtime="20230717 14:26:48.321"/>
</kw>
<kw name="Should Not Contain" library="BuiltIn">
<arg>${result.stderr}</arg>
<arg>Traceback</arg>
<doc>Fails if ``container`` contains ``item`` one or more times.</doc>
<status status="PASS" starttime="20230717 14:26:48.322" endtime="20230717 14:26:48.322"/>
</kw>
<kw name="Should Be Equal As Integers" library="BuiltIn">
<arg>${result.rc}</arg>
<arg>0</arg>
<doc>Fails if objects are unequal after converting them to integers.</doc>
<msg timestamp="20230717 14:26:48.323" level="INFO">Argument types are:
&lt;class 'int'&gt;
&lt;class 'str'&gt;</msg>
<status status="PASS" starttime="20230717 14:26:48.322" endtime="20230717 14:26:48.323"/>
</kw>
<status status="PASS" starttime="20230717 14:26:48.320" endtime="20230717 14:26:48.323"/>
</kw>
<status status="PASS" starttime="20230717 14:26:48.320" endtime="20230717 14:26:48.323"/>
</branch>
<branch type="ELSE">
<kw name="Take A Screenshot" library="ImageHorizonLibrary">
<doc>Takes a screenshot of the screen.</doc>
<status status="NOT RUN" starttime="20230717 14:26:48.323" endtime="20230717 14:26:48.323"/>
</kw>
<kw name="Terminate Process" library="Process">
<var>${result}</var>
<arg>${process}</arg>
<doc>Stops the process gracefully or forcefully.</doc>
<status status="NOT RUN" starttime="20230717 14:26:48.323" endtime="20230717 14:26:48.323"/>
</kw>
<kw name="Check Result">
<arg>${result}</arg>
<status status="NOT RUN" starttime="20230717 14:26:48.324" endtime="20230717 14:26:48.324"/>
</kw>
<kw name="Fail" library="BuiltIn">
<arg>Had to Terminate Process</arg>
<doc>Fails the test with the given message and optionally alters its tags.</doc>
<status status="NOT RUN" starttime="20230717 14:26:48.324" endtime="20230717 14:26:48.324"/>
</kw>
<status status="NOT RUN" starttime="20230717 14:26:48.323" endtime="20230717 14:26:48.324"/>
</branch>
<status status="PASS" starttime="20230717 14:26:48.320" endtime="20230717 14:26:48.324"/>
</if>
<status status="PASS" starttime="20230717 14:26:48.318" endtime="20230717 14:26:48.324"/>
</kw>
<status status="PASS" starttime="20230717 14:26:46.515" endtime="20230717 14:26:48.324"/>
</kw>
<status status="PASS" starttime="20230717 14:26:46.510" endtime="20230717 14:26:48.324"/>
</kw>
<status status="PASS" starttime="20230717 14:26:46.510" endtime="20230717 14:26:48.324"/>
</branch>
<branch type="ELSE">
<kw name="Wait For Process" library="Process">
<var>${result}</var>
<arg>${process}</arg>
<arg>timeout=60</arg>
<doc>Waits for the process to complete or to reach the given timeout.</doc>
<status status="NOT RUN" starttime="20230717 14:26:48.324" endtime="20230717 14:26:48.324"/>
</kw>
<kw name="Check Result">
<arg>${result}</arg>
<status status="NOT RUN" starttime="20230717 14:26:48.324" endtime="20230717 14:26:48.324"/>
</kw>
<status status="NOT RUN" starttime="20230717 14:26:48.324" endtime="20230717 14:26:48.324"/>
</branch>
<status status="PASS" starttime="20230717 14:26:46.510" endtime="20230717 14:26:48.324"/>
</if>
<status status="PASS" starttime="20230717 14:26:46.509" endtime="20230717 14:26:48.325"/>
</branch>
<status status="PASS" starttime="20230717 14:26:46.509" endtime="20230717 14:26:48.325"/>
</if>
<kw name="Set Suite Variable" library="BuiltIn">
<arg>$process</arg>
<arg>None</arg>
<doc>Makes a variable available everywhere within the scope of the current suite.</doc>
<msg timestamp="20230717 14:26:48.325" level="INFO">${process} = None</msg>
<status status="PASS" starttime="20230717 14:26:48.325" endtime="20230717 14:26:48.325"/>
</kw>
<kw name="Sleep" library="BuiltIn">
<arg>0.5</arg>
<doc>Pauses the test executed for the given time.</doc>
<msg timestamp="20230717 14:26:48.825" level="INFO">Slept 500 milliseconds</msg>
<status status="PASS" starttime="20230717 14:26:48.325" endtime="20230717 14:26:48.826"/>
</kw>
<status status="PASS" starttime="20230717 14:26:46.508" endtime="20230717 14:26:48.826"/>
</kw>
<tag>macos-latest</tag>
<tag>ubuntu-latest</tag>
<tag>windows-latest</tag>
<status status="PASS" starttime="20230717 14:26:42.139" endtime="20230717 14:26:48.826"/>
</test>
<test id="s1-s2-t2" name="Select Preview Tab" line="25">
<kw name="Open GUI">
<kw name="Get Variables" library="BuiltIn">
<var>${var}</var>
<doc>Returns a dictionary containing all variables in the current scope.</doc>
<msg timestamp="20230717 14:26:48.828" level="INFO">${var} = {'${/}': '/', '${:}': ':', '${\\n}': '\n', '${DEBUG_FILE}': 'NONE', '${EXECDIR}': '/Users/runner/work/rfswarm/rfswarm', '${False}': False, '${IMAGE_DIR}': '/Users/runner/work/rfswarm/rfswarm/Tests/Reg...</msg>
<status status="PASS" starttime="20230717 14:26:48.827" endtime="20230717 14:26:48.828"/>
</kw>
<kw name="Log" library="BuiltIn">
<arg>${var}</arg>
<doc>Logs the given message with the given level.</doc>
<msg timestamp="20230717 14:26:48.828" level="INFO">{'${/}': '/', '${:}': ':', '${\\n}': '\n', '${DEBUG_FILE}': 'NONE', '${EXECDIR}': '/Users/runner/work/rfswarm/rfswarm', '${False}': False, '${IMAGE_DIR}': '/Users/runner/work/rfswarm/rfswarm/Tests/Regression/Reporter/Images/file_method', '${LOG_FILE}': '/Users/runner/work/rfswarm/rfswarm/Tests/Regression/Reporter/Logs/macos-latest_3.11/log.html', '${LOG_LEVEL}': 'INFO', '${None}': None, '${null}': None, '${OUTPUT_DIR}': '/Users/runner/work/rfswarm/rfswarm/Tests/Regression/Reporter/Logs/macos-latest_3.11', '${OUTPUT_FILE}': '/Users/runner/work/rfswarm/rfswarm/Tests/Regression/Reporter/Logs/macos-latest_3.11/output.xml', '${platform}': 'macos', '${PREV_TEST_MESSAGE}': '', '${PREV_TEST_NAME}': 'GUI Runs and Closes', '${PREV_TEST_STATUS}': 'PASS', '${process}': 'None', '${pyfile}': '/Users/runner/work/rfswarm/rfswarm/rfswarm_reporter/rfswarm_reporter.py', '${REPORT_FILE}': '/Users/runner/work/rfswarm/rfswarm/Tests/Regression/Reporter/Logs/macos-latest_3.11/report.html', '${SPACE}': ' ', '${sssleep}': '0.5', '${SUITE_DOCUMENTATION}': '', '${SUITE_NAME}': 'Reporter.GUI Basic', '${SUITE_SOURCE}': '/Users/runner/work/rfswarm/rfswarm/Tests/Regression/Reporter/GUI_Basic.robot', '${TEMPDIR}': '/var/folders/24/8k48jl6d249_n_qfxwsl6xvm0000gn/T', '${TEST_DOCUMENTATION}': '', '${TEST_NAME}': 'Select Preview Tab', '${True}': True, '&amp;{OPTIONS}': {'include': ['macos-latest'], 'exclude': [], 'skip': [], 'skip_on_failure': []}, '&amp;{SUITE_METADATA}': Metadata(), '@{appargs}': [], '@{TEST_TAGS}': ['macos-latest', 'ubuntu-latest', 'windows-latest']}</msg>
<status status="PASS" starttime="20230717 14:26:48.828" endtime="20230717 14:26:48.829"/>
</kw>
<kw name="Get Platform">
<kw name="Create Dictionary" library="BuiltIn">
<var>&amp;{platforms}</var>
<arg>Linux=ubuntu</arg>
<arg>Darwin=macos</arg>
<arg>Java=notsupported</arg>
<arg>Windows=windows</arg>
<doc>Creates and returns a dictionary based on the given ``items``.</doc>
<msg timestamp="20230717 14:26:48.830" level="INFO">&amp;{platforms} = { Linux=ubuntu | Darwin=macos | Java=notsupported | Windows=windows }</msg>
<status status="PASS" starttime="20230717 14:26:48.829" endtime="20230717 14:26:48.830"/>
</kw>
<kw name="Evaluate" library="BuiltIn">
<var>${os}</var>
<arg>platform.system()</arg>
<arg>platform</arg>
<doc>Evaluates the given expression in Python and returns the result.</doc>
<msg timestamp="20230717 14:26:48.830" level="INFO">${os} = Darwin</msg>
<status status="PASS" starttime="20230717 14:26:48.830" endtime="20230717 14:26:48.830"/>
</kw>
<kw name="Set Suite Variable" library="BuiltIn">
<arg>${platform}</arg>
<arg>${platforms}[${os}]</arg>
<doc>Makes a variable available everywhere within the scope of the current suite.</doc>
<msg timestamp="20230717 14:26:48.831" level="INFO">${platform} = macos</msg>
<status status="PASS" starttime="20230717 14:26:48.830" endtime="20230717 14:26:48.831"/>
</kw>
<status status="PASS" starttime="20230717 14:26:48.829" endtime="20230717 14:26:48.831"/>
</kw>
<kw name="Set Variable" library="BuiltIn">
<var>${keyword}</var>
<arg>Open GUI ${platform}</arg>
<doc>Returns the given values which can then be assigned to a variables.</doc>
<msg timestamp="20230717 14:26:48.831" level="INFO">${keyword} = Open GUI macos</msg>
<status status="PASS" starttime="20230717 14:26:48.831" endtime="20230717 14:26:48.831"/>
</kw>
<kw name="Run Keyword" library="BuiltIn">
<arg>${keyword}</arg>
<arg>@{appargs}</arg>
<doc>Executes the given keyword with the given arguments.</doc>
<kw name="Open GUI macos">
<arg>@{appargs}</arg>
<kw name="Set Suite Variable" library="BuiltIn">
<arg>${platform}</arg>
<arg>macos</arg>
<doc>Makes a variable available everywhere within the scope of the current suite.</doc>
<msg timestamp="20230717 14:26:48.837" level="INFO">${platform} = macos</msg>
<status status="PASS" starttime="20230717 14:26:48.837" endtime="20230717 14:26:48.837"/>
</kw>
<kw name="Set Confidence" library="ImageHorizonLibrary">
<arg>0.9</arg>
<doc>Sets the accuracy when finding images.</doc>
<status status="PASS" starttime="20230717 14:26:48.837" endtime="20230717 14:26:48.838"/>
</kw>
<kw name="Start Process" library="Process">
<var>${process}</var>
<arg>python3</arg>
<arg>${pyfile}</arg>
<arg>-g</arg>
<arg>5</arg>
<arg>@{appargs}</arg>
<arg>alias=Reporter</arg>
<arg>stdout=${OUTPUT DIR}${/}stdout.txt</arg>
<arg>stderr=${OUTPUT DIR}${/}stderr.txt</arg>
<doc>Starts a new process on background.</doc>
<msg timestamp="20230717 14:26:48.839" level="INFO">Starting process:
python3 /Users/runner/work/rfswarm/rfswarm/rfswarm_reporter/rfswarm_reporter.py -g 5</msg>
<msg timestamp="20230717 14:26:48.848" level="INFO">${process} = &lt;Popen: returncode: None args: ['python3', '/Users/runner/work/rfswarm/rfswa...&gt;</msg>
<status status="PASS" starttime="20230717 14:26:48.838" endtime="20230717 14:26:48.848"/>
</kw>
<kw name="Set Suite Variable" library="BuiltIn">
<arg>$process</arg>
<arg>${process}</arg>
<doc>Makes a variable available everywhere within the scope of the current suite.</doc>
<msg timestamp="20230717 14:26:48.850" level="INFO">${process} = &lt;Popen: returncode: None args: ['python3', '/Users/runner/work/rfswarm/rfswa...&gt;</msg>
<status status="PASS" starttime="20230717 14:26:48.849" endtime="20230717 14:26:48.850"/>
</kw>
<kw name="Set Screenshot Folder" library="ImageHorizonLibrary">
<arg>${OUTPUT DIR}</arg>
<doc>Sets the folder where screenshots are saved to.</doc>
<status status="PASS" starttime="20230717 14:26:48.850" endtime="20230717 14:26:48.850"/>
</kw>
<kw name="Take A Screenshot" library="ImageHorizonLibrary">
<doc>Takes a screenshot of the screen.</doc>
<msg timestamp="20230717 14:26:48.851" level="INFO" html="true">Screenshot taken: /Users/runner/work/rfswarm/rfswarm/Tests/Regression/Reporter/Logs/macos-latest_3.11/Reporter.GUIBasic-screenshot-4.png&lt;br/&gt;&lt;img src="/Users/runner/work/rfswarm/rfswarm/Tests/Regression/Reporter/Logs/macos-latest_3.11/Reporter.GUIBasic-screenshot-4.png" width="100%" /&gt;</msg>
<status status="PASS" starttime="20230717 14:26:48.851" endtime="20230717 14:26:49.171"/>
</kw>
<status status="PASS" starttime="20230717 14:26:48.837" endtime="20230717 14:26:49.171"/>
</kw>
<status status="PASS" starttime="20230717 14:26:48.831" endtime="20230717 14:26:49.171"/>
</kw>
<status status="PASS" starttime="20230717 14:26:48.827" endtime="20230717 14:26:49.171"/>
</kw>
<kw name="Wait For Status">
<arg>PreviewLoaded</arg>
<kw name="Convert To Lower Case" library="String">
<var>${statusl}</var>
<arg>${status}</arg>
<doc>Converts string to lower case.</doc>
<msg timestamp="20230717 14:26:49.173" level="INFO">${statusl} = previewloaded</msg>
<status status="PASS" starttime="20230717 14:26:49.172" endtime="20230717 14:26:49.173"/>
</kw>
<kw name="Set Variable" library="BuiltIn">
<var>${img}</var>
<arg>reporter_${platform}_status_${statusl}.png</arg>
<doc>Returns the given values which can then be assigned to a variables.</doc>
<msg timestamp="20230717 14:26:49.173" level="INFO">${img} = reporter_macos_status_previewloaded.png</msg>
<status status="PASS" starttime="20230717 14:26:49.173" endtime="20230717 14:26:49.173"/>
</kw>
<kw name="Log" library="BuiltIn">
<arg>/Users/runner/work/rfswarm/rfswarm/Tests/Regression/Reporter</arg>
<doc>Logs the given message with the given level.</doc>
<msg timestamp="20230717 14:26:49.173" level="INFO">/Users/runner/work/rfswarm/rfswarm/Tests/Regression/Reporter</msg>
<status status="PASS" starttime="20230717 14:26:49.173" endtime="20230717 14:26:49.174"/>
</kw>
<kw name="Log" library="BuiltIn">
<arg>${IMAGE_DIR}</arg>
<doc>Logs the given message with the given level.</doc>
<msg timestamp="20230717 14:26:49.174" level="INFO">/Users/runner/work/rfswarm/rfswarm/Tests/Regression/Reporter/Images/file_method</msg>
<status status="PASS" starttime="20230717 14:26:49.174" endtime="20230717 14:26:49.174"/>
</kw>
<kw name="Wait For" library="ImageHorizonLibrary">
<arg>${img}</arg>
<arg>timeout=${timeout}</arg>
<doc>Tries to locate given image from the screen for given time.</doc>
<msg timestamp="20230717 14:26:51.893" level="INFO">Image "reporter_macos_status_previewloaded.png" found at (55, 440)</msg>
<status status="PASS" starttime="20230717 14:26:49.174" endtime="20230717 14:26:51.893"/>
</kw>
<kw name="Sleep" library="BuiltIn">
<arg>${sssleep}</arg>
<doc>Pauses the test executed for the given time.</doc>
<msg timestamp="20230717 14:26:52.402" level="INFO">Slept 500 milliseconds</msg>
<status status="PASS" starttime="20230717 14:26:51.894" endtime="20230717 14:26:52.402"/>
</kw>
<kw name="Take A Screenshot" library="ImageHorizonLibrary">
<doc>Takes a screenshot of the screen.</doc>
<msg timestamp="20230717 14:26:52.403" level="INFO" html="true">Screenshot taken: /Users/runner/work/rfswarm/rfswarm/Tests/Regression/Reporter/Logs/macos-latest_3.11/Reporter.GUIBasic-screenshot-5.png&lt;br/&gt;&lt;img src="/Users/runner/work/rfswarm/rfswarm/Tests/Regression/Reporter/Logs/macos-latest_3.11/Reporter.GUIBasic-screenshot-5.png" width="100%" /&gt;</msg>
<status status="PASS" starttime="20230717 14:26:52.402" endtime="20230717 14:26:52.700"/>
</kw>
<status status="PASS" starttime="20230717 14:26:49.172" endtime="20230717 14:26:52.700"/>
</kw>
<kw name="Click Tab">
<arg>Preview</arg>
<kw name="Convert To Lower Case" library="String">
<var>${tabnamel}</var>
<arg>${tabname}</arg>
<doc>Converts string to lower case.</doc>
<msg timestamp="20230717 14:26:52.702" level="INFO">${tabnamel} = preview</msg>
<status status="PASS" starttime="20230717 14:26:52.702" endtime="20230717 14:26:52.702"/>
</kw>
<kw name="Set Variable" library="BuiltIn">
<var>${img}</var>
<arg>reporter_${platform}_tab_${tabnamel}.png</arg>
<doc>Returns the given values which can then be assigned to a variables.</doc>
<msg timestamp="20230717 14:26:52.702" level="INFO">${img} = reporter_macos_tab_preview.png</msg>
<status status="PASS" starttime="20230717 14:26:52.702" endtime="20230717 14:26:52.702"/>
</kw>
<kw name="Log" library="BuiltIn">
<arg>/Users/runner/work/rfswarm/rfswarm/Tests/Regression/Reporter</arg>
<doc>Logs the given message with the given level.</doc>
<msg timestamp="20230717 14:26:52.703" level="INFO">/Users/runner/work/rfswarm/rfswarm/Tests/Regression/Reporter</msg>
<status status="PASS" starttime="20230717 14:26:52.703" endtime="20230717 14:26:52.703"/>
</kw>
<kw name="Log" library="BuiltIn">
<arg>${IMAGE_DIR}</arg>
<doc>Logs the given message with the given level.</doc>
<msg timestamp="20230717 14:26:52.703" level="INFO">/Users/runner/work/rfswarm/rfswarm/Tests/Regression/Reporter/Images/file_method</msg>
<status status="PASS" starttime="20230717 14:26:52.703" endtime="20230717 14:26:52.703"/>
</kw>
<kw name="Wait For" library="ImageHorizonLibrary">
<arg>${img}</arg>
<arg>timeout=300</arg>
<doc>Tries to locate given image from the screen for given time.</doc>
<msg timestamp="20230717 14:26:53.142" level="INFO">Image "reporter_macos_tab_preview.png" found at (482, 103)</msg>
<status status="PASS" starttime="20230717 14:26:52.703" endtime="20230717 14:26:53.142"/>
</kw>
<kw name="Locate" library="ImageHorizonLibrary">
<var>@{coordinates}</var>
<arg>${img}</arg>
<doc>Locate image on screen.</doc>
<msg timestamp="20230717 14:26:53.735" level="INFO">Image "/Users/runner/work/rfswarm/rfswarm/Tests/Regression/Reporter/Images/file_method/reporter_macos_tab_preview.png" found at Box(left=443, top=89, width=78, height=29)</msg>
<msg timestamp="20230717 14:26:53.736" level="INFO">@{coordinates} = [ 482 | 103 ]</msg>
<status status="PASS" starttime="20230717 14:26:53.143" endtime="20230717 14:26:53.736"/>
</kw>
<kw name="Click Image" library="ImageHorizonLibrary">
<arg>${img}</arg>
<doc>Finds the reference image on screen and clicks it once.</doc>
<msg timestamp="20230717 14:26:54.241" level="INFO">Image "/Users/runner/work/rfswarm/rfswarm/Tests/Regression/Reporter/Images/file_method/reporter_macos_tab_preview.png" found at Box(left=443, top=89, width=78, height=29)</msg>
<msg timestamp="20230717 14:26:54.241" level="INFO">Clicking image "reporter_macos_tab_preview.png" in position (482, 103)</msg>
<status status="PASS" starttime="20230717 14:26:53.737" endtime="20230717 14:26:54.370"/>
</kw>
<kw name="Sleep" library="BuiltIn">
<arg>${sssleep}</arg>
<doc>Pauses the test executed for the given time.</doc>
<msg timestamp="20230717 14:26:54.879" level="INFO">Slept 500 milliseconds</msg>
<status status="PASS" starttime="20230717 14:26:54.370" endtime="20230717 14:26:54.879"/>
</kw>
<kw name="Take A Screenshot" library="ImageHorizonLibrary">
<doc>Takes a screenshot of the screen.</doc>
<msg timestamp="20230717 14:26:54.880" level="INFO" html="true">Screenshot taken: /Users/runner/work/rfswarm/rfswarm/Tests/Regression/Reporter/Logs/macos-latest_3.11/Reporter.GUIBasic-screenshot-6.png&lt;br/&gt;&lt;img src="/Users/runner/work/rfswarm/rfswarm/Tests/Regression/Reporter/Logs/macos-latest_3.11/Reporter.GUIBasic-screenshot-6.png" width="100%" /&gt;</msg>
<status status="PASS" starttime="20230717 14:26:54.880" endtime="20230717 14:26:55.176"/>
</kw>
<status status="PASS" starttime="20230717 14:26:52.701" endtime="20230717 14:26:55.176"/>
</kw>
<kw name="Close GUI" type="TEARDOWN">
<kw name="Set Variable" library="BuiltIn">
<var>${keyword}</var>
<arg>Close GUI ${platform}</arg>
<doc>Returns the given values which can then be assigned to a variables.</doc>
<msg timestamp="20230717 14:26:55.178" level="INFO">${keyword} = Close GUI macos</msg>
<status status="PASS" starttime="20230717 14:26:55.177" endtime="20230717 14:26:55.178"/>
</kw>
<if>
<branch type="IF" condition="${process}">
<kw name="Is Process Running" library="Process">
<var>${running}</var>
<arg>${process}</arg>
<doc>Checks is the process running or not.</doc>
<msg timestamp="20230717 14:26:55.178" level="INFO">${running} = True</msg>
<status status="PASS" starttime="20230717 14:26:55.178" endtime="20230717 14:26:55.178"/>
</kw>
<if>
<branch type="IF" condition="${running}">
<kw name="Run Keyword" library="BuiltIn">
<arg>${keyword}</arg>
<doc>Executes the given keyword with the given arguments.</doc>
<kw name="Close GUI macos">
<kw name="Click Image" library="ImageHorizonLibrary">
<arg>reporter_${platform}_button_closewindow.png</arg>
<doc>Finds the reference image on screen and clicks it once.</doc>
<msg timestamp="20230717 14:26:55.582" level="INFO">Image "/Users/runner/work/rfswarm/rfswarm/Tests/Regression/Reporter/Images/file_method/reporter_macos_button_closewindow.png" found at Box(left=9, top=31, width=19, height=25)</msg>
<msg timestamp="20230717 14:26:55.582" level="INFO">Clicking image "reporter_macos_button_closewindow.png" in position (18, 43)</msg>
<status status="PASS" starttime="20230717 14:26:55.183" endtime="20230717 14:26:55.724"/>
</kw>
<kw name="Take A Screenshot" library="ImageHorizonLibrary">
<doc>Takes a screenshot of the screen.</doc>
<msg timestamp="20230717 14:26:55.725" level="INFO" html="true">Screenshot taken: /Users/runner/work/rfswarm/rfswarm/Tests/Regression/Reporter/Logs/macos-latest_3.11/Reporter.GUIBasic-screenshot-7.png&lt;br/&gt;&lt;img src="/Users/runner/work/rfswarm/rfswarm/Tests/Regression/Reporter/Logs/macos-latest_3.11/Reporter.GUIBasic-screenshot-7.png" width="100%" /&gt;</msg>
<status status="PASS" starttime="20230717 14:26:55.724" endtime="20230717 14:26:56.206"/>
</kw>
<kw name="Sleep" library="BuiltIn">
<arg>0.5</arg>
<doc>Pauses the test executed for the given time.</doc>
<msg timestamp="20230717 14:26:56.712" level="INFO">Slept 500 milliseconds</msg>
<status status="PASS" starttime="20230717 14:26:56.207" endtime="20230717 14:26:56.712"/>
</kw>
<kw name="End Process If Still Running">
<kw name="Wait For Process" library="Process">
<var>${result}</var>
<arg>${process}</arg>
<arg>timeout=60</arg>
<doc>Waits for the process to complete or to reach the given timeout.</doc>
<msg timestamp="20230717 14:26:56.713" level="INFO">Waiting for process to complete.</msg>
<msg timestamp="20230717 14:26:56.713" level="INFO">Process completed.</msg>
<msg timestamp="20230717 14:26:56.714" level="INFO">${result} = &lt;result object with rc 0&gt;</msg>
<status status="PASS" starttime="20230717 14:26:56.713" endtime="20230717 14:26:56.714"/>
</kw>
<kw name="Is Process Running" library="Process">
<var>${running}</var>
<arg>${process}</arg>
<doc>Checks is the process running or not.</doc>
<msg timestamp="20230717 14:26:56.714" level="INFO">${running} = False</msg>
<status status="PASS" starttime="20230717 14:26:56.714" endtime="20230717 14:26:56.714"/>
</kw>
<if>
<branch type="IF" condition="not ${running}">
<kw name="Check Result">
<arg>${result}</arg>
<kw name="Log" library="BuiltIn">
<arg>${result.stderr}</arg>
<doc>Logs the given message with the given level.</doc>
<msg timestamp="20230717 14:26:56.716" level="INFO"/>
<status status="PASS" starttime="20230717 14:26:56.715" endtime="20230717 14:26:56.716"/>
</kw>
<kw name="Should Not Contain" library="BuiltIn">
<arg>${result.stderr}</arg>
<arg>Traceback</arg>
<doc>Fails if ``container`` contains ``item`` one or more times.</doc>
<status status="PASS" starttime="20230717 14:26:56.716" endtime="20230717 14:26:56.716"/>
</kw>
<kw name="Should Be Equal As Integers" library="BuiltIn">
<arg>${result.rc}</arg>
<arg>0</arg>
<doc>Fails if objects are unequal after converting them to integers.</doc>
<msg timestamp="20230717 14:26:56.717" level="INFO">Argument types are:
&lt;class 'int'&gt;
&lt;class 'str'&gt;</msg>
<status status="PASS" starttime="20230717 14:26:56.717" endtime="20230717 14:26:56.717"/>
</kw>
<status status="PASS" starttime="20230717 14:26:56.714" endtime="20230717 14:26:56.717"/>
</kw>
<status status="PASS" starttime="20230717 14:26:56.714" endtime="20230717 14:26:56.718"/>
</branch>
<branch type="ELSE">
<kw name="Take A Screenshot" library="ImageHorizonLibrary">
<doc>Takes a screenshot of the screen.</doc>
<status status="NOT RUN" starttime="20230717 14:26:56.718" endtime="20230717 14:26:56.718"/>
</kw>
<kw name="Terminate Process" library="Process">
<var>${result}</var>
<arg>${process}</arg>
<doc>Stops the process gracefully or forcefully.</doc>
<status status="NOT RUN" starttime="20230717 14:26:56.718" endtime="20230717 14:26:56.718"/>
</kw>
<kw name="Check Result">
<arg>${result}</arg>
<status status="NOT RUN" starttime="20230717 14:26:56.719" endtime="20230717 14:26:56.719"/>
</kw>
<kw name="Fail" library="BuiltIn">
<arg>Had to Terminate Process</arg>
<doc>Fails the test with the given message and optionally alters its tags.</doc>
<status status="NOT RUN" starttime="20230717 14:26:56.719" endtime="20230717 14:26:56.719"/>
</kw>
<status status="NOT RUN" starttime="20230717 14:26:56.718" endtime="20230717 14:26:56.719"/>
</branch>
<status status="PASS" starttime="20230717 14:26:56.714" endtime="20230717 14:26:56.719"/>
</if>
<status status="PASS" starttime="20230717 14:26:56.712" endtime="20230717 14:26:56.719"/>
</kw>
<status status="PASS" starttime="20230717 14:26:55.183" endtime="20230717 14:26:56.719"/>
</kw>
<status status="PASS" starttime="20230717 14:26:55.179" endtime="20230717 14:26:56.719"/>
</kw>
<status status="PASS" starttime="20230717 14:26:55.178" endtime="20230717 14:26:56.719"/>
</branch>
<branch type="ELSE">
<kw name="Wait For Process" library="Process">
<var>${result}</var>
<arg>${process}</arg>
<arg>timeout=60</arg>
<doc>Waits for the process to complete or to reach the given timeout.</doc>
<status status="NOT RUN" starttime="20230717 14:26:56.719" endtime="20230717 14:26:56.719"/>
</kw>
<kw name="Check Result">
<arg>${result}</arg>
<status status="NOT RUN" starttime="20230717 14:26:56.719" endtime="20230717 14:26:56.719"/>
</kw>
<status status="NOT RUN" starttime="20230717 14:26:56.719" endtime="20230717 14:26:56.720"/>
</branch>
<status status="PASS" starttime="20230717 14:26:55.178" endtime="20230717 14:26:56.720"/>
</if>
<status status="PASS" starttime="20230717 14:26:55.178" endtime="20230717 14:26:56.720"/>
</branch>
<status status="PASS" starttime="20230717 14:26:55.178" endtime="20230717 14:26:56.720"/>
</if>
<kw name="Set Suite Variable" library="BuiltIn">
<arg>$process</arg>
<arg>None</arg>
<doc>Makes a variable available everywhere within the scope of the current suite.</doc>
<msg timestamp="20230717 14:26:56.720" level="INFO">${process} = None</msg>
<status status="PASS" starttime="20230717 14:26:56.720" endtime="20230717 14:26:56.720"/>
</kw>
<kw name="Sleep" library="BuiltIn">
<arg>0.5</arg>
<doc>Pauses the test executed for the given time.</doc>
<msg timestamp="20230717 14:26:57.236" level="INFO">Slept 500 milliseconds</msg>
<status status="PASS" starttime="20230717 14:26:56.720" endtime="20230717 14:26:57.236"/>
</kw>
<status status="PASS" starttime="20230717 14:26:55.177" endtime="20230717 14:26:57.236"/>
</kw>
<tag>macos-latest</tag>
<tag>ubuntu-latest</tag>
<tag>windows-latest</tag>
<status status="PASS" starttime="20230717 14:26:48.826" endtime="20230717 14:26:57.237"/>
</test>
<test id="s1-s2-t3" name="First Run" line="32">
<kw name="Set Variable" library="BuiltIn">
<var>${testdata}</var>
<arg>Issue-#147</arg>
<doc>Returns the given values which can then be assigned to a variables.</doc>
<msg timestamp="20230717 14:26:57.238" level="INFO">${testdata} = Issue-#147</msg>
<status status="PASS" starttime="20230717 14:26:57.237" endtime="20230717 14:26:57.238"/>
</kw>
<kw name="Set Variable" library="BuiltIn">
<var>${resultdata}</var>
<arg>20230320_185055_demo</arg>
<doc>Returns the given values which can then be assigned to a variables.</doc>
<msg timestamp="20230717 14:26:57.238" level="INFO">${resultdata} = 20230320_185055_demo</msg>
<status status="PASS" starttime="20230717 14:26:57.238" endtime="20230717 14:26:57.238"/>
</kw>
<kw name="Set Variable" library="BuiltIn">
<var>${basefolder}</var>
<arg>/Users/runner/work/rfswarm/rfswarm/Tests/Regression/Reporter${/}testdata${/}${testdata}</arg>
<doc>Returns the given values which can then be assigned to a variables.</doc>
<msg timestamp="20230717 14:26:57.238" level="INFO">${basefolder} = /Users/runner/work/rfswarm/rfswarm/Tests/Regression/Reporter/testdata/Issue-#147</msg>
<status status="PASS" starttime="20230717 14:26:57.238" endtime="20230717 14:26:57.238"/>
</kw>
<kw name="Should Exist" library="OperatingSystem">
<arg>${basefolder}</arg>
<doc>Fails unless the given path (file or directory) exists.</doc>
<msg timestamp="20230717 14:26:57.239" level="INFO" html="true">Path '&lt;a href="file:///Users/runner/work/rfswarm/rfswarm/Tests/Regression/Reporter/testdata/Issue-#147"&gt;/Users/runner/work/rfswarm/rfswarm/Tests/Regression/Reporter/testdata/Issue-#147&lt;/a&gt;' exists.</msg>
<status status="PASS" starttime="20230717 14:26:57.239" endtime="20230717 14:26:57.239"/>
</kw>
<kw name="Log To Console" library="BuiltIn">
<arg>basefolder: ${basefolder}</arg>
<arg>console=True</arg>
<doc>Logs the given message to the console.</doc>
<status status="PASS" starttime="20230717 14:26:57.239" endtime="20230717 14:26:57.240"/>
</kw>
<kw name="Set Variable" library="BuiltIn">
<var>${resultfolder}</var>
<arg>${basefolder}${/}${resultdata}</arg>
<doc>Returns the given values which can then be assigned to a variables.</doc>
<msg timestamp="20230717 14:26:57.240" level="INFO">${resultfolder} = /Users/runner/work/rfswarm/rfswarm/Tests/Regression/Reporter/testdata/Issue-#147/20230320_185055_demo</msg>
<status status="PASS" starttime="20230717 14:26:57.240" endtime="20230717 14:26:57.240"/>
</kw>
<kw name="Should Exist" library="OperatingSystem">
<arg>${resultfolder}</arg>
<doc>Fails unless the given path (file or directory) exists.</doc>
<msg timestamp="20230717 14:26:57.240" level="INFO" html="true">Path '&lt;a href="file:///Users/runner/work/rfswarm/rfswarm/Tests/Regression/Reporter/testdata/Issue-#147/20230320_185055_demo"&gt;/Users/runner/work/rfswarm/rfswarm/Tests/Regression/Reporter/testdata/Issue-#147/20230320_185055_demo&lt;/a&gt;' exists.</msg>
<status status="PASS" starttime="20230717 14:26:57.240" endtime="20230717 14:26:57.241"/>
</kw>
<kw name="Log" library="BuiltIn">
<arg>resultfolder: ${resultfolder}</arg>
<arg>console=True</arg>
<doc>Logs the given message with the given level.</doc>
<msg timestamp="20230717 14:26:57.241" level="INFO">resultfolder: /Users/runner/work/rfswarm/rfswarm/Tests/Regression/Reporter/testdata/Issue-#147/20230320_185055_demo</msg>
<status status="PASS" starttime="20230717 14:26:57.241" endtime="20230717 14:26:57.241"/>
</kw>
<kw name="Get Time" library="BuiltIn">
<var>${epoch}</var>
<arg>epoch</arg>
<doc>Returns the given time in the requested format.</doc>
<msg timestamp="20230717 14:26:57.241" level="INFO">${epoch} = 1689604017</msg>
<status status="PASS" starttime="20230717 14:26:57.241" endtime="20230717 14:26:57.241"/>
</kw>
<kw name="Open GUI">
<arg>-i</arg>
<arg>blank_${epoch}.ini</arg>
<arg>-d</arg>
<arg>${resultfolder}</arg>
<kw name="Get Variables" library="BuiltIn">
<var>${var}</var>
<doc>Returns a dictionary containing all variables in the current scope.</doc>
<msg timestamp="20230717 14:26:57.243" level="INFO">${var} = {'${/}': '/', '${:}': ':', '${\\n}': '\n', '${DEBUG_FILE}': 'NONE', '${EXECDIR}': '/Users/runner/work/rfswarm/rfswarm', '${False}': False, '${IMAGE_DIR}': '/Users/runner/work/rfswarm/rfswarm/Tests/Reg...</msg>
<status status="PASS" starttime="20230717 14:26:57.242" endtime="20230717 14:26:57.243"/>
</kw>
<kw name="Log" library="BuiltIn">
<arg>${var}</arg>
<doc>Logs the given message with the given level.</doc>
[...]
<status status="PASS" starttime="20230717 14:27:21.944" endtime="20230717 14:27:25.431"/>
</kw>
<kw name="Locate" library="ImageHorizonLibrary">
<var>@{coordinates}</var>
<arg>${img}</arg>
<doc>Locate image on screen.</doc>
<msg timestamp="20230717 14:27:25.818" level="INFO">Image "/Users/runner/work/rfswarm/rfswarm/Tests/Regression/Reporter/Images/file_method/reporter_macos_label_showgraphcolours.png" found at Box(left=260, top=176, width=131, height=19)</msg>
<msg timestamp="20230717 14:27:25.818" level="INFO">@{coordinates} = [ 325 | 185 ]</msg>
<status status="PASS" starttime="20230717 14:27:25.431" endtime="20230717 14:27:25.818"/>
</kw>
<kw name="Evaluate" library="BuiltIn">
<var>${x}</var>
<arg>${coordinates}[0]+${offsetx}</arg>
<doc>Evaluates the given expression in Python and returns the result.</doc>
<msg timestamp="20230717 14:27:25.819" level="INFO">${x} = 395</msg>
<status status="PASS" starttime="20230717 14:27:25.819" endtime="20230717 14:27:25.820"/>
</kw>
<kw name="Evaluate" library="BuiltIn">
<var>${y}</var>
<arg>${coordinates}[1]+${offsety}</arg>
<doc>Evaluates the given expression in Python and returns the result.</doc>
<msg timestamp="20230717 14:27:25.820" level="INFO">${y} = 185</msg>
<status status="PASS" starttime="20230717 14:27:25.820" endtime="20230717 14:27:25.820"/>
</kw>
<kw name="Create List" library="BuiltIn">
<var>@{coordinates}</var>
<arg>${x}</arg>
<arg>${y}</arg>
<doc>Returns a list containing given items.</doc>
<msg timestamp="20230717 14:27:25.821" level="INFO">@{coordinates} = [ 395 | 185 ]</msg>
<status status="PASS" starttime="20230717 14:27:25.820" endtime="20230717 14:27:25.821"/>
</kw>
<kw name="Move To" library="ImageHorizonLibrary">
<arg>${coordinates}</arg>
<doc>Moves the mouse pointer to an absolute coordinates.</doc>
<status status="PASS" starttime="20230717 14:27:25.821" endtime="20230717 14:27:26.000"/>
</kw>
<kw name="Click" library="ImageHorizonLibrary">
<doc>Clicks with the specified mouse button.</doc>
<status status="PASS" starttime="20230717 14:27:26.001" endtime="20230717 14:27:26.136"/>
</kw>
<kw name="Sleep" library="BuiltIn">
<arg>${sssleep}</arg>
<doc>Pauses the test executed for the given time.</doc>
<msg timestamp="20230717 14:27:26.638" level="INFO">Slept 500 milliseconds</msg>
<status status="PASS" starttime="20230717 14:27:26.136" endtime="20230717 14:27:26.638"/>
</kw>
<kw name="Take A Screenshot" library="ImageHorizonLibrary">
<doc>Takes a screenshot of the screen.</doc>
<msg timestamp="20230717 14:27:26.638" level="INFO" html="true">Screenshot taken: /Users/runner/work/rfswarm/rfswarm/Tests/Regression/Reporter/Logs/macos-latest_3.11/Reporter.GUIBasic-screenshot-22.png&lt;br/&gt;&lt;img src="/Users/runner/work/rfswarm/rfswarm/Tests/Regression/Reporter/Logs/macos-latest_3.11/Reporter.GUIBasic-screenshot-22.png" width="100%" /&gt;</msg>
<status status="PASS" starttime="20230717 14:27:26.638" endtime="20230717 14:27:26.907"/>
</kw>
<status status="PASS" starttime="20230717 14:27:21.938" endtime="20230717 14:27:26.907"/>
</kw>
<kw name="Select Field With Label">
<arg>DataType</arg>
<kw name="Convert To Lower Case" library="String">
<var>${labell}</var>
<arg>${label}</arg>
<doc>Converts string to lower case.</doc>
<msg timestamp="20230717 14:27:26.909" level="INFO">${labell} = datatype</msg>
<status status="PASS" starttime="20230717 14:27:26.908" endtime="20230717 14:27:26.909"/>
</kw>
<kw name="Set Variable" library="BuiltIn">
<var>${img}</var>
<arg>reporter_${platform}_label_${labell}.png</arg>
<doc>Returns the given values which can then be assigned to a variables.</doc>
<msg timestamp="20230717 14:27:26.909" level="INFO">${img} = reporter_macos_label_datatype.png</msg>
<status status="PASS" starttime="20230717 14:27:26.909" endtime="20230717 14:27:26.909"/>
</kw>
<kw name="Get Image Size">
<var>${imgsize}</var>
<arg>${IMAGE_DIR}${/}${img}</arg>
<kw name="Evaluate" library="BuiltIn">
<var>${img}</var>
<arg>PIL.Image.open(r'${imgfile}')</arg>
<arg>PIL.Image</arg>
<doc>Evaluates the given expression in Python and returns the result.</doc>
<msg timestamp="20230717 14:27:26.910" level="INFO">${img} = &lt;PIL.PngImagePlugin.PngImageFile image mode=RGBA size=136x22 at 0x1229081D0&gt;</msg>
<status status="PASS" starttime="20230717 14:27:26.910" endtime="20230717 14:27:26.910"/>
</kw>
<kw name="Set Variable" library="BuiltIn">
<var>${imgsize}</var>
<arg>${img.size}</arg>
<doc>Returns the given values which can then be assigned to a variables.</doc>
<msg timestamp="20230717 14:27:26.911" level="INFO">${imgsize} = (136, 22)</msg>
<status status="PASS" starttime="20230717 14:27:26.910" endtime="20230717 14:27:26.911"/>
</kw>
<return>
<value>${imgsize}</value>
<status status="PASS" starttime="20230717 14:27:26.911" endtime="20230717 14:27:26.911"/>
</return>
<msg timestamp="20230717 14:27:26.912" level="INFO">${imgsize} = (136, 22)</msg>
<status status="PASS" starttime="20230717 14:27:26.909" endtime="20230717 14:27:26.912"/>
</kw>
<kw name="Log" library="BuiltIn">
<arg>${imgsize}</arg>
<doc>Logs the given message with the given level.</doc>
<msg timestamp="20230717 14:27:26.912" level="INFO">(136, 22)</msg>
<status status="PASS" starttime="20230717 14:27:26.912" endtime="20230717 14:27:26.912"/>
</kw>
<kw name="Evaluate" library="BuiltIn">
<var>${offsetx}</var>
<arg>int(${imgsize}[0]/2)+5</arg>
<doc>Evaluates the given expression in Python and returns the result.</doc>
<msg timestamp="20230717 14:27:26.913" level="INFO">${offsetx} = 73</msg>
<status status="PASS" starttime="20230717 14:27:26.912" endtime="20230717 14:27:26.913"/>
</kw>
<kw name="Log" library="BuiltIn">
<arg>${offsetx}</arg>
<doc>Logs the given message with the given level.</doc>
<msg timestamp="20230717 14:27:26.913" level="INFO">73</msg>
<status status="PASS" starttime="20230717 14:27:26.913" endtime="20230717 14:27:26.913"/>
</kw>
<kw name="Log" library="BuiltIn">
<arg>/Users/runner/work/rfswarm/rfswarm/Tests/Regression/Reporter</arg>
<doc>Logs the given message with the given level.</doc>
<msg timestamp="20230717 14:27:26.913" level="INFO">/Users/runner/work/rfswarm/rfswarm/Tests/Regression/Reporter</msg>
<status status="PASS" starttime="20230717 14:27:26.913" endtime="20230717 14:27:26.913"/>
</kw>
<kw name="Log" library="BuiltIn">
<arg>${IMAGE_DIR}</arg>
<doc>Logs the given message with the given level.</doc>
<msg timestamp="20230717 14:27:26.913" level="INFO">/Users/runner/work/rfswarm/rfswarm/Tests/Regression/Reporter/Images/file_method</msg>
<status status="PASS" starttime="20230717 14:27:26.913" endtime="20230717 14:27:26.913"/>
</kw>
<kw name="Wait For" library="ImageHorizonLibrary">
<arg>${img}</arg>
<arg>timeout=300</arg>
<doc>Tries to locate given image from the screen for given time.</doc>
<msg timestamp="20230717 14:27:27.297" level="INFO">Image "reporter_macos_label_datatype.png" found at (330, 209)</msg>
<status status="PASS" starttime="20230717 14:27:26.914" endtime="20230717 14:27:27.298"/>
</kw>
<kw name="Locate" library="ImageHorizonLibrary">
<var>@{coordinates}</var>
<arg>${img}</arg>
<doc>Locate image on screen.</doc>
<msg timestamp="20230717 14:27:27.693" level="INFO">Image "/Users/runner/work/rfswarm/rfswarm/Tests/Regression/Reporter/Images/file_method/reporter_macos_label_datatype.png" found at Box(left=262, top=198, width=136, height=22)</msg>
<msg timestamp="20230717 14:27:27.693" level="INFO">@{coordinates} = [ 330 | 209 ]</msg>
<status status="PASS" starttime="20230717 14:27:27.298" endtime="20230717 14:27:27.693"/>
</kw>
<kw name="Evaluate" library="BuiltIn">
<var>${x}</var>
<arg>${coordinates}[0]+${offsetx}</arg>
<doc>Evaluates the given expression in Python and returns the result.</doc>
<msg timestamp="20230717 14:27:27.694" level="INFO">${x} = 403</msg>
<status status="PASS" starttime="20230717 14:27:27.694" endtime="20230717 14:27:27.694"/>
</kw>
<kw name="Evaluate" library="BuiltIn">
<var>${y}</var>
<arg>${coordinates}[1]+${offsety}</arg>
<doc>Evaluates the given expression in Python and returns the result.</doc>
<msg timestamp="20230717 14:27:27.695" level="INFO">${y} = 209</msg>
<status status="PASS" starttime="20230717 14:27:27.694" endtime="20230717 14:27:27.695"/>
</kw>
<kw name="Create List" library="BuiltIn">
<var>@{coordinates}</var>
<arg>${x}</arg>
<arg>${y}</arg>
<doc>Returns a list containing given items.</doc>
<msg timestamp="20230717 14:27:27.695" level="INFO">@{coordinates} = [ 403 | 209 ]</msg>
<status status="PASS" starttime="20230717 14:27:27.695" endtime="20230717 14:27:27.695"/>
</kw>
<kw name="Move To" library="ImageHorizonLibrary">
<arg>${coordinates}</arg>
<doc>Moves the mouse pointer to an absolute coordinates.</doc>
<status status="PASS" starttime="20230717 14:27:27.695" endtime="20230717 14:27:27.849"/>
</kw>
<kw name="Click" library="ImageHorizonLibrary">
<doc>Clicks with the specified mouse button.</doc>
<status status="PASS" starttime="20230717 14:27:27.849" endtime="20230717 14:27:27.971"/>
</kw>
<kw name="Sleep" library="BuiltIn">
<arg>${sssleep}</arg>
<doc>Pauses the test executed for the given time.</doc>
<msg timestamp="20230717 14:27:28.501" level="INFO">Slept 500 milliseconds</msg>
<status status="PASS" starttime="20230717 14:27:27.971" endtime="20230717 14:27:28.501"/>
</kw>
<kw name="Take A Screenshot" library="ImageHorizonLibrary">
<doc>Takes a screenshot of the screen.</doc>
<msg timestamp="20230717 14:27:28.501" level="INFO" html="true">Screenshot taken: /Users/runner/work/rfswarm/rfswarm/Tests/Regression/Reporter/Logs/macos-latest_3.11/Reporter.GUIBasic-screenshot-23.png&lt;br/&gt;&lt;img src="/Users/runner/work/rfswarm/rfswarm/Tests/Regression/Reporter/Logs/macos-latest_3.11/Reporter.GUIBasic-screenshot-23.png" width="100%" /&gt;</msg>
<status status="PASS" starttime="20230717 14:27:28.501" endtime="20230717 14:27:28.791"/>
</kw>
<status status="PASS" starttime="20230717 14:27:26.908" endtime="20230717 14:27:28.791"/>
</kw>
<kw name="Select Option">
<arg>Result</arg>
<kw name="Convert To Lower Case" library="String">
<var>${optnamel}</var>
<arg>${optname}</arg>
<doc>Converts string to lower case.</doc>
<msg timestamp="20230717 14:27:28.793" level="INFO">${optnamel} = result</msg>
<status status="PASS" starttime="20230717 14:27:28.793" endtime="20230717 14:27:28.793"/>
</kw>
<kw name="Set Variable" library="BuiltIn">
<var>${img}</var>
<arg>reporter_${platform}_option_${optnamel}.png</arg>
<doc>Returns the given values which can then be assigned to a variables.</doc>
<msg timestamp="20230717 14:27:28.793" level="INFO">${img} = reporter_macos_option_result.png</msg>
<status status="PASS" starttime="20230717 14:27:28.793" endtime="20230717 14:27:28.793"/>
</kw>
<kw name="Log" library="BuiltIn">
<arg>/Users/runner/work/rfswarm/rfswarm/Tests/Regression/Reporter</arg>
<doc>Logs the given message with the given level.</doc>
<msg timestamp="20230717 14:27:28.794" level="INFO">/Users/runner/work/rfswarm/rfswarm/Tests/Regression/Reporter</msg>
<status status="PASS" starttime="20230717 14:27:28.793" endtime="20230717 14:27:28.794"/>
</kw>
<kw name="Log" library="BuiltIn">
<arg>${IMAGE_DIR}</arg>
<doc>Logs the given message with the given level.</doc>
<msg timestamp="20230717 14:27:28.794" level="INFO">/Users/runner/work/rfswarm/rfswarm/Tests/Regression/Reporter/Images/file_method</msg>
<status status="PASS" starttime="20230717 14:27:28.794" endtime="20230717 14:27:28.794"/>
</kw>
<kw name="Wait For" library="ImageHorizonLibrary">
<arg>${img}</arg>
<arg>timeout=300</arg>
<doc>Tries to locate given image from the screen for given time.</doc>
<kw name="Take A Screenshot" library="ImageHorizonLibrary">
<doc>Takes a screenshot of the screen.</doc>
<msg timestamp="20230717 14:32:28.928" level="INFO" html="true">Screenshot taken: /Users/runner/work/rfswarm/rfswarm/Tests/Regression/Reporter/Logs/macos-latest_3.11/Reporter.GUIBasic-screenshot-24.png&lt;br/&gt;&lt;img src="/Users/runner/work/rfswarm/rfswarm/Tests/Regression/Reporter/Logs/macos-latest_3.11/Reporter.GUIBasic-screenshot-24.png" width="100%" /&gt;</msg>
<status status="PASS" starttime="20230717 14:32:28.925" endtime="20230717 14:32:29.211"/>
</kw>
<msg timestamp="20230717 14:32:29.213" level="FAIL">ImageNotFoundException: Reference image "/Users/runner/work/rfswarm/rfswarm/Tests/Regression/Reporter/Images/file_method/reporter_macos_option_result.png" was not found on screen</msg>
<status status="FAIL" starttime="20230717 14:27:28.794" endtime="20230717 14:32:29.217"/>
</kw>
<kw name="Locate" library="ImageHorizonLibrary">
<var>@{coordinates}</var>
<arg>${img}</arg>
<doc>Locate image on screen.</doc>
<status status="NOT RUN" starttime="20230717 14:32:29.217" endtime="20230717 14:32:29.217"/>
</kw>
<kw name="Click Image" library="ImageHorizonLibrary">
<arg>${img}</arg>
<doc>Finds the reference image on screen and clicks it once.</doc>
<status status="NOT RUN" starttime="20230717 14:32:29.218" endtime="20230717 14:32:29.218"/>
</kw>
<kw name="Sleep" library="BuiltIn">
<arg>${sssleep}</arg>
<doc>Pauses the test executed for the given time.</doc>
<status status="NOT RUN" starttime="20230717 14:32:29.218" endtime="20230717 14:32:29.218"/>
</kw>
<kw name="Take A Screenshot" library="ImageHorizonLibrary">
<doc>Takes a screenshot of the screen.</doc>
<status status="NOT RUN" starttime="20230717 14:32:29.218" endtime="20230717 14:32:29.218"/>
</kw>
<status status="FAIL" starttime="20230717 14:27:28.792" endtime="20230717 14:32:29.218"/>
</kw>
<kw name="Select Field With Label">
<arg>ResultType</arg>
<status status="NOT RUN" starttime="20230717 14:32:29.219" endtime="20230717 14:32:29.219"/>
</kw>
<kw name="Select Option">
<arg>ResponseTime</arg>
<status status="NOT RUN" starttime="20230717 14:32:29.219" endtime="20230717 14:32:29.219"/>
</kw>
<kw name="Run Keyword And Continue On Failure" library="BuiltIn">
<arg>Wait For Status</arg>
<arg>PreviewLoaded</arg>
<doc>Runs the keyword and continues execution even if a failure occurs.</doc>
<status status="NOT RUN" starttime="20230717 14:32:29.220" endtime="20230717 14:32:29.220"/>
</kw>
<kw name="Click Button">
<arg>GenerateHTML</arg>
<status status="NOT RUN" starttime="20230717 14:32:29.220" endtime="20230717 14:32:29.220"/>
</kw>
<kw name="Wait For Status">
<arg>SavedXHTMLReport</arg>
<status status="NOT RUN" starttime="20230717 14:32:29.220" endtime="20230717 14:32:29.220"/>
</kw>
<kw name="Close GUI" type="TEARDOWN">
<kw name="Set Variable" library="BuiltIn">
<var>${keyword}</var>
<arg>Close GUI ${platform}</arg>
<doc>Returns the given values which can then be assigned to a variables.</doc>
<msg timestamp="20230717 14:32:29.222" level="INFO">${keyword} = Close GUI macos</msg>
<status status="PASS" starttime="20230717 14:32:29.222" endtime="20230717 14:32:29.222"/>
</kw>
<if>
<branch type="IF" condition="${process}">
<kw name="Is Process Running" library="Process">
<var>${running}</var>
<arg>${process}</arg>
<doc>Checks is the process running or not.</doc>
<msg timestamp="20230717 14:32:29.224" level="INFO">${running} = False</msg>
<status status="PASS" starttime="20230717 14:32:29.223" endtime="20230717 14:32:29.224"/>
</kw>
<if>
<branch type="IF" condition="${running}">
<kw name="Run Keyword" library="BuiltIn">
<arg>${keyword}</arg>
<doc>Executes the given keyword with the given arguments.</doc>
<status status="NOT RUN" starttime="20230717 14:32:29.224" endtime="20230717 14:32:29.224"/>
</kw>
<status status="NOT RUN" starttime="20230717 14:32:29.224" endtime="20230717 14:32:29.224"/>
</branch>
<branch type="ELSE">
<kw name="Wait For Process" library="Process">
<var>${result}</var>
<arg>${process}</arg>
<arg>timeout=60</arg>
<doc>Waits for the process to complete or to reach the given timeout.</doc>
<msg timestamp="20230717 14:32:29.225" level="INFO">Waiting for process to complete.</msg>
<msg timestamp="20230717 14:32:29.225" level="INFO">Process completed.</msg>
<msg timestamp="20230717 14:32:29.225" level="INFO">${result} = &lt;result object with rc -6&gt;</msg>
<status status="PASS" starttime="20230717 14:32:29.224" endtime="20230717 14:32:29.225"/>
</kw>
<kw name="Check Result">
<arg>${result}</arg>
<kw name="Log" library="BuiltIn">
<arg>${result.stderr}</arg>
<doc>Logs the given message with the given level.</doc>
<msg timestamp="20230717 14:32:29.227" level="INFO">objc[1914]: Invalid or prematurely-freed autorelease pool 0x7fb4dbc1fdb0.</msg>
<status status="PASS" starttime="20230717 14:32:29.226" endtime="20230717 14:32:29.227"/>
</kw>
<kw name="Should Not Contain" library="BuiltIn">
<arg>${result.stderr}</arg>
<arg>Traceback</arg>
<doc>Fails if ``container`` contains ``item`` one or more times.</doc>
<status status="PASS" starttime="20230717 14:32:29.227" endtime="20230717 14:32:29.228"/>
</kw>
<kw name="Should Be Equal As Integers" library="BuiltIn">
<arg>${result.rc}</arg>
<arg>0</arg>
<doc>Fails if objects are unequal after converting them to integers.</doc>
<msg timestamp="20230717 14:32:29.229" level="INFO">Argument types are:
&lt;class 'int'&gt;
&lt;class 'str'&gt;</msg>
<msg timestamp="20230717 14:32:29.229" level="FAIL">-6 != 0</msg>
<status status="FAIL" starttime="20230717 14:32:29.228" endtime="20230717 14:32:29.229"/>
</kw>
<status status="FAIL" starttime="20230717 14:32:29.225" endtime="20230717 14:32:29.229"/>
</kw>
<status status="FAIL" starttime="20230717 14:32:29.224" endtime="20230717 14:32:29.229"/>
</branch>
<status status="FAIL" starttime="20230717 14:32:29.224" endtime="20230717 14:32:29.229"/>
</if>
<status status="FAIL" starttime="20230717 14:32:29.223" endtime="20230717 14:32:29.230"/>
</branch>
<status status="FAIL" starttime="20230717 14:32:29.223" endtime="20230717 14:32:29.230"/>
</if>
<kw name="Set Suite Variable" library="BuiltIn">
<arg>$process</arg>
<arg>None</arg>
<doc>Makes a variable available everywhere within the scope of the current suite.</doc>
<msg timestamp="20230717 14:32:29.230" level="INFO">${process} = None</msg>
<status status="PASS" starttime="20230717 14:32:29.230" endtime="20230717 14:32:29.230"/>
</kw>
<kw name="Sleep" library="BuiltIn">
<arg>0.5</arg>
<doc>Pauses the test executed for the given time.</doc>
<msg timestamp="20230717 14:32:29.779" level="INFO">Slept 500 milliseconds</msg>
<status status="PASS" starttime="20230717 14:32:29.230" endtime="20230717 14:32:29.779"/>
</kw>
<status status="FAIL" starttime="20230717 14:32:29.221" endtime="20230717 14:32:29.779">-6 != 0</status>
</kw>
<tag>Issue #149</tag>
<tag>Issue #150</tag>
<tag>macos-latest</tag>
<tag>ubuntu-latest</tag>
<tag>windows-latest</tag>
<status status="FAIL" starttime="20230717 14:27:03.374" endtime="20230717 14:32:29.779">ImageNotFoundException: Reference image "/Users/runner/work/rfswarm/rfswarm/Tests/Regression/Reporter/Images/file_method/reporter_macos_option_result.png" was not found on screen

Also teardown failed:
-6 != 0</status>
</test>
<status status="FAIL" starttime="20230717 14:26:37.080" endtime="20230717 14:32:29.781"/>
</suite>
<status status="FAIL" starttime="20230717 14:26:09.760" endtime="20230717 14:32:29.783"/>
</suite>
<statistics>
<total>
<stat pass="8" fail="1" skip="0">All Tests</stat>
</total>
<tag>
<stat pass="1" fail="0" skip="0">DOCX</stat>
<stat pass="1" fail="0" skip="0">HTML</stat>
<stat pass="3" fail="0" skip="0">Issue #144</stat>
<stat pass="1" fail="0" skip="0">Issue #147</stat>
<stat pass="0" fail="1" skip="0">Issue #149</stat>
<stat pass="0" fail="1" skip="0">Issue #150</stat>
<stat pass="8" fail="1" skip="0">macos-latest</stat>
<stat pass="8" fail="1" skip="0">ubuntu-latest</stat>
<stat pass="8" fail="1" skip="0">windows-latest</stat>
<stat pass="1" fail="0" skip="0">XLSX</stat>
</tag>
<suite>
<stat pass="8" fail="1" skip="0" id="s1" name="Reporter">Reporter</stat>
<stat pass="5" fail="0" skip="0" id="s1-s1" name="CommandLine">Reporter.CommandLine</stat>
<stat pass="3" fail="1" skip="0" id="s1-s2" name="GUI Basic">Reporter.GUI Basic</stat>
</suite>
</statistics>
<errors>
</errors>
</robot>
