<?xml version="1.0" encoding="UTF-8"?>
<robot generator="Robot 6.0.2 (Python 3.11.3 on darwin)" generated="20230602 10:47:36.175" rpa="false" schemaversion="3">
<suite id="s1" name="Reporter" source="/Users/runner/work/rfswarm/rfswarm/Tests/Regression/Reporter">
<suite id="s1-s1" name="CommandLine" source="/Users/runner/work/rfswarm/rfswarm/Tests/Regression/Reporter/CommandLine.robot">
<kw name="Clean Up Old Files" type="SETUP">
<tag>macos-latest</tag>
<tag>ubuntu-latest</tag>
<tag>windows-latest</tag>
<kw name="Log To Console" library="BuiltIn">
<arg>${OUTPUT DIR}</arg>
<doc>Logs the given message to the console.</doc>
<status status="PASS" starttime="20230602 10:47:36.217" endtime="20230602 10:47:36.217"/>
</kw>
<kw name="Remove File" library="OperatingSystem">
<arg>${OUTPUT DIR}${/}*.txt</arg>
<doc>Removes a file with the given path.</doc>
<msg timestamp="20230602 10:47:36.218" level="INFO" html="true">Removed file '&lt;a href="file:///Users/runner/work/rfswarm/rfswarm/Tests/Regression/Reporter/Logs/macos-latest_3.11/stdout.txt"&gt;/Users/runner/work/rfswarm/rfswarm/Tests/Regression/Reporter/Logs/macos-latest_3.11/stdout.txt&lt;/a&gt;'.</msg>
<msg timestamp="20230602 10:47:36.218" level="INFO" html="true">Removed file '&lt;a href="file:///Users/runner/work/rfswarm/rfswarm/Tests/Regression/Reporter/Logs/macos-latest_3.11/stderr.txt"&gt;/Users/runner/work/rfswarm/rfswarm/Tests/Regression/Reporter/Logs/macos-latest_3.11/stderr.txt&lt;/a&gt;'.</msg>
<status status="PASS" starttime="20230602 10:47:36.217" endtime="20230602 10:47:36.218"/>
</kw>
<kw name="Remove File" library="OperatingSystem">
<arg>${OUTPUT DIR}${/}*.png</arg>
<doc>Removes a file with the given path.</doc>
<msg timestamp="20230602 10:47:36.219" level="INFO" html="true">Removed file '&lt;a href="file:///Users/runner/work/rfswarm/rfswarm/Tests/Regression/Reporter/Logs/macos-latest_3.11/Reporter.GUIBasic-screenshot-8.png"&gt;/Users/runner/work/rfswarm/rfswarm/Tests/Regression/Reporter/Logs/macos-latest_3.11/Reporter.GUIBasic-screenshot-8.png&lt;/a&gt;'.</msg>
<msg timestamp="20230602 10:47:36.219" level="INFO" html="true">Removed file '&lt;a href="file:///Users/runner/work/rfswarm/rfswarm/Tests/Regression/Reporter/Logs/macos-latest_3.11/Reporter.GUIBasic-screenshot-9.png"&gt;/Users/runner/work/rfswarm/rfswarm/Tests/Regression/Reporter/Logs/macos-latest_3.11/Reporter.GUIBasic-screenshot-9.png&lt;/a&gt;'.</msg>
<msg timestamp="20230602 10:47:36.221" level="INFO" html="true">Removed file '&lt;a href="file:///Users/runner/work/rfswarm/rfswarm/Tests/Regression/Reporter/Logs/macos-latest_3.11/Reporter.GUIBasic-screenshot-18.png"&gt;/Users/runner/work/rfswarm/rfswarm/Tests/Regression/Reporter/Logs/macos-latest_3.11/Reporter.GUIBasic-screenshot-18.png&lt;/a&gt;'.</msg>
<msg timestamp="20230602 10:47:36.221" level="INFO" html="true">Removed file '&lt;a href="file:///Users/runner/work/rfswarm/rfswarm/Tests/Regression/Reporter/Logs/macos-latest_3.11/Reporter.GUIBasic-screenshot-19.png"&gt;/Users/runner/work/rfswarm/rfswarm/Tests/Regression/Reporter/Logs/macos-latest_3.11/Reporter.GUIBasic-screenshot-19.png&lt;/a&gt;'.</msg>
<msg timestamp="20230602 10:47:36.221" level="INFO" html="true">Removed file '&lt;a href="file:///Users/runner/work/rfswarm/rfswarm/Tests/Regression/Reporter/Logs/macos-latest_3.11/Reporter.GUIBasic-screenshot-12.png"&gt;/Users/runner/work/rfswarm/rfswarm/Tests/Regression/Reporter/Logs/macos-latest_3.11/Reporter.GUIBasic-screenshot-12.png&lt;/a&gt;'.</msg>
<msg timestamp="20230602 10:47:36.221" level="INFO" html="true">Removed file '&lt;a href="file:///Users/runner/work/rfswarm/rfswarm/Tests/Regression/Reporter/Logs/macos-latest_3.11/Reporter.GUIBasic-screenshot-1.png"&gt;/Users/runner/work/rfswarm/rfswarm/Tests/Regression/Reporter/Logs/macos-latest_3.11/Reporter.GUIBasic-screenshot-1.png&lt;/a&gt;'.</msg>
<msg timestamp="20230602 10:47:36.222" level="INFO" html="true">Removed file '&lt;a href="file:///Users/runner/work/rfswarm/rfswarm/Tests/Regression/Reporter/Logs/macos-latest_3.11/Reporter.GUIBasic-screenshot-13.png"&gt;/Users/runner/work/rfswarm/rfswarm/Tests/Regression/Reporter/Logs/macos-latest_3.11/Reporter.GUIBasic-screenshot-13.png&lt;/a&gt;'.</msg>
<msg timestamp="20230602 10:47:36.222" level="INFO" html="true">Removed file '&lt;a href="file:///Users/runner/work/rfswarm/rfswarm/Tests/Regression/Reporter/Logs/macos-latest_3.11/Reporter.GUIBasic-screenshot-11.png"&gt;/Users/runner/work/rfswarm/rfswarm/Tests/Regression/Reporter/Logs/macos-latest_3.11/Reporter.GUIBasic-screenshot-11.png&lt;/a&gt;'.</msg>
<msg timestamp="20230602 10:47:36.222" level="INFO" html="true">Removed file '&lt;a href="file:///Users/runner/work/rfswarm/rfswarm/Tests/Regression/Reporter/Logs/macos-latest_3.11/Reporter.GUIBasic-screenshot-2.png"&gt;/Users/runner/work/rfswarm/rfswarm/Tests/Regression/Reporter/Logs/macos-latest_3.11/Reporter.GUIBasic-screenshot-2.png&lt;/a&gt;'.</msg>
<msg timestamp="20230602 10:47:36.222" level="INFO" html="true">Removed file '&lt;a href="file:///Users/runner/work/rfswarm/rfswarm/Tests/Regression/Reporter/Logs/macos-latest_3.11/Reporter.GUIBasic-screenshot-3.png"&gt;/Users/runner/work/rfswarm/rfswarm/Tests/Regression/Reporter/Logs/macos-latest_3.11/Reporter.GUIBasic-screenshot-3.png&lt;/a&gt;'.</msg>
<msg timestamp="20230602 10:47:36.222" level="INFO" html="true">Removed file '&lt;a href="file:///Users/runner/work/rfswarm/rfswarm/Tests/Regression/Reporter/Logs/macos-latest_3.11/Reporter.GUIBasic-screenshot-10.png"&gt;/Users/runner/work/rfswarm/rfswarm/Tests/Regression/Reporter/Logs/macos-latest_3.11/Reporter.GUIBasic-screenshot-10.png&lt;/a&gt;'.</msg>
<msg timestamp="20230602 10:47:36.223" level="INFO" html="true">Removed file '&lt;a href="file:///Users/runner/work/rfswarm/rfswarm/Tests/Regression/Reporter/Logs/macos-latest_3.11/Reporter.GUIBasic-screenshot-14.png"&gt;/Users/runner/work/rfswarm/rfswarm/Tests/Regression/Reporter/Logs/macos-latest_3.11/Reporter.GUIBasic-screenshot-14.png&lt;/a&gt;'.</msg>
<msg timestamp="20230602 10:47:36.223" level="INFO" html="true">Removed file '&lt;a href="file:///Users/runner/work/rfswarm/rfswarm/Tests/Regression/Reporter/Logs/macos-latest_3.11/Reporter.GUIBasic-screenshot-7.png"&gt;/Users/runner/work/rfswarm/rfswarm/Tests/Regression/Reporter/Logs/macos-latest_3.11/Reporter.GUIBasic-screenshot-7.png&lt;/a&gt;'.</msg>
<msg timestamp="20230602 10:47:36.223" level="INFO" html="true">Removed file '&lt;a href="file:///Users/runner/work/rfswarm/rfswarm/Tests/Regression/Reporter/Logs/macos-latest_3.11/Reporter.GUIBasic-screenshot-6.png"&gt;/Users/runner/work/rfswarm/rfswarm/Tests/Regression/Reporter/Logs/macos-latest_3.11/Reporter.GUIBasic-screenshot-6.png&lt;/a&gt;'.</msg>
<msg timestamp="20230602 10:47:36.223" level="INFO" html="true">Removed file '&lt;a href="file:///Users/runner/work/rfswarm/rfswarm/Tests/Regression/Reporter/Logs/macos-latest_3.11/Reporter.GUIBasic-screenshot-15.png"&gt;/Users/runner/work/rfswarm/rfswarm/Tests/Regression/Reporter/Logs/macos-latest_3.11/Reporter.GUIBasic-screenshot-15.png&lt;/a&gt;'.</msg>
<msg timestamp="20230602 10:47:36.223" level="INFO" html="true">Removed file '&lt;a href="file:///Users/runner/work/rfswarm/rfswarm/Tests/Regression/Reporter/Logs/macos-latest_3.11/Reporter.GUIBasic-screenshot-17.png"&gt;/Users/runner/work/rfswarm/rfswarm/Tests/Regression/Reporter/Logs/macos-latest_3.11/Reporter.GUIBasic-screenshot-17.png&lt;/a&gt;'.</msg>
<msg timestamp="20230602 10:47:36.224" level="INFO" html="true">Removed file '&lt;a href="file:///Users/runner/work/rfswarm/rfswarm/Tests/Regression/Reporter/Logs/macos-latest_3.11/Reporter.GUIBasic-screenshot-4.png"&gt;/Users/runner/work/rfswarm/rfswarm/Tests/Regression/Reporter/Logs/macos-latest_3.11/Reporter.GUIBasic-screenshot-4.png&lt;/a&gt;'.</msg>
<msg timestamp="20230602 10:47:36.224" level="INFO" html="true">Removed file '&lt;a href="file:///Users/runner/work/rfswarm/rfswarm/Tests/Regression/Reporter/Logs/macos-latest_3.11/Reporter.GUIBasic-screenshot-5.png"&gt;/Users/runner/work/rfswarm/rfswarm/Tests/Regression/Reporter/Logs/macos-latest_3.11/Reporter.GUIBasic-screenshot-5.png&lt;/a&gt;'.</msg>
<msg timestamp="20230602 10:47:36.224" level="INFO" html="true">Removed file '&lt;a href="file:///Users/runner/work/rfswarm/rfswarm/Tests/Regression/Reporter/Logs/macos-latest_3.11/Reporter.GUIBasic-screenshot-16.png"&gt;/Users/runner/work/rfswarm/rfswarm/Tests/Regression/Reporter/Logs/macos-latest_3.11/Reporter.GUIBasic-screenshot-16.png&lt;/a&gt;'.</msg>
<status status="PASS" starttime="20230602 10:47:36.218" endtime="20230602 10:47:36.224"/>
</kw>
<status status="PASS" starttime="20230602 10:47:36.216" endtime="20230602 10:47:36.224"/>
</kw>
<test id="s1-s1-t1" name="Reporter Version" line="16">
<kw name="Run" library="OperatingSystem">
<var>${result}</var>
<arg>python3 ${EXECDIR}${/}rfswarm_reporter${/}rfswarm_reporter.py -v</arg>
<doc>Runs the given command in the system and returns the output.</doc>
<msg timestamp="20230602 10:47:36.229" level="INFO">Running command 'python3 /Users/runner/work/rfswarm/rfswarm/rfswarm_reporter/rfswarm_reporter.py -v 2&gt;&amp;1'.</msg>
<msg timestamp="20230602 10:47:46.716" level="INFO">${result} = Robot Framework Swarm: Reporter 
	Version 1.1.3 </msg>
<status status="PASS" starttime="20230602 10:47:36.225" endtime="20230602 10:47:46.716"/>
</kw>
<kw name="Log To Console" library="BuiltIn">
<arg>${\n}${result}</arg>
<doc>Logs the given message to the console.</doc>
<status status="PASS" starttime="20230602 10:47:46.717" endtime="20230602 10:47:46.717"/>
</kw>
<kw name="Should Contain" library="BuiltIn">
<arg>${result}</arg>
<arg>Version</arg>
<doc>Fails if ``container`` does not contain ``item`` one or more times.</doc>
<status status="PASS" starttime="20230602 10:47:46.718" endtime="20230602 10:47:46.718"/>
</kw>
<kw name="Should Contain" library="BuiltIn">
<arg>${result}</arg>
<arg>Reporter</arg>
<doc>Fails if ``container`` does not contain ``item`` one or more times.</doc>
<status status="PASS" starttime="20230602 10:47:46.718" endtime="20230602 10:47:46.718"/>
</kw>
<tag>macos-latest</tag>
<tag>ubuntu-latest</tag>
<tag>windows-latest</tag>
<status status="PASS" starttime="20230602 10:47:36.225" endtime="20230602 10:47:46.718"/>
</test>
<test id="s1-s1-t2" name="Reporter Help" line="23">
<kw name="Run" library="OperatingSystem">
<var>${result}</var>
<arg>python3 ${EXECDIR}${/}rfswarm_reporter${/}rfswarm_reporter.py -h</arg>
<doc>Runs the given command in the system and returns the output.</doc>
<msg timestamp="20230602 10:47:46.722" level="INFO">Running command 'python3 /Users/runner/work/rfswarm/rfswarm/rfswarm_reporter/rfswarm_reporter.py -h 2&gt;&amp;1'.</msg>
<msg timestamp="20230602 10:47:47.747" level="INFO">${result} = Robot Framework Swarm: Reporter 
	Version 1.1.3 
usage: rfswarm_reporter.py [-h] [-g DEBUG] [-v] [-i INI] [-n] [-d DIR]
                           [-t TEMPLATE] [--html] [--docx] [--xlsx]

options:
  ...</msg>
<status status="PASS" starttime="20230602 10:47:46.719" endtime="20230602 10:47:47.747"/>
</kw>
<kw name="Log To Console" library="BuiltIn">
<arg>${\n}${result}</arg>
<doc>Logs the given message to the console.</doc>
<status status="PASS" starttime="20230602 10:47:47.747" endtime="20230602 10:47:47.748"/>
</kw>
<kw name="Should Contain" library="BuiltIn">
<arg>${result}</arg>
<arg>Excel</arg>
<doc>Fails if ``container`` does not contain ``item`` one or more times.</doc>
<status status="PASS" starttime="20230602 10:47:47.748" endtime="20230602 10:47:47.748"/>
</kw>
<tag>macos-latest</tag>
<tag>ubuntu-latest</tag>
<tag>windows-latest</tag>
<status status="PASS" starttime="20230602 10:47:46.719" endtime="20230602 10:47:47.749"/>
</test>
<test id="s1-s1-t3" name="Command Line Generate HTML" line="29">
<kw name="Set Variable" library="BuiltIn">
<var>${testdata}</var>
<arg>Issue-#144</arg>
<doc>Returns the given values which can then be assigned to a variables.</doc>
<msg timestamp="20230602 10:47:47.750" level="INFO">${testdata} = Issue-#144</msg>
<status status="PASS" starttime="20230602 10:47:47.750" endtime="20230602 10:47:47.750"/>
</kw>
<kw name="Set Variable" library="BuiltIn">
<var>${resultdata}</var>
<arg>20230320_185055_demo</arg>
<doc>Returns the given values which can then be assigned to a variables.</doc>
<msg timestamp="20230602 10:47:47.750" level="INFO">${resultdata} = 20230320_185055_demo</msg>
<status status="PASS" starttime="20230602 10:47:47.750" endtime="20230602 10:47:47.750"/>
</kw>
<kw name="Set Variable" library="BuiltIn">
<var>${basefolder}</var>
<arg>/Users/runner/work/rfswarm/rfswarm/Tests/Regression/Reporter${/}testdata${/}${testdata}</arg>
<doc>Returns the given values which can then be assigned to a variables.</doc>
<msg timestamp="20230602 10:47:47.750" level="INFO">${basefolder} = /Users/runner/work/rfswarm/rfswarm/Tests/Regression/Reporter/testdata/Issue-#144</msg>
<status status="PASS" starttime="20230602 10:47:47.750" endtime="20230602 10:47:47.751"/>
</kw>
<kw name="Should Exist" library="OperatingSystem">
<arg>${basefolder}</arg>
<doc>Fails unless the given path (file or directory) exists.</doc>
<msg timestamp="20230602 10:47:47.751" level="INFO" html="true">Path '&lt;a href="file:///Users/runner/work/rfswarm/rfswarm/Tests/Regression/Reporter/testdata/Issue-#144"&gt;/Users/runner/work/rfswarm/rfswarm/Tests/Regression/Reporter/testdata/Issue-#144&lt;/a&gt;' exists.</msg>
<status status="PASS" starttime="20230602 10:47:47.751" endtime="20230602 10:47:47.751"/>
</kw>
<kw name="Log" library="BuiltIn">
<arg>basefolder: ${basefolder}</arg>
<arg>console=True</arg>
<doc>Logs the given message with the given level.</doc>
<msg timestamp="20230602 10:47:47.752" level="INFO">basefolder: /Users/runner/work/rfswarm/rfswarm/Tests/Regression/Reporter/testdata/Issue-#144</msg>
<status status="PASS" starttime="20230602 10:47:47.751" endtime="20230602 10:47:47.752"/>
</kw>
<kw name="Set Variable" library="BuiltIn">
<var>${resultfolder}</var>
<arg>${basefolder}${/}${resultdata}</arg>
<doc>Returns the given values which can then be assigned to a variables.</doc>
<msg timestamp="20230602 10:47:47.752" level="INFO">${resultfolder} = /Users/runner/work/rfswarm/rfswarm/Tests/Regression/Reporter/testdata/Issue-#144/20230320_185055_demo</msg>
<status status="PASS" starttime="20230602 10:47:47.752" endtime="20230602 10:47:47.752"/>
</kw>
<kw name="Should Exist" library="OperatingSystem">
<arg>${resultfolder}</arg>
<doc>Fails unless the given path (file or directory) exists.</doc>
<msg timestamp="20230602 10:47:47.752" level="INFO" html="true">Path '&lt;a href="file:///Users/runner/work/rfswarm/rfswarm/Tests/Regression/Reporter/testdata/Issue-#144/20230320_185055_demo"&gt;/Users/runner/work/rfswarm/rfswarm/Tests/Regression/Reporter/testdata/Issue-#144/20230320_185055_demo&lt;/a&gt;' exists.</msg>
<status status="PASS" starttime="20230602 10:47:47.752" endtime="20230602 10:47:47.752"/>
</kw>
<kw name="Log" library="BuiltIn">
<arg>resultfolder: ${resultfolder}</arg>
<arg>console=True</arg>
<doc>Logs the given message with the given level.</doc>
<msg timestamp="20230602 10:47:47.753" level="INFO">resultfolder: /Users/runner/work/rfswarm/rfswarm/Tests/Regression/Reporter/testdata/Issue-#144/20230320_185055_demo</msg>
<status status="PASS" starttime="20230602 10:47:47.753" endtime="20230602 10:47:47.753"/>
</kw>
<kw name="Set Variable" library="BuiltIn">
<var>${template}</var>
<arg>${basefolder}${/}90%ileTemplate.template</arg>
<doc>Returns the given values which can then be assigned to a variables.</doc>
<msg timestamp="20230602 10:47:47.753" level="INFO">${template} = /Users/runner/work/rfswarm/rfswarm/Tests/Regression/Reporter/testdata/Issue-#144/90%ileTemplate.template</msg>
<status status="PASS" starttime="20230602 10:47:47.753" endtime="20230602 10:47:47.753"/>
</kw>
<kw name="Should Exist" library="OperatingSystem">
<arg>${template}</arg>
<doc>Fails unless the given path (file or directory) exists.</doc>
<msg timestamp="20230602 10:47:47.753" level="INFO" html="true">Path '&lt;a href="file:///Users/runner/work/rfswarm/rfswarm/Tests/Regression/Reporter/testdata/Issue-#144/90%ileTemplate.template"&gt;/Users/runner/work/rfswarm/rfswarm/Tests/Regression/Reporter/testdata/Issue-#144/90%ileTemplate.template&lt;/a&gt;' exists.</msg>
<status status="PASS" starttime="20230602 10:47:47.753" endtime="20230602 10:47:47.754"/>
</kw>
<kw name="Log" library="BuiltIn">
<arg>template: ${template}</arg>
<arg>console=True</arg>
<doc>Logs the given message with the given level.</doc>
<msg timestamp="20230602 10:47:47.754" level="INFO">template: /Users/runner/work/rfswarm/rfswarm/Tests/Regression/Reporter/testdata/Issue-#144/90%ileTemplate.template</msg>
<status status="PASS" starttime="20230602 10:47:47.754" endtime="20230602 10:47:47.754"/>
</kw>
<kw name="Run" library="OperatingSystem">
<var>${result}</var>
<arg>python3 ${pyfile} -n -g 1 -d ${resultfolder} -t ${template} --html</arg>
<doc>Runs the given command in the system and returns the output.</doc>
<msg timestamp="20230602 10:47:47.757" level="INFO">Running command 'python3 /Users/runner/work/rfswarm/rfswarm/rfswarm_reporter/rfswarm_reporter.py -n -g 1 -d /Users/runner/work/rfswarm/rfswarm/Tests/Regression/Reporter/testdata/Issue-#144/20230320_185055_demo -t /Users/runner/work/rfswarm/rfswarm/Tests/Regression/Reporter/testdata/Issue-#144/90%ileTemplate.template --html 2&gt;&amp;1'.</msg>
<msg timestamp="20230602 10:47:54.035" level="INFO">${result} = </msg>
<status status="PASS" starttime="20230602 10:47:47.754" endtime="20230602 10:47:54.035"/>
</kw>
<kw name="Log" library="BuiltIn">
<arg>result: ${\n}${result}</arg>
<arg>console=True</arg>
<doc>Logs the given message with the given level.</doc>
<msg timestamp="20230602 10:47:54.036" level="INFO">result: 
</msg>
<status status="PASS" starttime="20230602 10:47:54.035" endtime="20230602 10:47:54.036"/>
</kw>
<kw name="Should Not Contain" library="BuiltIn">
<arg>${result}</arg>
<arg>Traceback</arg>
<doc>Fails if ``container`` contains ``item`` one or more times.</doc>
<status status="PASS" starttime="20230602 10:47:54.036" endtime="20230602 10:47:54.036"/>
</kw>
<kw name="Should Exist" library="OperatingSystem">
<arg>${resultfolder}${/}${resultdata}.html</arg>
<doc>Fails unless the given path (file or directory) exists.</doc>
<msg timestamp="20230602 10:47:54.037" level="INFO" html="true">Path '&lt;a href="file:///Users/runner/work/rfswarm/rfswarm/Tests/Regression/Reporter/testdata/Issue-#144/20230320_185055_demo/20230320_185055_demo.html"&gt;/Users/runner/work/rfswarm/rfswarm/Tests/Regression/Reporter/testdata/Issue-#144/20230320_185055_demo/20230320_185055_demo.html&lt;/a&gt;' exists.</msg>
<status status="PASS" starttime="20230602 10:47:54.036" endtime="20230602 10:47:54.037"/>
</kw>
<tag>HTML</tag>
<tag>Issue #144</tag>
<tag>macos-latest</tag>
<tag>ubuntu-latest</tag>
<tag>windows-latest</tag>
<status status="PASS" starttime="20230602 10:47:47.749" endtime="20230602 10:47:54.037"/>
</test>
<test id="s1-s1-t4" name="Command Line Generate Docx" line="47">
<kw name="Set Variable" library="BuiltIn">
<var>${testdata}</var>
<arg>Issue-#144</arg>
<doc>Returns the given values which can then be assigned to a variables.</doc>
<msg timestamp="20230602 10:47:54.038" level="INFO">${testdata} = Issue-#144</msg>
<status status="PASS" starttime="20230602 10:47:54.038" endtime="20230602 10:47:54.038"/>
</kw>
<kw name="Set Variable" library="BuiltIn">
<var>${resultdata}</var>
<arg>20230320_185055_demo</arg>
<doc>Returns the given values which can then be assigned to a variables.</doc>
<msg timestamp="20230602 10:47:54.038" level="INFO">${resultdata} = 20230320_185055_demo</msg>
<status status="PASS" starttime="20230602 10:47:54.038" endtime="20230602 10:47:54.038"/>
</kw>
<kw name="Set Variable" library="BuiltIn">
<var>${basefolder}</var>
<arg>/Users/runner/work/rfswarm/rfswarm/Tests/Regression/Reporter${/}testdata${/}${testdata}</arg>
<doc>Returns the given values which can then be assigned to a variables.</doc>
<msg timestamp="20230602 10:47:54.039" level="INFO">${basefolder} = /Users/runner/work/rfswarm/rfswarm/Tests/Regression/Reporter/testdata/Issue-#144</msg>
<status status="PASS" starttime="20230602 10:47:54.038" endtime="20230602 10:47:54.039"/>
</kw>
<kw name="Should Exist" library="OperatingSystem">
<arg>${basefolder}</arg>
<doc>Fails unless the given path (file or directory) exists.</doc>
<msg timestamp="20230602 10:47:54.039" level="INFO" html="true">Path '&lt;a href="file:///Users/runner/work/rfswarm/rfswarm/Tests/Regression/Reporter/testdata/Issue-#144"&gt;/Users/runner/work/rfswarm/rfswarm/Tests/Regression/Reporter/testdata/Issue-#144&lt;/a&gt;' exists.</msg>
<status status="PASS" starttime="20230602 10:47:54.039" endtime="20230602 10:47:54.039"/>
</kw>
<kw name="Log To Console" library="BuiltIn">
<arg>basefolder: ${basefolder}</arg>
<arg>console=True</arg>
<doc>Logs the given message to the console.</doc>
<status status="PASS" starttime="20230602 10:47:54.039" endtime="20230602 10:47:54.040"/>
</kw>
<kw name="Set Variable" library="BuiltIn">
<var>${resultfolder}</var>
<arg>${basefolder}${/}${resultdata}</arg>
<doc>Returns the given values which can then be assigned to a variables.</doc>
<msg timestamp="20230602 10:47:54.040" level="INFO">${resultfolder} = /Users/runner/work/rfswarm/rfswarm/Tests/Regression/Reporter/testdata/Issue-#144/20230320_185055_demo</msg>
<status status="PASS" starttime="20230602 10:47:54.040" endtime="20230602 10:47:54.040"/>
</kw>
<kw name="Should Exist" library="OperatingSystem">
<arg>${resultfolder}</arg>
<doc>Fails unless the given path (file or directory) exists.</doc>
<msg timestamp="20230602 10:47:54.040" level="INFO" html="true">Path '&lt;a href="file:///Users/runner/work/rfswarm/rfswarm/Tests/Regression/Reporter/testdata/Issue-#144/20230320_185055_demo"&gt;/Users/runner/work/rfswarm/rfswarm/Tests/Regression/Reporter/testdata/Issue-#144/20230320_185055_demo&lt;/a&gt;' exists.</msg>
<status status="PASS" starttime="20230602 10:47:54.040" endtime="20230602 10:47:54.040"/>
</kw>
<kw name="Log" library="BuiltIn">
<arg>resultfolder: ${resultfolder}</arg>
<arg>console=True</arg>
<doc>Logs the given message with the given level.</doc>
<msg timestamp="20230602 10:47:54.041" level="INFO">resultfolder: /Users/runner/work/rfswarm/rfswarm/Tests/Regression/Reporter/testdata/Issue-#144/20230320_185055_demo</msg>
<status status="PASS" starttime="20230602 10:47:54.040" endtime="20230602 10:47:54.041"/>
</kw>
<kw name="Set Variable" library="BuiltIn">
<var>${template}</var>
<arg>${basefolder}${/}90%ileTemplate.template</arg>
<doc>Returns the given values which can then be assigned to a variables.</doc>
<msg timestamp="20230602 10:47:54.041" level="INFO">${template} = /Users/runner/work/rfswarm/rfswarm/Tests/Regression/Reporter/testdata/Issue-#144/90%ileTemplate.template</msg>
<status status="PASS" starttime="20230602 10:47:54.041" endtime="20230602 10:47:54.041"/>
</kw>
<kw name="Should Exist" library="OperatingSystem">
<arg>${template}</arg>
<doc>Fails unless the given path (file or directory) exists.</doc>
<msg timestamp="20230602 10:47:54.041" level="INFO" html="true">Path '&lt;a href="file:///Users/runner/work/rfswarm/rfswarm/Tests/Regression/Reporter/testdata/Issue-#144/90%ileTemplate.template"&gt;/Users/runner/work/rfswarm/rfswarm/Tests/Regression/Reporter/testdata/Issue-#144/90%ileTemplate.template&lt;/a&gt;' exists.</msg>
<status status="PASS" starttime="20230602 10:47:54.041" endtime="20230602 10:47:54.041"/>
</kw>
<kw name="Log" library="BuiltIn">
<arg>template: ${template}</arg>
<arg>console=True</arg>
<doc>Logs the given message with the given level.</doc>
<msg timestamp="20230602 10:47:54.042" level="INFO">template: /Users/runner/work/rfswarm/rfswarm/Tests/Regression/Reporter/testdata/Issue-#144/90%ileTemplate.template</msg>
<status status="PASS" starttime="20230602 10:47:54.041" endtime="20230602 10:47:54.042"/>
</kw>
<kw name="Run" library="OperatingSystem">
<var>${result}</var>
<arg>python3 ${pyfile} -n -g 1 -d ${resultfolder} -t ${template} --docx</arg>
<doc>Runs the given command in the system and returns the output.</doc>
<msg timestamp="20230602 10:47:54.047" level="INFO">Running command 'python3 /Users/runner/work/rfswarm/rfswarm/rfswarm_reporter/rfswarm_reporter.py -n -g 1 -d /Users/runner/work/rfswarm/rfswarm/Tests/Regression/Reporter/testdata/Issue-#144/20230320_185055_demo -t /Users/runner/work/rfswarm/rfswarm/Tests/Regression/Reporter/testdata/Issue-#144/90%ileTemplate.template --docx 2&gt;&amp;1'.</msg>
<msg timestamp="20230602 10:48:02.702" level="INFO">${result} = </msg>
<status status="PASS" starttime="20230602 10:47:54.042" endtime="20230602 10:48:02.702"/>
</kw>
<kw name="Log" library="BuiltIn">
<arg>${\n}${result}</arg>
<arg>console=True</arg>
<doc>Logs the given message with the given level.</doc>
<msg timestamp="20230602 10:48:02.703" level="INFO">
</msg>
<status status="PASS" starttime="20230602 10:48:02.702" endtime="20230602 10:48:02.703"/>
</kw>
<kw name="Should Not Contain" library="BuiltIn">
<arg>${result}</arg>
<arg>Traceback</arg>
<doc>Fails if ``container`` contains ``item`` one or more times.</doc>
<status status="PASS" starttime="20230602 10:48:02.703" endtime="20230602 10:48:02.703"/>
</kw>
<kw name="Should Exist" library="OperatingSystem">
<arg>${resultfolder}${/}${resultdata}.docx</arg>
<doc>Fails unless the given path (file or directory) exists.</doc>
<msg timestamp="20230602 10:48:02.704" level="INFO" html="true">Path '&lt;a href="file:///Users/runner/work/rfswarm/rfswarm/Tests/Regression/Reporter/testdata/Issue-#144/20230320_185055_demo/20230320_185055_demo.docx"&gt;/Users/runner/work/rfswarm/rfswarm/Tests/Regression/Reporter/testdata/Issue-#144/20230320_185055_demo/20230320_185055_demo.docx&lt;/a&gt;' exists.</msg>
<status status="PASS" starttime="20230602 10:48:02.704" endtime="20230602 10:48:02.704"/>
</kw>
<tag>DOCX</tag>
<tag>Issue #144</tag>
<tag>macos-latest</tag>
<tag>ubuntu-latest</tag>
<tag>windows-latest</tag>
<status status="PASS" starttime="20230602 10:47:54.037" endtime="20230602 10:48:02.704"/>
</test>
<test id="s1-s1-t5" name="Command Line Generate Xlsx" line="65">
<kw name="Set Variable" library="BuiltIn">
<var>${testdata}</var>
<arg>Issue-#144</arg>
<doc>Returns the given values which can then be assigned to a variables.</doc>
<msg timestamp="20230602 10:48:02.705" level="INFO">${testdata} = Issue-#144</msg>
<status status="PASS" starttime="20230602 10:48:02.705" endtime="20230602 10:48:02.705"/>
</kw>
<kw name="Set Variable" library="BuiltIn">
<var>${resultdata}</var>
<arg>20230320_185055_demo</arg>
<doc>Returns the given values which can then be assigned to a variables.</doc>
<msg timestamp="20230602 10:48:02.706" level="INFO">${resultdata} = 20230320_185055_demo</msg>
<status status="PASS" starttime="20230602 10:48:02.706" endtime="20230602 10:48:02.706"/>
</kw>
<kw name="Set Variable" library="BuiltIn">
<var>${basefolder}</var>
<arg>/Users/runner/work/rfswarm/rfswarm/Tests/Regression/Reporter${/}testdata${/}${testdata}</arg>
<doc>Returns the given values which can then be assigned to a variables.</doc>
<msg timestamp="20230602 10:48:02.706" level="INFO">${basefolder} = /Users/runner/work/rfswarm/rfswarm/Tests/Regression/Reporter/testdata/Issue-#144</msg>
<status status="PASS" starttime="20230602 10:48:02.706" endtime="20230602 10:48:02.706"/>
</kw>
<kw name="Should Exist" library="OperatingSystem">
<arg>${basefolder}</arg>
<doc>Fails unless the given path (file or directory) exists.</doc>
<msg timestamp="20230602 10:48:02.707" level="INFO" html="true">Path '&lt;a href="file:///Users/runner/work/rfswarm/rfswarm/Tests/Regression/Reporter/testdata/Issue-#144"&gt;/Users/runner/work/rfswarm/rfswarm/Tests/Regression/Reporter/testdata/Issue-#144&lt;/a&gt;' exists.</msg>
<status status="PASS" starttime="20230602 10:48:02.706" endtime="20230602 10:48:02.707"/>
</kw>
<kw name="Log" library="BuiltIn">
<arg>basefolder: ${basefolder}</arg>
<arg>console=True</arg>
<doc>Logs the given message with the given level.</doc>
<msg timestamp="20230602 10:48:02.707" level="INFO">basefolder: /Users/runner/work/rfswarm/rfswarm/Tests/Regression/Reporter/testdata/Issue-#144</msg>
<status status="PASS" starttime="20230602 10:48:02.707" endtime="20230602 10:48:02.707"/>
</kw>
<kw name="Set Variable" library="BuiltIn">
<var>${resultfolder}</var>
<arg>${basefolder}${/}${resultdata}</arg>
<doc>Returns the given values which can then be assigned to a variables.</doc>
<msg timestamp="20230602 10:48:02.708" level="INFO">${resultfolder} = /Users/runner/work/rfswarm/rfswarm/Tests/Regression/Reporter/testdata/Issue-#144/20230320_185055_demo</msg>
<status status="PASS" starttime="20230602 10:48:02.707" endtime="20230602 10:48:02.708"/>
</kw>
<kw name="Should Exist" library="OperatingSystem">
<arg>${resultfolder}</arg>
<doc>Fails unless the given path (file or directory) exists.</doc>
<msg timestamp="20230602 10:48:02.708" level="INFO" html="true">Path '&lt;a href="file:///Users/runner/work/rfswarm/rfswarm/Tests/Regression/Reporter/testdata/Issue-#144/20230320_185055_demo"&gt;/Users/runner/work/rfswarm/rfswarm/Tests/Regression/Reporter/testdata/Issue-#144/20230320_185055_demo&lt;/a&gt;' exists.</msg>
<status status="PASS" starttime="20230602 10:48:02.708" endtime="20230602 10:48:02.708"/>
</kw>
<kw name="Log" library="BuiltIn">
<arg>resultfolder: ${resultfolder}</arg>
<arg>console=True</arg>
<doc>Logs the given message with the given level.</doc>
<msg timestamp="20230602 10:48:02.708" level="INFO">resultfolder: /Users/runner/work/rfswarm/rfswarm/Tests/Regression/Reporter/testdata/Issue-#144/20230320_185055_demo</msg>
<status status="PASS" starttime="20230602 10:48:02.708" endtime="20230602 10:48:02.708"/>
</kw>
<kw name="Set Variable" library="BuiltIn">
<var>${template}</var>
<arg>${basefolder}${/}90%ileTemplate.template</arg>
<doc>Returns the given values which can then be assigned to a variables.</doc>
<msg timestamp="20230602 10:48:02.709" level="INFO">${template} = /Users/runner/work/rfswarm/rfswarm/Tests/Regression/Reporter/testdata/Issue-#144/90%ileTemplate.template</msg>
<status status="PASS" starttime="20230602 10:48:02.709" endtime="20230602 10:48:02.709"/>
</kw>
<kw name="Should Exist" library="OperatingSystem">
<arg>${template}</arg>
<doc>Fails unless the given path (file or directory) exists.</doc>
<msg timestamp="20230602 10:48:02.709" level="INFO" html="true">Path '&lt;a href="file:///Users/runner/work/rfswarm/rfswarm/Tests/Regression/Reporter/testdata/Issue-#144/90%ileTemplate.template"&gt;/Users/runner/work/rfswarm/rfswarm/Tests/Regression/Reporter/testdata/Issue-#144/90%ileTemplate.template&lt;/a&gt;' exists.</msg>
<status status="PASS" starttime="20230602 10:48:02.709" endtime="20230602 10:48:02.709"/>
</kw>
<kw name="Log" library="BuiltIn">
<arg>template: ${template}</arg>
<arg>console=True</arg>
<doc>Logs the given message with the given level.</doc>
<msg timestamp="20230602 10:48:02.709" level="INFO">template: /Users/runner/work/rfswarm/rfswarm/Tests/Regression/Reporter/testdata/Issue-#144/90%ileTemplate.template</msg>
<status status="PASS" starttime="20230602 10:48:02.709" endtime="20230602 10:48:02.710"/>
</kw>
<kw name="Run" library="OperatingSystem">
<var>${result}</var>
<arg>python3 ${pyfile} -n -g 1 -d ${resultfolder} -t ${template} --xlsx</arg>
<doc>Runs the given command in the system and returns the output.</doc>
<msg timestamp="20230602 10:48:02.722" level="INFO">Running command 'python3 /Users/runner/work/rfswarm/rfswarm/rfswarm_reporter/rfswarm_reporter.py -n -g 1 -d /Users/runner/work/rfswarm/rfswarm/Tests/Regression/Reporter/testdata/Issue-#144/20230320_185055_demo -t /Users/runner/work/rfswarm/rfswarm/Tests/Regression/Reporter/testdata/Issue-#144/90%ileTemplate.template --xlsx 2&gt;&amp;1'.</msg>
<msg timestamp="20230602 10:48:08.816" level="INFO">${result} = </msg>
<status status="PASS" starttime="20230602 10:48:02.710" endtime="20230602 10:48:08.816"/>
</kw>
<kw name="Log" library="BuiltIn">
<arg>${\n}${result}</arg>
<arg>console=True</arg>
<doc>Logs the given message with the given level.</doc>
<msg timestamp="20230602 10:48:08.817" level="INFO">
</msg>
<status status="PASS" starttime="20230602 10:48:08.816" endtime="20230602 10:48:08.817"/>
</kw>
<kw name="Should Not Contain" library="BuiltIn">
<arg>${result}</arg>
<arg>Traceback</arg>
<doc>Fails if ``container`` contains ``item`` one or more times.</doc>
<status status="PASS" starttime="20230602 10:48:08.817" endtime="20230602 10:48:08.818"/>
</kw>
<kw name="Should Exist" library="OperatingSystem">
<arg>${resultfolder}${/}${resultdata}.xlsx</arg>
<doc>Fails unless the given path (file or directory) exists.</doc>
<msg timestamp="20230602 10:48:08.818" level="INFO" html="true">Path '&lt;a href="file:///Users/runner/work/rfswarm/rfswarm/Tests/Regression/Reporter/testdata/Issue-#144/20230320_185055_demo/20230320_185055_demo.xlsx"&gt;/Users/runner/work/rfswarm/rfswarm/Tests/Regression/Reporter/testdata/Issue-#144/20230320_185055_demo/20230320_185055_demo.xlsx&lt;/a&gt;' exists.</msg>
<status status="PASS" starttime="20230602 10:48:08.818" endtime="20230602 10:48:08.818"/>
</kw>
<tag>Issue #144</tag>
<tag>macos-latest</tag>
<tag>ubuntu-latest</tag>
<tag>windows-latest</tag>
<tag>XLSX</tag>
<status status="PASS" starttime="20230602 10:48:02.705" endtime="20230602 10:48:08.818"/>
</test>
<status status="PASS" starttime="20230602 10:47:36.199" endtime="20230602 10:48:08.819"/>
</suite>
<suite id="s1-s2" name="GUI Basic" source="/Users/runner/work/rfswarm/rfswarm/Tests/Regression/Reporter/GUI_Basic.robot">
<test id="s1-s2-t1" name="GUI Runs and Closes" line="19">
<kw name="Open GUI">
<kw name="Get Variables" library="BuiltIn">
<var>${var}</var>
<doc>Returns a dictionary containing all variables in the current scope.</doc>
<msg timestamp="20230602 10:48:14.939" level="INFO">${var} = {'${/}': '/', '${:}': ':', '${\\n}': '\n', '${DEBUG_FILE}': 'NONE', '${EXECDIR}': '/Users/runner/work/rfswarm/rfswarm', '${False}': False, '${IMAGE_DIR}': '/Users/runner/work/rfswarm/rfswarm/Tests/Reg...</msg>
<status status="PASS" starttime="20230602 10:48:14.938" endtime="20230602 10:48:14.939"/>
</kw>
<kw name="Log" library="BuiltIn">
<arg>${var}</arg>
<doc>Logs the given message with the given level.</doc>
<msg timestamp="20230602 10:48:14.939" level="INFO">{'${/}': '/', '${:}': ':', '${\\n}': '\n', '${DEBUG_FILE}': 'NONE', '${EXECDIR}': '/Users/runner/work/rfswarm/rfswarm', '${False}': False, '${IMAGE_DIR}': '/Users/runner/work/rfswarm/rfswarm/Tests/Regression/Reporter/Images/file_method', '${LOG_FILE}': '/Users/runner/work/rfswarm/rfswarm/Tests/Regression/Reporter/Logs/macos-latest_3.11/log.html', '${LOG_LEVEL}': 'INFO', '${None}': None, '${null}': None, '${OUTPUT_DIR}': '/Users/runner/work/rfswarm/rfswarm/Tests/Regression/Reporter/Logs/macos-latest_3.11', '${OUTPUT_FILE}': '/Users/runner/work/rfswarm/rfswarm/Tests/Regression/Reporter/Logs/macos-latest_3.11/output.xml', '${PREV_TEST_MESSAGE}': '', '${PREV_TEST_NAME}': 'Command Line Generate Xlsx', '${PREV_TEST_STATUS}': 'PASS', '${process}': 'None', '${pyfile}': '/Users/runner/work/rfswarm/rfswarm/rfswarm_reporter/rfswarm_reporter.py', '${REPORT_FILE}': '/Users/runner/work/rfswarm/rfswarm/Tests/Regression/Reporter/Logs/macos-latest_3.11/report.html', '${SPACE}': ' ', '${sssleep}': '0.5', '${SUITE_DOCUMENTATION}': '', '${SUITE_NAME}': 'Reporter.GUI Basic', '${SUITE_SOURCE}': '/Users/runner/work/rfswarm/rfswarm/Tests/Regression/Reporter/GUI_Basic.robot', '${TEMPDIR}': '/var/folders/24/8k48jl6d249_n_qfxwsl6xvm0000gn/T', '${TEST_DOCUMENTATION}': '', '${TEST_NAME}': 'GUI Runs and Closes', '${True}': True, '&amp;{OPTIONS}': {'include': ['macos-latest'], 'exclude': [], 'skip': [], 'skip_on_failure': []}, '&amp;{SUITE_METADATA}': &lt;robot.utils.normalizing.NormalizedDict object at 0x10536c350&gt;, '@{appargs}': [], '@{TEST_TAGS}': ['macos-latest', 'ubuntu-latest', 'windows-latest']}</msg>
<status status="PASS" starttime="20230602 10:48:14.939" endtime="20230602 10:48:14.939"/>
</kw>
<kw name="Get Platform">
<kw name="Create Dictionary" library="BuiltIn">
<var>&amp;{platforms}</var>
<arg>Linux=ubuntu</arg>
<arg>Darwin=macos</arg>
<arg>Java=notsupported</arg>
<arg>Windows=windows</arg>
<doc>Creates and returns a dictionary based on the given ``items``.</doc>
<msg timestamp="20230602 10:48:14.940" level="INFO">&amp;{platforms} = { Linux=ubuntu | Darwin=macos | Java=notsupported | Windows=windows }</msg>
<status status="PASS" starttime="20230602 10:48:14.940" endtime="20230602 10:48:14.940"/>
</kw>
<kw name="Evaluate" library="BuiltIn">
<var>${os}</var>
<arg>platform.system()</arg>
<arg>platform</arg>
<doc>Evaluates the given expression in Python and returns the result.</doc>
<msg timestamp="20230602 10:48:14.940" level="INFO">${os} = Darwin</msg>
<status status="PASS" starttime="20230602 10:48:14.940" endtime="20230602 10:48:14.940"/>
</kw>
<kw name="Set Suite Variable" library="BuiltIn">
<arg>${platform}</arg>
<arg>${platforms}[${os}]</arg>
<doc>Makes a variable available everywhere within the scope of the current suite.</doc>
<msg timestamp="20230602 10:48:14.942" level="INFO">${platform} = macos</msg>
<status status="PASS" starttime="20230602 10:48:14.941" endtime="20230602 10:48:14.942"/>
</kw>
<status status="PASS" starttime="20230602 10:48:14.939" endtime="20230602 10:48:14.942"/>
</kw>
<kw name="Set Variable" library="BuiltIn">
<var>${keyword}</var>
<arg>Open GUI ${platform}</arg>
<doc>Returns the given values which can then be assigned to a variables.</doc>
<msg timestamp="20230602 10:48:14.942" level="INFO">${keyword} = Open GUI macos</msg>
<status status="PASS" starttime="20230602 10:48:14.942" endtime="20230602 10:48:14.942"/>
</kw>
<kw name="Run Keyword" library="BuiltIn">
<arg>${keyword}</arg>
<arg>@{appargs}</arg>
<doc>Executes the given keyword with the given arguments.</doc>
<kw name="Open GUI macos">
<arg>@{appargs}</arg>
<kw name="Set Suite Variable" library="BuiltIn">
<arg>${platform}</arg>
<arg>macos</arg>
<doc>Makes a variable available everywhere within the scope of the current suite.</doc>
<msg timestamp="20230602 10:48:14.947" level="INFO">${platform} = macos</msg>
<status status="PASS" starttime="20230602 10:48:14.947" endtime="20230602 10:48:14.947"/>
</kw>
<kw name="Set Confidence" library="ImageHorizonLibrary">
<arg>0.9</arg>
<doc>Sets the accuracy when finding images.</doc>
<status status="PASS" starttime="20230602 10:48:14.947" endtime="20230602 10:48:14.947"/>
</kw>
<kw name="Start Process" library="Process">
<var>${process}</var>
<arg>python3</arg>
<arg>${pyfile}</arg>
<arg>-g</arg>
<arg>5</arg>
<arg>@{appargs}</arg>
<arg>alias=Reporter</arg>
<arg>stdout=${OUTPUT DIR}${/}stdout.txt</arg>
<arg>stderr=${OUTPUT DIR}${/}stderr.txt</arg>
<doc>Starts a new process on background.</doc>
<msg timestamp="20230602 10:48:14.948" level="INFO">Starting process:
python3 /Users/runner/work/rfswarm/rfswarm/rfswarm_reporter/rfswarm_reporter.py -g 5</msg>
<msg timestamp="20230602 10:48:14.955" level="INFO">${process} = &lt;Popen: returncode: None args: ['python3', '/Users/runner/work/rfswarm/rfswa...&gt;</msg>
<status status="PASS" starttime="20230602 10:48:14.947" endtime="20230602 10:48:14.955"/>
</kw>
<kw name="Set Suite Variable" library="BuiltIn">
<arg>$process</arg>
<arg>${process}</arg>
<doc>Makes a variable available everywhere within the scope of the current suite.</doc>
<msg timestamp="20230602 10:48:14.956" level="INFO">${process} = &lt;Popen: returncode: None args: ['python3', '/Users/runner/work/rfswarm/rfswa...&gt;</msg>
<status status="PASS" starttime="20230602 10:48:14.956" endtime="20230602 10:48:14.956"/>
</kw>
<kw name="Set Screenshot Folder" library="ImageHorizonLibrary">
<arg>${OUTPUT DIR}</arg>
<doc>Sets the folder where screenshots are saved to.</doc>
<status status="PASS" starttime="20230602 10:48:14.956" endtime="20230602 10:48:14.956"/>
</kw>
<kw name="Take A Screenshot" library="ImageHorizonLibrary">
<doc>Takes a screenshot of the screen.</doc>
<msg timestamp="20230602 10:48:14.957" level="INFO" html="true">Screenshot taken: /Users/runner/work/rfswarm/rfswarm/Tests/Regression/Reporter/Logs/macos-latest_3.11/Reporter.GUIBasic-screenshot-1.png&lt;br/&gt;&lt;img src="/Users/runner/work/rfswarm/rfswarm/Tests/Regression/Reporter/Logs/macos-latest_3.11/Reporter.GUIBasic-screenshot-1.png" width="100%" /&gt;</msg>
<status status="PASS" starttime="20230602 10:48:14.957" endtime="20230602 10:48:15.313"/>
</kw>
<status status="PASS" starttime="20230602 10:48:14.946" endtime="20230602 10:48:15.313"/>
</kw>
<status status="PASS" starttime="20230602 10:48:14.942" endtime="20230602 10:48:15.313"/>
</kw>
<status status="PASS" starttime="20230602 10:48:14.937" endtime="20230602 10:48:15.313"/>
</kw>
<kw name="Wait For Status">
<arg>PreviewLoaded</arg>
<kw name="Convert To Lower Case" library="String">
<var>${statusl}</var>
<arg>${status}</arg>
<doc>Converts string to lower case.</doc>
<msg timestamp="20230602 10:48:15.314" level="INFO">${statusl} = previewloaded</msg>
<status status="PASS" starttime="20230602 10:48:15.314" endtime="20230602 10:48:15.314"/>
</kw>
<kw name="Set Variable" library="BuiltIn">
<var>${img}</var>
<arg>reporter_${platform}_status_${statusl}.png</arg>
<doc>Returns the given values which can then be assigned to a variables.</doc>
<msg timestamp="20230602 10:48:15.315" level="INFO">${img} = reporter_macos_status_previewloaded.png</msg>
<status status="PASS" starttime="20230602 10:48:15.315" endtime="20230602 10:48:15.315"/>
</kw>
<kw name="Log" library="BuiltIn">
<arg>/Users/runner/work/rfswarm/rfswarm/Tests/Regression/Reporter</arg>
<doc>Logs the given message with the given level.</doc>
<msg timestamp="20230602 10:48:15.315" level="INFO">/Users/runner/work/rfswarm/rfswarm/Tests/Regression/Reporter</msg>
<status status="PASS" starttime="20230602 10:48:15.315" endtime="20230602 10:48:15.315"/>
</kw>
<kw name="Log" library="BuiltIn">
<arg>${IMAGE_DIR}</arg>
<doc>Logs the given message with the given level.</doc>
<msg timestamp="20230602 10:48:15.315" level="INFO">/Users/runner/work/rfswarm/rfswarm/Tests/Regression/Reporter/Images/file_method</msg>
<status status="PASS" starttime="20230602 10:48:15.315" endtime="20230602 10:48:15.315"/>
</kw>
<kw name="Wait For" library="ImageHorizonLibrary">
<arg>${img}</arg>
<arg>timeout=${timeout}</arg>
<doc>Tries to locate given image from the screen for given time.</doc>
<msg timestamp="20230602 10:48:19.278" level="INFO">Image "reporter_macos_status_previewloaded.png" found at (55, 440)</msg>
<status status="PASS" starttime="20230602 10:48:15.315" endtime="20230602 10:48:19.278"/>
</kw>
<kw name="Locate" library="ImageHorizonLibrary">
<var>@{coordinates}</var>
<arg>${img}</arg>
<doc>Locate image on screen.</doc>
<msg timestamp="20230602 10:48:19.728" level="INFO">Image "/Users/runner/work/rfswarm/rfswarm/Tests/Regression/Reporter/Images/file_method/reporter_macos_status_previewloaded.png" found at Box(left=4, top=431, width=103, height=18)</msg>
<msg timestamp="20230602 10:48:19.729" level="INFO">@{coordinates} = [ 55 | 440 ]</msg>
<status status="PASS" starttime="20230602 10:48:19.279" endtime="20230602 10:48:19.729"/>
</kw>
<kw name="Click Image" library="ImageHorizonLibrary">
<arg>${img}</arg>
<doc>Finds the reference image on screen and clicks it once.</doc>
<msg timestamp="20230602 10:48:20.370" level="INFO">Image "/Users/runner/work/rfswarm/rfswarm/Tests/Regression/Reporter/Images/file_method/reporter_macos_status_previewloaded.png" found at Box(left=4, top=431, width=103, height=18)</msg>
<msg timestamp="20230602 10:48:20.370" level="INFO">Clicking image "reporter_macos_status_previewloaded.png" in position (55, 440)</msg>
<status status="PASS" starttime="20230602 10:48:19.729" endtime="20230602 10:48:20.664"/>
</kw>
<kw name="Sleep" library="BuiltIn">
<arg>${sssleep}</arg>
<doc>Pauses the test executed for the given time.</doc>
<msg timestamp="20230602 10:48:21.166" level="INFO">Slept 500 milliseconds</msg>
<status status="PASS" starttime="20230602 10:48:20.664" endtime="20230602 10:48:21.166"/>
</kw>
<kw name="Take A Screenshot" library="ImageHorizonLibrary">
<doc>Takes a screenshot of the screen.</doc>
<msg timestamp="20230602 10:48:21.167" level="INFO" html="true">Screenshot taken: /Users/runner/work/rfswarm/rfswarm/Tests/Regression/Reporter/Logs/macos-latest_3.11/Reporter.GUIBasic-screenshot-2.png&lt;br/&gt;&lt;img src="/Users/runner/work/rfswarm/rfswarm/Tests/Regression/Reporter/Logs/macos-latest_3.11/Reporter.GUIBasic-screenshot-2.png" width="100%" /&gt;</msg>
<status status="PASS" starttime="20230602 10:48:21.166" endtime="20230602 10:48:21.442"/>
</kw>
<status status="PASS" starttime="20230602 10:48:15.314" endtime="20230602 10:48:21.442"/>
</kw>
<kw name="Close GUI" type="TEARDOWN">
<kw name="Set Variable" library="BuiltIn">
<var>${keyword}</var>
<arg>Close GUI ${platform}</arg>
<doc>Returns the given values which can then be assigned to a variables.</doc>
<msg timestamp="20230602 10:48:21.444" level="INFO">${keyword} = Close GUI macos</msg>
<status status="PASS" starttime="20230602 10:48:21.443" endtime="20230602 10:48:21.444"/>
</kw>
<if>
<branch type="IF" condition="${process}">
<kw name="Is Process Running" library="Process">
<var>${running}</var>
<arg>${process}</arg>
<doc>Checks is the process running or not.</doc>
<msg timestamp="20230602 10:48:21.444" level="INFO">${running} = True</msg>
<status status="PASS" starttime="20230602 10:48:21.444" endtime="20230602 10:48:21.444"/>
</kw>
<if>
<branch type="IF" condition="${running}">
<kw name="Run Keyword" library="BuiltIn">
<arg>${keyword}</arg>
<doc>Executes the given keyword with the given arguments.</doc>
<kw name="Close GUI macos">
<kw name="Click Image" library="ImageHorizonLibrary">
<arg>reporter_${platform}_button_closewindow.png</arg>
<doc>Finds the reference image on screen and clicks it once.</doc>
<msg timestamp="20230602 10:48:21.887" level="INFO">Image "/Users/runner/work/rfswarm/rfswarm/Tests/Regression/Reporter/Images/file_method/reporter_macos_button_closewindow.png" found at Box(left=9, top=31, width=19, height=25)</msg>
<msg timestamp="20230602 10:48:21.887" level="INFO">Clicking image "reporter_macos_button_closewindow.png" in position (18, 43)</msg>
<status status="PASS" starttime="20230602 10:48:21.449" endtime="20230602 10:48:22.081"/>
</kw>
<kw name="Take A Screenshot" library="ImageHorizonLibrary">
<doc>Takes a screenshot of the screen.</doc>
<msg timestamp="20230602 10:48:22.083" level="INFO" html="true">Screenshot taken: /Users/runner/work/rfswarm/rfswarm/Tests/Regression/Reporter/Logs/macos-latest_3.11/Reporter.GUIBasic-screenshot-3.png&lt;br/&gt;&lt;img src="/Users/runner/work/rfswarm/rfswarm/Tests/Regression/Reporter/Logs/macos-latest_3.11/Reporter.GUIBasic-screenshot-3.png" width="100%" /&gt;</msg>
<status status="PASS" starttime="20230602 10:48:22.082" endtime="20230602 10:48:22.464"/>
</kw>
<kw name="Sleep" library="BuiltIn">
<arg>0.5</arg>
<doc>Pauses the test executed for the given time.</doc>
<msg timestamp="20230602 10:48:22.990" level="INFO">Slept 500 milliseconds</msg>
<status status="PASS" starttime="20230602 10:48:22.464" endtime="20230602 10:48:22.991"/>
</kw>
<kw name="End Process If Still Running">
<kw name="Wait For Process" library="Process">
<var>${result}</var>
<arg>${process}</arg>
<arg>timeout=60</arg>
<doc>Waits for the process to complete or to reach the given timeout.</doc>
<msg timestamp="20230602 10:48:22.993" level="INFO">Waiting for process to complete.</msg>
<msg timestamp="20230602 10:48:22.993" level="INFO">Process completed.</msg>
<msg timestamp="20230602 10:48:22.993" level="INFO">${result} = &lt;result object with rc 0&gt;</msg>
<status status="PASS" starttime="20230602 10:48:22.992" endtime="20230602 10:48:22.993"/>
</kw>
<kw name="Is Process Running" library="Process">
<var>${running}</var>
<arg>${process}</arg>
<doc>Checks is the process running or not.</doc>
<msg timestamp="20230602 10:48:22.994" level="INFO">${running} = False</msg>
<status status="PASS" starttime="20230602 10:48:22.993" endtime="20230602 10:48:22.994"/>
</kw>
<if>
<branch type="IF" condition="not ${running}">
<kw name="Check Result">
<arg>${result}</arg>
<kw name="Log" library="BuiltIn">
<arg>${result.stderr}</arg>
<doc>Logs the given message with the given level.</doc>
<msg timestamp="20230602 10:48:22.996" level="INFO"/>
<status status="PASS" starttime="20230602 10:48:22.995" endtime="20230602 10:48:22.996"/>
</kw>
<kw name="Should Not Contain" library="BuiltIn">
<arg>${result.stderr}</arg>
<arg>Traceback</arg>
<doc>Fails if ``container`` contains ``item`` one or more times.</doc>
<status status="PASS" starttime="20230602 10:48:22.996" endtime="20230602 10:48:22.997"/>
</kw>
<kw name="Should Be Equal As Integers" library="BuiltIn">
<arg>${result.rc}</arg>
<arg>0</arg>
<doc>Fails if objects are unequal after converting them to integers.</doc>
<msg timestamp="20230602 10:48:22.998" level="INFO">Argument types are:
&lt;class 'int'&gt;
&lt;class 'str'&gt;</msg>
<status status="PASS" starttime="20230602 10:48:22.997" endtime="20230602 10:48:22.998"/>
</kw>
<status status="PASS" starttime="20230602 10:48:22.994" endtime="20230602 10:48:22.998"/>
</kw>
<status status="PASS" starttime="20230602 10:48:22.994" endtime="20230602 10:48:22.998"/>
</branch>
<branch type="ELSE">
<kw name="Take A Screenshot" library="ImageHorizonLibrary">
<doc>Takes a screenshot of the screen.</doc>
<status status="NOT RUN" starttime="20230602 10:48:22.998" endtime="20230602 10:48:22.999"/>
</kw>
<kw name="Terminate Process" library="Process">
<var>${result}</var>
<arg>${process}</arg>
<doc>Stops the process gracefully or forcefully.</doc>
<status status="NOT RUN" starttime="20230602 10:48:22.999" endtime="20230602 10:48:22.999"/>
</kw>
<kw name="Check Result">
<arg>${result}</arg>
<status status="NOT RUN" starttime="20230602 10:48:22.999" endtime="20230602 10:48:22.999"/>
</kw>
<kw name="Fail" library="BuiltIn">
<arg>Had to Terminate Process</arg>
<doc>Fails the test with the given message and optionally alters its tags.</doc>
<status status="NOT RUN" starttime="20230602 10:48:22.999" endtime="20230602 10:48:22.999"/>
</kw>
<status status="NOT RUN" starttime="20230602 10:48:22.998" endtime="20230602 10:48:22.999"/>
</branch>
<status status="PASS" starttime="20230602 10:48:22.994" endtime="20230602 10:48:22.999"/>
</if>
<status status="PASS" starttime="20230602 10:48:22.991" endtime="20230602 10:48:22.999"/>
</kw>
<status status="PASS" starttime="20230602 10:48:21.449" endtime="20230602 10:48:22.999"/>
</kw>
<status status="PASS" starttime="20230602 10:48:21.445" endtime="20230602 10:48:23.000"/>
</kw>
<status status="PASS" starttime="20230602 10:48:21.444" endtime="20230602 10:48:23.000"/>
</branch>
<branch type="ELSE">
<kw name="Wait For Process" library="Process">
<var>${result}</var>
<arg>${process}</arg>
<arg>timeout=60</arg>
<doc>Waits for the process to complete or to reach the given timeout.</doc>
<status status="NOT RUN" starttime="20230602 10:48:23.000" endtime="20230602 10:48:23.000"/>
</kw>
<kw name="Check Result">
<arg>${result}</arg>
<status status="NOT RUN" starttime="20230602 10:48:23.000" endtime="20230602 10:48:23.000"/>
</kw>
<status status="NOT RUN" starttime="20230602 10:48:23.000" endtime="20230602 10:48:23.000"/>
</branch>
<status status="PASS" starttime="20230602 10:48:21.444" endtime="20230602 10:48:23.000"/>
</if>
<status status="PASS" starttime="20230602 10:48:21.444" endtime="20230602 10:48:23.000"/>
</branch>
<status status="PASS" starttime="20230602 10:48:21.444" endtime="20230602 10:48:23.000"/>
</if>
<kw name="Set Suite Variable" library="BuiltIn">
<arg>$process</arg>
<arg>None</arg>
<doc>Makes a variable available everywhere within the scope of the current suite.</doc>
<msg timestamp="20230602 10:48:23.001" level="INFO">${process} = None</msg>
<status status="PASS" starttime="20230602 10:48:23.000" endtime="20230602 10:48:23.001"/>
</kw>
<kw name="Sleep" library="BuiltIn">
<arg>0.5</arg>
<doc>Pauses the test executed for the given time.</doc>
<msg timestamp="20230602 10:48:23.503" level="INFO">Slept 500 milliseconds</msg>
<status status="PASS" starttime="20230602 10:48:23.001" endtime="20230602 10:48:23.503"/>
</kw>
<status status="PASS" starttime="20230602 10:48:21.443" endtime="20230602 10:48:23.503"/>
</kw>
<tag>macos-latest</tag>
<tag>ubuntu-latest</tag>
<tag>windows-latest</tag>
<status status="PASS" starttime="20230602 10:48:14.937" endtime="20230602 10:48:23.503"/>
</test>
<test id="s1-s2-t2" name="Select Preview Tab" line="25">
<kw name="Open GUI">
<kw name="Get Variables" library="BuiltIn">
<var>${var}</var>
<doc>Returns a dictionary containing all variables in the current scope.</doc>
<msg timestamp="20230602 10:48:23.505" level="INFO">${var} = {'${/}': '/', '${:}': ':', '${\\n}': '\n', '${DEBUG_FILE}': 'NONE', '${EXECDIR}': '/Users/runner/work/rfswarm/rfswarm', '${False}': False, '${IMAGE_DIR}': '/Users/runner/work/rfswarm/rfswarm/Tests/Reg...</msg>
<status status="PASS" starttime="20230602 10:48:23.505" endtime="20230602 10:48:23.505"/>
</kw>
<kw name="Log" library="BuiltIn">
<arg>${var}</arg>
<doc>Logs the given message with the given level.</doc>
<msg timestamp="20230602 10:48:23.506" level="INFO">{'${/}': '/', '${:}': ':', '${\\n}': '\n', '${DEBUG_FILE}': 'NONE', '${EXECDIR}': '/Users/runner/work/rfswarm/rfswarm', '${False}': False, '${IMAGE_DIR}': '/Users/runner/work/rfswarm/rfswarm/Tests/Regression/Reporter/Images/file_method', '${LOG_FILE}': '/Users/runner/work/rfswarm/rfswarm/Tests/Regression/Reporter/Logs/macos-latest_3.11/log.html', '${LOG_LEVEL}': 'INFO', '${None}': None, '${null}': None, '${OUTPUT_DIR}': '/Users/runner/work/rfswarm/rfswarm/Tests/Regression/Reporter/Logs/macos-latest_3.11', '${OUTPUT_FILE}': '/Users/runner/work/rfswarm/rfswarm/Tests/Regression/Reporter/Logs/macos-latest_3.11/output.xml', '${platform}': 'macos', '${PREV_TEST_MESSAGE}': '', '${PREV_TEST_NAME}': 'GUI Runs and Closes', '${PREV_TEST_STATUS}': 'PASS', '${process}': 'None', '${pyfile}': '/Users/runner/work/rfswarm/rfswarm/rfswarm_reporter/rfswarm_reporter.py', '${REPORT_FILE}': '/Users/runner/work/rfswarm/rfswarm/Tests/Regression/Reporter/Logs/macos-latest_3.11/report.html', '${SPACE}': ' ', '${sssleep}': '0.5', '${SUITE_DOCUMENTATION}': '', '${SUITE_NAME}': 'Reporter.GUI Basic', '${SUITE_SOURCE}': '/Users/runner/work/rfswarm/rfswarm/Tests/Regression/Reporter/GUI_Basic.robot', '${TEMPDIR}': '/var/folders/24/8k48jl6d249_n_qfxwsl6xvm0000gn/T', '${TEST_DOCUMENTATION}': '', '${TEST_NAME}': 'Select Preview Tab', '${True}': True, '&amp;{OPTIONS}': {'include': ['macos-latest'], 'exclude': [], 'skip': [], 'skip_on_failure': []}, '&amp;{SUITE_METADATA}': &lt;robot.utils.normalizing.NormalizedDict object at 0x10536c350&gt;, '@{appargs}': [], '@{TEST_TAGS}': ['macos-latest', 'ubuntu-latest', 'windows-latest']}</msg>
<status status="PASS" starttime="20230602 10:48:23.505" endtime="20230602 10:48:23.506"/>
</kw>
<kw name="Get Platform">
<kw name="Create Dictionary" library="BuiltIn">
<var>&amp;{platforms}</var>
<arg>Linux=ubuntu</arg>
<arg>Darwin=macos</arg>
<arg>Java=notsupported</arg>
<arg>Windows=windows</arg>
<doc>Creates and returns a dictionary based on the given ``items``.</doc>
<msg timestamp="20230602 10:48:23.507" level="INFO">&amp;{platforms} = { Linux=ubuntu | Darwin=macos | Java=notsupported | Windows=windows }</msg>
<status status="PASS" starttime="20230602 10:48:23.506" endtime="20230602 10:48:23.507"/>
</kw>
<kw name="Evaluate" library="BuiltIn">
<var>${os}</var>
<arg>platform.system()</arg>
<arg>platform</arg>
<doc>Evaluates the given expression in Python and returns the result.</doc>
<msg timestamp="20230602 10:48:23.507" level="INFO">${os} = Darwin</msg>
<status status="PASS" starttime="20230602 10:48:23.507" endtime="20230602 10:48:23.507"/>
</kw>
<kw name="Set Suite Variable" library="BuiltIn">
<arg>${platform}</arg>
<arg>${platforms}[${os}]</arg>
<doc>Makes a variable available everywhere within the scope of the current suite.</doc>
<msg timestamp="20230602 10:48:23.508" level="INFO">${platform} = macos</msg>
<status status="PASS" starttime="20230602 10:48:23.507" endtime="20230602 10:48:23.508"/>
</kw>
<status status="PASS" starttime="20230602 10:48:23.506" endtime="20230602 10:48:23.508"/>
</kw>
<kw name="Set Variable" library="BuiltIn">
<var>${keyword}</var>
<arg>Open GUI ${platform}</arg>
<doc>Returns the given values which can then be assigned to a variables.</doc>
<msg timestamp="20230602 10:48:23.508" level="INFO">${keyword} = Open GUI macos</msg>
<status status="PASS" starttime="20230602 10:48:23.508" endtime="20230602 10:48:23.508"/>
</kw>
<kw name="Run Keyword" library="BuiltIn">
<arg>${keyword}</arg>
<arg>@{appargs}</arg>
<doc>Executes the given keyword with the given arguments.</doc>
<kw name="Open GUI macos">
<arg>@{appargs}</arg>
<kw name="Set Suite Variable" library="BuiltIn">
<arg>${platform}</arg>
<arg>macos</arg>
<doc>Makes a variable available everywhere within the scope of the current suite.</doc>
<msg timestamp="20230602 10:48:23.514" level="INFO">${platform} = macos</msg>
<status status="PASS" starttime="20230602 10:48:23.514" endtime="20230602 10:48:23.514"/>
</kw>
<kw name="Set Confidence" library="ImageHorizonLibrary">
<arg>0.9</arg>
<doc>Sets the accuracy when finding images.</doc>
<status status="PASS" starttime="20230602 10:48:23.514" endtime="20230602 10:48:23.514"/>
</kw>
<kw name="Start Process" library="Process">
<var>${process}</var>
<arg>python3</arg>
<arg>${pyfile}</arg>
<arg>-g</arg>
<arg>5</arg>
<arg>@{appargs}</arg>
<arg>alias=Reporter</arg>
<arg>stdout=${OUTPUT DIR}${/}stdout.txt</arg>
<arg>stderr=${OUTPUT DIR}${/}stderr.txt</arg>
<doc>Starts a new process on background.</doc>
<msg timestamp="20230602 10:48:23.516" level="INFO">Starting process:
python3 /Users/runner/work/rfswarm/rfswarm/rfswarm_reporter/rfswarm_reporter.py -g 5</msg>
<msg timestamp="20230602 10:48:23.523" level="INFO">${process} = &lt;Popen: returncode: None args: ['python3', '/Users/runner/work/rfswarm/rfswa...&gt;</msg>
<status status="PASS" starttime="20230602 10:48:23.515" endtime="20230602 10:48:23.524"/>
</kw>
<kw name="Set Suite Variable" library="BuiltIn">
<arg>$process</arg>
<arg>${process}</arg>
<doc>Makes a variable available everywhere within the scope of the current suite.</doc>
<msg timestamp="20230602 10:48:23.525" level="INFO">${process} = &lt;Popen: returncode: None args: ['python3', '/Users/runner/work/rfswarm/rfswa...&gt;</msg>
<status status="PASS" starttime="20230602 10:48:23.524" endtime="20230602 10:48:23.525"/>
</kw>
<kw name="Set Screenshot Folder" library="ImageHorizonLibrary">
<arg>${OUTPUT DIR}</arg>
<doc>Sets the folder where screenshots are saved to.</doc>
<status status="PASS" starttime="20230602 10:48:23.525" endtime="20230602 10:48:23.525"/>
</kw>
<kw name="Take A Screenshot" library="ImageHorizonLibrary">
<doc>Takes a screenshot of the screen.</doc>
<msg timestamp="20230602 10:48:23.526" level="INFO" html="true">Screenshot taken: /Users/runner/work/rfswarm/rfswarm/Tests/Regression/Reporter/Logs/macos-latest_3.11/Reporter.GUIBasic-screenshot-4.png&lt;br/&gt;&lt;img src="/Users/runner/work/rfswarm/rfswarm/Tests/Regression/Reporter/Logs/macos-latest_3.11/Reporter.GUIBasic-screenshot-4.png" width="100%" /&gt;</msg>
<status status="PASS" starttime="20230602 10:48:23.525" endtime="20230602 10:48:23.837"/>
</kw>
<status status="PASS" starttime="20230602 10:48:23.513" endtime="20230602 10:48:23.837"/>
</kw>
<status status="PASS" starttime="20230602 10:48:23.509" endtime="20230602 10:48:23.837"/>
</kw>
<status status="PASS" starttime="20230602 10:48:23.504" endtime="20230602 10:48:23.838"/>
</kw>
<kw name="Wait For Status">
<arg>PreviewLoaded</arg>
<kw name="Convert To Lower Case" library="String">
<var>${statusl}</var>
<arg>${status}</arg>
<doc>Converts string to lower case.</doc>
<msg timestamp="20230602 10:48:23.840" level="INFO">${statusl} = previewloaded</msg>
<status status="PASS" starttime="20230602 10:48:23.840" endtime="20230602 10:48:23.840"/>
</kw>
<kw name="Set Variable" library="BuiltIn">
<var>${img}</var>
<arg>reporter_${platform}_status_${statusl}.png</arg>
<doc>Returns the given values which can then be assigned to a variables.</doc>
<msg timestamp="20230602 10:48:23.840" level="INFO">${img} = reporter_macos_status_previewloaded.png</msg>
<status status="PASS" starttime="20230602 10:48:23.840" endtime="20230602 10:48:23.840"/>
</kw>
<kw name="Log" library="BuiltIn">
<arg>/Users/runner/work/rfswarm/rfswarm/Tests/Regression/Reporter</arg>
<doc>Logs the given message with the given level.</doc>
<msg timestamp="20230602 10:48:23.841" level="INFO">/Users/runner/work/rfswarm/rfswarm/Tests/Regression/Reporter</msg>
<status status="PASS" starttime="20230602 10:48:23.840" endtime="20230602 10:48:23.841"/>
</kw>
<kw name="Log" library="BuiltIn">
<arg>${IMAGE_DIR}</arg>
<doc>Logs the given message with the given level.</doc>
<msg timestamp="20230602 10:48:23.842" level="INFO">/Users/runner/work/rfswarm/rfswarm/Tests/Regression/Reporter/Images/file_method</msg>
<status status="PASS" starttime="20230602 10:48:23.841" endtime="20230602 10:48:23.842"/>
</kw>
<kw name="Wait For" library="ImageHorizonLibrary">
<arg>${img}</arg>
<arg>timeout=${timeout}</arg>
<doc>Tries to locate given image from the screen for given time.</doc>
<msg timestamp="20230602 10:48:26.671" level="INFO">Image "reporter_macos_status_previewloaded.png" found at (55, 440)</msg>
<status status="PASS" starttime="20230602 10:48:23.842" endtime="20230602 10:48:26.671"/>
</kw>
<kw name="Locate" library="ImageHorizonLibrary">
<var>@{coordinates}</var>
<arg>${img}</arg>
<doc>Locate image on screen.</doc>
<msg timestamp="20230602 10:48:27.484" level="INFO">Image "/Users/runner/work/rfswarm/rfswarm/Tests/Regression/Reporter/Images/file_method/reporter_macos_status_previewloaded.png" found at Box(left=4, top=431, width=103, height=18)</msg>
<msg timestamp="20230602 10:48:27.484" level="INFO">@{coordinates} = [ 55 | 440 ]</msg>
<status status="PASS" starttime="20230602 10:48:26.672" endtime="20230602 10:48:27.484"/>
</kw>
<kw name="Click Image" library="ImageHorizonLibrary">
<arg>${img}</arg>
<doc>Finds the reference image on screen and clicks it once.</doc>
<msg timestamp="20230602 10:48:27.883" level="INFO">Image "/Users/runner/work/rfswarm/rfswarm/Tests/Regression/Reporter/Images/file_method/reporter_macos_status_previewloaded.png" found at Box(left=4, top=431, width=103, height=18)</msg>
<msg timestamp="20230602 10:48:27.883" level="INFO">Clicking image "reporter_macos_status_previewloaded.png" in position (55, 440)</msg>
<status status="PASS" starttime="20230602 10:48:27.485" endtime="20230602 10:48:28.046"/>
</kw>
<kw name="Sleep" library="BuiltIn">
<arg>${sssleep}</arg>
<doc>Pauses the test executed for the given time.</doc>
<msg timestamp="20230602 10:48:28.550" level="INFO">Slept 500 milliseconds</msg>
<status status="PASS" starttime="20230602 10:48:28.046" endtime="20230602 10:48:28.550"/>
</kw>
<kw name="Take A Screenshot" library="ImageHorizonLibrary">
<doc>Takes a screenshot of the screen.</doc>
<msg timestamp="20230602 10:48:28.550" level="INFO" html="true">Screenshot taken: /Users/runner/work/rfswarm/rfswarm/Tests/Regression/Reporter/Logs/macos-latest_3.11/Reporter.GUIBasic-screenshot-5.png&lt;br/&gt;&lt;img src="/Users/runner/work/rfswarm/rfswarm/Tests/Regression/Reporter/Logs/macos-latest_3.11/Reporter.GUIBasic-screenshot-5.png" width="100%" /&gt;</msg>
<status status="PASS" starttime="20230602 10:48:28.550" endtime="20230602 10:48:28.836"/>
</kw>
<status status="PASS" starttime="20230602 10:48:23.839" endtime="20230602 10:48:28.836"/>
</kw>
<kw name="Click Tab">
<arg>Preview</arg>
<kw name="Convert To Lower Case" library="String">
<var>${tabnamel}</var>
<arg>${tabname}</arg>
<doc>Converts string to lower case.</doc>
<msg timestamp="20230602 10:48:28.837" level="INFO">${tabnamel} = preview</msg>
<status status="PASS" starttime="20230602 10:48:28.837" endtime="20230602 10:48:28.837"/>
</kw>
<kw name="Set Variable" library="BuiltIn">
<var>${img}</var>
<arg>reporter_${platform}_tab_${tabnamel}.png</arg>
<doc>Returns the given values which can then be assigned to a variables.</doc>
<msg timestamp="20230602 10:48:28.838" level="INFO">${img} = reporter_macos_tab_preview.png</msg>
<status status="PASS" starttime="20230602 10:48:28.838" endtime="20230602 10:48:28.838"/>
</kw>
<kw name="Log" library="BuiltIn">
<arg>/Users/runner/work/rfswarm/rfswarm/Tests/Regression/Reporter</arg>
<doc>Logs the given message with the given level.</doc>
<msg timestamp="20230602 10:48:28.838" level="INFO">/Users/runner/work/rfswarm/rfswarm/Tests/Regression/Reporter</msg>
<status status="PASS" starttime="20230602 10:48:28.838" endtime="20230602 10:48:28.838"/>
</kw>
<kw name="Log" library="BuiltIn">
<arg>${IMAGE_DIR}</arg>
<doc>Logs the given message with the given level.</doc>
<msg timestamp="20230602 10:48:28.838" level="INFO">/Users/runner/work/rfswarm/rfswarm/Tests/Regression/Reporter/Images/file_method</msg>
<status status="PASS" starttime="20230602 10:48:28.838" endtime="20230602 10:48:28.839"/>
</kw>
<kw name="Wait For" library="ImageHorizonLibrary">
<arg>${img}</arg>
<arg>timeout=300</arg>
<doc>Tries to locate given image from the screen for given time.</doc>
<msg timestamp="20230602 10:48:29.248" level="INFO">Image "reporter_macos_tab_preview.png" found at (482, 103)</msg>
<status status="PASS" starttime="20230602 10:48:28.839" endtime="20230602 10:48:29.248"/>
</kw>
<kw name="Locate" library="ImageHorizonLibrary">
<var>@{coordinates}</var>
<arg>${img}</arg>
<doc>Locate image on screen.</doc>
<msg timestamp="20230602 10:48:29.658" level="INFO">Image "/Users/runner/work/rfswarm/rfswarm/Tests/Regression/Reporter/Images/file_method/reporter_macos_tab_preview.png" found at Box(left=443, top=89, width=78, height=29)</msg>
<msg timestamp="20230602 10:48:29.659" level="INFO">@{coordinates} = [ 482 | 103 ]</msg>
<status status="PASS" starttime="20230602 10:48:29.249" endtime="20230602 10:48:29.659"/>
</kw>
<kw name="Click Image" library="ImageHorizonLibrary">
<arg>${img}</arg>
<doc>Finds the reference image on screen and clicks it once.</doc>
<msg timestamp="20230602 10:48:30.054" level="INFO">Image "/Users/runner/work/rfswarm/rfswarm/Tests/Regression/Reporter/Images/file_method/reporter_macos_tab_preview.png" found at Box(left=443, top=89, width=78, height=29)</msg>
<msg timestamp="20230602 10:48:30.054" level="INFO">Clicking image "reporter_macos_tab_preview.png" in position (482, 103)</msg>
<status status="PASS" starttime="20230602 10:48:29.659" endtime="20230602 10:48:30.201"/>
</kw>
<kw name="Sleep" library="BuiltIn">
<arg>${sssleep}</arg>
<doc>Pauses the test executed for the given time.</doc>
<msg timestamp="20230602 10:48:30.708" level="INFO">Slept 500 milliseconds</msg>
<status status="PASS" starttime="20230602 10:48:30.202" endtime="20230602 10:48:30.708"/>
</kw>
<kw name="Take A Screenshot" library="ImageHorizonLibrary">
<doc>Takes a screenshot of the screen.</doc>
<msg timestamp="20230602 10:48:30.709" level="INFO" html="true">Screenshot taken: /Users/runner/work/rfswarm/rfswarm/Tests/Regression/Reporter/Logs/macos-latest_3.11/Reporter.GUIBasic-screenshot-6.png&lt;br/&gt;&lt;img src="/Users/runner/work/rfswarm/rfswarm/Tests/Regression/Reporter/Logs/macos-latest_3.11/Reporter.GUIBasic-screenshot-6.png" width="100%" /&gt;</msg>
<status status="PASS" starttime="20230602 10:48:30.709" endtime="20230602 10:48:30.974"/>
</kw>
<status status="PASS" starttime="20230602 10:48:28.836" endtime="20230602 10:48:30.974"/>
</kw>
<kw name="Close GUI" type="TEARDOWN">
<kw name="Set Variable" library="BuiltIn">
<var>${keyword}</var>
<arg>Close GUI ${platform}</arg>
<doc>Returns the given values which can then be assigned to a variables.</doc>
<msg timestamp="20230602 10:48:30.976" level="INFO">${keyword} = Close GUI macos</msg>
<status status="PASS" starttime="20230602 10:48:30.976" endtime="20230602 10:48:30.976"/>
</kw>
<if>
<branch type="IF" condition="${process}">
<kw name="Is Process Running" library="Process">
<var>${running}</var>
<arg>${process}</arg>
<doc>Checks is the process running or not.</doc>
<msg timestamp="20230602 10:48:30.977" level="INFO">${running} = True</msg>
<status status="PASS" starttime="20230602 10:48:30.976" endtime="20230602 10:48:30.977"/>
</kw>
<if>
<branch type="IF" condition="${running}">
<kw name="Run Keyword" library="BuiltIn">
<arg>${keyword}</arg>
<doc>Executes the given keyword with the given arguments.</doc>
<kw name="Close GUI macos">
<kw name="Click Image" library="ImageHorizonLibrary">
<arg>reporter_${platform}_button_closewindow.png</arg>
<doc>Finds the reference image on screen and clicks it once.</doc>
<msg timestamp="20230602 10:48:31.361" level="INFO">Image "/Users/runner/work/rfswarm/rfswarm/Tests/Regression/Reporter/Images/file_method/reporter_macos_button_closewindow.png" found at Box(left=9, top=31, width=19, height=25)</msg>
<msg timestamp="20230602 10:48:31.362" level="INFO">Clicking image "reporter_macos_button_closewindow.png" in position (18, 43)</msg>
<status status="PASS" starttime="20230602 10:48:30.982" endtime="20230602 10:48:31.478"/>
</kw>
<kw name="Take A Screenshot" library="ImageHorizonLibrary">
<doc>Takes a screenshot of the screen.</doc>
<msg timestamp="20230602 10:48:31.479" level="INFO" html="true">Screenshot taken: /Users/runner/work/rfswarm/rfswarm/Tests/Regression/Reporter/Logs/macos-latest_3.11/Reporter.GUIBasic-screenshot-7.png&lt;br/&gt;&lt;img src="/Users/runner/work/rfswarm/rfswarm/Tests/Regression/Reporter/Logs/macos-latest_3.11/Reporter.GUIBasic-screenshot-7.png" width="100%" /&gt;</msg>
<status status="PASS" starttime="20230602 10:48:31.479" endtime="20230602 10:48:31.873"/>
</kw>
<kw name="Sleep" library="BuiltIn">
<arg>0.5</arg>
<doc>Pauses the test executed for the given time.</doc>
<msg timestamp="20230602 10:48:32.383" level="INFO">Slept 500 milliseconds</msg>
<status status="PASS" starttime="20230602 10:48:31.874" endtime="20230602 10:48:32.383"/>
</kw>
<kw name="End Process If Still Running">
<kw name="Wait For Process" library="Process">
<var>${result}</var>
<arg>${process}</arg>
<arg>timeout=60</arg>
<doc>Waits for the process to complete or to reach the given timeout.</doc>
<msg timestamp="20230602 10:48:32.385" level="INFO">Waiting for process to complete.</msg>
<msg timestamp="20230602 10:48:32.419" level="INFO">Process completed.</msg>
<msg timestamp="20230602 10:48:32.419" level="INFO">${result} = &lt;result object with rc 0&gt;</msg>
<status status="PASS" starttime="20230602 10:48:32.384" endtime="20230602 10:48:32.419"/>
</kw>
<kw name="Is Process Running" library="Process">
<var>${running}</var>
<arg>${process}</arg>
<doc>Checks is the process running or not.</doc>
<msg timestamp="20230602 10:48:32.419" level="INFO">${running} = False</msg>
<status status="PASS" starttime="20230602 10:48:32.419" endtime="20230602 10:48:32.419"/>
</kw>
<if>
<branch type="IF" condition="not ${running}">
<kw name="Check Result">
<arg>${result}</arg>
<kw name="Log" library="BuiltIn">
<arg>${result.stderr}</arg>
<doc>Logs the given message with the given level.</doc>
<msg timestamp="20230602 10:48:32.421" level="INFO"/>
<status status="PASS" starttime="20230602 10:48:32.420" endtime="20230602 10:48:32.421"/>
</kw>
<kw name="Should Not Contain" library="BuiltIn">
<arg>${result.stderr}</arg>
<arg>Traceback</arg>
<doc>Fails if ``container`` contains ``item`` one or more times.</doc>
<status status="PASS" starttime="20230602 10:48:32.421" endtime="20230602 10:48:32.422"/>
</kw>
<kw name="Should Be Equal As Integers" library="BuiltIn">
<arg>${result.rc}</arg>
<arg>0</arg>
<doc>Fails if objects are unequal after converting them to integers.</doc>
<msg timestamp="20230602 10:48:32.422" level="INFO">Argument types are:
&lt;class 'int'&gt;
&lt;class 'str'&gt;</msg>
<status status="PASS" starttime="20230602 10:48:32.422" endtime="20230602 10:48:32.422"/>
</kw>
<status status="PASS" starttime="20230602 10:48:32.420" endtime="20230602 10:48:32.423"/>
</kw>
<status status="PASS" starttime="20230602 10:48:32.420" endtime="20230602 10:48:32.423"/>
</branch>
<branch type="ELSE">
<kw name="Take A Screenshot" library="ImageHorizonLibrary">
<doc>Takes a screenshot of the screen.</doc>
<status status="NOT RUN" starttime="20230602 10:48:32.423" endtime="20230602 10:48:32.423"/>
</kw>
<kw name="Terminate Process" library="Process">
<var>${result}</var>
<arg>${process}</arg>
<doc>Stops the process gracefully or forcefully.</doc>
<status status="NOT RUN" starttime="20230602 10:48:32.423" endtime="20230602 10:48:32.423"/>
</kw>
<kw name="Check Result">
<arg>${result}</arg>
<status status="NOT RUN" starttime="20230602 10:48:32.423" endtime="20230602 10:48:32.423"/>
</kw>
<kw name="Fail" library="BuiltIn">
<arg>Had to Terminate Process</arg>
<doc>Fails the test with the given message and optionally alters its tags.</doc>
<status status="NOT RUN" starttime="20230602 10:48:32.423" endtime="20230602 10:48:32.423"/>
</kw>
<status status="NOT RUN" starttime="20230602 10:48:32.423" endtime="20230602 10:48:32.423"/>
</branch>
<status status="PASS" starttime="20230602 10:48:32.419" endtime="20230602 10:48:32.423"/>
</if>
<status status="PASS" starttime="20230602 10:48:32.384" endtime="20230602 10:48:32.424"/>
</kw>
<status status="PASS" starttime="20230602 10:48:30.982" endtime="20230602 10:48:32.424"/>
</kw>
<status status="PASS" starttime="20230602 10:48:30.977" endtime="20230602 10:48:32.424"/>
</kw>
<status status="PASS" starttime="20230602 10:48:30.977" endtime="20230602 10:48:32.424"/>
</branch>
<branch type="ELSE">
<kw name="Wait For Process" library="Process">
<var>${result}</var>
<arg>${process}</arg>
<arg>timeout=60</arg>
<doc>Waits for the process to complete or to reach the given timeout.</doc>
<status status="NOT RUN" starttime="20230602 10:48:32.424" endtime="20230602 10:48:32.424"/>
</kw>
<kw name="Check Result">
<arg>${result}</arg>
<status status="NOT RUN" starttime="20230602 10:48:32.424" endtime="20230602 10:48:32.424"/>
</kw>
<status status="NOT RUN" starttime="20230602 10:48:32.424" endtime="20230602 10:48:32.424"/>
</branch>
<status status="PASS" starttime="20230602 10:48:30.977" endtime="20230602 10:48:32.424"/>
</if>
<status status="PASS" starttime="20230602 10:48:30.976" endtime="20230602 10:48:32.424"/>
</branch>
<status status="PASS" starttime="20230602 10:48:30.976" endtime="20230602 10:48:32.424"/>
</if>
<kw name="Set Suite Variable" library="BuiltIn">
<arg>$process</arg>
<arg>None</arg>
<doc>Makes a variable available everywhere within the scope of the current suite.</doc>
<msg timestamp="20230602 10:48:32.425" level="INFO">${process} = None</msg>
<status status="PASS" starttime="20230602 10:48:32.424" endtime="20230602 10:48:32.425"/>
</kw>
<kw name="Sleep" library="BuiltIn">
<arg>0.5</arg>
<doc>Pauses the test executed for the given time.</doc>
<msg timestamp="20230602 10:48:32.940" level="INFO">Slept 500 milliseconds</msg>
<status status="PASS" starttime="20230602 10:48:32.425" endtime="20230602 10:48:32.940"/>
</kw>
<status status="PASS" starttime="20230602 10:48:30.975" endtime="20230602 10:48:32.940"/>
</kw>
<tag>macos-latest</tag>
<tag>ubuntu-latest</tag>
<tag>windows-latest</tag>
<status status="PASS" starttime="20230602 10:48:23.504" endtime="20230602 10:48:32.940"/>
</test>
<test id="s1-s2-t3" name="First Run" line="32">
<kw name="Set Variable" library="BuiltIn">
<var>${testdata}</var>
<arg>Issue-#147</arg>
<doc>Returns the given values which can then be assigned to a variables.</doc>
<msg timestamp="20230602 10:48:32.942" level="INFO">${testdata} = Issue-#147</msg>
<status status="PASS" starttime="20230602 10:48:32.942" endtime="20230602 10:48:32.942"/>
</kw>
<kw name="Set Variable" library="BuiltIn">
<var>${resultdata}</var>
<arg>20230320_185055_demo</arg>
<doc>Returns the given values which can then be assigned to a variables.</doc>
<msg timestamp="20230602 10:48:32.943" level="INFO">${resultdata} = 20230320_185055_demo</msg>
<status status="PASS" starttime="20230602 10:48:32.942" endtime="20230602 10:48:32.943"/>
</kw>
<kw name="Set Variable" library="BuiltIn">
<var>${basefolder}</var>
<arg>/Users/runner/work/rfswarm/rfswarm/Tests/Regression/Reporter${/}testdata${/}${testdata}</arg>
<doc>Returns the given values which can then be assigned to a variables.</doc>
<msg timestamp="20230602 10:48:32.943" level="INFO">${basefolder} = /Users/runner/work/rfswarm/rfswarm/Tests/Regression/Reporter/testdata/Issue-#147</msg>
<status status="PASS" starttime="20230602 10:48:32.943" endtime="20230602 10:48:32.943"/>
</kw>
<kw name="Should Exist" library="OperatingSystem">
<arg>${basefolder}</arg>
<doc>Fails unless the given path (file or directory) exists.</doc>
<msg timestamp="20230602 10:48:32.944" level="INFO" html="true">Path '&lt;a href="file:///Users/runner/work/rfswarm/rfswarm/Tests/Regression/Reporter/testdata/Issue-#147"&gt;/Users/runner/work/rfswarm/rfswarm/Tests/Regression/Reporter/testdata/Issue-#147&lt;/a&gt;' exists.</msg>
<status status="PASS" starttime="20230602 10:48:32.943" endtime="20230602 10:48:32.944"/>
</kw>
<kw name="Log To Console" library="BuiltIn">
<arg>basefolder: ${basefolder}</arg>
<arg>console=True</arg>
<doc>Logs the given message to the console.</doc>
<status status="PASS" starttime="20230602 10:48:32.944" endtime="20230602 10:48:32.944"/>
</kw>
<kw name="Set Variable" library="BuiltIn">
<var>${resultfolder}</var>
<arg>${basefolder}${/}${resultdata}</arg>
<doc>Returns the given values which can then be assigned to a variables.</doc>
<msg timestamp="20230602 10:48:32.945" level="INFO">${resultfolder} = /Users/runner/work/rfswarm/rfswarm/Tests/Regression/Reporter/testdata/Issue-#147/20230320_185055_demo</msg>
<status status="PASS" starttime="20230602 10:48:32.945" endtime="20230602 10:48:32.945"/>
</kw>
<kw name="Should Exist" library="OperatingSystem">
<arg>${resultfolder}</arg>
<doc>Fails unless the given path (file or directory) exists.</doc>
<msg timestamp="20230602 10:48:32.945" level="INFO" html="true">Path '&lt;a href="file:///Users/runner/work/rfswarm/rfswarm/Tests/Regression/Reporter/testdata/Issue-#147/20230320_185055_demo"&gt;/Users/runner/work/rfswarm/rfswarm/Tests/Regression/Reporter/testdata/Issue-#147/20230320_185055_demo&lt;/a&gt;' exists.</msg>
<status status="PASS" starttime="20230602 10:48:32.945" endtime="20230602 10:48:32.945"/>
</kw>
<kw name="Log" library="BuiltIn">
<arg>resultfolder: ${resultfolder}</arg>
<arg>console=True</arg>
<doc>Logs the given message with the given level.</doc>
<msg timestamp="20230602 10:48:32.946" level="INFO">resultfolder: /Users/runner/work/rfswarm/rfswarm/Tests/Regression/Reporter/testdata/Issue-#147/20230320_185055_demo</msg>
<status status="PASS" starttime="20230602 10:48:32.945" endtime="20230602 10:48:32.946"/>
</kw>
<kw name="Get Time" library="BuiltIn">
<var>${epoch}</var>
<arg>epoch</arg>
<doc>Returns the given time in the requested format.</doc>
<msg timestamp="20230602 10:48:32.946" level="INFO">${epoch} = 1685702912</msg>
<status status="PASS" starttime="20230602 10:48:32.946" endtime="20230602 10:48:32.946"/>
</kw>
<kw name="Open GUI">
<arg>-i</arg>
<arg>blank_${epoch}.ini</arg>
<arg>-d</arg>
<arg>${resultfolder}</arg>
<kw name="Get Variables" library="BuiltIn">
<var>${var}</var>
<doc>Returns a dictionary containing all variables in the current scope.</doc>
<msg timestamp="20230602 10:48:32.947" level="INFO">${var} = {'${/}': '/', '${:}': ':', '${\\n}': '\n', '${DEBUG_FILE}': 'NONE', '${EXECDIR}': '/Users/runner/work/rfswarm/rfswarm', '${False}': False, '${IMAGE_DIR}': '/Users/runner/work/rfswarm/rfswarm/Tests/Reg...</msg>
<status status="PASS" starttime="20230602 10:48:32.947" endtime="20230602 10:48:32.947"/>
</kw>
<kw name="Log" library="BuiltIn">
<arg>${var}</arg>
[...]
</kw>
<kw name="Click Image" library="ImageHorizonLibrary">
<arg>${img}</arg>
<doc>Finds the reference image on screen and clicks it once.</doc>
<msg timestamp="20230602 10:48:55.021" level="INFO">Image "/Users/runner/work/rfswarm/rfswarm/Tests/Regression/Reporter/Images/file_method/reporter_macos_button_ok.png" found at Box(left=506, top=491, width=28, height=22)</msg>
<msg timestamp="20230602 10:48:55.021" level="INFO">Clicking image "reporter_macos_button_ok.png" in position (520, 502)</msg>
<status status="PASS" starttime="20230602 10:48:54.610" endtime="20230602 10:48:55.149"/>
</kw>
<kw name="Sleep" library="BuiltIn">
<arg>${sssleep}</arg>
<doc>Pauses the test executed for the given time.</doc>
<msg timestamp="20230602 10:48:55.669" level="INFO">Slept 500 milliseconds</msg>
<status status="PASS" starttime="20230602 10:48:55.153" endtime="20230602 10:48:55.669"/>
</kw>
<kw name="Take A Screenshot" library="ImageHorizonLibrary">
<doc>Takes a screenshot of the screen.</doc>
<msg timestamp="20230602 10:48:55.670" level="INFO" html="true">Screenshot taken: /Users/runner/work/rfswarm/rfswarm/Tests/Regression/Reporter/Logs/macos-latest_3.11/Reporter.GUIBasic-screenshot-16.png&lt;br/&gt;&lt;img src="/Users/runner/work/rfswarm/rfswarm/Tests/Regression/Reporter/Logs/macos-latest_3.11/Reporter.GUIBasic-screenshot-16.png" width="100%" /&gt;</msg>
<status status="PASS" starttime="20230602 10:48:55.669" endtime="20230602 10:48:56.025"/>
</kw>
<status status="PASS" starttime="20230602 10:48:53.786" endtime="20230602 10:48:56.025"/>
</kw>
<kw name="Take A Screenshot" library="ImageHorizonLibrary">
<doc>Takes a screenshot of the screen.</doc>
<msg timestamp="20230602 10:48:56.026" level="INFO" html="true">Screenshot taken: /Users/runner/work/rfswarm/rfswarm/Tests/Regression/Reporter/Logs/macos-latest_3.11/Reporter.GUIBasic-screenshot-17.png&lt;br/&gt;&lt;img src="/Users/runner/work/rfswarm/rfswarm/Tests/Regression/Reporter/Logs/macos-latest_3.11/Reporter.GUIBasic-screenshot-17.png" width="100%" /&gt;</msg>
<status status="PASS" starttime="20230602 10:48:56.026" endtime="20230602 10:48:56.298"/>
</kw>
<kw name="Click Section">
<arg>Issue#149</arg>
<kw name="Convert To Lower Case" library="String">
<var>${sectnamel}</var>
<arg>${sectname}</arg>
<doc>Converts string to lower case.</doc>
<msg timestamp="20230602 10:48:56.299" level="INFO">${sectnamel} = issue#149</msg>
<status status="PASS" starttime="20230602 10:48:56.299" endtime="20230602 10:48:56.299"/>
</kw>
<kw name="Set Variable" library="BuiltIn">
<var>${img}</var>
<arg>reporter_${platform}_section_${sectnamel}.png</arg>
<doc>Returns the given values which can then be assigned to a variables.</doc>
<msg timestamp="20230602 10:48:56.300" level="INFO">${img} = reporter_macos_section_issue#149.png</msg>
<status status="PASS" starttime="20230602 10:48:56.299" endtime="20230602 10:48:56.300"/>
</kw>
<kw name="Log" library="BuiltIn">
<arg>/Users/runner/work/rfswarm/rfswarm/Tests/Regression/Reporter</arg>
<doc>Logs the given message with the given level.</doc>
<msg timestamp="20230602 10:48:56.301" level="INFO">/Users/runner/work/rfswarm/rfswarm/Tests/Regression/Reporter</msg>
<status status="PASS" starttime="20230602 10:48:56.300" endtime="20230602 10:48:56.301"/>
</kw>
<kw name="Log" library="BuiltIn">
<arg>${IMAGE_DIR}</arg>
<doc>Logs the given message with the given level.</doc>
<msg timestamp="20230602 10:48:56.301" level="INFO">/Users/runner/work/rfswarm/rfswarm/Tests/Regression/Reporter/Images/file_method</msg>
<status status="PASS" starttime="20230602 10:48:56.301" endtime="20230602 10:48:56.301"/>
</kw>
<kw name="Wait For" library="ImageHorizonLibrary">
<arg>${img}</arg>
<arg>timeout=300</arg>
<doc>Tries to locate given image from the screen for given time.</doc>
<kw name="Take A Screenshot" library="ImageHorizonLibrary">
<doc>Takes a screenshot of the screen.</doc>
<msg timestamp="20230602 10:53:56.615" level="INFO" html="true">Screenshot taken: /Users/runner/work/rfswarm/rfswarm/Tests/Regression/Reporter/Logs/macos-latest_3.11/Reporter.GUIBasic-screenshot-18.png&lt;br/&gt;&lt;img src="/Users/runner/work/rfswarm/rfswarm/Tests/Regression/Reporter/Logs/macos-latest_3.11/Reporter.GUIBasic-screenshot-18.png" width="100%" /&gt;</msg>
<status status="PASS" starttime="20230602 10:53:56.614" endtime="20230602 10:53:56.941"/>
</kw>
<msg timestamp="20230602 10:53:56.941" level="FAIL">ImageNotFoundException: Reference image "/Users/runner/work/rfswarm/rfswarm/Tests/Regression/Reporter/Images/file_method/reporter_macos_section_issue#149.png" was not found on screen</msg>
<status status="FAIL" starttime="20230602 10:48:56.301" endtime="20230602 10:53:56.942"/>
</kw>
<kw name="Locate" library="ImageHorizonLibrary">
<var>@{coordinates}</var>
<arg>${img}</arg>
<doc>Locate image on screen.</doc>
<status status="NOT RUN" starttime="20230602 10:53:56.943" endtime="20230602 10:53:56.943"/>
</kw>
<kw name="Click Image" library="ImageHorizonLibrary">
<arg>${img}</arg>
<doc>Finds the reference image on screen and clicks it once.</doc>
<status status="NOT RUN" starttime="20230602 10:53:56.943" endtime="20230602 10:53:56.943"/>
</kw>
<kw name="Sleep" library="BuiltIn">
<arg>${sssleep}</arg>
<doc>Pauses the test executed for the given time.</doc>
<status status="NOT RUN" starttime="20230602 10:53:56.943" endtime="20230602 10:53:56.943"/>
</kw>
<kw name="Take A Screenshot" library="ImageHorizonLibrary">
<doc>Takes a screenshot of the screen.</doc>
<status status="NOT RUN" starttime="20230602 10:53:56.943" endtime="20230602 10:53:56.943"/>
</kw>
<status status="FAIL" starttime="20230602 10:48:56.298" endtime="20230602 10:53:56.944"/>
</kw>
<kw name="Select Field With Label">
<arg>Type</arg>
<status status="NOT RUN" starttime="20230602 10:53:56.944" endtime="20230602 10:53:56.944"/>
</kw>
<kw name="Select Option">
<arg>DataTable</arg>
<status status="NOT RUN" starttime="20230602 10:53:56.944" endtime="20230602 10:53:56.944"/>
</kw>
<kw name="Run Keyword And Continue On Failure" library="BuiltIn">
<arg>Wait For Status</arg>
<arg>PreviewLoaded</arg>
<doc>Runs the keyword and continues execution even if a failure occurs.</doc>
<status status="NOT RUN" starttime="20230602 10:53:56.944" endtime="20230602 10:53:56.944"/>
</kw>
<kw name="Select Field With Label">
<arg>ShowGraphColours</arg>
<status status="NOT RUN" starttime="20230602 10:53:56.944" endtime="20230602 10:53:56.944"/>
</kw>
<kw name="Select Field With Label">
<arg>DataType</arg>
<status status="NOT RUN" starttime="20230602 10:53:56.944" endtime="20230602 10:53:56.944"/>
</kw>
<kw name="Run Keyword And Continue On Failure" library="BuiltIn">
<arg>Wait For Status</arg>
<arg>PreviewLoaded</arg>
<doc>Runs the keyword and continues execution even if a failure occurs.</doc>
<status status="NOT RUN" starttime="20230602 10:53:56.945" endtime="20230602 10:53:56.945"/>
</kw>
<kw name="Find Text">
<arg>Filter Type:</arg>
<status status="NOT RUN" starttime="20230602 10:53:56.945" endtime="20230602 10:53:56.945"/>
</kw>
<kw name="Find Text">
<arg>Result Name</arg>
<status status="NOT RUN" starttime="20230602 10:53:56.945" endtime="20230602 10:53:56.945"/>
</kw>
<kw name="Sleep" library="BuiltIn">
<arg>10</arg>
<doc>Pauses the test executed for the given time.</doc>
<status status="NOT RUN" starttime="20230602 10:53:56.945" endtime="20230602 10:53:56.945"/>
</kw>
<kw name="Take A Screenshot" library="ImageHorizonLibrary">
<doc>Takes a screenshot of the screen.</doc>
<status status="NOT RUN" starttime="20230602 10:53:56.945" endtime="20230602 10:53:56.945"/>
</kw>
<kw name="Close GUI" type="TEARDOWN">
<kw name="Set Variable" library="BuiltIn">
<var>${keyword}</var>
<arg>Close GUI ${platform}</arg>
<doc>Returns the given values which can then be assigned to a variables.</doc>
<msg timestamp="20230602 10:53:56.946" level="INFO">${keyword} = Close GUI macos</msg>
<status status="PASS" starttime="20230602 10:53:56.946" endtime="20230602 10:53:56.946"/>
</kw>
<if>
<branch type="IF" condition="${process}">
<kw name="Is Process Running" library="Process">
<var>${running}</var>
<arg>${process}</arg>
<doc>Checks is the process running or not.</doc>
<msg timestamp="20230602 10:53:56.947" level="INFO">${running} = True</msg>
<status status="PASS" starttime="20230602 10:53:56.947" endtime="20230602 10:53:56.947"/>
</kw>
<if>
<branch type="IF" condition="${running}">
<kw name="Run Keyword" library="BuiltIn">
<arg>${keyword}</arg>
<doc>Executes the given keyword with the given arguments.</doc>
<kw name="Close GUI macos">
<kw name="Click Image" library="ImageHorizonLibrary">
<arg>reporter_${platform}_button_closewindow.png</arg>
<doc>Finds the reference image on screen and clicks it once.</doc>
<msg timestamp="20230602 10:53:57.443" level="INFO">Image "/Users/runner/work/rfswarm/rfswarm/Tests/Regression/Reporter/Images/file_method/reporter_macos_button_closewindow.png" found at Box(left=9, top=31, width=19, height=25)</msg>
<msg timestamp="20230602 10:53:57.443" level="INFO">Clicking image "reporter_macos_button_closewindow.png" in position (18, 43)</msg>
<status status="PASS" starttime="20230602 10:53:56.951" endtime="20230602 10:53:57.618"/>
</kw>
<kw name="Take A Screenshot" library="ImageHorizonLibrary">
<doc>Takes a screenshot of the screen.</doc>
<msg timestamp="20230602 10:53:57.619" level="INFO" html="true">Screenshot taken: /Users/runner/work/rfswarm/rfswarm/Tests/Regression/Reporter/Logs/macos-latest_3.11/Reporter.GUIBasic-screenshot-19.png&lt;br/&gt;&lt;img src="/Users/runner/work/rfswarm/rfswarm/Tests/Regression/Reporter/Logs/macos-latest_3.11/Reporter.GUIBasic-screenshot-19.png" width="100%" /&gt;</msg>
<status status="PASS" starttime="20230602 10:53:57.618" endtime="20230602 10:53:58.120"/>
</kw>
<kw name="Sleep" library="BuiltIn">
<arg>0.5</arg>
<doc>Pauses the test executed for the given time.</doc>
<msg timestamp="20230602 10:53:58.636" level="INFO">Slept 500 milliseconds</msg>
<status status="PASS" starttime="20230602 10:53:58.121" endtime="20230602 10:53:58.636"/>
</kw>
<kw name="End Process If Still Running">
<kw name="Wait For Process" library="Process">
<var>${result}</var>
<arg>${process}</arg>
<arg>timeout=60</arg>
<doc>Waits for the process to complete or to reach the given timeout.</doc>
<msg timestamp="20230602 10:53:58.638" level="INFO">Waiting for process to complete.</msg>
<msg timestamp="20230602 10:53:58.652" level="INFO">Process completed.</msg>
<msg timestamp="20230602 10:53:58.652" level="INFO">${result} = &lt;result object with rc 0&gt;</msg>
<status status="PASS" starttime="20230602 10:53:58.637" endtime="20230602 10:53:58.652"/>
</kw>
<kw name="Is Process Running" library="Process">
<var>${running}</var>
<arg>${process}</arg>
<doc>Checks is the process running or not.</doc>
<msg timestamp="20230602 10:53:58.653" level="INFO">${running} = False</msg>
<status status="PASS" starttime="20230602 10:53:58.653" endtime="20230602 10:53:58.653"/>
</kw>
<if>
<branch type="IF" condition="not ${running}">
<kw name="Check Result">
<arg>${result}</arg>
<kw name="Log" library="BuiltIn">
<arg>${result.stderr}</arg>
<doc>Logs the given message with the given level.</doc>
<msg timestamp="20230602 10:53:58.654" level="INFO"/>
<status status="PASS" starttime="20230602 10:53:58.654" endtime="20230602 10:53:58.654"/>
</kw>
<kw name="Should Not Contain" library="BuiltIn">
<arg>${result.stderr}</arg>
<arg>Traceback</arg>
<doc>Fails if ``container`` contains ``item`` one or more times.</doc>
<status status="PASS" starttime="20230602 10:53:58.655" endtime="20230602 10:53:58.655"/>
</kw>
<kw name="Should Be Equal As Integers" library="BuiltIn">
<arg>${result.rc}</arg>
<arg>0</arg>
<doc>Fails if objects are unequal after converting them to integers.</doc>
<msg timestamp="20230602 10:53:58.656" level="INFO">Argument types are:
&lt;class 'int'&gt;
&lt;class 'str'&gt;</msg>
<status status="PASS" starttime="20230602 10:53:58.655" endtime="20230602 10:53:58.656"/>
</kw>
<status status="PASS" starttime="20230602 10:53:58.653" endtime="20230602 10:53:58.656"/>
</kw>
<status status="PASS" starttime="20230602 10:53:58.653" endtime="20230602 10:53:58.656"/>
</branch>
<branch type="ELSE">
<kw name="Take A Screenshot" library="ImageHorizonLibrary">
<doc>Takes a screenshot of the screen.</doc>
<status status="NOT RUN" starttime="20230602 10:53:58.656" endtime="20230602 10:53:58.656"/>
</kw>
<kw name="Terminate Process" library="Process">
<var>${result}</var>
<arg>${process}</arg>
<doc>Stops the process gracefully or forcefully.</doc>
<status status="NOT RUN" starttime="20230602 10:53:58.656" endtime="20230602 10:53:58.656"/>
</kw>
<kw name="Check Result">
<arg>${result}</arg>
<status status="NOT RUN" starttime="20230602 10:53:58.656" endtime="20230602 10:53:58.656"/>
</kw>
<kw name="Fail" library="BuiltIn">
<arg>Had to Terminate Process</arg>
<doc>Fails the test with the given message and optionally alters its tags.</doc>
<status status="NOT RUN" starttime="20230602 10:53:58.657" endtime="20230602 10:53:58.657"/>
</kw>
<status status="NOT RUN" starttime="20230602 10:53:58.656" endtime="20230602 10:53:58.657"/>
</branch>
<status status="PASS" starttime="20230602 10:53:58.653" endtime="20230602 10:53:58.657"/>
</if>
<status status="PASS" starttime="20230602 10:53:58.637" endtime="20230602 10:53:58.657"/>
</kw>
<status status="PASS" starttime="20230602 10:53:56.951" endtime="20230602 10:53:58.657"/>
</kw>
<status status="PASS" starttime="20230602 10:53:56.947" endtime="20230602 10:53:58.657"/>
</kw>
<status status="PASS" starttime="20230602 10:53:56.947" endtime="20230602 10:53:58.657"/>
</branch>
<branch type="ELSE">
<kw name="Wait For Process" library="Process">
<var>${result}</var>
<arg>${process}</arg>
<arg>timeout=60</arg>
<doc>Waits for the process to complete or to reach the given timeout.</doc>
<status status="NOT RUN" starttime="20230602 10:53:58.657" endtime="20230602 10:53:58.657"/>
</kw>
<kw name="Check Result">
<arg>${result}</arg>
<status status="NOT RUN" starttime="20230602 10:53:58.657" endtime="20230602 10:53:58.657"/>
</kw>
<status status="NOT RUN" starttime="20230602 10:53:58.657" endtime="20230602 10:53:58.657"/>
</branch>
<status status="PASS" starttime="20230602 10:53:56.947" endtime="20230602 10:53:58.657"/>
</if>
<status status="PASS" starttime="20230602 10:53:56.946" endtime="20230602 10:53:58.657"/>
</branch>
<status status="PASS" starttime="20230602 10:53:56.946" endtime="20230602 10:53:58.658"/>
</if>
<kw name="Set Suite Variable" library="BuiltIn">
<arg>$process</arg>
<arg>None</arg>
<doc>Makes a variable available everywhere within the scope of the current suite.</doc>
<msg timestamp="20230602 10:53:58.658" level="INFO">${process} = None</msg>
<status status="PASS" starttime="20230602 10:53:58.658" endtime="20230602 10:53:58.658"/>
</kw>
<kw name="Sleep" library="BuiltIn">
<arg>0.5</arg>
<doc>Pauses the test executed for the given time.</doc>
<msg timestamp="20230602 10:53:59.179" level="INFO">Slept 500 milliseconds</msg>
<status status="PASS" starttime="20230602 10:53:58.658" endtime="20230602 10:53:59.180"/>
</kw>
<status status="PASS" starttime="20230602 10:53:56.946" endtime="20230602 10:53:59.180"/>
</kw>
<tag>Issue #149</tag>
<tag>macos-latest</tag>
<tag>ubuntu-latest</tag>
<tag>windows-latest</tag>
<status status="FAIL" starttime="20230602 10:48:42.064" endtime="20230602 10:53:59.180">ImageNotFoundException: Reference image "/Users/runner/work/rfswarm/rfswarm/Tests/Regression/Reporter/Images/file_method/reporter_macos_section_issue#149.png" was not found on screen</status>
</test>
<test id="s1-s2-t5" name="Intentional Fail" line="95">
<kw name="Fail" library="BuiltIn">
<doc>Fails the test with the given message and optionally alters its tags.</doc>
<msg timestamp="20230602 10:53:59.181" level="FAIL">AssertionError</msg>
<status status="FAIL" starttime="20230602 10:53:59.181" endtime="20230602 10:53:59.182"/>
</kw>
<kw name="Close GUI" type="TEARDOWN">
<kw name="Set Variable" library="BuiltIn">
<var>${keyword}</var>
<arg>Close GUI ${platform}</arg>
<doc>Returns the given values which can then be assigned to a variables.</doc>
<msg timestamp="20230602 10:53:59.182" level="INFO">${keyword} = Close GUI macos</msg>
<status status="PASS" starttime="20230602 10:53:59.182" endtime="20230602 10:53:59.182"/>
</kw>
<if>
<branch type="IF" condition="${process}">
<kw name="Is Process Running" library="Process">
<var>${running}</var>
<arg>${process}</arg>
<doc>Checks is the process running or not.</doc>
<status status="NOT RUN" starttime="20230602 10:53:59.183" endtime="20230602 10:53:59.183"/>
</kw>
<if>
<branch type="IF" condition="${running}">
<kw name="Run Keyword" library="BuiltIn">
<arg>${keyword}</arg>
<doc>Executes the given keyword with the given arguments.</doc>
<status status="NOT RUN" starttime="20230602 10:53:59.183" endtime="20230602 10:53:59.183"/>
</kw>
<status status="NOT RUN" starttime="20230602 10:53:59.183" endtime="20230602 10:53:59.183"/>
</branch>
<branch type="ELSE">
<kw name="Wait For Process" library="Process">
<var>${result}</var>
<arg>${process}</arg>
<arg>timeout=60</arg>
<doc>Waits for the process to complete or to reach the given timeout.</doc>
<status status="NOT RUN" starttime="20230602 10:53:59.183" endtime="20230602 10:53:59.183"/>
</kw>
<kw name="Check Result">
<arg>${result}</arg>
<status status="NOT RUN" starttime="20230602 10:53:59.184" endtime="20230602 10:53:59.184"/>
</kw>
<status status="NOT RUN" starttime="20230602 10:53:59.183" endtime="20230602 10:53:59.184"/>
</branch>
<status status="NOT RUN" starttime="20230602 10:53:59.183" endtime="20230602 10:53:59.184"/>
</if>
<status status="NOT RUN" starttime="20230602 10:53:59.182" endtime="20230602 10:53:59.184"/>
</branch>
<status status="PASS" starttime="20230602 10:53:59.182" endtime="20230602 10:53:59.184"/>
</if>
<kw name="Set Suite Variable" library="BuiltIn">
<arg>$process</arg>
<arg>None</arg>
<doc>Makes a variable available everywhere within the scope of the current suite.</doc>
<msg timestamp="20230602 10:53:59.184" level="INFO">${process} = None</msg>
<status status="PASS" starttime="20230602 10:53:59.184" endtime="20230602 10:53:59.184"/>
</kw>
<kw name="Sleep" library="BuiltIn">
<arg>0.5</arg>
<doc>Pauses the test executed for the given time.</doc>
<msg timestamp="20230602 10:53:59.686" level="INFO">Slept 500 milliseconds</msg>
<status status="PASS" starttime="20230602 10:53:59.184" endtime="20230602 10:53:59.686"/>
</kw>
<status status="PASS" starttime="20230602 10:53:59.182" endtime="20230602 10:53:59.686"/>
</kw>
<doc>Uncomment this test if you want to trigger updating Screenshots in the git repo
Ensure this is commented out before release or pull request</doc>
<tag>macos-latest</tag>
<tag>ubuntu-latest</tag>
<tag>windows-latest</tag>
<status status="FAIL" starttime="20230602 10:53:59.180" endtime="20230602 10:53:59.686">AssertionError</status>
</test>
<status status="FAIL" starttime="20230602 10:48:08.820" endtime="20230602 10:53:59.687"/>
</suite>
<status status="FAIL" starttime="20230602 10:47:36.177" endtime="20230602 10:53:59.688"/>
</suite>
<statistics>
<total>
<stat pass="8" fail="2" skip="0">All Tests</stat>
</total>
<tag>
<stat pass="1" fail="0" skip="0">DOCX</stat>
<stat pass="1" fail="0" skip="0">HTML</stat>
<stat pass="3" fail="0" skip="0">Issue #144</stat>
<stat pass="1" fail="0" skip="0">Issue #147</stat>
<stat pass="0" fail="1" skip="0">Issue #149</stat>
<stat pass="8" fail="2" skip="0">macos-latest</stat>
<stat pass="8" fail="2" skip="0">ubuntu-latest</stat>
<stat pass="8" fail="2" skip="0">windows-latest</stat>
<stat pass="1" fail="0" skip="0">XLSX</stat>
</tag>
<suite>
<stat pass="8" fail="2" skip="0" id="s1" name="Reporter">Reporter</stat>
<stat pass="5" fail="0" skip="0" id="s1-s1" name="CommandLine">Reporter.CommandLine</stat>
<stat pass="3" fail="2" skip="0" id="s1-s2" name="GUI Basic">Reporter.GUI Basic</stat>
</suite>
</statistics>
<errors>
</errors>
</robot>
