<?xml version="1.0" encoding="UTF-8"?>
<robot generator="Robot 7.0 (Python 3.12.2 on darwin)" generated="2024-02-25T07:34:19.097870" rpa="false" schemaversion="5">
<suite id="s1" name="Manager" source="/Users/runner/work/rfswarm/rfswarm/Tests/Regression/Manager">
<suite id="s1-s1" name="CommandLine" source="/Users/runner/work/rfswarm/rfswarm/Tests/Regression/Manager/CommandLine.robot">
<kw name="Clean Up Old Files" type="SETUP">
<kw name="Log To Console" owner="BuiltIn">
<arg>${OUTPUT DIR}</arg>
<doc>Logs the given message to the console.</doc>
<status status="PASS" start="2024-02-25T07:34:19.140589" elapsed="0.000282"/>
</kw>
<kw name="Remove File" owner="OperatingSystem">
<msg time="2024-02-25T07:34:19.141838" level="INFO" html="true">Removed file '&lt;a href="file:///Users/runner/work/rfswarm/rfswarm/Tests/Regression/Manager/Logs/macos-latest_3.10/stdout.txt"&gt;/Users/runner/work/rfswarm/rfswarm/Tests/Regression/Manager/Logs/macos-latest_3.10/stdout.txt&lt;/a&gt;'.</msg>
<msg time="2024-02-25T07:34:19.142052" level="INFO" html="true">Removed file '&lt;a href="file:///Users/runner/work/rfswarm/rfswarm/Tests/Regression/Manager/Logs/macos-latest_3.10/stderr.txt"&gt;/Users/runner/work/rfswarm/rfswarm/Tests/Regression/Manager/Logs/macos-latest_3.10/stderr.txt&lt;/a&gt;'.</msg>
<arg>${OUTPUT DIR}${/}*.txt</arg>
<doc>Removes a file with the given path.</doc>
<status status="PASS" start="2024-02-25T07:34:19.141038" elapsed="0.001089"/>
</kw>
<kw name="Remove File" owner="OperatingSystem">
<msg time="2024-02-25T07:34:19.142854" level="INFO" html="true">Removed file '&lt;a href="file:///Users/runner/work/rfswarm/rfswarm/Tests/Regression/Manager/Logs/macos-latest_3.10/Manager.GUIBasic-screenshot-1.png"&gt;/Users/runner/work/rfswarm/rfswarm/Tests/Regression/Manager/Logs/macos-latest_3.10/Manager.GUIBasic-screenshot-1.png&lt;/a&gt;'.</msg>
<msg time="2024-02-25T07:34:19.143091" level="INFO" html="true">Removed file '&lt;a href="file:///Users/runner/work/rfswarm/rfswarm/Tests/Regression/Manager/Logs/macos-latest_3.10/Manager.GUIBasic-screenshot-2.png"&gt;/Users/runner/work/rfswarm/rfswarm/Tests/Regression/Manager/Logs/macos-latest_3.10/Manager.GUIBasic-screenshot-2.png&lt;/a&gt;'.</msg>
<msg time="2024-02-25T07:34:19.143307" level="INFO" html="true">Removed file '&lt;a href="file:///Users/runner/work/rfswarm/rfswarm/Tests/Regression/Manager/Logs/macos-latest_3.10/Manager.GUIBasic-screenshot-3.png"&gt;/Users/runner/work/rfswarm/rfswarm/Tests/Regression/Manager/Logs/macos-latest_3.10/Manager.GUIBasic-screenshot-3.png&lt;/a&gt;'.</msg>
<msg time="2024-02-25T07:34:19.143539" level="INFO" html="true">Removed file '&lt;a href="file:///Users/runner/work/rfswarm/rfswarm/Tests/Regression/Manager/Logs/macos-latest_3.10/Manager.GUIBasic-screenshot-6.png"&gt;/Users/runner/work/rfswarm/rfswarm/Tests/Regression/Manager/Logs/macos-latest_3.10/Manager.GUIBasic-screenshot-6.png&lt;/a&gt;'.</msg>
<msg time="2024-02-25T07:34:19.143815" level="INFO" html="true">Removed file '&lt;a href="file:///Users/runner/work/rfswarm/rfswarm/Tests/Regression/Manager/Logs/macos-latest_3.10/Manager.GUIBasic-screenshot-4.png"&gt;/Users/runner/work/rfswarm/rfswarm/Tests/Regression/Manager/Logs/macos-latest_3.10/Manager.GUIBasic-screenshot-4.png&lt;/a&gt;'.</msg>
<msg time="2024-02-25T07:34:19.144022" level="INFO" html="true">Removed file '&lt;a href="file:///Users/runner/work/rfswarm/rfswarm/Tests/Regression/Manager/Logs/macos-latest_3.10/Manager.GUIBasic-screenshot-5.png"&gt;/Users/runner/work/rfswarm/rfswarm/Tests/Regression/Manager/Logs/macos-latest_3.10/Manager.GUIBasic-screenshot-5.png&lt;/a&gt;'.</msg>
<arg>${OUTPUT DIR}${/}*.png</arg>
<doc>Removes a file with the given path.</doc>
<status status="PASS" start="2024-02-25T07:34:19.142251" elapsed="0.001839"/>
</kw>
<tag>macos-latest</tag>
<tag>ubuntu-latest</tag>
<tag>windows-latest</tag>
<status status="PASS" start="2024-02-25T07:34:19.140014" elapsed="0.004167"/>
</kw>
<test id="s1-s1-t1" name="Random Offset" line="11">
<kw name="Evaluate" owner="BuiltIn">
<msg time="2024-02-25T07:34:19.145146" level="INFO">${random} = 38</msg>
<var>${random}</var>
<arg>random.randint(0, 60)</arg>
<doc>Evaluates the given expression in Python and returns the result.</doc>
<status status="PASS" start="2024-02-25T07:34:19.144843" elapsed="0.000336"/>
</kw>
<kw name="Sleep" owner="BuiltIn">
<msg time="2024-02-25T07:34:57.145788" level="INFO">Slept 38 seconds.</msg>
<arg>${random}</arg>
<doc>Pauses the test executed for the given time.</doc>
<status status="PASS" start="2024-02-25T07:34:19.145302" elapsed="38.000612"/>
</kw>
<doc>This just prevents all the test runners doing git push at the same time</doc>
<tag>macos-latest</tag>
<tag>ubuntu-latest</tag>
<tag>windows-latest</tag>
<status status="PASS" start="2024-02-25T07:34:19.144285" elapsed="38.001830"/>
</test>
<test id="s1-s1-t2" name="Manager Version" line="17">
<kw name="Run" owner="OperatingSystem">
<msg time="2024-02-25T07:34:57.149835" level="INFO">Running command 'rfswarm-agent -v 2&gt;&amp;1'.</msg>
<msg time="2024-02-25T07:34:57.567237" level="INFO">${result} = Robot Framework Swarm: Run Agent
	Version v1.2.2.dev20240225071703</msg>
<var>${result}</var>
<arg>${cmd_agent} -v</arg>
<doc>Runs the given command in the system and returns the output.</doc>
<status status="PASS" start="2024-02-25T07:34:57.146842" elapsed="0.420505"/>
</kw>
<kw name="Log To Console" owner="BuiltIn">
<arg>${\n}${result}</arg>
<doc>Logs the given message to the console.</doc>
<status status="PASS" start="2024-02-25T07:34:57.567754" elapsed="0.000489"/>
</kw>
<kw name="Should Contain" owner="BuiltIn">
<arg>${result}</arg>
<arg>Version</arg>
<doc>Fails if ``container`` does not contain ``item`` one or more times.</doc>
<status status="PASS" start="2024-02-25T07:34:57.569939" elapsed="0.000389"/>
</kw>
<kw name="Should Contain" owner="BuiltIn">
<msg time="2024-02-25T07:34:57.570840" level="FAIL">'Robot Framework Swarm: Run Agent
	Version v1.2.2.dev20240225071703' does not contain 'Manager'</msg>
<arg>${result}</arg>
<arg>Manager</arg>
<doc>Fails if ``container`` does not contain ``item`` one or more times.</doc>
<status status="FAIL" start="2024-02-25T07:34:57.570512" elapsed="0.000743">'Robot Framework Swarm: Run Agent
	Version v1.2.2.dev20240225071703' does not contain 'Manager'</status>
</kw>
<tag>macos-latest</tag>
<tag>ubuntu-latest</tag>
<tag>windows-latest</tag>
<status status="FAIL" start="2024-02-25T07:34:57.146431" elapsed="0.425123">'Robot Framework Swarm: Run Agent
	Version v1.2.2.dev20240225071703' does not contain 'Manager'</status>
</test>
<test id="s1-s1-t3" name="Manager Help" line="25">
<kw name="Run" owner="OperatingSystem">
<msg time="2024-02-25T07:34:57.575699" level="INFO">Running command 'rfswarm-agent -h 2&gt;&amp;1'.</msg>
<msg time="2024-02-25T07:34:57.832445" level="INFO">${result} = Robot Framework Swarm: Run Agent
	Version v1.2.2.dev20240225071703
usage: rfswarm-agent [-h] [-g DEBUG] [-v] [-i INI] [-m MANAGER] [-d AGENTDIR]
                     [-r ROBOT] [-x] [-a AGENTNAME] [-p...</msg>
<var>${result}</var>
<arg>${cmd_agent} -h</arg>
<doc>Runs the given command in the system and returns the output.</doc>
<status status="PASS" start="2024-02-25T07:34:57.572502" elapsed="0.260049"/>
</kw>
<kw name="Log To Console" owner="BuiltIn">
<arg>${\n}${result}</arg>
<doc>Logs the given message to the console.</doc>
<status status="PASS" start="2024-02-25T07:34:57.832990" elapsed="0.000654"/>
</kw>
<kw name="Should Contain" owner="BuiltIn">
<msg time="2024-02-25T07:34:57.834131" level="FAIL">'Robot Framework Swarm: Run Agent
	Version v1.2.2.dev20240225071703
usage: rfswarm-agent [-h] [-g DEBUG] [-v] [-i INI] [-m MANAGER] [-d AGENTDIR]
                     [-r ROBOT] [-x] [-a AGENTNAME] [-p PROPERTY]

options:
  -h, --help            show this help message and exit
  -g DEBUG, --debug DEBUG
                        Set debug level, default level is 0
  -v, --version         Display the version and exit
  -i INI, --ini INI     path to alternate ini file
  -m MANAGER, --manager MANAGER
                        The manager to connect to e.g. http://localhost:8138/
  -d AGENTDIR, --agentdir AGENTDIR
                        The directory the agent should use for files
  -r ROBOT, --robot ROBOT
                        The robot framework executable
  -x, --xmlmode         XML Mode, fall back to pasing the output.xml after
                        each iteration
  -a AGENTNAME, --agentname AGENTNAME
                        Set agent name
  -p PROPERTY, --property PROPERTY
                        Add a custom property, if multiple properties are
                        required use this argument for each property e.g. -p
                        property1 -p "Property 2"' does not contain 'IPADDRESS'</msg>
<arg>${result}</arg>
<arg>IPADDRESS</arg>
<doc>Fails if ``container`` does not contain ``item`` one or more times.</doc>
<status status="FAIL" start="2024-02-25T07:34:57.833791" elapsed="0.000633">'Robot Framework Swarm: Run Agent
	Version v1.2.2.dev20240225071703
usage: rfswarm-agent [-h] [-g DEBUG] [-v] [-i INI] [-m MANAGER] [-d AGENTDIR]
                     [-r ROBOT] [-x] [-a AGENTNAME] [-p PROPERTY]

options:
  -h, --help            show this help message and exit
  -g DEBUG, --debug DEBUG
                        Set debug level, default level is 0
  -v, --version         Display the version and exit
  -i INI, --ini INI     path to alternate ini file
  -m MANAGER, --manager MANAGER
                        The manager to connect to e.g. http://localhost:8138/
  -d AGENTDIR, --agentdir AGENTDIR
                        The directory the agent should use for files
  -r ROBOT, --robot ROBOT
                        The robot framework executable
  -x, --xmlmode         XML Mode, fall back to pasing the output.xml after
                        each iteration
  -a AGENTNAME, --agentname AGENTNAME
                        Set agent name
  -p PROPERTY, --property PROPERTY
                        Add a custom property, if multiple properties are
                        required use this argument for each property e.g. -p
                        property1 -p "Property 2"' does not contain 'IPADDRESS'</status>
</kw>
<tag>macos-latest</tag>
<tag>ubuntu-latest</tag>
<tag>windows-latest</tag>
<status status="FAIL" start="2024-02-25T07:34:57.571977" elapsed="0.262744">'Robot Framework Swarm: Run Agent
	Version v1.2.2.dev20240225071703
usage: rfswarm-agent [-h] [-g DEBUG] [-v] [-i INI] [-m MANAGER] [-d AGENTDIR]
                     [-r ROBOT] [-x] [-a AGENTNAME] [-p PROPERTY]

options:
  -h, --help            show this help message and exit
  -g DEBUG, --debug DEBUG
                        Set debug level, default level is 0
  -v, --version         Display the version and exit
  -i INI, --ini INI     path to alternate ini file
  -m MANAGER, --manager MANAGER
                        The manager to connect to e.g. http://localhost:8138/
  -d AGENTDIR, --agentdir AGENTDIR
                        The directory the agent should use for files
  -r ROBOT, --robot ROBOT
                        The robot framework executable
  -x, --xmlmode         XML Mode, fall back to pasing the output.xml after
                        each iteration
  -a AGENTNAME, --agentname AGENTNAME
                        Set agent name
  -p PROPERTY, --property PROPERTY
                        Add a custom property, if multiple properties are
                        required use this argument for each property e.g. -p
                        property1 -p "Property 2"' does not contain 'IPADDRESS'</status>
</test>
<status status="FAIL" start="2024-02-25T07:34:19.128414" elapsed="38.707099"/>
</suite>
<suite id="s1-s2" name="GUI Basic" source="/Users/runner/work/rfswarm/rfswarm/Tests/Regression/Manager/GUI_Basic.robot">
<test id="s1-s2-t1" name="Open GUI" line="16">
<kw name="Set Suite Variable" owner="BuiltIn">
<msg time="2024-02-25T07:35:09.639572" level="INFO">${platform} = macos</msg>
<arg>${platform}</arg>
<arg>macos</arg>
<doc>Makes a variable available everywhere within the scope of the current suite.</doc>
<status status="PASS" start="2024-02-25T07:35:09.638544" elapsed="0.001117"/>
</kw>
<kw name="Set Confidence" owner="ImageHorizonLibrary">
<arg>0.9</arg>
<doc>Sets the accuracy when finding images.</doc>
<status status="PASS" start="2024-02-25T07:35:09.639830" elapsed="0.000166"/>
</kw>
<kw name="Start Process" owner="Process">
<msg time="2024-02-25T07:35:09.640997" level="INFO">Starting process:
rfswarm</msg>
<msg time="2024-02-25T07:35:09.648670" level="INFO">${process} = &lt;Popen: returncode: None args: ['rfswarm']&gt;</msg>
<var>${process}</var>
<arg>${cmd_manager}</arg>
<arg>alias=Manager</arg>
<arg>stdout=${OUTPUT DIR}${/}stdout.txt</arg>
<arg>stderr=${OUTPUT DIR}${/}stderr.txt</arg>
<doc>Starts a new process on background.</doc>
<status status="PASS" start="2024-02-25T07:35:09.640144" elapsed="0.008788"/>
</kw>
<kw name="Set Test Variable" owner="BuiltIn">
<msg time="2024-02-25T07:35:09.649850" level="INFO">${process} = &lt;Popen: returncode: None args: ['rfswarm']&gt;</msg>
<arg>$process</arg>
<arg>${process}</arg>
<doc>Makes a variable available everywhere within the scope of the current test.</doc>
<status status="PASS" start="2024-02-25T07:35:09.649413" elapsed="0.000497"/>
</kw>
<kw name="Sleep" owner="BuiltIn">
<msg time="2024-02-25T07:35:19.652395" level="INFO">Slept 10 seconds.</msg>
<arg>10</arg>
<doc>Pauses the test executed for the given time.</doc>
<status status="PASS" start="2024-02-25T07:35:09.650059" elapsed="10.002476"/>
</kw>
<kw name="Set Screenshot Folder" owner="ImageHorizonLibrary">
<arg>${OUTPUT DIR}</arg>
<doc>Sets the folder where screenshots are saved to.</doc>
<status status="PASS" start="2024-02-25T07:35:19.652748" elapsed="0.000378"/>
</kw>
<kw name="Take A Screenshot" owner="ImageHorizonLibrary">
<msg time="2024-02-25T07:35:19.653570" level="INFO" html="true">Screenshot taken: /Users/runner/work/rfswarm/rfswarm/Tests/Regression/Manager/Logs/macos-latest_3.10/Manager.GUIBasic-screenshot-1.png&lt;br/&gt;&lt;img src="/Users/runner/work/rfswarm/rfswarm/Tests/Regression/Manager/Logs/macos-latest_3.10/Manager.GUIBasic-screenshot-1.png" width="100%" /&gt;</msg>
<doc>Takes a screenshot of the screen.</doc>
<status status="PASS" start="2024-02-25T07:35:19.653285" elapsed="0.340426"/>
</kw>
<tag>macos-latest</tag>
<status status="PASS" start="2024-02-25T07:35:09.637580" elapsed="10.356574"/>
</test>
<test id="s1-s2-t2" name="Select Run Tab" line="49">
<kw name="Click Tab">
<kw name="Convert To Lower Case" owner="String">
<msg time="2024-02-25T07:35:19.996434" level="INFO">${tabnamel} = run</msg>
<var>${tabnamel}</var>
<arg>${tabname}</arg>
<doc>Converts string to lower case.</doc>
<status status="PASS" start="2024-02-25T07:35:19.996167" elapsed="0.000365"/>
</kw>
<kw name="Set Variable" owner="BuiltIn">
<msg time="2024-02-25T07:35:19.997511" level="INFO">${img} = manager_macos_tab_run.png</msg>
<var>${img}</var>
<arg>manager_${platform}_tab_${tabnamel}.png</arg>
<doc>Returns the given values which can then be assigned to a variables.</doc>
<status status="PASS" start="2024-02-25T07:35:19.996936" elapsed="0.000611"/>
</kw>
<kw name="Log" owner="BuiltIn">
<msg time="2024-02-25T07:35:19.997856" level="INFO">/Users/runner/work/rfswarm/rfswarm/Tests/Regression/Manager</msg>
<arg>/Users/runner/work/rfswarm/rfswarm/Tests/Regression/Manager</arg>
<doc>Logs the given message with the given level.</doc>
<status status="PASS" start="2024-02-25T07:35:19.997700" elapsed="0.000214"/>
</kw>
<kw name="Log" owner="BuiltIn">
<msg time="2024-02-25T07:35:19.998202" level="INFO">/Users/runner/work/rfswarm/rfswarm/Tests/Regression/Manager/Images/file_method</msg>
<arg>${IMAGE_DIR}</arg>
<doc>Logs the given message with the given level.</doc>
<status status="PASS" start="2024-02-25T07:35:19.998056" elapsed="0.000200"/>
</kw>
<kw name="Wait For" owner="ImageHorizonLibrary">
<msg time="2024-02-25T07:35:20.477822" level="INFO">Image "manager_macos_tab_run.png" found at (364, 75)</msg>
<arg>${img}</arg>
<arg>timeout=300</arg>
<doc>Tries to locate given image from the screen for given time.</doc>
<status status="PASS" start="2024-02-25T07:35:19.998517" elapsed="0.479674"/>
</kw>
<kw name="Locate" owner="ImageHorizonLibrary">
<msg time="2024-02-25T07:35:20.939953" level="INFO">Image "/Users/runner/work/rfswarm/rfswarm/Tests/Regression/Manager/Images/file_method/manager_macos_tab_run.png" found at Box(left=342, top=62, width=44, height=26)</msg>
<msg time="2024-02-25T07:35:20.940607" level="INFO">@{coordinates} = [ 364 | 75 ]</msg>
<var>@{coordinates}</var>
<arg>${img}</arg>
<doc>Locate image on screen.</doc>
<status status="PASS" start="2024-02-25T07:35:20.478634" elapsed="0.462020"/>
</kw>
<kw name="Click Image" owner="ImageHorizonLibrary">
<msg time="2024-02-25T07:35:21.336229" level="INFO">Image "/Users/runner/work/rfswarm/rfswarm/Tests/Regression/Manager/Images/file_method/manager_macos_tab_run.png" found at Box(left=342, top=62, width=44, height=26)</msg>
<msg time="2024-02-25T07:35:21.336530" level="INFO">Clicking image "manager_macos_tab_run.png" in position (364, 75)</msg>
<arg>${img}</arg>
<doc>Finds the reference image on screen and clicks it once.</doc>
<status status="PASS" start="2024-02-25T07:35:20.941082" elapsed="0.712278"/>
</kw>
<kw name="Sleep" owner="BuiltIn">
<msg time="2024-02-25T07:35:21.756989" level="INFO">Slept 100 milliseconds.</msg>
<arg>0.1</arg>
<doc>Pauses the test executed for the given time.</doc>
<status status="PASS" start="2024-02-25T07:35:21.653828" elapsed="0.103286"/>
</kw>
<kw name="Take A Screenshot" owner="ImageHorizonLibrary">
<msg time="2024-02-25T07:35:21.757678" level="INFO" html="true">Screenshot taken: /Users/runner/work/rfswarm/rfswarm/Tests/Regression/Manager/Logs/macos-latest_3.10/Manager.GUIBasic-screenshot-2.png&lt;br/&gt;&lt;img src="/Users/runner/work/rfswarm/rfswarm/Tests/Regression/Manager/Logs/macos-latest_3.10/Manager.GUIBasic-screenshot-2.png" width="100%" /&gt;</msg>
<doc>Takes a screenshot of the screen.</doc>
<status status="PASS" start="2024-02-25T07:35:21.757326" elapsed="0.271973"/>
</kw>
<arg>Run</arg>
<status status="PASS" start="2024-02-25T07:35:19.995469" elapsed="2.034277"/>
</kw>
<kw name="Sleep" owner="BuiltIn">
<msg time="2024-02-25T07:35:27.036188" level="INFO">Slept 5 seconds.</msg>
<arg>5</arg>
<doc>Pauses the test executed for the given time.</doc>
<status status="PASS" start="2024-02-25T07:35:22.030161" elapsed="5.006165"/>
</kw>
<tag>macos-latest</tag>
<tag>ubuntu-latest</tag>
<tag>windows-latest</tag>
<status status="PASS" start="2024-02-25T07:35:19.994608" elapsed="7.041998"/>
</test>
<test id="s1-s2-t3" name="Select Agents Tab" line="54">
<kw name="Click Tab">
<kw name="Convert To Lower Case" owner="String">
<msg time="2024-02-25T07:35:27.038491" level="INFO">${tabnamel} = agents</msg>
<var>${tabnamel}</var>
<arg>${tabname}</arg>
<doc>Converts string to lower case.</doc>
<status status="PASS" start="2024-02-25T07:35:27.038252" elapsed="0.000273"/>
</kw>
<kw name="Set Variable" owner="BuiltIn">
<msg time="2024-02-25T07:35:27.038912" level="INFO">${img} = manager_macos_tab_agents.png</msg>
<var>${img}</var>
<arg>manager_${platform}_tab_${tabnamel}.png</arg>
<doc>Returns the given values which can then be assigned to a variables.</doc>
<status status="PASS" start="2024-02-25T07:35:27.038680" elapsed="0.000262"/>
</kw>
<kw name="Log" owner="BuiltIn">
<msg time="2024-02-25T07:35:27.039202" level="INFO">/Users/runner/work/rfswarm/rfswarm/Tests/Regression/Manager</msg>
<arg>/Users/runner/work/rfswarm/rfswarm/Tests/Regression/Manager</arg>
<doc>Logs the given message with the given level.</doc>
<status status="PASS" start="2024-02-25T07:35:27.039084" elapsed="0.000180"/>
</kw>
<kw name="Log" owner="BuiltIn">
<msg time="2024-02-25T07:35:27.039521" level="INFO">/Users/runner/work/rfswarm/rfswarm/Tests/Regression/Manager/Images/file_method</msg>
<arg>${IMAGE_DIR}</arg>
<doc>Logs the given message with the given level.</doc>
<status status="PASS" start="2024-02-25T07:35:27.039384" elapsed="0.000189"/>
</kw>
<kw name="Wait For" owner="ImageHorizonLibrary">
<msg time="2024-02-25T07:35:27.421203" level="INFO">Image "manager_macos_tab_agents.png" found at (423, 74)</msg>
<arg>${img}</arg>
<arg>timeout=300</arg>
<doc>Tries to locate given image from the screen for given time.</doc>
<status status="PASS" start="2024-02-25T07:35:27.039701" elapsed="0.381840"/>
</kw>
<kw name="Locate" owner="ImageHorizonLibrary">
<msg time="2024-02-25T07:35:27.820480" level="INFO">Image "/Users/runner/work/rfswarm/rfswarm/Tests/Regression/Manager/Images/file_method/manager_macos_tab_agents.png" found at Box(left=397, top=62, width=52, height=25)</msg>
<msg time="2024-02-25T07:35:27.821108" level="INFO">@{coordinates} = [ 423 | 74 ]</msg>
<var>@{coordinates}</var>
<arg>${img}</arg>
<doc>Locate image on screen.</doc>
<status status="PASS" start="2024-02-25T07:35:27.421966" elapsed="0.399187"/>
</kw>
<kw name="Click Image" owner="ImageHorizonLibrary">
<msg time="2024-02-25T07:35:28.245197" level="INFO">Image "/Users/runner/work/rfswarm/rfswarm/Tests/Regression/Manager/Images/file_method/manager_macos_tab_agents.png" found at Box(left=397, top=62, width=52, height=25)</msg>
<msg time="2024-02-25T07:35:28.245478" level="INFO">Clicking image "manager_macos_tab_agents.png" in position (423, 74)</msg>
<arg>${img}</arg>
<doc>Finds the reference image on screen and clicks it once.</doc>
<status status="PASS" start="2024-02-25T07:35:27.821553" elapsed="0.566066"/>
</kw>
<kw name="Sleep" owner="BuiltIn">
<msg time="2024-02-25T07:35:28.506642" level="INFO">Slept 100 milliseconds.</msg>
<arg>0.1</arg>
<doc>Pauses the test executed for the given time.</doc>
<status status="PASS" start="2024-02-25T07:35:28.388086" elapsed="0.118677"/>
</kw>
<kw name="Take A Screenshot" owner="ImageHorizonLibrary">
<msg time="2024-02-25T07:35:28.507337" level="INFO" html="true">Screenshot taken: /Users/runner/work/rfswarm/rfswarm/Tests/Regression/Manager/Logs/macos-latest_3.10/Manager.GUIBasic-screenshot-3.png&lt;br/&gt;&lt;img src="/Users/runner/work/rfswarm/rfswarm/Tests/Regression/Manager/Logs/macos-latest_3.10/Manager.GUIBasic-screenshot-3.png" width="100%" /&gt;</msg>
<doc>Takes a screenshot of the screen.</doc>
<status status="PASS" start="2024-02-25T07:35:28.506974" elapsed="0.267921"/>
</kw>
<arg>Agents</arg>
<status status="PASS" start="2024-02-25T07:35:27.037834" elapsed="1.737425"/>
</kw>
<kw name="Sleep" owner="BuiltIn">
<msg time="2024-02-25T07:35:33.776097" level="INFO">Slept 5 seconds.</msg>
<arg>5</arg>
<doc>Pauses the test executed for the given time.</doc>
<status status="PASS" start="2024-02-25T07:35:28.775600" elapsed="5.000690"/>
</kw>
<tag>macos-latest</tag>
<tag>ubuntu-latest</tag>
<tag>windows-latest</tag>
<status status="PASS" start="2024-02-25T07:35:27.037105" elapsed="6.739918"/>
</test>
<test id="s1-s2-t4" name="Select About Tab" line="59">
<kw name="Click Tab">
<kw name="Convert To Lower Case" owner="String">
<msg time="2024-02-25T07:35:33.779343" level="INFO">${tabnamel} = about</msg>
<var>${tabnamel}</var>
<arg>${tabname}</arg>
<doc>Converts string to lower case.</doc>
<status status="PASS" start="2024-02-25T07:35:33.779099" elapsed="0.000282"/>
</kw>
<kw name="Set Variable" owner="BuiltIn">
<msg time="2024-02-25T07:35:33.779785" level="INFO">${img} = manager_macos_tab_about.png</msg>
<var>${img}</var>
<arg>manager_${platform}_tab_${tabnamel}.png</arg>
<doc>Returns the given values which can then be assigned to a variables.</doc>
<status status="PASS" start="2024-02-25T07:35:33.779547" elapsed="0.000270"/>
</kw>
<kw name="Log" owner="BuiltIn">
<msg time="2024-02-25T07:35:33.780088" level="INFO">/Users/runner/work/rfswarm/rfswarm/Tests/Regression/Manager</msg>
<arg>/Users/runner/work/rfswarm/rfswarm/Tests/Regression/Manager</arg>
<doc>Logs the given message with the given level.</doc>
<status status="PASS" start="2024-02-25T07:35:33.779965" elapsed="0.000187"/>
</kw>
<kw name="Log" owner="BuiltIn">
<msg time="2024-02-25T07:35:33.780675" level="INFO">/Users/runner/work/rfswarm/rfswarm/Tests/Regression/Manager/Images/file_method</msg>
<arg>${IMAGE_DIR}</arg>
<doc>Logs the given message with the given level.</doc>
<status status="PASS" start="2024-02-25T07:35:33.780511" elapsed="0.000221"/>
</kw>
<kw name="Wait For" owner="ImageHorizonLibrary">
<msg time="2024-02-25T07:35:34.155189" level="INFO">Image "manager_macos_tab_about.png" found at (487, 75)</msg>
<arg>${img}</arg>
<arg>timeout=300</arg>
<doc>Tries to locate given image from the screen for given time.</doc>
<status status="PASS" start="2024-02-25T07:35:33.780855" elapsed="0.374674"/>
</kw>
<kw name="Locate" owner="ImageHorizonLibrary">
<msg time="2024-02-25T07:35:34.532865" level="INFO">Image "/Users/runner/work/rfswarm/rfswarm/Tests/Regression/Manager/Images/file_method/manager_macos_tab_about.png" found at Box(left=464, top=62, width=46, height=26)</msg>
<msg time="2024-02-25T07:35:34.533473" level="INFO">@{coordinates} = [ 487 | 75 ]</msg>
<var>@{coordinates}</var>
<arg>${img}</arg>
<doc>Locate image on screen.</doc>
<status status="PASS" start="2024-02-25T07:35:34.155958" elapsed="0.377559"/>
</kw>
<kw name="Click Image" owner="ImageHorizonLibrary">
<msg time="2024-02-25T07:35:34.912137" level="INFO">Image "/Users/runner/work/rfswarm/rfswarm/Tests/Regression/Manager/Images/file_method/manager_macos_tab_about.png" found at Box(left=464, top=62, width=46, height=26)</msg>
<msg time="2024-02-25T07:35:34.912438" level="INFO">Clicking image "manager_macos_tab_about.png" in position (487, 75)</msg>
<arg>${img}</arg>
<doc>Finds the reference image on screen and clicks it once.</doc>
<status status="PASS" start="2024-02-25T07:35:34.533922" elapsed="0.507864"/>
</kw>
<kw name="Sleep" owner="BuiltIn">
<msg time="2024-02-25T07:35:35.145592" level="INFO">Slept 100 milliseconds.</msg>
<arg>0.1</arg>
<doc>Pauses the test executed for the given time.</doc>
<status status="PASS" start="2024-02-25T07:35:35.042245" elapsed="0.103472"/>
</kw>
<kw name="Take A Screenshot" owner="ImageHorizonLibrary">
<msg time="2024-02-25T07:35:35.146285" level="INFO" html="true">Screenshot taken: /Users/runner/work/rfswarm/rfswarm/Tests/Regression/Manager/Logs/macos-latest_3.10/Manager.GUIBasic-screenshot-4.png&lt;br/&gt;&lt;img src="/Users/runner/work/rfswarm/rfswarm/Tests/Regression/Manager/Logs/macos-latest_3.10/Manager.GUIBasic-screenshot-4.png" width="100%" /&gt;</msg>
<doc>Takes a screenshot of the screen.</doc>
<status status="PASS" start="2024-02-25T07:35:35.145940" elapsed="0.253357"/>
</kw>
<arg>About</arg>
<status status="PASS" start="2024-02-25T07:35:33.778685" elapsed="1.620897"/>
</kw>
<kw name="Sleep" owner="BuiltIn">
<msg time="2024-02-25T07:35:40.407815" level="INFO">Slept 5 seconds.</msg>
<arg>5</arg>
<doc>Pauses the test executed for the given time.</doc>
<status status="PASS" start="2024-02-25T07:35:35.399906" elapsed="5.008072"/>
</kw>
<tag>macos-latest</tag>
<tag>ubuntu-latest</tag>
<tag>windows-latest</tag>
<status status="PASS" start="2024-02-25T07:35:33.777622" elapsed="6.630682"/>
</test>
<test id="s1-s2-t5" name="Select Plan Tab" line="64">
<kw name="Click Tab">
<kw name="Convert To Lower Case" owner="String">
<msg time="2024-02-25T07:35:40.410073" level="INFO">${tabnamel} = plan</msg>
<var>${tabnamel}</var>
<arg>${tabname}</arg>
<doc>Converts string to lower case.</doc>
<status status="PASS" start="2024-02-25T07:35:40.409842" elapsed="0.000264"/>
</kw>
<kw name="Set Variable" owner="BuiltIn">
<msg time="2024-02-25T07:35:40.410472" level="INFO">${img} = manager_macos_tab_plan.png</msg>
<var>${img}</var>
<arg>manager_${platform}_tab_${tabnamel}.png</arg>
<doc>Returns the given values which can then be assigned to a variables.</doc>
<status status="PASS" start="2024-02-25T07:35:40.410244" elapsed="0.000259"/>
</kw>
<kw name="Log" owner="BuiltIn">
<msg time="2024-02-25T07:35:40.410759" level="INFO">/Users/runner/work/rfswarm/rfswarm/Tests/Regression/Manager</msg>
<arg>/Users/runner/work/rfswarm/rfswarm/Tests/Regression/Manager</arg>
<doc>Logs the given message with the given level.</doc>
<status status="PASS" start="2024-02-25T07:35:40.410642" elapsed="0.000170"/>
</kw>
<kw name="Log" owner="BuiltIn">
<msg time="2024-02-25T07:35:40.411081" level="INFO">/Users/runner/work/rfswarm/rfswarm/Tests/Regression/Manager/Images/file_method</msg>
<arg>${IMAGE_DIR}</arg>
<doc>Logs the given message with the given level.</doc>
<status status="PASS" start="2024-02-25T07:35:40.410941" elapsed="0.000193"/>
</kw>
<kw name="Wait For" owner="ImageHorizonLibrary">
<msg time="2024-02-25T07:35:40.812728" level="INFO">Image "manager_macos_tab_plan.png" found at (317, 75)</msg>
<arg>${img}</arg>
<arg>timeout=300</arg>
<doc>Tries to locate given image from the screen for given time.</doc>
<status status="PASS" start="2024-02-25T07:35:40.411261" elapsed="0.401821"/>
</kw>
<kw name="Locate" owner="ImageHorizonLibrary">
<msg time="2024-02-25T07:35:41.204559" level="INFO">Image "/Users/runner/work/rfswarm/rfswarm/Tests/Regression/Manager/Images/file_method/manager_macos_tab_plan.png" found at Box(left=301, top=61, width=33, height=28)</msg>
<msg time="2024-02-25T07:35:41.205184" level="INFO">@{coordinates} = [ 317 | 75 ]</msg>
<var>@{coordinates}</var>
<arg>${img}</arg>
<doc>Locate image on screen.</doc>
<status status="PASS" start="2024-02-25T07:35:40.813505" elapsed="0.391725"/>
</kw>
<kw name="Click Image" owner="ImageHorizonLibrary">
<msg time="2024-02-25T07:35:41.596646" level="INFO">Image "/Users/runner/work/rfswarm/rfswarm/Tests/Regression/Manager/Images/file_method/manager_macos_tab_plan.png" found at Box(left=301, top=61, width=33, height=28)</msg>
<msg time="2024-02-25T07:35:41.596933" level="INFO">Clicking image "manager_macos_tab_plan.png" in position (317, 75)</msg>
<arg>${img}</arg>
<doc>Finds the reference image on screen and clicks it once.</doc>
<status status="PASS" start="2024-02-25T07:35:41.205620" elapsed="0.566074"/>
</kw>
<kw name="Sleep" owner="BuiltIn">
<msg time="2024-02-25T07:35:41.877723" level="INFO">Slept 100 milliseconds.</msg>
<arg>0.1</arg>
<doc>Pauses the test executed for the given time.</doc>
<status status="PASS" start="2024-02-25T07:35:41.772141" elapsed="0.105694"/>
</kw>
<kw name="Take A Screenshot" owner="ImageHorizonLibrary">
<msg time="2024-02-25T07:35:41.879352" level="INFO" html="true">Screenshot taken: /Users/runner/work/rfswarm/rfswarm/Tests/Regression/Manager/Logs/macos-latest_3.10/Manager.GUIBasic-screenshot-5.png&lt;br/&gt;&lt;img src="/Users/runner/work/rfswarm/rfswarm/Tests/Regression/Manager/Logs/macos-latest_3.10/Manager.GUIBasic-screenshot-5.png" width="100%" /&gt;</msg>
<doc>Takes a screenshot of the screen.</doc>
<status status="PASS" start="2024-02-25T07:35:41.878044" elapsed="0.277638"/>
</kw>
<arg>Plan</arg>
<status status="PASS" start="2024-02-25T07:35:40.409458" elapsed="1.746532"/>
</kw>
<kw name="Sleep" owner="BuiltIn">
<msg time="2024-02-25T07:35:47.159956" level="INFO">Slept 5 seconds.</msg>
<arg>5</arg>
<doc>Pauses the test executed for the given time.</doc>
<status status="PASS" start="2024-02-25T07:35:42.156378" elapsed="5.003710"/>
</kw>
<tag>macos-latest</tag>
<tag>ubuntu-latest</tag>
<tag>windows-latest</tag>
<status status="PASS" start="2024-02-25T07:35:40.408740" elapsed="6.754462"/>
</test>
<test id="s1-s2-t6" name="Close GUI" line="83">
<kw name="Click Image" owner="ImageHorizonLibrary">
<msg time="2024-02-25T07:35:47.548941" level="INFO">Image "/Users/runner/work/rfswarm/rfswarm/Tests/Regression/Manager/Images/file_method/manager_macos_button_closewindow.png" found at Box(left=9, top=31, width=19, height=25)</msg>
<msg time="2024-02-25T07:35:47.549241" level="INFO">Clicking image "manager_macos_button_closewindow.png" in position (18, 43)</msg>
<arg>manager_${platform}_button_closewindow.png</arg>
<doc>Finds the reference image on screen and clicks it once.</doc>
<status status="PASS" start="2024-02-25T07:35:47.165288" elapsed="0.548609"/>
</kw>
<kw name="Take A Screenshot" owner="ImageHorizonLibrary">
<msg time="2024-02-25T07:35:47.715066" level="INFO" html="true">Screenshot taken: /Users/runner/work/rfswarm/rfswarm/Tests/Regression/Manager/Logs/macos-latest_3.10/Manager.GUIBasic-screenshot-6.png&lt;br/&gt;&lt;img src="/Users/runner/work/rfswarm/rfswarm/Tests/Regression/Manager/Logs/macos-latest_3.10/Manager.GUIBasic-screenshot-6.png" width="100%" /&gt;</msg>
<doc>Takes a screenshot of the screen.</doc>
<status status="PASS" start="2024-02-25T07:35:47.714376" elapsed="0.271870"/>
</kw>
<kw name="Wait For Process" owner="Process">
<msg time="2024-02-25T07:35:47.987363" level="INFO">Waiting for process to complete.</msg>
<msg time="2024-02-25T07:35:49.310404" level="INFO">Process completed.</msg>
<msg time="2024-02-25T07:35:49.310731" level="INFO">${result} = &lt;result object with rc 0&gt;</msg>
<var>${result}</var>
<arg>${process}</arg>
<arg>timeout=60</arg>
<doc>Waits for the process to complete or to reach the given timeout.</doc>
<status status="PASS" start="2024-02-25T07:35:47.986768" elapsed="1.324044"/>
</kw>
<kw name="Is Process Running" owner="Process">
<msg time="2024-02-25T07:35:49.311358" level="INFO">${running} = False</msg>
<var>${running}</var>
<arg>${process}</arg>
<doc>Checks is the process running or not.</doc>
<status status="PASS" start="2024-02-25T07:35:49.311062" elapsed="0.000364"/>
</kw>
<if>
<branch type="IF" condition="not ${running}">
<kw name="Should Be Equal As Integers" owner="BuiltIn">
<msg time="2024-02-25T07:35:49.314744" level="INFO">Argument types are:
&lt;class 'int'&gt;
&lt;class 'str'&gt;</msg>
<arg>${result.rc}</arg>
<arg>0</arg>
<doc>Fails if objects are unequal after converting them to integers.</doc>
<status status="PASS" start="2024-02-25T07:35:49.312284" elapsed="0.002803"/>
</kw>
<status status="PASS" start="2024-02-25T07:35:49.311929" elapsed="0.003367"/>
</branch>
<branch type="ELSE">
<kw name="Take A Screenshot" owner="ImageHorizonLibrary">
<doc>Takes a screenshot of the screen.</doc>
<status status="NOT RUN" start="2024-02-25T07:35:49.315995" elapsed="0.000044"/>
</kw>
<kw name="Terminate Process" owner="Process">
<var>${result}</var>
<arg>${process}</arg>
<doc>Stops the process gracefully or forcefully.</doc>
<status status="NOT RUN" start="2024-02-25T07:35:49.316431" elapsed="0.000034"/>
</kw>
<kw name="Fail" owner="BuiltIn">
<doc>Fails the test with the given message and optionally alters its tags.</doc>
<status status="NOT RUN" start="2024-02-25T07:35:49.317453" elapsed="0.000139"/>
</kw>
<status status="NOT RUN" start="2024-02-25T07:35:49.315460" elapsed="0.002490"/>
</branch>
<status status="PASS" start="2024-02-25T07:35:49.311769" elapsed="0.006477"/>
</if>
<tag>macos-latest</tag>
<status status="PASS" start="2024-02-25T07:35:47.164348" elapsed="2.154828"/>
</test>
<status status="PASS" start="2024-02-25T07:34:57.836379" elapsed="51.486030"/>
</suite>
<status status="FAIL" start="2024-02-25T07:34:19.100291" elapsed="90.225060"/>
</suite>
<statistics>
<total>
<stat pass="7" fail="2" skip="0">All Tests</stat>
</total>
<tag>
<stat pass="7" fail="2" skip="0">macos-latest</stat>
<stat pass="5" fail="2" skip="0">ubuntu-latest</stat>
<stat pass="5" fail="2" skip="0">windows-latest</stat>
</tag>
<suite>
<stat pass="7" fail="2" skip="0" id="s1" name="Manager">Manager</stat>
<stat pass="1" fail="2" skip="0" id="s1-s1" name="CommandLine">Manager.CommandLine</stat>
<stat pass="6" fail="0" skip="0" id="s1-s2" name="GUI Basic">Manager.GUI Basic</stat>
</suite>
</statistics>
<errors>
</errors>
</robot>
