<?xml version="1.0" encoding="UTF-8"?>
<robot generator="Robot 4.1.3 (Python 3.10.2 on darwin)" generated="20220222 21:14:18.999" rpa="false" schemaversion="2">
<suite id="s1" name="Manager" source="/Users/runner/work/rfswarm/rfswarm/Tests/Regression/Manager">
<suite id="s1-s1" name="CommandLine" source="/Users/runner/work/rfswarm/rfswarm/Tests/Regression/Manager/CommandLine.robot">
<kw name="Clean Up Old Files" type="SETUP">
<tag>macos-latest</tag>
<tag>ubuntu-latest</tag>
<tag>windows-latest</tag>
<kw name="Log To Console" library="BuiltIn">
<arg>${OUTPUT DIR}</arg>
<doc>Logs the given message to the console.</doc>
<status status="PASS" starttime="20220222 21:14:19.042" endtime="20220222 21:14:19.043"/>
</kw>
<kw name="Remove File" library="OperatingSystem">
<arg>${OUTPUT DIR}${/}*.txt</arg>
<doc>Removes a file with the given path.</doc>
<msg timestamp="20220222 21:14:19.044" level="INFO" html="true">Removed file '&lt;a href="file:///Users/runner/work/rfswarm/rfswarm/Tests/Regression/Manager/Logs/macos-latest_3.10/stdout.txt"&gt;/Users/runner/work/rfswarm/rfswarm/Tests/Regression/Manager/Logs/macos-latest_3.10/stdout.txt&lt;/a&gt;'.</msg>
<msg timestamp="20220222 21:14:19.044" level="INFO" html="true">Removed file '&lt;a href="file:///Users/runner/work/rfswarm/rfswarm/Tests/Regression/Manager/Logs/macos-latest_3.10/stderr.txt"&gt;/Users/runner/work/rfswarm/rfswarm/Tests/Regression/Manager/Logs/macos-latest_3.10/stderr.txt&lt;/a&gt;'.</msg>
<status status="PASS" starttime="20220222 21:14:19.043" endtime="20220222 21:14:19.044"/>
</kw>
<kw name="Remove File" library="OperatingSystem">
<arg>${OUTPUT DIR}${/}sikuli_captured${/}*.*</arg>
<doc>Removes a file with the given path.</doc>
<msg timestamp="20220222 21:14:19.045" level="INFO" html="true">Removed file '&lt;a href="file:///Users/runner/work/rfswarm/rfswarm/Tests/Regression/Manager/Logs/macos-latest_3.10/sikuli_captured/sikuliximage-1645520318150.png"&gt;/Users/runner/work/rfswarm/rfswarm/Tests/Regression/Manager/Logs/macos-latest_3.10/sikuli_captured/sikuliximage-1645520318150.png&lt;/a&gt;'.</msg>
<msg timestamp="20220222 21:14:19.045" level="INFO" html="true">Removed file '&lt;a href="file:///Users/runner/work/rfswarm/rfswarm/Tests/Regression/Manager/Logs/macos-latest_3.10/sikuli_captured/sikuliximage-1645520249078.png"&gt;/Users/runner/work/rfswarm/rfswarm/Tests/Regression/Manager/Logs/macos-latest_3.10/sikuli_captured/sikuliximage-1645520249078.png&lt;/a&gt;'.</msg>
<status status="PASS" starttime="20220222 21:14:19.044" endtime="20220222 21:14:19.045"/>
</kw>
<status status="PASS" starttime="20220222 21:14:19.042" endtime="20220222 21:14:19.045"/>
</kw>
<test id="s1-s1-t1" name="Random Offset">
<kw name="Evaluate" library="BuiltIn">
<var>${random}</var>
<arg>random.randint(0, 60)</arg>
<doc>Evaluates the given expression in Python and returns the result.</doc>
<msg timestamp="20220222 21:14:19.046" level="INFO">${random} = 60</msg>
<status status="PASS" starttime="20220222 21:14:19.046" endtime="20220222 21:14:19.047"/>
</kw>
<kw name="Sleep" library="BuiltIn">
<arg>${random}</arg>
<doc>Pauses the test executed for the given time.</doc>
<msg timestamp="20220222 21:15:19.047" level="INFO">Slept 1 minute</msg>
<status status="PASS" starttime="20220222 21:14:19.047" endtime="20220222 21:15:19.047"/>
</kw>
<doc>This just prevents all the test runners doing git push at the same time</doc>
<tag>macos-latest</tag>
<tag>ubuntu-latest</tag>
<tag>windows-latest</tag>
<status status="PASS" starttime="20220222 21:14:19.046" endtime="20220222 21:15:19.047"/>
</test>
<test id="s1-s1-t2" name="Manager Version">
<kw name="Run" library="OperatingSystem">
<var>${result}</var>
<arg>python3 ${EXECDIR}${/}rfswarm_manager${/}rfswarm.py -v</arg>
<doc>Runs the given command in the system and returns the output.</doc>
<msg timestamp="20220222 21:15:19.057" level="INFO">Running command 'python3 /Users/runner/work/rfswarm/rfswarm/rfswarm_manager/rfswarm.py -v 2&gt;&amp;1'.</msg>
<msg timestamp="20220222 21:16:02.719" level="INFO">${result} = Unable to revert mtime: /Library/Fonts
Matplotlib is building the font cache; this may take a moment.
Robot Framework Swarm: Manager 
	Version 1.1.0 </msg>
<status status="PASS" starttime="20220222 21:15:19.048" endtime="20220222 21:16:02.719"/>
</kw>
<kw name="Log To Console" library="BuiltIn">
<arg>${\n}${result}</arg>
<doc>Logs the given message to the console.</doc>
<status status="PASS" starttime="20220222 21:16:02.719" endtime="20220222 21:16:02.720"/>
</kw>
<kw name="Should Contain" library="BuiltIn">
<arg>${result}</arg>
<arg>Version</arg>
<doc>Fails if ``container`` does not contain ``item`` one or more times.</doc>
<status status="PASS" starttime="20220222 21:16:02.720" endtime="20220222 21:16:02.720"/>
</kw>
<kw name="Should Contain" library="BuiltIn">
<arg>${result}</arg>
<arg>Manager</arg>
<doc>Fails if ``container`` does not contain ``item`` one or more times.</doc>
<status status="PASS" starttime="20220222 21:16:02.720" endtime="20220222 21:16:02.721"/>
</kw>
<tag>macos-latest</tag>
<tag>ubuntu-latest</tag>
<tag>windows-latest</tag>
<status status="PASS" starttime="20220222 21:15:19.048" endtime="20220222 21:16:02.721"/>
</test>
<test id="s1-s1-t3" name="Manager Help">
<kw name="Run" library="OperatingSystem">
<var>${result}</var>
<arg>python3 ${EXECDIR}${/}rfswarm_manager${/}rfswarm.py -h</arg>
<doc>Runs the given command in the system and returns the output.</doc>
<msg timestamp="20220222 21:16:02.727" level="INFO">Running command 'python3 /Users/runner/work/rfswarm/rfswarm/rfswarm_manager/rfswarm.py -h 2&gt;&amp;1'.</msg>
<msg timestamp="20220222 21:16:04.297" level="INFO">${result} = Robot Framework Swarm: Manager 
	Version 1.1.0 
usage: rfswarm.py [-h] [-g DEBUG] [-v] [-i INI] [-s SCENARIO] [-r] [-a AGENTS]
                  [-n] [-t STARTTIME] [-d DIR] [-e IPADDRESS] [-p PORT]

...</msg>
<status status="PASS" starttime="20220222 21:16:02.722" endtime="20220222 21:16:04.297"/>
</kw>
<kw name="Log To Console" library="BuiltIn">
<arg>${\n}${result}</arg>
<doc>Logs the given message to the console.</doc>
<status status="PASS" starttime="20220222 21:16:04.298" endtime="20220222 21:16:04.299"/>
</kw>
<kw name="Should Contain" library="BuiltIn">
<arg>${result}</arg>
<arg>IPADDRESS</arg>
<doc>Fails if ``container`` does not contain ``item`` one or more times.</doc>
<status status="PASS" starttime="20220222 21:16:04.299" endtime="20220222 21:16:04.299"/>
</kw>
<tag>macos-latest</tag>
<tag>ubuntu-latest</tag>
<tag>windows-latest</tag>
<status status="PASS" starttime="20220222 21:16:02.721" endtime="20220222 21:16:04.299"/>
</test>
<status status="PASS" starttime="20220222 21:14:19.030" endtime="20220222 21:16:04.300"/>
</suite>
<suite id="s1-s2" name="GUI Basic" source="/Users/runner/work/rfswarm/rfswarm/Tests/Regression/Manager/GUI_Basic.robot">
<kw name="Sikili Setup" type="SETUP">
<kw name="Add Image Path" library="SikuliLibrary">
<arg>${IMAGE_DIR}</arg>
<doc>Add image path</doc>
<status status="PASS" starttime="20220222 21:16:29.689" endtime="20220222 21:16:29.911"/>
</kw>
<status status="PASS" starttime="20220222 21:16:29.689" endtime="20220222 21:16:29.911"/>
</kw>
<test id="s1-s2-t1" name="GUI Runs and Closes">
<kw name="Start Process" library="Process">
<arg>python3</arg>
<arg>${EXECDIR}${/}rfswarm_manager${/}rfswarm.py</arg>
<arg>-g</arg>
<arg>5</arg>
<arg>alias=Manager</arg>
<arg>stdout=${OUTPUT DIR}${/}stdout.txt</arg>
<arg>stderr=${OUTPUT DIR}${/}stderr.txt</arg>
<doc>Starts a new process on background.</doc>
<msg timestamp="20220222 21:16:29.913" level="INFO">Starting process:
python3 /Users/runner/work/rfswarm/rfswarm/rfswarm_manager/rfswarm.py -g 5</msg>
<status status="PASS" starttime="20220222 21:16:29.912" endtime="20220222 21:16:29.921"/>
</kw>
<kw name="Sleep" library="BuiltIn">
<arg>60</arg>
<doc>Pauses the test executed for the given time.</doc>
<msg timestamp="20220222 21:17:29.971" level="INFO">Slept 1 minute</msg>
<status status="PASS" starttime="20220222 21:16:29.922" endtime="20220222 21:17:29.971"/>
</kw>
<kw name="Capture Screen" library="SikuliLibrary">
<doc>Capture whole screen, file name is returned</doc>
<msg timestamp="20220222 21:17:35.737" level="INFO" html="true">&lt;img src='sikuli_captured/sikuliximage-1645564651148.png'/&gt;</msg>
<status status="PASS" starttime="20220222 21:17:29.971" endtime="20220222 21:17:35.738"/>
</kw>
<tag>macos-latest</tag>
<status status="PASS" starttime="20220222 21:16:29.911" endtime="20220222 21:17:35.738"/>
</test>
<kw name="Sikili Teardown" type="TEARDOWN">
<kw name="Is Process Running" library="Process">
<var>${running}</var>
<arg>Manager</arg>
<doc>Checks is the process running or not.</doc>
<msg timestamp="20220222 21:17:35.740" level="INFO">${running} = True</msg>
<status status="PASS" starttime="20220222 21:17:35.740" endtime="20220222 21:17:35.740"/>
</kw>
<if>
<branch type="IF" condition="${running}">
<kw name="Terminate Process" library="Process">
<var>${result}</var>
<arg>Manager</arg>
<doc>Stops the process gracefully or forcefully.</doc>
<msg timestamp="20220222 21:17:35.741" level="INFO">Gracefully terminating process.</msg>
<msg timestamp="20220222 21:17:37.290" level="INFO">Process completed.</msg>
<msg timestamp="20220222 21:17:37.291" level="INFO">${result} = &lt;result object with rc 0&gt;</msg>
<status status="PASS" starttime="20220222 21:17:35.741" endtime="20220222 21:17:37.291"/>
</kw>
<kw name="Log" library="BuiltIn">
<arg>${result}</arg>
<doc>Logs the given message with the given level.</doc>
<msg timestamp="20220222 21:17:37.292" level="INFO">&lt;result object with rc 0&gt;</msg>
<status status="PASS" starttime="20220222 21:17:37.291" endtime="20220222 21:17:37.292"/>
</kw>
<kw name="Get File" library="OperatingSystem">
<var>${stdout}</var>
<arg>${OUTPUT DIR}${/}stdout.txt</arg>
<doc>Returns the contents of a specified file.</doc>
<msg timestamp="20220222 21:17:37.292" level="INFO" html="true">Getting file '&lt;a href="file:///Users/runner/work/rfswarm/rfswarm/Tests/Regression/Manager/Logs/macos-latest_3.10/stdout.txt"&gt;/Users/runner/work/rfswarm/rfswarm/Tests/Regression/Manager/Logs/macos-latest_3.10/stdout.txt&lt;/a&gt;'.</msg>
<msg timestamp="20220222 21:17:37.293" level="INFO">${stdout} = </msg>
<status status="PASS" starttime="20220222 21:17:37.292" endtime="20220222 21:17:37.293"/>
</kw>
<kw name="Log" library="BuiltIn">
<arg>${stdout}</arg>
<doc>Logs the given message with the given level.</doc>
<msg timestamp="20220222 21:17:37.293" level="INFO"/>
<status status="PASS" starttime="20220222 21:17:37.293" endtime="20220222 21:17:37.293"/>
</kw>
<kw name="Get File" library="OperatingSystem">
<var>${stderr}</var>
<arg>${OUTPUT DIR}${/}stderr.txt</arg>
<doc>Returns the contents of a specified file.</doc>
<msg timestamp="20220222 21:17:37.294" level="INFO" html="true">Getting file '&lt;a href="file:///Users/runner/work/rfswarm/rfswarm/Tests/Regression/Manager/Logs/macos-latest_3.10/stderr.txt"&gt;/Users/runner/work/rfswarm/rfswarm/Tests/Regression/Manager/Logs/macos-latest_3.10/stderr.txt&lt;/a&gt;'.</msg>
<msg timestamp="20220222 21:17:37.294" level="INFO">${stderr} = </msg>
<status status="PASS" starttime="20220222 21:17:37.293" endtime="20220222 21:17:37.294"/>
</kw>
<kw name="Log" library="BuiltIn">
<arg>${stderr}</arg>
<doc>Logs the given message with the given level.</doc>
<msg timestamp="20220222 21:17:37.294" level="INFO"/>
<status status="PASS" starttime="20220222 21:17:37.294" endtime="20220222 21:17:37.294"/>
</kw>
<status status="PASS" starttime="20220222 21:17:35.741" endtime="20220222 21:17:37.294"/>
</branch>
<status status="PASS" starttime="20220222 21:17:35.740" endtime="20220222 21:17:37.294"/>
</if>
<status status="PASS" starttime="20220222 21:17:35.739" endtime="20220222 21:17:37.295"/>
</kw>
<status status="PASS" starttime="20220222 21:16:04.302" endtime="20220222 21:17:37.295"/>
</suite>
<status status="PASS" starttime="20220222 21:14:19.001" endtime="20220222 21:17:37.296"/>
</suite>
<statistics>
<total>
<stat pass="4" fail="0" skip="0">All Tests</stat>
</total>
<tag>
<stat pass="4" fail="0" skip="0">macos-latest</stat>
<stat pass="3" fail="0" skip="0">ubuntu-latest</stat>
<stat pass="3" fail="0" skip="0">windows-latest</stat>
</tag>
<suite>
<stat pass="4" fail="0" skip="0" id="s1" name="Manager">Manager</stat>
<stat pass="3" fail="0" skip="0" id="s1-s1" name="CommandLine">Manager.CommandLine</stat>
<stat pass="1" fail="0" skip="0" id="s1-s2" name="GUI Basic">Manager.GUI Basic</stat>
</suite>
</statistics>
<errors>
</errors>
</robot>
