<?xml version="1.0" encoding="UTF-8"?>
<robot generator="Robot 4.1.3 (Python 3.10.2 on darwin)" generated="20220222 08:55:51.490" rpa="false" schemaversion="2">
<suite id="s1" name="Manager" source="/Users/runner/work/rfswarm/rfswarm/Tests/Regression/Manager">
<suite id="s1-s1" name="CommandLine" source="/Users/runner/work/rfswarm/rfswarm/Tests/Regression/Manager/CommandLine.robot">
<kw name="Clean Up Old Files" type="SETUP">
<tag>macos-latest</tag>
<tag>ubuntu-latest</tag>
<tag>windows-latest</tag>
<kw name="Log To Console" library="BuiltIn">
<arg>${OUTPUT DIR}</arg>
<doc>Logs the given message to the console.</doc>
<status status="PASS" starttime="20220222 08:55:51.531" endtime="20220222 08:55:51.532"/>
</kw>
<kw name="Remove File" library="OperatingSystem">
<arg>${OUTPUT DIR}${/}*.txt</arg>
<doc>Removes a file with the given path.</doc>
<msg timestamp="20220222 08:55:51.533" level="INFO" html="true">Removed file '&lt;a href="file:///Users/runner/work/rfswarm/rfswarm/Tests/Regression/Manager/Logs/macos-latest_3.10/Sikuli_java_stderr_1645422293.581095.txt"&gt;/Users/runner/work/rfswarm/rfswarm/Tests/Regression/Manager/Logs/macos-latest_3.10/Sikuli_java_stderr_1645422293.581095.txt&lt;/a&gt;'.</msg>
<msg timestamp="20220222 08:55:51.533" level="INFO" html="true">Removed file '&lt;a href="file:///Users/runner/work/rfswarm/rfswarm/Tests/Regression/Manager/Logs/macos-latest_3.10/Sikuli_java_stdout_1645509667.191942.txt"&gt;/Users/runner/work/rfswarm/rfswarm/Tests/Regression/Manager/Logs/macos-latest_3.10/Sikuli_java_stdout_1645509667.191942.txt&lt;/a&gt;'.</msg>
<msg timestamp="20220222 08:55:51.533" level="INFO" html="true">Removed file '&lt;a href="file:///Users/runner/work/rfswarm/rfswarm/Tests/Regression/Manager/Logs/macos-latest_3.10/stdout.txt"&gt;/Users/runner/work/rfswarm/rfswarm/Tests/Regression/Manager/Logs/macos-latest_3.10/stdout.txt&lt;/a&gt;'.</msg>
<msg timestamp="20220222 08:55:51.533" level="INFO" html="true">Removed file '&lt;a href="file:///Users/runner/work/rfswarm/rfswarm/Tests/Regression/Manager/Logs/macos-latest_3.10/Sikuli_java_stderr_1645426497.200594.txt"&gt;/Users/runner/work/rfswarm/rfswarm/Tests/Regression/Manager/Logs/macos-latest_3.10/Sikuli_java_stderr_1645426497.200594.txt&lt;/a&gt;'.</msg>
<msg timestamp="20220222 08:55:51.533" level="INFO" html="true">Removed file '&lt;a href="file:///Users/runner/work/rfswarm/rfswarm/Tests/Regression/Manager/Logs/macos-latest_3.10/Sikuli_java_stderr_1645420363.257828.txt"&gt;/Users/runner/work/rfswarm/rfswarm/Tests/Regression/Manager/Logs/macos-latest_3.10/Sikuli_java_stderr_1645420363.257828.txt&lt;/a&gt;'.</msg>
<msg timestamp="20220222 08:55:51.534" level="INFO" html="true">Removed file '&lt;a href="file:///Users/runner/work/rfswarm/rfswarm/Tests/Regression/Manager/Logs/macos-latest_3.10/Sikuli_java_stdout_1645420363.257588.txt"&gt;/Users/runner/work/rfswarm/rfswarm/Tests/Regression/Manager/Logs/macos-latest_3.10/Sikuli_java_stdout_1645420363.257588.txt&lt;/a&gt;'.</msg>
<msg timestamp="20220222 08:55:51.534" level="INFO" html="true">Removed file '&lt;a href="file:///Users/runner/work/rfswarm/rfswarm/Tests/Regression/Manager/Logs/macos-latest_3.10/Sikuli_java_stderr_1645519034.3862479.txt"&gt;/Users/runner/work/rfswarm/rfswarm/Tests/Regression/Manager/Logs/macos-latest_3.10/Sikuli_java_stderr_1645519034.3862479.txt&lt;/a&gt;'.</msg>
<msg timestamp="20220222 08:55:51.534" level="INFO" html="true">Removed file '&lt;a href="file:///Users/runner/work/rfswarm/rfswarm/Tests/Regression/Manager/Logs/macos-latest_3.10/Sikuli_java_stderr_1645494307.487586.txt"&gt;/Users/runner/work/rfswarm/rfswarm/Tests/Regression/Manager/Logs/macos-latest_3.10/Sikuli_java_stderr_1645494307.487586.txt&lt;/a&gt;'.</msg>
<msg timestamp="20220222 08:55:51.534" level="INFO" html="true">Removed file '&lt;a href="file:///Users/runner/work/rfswarm/rfswarm/Tests/Regression/Manager/Logs/macos-latest_3.10/Sikuli_java_stdout_1645421202.888117.txt"&gt;/Users/runner/work/rfswarm/rfswarm/Tests/Regression/Manager/Logs/macos-latest_3.10/Sikuli_java_stdout_1645421202.888117.txt&lt;/a&gt;'.</msg>
<msg timestamp="20220222 08:55:51.534" level="INFO" html="true">Removed file '&lt;a href="file:///Users/runner/work/rfswarm/rfswarm/Tests/Regression/Manager/Logs/macos-latest_3.10/Sikuli_java_stdout_1645426497.200371.txt"&gt;/Users/runner/work/rfswarm/rfswarm/Tests/Regression/Manager/Logs/macos-latest_3.10/Sikuli_java_stdout_1645426497.200371.txt&lt;/a&gt;'.</msg>
<msg timestamp="20220222 08:55:51.534" level="INFO" html="true">Removed file '&lt;a href="file:///Users/runner/work/rfswarm/rfswarm/Tests/Regression/Manager/Logs/macos-latest_3.10/Sikuli_java_stdout_1645494307.487371.txt"&gt;/Users/runner/work/rfswarm/rfswarm/Tests/Regression/Manager/Logs/macos-latest_3.10/Sikuli_java_stdout_1645494307.487371.txt&lt;/a&gt;'.</msg>
<msg timestamp="20220222 08:55:51.535" level="INFO" html="true">Removed file '&lt;a href="file:///Users/runner/work/rfswarm/rfswarm/Tests/Regression/Manager/Logs/macos-latest_3.10/Sikuli_java_stderr_1645421202.888343.txt"&gt;/Users/runner/work/rfswarm/rfswarm/Tests/Regression/Manager/Logs/macos-latest_3.10/Sikuli_java_stderr_1645421202.888343.txt&lt;/a&gt;'.</msg>
<msg timestamp="20220222 08:55:51.535" level="INFO" html="true">Removed file '&lt;a href="file:///Users/runner/work/rfswarm/rfswarm/Tests/Regression/Manager/Logs/macos-latest_3.10/Sikuli_java_stdout_1645519695.172111.txt"&gt;/Users/runner/work/rfswarm/rfswarm/Tests/Regression/Manager/Logs/macos-latest_3.10/Sikuli_java_stdout_1645519695.172111.txt&lt;/a&gt;'.</msg>
<msg timestamp="20220222 08:55:51.535" level="INFO" html="true">Removed file '&lt;a href="file:///Users/runner/work/rfswarm/rfswarm/Tests/Regression/Manager/Logs/macos-latest_3.10/Sikuli_java_stderr_1645510636.2297401.txt"&gt;/Users/runner/work/rfswarm/rfswarm/Tests/Regression/Manager/Logs/macos-latest_3.10/Sikuli_java_stderr_1645510636.2297401.txt&lt;/a&gt;'.</msg>
<msg timestamp="20220222 08:55:51.535" level="INFO" html="true">Removed file '&lt;a href="file:///Users/runner/work/rfswarm/rfswarm/Tests/Regression/Manager/Logs/macos-latest_3.10/Sikuli_java_stderr_1645519695.172313.txt"&gt;/Users/runner/work/rfswarm/rfswarm/Tests/Regression/Manager/Logs/macos-latest_3.10/Sikuli_java_stderr_1645519695.172313.txt&lt;/a&gt;'.</msg>
<msg timestamp="20220222 08:55:51.535" level="INFO" html="true">Removed file '&lt;a href="file:///Users/runner/work/rfswarm/rfswarm/Tests/Regression/Manager/Logs/macos-latest_3.10/Sikuli_java_stderr_1645509667.192157.txt"&gt;/Users/runner/work/rfswarm/rfswarm/Tests/Regression/Manager/Logs/macos-latest_3.10/Sikuli_java_stderr_1645509667.192157.txt&lt;/a&gt;'.</msg>
<msg timestamp="20220222 08:55:51.536" level="INFO" html="true">Removed file '&lt;a href="file:///Users/runner/work/rfswarm/rfswarm/Tests/Regression/Manager/Logs/macos-latest_3.10/Sikuli_java_stdout_1645519034.386029.txt"&gt;/Users/runner/work/rfswarm/rfswarm/Tests/Regression/Manager/Logs/macos-latest_3.10/Sikuli_java_stdout_1645519034.386029.txt&lt;/a&gt;'.</msg>
<msg timestamp="20220222 08:55:51.536" level="INFO" html="true">Removed file '&lt;a href="file:///Users/runner/work/rfswarm/rfswarm/Tests/Regression/Manager/Logs/macos-latest_3.10/stderr.txt"&gt;/Users/runner/work/rfswarm/rfswarm/Tests/Regression/Manager/Logs/macos-latest_3.10/stderr.txt&lt;/a&gt;'.</msg>
<msg timestamp="20220222 08:55:51.536" level="INFO" html="true">Removed file '&lt;a href="file:///Users/runner/work/rfswarm/rfswarm/Tests/Regression/Manager/Logs/macos-latest_3.10/Sikuli_java_stdout_1645422293.580856.txt"&gt;/Users/runner/work/rfswarm/rfswarm/Tests/Regression/Manager/Logs/macos-latest_3.10/Sikuli_java_stdout_1645422293.580856.txt&lt;/a&gt;'.</msg>
<msg timestamp="20220222 08:55:51.536" level="INFO" html="true">Removed file '&lt;a href="file:///Users/runner/work/rfswarm/rfswarm/Tests/Regression/Manager/Logs/macos-latest_3.10/Sikuli_java_stdout_1645510636.229524.txt"&gt;/Users/runner/work/rfswarm/rfswarm/Tests/Regression/Manager/Logs/macos-latest_3.10/Sikuli_java_stdout_1645510636.229524.txt&lt;/a&gt;'.</msg>
<status status="PASS" starttime="20220222 08:55:51.532" endtime="20220222 08:55:51.536"/>
</kw>
<kw name="Remove File" library="OperatingSystem">
<arg>${OUTPUT DIR}${/}sikuli_captured${/}*.*</arg>
<doc>Removes a file with the given path.</doc>
<msg timestamp="20220222 08:55:51.537" level="INFO" html="true">Removed file '&lt;a href="file:///Users/runner/work/rfswarm/rfswarm/Tests/Regression/Manager/Logs/macos-latest_3.10/sikuli_captured/sikuliximage-1645519761434.png"&gt;/Users/runner/work/rfswarm/rfswarm/Tests/Regression/Manager/Logs/macos-latest_3.10/sikuli_captured/sikuliximage-1645519761434.png&lt;/a&gt;'.</msg>
<msg timestamp="20220222 08:55:51.538" level="INFO" html="true">Removed file '&lt;a href="file:///Users/runner/work/rfswarm/rfswarm/Tests/Regression/Manager/Logs/macos-latest_3.10/sikuli_captured/sikuliximage-1645519823473.png"&gt;/Users/runner/work/rfswarm/rfswarm/Tests/Regression/Manager/Logs/macos-latest_3.10/sikuli_captured/sikuliximage-1645519823473.png&lt;/a&gt;'.</msg>
<status status="PASS" starttime="20220222 08:55:51.536" endtime="20220222 08:55:51.538"/>
</kw>
<status status="PASS" starttime="20220222 08:55:51.531" endtime="20220222 08:55:51.538"/>
</kw>
<test id="s1-s1-t1" name="Random Offset">
<kw name="Evaluate" library="BuiltIn">
<var>${random}</var>
<arg>random.randint(0, 60)</arg>
<doc>Evaluates the given expression in Python and returns the result.</doc>
<msg timestamp="20220222 08:55:51.539" level="INFO">${random} = 15</msg>
<status status="PASS" starttime="20220222 08:55:51.538" endtime="20220222 08:55:51.539"/>
</kw>
<kw name="Sleep" library="BuiltIn">
<arg>${random}</arg>
<doc>Pauses the test executed for the given time.</doc>
<msg timestamp="20220222 08:56:06.552" level="INFO">Slept 15 seconds</msg>
<status status="PASS" starttime="20220222 08:55:51.539" endtime="20220222 08:56:06.552"/>
</kw>
<doc>This just prevents all the test runners doing git push at the same time</doc>
<tag>macos-latest</tag>
<tag>ubuntu-latest</tag>
<tag>windows-latest</tag>
<status status="PASS" starttime="20220222 08:55:51.538" endtime="20220222 08:56:06.552"/>
</test>
<test id="s1-s1-t2" name="Manager Version">
<kw name="Run" library="OperatingSystem">
<var>${result}</var>
<arg>python3 ${EXECDIR}${/}rfswarm_manager${/}rfswarm.py -v</arg>
<doc>Runs the given command in the system and returns the output.</doc>
<msg timestamp="20220222 08:56:06.560" level="INFO">Running command 'python3 /Users/runner/work/rfswarm/rfswarm/rfswarm_manager/rfswarm.py -v 2&gt;&amp;1'.</msg>
<msg timestamp="20220222 08:56:19.851" level="INFO">${result} = Unable to revert mtime: /Library/Fonts
Robot Framework Swarm: Manager 
	Version 1.1.0 </msg>
<status status="PASS" starttime="20220222 08:56:06.553" endtime="20220222 08:56:19.851"/>
</kw>
<kw name="Log To Console" library="BuiltIn">
<arg>${\n}${result}</arg>
<doc>Logs the given message to the console.</doc>
<status status="PASS" starttime="20220222 08:56:19.852" endtime="20220222 08:56:19.852"/>
</kw>
<kw name="Should Contain" library="BuiltIn">
<arg>${result}</arg>
<arg>Version</arg>
<doc>Fails if ``container`` does not contain ``item`` one or more times.</doc>
<status status="PASS" starttime="20220222 08:56:19.853" endtime="20220222 08:56:19.853"/>
</kw>
<kw name="Should Contain" library="BuiltIn">
<arg>${result}</arg>
<arg>Manager</arg>
<doc>Fails if ``container`` does not contain ``item`` one or more times.</doc>
<status status="PASS" starttime="20220222 08:56:19.853" endtime="20220222 08:56:19.853"/>
</kw>
<tag>macos-latest</tag>
<tag>ubuntu-latest</tag>
<tag>windows-latest</tag>
<status status="PASS" starttime="20220222 08:56:06.553" endtime="20220222 08:56:19.854"/>
</test>
<test id="s1-s1-t3" name="Manager Help">
<kw name="Run" library="OperatingSystem">
<var>${result}</var>
<arg>python3 ${EXECDIR}${/}rfswarm_manager${/}rfswarm.py -h</arg>
<doc>Runs the given command in the system and returns the output.</doc>
<msg timestamp="20220222 08:56:19.859" level="INFO">Running command 'python3 /Users/runner/work/rfswarm/rfswarm/rfswarm_manager/rfswarm.py -h 2&gt;&amp;1'.</msg>
<msg timestamp="20220222 08:56:21.443" level="INFO">${result} = Robot Framework Swarm: Manager 
	Version 1.1.0 
usage: rfswarm.py [-h] [-g DEBUG] [-v] [-i INI] [-s SCENARIO] [-r] [-a AGENTS]
                  [-n] [-t STARTTIME] [-d DIR] [-e IPADDRESS] [-p PORT]

...</msg>
<status status="PASS" starttime="20220222 08:56:19.855" endtime="20220222 08:56:21.443"/>
</kw>
<kw name="Log To Console" library="BuiltIn">
<arg>${\n}${result}</arg>
<doc>Logs the given message to the console.</doc>
<status status="PASS" starttime="20220222 08:56:21.443" endtime="20220222 08:56:21.444"/>
</kw>
<kw name="Should Contain" library="BuiltIn">
<arg>${result}</arg>
<arg>IPADDRESS</arg>
<doc>Fails if ``container`` does not contain ``item`` one or more times.</doc>
<status status="PASS" starttime="20220222 08:56:21.444" endtime="20220222 08:56:21.444"/>
</kw>
<tag>macos-latest</tag>
<tag>ubuntu-latest</tag>
<tag>windows-latest</tag>
<status status="PASS" starttime="20220222 08:56:19.854" endtime="20220222 08:56:21.444"/>
</test>
<status status="PASS" starttime="20220222 08:55:51.519" endtime="20220222 08:56:21.446"/>
</suite>
<suite id="s1-s2" name="GUI Basic" source="/Users/runner/work/rfswarm/rfswarm/Tests/Regression/Manager/GUI_Basic.robot">
<kw name="Sikili Setup" type="SETUP">
<kw name="Add Image Path" library="SikuliLibrary">
<arg>${IMAGE_DIR}</arg>
<doc>Add image path</doc>
<status status="PASS" starttime="20220222 08:56:28.087" endtime="20220222 08:56:28.113"/>
</kw>
<status status="PASS" starttime="20220222 08:56:28.086" endtime="20220222 08:56:28.113"/>
</kw>
<test id="s1-s2-t1" name="GUI Runs and Closes">
<kw name="Start Process" library="Process">
<arg>python3</arg>
<arg>${EXECDIR}${/}rfswarm_manager${/}rfswarm.py</arg>
<arg>-g</arg>
<arg>5</arg>
<arg>alias=Manager</arg>
<arg>stdout=${OUTPUT DIR}${/}stdout.txt</arg>
<arg>stderr=${OUTPUT DIR}${/}stderr.txt</arg>
<doc>Starts a new process on background.</doc>
<msg timestamp="20220222 08:56:28.115" level="INFO">Starting process:
python3 /Users/runner/work/rfswarm/rfswarm/rfswarm_manager/rfswarm.py -g 5</msg>
<status status="PASS" starttime="20220222 08:56:28.114" endtime="20220222 08:56:28.120"/>
</kw>
<kw name="Sleep" library="BuiltIn">
<arg>60</arg>
<doc>Pauses the test executed for the given time.</doc>
<msg timestamp="20220222 08:57:28.122" level="INFO">Slept 1 minute</msg>
<status status="PASS" starttime="20220222 08:56:28.121" endtime="20220222 08:57:28.122"/>
</kw>
<kw name="Capture Screen" library="SikuliLibrary">
<doc>Capture whole screen, file name is returned</doc>
<msg timestamp="20220222 08:57:33.983" level="INFO" html="true">&lt;img src='sikuli_captured/sikuliximage-1645520249078.png'/&gt;</msg>
<status status="PASS" starttime="20220222 08:57:28.122" endtime="20220222 08:57:33.984"/>
</kw>
<kw name="Wait Until Screen Contain" library="SikuliLibrary">
<arg>rfwasrm_mac_Window_Controls.png</arg>
<arg>60</arg>
<doc>Wait until screen contain
 Wait until image shown in screen</doc>
<msg timestamp="20220222 08:58:38.756" level="INFO" html="true">&lt;img src='sikuli_captured/sikuliximage-1645520318150.png'/&gt;</msg>
<msg timestamp="20220222 08:58:38.757" level="FAIL">com.github.rainmanwy.robotframework.sikulilib.exceptions.TimeoutException: Timeout happened, could not find P(rfwasrm_mac_Window_Controls.png) S: 0.699999988079071</msg>
<status status="FAIL" starttime="20220222 08:57:33.984" endtime="20220222 08:58:38.757"/>
</kw>
<kw name="Make rfswarm Active">
<status status="NOT RUN" starttime="20220222 08:58:38.758" endtime="20220222 08:58:38.758"/>
</kw>
<kw name="Type With Modifiers" library="SikuliLibrary">
<arg>q</arg>
<arg>CMD</arg>
<doc>Type with modifiers</doc>
<status status="NOT RUN" starttime="20220222 08:58:38.758" endtime="20220222 08:58:38.758"/>
</kw>
<kw name="Wait For Process" library="Process">
<var>${result}</var>
<arg>Manager</arg>
<doc>Waits for the process to complete or to reach the given timeout.</doc>
<status status="NOT RUN" starttime="20220222 08:58:38.758" endtime="20220222 08:58:38.758"/>
</kw>
<kw name="Should Be Equal As Integers" library="BuiltIn">
<arg>${result.rc}</arg>
<arg>0</arg>
<doc>Fails if objects are unequal after converting them to integers.</doc>
<status status="NOT RUN" starttime="20220222 08:58:38.759" endtime="20220222 08:58:38.759"/>
</kw>
<tag>macos-latest</tag>
<status status="FAIL" starttime="20220222 08:56:28.113" endtime="20220222 08:58:38.759">com.github.rainmanwy.robotframework.sikulilib.exceptions.TimeoutException: Timeout happened, could not find P(rfwasrm_mac_Window_Controls.png) S: 0.699999988079071</status>
</test>
<kw name="Sikili Teardown" type="TEARDOWN">
<kw name="Is Process Running" library="Process">
<var>${running}</var>
<arg>Manager</arg>
<doc>Checks is the process running or not.</doc>
<msg timestamp="20220222 08:58:38.761" level="INFO">${running} = True</msg>
<status status="PASS" starttime="20220222 08:58:38.760" endtime="20220222 08:58:38.761"/>
</kw>
<if>
<branch type="IF" condition="${running}">
<kw name="Terminate Process" library="Process">
<var>${result}</var>
<arg>Manager</arg>
<doc>Stops the process gracefully or forcefully.</doc>
<msg timestamp="20220222 08:58:38.761" level="INFO">Gracefully terminating process.</msg>
<msg timestamp="20220222 08:58:40.636" level="INFO">Process completed.</msg>
<msg timestamp="20220222 08:58:40.636" level="INFO">${result} = &lt;result object with rc 0&gt;</msg>
<status status="PASS" starttime="20220222 08:58:38.761" endtime="20220222 08:58:40.636"/>
</kw>
<kw name="Log" library="BuiltIn">
<arg>${result}</arg>
<doc>Logs the given message with the given level.</doc>
<msg timestamp="20220222 08:58:40.637" level="INFO">&lt;result object with rc 0&gt;</msg>
<status status="PASS" starttime="20220222 08:58:40.636" endtime="20220222 08:58:40.637"/>
</kw>
<kw name="Get File" library="OperatingSystem">
<var>${stdout}</var>
<arg>${OUTPUT DIR}${/}stdout.txt</arg>
<doc>Returns the contents of a specified file.</doc>
<msg timestamp="20220222 08:58:40.637" level="INFO" html="true">Getting file '&lt;a href="file:///Users/runner/work/rfswarm/rfswarm/Tests/Regression/Manager/Logs/macos-latest_3.10/stdout.txt"&gt;/Users/runner/work/rfswarm/rfswarm/Tests/Regression/Manager/Logs/macos-latest_3.10/stdout.txt&lt;/a&gt;'.</msg>
<msg timestamp="20220222 08:58:40.637" level="INFO">${stdout} = </msg>
<status status="PASS" starttime="20220222 08:58:40.637" endtime="20220222 08:58:40.637"/>
</kw>
<kw name="Log" library="BuiltIn">
<arg>${stdout}</arg>
<doc>Logs the given message with the given level.</doc>
<msg timestamp="20220222 08:58:40.638" level="INFO"/>
<status status="PASS" starttime="20220222 08:58:40.638" endtime="20220222 08:58:40.638"/>
</kw>
<kw name="Get File" library="OperatingSystem">
<var>${stderr}</var>
<arg>${OUTPUT DIR}${/}stderr.txt</arg>
<doc>Returns the contents of a specified file.</doc>
<msg timestamp="20220222 08:58:40.638" level="INFO" html="true">Getting file '&lt;a href="file:///Users/runner/work/rfswarm/rfswarm/Tests/Regression/Manager/Logs/macos-latest_3.10/stderr.txt"&gt;/Users/runner/work/rfswarm/rfswarm/Tests/Regression/Manager/Logs/macos-latest_3.10/stderr.txt&lt;/a&gt;'.</msg>
<msg timestamp="20220222 08:58:40.639" level="INFO">${stderr} = </msg>
<status status="PASS" starttime="20220222 08:58:40.638" endtime="20220222 08:58:40.639"/>
</kw>
<kw name="Log" library="BuiltIn">
<arg>${stderr}</arg>
<doc>Logs the given message with the given level.</doc>
<msg timestamp="20220222 08:58:40.639" level="INFO"/>
<status status="PASS" starttime="20220222 08:58:40.639" endtime="20220222 08:58:40.639"/>
</kw>
<status status="PASS" starttime="20220222 08:58:38.761" endtime="20220222 08:58:40.639"/>
</branch>
<status status="PASS" starttime="20220222 08:58:38.761" endtime="20220222 08:58:40.639"/>
</if>
<status status="PASS" starttime="20220222 08:58:38.760" endtime="20220222 08:58:40.640"/>
</kw>
<status status="FAIL" starttime="20220222 08:56:21.447" endtime="20220222 08:58:40.640"/>
</suite>
<status status="FAIL" starttime="20220222 08:55:51.491" endtime="20220222 08:58:40.641"/>
</suite>
<statistics>
<total>
<stat pass="3" fail="1" skip="0">All Tests</stat>
</total>
<tag>
<stat pass="3" fail="1" skip="0">macos-latest</stat>
<stat pass="3" fail="0" skip="0">ubuntu-latest</stat>
<stat pass="3" fail="0" skip="0">windows-latest</stat>
</tag>
<suite>
<stat pass="3" fail="1" skip="0" id="s1" name="Manager">Manager</stat>
<stat pass="3" fail="0" skip="0" id="s1-s1" name="CommandLine">Manager.CommandLine</stat>
<stat pass="0" fail="1" skip="0" id="s1-s2" name="GUI Basic">Manager.GUI Basic</stat>
</suite>
</statistics>
<errors>
</errors>
</robot>
