<?xml version="1.0" encoding="UTF-8"?>
<robot generator="Robot 6.0.2 (Python 3.10.11 on darwin)" generated="20230529 04:56:51.523" rpa="false" schemaversion="3">
<suite id="s1" name="Manager" source="/Users/runner/work/rfswarm/rfswarm/Tests/Regression/Manager">
<suite id="s1-s1" name="CommandLine" source="/Users/runner/work/rfswarm/rfswarm/Tests/Regression/Manager/CommandLine.robot">
<kw name="Clean Up Old Files" type="SETUP">
<tag>macos-latest</tag>
<tag>ubuntu-latest</tag>
<tag>windows-latest</tag>
<kw name="Log To Console" library="BuiltIn">
<arg>${OUTPUT DIR}</arg>
<doc>Logs the given message to the console.</doc>
<status status="PASS" starttime="20230529 04:56:51.560" endtime="20230529 04:56:51.560"/>
</kw>
<kw name="Remove File" library="OperatingSystem">
<arg>${OUTPUT DIR}${/}*.txt</arg>
<doc>Removes a file with the given path.</doc>
<msg timestamp="20230529 04:56:51.561" level="INFO" html="true">Removed file '&lt;a href="file:///Users/runner/work/rfswarm/rfswarm/Tests/Regression/Manager/Logs/macos-latest_3.10/stdout.txt"&gt;/Users/runner/work/rfswarm/rfswarm/Tests/Regression/Manager/Logs/macos-latest_3.10/stdout.txt&lt;/a&gt;'.</msg>
<msg timestamp="20230529 04:56:51.561" level="INFO" html="true">Removed file '&lt;a href="file:///Users/runner/work/rfswarm/rfswarm/Tests/Regression/Manager/Logs/macos-latest_3.10/stderr.txt"&gt;/Users/runner/work/rfswarm/rfswarm/Tests/Regression/Manager/Logs/macos-latest_3.10/stderr.txt&lt;/a&gt;'.</msg>
<status status="PASS" starttime="20230529 04:56:51.561" endtime="20230529 04:56:51.562"/>
</kw>
<kw name="Remove File" library="OperatingSystem">
<arg>${OUTPUT DIR}${/}*.png</arg>
<doc>Removes a file with the given path.</doc>
<msg timestamp="20230529 04:56:51.562" level="INFO" html="true">File '&lt;a href="file:///Users/runner/work/rfswarm/rfswarm/Tests/Regression/Manager/Logs/macos-latest_3.10/*.png"&gt;/Users/runner/work/rfswarm/rfswarm/Tests/Regression/Manager/Logs/macos-latest_3.10/*.png&lt;/a&gt;' does not exist.</msg>
<status status="PASS" starttime="20230529 04:56:51.562" endtime="20230529 04:56:51.562"/>
</kw>
<status status="PASS" starttime="20230529 04:56:51.560" endtime="20230529 04:56:51.562"/>
</kw>
<test id="s1-s1-t1" name="Random Offset" line="7">
<kw name="Evaluate" library="BuiltIn">
<var>${random}</var>
<arg>random.randint(0, 60)</arg>
<doc>Evaluates the given expression in Python and returns the result.</doc>
<msg timestamp="20230529 04:56:51.563" level="INFO">${random} = 18</msg>
<status status="PASS" starttime="20230529 04:56:51.563" endtime="20230529 04:56:51.563"/>
</kw>
<kw name="Sleep" library="BuiltIn">
<arg>${random}</arg>
<doc>Pauses the test executed for the given time.</doc>
<msg timestamp="20230529 04:57:09.570" level="INFO">Slept 18 seconds</msg>
<status status="PASS" starttime="20230529 04:56:51.564" endtime="20230529 04:57:09.570"/>
</kw>
<doc>This just prevents all the test runners doing git push at the same time</doc>
<tag>macos-latest</tag>
<tag>ubuntu-latest</tag>
<tag>windows-latest</tag>
<status status="PASS" starttime="20230529 04:56:51.562" endtime="20230529 04:57:09.570"/>
</test>
<test id="s1-s1-t2" name="Manager Version" line="13">
<kw name="Run" library="OperatingSystem">
<var>${result}</var>
<arg>python3 ${EXECDIR}${/}rfswarm_manager${/}rfswarm.py -v</arg>
<doc>Runs the given command in the system and returns the output.</doc>
<msg timestamp="20230529 04:57:09.578" level="INFO">Running command 'python3 /Users/runner/work/rfswarm/rfswarm/rfswarm_manager/rfswarm.py -v 2&gt;&amp;1'.</msg>
<msg timestamp="20230529 04:57:20.549" level="INFO">${result} = Robot Framework Swarm: Manager 
	Version 1.1.3 </msg>
<status status="PASS" starttime="20230529 04:57:09.571" endtime="20230529 04:57:20.549"/>
</kw>
<kw name="Log To Console" library="BuiltIn">
<arg>${\n}${result}</arg>
<doc>Logs the given message to the console.</doc>
<status status="PASS" starttime="20230529 04:57:20.549" endtime="20230529 04:57:20.550"/>
</kw>
<kw name="Should Contain" library="BuiltIn">
<arg>${result}</arg>
<arg>Version</arg>
<doc>Fails if ``container`` does not contain ``item`` one or more times.</doc>
<status status="PASS" starttime="20230529 04:57:20.550" endtime="20230529 04:57:20.550"/>
</kw>
<kw name="Should Contain" library="BuiltIn">
<arg>${result}</arg>
<arg>Manager</arg>
<doc>Fails if ``container`` does not contain ``item`` one or more times.</doc>
<status status="PASS" starttime="20230529 04:57:20.550" endtime="20230529 04:57:20.551"/>
</kw>
<tag>macos-latest</tag>
<tag>ubuntu-latest</tag>
<tag>windows-latest</tag>
<status status="PASS" starttime="20230529 04:57:09.570" endtime="20230529 04:57:20.551"/>
</test>
<test id="s1-s1-t3" name="Manager Help" line="20">
<kw name="Run" library="OperatingSystem">
<var>${result}</var>
<arg>python3 ${EXECDIR}${/}rfswarm_manager${/}rfswarm.py -h</arg>
<doc>Runs the given command in the system and returns the output.</doc>
<msg timestamp="20230529 04:57:20.555" level="INFO">Running command 'python3 /Users/runner/work/rfswarm/rfswarm/rfswarm_manager/rfswarm.py -h 2&gt;&amp;1'.</msg>
<msg timestamp="20230529 04:57:21.414" level="INFO">${result} = Robot Framework Swarm: Manager 
	Version 1.1.3 
usage: rfswarm.py [-h] [-g DEBUG] [-v] [-i INI] [-s SCENARIO] [-r] [-a AGENTS]
                  [-n] [-t STARTTIME] [-d DIR] [-e IPADDRESS] [-p PORT]

...</msg>
<status status="PASS" starttime="20230529 04:57:20.552" endtime="20230529 04:57:21.414"/>
</kw>
<kw name="Log To Console" library="BuiltIn">
<arg>${\n}${result}</arg>
<doc>Logs the given message to the console.</doc>
<status status="PASS" starttime="20230529 04:57:21.414" endtime="20230529 04:57:21.415"/>
</kw>
<kw name="Should Contain" library="BuiltIn">
<arg>${result}</arg>
<arg>IPADDRESS</arg>
<doc>Fails if ``container`` does not contain ``item`` one or more times.</doc>
<status status="PASS" starttime="20230529 04:57:21.415" endtime="20230529 04:57:21.416"/>
</kw>
<tag>macos-latest</tag>
<tag>ubuntu-latest</tag>
<tag>windows-latest</tag>
<status status="PASS" starttime="20230529 04:57:20.551" endtime="20230529 04:57:21.416"/>
</test>
<status status="PASS" starttime="20230529 04:56:51.548" endtime="20230529 04:57:21.417"/>
</suite>
<suite id="s1-s2" name="GUI Basic" source="/Users/runner/work/rfswarm/rfswarm/Tests/Regression/Manager/GUI_Basic.robot">
<test id="s1-s2-t1" name="Open GUI" line="14">
<kw name="Set Suite Variable" library="BuiltIn">
<arg>${platform}</arg>
<arg>macos</arg>
<doc>Makes a variable available everywhere within the scope of the current suite.</doc>
<msg timestamp="20230529 04:57:30.024" level="INFO">${platform} = macos</msg>
<status status="PASS" starttime="20230529 04:57:30.023" endtime="20230529 04:57:30.024"/>
</kw>
<kw name="Set Confidence" library="ImageHorizonLibrary">
<arg>0.9</arg>
<doc>Sets the accuracy when finding images.</doc>
<status status="PASS" starttime="20230529 04:57:30.025" endtime="20230529 04:57:30.025"/>
</kw>
<kw name="Start Process" library="Process">
<var>${process}</var>
<arg>python3</arg>
<arg>${pyfile}</arg>
<arg>alias=Manager</arg>
<arg>stdout=${OUTPUT DIR}${/}stdout.txt</arg>
<arg>stderr=${OUTPUT DIR}${/}stderr.txt</arg>
<doc>Starts a new process on background.</doc>
<msg timestamp="20230529 04:57:30.026" level="INFO">Starting process:
python3 /Users/runner/work/rfswarm/rfswarm/rfswarm_manager/rfswarm.py</msg>
<msg timestamp="20230529 04:57:30.032" level="INFO">${process} = &lt;Popen: returncode: None args: ['python3', '/Users/runner/work/rfswarm/rfswa...&gt;</msg>
<status status="PASS" starttime="20230529 04:57:30.025" endtime="20230529 04:57:30.032"/>
</kw>
<kw name="Set Test Variable" library="BuiltIn">
<arg>$process</arg>
<arg>${process}</arg>
<doc>Makes a variable available everywhere within the scope of the current test.</doc>
<msg timestamp="20230529 04:57:30.033" level="INFO">${process} = &lt;Popen: returncode: None args: ['python3', '/Users/runner/work/rfswarm/rfswa...&gt;</msg>
<status status="PASS" starttime="20230529 04:57:30.033" endtime="20230529 04:57:30.033"/>
</kw>
<kw name="Sleep" library="BuiltIn">
<arg>10</arg>
<doc>Pauses the test executed for the given time.</doc>
<msg timestamp="20230529 04:57:40.071" level="INFO">Slept 10 seconds</msg>
<status status="PASS" starttime="20230529 04:57:30.033" endtime="20230529 04:57:40.072"/>
</kw>
<kw name="Set Screenshot Folder" library="ImageHorizonLibrary">
<arg>${OUTPUT DIR}</arg>
<doc>Sets the folder where screenshots are saved to.</doc>
<status status="PASS" starttime="20230529 04:57:40.072" endtime="20230529 04:57:40.073"/>
</kw>
<kw name="Take A Screenshot" library="ImageHorizonLibrary">
<doc>Takes a screenshot of the screen.</doc>
<msg timestamp="20230529 04:57:40.074" level="INFO" html="true">Screenshot taken: /Users/runner/work/rfswarm/rfswarm/Tests/Regression/Manager/Logs/macos-latest_3.10/Manager.GUIBasic-screenshot-1.png&lt;br/&gt;&lt;img src="/Users/runner/work/rfswarm/rfswarm/Tests/Regression/Manager/Logs/macos-latest_3.10/Manager.GUIBasic-screenshot-1.png" width="100%" /&gt;</msg>
<msg timestamp="20230529 04:57:40.074" level="FAIL">TypeError: '&lt;' not supported between instances of 'str' and 'int'</msg>
<status status="FAIL" starttime="20230529 04:57:40.073" endtime="20230529 04:57:40.075"/>
</kw>
<tag>macos-latest</tag>
<status status="FAIL" starttime="20230529 04:57:30.022" endtime="20230529 04:57:40.075">TypeError: '&lt;' not supported between instances of 'str' and 'int'</status>
</test>
<test id="s1-s2-t2" name="Select Run Tab" line="44">
<kw name="Click Tab">
<arg>Run</arg>
<kw name="Convert To Lower Case" library="String">
<var>${tabnamel}</var>
<arg>${tabname}</arg>
<doc>Converts string to lower case.</doc>
<msg timestamp="20230529 04:57:40.077" level="INFO">${tabnamel} = run</msg>
<status status="PASS" starttime="20230529 04:57:40.077" endtime="20230529 04:57:40.077"/>
</kw>
<kw name="Set Variable" library="BuiltIn">
<var>${img}</var>
<arg>manager_${platform}_tab_${tabnamel}.png</arg>
<doc>Returns the given values which can then be assigned to a variables.</doc>
<msg timestamp="20230529 04:57:40.078" level="INFO">${img} = manager_macos_tab_run.png</msg>
<status status="PASS" starttime="20230529 04:57:40.077" endtime="20230529 04:57:40.078"/>
</kw>
<kw name="Log" library="BuiltIn">
<arg>/Users/runner/work/rfswarm/rfswarm/Tests/Regression/Manager</arg>
<doc>Logs the given message with the given level.</doc>
<msg timestamp="20230529 04:57:40.078" level="INFO">/Users/runner/work/rfswarm/rfswarm/Tests/Regression/Manager</msg>
<status status="PASS" starttime="20230529 04:57:40.078" endtime="20230529 04:57:40.078"/>
</kw>
<kw name="Log" library="BuiltIn">
<arg>${IMAGE_DIR}</arg>
<doc>Logs the given message with the given level.</doc>
<msg timestamp="20230529 04:57:40.079" level="INFO">/Users/runner/work/rfswarm/rfswarm/Tests/Regression/Manager/Images/file_method</msg>
<status status="PASS" starttime="20230529 04:57:40.078" endtime="20230529 04:57:40.079"/>
</kw>
<kw name="Wait For" library="ImageHorizonLibrary">
<arg>${img}</arg>
<arg>timeout=300</arg>
<doc>Tries to locate given image from the screen for given time.</doc>
<msg timestamp="20230529 04:57:40.079" level="FAIL">TypeError: '&lt;' not supported between instances of 'str' and 'int'</msg>
<status status="FAIL" starttime="20230529 04:57:40.079" endtime="20230529 04:57:40.081"/>
</kw>
<kw name="Locate" library="ImageHorizonLibrary">
<var>@{coordinates}</var>
<arg>${img}</arg>
<doc>Locate image on screen.</doc>
<status status="NOT RUN" starttime="20230529 04:57:40.081" endtime="20230529 04:57:40.081"/>
</kw>
<kw name="Click Image" library="ImageHorizonLibrary">
<arg>${img}</arg>
<doc>Finds the reference image on screen and clicks it once.</doc>
<status status="NOT RUN" starttime="20230529 04:57:40.081" endtime="20230529 04:57:40.081"/>
</kw>
<kw name="Sleep" library="BuiltIn">
<arg>0.1</arg>
<doc>Pauses the test executed for the given time.</doc>
<status status="NOT RUN" starttime="20230529 04:57:40.081" endtime="20230529 04:57:40.081"/>
</kw>
<kw name="Take A Screenshot" library="ImageHorizonLibrary">
<doc>Takes a screenshot of the screen.</doc>
<status status="NOT RUN" starttime="20230529 04:57:40.081" endtime="20230529 04:57:40.081"/>
</kw>
<status status="FAIL" starttime="20230529 04:57:40.076" endtime="20230529 04:57:40.082"/>
</kw>
<kw name="Sleep" library="BuiltIn">
<arg>5</arg>
<doc>Pauses the test executed for the given time.</doc>
<status status="NOT RUN" starttime="20230529 04:57:40.082" endtime="20230529 04:57:40.082"/>
</kw>
<tag>macos-latest</tag>
<tag>ubuntu-latest</tag>
<tag>windows-latest</tag>
<status status="FAIL" starttime="20230529 04:57:40.076" endtime="20230529 04:57:40.082">TypeError: '&lt;' not supported between instances of 'str' and 'int'</status>
</test>
<test id="s1-s2-t3" name="Select Agents Tab" line="49">
<kw name="Click Tab">
<arg>Agents</arg>
<kw name="Convert To Lower Case" library="String">
<var>${tabnamel}</var>
<arg>${tabname}</arg>
<doc>Converts string to lower case.</doc>
<msg timestamp="20230529 04:57:40.084" level="INFO">${tabnamel} = agents</msg>
<status status="PASS" starttime="20230529 04:57:40.083" endtime="20230529 04:57:40.084"/>
</kw>
<kw name="Set Variable" library="BuiltIn">
<var>${img}</var>
<arg>manager_${platform}_tab_${tabnamel}.png</arg>
<doc>Returns the given values which can then be assigned to a variables.</doc>
<msg timestamp="20230529 04:57:40.084" level="INFO">${img} = manager_macos_tab_agents.png</msg>
<status status="PASS" starttime="20230529 04:57:40.084" endtime="20230529 04:57:40.084"/>
</kw>
<kw name="Log" library="BuiltIn">
<arg>/Users/runner/work/rfswarm/rfswarm/Tests/Regression/Manager</arg>
<doc>Logs the given message with the given level.</doc>
<msg timestamp="20230529 04:57:40.084" level="INFO">/Users/runner/work/rfswarm/rfswarm/Tests/Regression/Manager</msg>
<status status="PASS" starttime="20230529 04:57:40.084" endtime="20230529 04:57:40.085"/>
</kw>
<kw name="Log" library="BuiltIn">
<arg>${IMAGE_DIR}</arg>
<doc>Logs the given message with the given level.</doc>
<msg timestamp="20230529 04:57:40.085" level="INFO">/Users/runner/work/rfswarm/rfswarm/Tests/Regression/Manager/Images/file_method</msg>
<status status="PASS" starttime="20230529 04:57:40.085" endtime="20230529 04:57:40.085"/>
</kw>
<kw name="Wait For" library="ImageHorizonLibrary">
<arg>${img}</arg>
<arg>timeout=300</arg>
<doc>Tries to locate given image from the screen for given time.</doc>
<msg timestamp="20230529 04:57:40.086" level="FAIL">TypeError: '&lt;' not supported between instances of 'str' and 'int'</msg>
<status status="FAIL" starttime="20230529 04:57:40.085" endtime="20230529 04:57:40.086"/>
</kw>
<kw name="Locate" library="ImageHorizonLibrary">
<var>@{coordinates}</var>
<arg>${img}</arg>
<doc>Locate image on screen.</doc>
<status status="NOT RUN" starttime="20230529 04:57:40.086" endtime="20230529 04:57:40.086"/>
</kw>
<kw name="Click Image" library="ImageHorizonLibrary">
<arg>${img}</arg>
<doc>Finds the reference image on screen and clicks it once.</doc>
<status status="NOT RUN" starttime="20230529 04:57:40.086" endtime="20230529 04:57:40.086"/>
</kw>
<kw name="Sleep" library="BuiltIn">
<arg>0.1</arg>
<doc>Pauses the test executed for the given time.</doc>
<status status="NOT RUN" starttime="20230529 04:57:40.086" endtime="20230529 04:57:40.086"/>
</kw>
<kw name="Take A Screenshot" library="ImageHorizonLibrary">
<doc>Takes a screenshot of the screen.</doc>
<status status="NOT RUN" starttime="20230529 04:57:40.087" endtime="20230529 04:57:40.087"/>
</kw>
<status status="FAIL" starttime="20230529 04:57:40.083" endtime="20230529 04:57:40.087"/>
</kw>
<kw name="Sleep" library="BuiltIn">
<arg>5</arg>
<doc>Pauses the test executed for the given time.</doc>
<status status="NOT RUN" starttime="20230529 04:57:40.087" endtime="20230529 04:57:40.087"/>
</kw>
<tag>macos-latest</tag>
<tag>ubuntu-latest</tag>
<tag>windows-latest</tag>
<status status="FAIL" starttime="20230529 04:57:40.082" endtime="20230529 04:57:40.087">TypeError: '&lt;' not supported between instances of 'str' and 'int'</status>
</test>
<test id="s1-s2-t4" name="Select About Tab" line="54">
<kw name="Click Tab">
<arg>About</arg>
<kw name="Convert To Lower Case" library="String">
<var>${tabnamel}</var>
<arg>${tabname}</arg>
<doc>Converts string to lower case.</doc>
<msg timestamp="20230529 04:57:40.088" level="INFO">${tabnamel} = about</msg>
<status status="PASS" starttime="20230529 04:57:40.088" endtime="20230529 04:57:40.089"/>
</kw>
<kw name="Set Variable" library="BuiltIn">
<var>${img}</var>
<arg>manager_${platform}_tab_${tabnamel}.png</arg>
<doc>Returns the given values which can then be assigned to a variables.</doc>
<msg timestamp="20230529 04:57:40.089" level="INFO">${img} = manager_macos_tab_about.png</msg>
<status status="PASS" starttime="20230529 04:57:40.089" endtime="20230529 04:57:40.089"/>
</kw>
<kw name="Log" library="BuiltIn">
<arg>/Users/runner/work/rfswarm/rfswarm/Tests/Regression/Manager</arg>
<doc>Logs the given message with the given level.</doc>
<msg timestamp="20230529 04:57:40.089" level="INFO">/Users/runner/work/rfswarm/rfswarm/Tests/Regression/Manager</msg>
<status status="PASS" starttime="20230529 04:57:40.089" endtime="20230529 04:57:40.089"/>
</kw>
<kw name="Log" library="BuiltIn">
<arg>${IMAGE_DIR}</arg>
<doc>Logs the given message with the given level.</doc>
<msg timestamp="20230529 04:57:40.090" level="INFO">/Users/runner/work/rfswarm/rfswarm/Tests/Regression/Manager/Images/file_method</msg>
<status status="PASS" starttime="20230529 04:57:40.090" endtime="20230529 04:57:40.090"/>
</kw>
<kw name="Wait For" library="ImageHorizonLibrary">
<arg>${img}</arg>
<arg>timeout=300</arg>
<doc>Tries to locate given image from the screen for given time.</doc>
<msg timestamp="20230529 04:57:40.091" level="FAIL">TypeError: '&lt;' not supported between instances of 'str' and 'int'</msg>
<status status="FAIL" starttime="20230529 04:57:40.090" endtime="20230529 04:57:40.091"/>
</kw>
<kw name="Locate" library="ImageHorizonLibrary">
<var>@{coordinates}</var>
<arg>${img}</arg>
<doc>Locate image on screen.</doc>
<status status="NOT RUN" starttime="20230529 04:57:40.091" endtime="20230529 04:57:40.091"/>
</kw>
<kw name="Click Image" library="ImageHorizonLibrary">
<arg>${img}</arg>
<doc>Finds the reference image on screen and clicks it once.</doc>
<status status="NOT RUN" starttime="20230529 04:57:40.091" endtime="20230529 04:57:40.091"/>
</kw>
<kw name="Sleep" library="BuiltIn">
<arg>0.1</arg>
<doc>Pauses the test executed for the given time.</doc>
<status status="NOT RUN" starttime="20230529 04:57:40.091" endtime="20230529 04:57:40.091"/>
</kw>
<kw name="Take A Screenshot" library="ImageHorizonLibrary">
<doc>Takes a screenshot of the screen.</doc>
<status status="NOT RUN" starttime="20230529 04:57:40.092" endtime="20230529 04:57:40.092"/>
</kw>
<status status="FAIL" starttime="20230529 04:57:40.088" endtime="20230529 04:57:40.092"/>
</kw>
<kw name="Sleep" library="BuiltIn">
<arg>5</arg>
<doc>Pauses the test executed for the given time.</doc>
<status status="NOT RUN" starttime="20230529 04:57:40.092" endtime="20230529 04:57:40.092"/>
</kw>
<tag>macos-latest</tag>
<tag>ubuntu-latest</tag>
<tag>windows-latest</tag>
<status status="FAIL" starttime="20230529 04:57:40.087" endtime="20230529 04:57:40.092">TypeError: '&lt;' not supported between instances of 'str' and 'int'</status>
</test>
<test id="s1-s2-t5" name="Select Plan Tab" line="59">
<kw name="Click Tab">
<arg>Plan</arg>
<kw name="Convert To Lower Case" library="String">
<var>${tabnamel}</var>
<arg>${tabname}</arg>
<doc>Converts string to lower case.</doc>
<msg timestamp="20230529 04:57:40.093" level="INFO">${tabnamel} = plan</msg>
<status status="PASS" starttime="20230529 04:57:40.093" endtime="20230529 04:57:40.094"/>
</kw>
<kw name="Set Variable" library="BuiltIn">
<var>${img}</var>
<arg>manager_${platform}_tab_${tabnamel}.png</arg>
<doc>Returns the given values which can then be assigned to a variables.</doc>
<msg timestamp="20230529 04:57:40.094" level="INFO">${img} = manager_macos_tab_plan.png</msg>
<status status="PASS" starttime="20230529 04:57:40.094" endtime="20230529 04:57:40.094"/>
</kw>
<kw name="Log" library="BuiltIn">
<arg>/Users/runner/work/rfswarm/rfswarm/Tests/Regression/Manager</arg>
<doc>Logs the given message with the given level.</doc>
<msg timestamp="20230529 04:57:40.094" level="INFO">/Users/runner/work/rfswarm/rfswarm/Tests/Regression/Manager</msg>
<status status="PASS" starttime="20230529 04:57:40.094" endtime="20230529 04:57:40.094"/>
</kw>
<kw name="Log" library="BuiltIn">
<arg>${IMAGE_DIR}</arg>
<doc>Logs the given message with the given level.</doc>
<msg timestamp="20230529 04:57:40.095" level="INFO">/Users/runner/work/rfswarm/rfswarm/Tests/Regression/Manager/Images/file_method</msg>
<status status="PASS" starttime="20230529 04:57:40.094" endtime="20230529 04:57:40.095"/>
</kw>
<kw name="Wait For" library="ImageHorizonLibrary">
<arg>${img}</arg>
<arg>timeout=300</arg>
<doc>Tries to locate given image from the screen for given time.</doc>
<msg timestamp="20230529 04:57:40.095" level="FAIL">TypeError: '&lt;' not supported between instances of 'str' and 'int'</msg>
<status status="FAIL" starttime="20230529 04:57:40.095" endtime="20230529 04:57:40.096"/>
</kw>
<kw name="Locate" library="ImageHorizonLibrary">
<var>@{coordinates}</var>
<arg>${img}</arg>
<doc>Locate image on screen.</doc>
<status status="NOT RUN" starttime="20230529 04:57:40.096" endtime="20230529 04:57:40.096"/>
</kw>
<kw name="Click Image" library="ImageHorizonLibrary">
<arg>${img}</arg>
<doc>Finds the reference image on screen and clicks it once.</doc>
<status status="NOT RUN" starttime="20230529 04:57:40.096" endtime="20230529 04:57:40.096"/>
</kw>
<kw name="Sleep" library="BuiltIn">
<arg>0.1</arg>
<doc>Pauses the test executed for the given time.</doc>
<status status="NOT RUN" starttime="20230529 04:57:40.096" endtime="20230529 04:57:40.096"/>
</kw>
<kw name="Take A Screenshot" library="ImageHorizonLibrary">
<doc>Takes a screenshot of the screen.</doc>
<status status="NOT RUN" starttime="20230529 04:57:40.096" endtime="20230529 04:57:40.096"/>
</kw>
<status status="FAIL" starttime="20230529 04:57:40.093" endtime="20230529 04:57:40.096"/>
</kw>
<kw name="Sleep" library="BuiltIn">
<arg>5</arg>
<doc>Pauses the test executed for the given time.</doc>
<status status="NOT RUN" starttime="20230529 04:57:40.097" endtime="20230529 04:57:40.097"/>
</kw>
<tag>macos-latest</tag>
<tag>ubuntu-latest</tag>
<tag>windows-latest</tag>
<status status="FAIL" starttime="20230529 04:57:40.092" endtime="20230529 04:57:40.097">TypeError: '&lt;' not supported between instances of 'str' and 'int'</status>
</test>
<test id="s1-s2-t6" name="Close GUI" line="78">
<kw name="Click Image" library="ImageHorizonLibrary">
<arg>manager_${platform}_button_closewindow.png</arg>
<doc>Finds the reference image on screen and clicks it once.</doc>
<msg timestamp="20230529 04:57:40.098" level="FAIL">TypeError: '&lt;' not supported between instances of 'str' and 'int'</msg>
<status status="FAIL" starttime="20230529 04:57:40.097" endtime="20230529 04:57:40.098"/>
</kw>
<kw name="Take A Screenshot" library="ImageHorizonLibrary">
<doc>Takes a screenshot of the screen.</doc>
<status status="NOT RUN" starttime="20230529 04:57:40.098" endtime="20230529 04:57:40.098"/>
</kw>
<kw name="Wait For Process" library="Process">
<var>${result}</var>
<arg>${process}</arg>
<arg>timeout=60</arg>
<doc>Waits for the process to complete or to reach the given timeout.</doc>
<status status="NOT RUN" starttime="20230529 04:57:40.099" endtime="20230529 04:57:40.099"/>
</kw>
<kw name="Is Process Running" library="Process">
<var>${running}</var>
<arg>${process}</arg>
<doc>Checks is the process running or not.</doc>
<status status="NOT RUN" starttime="20230529 04:57:40.099" endtime="20230529 04:57:40.099"/>
</kw>
<if>
<branch type="IF" condition="not ${running}">
<kw name="Should Be Equal As Integers" library="BuiltIn">
<arg>${result.rc}</arg>
<arg>0</arg>
<doc>Fails if objects are unequal after converting them to integers.</doc>
<status status="NOT RUN" starttime="20230529 04:57:40.099" endtime="20230529 04:57:40.099"/>
</kw>
<status status="NOT RUN" starttime="20230529 04:57:40.099" endtime="20230529 04:57:40.099"/>
</branch>
<branch type="ELSE">
<kw name="Take A Screenshot" library="ImageHorizonLibrary">
<doc>Takes a screenshot of the screen.</doc>
<status status="NOT RUN" starttime="20230529 04:57:40.099" endtime="20230529 04:57:40.100"/>
</kw>
<kw name="Terminate Process" library="Process">
<var>${result}</var>
<arg>${process}</arg>
<doc>Stops the process gracefully or forcefully.</doc>
<status status="NOT RUN" starttime="20230529 04:57:40.100" endtime="20230529 04:57:40.100"/>
</kw>
<kw name="Fail" library="BuiltIn">
<doc>Fails the test with the given message and optionally alters its tags.</doc>
<status status="NOT RUN" starttime="20230529 04:57:40.100" endtime="20230529 04:57:40.100"/>
</kw>
<status status="NOT RUN" starttime="20230529 04:57:40.099" endtime="20230529 04:57:40.100"/>
</branch>
<status status="NOT RUN" starttime="20230529 04:57:40.099" endtime="20230529 04:57:40.100"/>
</if>
<tag>macos-latest</tag>
<status status="FAIL" starttime="20230529 04:57:40.097" endtime="20230529 04:57:40.100">TypeError: '&lt;' not supported between instances of 'str' and 'int'</status>
</test>
<status status="FAIL" starttime="20230529 04:57:21.418" endtime="20230529 04:57:40.101"/>
</suite>
<status status="FAIL" starttime="20230529 04:56:51.524" endtime="20230529 04:57:40.102"/>
</suite>
<statistics>
<total>
<stat pass="3" fail="6" skip="0">All Tests</stat>
</total>
<tag>
<stat pass="3" fail="6" skip="0">macos-latest</stat>
<stat pass="3" fail="4" skip="0">ubuntu-latest</stat>
<stat pass="3" fail="4" skip="0">windows-latest</stat>
</tag>
<suite>
<stat pass="3" fail="6" skip="0" id="s1" name="Manager">Manager</stat>
<stat pass="3" fail="0" skip="0" id="s1-s1" name="CommandLine">Manager.CommandLine</stat>
<stat pass="0" fail="6" skip="0" id="s1-s2" name="GUI Basic">Manager.GUI Basic</stat>
</suite>
</statistics>
<errors>
</errors>
</robot>
