<?xml version="1.0" encoding="UTF-8"?>
<robot generator="Robot 7.0 (Python 3.10.13 on darwin)" generated="2024-02-14T10:02:05.072593" rpa="false" schemaversion="5">
<suite id="s1" name="Manager" source="/Users/runner/work/rfswarm/rfswarm/Tests/Regression/Manager">
<suite id="s1-s1" name="CommandLine" source="/Users/runner/work/rfswarm/rfswarm/Tests/Regression/Manager/CommandLine.robot">
<kw name="Clean Up Old Files" type="SETUP">
<kw name="Log To Console" owner="BuiltIn">
<arg>${OUTPUT DIR}</arg>
<doc>Logs the given message to the console.</doc>
<status status="PASS" start="2024-02-14T10:02:05.167446" elapsed="0.000303"/>
</kw>
<kw name="Remove File" owner="OperatingSystem">
<msg time="2024-02-14T10:02:05.168777" level="INFO" html="true">Removed file '&lt;a href="file:///Users/runner/work/rfswarm/rfswarm/Tests/Regression/Manager/Logs/macos-latest_3.10/stdout.txt"&gt;/Users/runner/work/rfswarm/rfswarm/Tests/Regression/Manager/Logs/macos-latest_3.10/stdout.txt&lt;/a&gt;'.</msg>
<msg time="2024-02-14T10:02:05.168929" level="INFO" html="true">Removed file '&lt;a href="file:///Users/runner/work/rfswarm/rfswarm/Tests/Regression/Manager/Logs/macos-latest_3.10/stdout_agent.txt"&gt;/Users/runner/work/rfswarm/rfswarm/Tests/Regression/Manager/Logs/macos-latest_3.10/stdout_agent.txt&lt;/a&gt;'.</msg>
<msg time="2024-02-14T10:02:05.169070" level="INFO" html="true">Removed file '&lt;a href="file:///Users/runner/work/rfswarm/rfswarm/Tests/Regression/Manager/Logs/macos-latest_3.10/stderr_agent.txt"&gt;/Users/runner/work/rfswarm/rfswarm/Tests/Regression/Manager/Logs/macos-latest_3.10/stderr_agent.txt&lt;/a&gt;'.</msg>
<msg time="2024-02-14T10:02:05.169255" level="INFO" html="true">Removed file '&lt;a href="file:///Users/runner/work/rfswarm/rfswarm/Tests/Regression/Manager/Logs/macos-latest_3.10/stdout_manager.txt"&gt;/Users/runner/work/rfswarm/rfswarm/Tests/Regression/Manager/Logs/macos-latest_3.10/stdout_manager.txt&lt;/a&gt;'.</msg>
<msg time="2024-02-14T10:02:05.169450" level="INFO" html="true">Removed file '&lt;a href="file:///Users/runner/work/rfswarm/rfswarm/Tests/Regression/Manager/Logs/macos-latest_3.10/stderr_manager.txt"&gt;/Users/runner/work/rfswarm/rfswarm/Tests/Regression/Manager/Logs/macos-latest_3.10/stderr_manager.txt&lt;/a&gt;'.</msg>
<msg time="2024-02-14T10:02:05.169627" level="INFO" html="true">Removed file '&lt;a href="file:///Users/runner/work/rfswarm/rfswarm/Tests/Regression/Manager/Logs/macos-latest_3.10/stderr.txt"&gt;/Users/runner/work/rfswarm/rfswarm/Tests/Regression/Manager/Logs/macos-latest_3.10/stderr.txt&lt;/a&gt;'.</msg>
<arg>${OUTPUT DIR}${/}*.txt</arg>
<doc>Removes a file with the given path.</doc>
<status status="PASS" start="2024-02-14T10:02:05.167949" elapsed="0.001757"/>
</kw>
<kw name="Remove File" owner="OperatingSystem">
<msg time="2024-02-14T10:02:05.170625" level="INFO" html="true">Removed file '&lt;a href="file:///Users/runner/work/rfswarm/rfswarm/Tests/Regression/Manager/Logs/macos-latest_3.10/Manager.GUIBasic-screenshot-1.png"&gt;/Users/runner/work/rfswarm/rfswarm/Tests/Regression/Manager/Logs/macos-latest_3.10/Manager.GUIBasic-screenshot-1.png&lt;/a&gt;'.</msg>
<msg time="2024-02-14T10:02:05.170940" level="INFO" html="true">Removed file '&lt;a href="file:///Users/runner/work/rfswarm/rfswarm/Tests/Regression/Manager/Logs/macos-latest_3.10/Manager.GUIBasic-screenshot-2.png"&gt;/Users/runner/work/rfswarm/rfswarm/Tests/Regression/Manager/Logs/macos-latest_3.10/Manager.GUIBasic-screenshot-2.png&lt;/a&gt;'.</msg>
<msg time="2024-02-14T10:02:05.171213" level="INFO" html="true">Removed file '&lt;a href="file:///Users/runner/work/rfswarm/rfswarm/Tests/Regression/Manager/Logs/macos-latest_3.10/Manager.GUIBasic-screenshot-3.png"&gt;/Users/runner/work/rfswarm/rfswarm/Tests/Regression/Manager/Logs/macos-latest_3.10/Manager.GUIBasic-screenshot-3.png&lt;/a&gt;'.</msg>
<msg time="2024-02-14T10:02:05.171514" level="INFO" html="true">Removed file '&lt;a href="file:///Users/runner/work/rfswarm/rfswarm/Tests/Regression/Manager/Logs/macos-latest_3.10/Manager.GUIBasic-screenshot-6.png"&gt;/Users/runner/work/rfswarm/rfswarm/Tests/Regression/Manager/Logs/macos-latest_3.10/Manager.GUIBasic-screenshot-6.png&lt;/a&gt;'.</msg>
<msg time="2024-02-14T10:02:05.171759" level="INFO" html="true">Removed file '&lt;a href="file:///Users/runner/work/rfswarm/rfswarm/Tests/Regression/Manager/Logs/macos-latest_3.10/Manager.GUIBasic-screenshot-4.png"&gt;/Users/runner/work/rfswarm/rfswarm/Tests/Regression/Manager/Logs/macos-latest_3.10/Manager.GUIBasic-screenshot-4.png&lt;/a&gt;'.</msg>
<msg time="2024-02-14T10:02:05.172002" level="INFO" html="true">Removed file '&lt;a href="file:///Users/runner/work/rfswarm/rfswarm/Tests/Regression/Manager/Logs/macos-latest_3.10/Manager.GUIBasic-screenshot-5.png"&gt;/Users/runner/work/rfswarm/rfswarm/Tests/Regression/Manager/Logs/macos-latest_3.10/Manager.GUIBasic-screenshot-5.png&lt;/a&gt;'.</msg>
<msg time="2024-02-14T10:02:05.172238" level="INFO" html="true">Removed file '&lt;a href="file:///Users/runner/work/rfswarm/rfswarm/Tests/Regression/Manager/Logs/macos-latest_3.10/Manager.GUIBugs-screenshot-1.png"&gt;/Users/runner/work/rfswarm/rfswarm/Tests/Regression/Manager/Logs/macos-latest_3.10/Manager.GUIBugs-screenshot-1.png&lt;/a&gt;'.</msg>
<msg time="2024-02-14T10:02:05.172499" level="INFO" html="true">Removed file '&lt;a href="file:///Users/runner/work/rfswarm/rfswarm/Tests/Regression/Manager/Logs/macos-latest_3.10/Manager.GUIBugs-screenshot-2.png"&gt;/Users/runner/work/rfswarm/rfswarm/Tests/Regression/Manager/Logs/macos-latest_3.10/Manager.GUIBugs-screenshot-2.png&lt;/a&gt;'.</msg>
<arg>${OUTPUT DIR}${/}*.png</arg>
<doc>Removes a file with the given path.</doc>
<status status="PASS" start="2024-02-14T10:02:05.169858" elapsed="0.002739"/>
</kw>
<tag>macos-latest</tag>
<tag>ubuntu-latest</tag>
<tag>windows-latest</tag>
<status status="PASS" start="2024-02-14T10:02:05.166670" elapsed="0.006069"/>
</kw>
<test id="s1-s1-t1" name="Random Offset" line="7">
<kw name="Evaluate" owner="BuiltIn">
<msg time="2024-02-14T10:02:05.174037" level="INFO">${random} = 46</msg>
<var>${random}</var>
<arg>random.randint(0, 60)</arg>
<doc>Evaluates the given expression in Python and returns the result.</doc>
<status status="PASS" start="2024-02-14T10:02:05.173589" elapsed="0.000492"/>
</kw>
<kw name="Sleep" owner="BuiltIn">
<msg time="2024-02-14T10:02:51.178876" level="INFO">Slept 46 seconds.</msg>
<arg>${random}</arg>
<doc>Pauses the test executed for the given time.</doc>
<status status="PASS" start="2024-02-14T10:02:05.174241" elapsed="46.004798"/>
</kw>
<doc>This just prevents all the test runners doing git push at the same time</doc>
<tag>macos-latest</tag>
<tag>ubuntu-latest</tag>
<tag>windows-latest</tag>
<status status="PASS" start="2024-02-14T10:02:05.172912" elapsed="46.006381"/>
</test>
<test id="s1-s1-t2" name="Manager Version" line="13">
<kw name="Run" owner="OperatingSystem">
<msg time="2024-02-14T10:02:51.184025" level="INFO">Running command 'python3 /Users/runner/work/rfswarm/rfswarm/rfswarm_manager/rfswarm.py -v 2&gt;&amp;1'.</msg>
<msg time="2024-02-14T10:03:02.737951" level="INFO">${result} = Robot Framework Swarm: Manager 
	Version 1.2.1 </msg>
<var>${result}</var>
<arg>python3 ${EXECDIR}${/}rfswarm_manager${/}rfswarm.py -v</arg>
<doc>Runs the given command in the system and returns the output.</doc>
<status status="PASS" start="2024-02-14T10:02:51.180139" elapsed="11.557895"/>
</kw>
<kw name="Log To Console" owner="BuiltIn">
<arg>${\n}${result}</arg>
<doc>Logs the given message to the console.</doc>
<status status="PASS" start="2024-02-14T10:03:02.738578" elapsed="0.000586"/>
</kw>
<kw name="Should Contain" owner="BuiltIn">
<arg>${result}</arg>
<arg>Version</arg>
<doc>Fails if ``container`` does not contain ``item`` one or more times.</doc>
<status status="PASS" start="2024-02-14T10:03:02.739342" elapsed="0.000238"/>
</kw>
<kw name="Should Contain" owner="BuiltIn">
<arg>${result}</arg>
<arg>Manager</arg>
<doc>Fails if ``container`` does not contain ``item`` one or more times.</doc>
<status status="PASS" start="2024-02-14T10:03:02.739736" elapsed="0.000215"/>
</kw>
<tag>macos-latest</tag>
<tag>ubuntu-latest</tag>
<tag>windows-latest</tag>
<status status="PASS" start="2024-02-14T10:02:51.179646" elapsed="11.560535"/>
</test>
<test id="s1-s1-t3" name="Manager Help" line="20">
<kw name="Run" owner="OperatingSystem">
<msg time="2024-02-14T10:03:02.744212" level="INFO">Running command 'python3 /Users/runner/work/rfswarm/rfswarm/rfswarm_manager/rfswarm.py -h 2&gt;&amp;1'.</msg>
<msg time="2024-02-14T10:03:03.664482" level="INFO">${result} = Robot Framework Swarm: Manager 
	Version 1.2.1 
usage: rfswarm.py [-h] [-g DEBUG] [-v] [-i INI] [-s SCENARIO] [-r] [-a AGENTS]
                  [-n] [-t STARTTIME] [-d DIR] [-e IPADDRESS] [-p PORT]

...</msg>
<var>${result}</var>
<arg>python3 ${EXECDIR}${/}rfswarm_manager${/}rfswarm.py -h</arg>
<doc>Runs the given command in the system and returns the output.</doc>
<status status="PASS" start="2024-02-14T10:03:02.741316" elapsed="0.923251"/>
</kw>
<kw name="Log To Console" owner="BuiltIn">
<arg>${\n}${result}</arg>
<doc>Logs the given message to the console.</doc>
<status status="PASS" start="2024-02-14T10:03:03.665202" elapsed="0.000573"/>
</kw>
<kw name="Should Contain" owner="BuiltIn">
<arg>${result}</arg>
<arg>IPADDRESS</arg>
<doc>Fails if ``container`` does not contain ``item`` one or more times.</doc>
<status status="PASS" start="2024-02-14T10:03:03.665953" elapsed="0.000237"/>
</kw>
<tag>macos-latest</tag>
<tag>ubuntu-latest</tag>
<tag>windows-latest</tag>
<status status="PASS" start="2024-02-14T10:03:02.740744" elapsed="0.925693"/>
</test>
<status status="PASS" start="2024-02-14T10:02:05.152761" elapsed="58.514504"/>
</suite>
<suite id="s1-s2" name="GUI Basic" source="/Users/runner/work/rfswarm/rfswarm/Tests/Regression/Manager/GUI_Basic.robot">
<test id="s1-s2-t1" name="Open GUI" line="14">
<kw name="Set Suite Variable" owner="BuiltIn">
<msg time="2024-02-14T10:03:12.422929" level="INFO">${platform} = macos</msg>
<arg>${platform}</arg>
<arg>macos</arg>
<doc>Makes a variable available everywhere within the scope of the current suite.</doc>
<status status="PASS" start="2024-02-14T10:03:12.421689" elapsed="0.001344"/>
</kw>
<kw name="Set Confidence" owner="ImageHorizonLibrary">
<arg>0.9</arg>
<doc>Sets the accuracy when finding images.</doc>
<status status="PASS" start="2024-02-14T10:03:12.423253" elapsed="0.000202"/>
</kw>
<kw name="Start Process" owner="Process">
<msg time="2024-02-14T10:03:12.424637" level="INFO">Starting process:
python3 /Users/runner/work/rfswarm/rfswarm/rfswarm_manager/rfswarm.py</msg>
<msg time="2024-02-14T10:03:12.430954" level="INFO">${process} = &lt;Popen: returncode: None args: ['python3', '/Users/runner/work/rfswarm/rfswa...&gt;</msg>
<var>${process}</var>
<arg>python3</arg>
<arg>${pyfile}</arg>
<arg>alias=Manager</arg>
<arg>stdout=${OUTPUT DIR}${/}stdout.txt</arg>
<arg>stderr=${OUTPUT DIR}${/}stderr.txt</arg>
<doc>Starts a new process on background.</doc>
<status status="PASS" start="2024-02-14T10:03:12.423667" elapsed="0.007419"/>
</kw>
<kw name="Set Test Variable" owner="BuiltIn">
<msg time="2024-02-14T10:03:12.432495" level="INFO">${process} = &lt;Popen: returncode: None args: ['python3', '/Users/runner/work/rfswarm/rfswa...&gt;</msg>
<arg>$process</arg>
<arg>${process}</arg>
<doc>Makes a variable available everywhere within the scope of the current test.</doc>
<status status="PASS" start="2024-02-14T10:03:12.431988" elapsed="0.000573"/>
</kw>
<kw name="Sleep" owner="BuiltIn">
<msg time="2024-02-14T10:03:22.462258" level="INFO">Slept 10 seconds.</msg>
<arg>10</arg>
<doc>Pauses the test executed for the given time.</doc>
<status status="PASS" start="2024-02-14T10:03:12.432781" elapsed="10.029637"/>
</kw>
<kw name="Set Screenshot Folder" owner="ImageHorizonLibrary">
<arg>${OUTPUT DIR}</arg>
<doc>Sets the folder where screenshots are saved to.</doc>
<status status="PASS" start="2024-02-14T10:03:22.462727" elapsed="0.001624"/>
</kw>
<kw name="Take A Screenshot" owner="ImageHorizonLibrary">
<msg time="2024-02-14T10:03:22.464855" level="INFO" html="true">Screenshot taken: /Users/runner/work/rfswarm/rfswarm/Tests/Regression/Manager/Logs/macos-latest_3.10/Manager.GUIBasic-screenshot-1.png&lt;br/&gt;&lt;img src="/Users/runner/work/rfswarm/rfswarm/Tests/Regression/Manager/Logs/macos-latest_3.10/Manager.GUIBasic-screenshot-1.png" width="100%" /&gt;</msg>
<doc>Takes a screenshot of the screen.</doc>
<status status="PASS" start="2024-02-14T10:03:22.464524" elapsed="0.383595"/>
</kw>
<tag>macos-latest</tag>
<status status="PASS" start="2024-02-14T10:03:12.420462" elapsed="10.428225"/>
</test>
<test id="s1-s2-t2" name="Select Run Tab" line="44">
<kw name="Click Tab">
<kw name="Convert To Lower Case" owner="String">
<msg time="2024-02-14T10:03:22.851198" level="INFO">${tabnamel} = run</msg>
<var>${tabnamel}</var>
<arg>${tabname}</arg>
<doc>Converts string to lower case.</doc>
<status status="PASS" start="2024-02-14T10:03:22.850906" elapsed="0.000332"/>
</kw>
<kw name="Set Variable" owner="BuiltIn">
<msg time="2024-02-14T10:03:22.851725" level="INFO">${img} = manager_macos_tab_run.png</msg>
<var>${img}</var>
<arg>manager_${platform}_tab_${tabnamel}.png</arg>
<doc>Returns the given values which can then be assigned to a variables.</doc>
<status status="PASS" start="2024-02-14T10:03:22.851417" elapsed="0.000356"/>
</kw>
<kw name="Log" owner="BuiltIn">
<msg time="2024-02-14T10:03:22.852141" level="INFO">/Users/runner/work/rfswarm/rfswarm/Tests/Regression/Manager</msg>
<arg>/Users/runner/work/rfswarm/rfswarm/Tests/Regression/Manager</arg>
<doc>Logs the given message with the given level.</doc>
<status status="PASS" start="2024-02-14T10:03:22.851958" elapsed="0.000249"/>
</kw>
<kw name="Log" owner="BuiltIn">
<msg time="2024-02-14T10:03:22.852550" level="INFO">/Users/runner/work/rfswarm/rfswarm/Tests/Regression/Manager/Images/file_method</msg>
<arg>${IMAGE_DIR}</arg>
<doc>Logs the given message with the given level.</doc>
<status status="PASS" start="2024-02-14T10:03:22.852357" elapsed="0.000258"/>
</kw>
<kw name="Wait For" owner="ImageHorizonLibrary">
<kw name="Take A Screenshot" owner="ImageHorizonLibrary">
<msg time="2024-02-14T10:08:23.185681" level="INFO" html="true">Screenshot taken: /Users/runner/work/rfswarm/rfswarm/Tests/Regression/Manager/Logs/macos-latest_3.10/Manager.GUIBasic-screenshot-2.png&lt;br/&gt;&lt;img src="/Users/runner/work/rfswarm/rfswarm/Tests/Regression/Manager/Logs/macos-latest_3.10/Manager.GUIBasic-screenshot-2.png" width="100%" /&gt;</msg>
<doc>Takes a screenshot of the screen.</doc>
<status status="PASS" start="2024-02-14T10:08:23.184713" elapsed="0.298807"/>
</kw>
<msg time="2024-02-14T10:08:23.484311" level="FAIL">ImageNotFoundException: Reference image "/Users/runner/work/rfswarm/rfswarm/Tests/Regression/Manager/Images/file_method/manager_macos_tab_run.png" was not found on screen</msg>
<arg>${img}</arg>
<arg>timeout=300</arg>
<doc>Tries to locate given image from the screen for given time.</doc>
<status status="FAIL" start="2024-02-14T10:03:22.852762" elapsed="300.632317">ImageNotFoundException: Reference image "/Users/runner/work/rfswarm/rfswarm/Tests/Regression/Manager/Images/file_method/manager_macos_tab_run.png" was not found on screen</status>
</kw>
<kw name="Locate" owner="ImageHorizonLibrary">
<var>@{coordinates}</var>
<arg>${img}</arg>
<doc>Locate image on screen.</doc>
<status status="NOT RUN" start="2024-02-14T10:08:23.485578" elapsed="0.000050"/>
</kw>
<kw name="Click Image" owner="ImageHorizonLibrary">
<arg>${img}</arg>
<doc>Finds the reference image on screen and clicks it once.</doc>
<status status="NOT RUN" start="2024-02-14T10:08:23.485797" elapsed="0.000031"/>
</kw>
<kw name="Sleep" owner="BuiltIn">
<arg>0.1</arg>
<doc>Pauses the test executed for the given time.</doc>
<status status="NOT RUN" start="2024-02-14T10:08:23.486000" elapsed="0.000039"/>
</kw>
<kw name="Take A Screenshot" owner="ImageHorizonLibrary">
<doc>Takes a screenshot of the screen.</doc>
<status status="NOT RUN" start="2024-02-14T10:08:23.486197" elapsed="0.000030"/>
</kw>
<arg>Run</arg>
<status status="FAIL" start="2024-02-14T10:03:22.850199" elapsed="300.636300">ImageNotFoundException: Reference image "/Users/runner/work/rfswarm/rfswarm/Tests/Regression/Manager/Images/file_method/manager_macos_tab_run.png" was not found on screen</status>
</kw>
<kw name="Sleep" owner="BuiltIn">
<arg>5</arg>
<doc>Pauses the test executed for the given time.</doc>
<status status="NOT RUN" start="2024-02-14T10:08:23.486867" elapsed="0.000040"/>
</kw>
<tag>macos-latest</tag>
<tag>ubuntu-latest</tag>
<tag>windows-latest</tag>
<status status="FAIL" start="2024-02-14T10:03:22.849235" elapsed="300.638047">ImageNotFoundException: Reference image "/Users/runner/work/rfswarm/rfswarm/Tests/Regression/Manager/Images/file_method/manager_macos_tab_run.png" was not found on screen</status>
</test>
<test id="s1-s2-t3" name="Select Agents Tab" line="49">
<kw name="Click Tab">
<kw name="Convert To Lower Case" owner="String">
<msg time="2024-02-14T10:08:23.489716" level="INFO">${tabnamel} = agents</msg>
<var>${tabnamel}</var>
<arg>${tabname}</arg>
<doc>Converts string to lower case.</doc>
<status status="PASS" start="2024-02-14T10:08:23.489220" elapsed="0.000538"/>
</kw>
<kw name="Set Variable" owner="BuiltIn">
<msg time="2024-02-14T10:08:23.490235" level="INFO">${img} = manager_macos_tab_agents.png</msg>
<var>${img}</var>
<arg>manager_${platform}_tab_${tabnamel}.png</arg>
<doc>Returns the given values which can then be assigned to a variables.</doc>
<status status="PASS" start="2024-02-14T10:08:23.489938" elapsed="0.000334"/>
</kw>
<kw name="Log" owner="BuiltIn">
<msg time="2024-02-14T10:08:23.490654" level="INFO">/Users/runner/work/rfswarm/rfswarm/Tests/Regression/Manager</msg>
<arg>/Users/runner/work/rfswarm/rfswarm/Tests/Regression/Manager</arg>
<doc>Logs the given message with the given level.</doc>
<status status="PASS" start="2024-02-14T10:08:23.490451" elapsed="0.000273"/>
</kw>
<kw name="Log" owner="BuiltIn">
<msg time="2024-02-14T10:08:23.491058" level="INFO">/Users/runner/work/rfswarm/rfswarm/Tests/Regression/Manager/Images/file_method</msg>
<arg>${IMAGE_DIR}</arg>
<doc>Logs the given message with the given level.</doc>
<status status="PASS" start="2024-02-14T10:08:23.490878" elapsed="0.000248"/>
</kw>
<kw name="Wait For" owner="ImageHorizonLibrary">
<kw name="Take A Screenshot" owner="ImageHorizonLibrary">
<msg time="2024-02-14T10:13:23.782139" level="INFO" html="true">Screenshot taken: /Users/runner/work/rfswarm/rfswarm/Tests/Regression/Manager/Logs/macos-latest_3.10/Manager.GUIBasic-screenshot-3.png&lt;br/&gt;&lt;img src="/Users/runner/work/rfswarm/rfswarm/Tests/Regression/Manager/Logs/macos-latest_3.10/Manager.GUIBasic-screenshot-3.png" width="100%" /&gt;</msg>
<doc>Takes a screenshot of the screen.</doc>
<status status="PASS" start="2024-02-14T10:13:23.781097" elapsed="0.327800"/>
</kw>
<msg time="2024-02-14T10:13:24.109725" level="FAIL">ImageNotFoundException: Reference image "/Users/runner/work/rfswarm/rfswarm/Tests/Regression/Manager/Images/file_method/manager_macos_tab_agents.png" was not found on screen</msg>
<arg>${img}</arg>
<arg>timeout=300</arg>
<doc>Tries to locate given image from the screen for given time.</doc>
<status status="FAIL" start="2024-02-14T10:08:23.491277" elapsed="300.618896">ImageNotFoundException: Reference image "/Users/runner/work/rfswarm/rfswarm/Tests/Regression/Manager/Images/file_method/manager_macos_tab_agents.png" was not found on screen</status>
</kw>
<kw name="Locate" owner="ImageHorizonLibrary">
<var>@{coordinates}</var>
<arg>${img}</arg>
<doc>Locate image on screen.</doc>
<status status="NOT RUN" start="2024-02-14T10:13:24.110702" elapsed="0.000056"/>
</kw>
<kw name="Click Image" owner="ImageHorizonLibrary">
<arg>${img}</arg>
<doc>Finds the reference image on screen and clicks it once.</doc>
<status status="NOT RUN" start="2024-02-14T10:13:24.110959" elapsed="0.000036"/>
</kw>
<kw name="Sleep" owner="BuiltIn">
<arg>0.1</arg>
<doc>Pauses the test executed for the given time.</doc>
<status status="NOT RUN" start="2024-02-14T10:13:24.111155" elapsed="0.000031"/>
</kw>
<kw name="Take A Screenshot" owner="ImageHorizonLibrary">
<doc>Takes a screenshot of the screen.</doc>
<status status="NOT RUN" start="2024-02-14T10:13:24.111345" elapsed="0.000030"/>
</kw>
<arg>Agents</arg>
<status status="FAIL" start="2024-02-14T10:08:23.488698" elapsed="300.622918">ImageNotFoundException: Reference image "/Users/runner/work/rfswarm/rfswarm/Tests/Regression/Manager/Images/file_method/manager_macos_tab_agents.png" was not found on screen</status>
</kw>
<kw name="Sleep" owner="BuiltIn">
<arg>5</arg>
<doc>Pauses the test executed for the given time.</doc>
<status status="NOT RUN" start="2024-02-14T10:13:24.111819" elapsed="0.000032"/>
</kw>
<tag>macos-latest</tag>
<tag>ubuntu-latest</tag>
<tag>windows-latest</tag>
<status status="FAIL" start="2024-02-14T10:08:23.487800" elapsed="300.624437">ImageNotFoundException: Reference image "/Users/runner/work/rfswarm/rfswarm/Tests/Regression/Manager/Images/file_method/manager_macos_tab_agents.png" was not found on screen</status>
</test>
<test id="s1-s2-t4" name="Select About Tab" line="54">
<kw name="Click Tab">
<kw name="Convert To Lower Case" owner="String">
<msg time="2024-02-14T10:13:24.115175" level="INFO">${tabnamel} = about</msg>
<var>${tabnamel}</var>
<arg>${tabname}</arg>
<doc>Converts string to lower case.</doc>
<status status="PASS" start="2024-02-14T10:13:24.114670" elapsed="0.000553"/>
</kw>
<kw name="Set Variable" owner="BuiltIn">
<msg time="2024-02-14T10:13:24.115873" level="INFO">${img} = manager_macos_tab_about.png</msg>
<var>${img}</var>
<arg>manager_${platform}_tab_${tabnamel}.png</arg>
<doc>Returns the given values which can then be assigned to a variables.</doc>
<status status="PASS" start="2024-02-14T10:13:24.115427" elapsed="0.000486"/>
</kw>
<kw name="Log" owner="BuiltIn">
<msg time="2024-02-14T10:13:24.116369" level="INFO">/Users/runner/work/rfswarm/rfswarm/Tests/Regression/Manager</msg>
<arg>/Users/runner/work/rfswarm/rfswarm/Tests/Regression/Manager</arg>
<doc>Logs the given message with the given level.</doc>
<status status="PASS" start="2024-02-14T10:13:24.116106" elapsed="0.000353"/>
</kw>
<kw name="Log" owner="BuiltIn">
<msg time="2024-02-14T10:13:24.116860" level="INFO">/Users/runner/work/rfswarm/rfswarm/Tests/Regression/Manager/Images/file_method</msg>
<arg>${IMAGE_DIR}</arg>
<doc>Logs the given message with the given level.</doc>
<status status="PASS" start="2024-02-14T10:13:24.116662" elapsed="0.000276"/>
</kw>
<kw name="Wait For" owner="ImageHorizonLibrary">
<kw name="Take A Screenshot" owner="ImageHorizonLibrary">
<msg time="2024-02-14T10:18:24.376222" level="INFO" html="true">Screenshot taken: /Users/runner/work/rfswarm/rfswarm/Tests/Regression/Manager/Logs/macos-latest_3.10/Manager.GUIBasic-screenshot-4.png&lt;br/&gt;&lt;img src="/Users/runner/work/rfswarm/rfswarm/Tests/Regression/Manager/Logs/macos-latest_3.10/Manager.GUIBasic-screenshot-4.png" width="100%" /&gt;</msg>
<doc>Takes a screenshot of the screen.</doc>
<status status="PASS" start="2024-02-14T10:18:24.375272" elapsed="0.300343"/>
</kw>
<msg time="2024-02-14T10:18:24.676366" level="FAIL">ImageNotFoundException: Reference image "/Users/runner/work/rfswarm/rfswarm/Tests/Regression/Manager/Images/file_method/manager_macos_tab_about.png" was not found on screen</msg>
<arg>${img}</arg>
<arg>timeout=300</arg>
<doc>Tries to locate given image from the screen for given time.</doc>
<status status="FAIL" start="2024-02-14T10:13:24.117092" elapsed="300.559584">ImageNotFoundException: Reference image "/Users/runner/work/rfswarm/rfswarm/Tests/Regression/Manager/Images/file_method/manager_macos_tab_about.png" was not found on screen</status>
</kw>
<kw name="Locate" owner="ImageHorizonLibrary">
<var>@{coordinates}</var>
<arg>${img}</arg>
<doc>Locate image on screen.</doc>
<status status="NOT RUN" start="2024-02-14T10:18:24.677196" elapsed="0.000060"/>
</kw>
<kw name="Click Image" owner="ImageHorizonLibrary">
<arg>${img}</arg>
<doc>Finds the reference image on screen and clicks it once.</doc>
<status status="NOT RUN" start="2024-02-14T10:18:24.677429" elapsed="0.000031"/>
</kw>
<kw name="Sleep" owner="BuiltIn">
<arg>0.1</arg>
<doc>Pauses the test executed for the given time.</doc>
<status status="NOT RUN" start="2024-02-14T10:18:24.677640" elapsed="0.000032"/>
</kw>
<kw name="Take A Screenshot" owner="ImageHorizonLibrary">
<doc>Takes a screenshot of the screen.</doc>
<status status="NOT RUN" start="2024-02-14T10:18:24.678004" elapsed="0.000032"/>
</kw>
<arg>About</arg>
<status status="FAIL" start="2024-02-14T10:13:24.114070" elapsed="300.564194">ImageNotFoundException: Reference image "/Users/runner/work/rfswarm/rfswarm/Tests/Regression/Manager/Images/file_method/manager_macos_tab_about.png" was not found on screen</status>
</kw>
<kw name="Sleep" owner="BuiltIn">
<arg>5</arg>
<doc>Pauses the test executed for the given time.</doc>
<status status="NOT RUN" start="2024-02-14T10:18:24.678465" elapsed="0.000033"/>
</kw>
<tag>macos-latest</tag>
<tag>ubuntu-latest</tag>
<tag>windows-latest</tag>
<status status="FAIL" start="2024-02-14T10:13:24.113014" elapsed="300.565876">ImageNotFoundException: Reference image "/Users/runner/work/rfswarm/rfswarm/Tests/Regression/Manager/Images/file_method/manager_macos_tab_about.png" was not found on screen</status>
</test>
<test id="s1-s2-t5" name="Select Plan Tab" line="59">
<kw name="Click Tab">
<kw name="Convert To Lower Case" owner="String">
<msg time="2024-02-14T10:18:24.681207" level="INFO">${tabnamel} = plan</msg>
<var>${tabnamel}</var>
<arg>${tabname}</arg>
<doc>Converts string to lower case.</doc>
<status status="PASS" start="2024-02-14T10:18:24.680904" elapsed="0.000347"/>
</kw>
<kw name="Set Variable" owner="BuiltIn">
<msg time="2024-02-14T10:18:24.681741" level="INFO">${img} = manager_macos_tab_plan.png</msg>
<var>${img}</var>
<arg>manager_${platform}_tab_${tabnamel}.png</arg>
<doc>Returns the given values which can then be assigned to a variables.</doc>
<status status="PASS" start="2024-02-14T10:18:24.681433" elapsed="0.000346"/>
</kw>
<kw name="Log" owner="BuiltIn">
<msg time="2024-02-14T10:18:24.682150" level="INFO">/Users/runner/work/rfswarm/rfswarm/Tests/Regression/Manager</msg>
<arg>/Users/runner/work/rfswarm/rfswarm/Tests/Regression/Manager</arg>
<doc>Logs the given message with the given level.</doc>
<status status="PASS" start="2024-02-14T10:18:24.681961" elapsed="0.000268"/>
</kw>
<kw name="Log" owner="BuiltIn">
<msg time="2024-02-14T10:18:24.682561" level="INFO">/Users/runner/work/rfswarm/rfswarm/Tests/Regression/Manager/Images/file_method</msg>
<arg>${IMAGE_DIR}</arg>
<doc>Logs the given message with the given level.</doc>
<status status="PASS" start="2024-02-14T10:18:24.682381" elapsed="0.000247"/>
</kw>
<kw name="Wait For" owner="ImageHorizonLibrary">
<kw name="Take A Screenshot" owner="ImageHorizonLibrary">
<msg time="2024-02-14T10:23:24.733212" level="INFO" html="true">Screenshot taken: /Users/runner/work/rfswarm/rfswarm/Tests/Regression/Manager/Logs/macos-latest_3.10/Manager.GUIBasic-screenshot-5.png&lt;br/&gt;&lt;img src="/Users/runner/work/rfswarm/rfswarm/Tests/Regression/Manager/Logs/macos-latest_3.10/Manager.GUIBasic-screenshot-5.png" width="100%" /&gt;</msg>
<doc>Takes a screenshot of the screen.</doc>
<status status="PASS" start="2024-02-14T10:23:24.732251" elapsed="0.292140"/>
</kw>
<msg time="2024-02-14T10:23:25.025079" level="FAIL">ImageNotFoundException: Reference image "/Users/runner/work/rfswarm/rfswarm/Tests/Regression/Manager/Images/file_method/manager_macos_tab_plan.png" was not found on screen</msg>
<arg>${img}</arg>
<arg>timeout=300</arg>
<doc>Tries to locate given image from the screen for given time.</doc>
<status status="FAIL" start="2024-02-14T10:18:24.682778" elapsed="300.342621">ImageNotFoundException: Reference image "/Users/runner/work/rfswarm/rfswarm/Tests/Regression/Manager/Images/file_method/manager_macos_tab_plan.png" was not found on screen</status>
</kw>
<kw name="Locate" owner="ImageHorizonLibrary">
<var>@{coordinates}</var>
<arg>${img}</arg>
<doc>Locate image on screen.</doc>
<status status="NOT RUN" start="2024-02-14T10:23:25.025919" elapsed="0.000049"/>
</kw>
<kw name="Click Image" owner="ImageHorizonLibrary">
<arg>${img}</arg>
<doc>Finds the reference image on screen and clicks it once.</doc>
<status status="NOT RUN" start="2024-02-14T10:23:25.026138" elapsed="0.000030"/>
</kw>
<kw name="Sleep" owner="BuiltIn">
<arg>0.1</arg>
<doc>Pauses the test executed for the given time.</doc>
<status status="NOT RUN" start="2024-02-14T10:23:25.026327" elapsed="0.000029"/>
</kw>
<kw name="Take A Screenshot" owner="ImageHorizonLibrary">
<doc>Takes a screenshot of the screen.</doc>
<status status="NOT RUN" start="2024-02-14T10:23:25.026518" elapsed="0.000030"/>
</kw>
<arg>Plan</arg>
<status status="FAIL" start="2024-02-14T10:18:24.680387" elapsed="300.346393">ImageNotFoundException: Reference image "/Users/runner/work/rfswarm/rfswarm/Tests/Regression/Manager/Images/file_method/manager_macos_tab_plan.png" was not found on screen</status>
</kw>
<kw name="Sleep" owner="BuiltIn">
<arg>5</arg>
<doc>Pauses the test executed for the given time.</doc>
<status status="NOT RUN" start="2024-02-14T10:23:25.027005" elapsed="0.000036"/>
</kw>
<tag>macos-latest</tag>
<tag>ubuntu-latest</tag>
<tag>windows-latest</tag>
<status status="FAIL" start="2024-02-14T10:18:24.679480" elapsed="300.347922">ImageNotFoundException: Reference image "/Users/runner/work/rfswarm/rfswarm/Tests/Regression/Manager/Images/file_method/manager_macos_tab_plan.png" was not found on screen</status>
</test>
<test id="s1-s2-t6" name="Close GUI" line="78">
<kw name="Click Image" owner="ImageHorizonLibrary">
<msg time="2024-02-14T10:23:25.429377" level="INFO">Image "/Users/runner/work/rfswarm/rfswarm/Tests/Regression/Manager/Images/file_method/manager_macos_button_closewindow.png" was not found on screen.</msg>
<kw name="Take A Screenshot" owner="ImageHorizonLibrary">
<msg time="2024-02-14T10:23:25.430958" level="INFO" html="true">Screenshot taken: /Users/runner/work/rfswarm/rfswarm/Tests/Regression/Manager/Logs/macos-latest_3.10/Manager.GUIBasic-screenshot-6.png&lt;br/&gt;&lt;img src="/Users/runner/work/rfswarm/rfswarm/Tests/Regression/Manager/Logs/macos-latest_3.10/Manager.GUIBasic-screenshot-6.png" width="100%" /&gt;</msg>
<doc>Takes a screenshot of the screen.</doc>
<status status="PASS" start="2024-02-14T10:23:25.430354" elapsed="0.286589"/>
</kw>
<msg time="2024-02-14T10:23:25.717489" level="FAIL">ImageNotFoundException: Reference image "/Users/runner/work/rfswarm/rfswarm/Tests/Regression/Manager/Images/file_method/manager_macos_button_closewindow.png" was not found on screen</msg>
<arg>manager_${platform}_button_closewindow.png</arg>
<doc>Finds the reference image on screen and clicks it once.</doc>
<status status="FAIL" start="2024-02-14T10:23:25.028909" elapsed="0.688936">ImageNotFoundException: Reference image "/Users/runner/work/rfswarm/rfswarm/Tests/Regression/Manager/Images/file_method/manager_macos_button_closewindow.png" was not found on screen</status>
</kw>
<kw name="Take A Screenshot" owner="ImageHorizonLibrary">
<doc>Takes a screenshot of the screen.</doc>
<status status="NOT RUN" start="2024-02-14T10:23:25.718345" elapsed="0.000059"/>
</kw>
<kw name="Wait For Process" owner="Process">
<var>${result}</var>
<arg>${process}</arg>
<arg>timeout=60</arg>
<doc>Waits for the process to complete or to reach the given timeout.</doc>
<status status="NOT RUN" start="2024-02-14T10:23:25.718620" elapsed="0.000033"/>
</kw>
<kw name="Is Process Running" owner="Process">
<var>${running}</var>
<arg>${process}</arg>
<doc>Checks is the process running or not.</doc>
<status status="NOT RUN" start="2024-02-14T10:23:25.718824" elapsed="0.000031"/>
</kw>
<if>
<branch type="IF" condition="not ${running}">
<kw name="Should Be Equal As Integers" owner="BuiltIn">
<arg>${result.rc}</arg>
<arg>0</arg>
<doc>Fails if objects are unequal after converting them to integers.</doc>
<status status="NOT RUN" start="2024-02-14T10:23:25.719352" elapsed="0.000030"/>
</kw>
<status status="NOT RUN" start="2024-02-14T10:23:25.719129" elapsed="0.000309"/>
</branch>
<branch type="ELSE">
<kw name="Take A Screenshot" owner="ImageHorizonLibrary">
<doc>Takes a screenshot of the screen.</doc>
<status status="NOT RUN" start="2024-02-14T10:23:25.719644" elapsed="0.000029"/>
</kw>
<kw name="Terminate Process" owner="Process">
<var>${result}</var>
<arg>${process}</arg>
<doc>Stops the process gracefully or forcefully.</doc>
<status status="NOT RUN" start="2024-02-14T10:23:25.719838" elapsed="0.000187"/>
</kw>
<kw name="Fail" owner="BuiltIn">
<doc>Fails the test with the given message and optionally alters its tags.</doc>
<status status="NOT RUN" start="2024-02-14T10:23:25.720204" elapsed="0.000030"/>
</kw>
<status status="NOT RUN" start="2024-02-14T10:23:25.719499" elapsed="0.000782"/>
</branch>
<status status="NOT RUN" start="2024-02-14T10:23:25.719042" elapsed="0.001283"/>
</if>
<tag>macos-latest</tag>
<status status="FAIL" start="2024-02-14T10:23:25.027907" elapsed="0.692812">ImageNotFoundException: Reference image "/Users/runner/work/rfswarm/rfswarm/Tests/Regression/Manager/Images/file_method/manager_macos_button_closewindow.png" was not found on screen</status>
</test>
<status status="FAIL" start="2024-02-14T10:03:03.668081" elapsed="1222.053364"/>
</suite>
<suite id="s1-s3" name="GUI Bugs" source="/Users/runner/work/rfswarm/rfswarm/Tests/Regression/Manager/GUI_Bugs.robot">
<kw name="Set Platform" owner="GUI_Common" type="SETUP">
<kw name="Log" owner="BuiltIn">
<msg time="2024-02-14T10:23:25.739215" level="INFO">{'include': ['macos-latest'], 'exclude': [], 'skip': [], 'skip_on_failure': []}</msg>
<arg>${OPTIONS}</arg>
<doc>Logs the given message with the given level.</doc>
<status status="PASS" start="2024-02-14T10:23:25.738944" elapsed="0.000348"/>
</kw>
<kw name="Log" owner="BuiltIn">
<msg time="2024-02-14T10:23:25.739713" level="INFO">[macos-latest]</msg>
<arg>${OPTIONS}[include]</arg>
<doc>Logs the given message with the given level.</doc>
<status status="PASS" start="2024-02-14T10:23:25.739454" elapsed="0.000336"/>
</kw>
<kw name="Log" owner="BuiltIn">
<msg time="2024-02-14T10:23:25.740249" level="INFO">macos-latest</msg>
<arg>${OPTIONS}[include][0]</arg>
<doc>Logs the given message with the given level.</doc>
<status status="PASS" start="2024-02-14T10:23:25.739947" elapsed="0.000370"/>
</kw>
<kw name="Set Variable" owner="BuiltIn">
<msg time="2024-02-14T10:23:25.740741" level="INFO">${ostag} = macos-latest</msg>
<var>${ostag}</var>
<arg>${OPTIONS}[include][0]</arg>
<doc>Returns the given values which can then be assigned to a variables.</doc>
<status status="PASS" start="2024-02-14T10:23:25.740487" elapsed="0.000291"/>
</kw>
<if>
<branch type="IF" condition="&quot;${ostag}&quot; == &quot;macos-latest&quot;">
<kw name="Set Suite Variable" owner="BuiltIn">
<msg time="2024-02-14T10:23:25.742339" level="INFO">${platform} = macos</msg>
<arg>${platform}</arg>
<arg>macos</arg>
<doc>Makes a variable available everywhere within the scope of the current suite.</doc>
<status status="PASS" start="2024-02-14T10:23:25.741248" elapsed="0.001158"/>
</kw>
<status status="PASS" start="2024-02-14T10:23:25.740910" elapsed="0.001557"/>
</branch>
<status status="PASS" start="2024-02-14T10:23:25.740868" elapsed="0.001641"/>
</if>
<if>
<branch type="IF" condition="&quot;${ostag}&quot; == &quot;windows-latest&quot;">
<kw name="Set Suite Variable" owner="BuiltIn">
<arg>${platform}</arg>
<arg>windows</arg>
<doc>Makes a variable available everywhere within the scope of the current suite.</doc>
<status status="NOT RUN" start="2024-02-14T10:23:25.742854" elapsed="0.000030"/>
</kw>
<status status="NOT RUN" start="2024-02-14T10:23:25.742595" elapsed="0.000347"/>
</branch>
<status status="PASS" start="2024-02-14T10:23:25.742571" elapsed="0.000409"/>
</if>
<if>
<branch type="IF" condition="&quot;${ostag}&quot; == &quot;ubuntu-latest&quot;">
<kw name="Set Suite Variable" owner="BuiltIn">
<arg>${platform}</arg>
<arg>ubuntu</arg>
<doc>Makes a variable available everywhere within the scope of the current suite.</doc>
<status status="NOT RUN" start="2024-02-14T10:23:25.743317" elapsed="0.000030"/>
</kw>
<status status="NOT RUN" start="2024-02-14T10:23:25.743063" elapsed="0.000340"/>
</branch>
<status status="PASS" start="2024-02-14T10:23:25.743040" elapsed="0.000401"/>
</if>
<status status="PASS" start="2024-02-14T10:23:25.738643" elapsed="0.004876"/>
</kw>
<test id="s1-s3-t1" name="Issue #171" line="7">
<kw name="Open Agent" owner="GUI_Common">
<kw name="Start Process" owner="Process">
<msg time="2024-02-14T10:23:25.745356" level="INFO">Starting process:
python3 /Users/runner/work/rfswarm/rfswarm/rfswarm_agent/rfswarm_agent.py</msg>
<msg time="2024-02-14T10:23:25.752152" level="INFO">${process} = &lt;Popen: returncode: None args: ['python3', '/Users/runner/work/rfswarm/rfswa...&gt;</msg>
<var>${process}</var>
<arg>python3</arg>
<arg>${pyfile_agent}</arg>
<arg>alias=Agent</arg>
<arg>stdout=${OUTPUT DIR}${/}stdout_agent.txt</arg>
<arg>stderr=${OUTPUT DIR}${/}stderr_agent.txt</arg>
<doc>Starts a new process on background.</doc>
<status status="PASS" start="2024-02-14T10:23:25.744456" elapsed="0.007829"/>
</kw>
<kw name="Set Test Variable" owner="BuiltIn">
<msg time="2024-02-14T10:23:25.753792" level="INFO">${process_agent} = &lt;Popen: returncode: None args: ['python3', '/Users/runner/work/rfswarm/rfswa...&gt;</msg>
<arg>$process_agent</arg>
<arg>${process}</arg>
<doc>Makes a variable available everywhere within the scope of the current test.</doc>
<status status="PASS" start="2024-02-14T10:23:25.752908" elapsed="0.000961"/>
</kw>
<status status="PASS" start="2024-02-14T10:23:25.744110" elapsed="0.009915"/>
</kw>
<kw name="Open Manager GUI" owner="GUI_Common">
<kw name="Set Confidence" owner="ImageHorizonLibrary">
<arg>0.9</arg>
<doc>Sets the accuracy when finding images.</doc>
<status status="PASS" start="2024-02-14T10:23:25.755028" elapsed="0.000314"/>
</kw>
<kw name="Start Process" owner="Process">
<msg time="2024-02-14T10:23:25.756491" level="INFO">Starting process:
python3 /Users/runner/work/rfswarm/rfswarm/rfswarm_manager/rfswarm.py</msg>
<msg time="2024-02-14T10:23:25.762888" level="INFO">${process} = &lt;Popen: returncode: None args: ['python3', '/Users/runner/work/rfswarm/rfswa...&gt;</msg>
<var>${process}</var>
<arg>python3</arg>
<arg>${pyfile_manager}</arg>
<arg>alias=Manager</arg>
<arg>stdout=${OUTPUT DIR}${/}stdout_manager.txt</arg>
<arg>stderr=${OUTPUT DIR}${/}stderr_manager.txt</arg>
<doc>Starts a new process on background.</doc>
<status status="PASS" start="2024-02-14T10:23:25.755526" elapsed="0.007623"/>
</kw>
<kw name="Set Test Variable" owner="BuiltIn">
<msg time="2024-02-14T10:23:25.764529" level="INFO">${process_manager} = &lt;Popen: returncode: None args: ['python3', '/Users/runner/work/rfswarm/rfswa...&gt;</msg>
<arg>$process_manager</arg>
<arg>${process}</arg>
<doc>Makes a variable available everywhere within the scope of the current test.</doc>
<status status="PASS" start="2024-02-14T10:23:25.763818" elapsed="0.000778"/>
</kw>
<kw name="Sleep" owner="BuiltIn">
<msg time="2024-02-14T10:23:35.765427" level="INFO">Slept 10 seconds.</msg>
<arg>10</arg>
<doc>Pauses the test executed for the given time.</doc>
<status status="PASS" start="2024-02-14T10:23:25.764781" elapsed="10.001575"/>
</kw>
<kw name="Set Screenshot Folder" owner="ImageHorizonLibrary">
<arg>${OUTPUT DIR}</arg>
<doc>Sets the folder where screenshots are saved to.</doc>
<status status="PASS" start="2024-02-14T10:23:35.766620" elapsed="0.000300"/>
</kw>
<kw name="Take A Screenshot" owner="ImageHorizonLibrary">
<msg time="2024-02-14T10:23:35.767450" level="INFO" html="true">Screenshot taken: /Users/runner/work/rfswarm/rfswarm/Tests/Regression/Manager/Logs/macos-latest_3.10/Manager.GUIBugs-screenshot-1.png&lt;br/&gt;&lt;img src="/Users/runner/work/rfswarm/rfswarm/Tests/Regression/Manager/Logs/macos-latest_3.10/Manager.GUIBugs-screenshot-1.png" width="100%" /&gt;</msg>
<doc>Takes a screenshot of the screen.</doc>
<status status="PASS" start="2024-02-14T10:23:35.767105" elapsed="0.400411"/>
</kw>
<status status="PASS" start="2024-02-14T10:23:25.754531" elapsed="10.413445"/>
</kw>
<kw name="Resize Window" owner="GUI_Common">
<kw name="Set Variable" owner="BuiltIn">
<msg time="2024-02-14T10:23:36.169816" level="INFO">${img} = manager_macos_corner_resize.png</msg>
<var>${img}</var>
<arg>manager_${platform}_corner_resize.png</arg>
<doc>Returns the given values which can then be assigned to a variables.</doc>
<status status="PASS" start="2024-02-14T10:23:36.169484" elapsed="0.000373"/>
</kw>
<kw name="Wait For" owner="ImageHorizonLibrary">
<kw name="Take A Screenshot" owner="ImageHorizonLibrary">
<msg time="2024-02-14T10:28:36.239756" level="INFO" html="true">Screenshot taken: /Users/runner/work/rfswarm/rfswarm/Tests/Regression/Manager/Logs/macos-latest_3.10/Manager.GUIBugs-screenshot-2.png&lt;br/&gt;&lt;img src="/Users/runner/work/rfswarm/rfswarm/Tests/Regression/Manager/Logs/macos-latest_3.10/Manager.GUIBugs-screenshot-2.png" width="100%" /&gt;</msg>
<doc>Takes a screenshot of the screen.</doc>
<status status="PASS" start="2024-02-14T10:28:36.238724" elapsed="0.291771"/>
</kw>
<msg time="2024-02-14T10:28:36.531236" level="FAIL">ImageNotFoundException: Reference image "/Users/runner/work/rfswarm/rfswarm/Tests/Regression/Manager/Images/file_method/manager_macos_corner_resize.png" was not found on screen</msg>
<arg>${img}</arg>
<arg>timeout=300</arg>
<doc>Tries to locate given image from the screen for given time.</doc>
<status status="FAIL" start="2024-02-14T10:23:36.170168" elapsed="300.361372">ImageNotFoundException: Reference image "/Users/runner/work/rfswarm/rfswarm/Tests/Regression/Manager/Images/file_method/manager_macos_corner_resize.png" was not found on screen</status>
</kw>
<kw name="Locate" owner="ImageHorizonLibrary">
<var>@{coordinates}</var>
<arg>${img}</arg>
<doc>Locate image on screen.</doc>
<status status="NOT RUN" start="2024-02-14T10:28:36.532186" elapsed="0.000053"/>
</kw>
<kw name="Create List" owner="BuiltIn">
<var>@{coordinates2}</var>
<arg>${coordinates[0]}+${x}</arg>
<arg>${coordinates[1]}+${y}</arg>
<doc>Returns a list containing given items.</doc>
<status status="NOT RUN" start="2024-02-14T10:28:36.532465" elapsed="0.000070"/>
</kw>
<kw name="Move To" owner="ImageHorizonLibrary">
<arg>@{coordinates}</arg>
<doc>Moves the mouse pointer to an absolute coordinates.</doc>
<status status="NOT RUN" start="2024-02-14T10:28:36.532815" elapsed="0.000034"/>
</kw>
<kw name="Mouse Down" owner="ImageHorizonLibrary">
<doc>Presses specidied mouse button down</doc>
<status status="NOT RUN" start="2024-02-14T10:28:36.533022" elapsed="0.000031"/>
</kw>
<kw name="Move To" owner="ImageHorizonLibrary">
<arg>@{coordinates2}</arg>
<doc>Moves the mouse pointer to an absolute coordinates.</doc>
<status status="NOT RUN" start="2024-02-14T10:28:36.533205" elapsed="0.000041"/>
</kw>
<kw name="Mouse Up" owner="ImageHorizonLibrary">
<doc>Releases specified mouse button</doc>
<status status="NOT RUN" start="2024-02-14T10:28:36.533400" elapsed="0.000030"/>
</kw>
<arg>100</arg>
<arg>10</arg>
<status status="FAIL" start="2024-02-14T10:23:36.168615" elapsed="300.365057">ImageNotFoundException: Reference image "/Users/runner/work/rfswarm/rfswarm/Tests/Regression/Manager/Images/file_method/manager_macos_corner_resize.png" was not found on screen</status>
</kw>
<kw name="Take A Screenshot" owner="ImageHorizonLibrary">
<doc>Takes a screenshot of the screen.</doc>
<status status="NOT RUN" start="2024-02-14T10:28:36.533902" elapsed="0.000036"/>
</kw>
<kw name="Wait Agent Ready" owner="GUI_Common">
<status status="NOT RUN" start="2024-02-14T10:28:36.534327" elapsed="0.000054"/>
</kw>
<kw name="Click Tab" owner="GUI_Common">
<arg>Run</arg>
<status status="NOT RUN" start="2024-02-14T10:28:36.534614" elapsed="0.000034"/>
</kw>
<kw name="Click Button" owner="GUI_Common">
<arg>runsettings</arg>
<status status="NOT RUN" start="2024-02-14T10:28:36.534885" elapsed="0.000034"/>
</kw>
<kw name="Take A Screenshot" owner="ImageHorizonLibrary">
<doc>Takes a screenshot of the screen.</doc>
<status status="NOT RUN" start="2024-02-14T10:28:36.535063" elapsed="0.000030"/>
</kw>
<kw name="Run Keyword" owner="BuiltIn">
<arg>Close Manager GUI ${platform}</arg>
<doc>Executes the given keyword with the given arguments.</doc>
<status status="NOT RUN" start="2024-02-14T10:28:36.535274" elapsed="0.000030"/>
</kw>
<kw name="Stop Agent" owner="GUI_Common">
<status status="NOT RUN" start="2024-02-14T10:28:36.535486" elapsed="0.000034"/>
</kw>
<tag>macos-latest</tag>
<tag>ubuntu-latest</tag>
<tag>windows-latest</tag>
<status status="FAIL" start="2024-02-14T10:23:25.743630" elapsed="310.792239">ImageNotFoundException: Reference image "/Users/runner/work/rfswarm/rfswarm/Tests/Regression/Manager/Images/file_method/manager_macos_corner_resize.png" was not found on screen</status>
</test>
<status status="FAIL" start="2024-02-14T10:23:25.722294" elapsed="310.814258"/>
</suite>
<status status="FAIL" start="2024-02-14T10:02:05.087026" elapsed="1591.450551"/>
</suite>
<statistics>
<total>
<stat pass="4" fail="6" skip="0">All Tests</stat>
</total>
<tag>
<stat pass="4" fail="6" skip="0">macos-latest</stat>
<stat pass="3" fail="5" skip="0">ubuntu-latest</stat>
<stat pass="3" fail="5" skip="0">windows-latest</stat>
</tag>
<suite>
<stat pass="4" fail="6" skip="0" id="s1" name="Manager">Manager</stat>
<stat pass="3" fail="0" skip="0" id="s1-s1" name="CommandLine">Manager.CommandLine</stat>
<stat pass="1" fail="5" skip="0" id="s1-s2" name="GUI Basic">Manager.GUI Basic</stat>
<stat pass="0" fail="1" skip="0" id="s1-s3" name="GUI Bugs">Manager.GUI Bugs</stat>
</suite>
</statistics>
<errors>
</errors>
</robot>
