<?xml version="1.0" encoding="UTF-8"?>
<robot generator="Robot 4.1.3 (Python 3.10.2 on darwin)" generated="20220223 08:34:39.797" rpa="false" schemaversion="2">
<suite id="s1" name="Manager" source="/Users/runner/work/rfswarm/rfswarm/Tests/Regression/Manager">
<suite id="s1-s1" name="CommandLine" source="/Users/runner/work/rfswarm/rfswarm/Tests/Regression/Manager/CommandLine.robot">
<kw name="Clean Up Old Files" type="SETUP">
<tag>macos-latest</tag>
<tag>ubuntu-latest</tag>
<tag>windows-latest</tag>
<kw name="Log To Console" library="BuiltIn">
<arg>${OUTPUT DIR}</arg>
<doc>Logs the given message to the console.</doc>
<status status="PASS" starttime="20220223 08:34:39.851" endtime="20220223 08:34:39.851"/>
</kw>
<kw name="Remove File" library="OperatingSystem">
<arg>${OUTPUT DIR}${/}*.txt</arg>
<doc>Removes a file with the given path.</doc>
<msg timestamp="20220223 08:34:39.852" level="INFO" html="true">Removed file '&lt;a href="file:///Users/runner/work/rfswarm/rfswarm/Tests/Regression/Manager/Logs/macos-latest_3.10/stdout.txt"&gt;/Users/runner/work/rfswarm/rfswarm/Tests/Regression/Manager/Logs/macos-latest_3.10/stdout.txt&lt;/a&gt;'.</msg>
<msg timestamp="20220223 08:34:39.852" level="INFO" html="true">Removed file '&lt;a href="file:///Users/runner/work/rfswarm/rfswarm/Tests/Regression/Manager/Logs/macos-latest_3.10/stderr.txt"&gt;/Users/runner/work/rfswarm/rfswarm/Tests/Regression/Manager/Logs/macos-latest_3.10/stderr.txt&lt;/a&gt;'.</msg>
<status status="PASS" starttime="20220223 08:34:39.851" endtime="20220223 08:34:39.852"/>
</kw>
<kw name="Remove File" library="OperatingSystem">
<arg>${OUTPUT DIR}${/}sikuli_captured${/}*.*</arg>
<doc>Removes a file with the given path.</doc>
<msg timestamp="20220223 08:34:39.854" level="INFO" html="true">Removed file '&lt;a href="file:///Users/runner/work/rfswarm/rfswarm/Tests/Regression/Manager/Logs/macos-latest_3.10/sikuli_captured/sikuliximage-1645603001776.png"&gt;/Users/runner/work/rfswarm/rfswarm/Tests/Regression/Manager/Logs/macos-latest_3.10/sikuli_captured/sikuliximage-1645603001776.png&lt;/a&gt;'.</msg>
<status status="PASS" starttime="20220223 08:34:39.853" endtime="20220223 08:34:39.854"/>
</kw>
<status status="PASS" starttime="20220223 08:34:39.850" endtime="20220223 08:34:39.854"/>
</kw>
<test id="s1-s1-t1" name="Random Offset">
<kw name="Evaluate" library="BuiltIn">
<var>${random}</var>
<arg>random.randint(0, 60)</arg>
<doc>Evaluates the given expression in Python and returns the result.</doc>
<msg timestamp="20220223 08:34:39.855" level="INFO">${random} = 55</msg>
<status status="PASS" starttime="20220223 08:34:39.855" endtime="20220223 08:34:39.856"/>
</kw>
<kw name="Sleep" library="BuiltIn">
<arg>${random}</arg>
<doc>Pauses the test executed for the given time.</doc>
<msg timestamp="20220223 08:35:34.891" level="INFO">Slept 55 seconds</msg>
<status status="PASS" starttime="20220223 08:34:39.856" endtime="20220223 08:35:34.891"/>
</kw>
<doc>This just prevents all the test runners doing git push at the same time</doc>
<tag>macos-latest</tag>
<tag>ubuntu-latest</tag>
<tag>windows-latest</tag>
<status status="PASS" starttime="20220223 08:34:39.854" endtime="20220223 08:35:34.891"/>
</test>
<test id="s1-s1-t2" name="Manager Version">
<kw name="Run" library="OperatingSystem">
<var>${result}</var>
<arg>python3 ${EXECDIR}${/}rfswarm_manager${/}rfswarm.py -v</arg>
<doc>Runs the given command in the system and returns the output.</doc>
<msg timestamp="20220223 08:35:34.899" level="INFO">Running command 'python3 /Users/runner/work/rfswarm/rfswarm/rfswarm_manager/rfswarm.py -v 2&gt;&amp;1'.</msg>
<msg timestamp="20220223 08:37:07.432" level="INFO">${result} = Matplotlib is building the font cache; this may take a moment.
Unable to revert mtime: /Library/Fonts
Robot Framework Swarm: Manager 
	Version 1.1.0 </msg>
<status status="PASS" starttime="20220223 08:35:34.892" endtime="20220223 08:37:07.432"/>
</kw>
<kw name="Log To Console" library="BuiltIn">
<arg>${\n}${result}</arg>
<doc>Logs the given message to the console.</doc>
<status status="PASS" starttime="20220223 08:37:07.432" endtime="20220223 08:37:07.433"/>
</kw>
<kw name="Should Contain" library="BuiltIn">
<arg>${result}</arg>
<arg>Version</arg>
<doc>Fails if ``container`` does not contain ``item`` one or more times.</doc>
<status status="PASS" starttime="20220223 08:37:07.433" endtime="20220223 08:37:07.433"/>
</kw>
<kw name="Should Contain" library="BuiltIn">
<arg>${result}</arg>
<arg>Manager</arg>
<doc>Fails if ``container`` does not contain ``item`` one or more times.</doc>
<status status="PASS" starttime="20220223 08:37:07.434" endtime="20220223 08:37:07.434"/>
</kw>
<tag>macos-latest</tag>
<tag>ubuntu-latest</tag>
<tag>windows-latest</tag>
<status status="PASS" starttime="20220223 08:35:34.892" endtime="20220223 08:37:07.434"/>
</test>
<test id="s1-s1-t3" name="Manager Help">
<kw name="Run" library="OperatingSystem">
<var>${result}</var>
<arg>python3 ${EXECDIR}${/}rfswarm_manager${/}rfswarm.py -h</arg>
<doc>Runs the given command in the system and returns the output.</doc>
<msg timestamp="20220223 08:37:07.438" level="INFO">Running command 'python3 /Users/runner/work/rfswarm/rfswarm/rfswarm_manager/rfswarm.py -h 2&gt;&amp;1'.</msg>
<msg timestamp="20220223 08:37:08.977" level="INFO">${result} = Robot Framework Swarm: Manager 
	Version 1.1.0 
usage: rfswarm.py [-h] [-g DEBUG] [-v] [-i INI] [-s SCENARIO] [-r] [-a AGENTS]
                  [-n] [-t STARTTIME] [-d DIR] [-e IPADDRESS] [-p PORT]

...</msg>
<status status="PASS" starttime="20220223 08:37:07.435" endtime="20220223 08:37:08.977"/>
</kw>
<kw name="Log To Console" library="BuiltIn">
<arg>${\n}${result}</arg>
<doc>Logs the given message to the console.</doc>
<status status="PASS" starttime="20220223 08:37:08.977" endtime="20220223 08:37:08.978"/>
</kw>
<kw name="Should Contain" library="BuiltIn">
<arg>${result}</arg>
<arg>IPADDRESS</arg>
<doc>Fails if ``container`` does not contain ``item`` one or more times.</doc>
<status status="PASS" starttime="20220223 08:37:08.978" endtime="20220223 08:37:08.979"/>
</kw>
<tag>macos-latest</tag>
<tag>ubuntu-latest</tag>
<tag>windows-latest</tag>
<status status="PASS" starttime="20220223 08:37:07.434" endtime="20220223 08:37:08.979"/>
</test>
<status status="PASS" starttime="20220223 08:34:39.835" endtime="20220223 08:37:08.981"/>
</suite>
<suite id="s1-s2" name="GUI Basic" source="/Users/runner/work/rfswarm/rfswarm/Tests/Regression/Manager/GUI_Basic.robot">
<kw name="Sikili Setup" type="SETUP">
<kw name="Start Sikuli Process" library="SikuliLibrary">
<msg timestamp="20220223 08:37:09.025" level="INFO">Starting process:
java -jar /Users/runner/hostedtoolcache/Python/3.10.2/x64/lib/python3.10/site-packages/SikuliLibrary/lib/SikuliLibrary.jar 49265 /Users/runner/work/rfswarm/rfswarm/Tests/Regression/Manager/Logs/macos-latest_3.10</msg>
<msg timestamp="20220223 08:37:09.030" level="INFO">Start sikuli java process on port 49265</msg>
<msg timestamp="20220223 08:37:13.329" level="INFO">Gracefully terminating process.</msg>
<msg timestamp="20220223 08:37:13.493" level="INFO">Process completed.</msg>
<msg timestamp="20220223 08:37:13.496" level="INFO">Starting process:
java -jar /Users/runner/hostedtoolcache/Python/3.10.2/x64/lib/python3.10/site-packages/SikuliLibrary/lib/SikuliLibrary.jar 49270 /Users/runner/work/rfswarm/rfswarm/Tests/Regression/Manager/Logs/macos-latest_3.10</msg>
<msg timestamp="20220223 08:37:13.501" level="INFO">Start sikuli java process on port 49270</msg>
<msg timestamp="20220223 08:37:17.953" level="INFO">Gracefully terminating process.</msg>
<msg timestamp="20220223 08:37:18.171" level="INFO">Process completed.</msg>
<msg timestamp="20220223 08:37:18.174" level="INFO">Starting process:
java -jar /Users/runner/hostedtoolcache/Python/3.10.2/x64/lib/python3.10/site-packages/SikuliLibrary/lib/SikuliLibrary.jar 49277 /Users/runner/work/rfswarm/rfswarm/Tests/Regression/Manager/Logs/macos-latest_3.10</msg>
<msg timestamp="20220223 08:37:18.180" level="INFO">Start sikuli java process on port 49277</msg>
<msg timestamp="20220223 08:37:22.578" level="INFO">Gracefully terminating process.</msg>
<msg timestamp="20220223 08:37:22.791" level="INFO">Process completed.</msg>
<msg timestamp="20220223 08:37:22.793" level="INFO">Starting process:
java -jar /Users/runner/hostedtoolcache/Python/3.10.2/x64/lib/python3.10/site-packages/SikuliLibrary/lib/SikuliLibrary.jar 49284 /Users/runner/work/rfswarm/rfswarm/Tests/Regression/Manager/Logs/macos-latest_3.10</msg>
<msg timestamp="20220223 08:37:22.799" level="INFO">Start sikuli java process on port 49284</msg>
<msg timestamp="20220223 08:37:27.184" level="INFO">Gracefully terminating process.</msg>
<msg timestamp="20220223 08:37:27.284" level="INFO">Process completed.</msg>
<msg timestamp="20220223 08:37:27.287" level="INFO">Starting process:
java -jar /Users/runner/hostedtoolcache/Python/3.10.2/x64/lib/python3.10/site-packages/SikuliLibrary/lib/SikuliLibrary.jar 49292 /Users/runner/work/rfswarm/rfswarm/Tests/Regression/Manager/Logs/macos-latest_3.10</msg>
<msg timestamp="20220223 08:37:27.292" level="INFO">Start sikuli java process on port 49292</msg>
<msg timestamp="20220223 08:37:31.579" level="INFO">Gracefully terminating process.</msg>
<msg timestamp="20220223 08:38:01.580" level="INFO">Graceful termination failed.</msg>
<msg timestamp="20220223 08:38:01.580" level="INFO">Forcefully killing process.</msg>
<msg timestamp="20220223 08:38:01.689" level="INFO">Process completed.</msg>
<msg timestamp="20220223 08:38:01.690" level="INFO">error........Start sikuli java process failed!
error........Start sikuli java process failed!
error........Start sikuli java process failed!
error........Start sikuli java process failed!
error........Start sikuli java process failed!</msg>
<msg timestamp="20220223 08:38:01.692" level="FAIL">Start sikuli java process failed!</msg>
<status status="FAIL" starttime="20220223 08:37:09.020" endtime="20220223 08:38:01.692"/>
</kw>
<kw name="Add Image Path" library="SikuliLibrary">
<arg>${IMAGE_DIR}</arg>
<doc>Add image path</doc>
<status status="NOT RUN" starttime="20220223 08:38:01.692" endtime="20220223 08:38:01.693"/>
</kw>
<status status="FAIL" starttime="20220223 08:37:09.020" endtime="20220223 08:38:01.693"/>
</kw>
<test id="s1-s2-t1" name="GUI Runs and Closes">
<tag>macos-latest</tag>
<status status="FAIL" starttime="20220223 08:38:01.693" endtime="20220223 08:38:01.694">Parent suite setup failed:
Start sikuli java process failed!</status>
</test>
<kw name="Sikili Teardown" type="TEARDOWN">
<kw name="Is Process Running" library="Process">
<var>${running}</var>
<arg>Manager</arg>
<doc>Checks is the process running or not.</doc>
<msg timestamp="20220223 08:38:01.696" level="INFO">${running} = None</msg>
<msg timestamp="20220223 08:38:01.697" level="FAIL">Non-existing index or alias 'Manager'.</msg>
<status status="FAIL" starttime="20220223 08:38:01.696" endtime="20220223 08:38:01.697"/>
</kw>
<if>
<branch type="IF" condition="${running}">
<kw name="Terminate Process" library="Process">
<var>${result}</var>
<arg>Manager</arg>
<doc>Stops the process gracefully or forcefully.</doc>
<status status="NOT RUN" starttime="20220223 08:38:01.697" endtime="20220223 08:38:01.697"/>
</kw>
<kw name="Log" library="BuiltIn">
<arg>${result}</arg>
<doc>Logs the given message with the given level.</doc>
<status status="NOT RUN" starttime="20220223 08:38:01.697" endtime="20220223 08:38:01.697"/>
</kw>
<kw name="Get File" library="OperatingSystem">
<var>${stdout}</var>
<arg>${OUTPUT DIR}${/}stdout.txt</arg>
<doc>Returns the contents of a specified file.</doc>
<status status="NOT RUN" starttime="20220223 08:38:01.697" endtime="20220223 08:38:01.698"/>
</kw>
<kw name="Log" library="BuiltIn">
<arg>${stdout}</arg>
<doc>Logs the given message with the given level.</doc>
<status status="NOT RUN" starttime="20220223 08:38:01.698" endtime="20220223 08:38:01.698"/>
</kw>
<kw name="Get File" library="OperatingSystem">
<var>${stderr}</var>
<arg>${OUTPUT DIR}${/}stderr.txt</arg>
<doc>Returns the contents of a specified file.</doc>
<status status="NOT RUN" starttime="20220223 08:38:01.698" endtime="20220223 08:38:01.698"/>
</kw>
<kw name="Log" library="BuiltIn">
<arg>${stderr}</arg>
<doc>Logs the given message with the given level.</doc>
<status status="NOT RUN" starttime="20220223 08:38:01.698" endtime="20220223 08:38:01.698"/>
</kw>
<status status="NOT RUN" starttime="20220223 08:38:01.697" endtime="20220223 08:38:01.698"/>
</branch>
<status status="PASS" starttime="20220223 08:38:01.697" endtime="20220223 08:38:01.698"/>
</if>
<kw name="Stop Remote Server" library="SikuliLibrary">
<doc>Stops the remote server.</doc>
<msg timestamp="20220223 08:38:01.699" level="FAIL">AttributeError: 'NoneType' object has no attribute 'run_keyword'</msg>
<status status="FAIL" starttime="20220223 08:38:01.698" endtime="20220223 08:38:01.699"/>
</kw>
<status status="FAIL" starttime="20220223 08:38:01.695" endtime="20220223 08:38:01.699">Several failures occurred:

1) Non-existing index or alias 'Manager'.

2) AttributeError: 'NoneType' object has no attribute 'run_keyword'</status>
</kw>
<status status="FAIL" starttime="20220223 08:37:08.983" endtime="20220223 08:38:01.699">Suite setup failed:
Start sikuli java process failed!

Also suite teardown failed:
Several failures occurred:

1) Non-existing index or alias 'Manager'.

2) AttributeError: 'NoneType' object has no attribute 'run_keyword'</status>
</suite>
<status status="FAIL" starttime="20220223 08:34:39.800" endtime="20220223 08:38:01.701"/>
</suite>
<statistics>
<total>
<stat pass="3" fail="1" skip="0">All Tests</stat>
</total>
<tag>
<stat pass="3" fail="1" skip="0">macos-latest</stat>
<stat pass="3" fail="0" skip="0">ubuntu-latest</stat>
<stat pass="3" fail="0" skip="0">windows-latest</stat>
</tag>
<suite>
<stat pass="3" fail="1" skip="0" id="s1" name="Manager">Manager</stat>
<stat pass="3" fail="0" skip="0" id="s1-s1" name="CommandLine">Manager.CommandLine</stat>
<stat pass="0" fail="1" skip="0" id="s1-s2" name="GUI Basic">Manager.GUI Basic</stat>
</suite>
</statistics>
<errors>
</errors>
</robot>
