<?xml version="1.0" encoding="UTF-8"?>
<robot generator="Robot 7.0 (Python 3.11.7 on darwin)" generated="2024-02-14T06:00:55.134922" rpa="false" schemaversion="5">
<suite id="s1" name="Manager" source="/Users/runner/work/rfswarm/rfswarm/Tests/Regression/Manager">
<suite id="s1-s1" name="CommandLine" source="/Users/runner/work/rfswarm/rfswarm/Tests/Regression/Manager/CommandLine.robot">
<kw name="Clean Up Old Files" type="SETUP">
<kw name="Log To Console" owner="BuiltIn">
<arg>${OUTPUT DIR}</arg>
<doc>Logs the given message to the console.</doc>
<status status="PASS" start="2024-02-14T06:00:55.177035" elapsed="0.000256"/>
</kw>
<kw name="Remove File" owner="OperatingSystem">
<msg time="2024-02-14T06:00:55.178191" level="INFO" html="true">Removed file '&lt;a href="file:///Users/runner/work/rfswarm/rfswarm/Tests/Regression/Manager/Logs/macos-latest_3.11/stdout.txt"&gt;/Users/runner/work/rfswarm/rfswarm/Tests/Regression/Manager/Logs/macos-latest_3.11/stdout.txt&lt;/a&gt;'.</msg>
<msg time="2024-02-14T06:00:55.178338" level="INFO" html="true">Removed file '&lt;a href="file:///Users/runner/work/rfswarm/rfswarm/Tests/Regression/Manager/Logs/macos-latest_3.11/stderr.txt"&gt;/Users/runner/work/rfswarm/rfswarm/Tests/Regression/Manager/Logs/macos-latest_3.11/stderr.txt&lt;/a&gt;'.</msg>
<arg>${OUTPUT DIR}${/}*.txt</arg>
<doc>Removes a file with the given path.</doc>
<status status="PASS" start="2024-02-14T06:00:55.177476" elapsed="0.000930"/>
</kw>
<kw name="Remove File" owner="OperatingSystem">
<msg time="2024-02-14T06:00:55.179182" level="INFO" html="true">Removed file '&lt;a href="file:///Users/runner/work/rfswarm/rfswarm/Tests/Regression/Manager/Logs/macos-latest_3.11/Manager.GUIBasic-screenshot-1.png"&gt;/Users/runner/work/rfswarm/rfswarm/Tests/Regression/Manager/Logs/macos-latest_3.11/Manager.GUIBasic-screenshot-1.png&lt;/a&gt;'.</msg>
<msg time="2024-02-14T06:00:55.179421" level="INFO" html="true">Removed file '&lt;a href="file:///Users/runner/work/rfswarm/rfswarm/Tests/Regression/Manager/Logs/macos-latest_3.11/Manager.GUIBasic-screenshot-2.png"&gt;/Users/runner/work/rfswarm/rfswarm/Tests/Regression/Manager/Logs/macos-latest_3.11/Manager.GUIBasic-screenshot-2.png&lt;/a&gt;'.</msg>
<msg time="2024-02-14T06:00:55.179662" level="INFO" html="true">Removed file '&lt;a href="file:///Users/runner/work/rfswarm/rfswarm/Tests/Regression/Manager/Logs/macos-latest_3.11/Manager.GUIBasic-screenshot-3.png"&gt;/Users/runner/work/rfswarm/rfswarm/Tests/Regression/Manager/Logs/macos-latest_3.11/Manager.GUIBasic-screenshot-3.png&lt;/a&gt;'.</msg>
<msg time="2024-02-14T06:00:55.179906" level="INFO" html="true">Removed file '&lt;a href="file:///Users/runner/work/rfswarm/rfswarm/Tests/Regression/Manager/Logs/macos-latest_3.11/Manager.GUIBasic-screenshot-6.png"&gt;/Users/runner/work/rfswarm/rfswarm/Tests/Regression/Manager/Logs/macos-latest_3.11/Manager.GUIBasic-screenshot-6.png&lt;/a&gt;'.</msg>
<msg time="2024-02-14T06:00:55.180135" level="INFO" html="true">Removed file '&lt;a href="file:///Users/runner/work/rfswarm/rfswarm/Tests/Regression/Manager/Logs/macos-latest_3.11/Manager.GUIBasic-screenshot-4.png"&gt;/Users/runner/work/rfswarm/rfswarm/Tests/Regression/Manager/Logs/macos-latest_3.11/Manager.GUIBasic-screenshot-4.png&lt;/a&gt;'.</msg>
<msg time="2024-02-14T06:00:55.180394" level="INFO" html="true">Removed file '&lt;a href="file:///Users/runner/work/rfswarm/rfswarm/Tests/Regression/Manager/Logs/macos-latest_3.11/Manager.GUIBasic-screenshot-5.png"&gt;/Users/runner/work/rfswarm/rfswarm/Tests/Regression/Manager/Logs/macos-latest_3.11/Manager.GUIBasic-screenshot-5.png&lt;/a&gt;'.</msg>
<arg>${OUTPUT DIR}${/}*.png</arg>
<doc>Removes a file with the given path.</doc>
<status status="PASS" start="2024-02-14T06:00:55.178534" elapsed="0.001935"/>
</kw>
<tag>macos-latest</tag>
<tag>ubuntu-latest</tag>
<tag>windows-latest</tag>
<status status="PASS" start="2024-02-14T06:00:55.176431" elapsed="0.004140"/>
</kw>
<test id="s1-s1-t1" name="Random Offset" line="7">
<kw name="Evaluate" owner="BuiltIn">
<msg time="2024-02-14T06:00:55.181492" level="INFO">${random} = 40</msg>
<var>${random}</var>
<arg>random.randint(0, 60)</arg>
<doc>Evaluates the given expression in Python and returns the result.</doc>
<status status="PASS" start="2024-02-14T06:00:55.181183" elapsed="0.000340"/>
</kw>
<kw name="Sleep" owner="BuiltIn">
<msg time="2024-02-14T06:01:35.184972" level="INFO">Slept 40 seconds.</msg>
<arg>${random}</arg>
<doc>Pauses the test executed for the given time.</doc>
<status status="PASS" start="2024-02-14T06:00:55.181647" elapsed="40.003498"/>
</kw>
<doc>This just prevents all the test runners doing git push at the same time</doc>
<tag>macos-latest</tag>
<tag>ubuntu-latest</tag>
<tag>windows-latest</tag>
<status status="PASS" start="2024-02-14T06:00:55.180678" elapsed="40.004756"/>
</test>
<test id="s1-s1-t2" name="Manager Version" line="13">
<kw name="Run" owner="OperatingSystem">
<msg time="2024-02-14T06:01:35.189596" level="INFO">Running command 'python3 /Users/runner/work/rfswarm/rfswarm/rfswarm_manager/rfswarm.py -v 2&gt;&amp;1'.</msg>
<msg time="2024-02-14T06:01:45.024357" level="INFO">${result} = Robot Framework Swarm: Manager 
	Version 1.2.1 </msg>
<var>${result}</var>
<arg>python3 ${EXECDIR}${/}rfswarm_manager${/}rfswarm.py -v</arg>
<doc>Runs the given command in the system and returns the output.</doc>
<status status="PASS" start="2024-02-14T06:01:35.186389" elapsed="9.838046"/>
</kw>
<kw name="Log To Console" owner="BuiltIn">
<arg>${\n}${result}</arg>
<doc>Logs the given message to the console.</doc>
<status status="PASS" start="2024-02-14T06:01:45.024948" elapsed="0.000601"/>
</kw>
<kw name="Should Contain" owner="BuiltIn">
<arg>${result}</arg>
<arg>Version</arg>
<doc>Fails if ``container`` does not contain ``item`` one or more times.</doc>
<status status="PASS" start="2024-02-14T06:01:45.025715" elapsed="0.000194"/>
</kw>
<kw name="Should Contain" owner="BuiltIn">
<arg>${result}</arg>
<arg>Manager</arg>
<doc>Fails if ``container`` does not contain ``item`` one or more times.</doc>
<status status="PASS" start="2024-02-14T06:01:45.026022" elapsed="0.000154"/>
</kw>
<tag>macos-latest</tag>
<tag>ubuntu-latest</tag>
<tag>windows-latest</tag>
<status status="PASS" start="2024-02-14T06:01:35.185756" elapsed="9.840606"/>
</test>
<test id="s1-s1-t3" name="Manager Help" line="20">
<kw name="Run" owner="OperatingSystem">
<msg time="2024-02-14T06:01:45.030098" level="INFO">Running command 'python3 /Users/runner/work/rfswarm/rfswarm/rfswarm_manager/rfswarm.py -h 2&gt;&amp;1'.</msg>
<msg time="2024-02-14T06:01:45.925527" level="INFO">${result} = Robot Framework Swarm: Manager 
	Version 1.2.1 
usage: rfswarm.py [-h] [-g DEBUG] [-v] [-i INI] [-s SCENARIO] [-r] [-a AGENTS]
                  [-n] [-t STARTTIME] [-d DIR] [-e IPADDRESS] [-p PORT]

...</msg>
<var>${result}</var>
<arg>python3 ${EXECDIR}${/}rfswarm_manager${/}rfswarm.py -h</arg>
<doc>Runs the given command in the system and returns the output.</doc>
<status status="PASS" start="2024-02-14T06:01:45.027219" elapsed="0.898375"/>
</kw>
<kw name="Log To Console" owner="BuiltIn">
<arg>${\n}${result}</arg>
<doc>Logs the given message to the console.</doc>
<status status="PASS" start="2024-02-14T06:01:45.926067" elapsed="0.000485"/>
</kw>
<kw name="Should Contain" owner="BuiltIn">
<arg>${result}</arg>
<arg>IPADDRESS</arg>
<doc>Fails if ``container`` does not contain ``item`` one or more times.</doc>
<status status="PASS" start="2024-02-14T06:01:45.926686" elapsed="0.000190"/>
</kw>
<tag>macos-latest</tag>
<tag>ubuntu-latest</tag>
<tag>windows-latest</tag>
<status status="PASS" start="2024-02-14T06:01:45.026703" elapsed="0.900366"/>
</test>
<status status="PASS" start="2024-02-14T06:00:55.166236" elapsed="50.761619"/>
</suite>
<suite id="s1-s2" name="GUI Basic" source="/Users/runner/work/rfswarm/rfswarm/Tests/Regression/Manager/GUI_Basic.robot">
<test id="s1-s2-t1" name="Open GUI" line="14">
<kw name="Set Suite Variable" owner="BuiltIn">
<msg time="2024-02-14T06:01:50.755481" level="INFO">${platform} = macos</msg>
<arg>${platform}</arg>
<arg>macos</arg>
<doc>Makes a variable available everywhere within the scope of the current suite.</doc>
<status status="PASS" start="2024-02-14T06:01:50.754103" elapsed="0.001530"/>
</kw>
<kw name="Set Confidence" owner="ImageHorizonLibrary">
<arg>0.9</arg>
<doc>Sets the accuracy when finding images.</doc>
<status status="PASS" start="2024-02-14T06:01:50.755971" elapsed="0.000183"/>
</kw>
<kw name="Start Process" owner="Process">
<msg time="2024-02-14T06:01:50.757146" level="INFO">Starting process:
python3 /Users/runner/work/rfswarm/rfswarm/rfswarm_manager/rfswarm.py</msg>
<msg time="2024-02-14T06:01:50.764096" level="INFO">${process} = &lt;Popen: returncode: None args: ['python3', '/Users/runner/work/rfswarm/rfswa...&gt;</msg>
<var>${process}</var>
<arg>python3</arg>
<arg>${pyfile}</arg>
<arg>alias=Manager</arg>
<arg>stdout=${OUTPUT DIR}${/}stdout.txt</arg>
<arg>stderr=${OUTPUT DIR}${/}stderr.txt</arg>
<doc>Starts a new process on background.</doc>
<status status="PASS" start="2024-02-14T06:01:50.756295" elapsed="0.007921"/>
</kw>
<kw name="Set Test Variable" owner="BuiltIn">
<msg time="2024-02-14T06:01:50.765256" level="INFO">${process} = &lt;Popen: returncode: None args: ['python3', '/Users/runner/work/rfswarm/rfswa...&gt;</msg>
<arg>$process</arg>
<arg>${process}</arg>
<doc>Makes a variable available everywhere within the scope of the current test.</doc>
<status status="PASS" start="2024-02-14T06:01:50.764751" elapsed="0.000557"/>
</kw>
<kw name="Sleep" owner="BuiltIn">
<msg time="2024-02-14T06:02:00.768134" level="INFO">Slept 10 seconds.</msg>
<arg>10</arg>
<doc>Pauses the test executed for the given time.</doc>
<status status="PASS" start="2024-02-14T06:01:50.765448" elapsed="10.002817"/>
</kw>
<kw name="Set Screenshot Folder" owner="ImageHorizonLibrary">
<arg>${OUTPUT DIR}</arg>
<doc>Sets the folder where screenshots are saved to.</doc>
<status status="PASS" start="2024-02-14T06:02:00.768464" elapsed="0.000216"/>
</kw>
<kw name="Take A Screenshot" owner="ImageHorizonLibrary">
<msg time="2024-02-14T06:02:00.769066" level="INFO" html="true">Screenshot taken: /Users/runner/work/rfswarm/rfswarm/Tests/Regression/Manager/Logs/macos-latest_3.11/Manager.GUIBasic-screenshot-1.png&lt;br/&gt;&lt;img src="/Users/runner/work/rfswarm/rfswarm/Tests/Regression/Manager/Logs/macos-latest_3.11/Manager.GUIBasic-screenshot-1.png" width="100%" /&gt;</msg>
<doc>Takes a screenshot of the screen.</doc>
<status status="PASS" start="2024-02-14T06:02:00.768812" elapsed="0.344396"/>
</kw>
<tag>macos-latest</tag>
<status status="PASS" start="2024-02-14T06:01:50.752617" elapsed="10.361067"/>
</test>
<test id="s1-s2-t2" name="Select Run Tab" line="44">
<kw name="Click Tab">
<kw name="Convert To Lower Case" owner="String">
<msg time="2024-02-14T06:02:01.116101" level="INFO">${tabnamel} = run</msg>
<var>${tabnamel}</var>
<arg>${tabname}</arg>
<doc>Converts string to lower case.</doc>
<status status="PASS" start="2024-02-14T06:02:01.115829" elapsed="0.000311"/>
</kw>
<kw name="Set Variable" owner="BuiltIn">
<msg time="2024-02-14T06:02:01.116510" level="INFO">${img} = manager_macos_tab_run.png</msg>
<var>${img}</var>
<arg>manager_${platform}_tab_${tabnamel}.png</arg>
<doc>Returns the given values which can then be assigned to a variables.</doc>
<status status="PASS" start="2024-02-14T06:02:01.116285" elapsed="0.000254"/>
</kw>
<kw name="Log" owner="BuiltIn">
<msg time="2024-02-14T06:02:01.116826" level="INFO">/Users/runner/work/rfswarm/rfswarm/Tests/Regression/Manager</msg>
<arg>/Users/runner/work/rfswarm/rfswarm/Tests/Regression/Manager</arg>
<doc>Logs the given message with the given level.</doc>
<status status="PASS" start="2024-02-14T06:02:01.116682" elapsed="0.000197"/>
</kw>
<kw name="Log" owner="BuiltIn">
<msg time="2024-02-14T06:02:01.117117" level="INFO">/Users/runner/work/rfswarm/rfswarm/Tests/Regression/Manager/Images/file_method</msg>
<arg>${IMAGE_DIR}</arg>
<doc>Logs the given message with the given level.</doc>
<status status="PASS" start="2024-02-14T06:02:01.116990" elapsed="0.000175"/>
</kw>
<kw name="Wait For" owner="ImageHorizonLibrary">
<msg time="2024-02-14T06:02:01.506455" level="INFO">Image "manager_macos_tab_run.png" found at (364, 75)</msg>
<arg>${img}</arg>
<arg>timeout=300</arg>
<doc>Tries to locate given image from the screen for given time.</doc>
<status status="PASS" start="2024-02-14T06:02:01.117279" elapsed="0.389547"/>
</kw>
<kw name="Locate" owner="ImageHorizonLibrary">
<msg time="2024-02-14T06:02:01.900384" level="INFO">Image "/Users/runner/work/rfswarm/rfswarm/Tests/Regression/Manager/Images/file_method/manager_macos_tab_run.png" found at Box(left=342, top=62, width=44, height=26)</msg>
<msg time="2024-02-14T06:02:01.901047" level="INFO">@{coordinates} = [ 364 | 75 ]</msg>
<var>@{coordinates}</var>
<arg>${img}</arg>
<doc>Locate image on screen.</doc>
<status status="PASS" start="2024-02-14T06:02:01.507327" elapsed="0.393766"/>
</kw>
<kw name="Click Image" owner="ImageHorizonLibrary">
<msg time="2024-02-14T06:02:02.313056" level="INFO">Image "/Users/runner/work/rfswarm/rfswarm/Tests/Regression/Manager/Images/file_method/manager_macos_tab_run.png" found at Box(left=342, top=62, width=44, height=26)</msg>
<msg time="2024-02-14T06:02:02.313365" level="INFO">Clicking image "manager_macos_tab_run.png" in position (364, 75)</msg>
<arg>${img}</arg>
<doc>Finds the reference image on screen and clicks it once.</doc>
<status status="PASS" start="2024-02-14T06:02:01.901556" elapsed="0.764875"/>
</kw>
<kw name="Sleep" owner="BuiltIn">
<msg time="2024-02-14T06:02:02.786366" level="INFO">Slept 100 milliseconds.</msg>
<arg>0.1</arg>
<doc>Pauses the test executed for the given time.</doc>
<status status="PASS" start="2024-02-14T06:02:02.666967" elapsed="0.119521"/>
</kw>
<kw name="Take A Screenshot" owner="ImageHorizonLibrary">
<msg time="2024-02-14T06:02:02.787048" level="INFO" html="true">Screenshot taken: /Users/runner/work/rfswarm/rfswarm/Tests/Regression/Manager/Logs/macos-latest_3.11/Manager.GUIBasic-screenshot-2.png&lt;br/&gt;&lt;img src="/Users/runner/work/rfswarm/rfswarm/Tests/Regression/Manager/Logs/macos-latest_3.11/Manager.GUIBasic-screenshot-2.png" width="100%" /&gt;</msg>
<doc>Takes a screenshot of the screen.</doc>
<status status="PASS" start="2024-02-14T06:02:02.786691" elapsed="0.338571"/>
</kw>
<arg>Run</arg>
<status status="PASS" start="2024-02-14T06:02:01.115204" elapsed="2.010486"/>
</kw>
<kw name="Sleep" owner="BuiltIn">
<msg time="2024-02-14T06:02:08.139123" level="INFO">Slept 5 seconds.</msg>
<arg>5</arg>
<doc>Pauses the test executed for the given time.</doc>
<status status="PASS" start="2024-02-14T06:02:03.126139" elapsed="5.013144"/>
</kw>
<tag>macos-latest</tag>
<tag>ubuntu-latest</tag>
<tag>windows-latest</tag>
<status status="PASS" start="2024-02-14T06:02:01.114322" elapsed="7.025317"/>
</test>
<test id="s1-s2-t3" name="Select Agents Tab" line="49">
<kw name="Click Tab">
<kw name="Convert To Lower Case" owner="String">
<msg time="2024-02-14T06:02:08.141589" level="INFO">${tabnamel} = agents</msg>
<var>${tabnamel}</var>
<arg>${tabname}</arg>
<doc>Converts string to lower case.</doc>
<status status="PASS" start="2024-02-14T06:02:08.141360" elapsed="0.000261"/>
</kw>
<kw name="Set Variable" owner="BuiltIn">
<msg time="2024-02-14T06:02:08.142005" level="INFO">${img} = manager_macos_tab_agents.png</msg>
<var>${img}</var>
<arg>manager_${platform}_tab_${tabnamel}.png</arg>
<doc>Returns the given values which can then be assigned to a variables.</doc>
<status status="PASS" start="2024-02-14T06:02:08.141796" elapsed="0.000238"/>
</kw>
<kw name="Log" owner="BuiltIn">
<msg time="2024-02-14T06:02:08.142302" level="INFO">/Users/runner/work/rfswarm/rfswarm/Tests/Regression/Manager</msg>
<arg>/Users/runner/work/rfswarm/rfswarm/Tests/Regression/Manager</arg>
<doc>Logs the given message with the given level.</doc>
<status status="PASS" start="2024-02-14T06:02:08.142184" elapsed="0.000413"/>
</kw>
<kw name="Log" owner="BuiltIn">
<msg time="2024-02-14T06:02:08.142847" level="INFO">/Users/runner/work/rfswarm/rfswarm/Tests/Regression/Manager/Images/file_method</msg>
<arg>${IMAGE_DIR}</arg>
<doc>Logs the given message with the given level.</doc>
<status status="PASS" start="2024-02-14T06:02:08.142713" elapsed="0.000185"/>
</kw>
<kw name="Wait For" owner="ImageHorizonLibrary">
<msg time="2024-02-14T06:02:08.523749" level="INFO">Image "manager_macos_tab_agents.png" found at (423, 74)</msg>
<arg>${img}</arg>
<arg>timeout=300</arg>
<doc>Tries to locate given image from the screen for given time.</doc>
<status status="PASS" start="2024-02-14T06:02:08.143162" elapsed="0.380963"/>
</kw>
<kw name="Locate" owner="ImageHorizonLibrary">
<msg time="2024-02-14T06:02:08.910509" level="INFO">Image "/Users/runner/work/rfswarm/rfswarm/Tests/Regression/Manager/Images/file_method/manager_macos_tab_agents.png" found at Box(left=397, top=62, width=52, height=25)</msg>
<msg time="2024-02-14T06:02:08.911134" level="INFO">@{coordinates} = [ 423 | 74 ]</msg>
<var>@{coordinates}</var>
<arg>${img}</arg>
<doc>Locate image on screen.</doc>
<status status="PASS" start="2024-02-14T06:02:08.524624" elapsed="0.386556"/>
</kw>
<kw name="Click Image" owner="ImageHorizonLibrary">
<msg time="2024-02-14T06:02:09.291672" level="INFO">Image "/Users/runner/work/rfswarm/rfswarm/Tests/Regression/Manager/Images/file_method/manager_macos_tab_agents.png" found at Box(left=397, top=62, width=52, height=25)</msg>
<msg time="2024-02-14T06:02:09.291980" level="INFO">Clicking image "manager_macos_tab_agents.png" in position (423, 74)</msg>
<arg>${img}</arg>
<doc>Finds the reference image on screen and clicks it once.</doc>
<status status="PASS" start="2024-02-14T06:02:08.911661" elapsed="0.503401"/>
</kw>
<kw name="Sleep" owner="BuiltIn">
<msg time="2024-02-14T06:02:09.522347" level="INFO">Slept 100 milliseconds.</msg>
<arg>0.1</arg>
<doc>Pauses the test executed for the given time.</doc>
<status status="PASS" start="2024-02-14T06:02:09.415850" elapsed="0.106623"/>
</kw>
<kw name="Take A Screenshot" owner="ImageHorizonLibrary">
<msg time="2024-02-14T06:02:09.523037" level="INFO" html="true">Screenshot taken: /Users/runner/work/rfswarm/rfswarm/Tests/Regression/Manager/Logs/macos-latest_3.11/Manager.GUIBasic-screenshot-3.png&lt;br/&gt;&lt;img src="/Users/runner/work/rfswarm/rfswarm/Tests/Regression/Manager/Logs/macos-latest_3.11/Manager.GUIBasic-screenshot-3.png" width="100%" /&gt;</msg>
<doc>Takes a screenshot of the screen.</doc>
<status status="PASS" start="2024-02-14T06:02:09.522682" elapsed="0.266499"/>
</kw>
<arg>Agents</arg>
<status status="PASS" start="2024-02-14T06:02:08.140918" elapsed="1.648599"/>
</kw>
<kw name="Sleep" owner="BuiltIn">
<msg time="2024-02-14T06:02:14.798216" level="INFO">Slept 5 seconds.</msg>
<arg>5</arg>
<doc>Pauses the test executed for the given time.</doc>
<status status="PASS" start="2024-02-14T06:02:09.789982" elapsed="5.008369"/>
</kw>
<tag>macos-latest</tag>
<tag>ubuntu-latest</tag>
<tag>windows-latest</tag>
<status status="PASS" start="2024-02-14T06:02:08.140086" elapsed="6.658758"/>
</test>
<test id="s1-s2-t4" name="Select About Tab" line="54">
<kw name="Click Tab">
<kw name="Convert To Lower Case" owner="String">
<msg time="2024-02-14T06:02:14.800665" level="INFO">${tabnamel} = about</msg>
<var>${tabnamel}</var>
<arg>${tabname}</arg>
<doc>Converts string to lower case.</doc>
<status status="PASS" start="2024-02-14T06:02:14.800444" elapsed="0.000252"/>
</kw>
<kw name="Set Variable" owner="BuiltIn">
<msg time="2024-02-14T06:02:14.801048" level="INFO">${img} = manager_macos_tab_about.png</msg>
<var>${img}</var>
<arg>manager_${platform}_tab_${tabnamel}.png</arg>
<doc>Returns the given values which can then be assigned to a variables.</doc>
<status status="PASS" start="2024-02-14T06:02:14.800845" elapsed="0.000231"/>
</kw>
<kw name="Log" owner="BuiltIn">
<msg time="2024-02-14T06:02:14.801329" level="INFO">/Users/runner/work/rfswarm/rfswarm/Tests/Regression/Manager</msg>
<arg>/Users/runner/work/rfswarm/rfswarm/Tests/Regression/Manager</arg>
<doc>Logs the given message with the given level.</doc>
<status status="PASS" start="2024-02-14T06:02:14.801221" elapsed="0.000157"/>
</kw>
<kw name="Log" owner="BuiltIn">
<msg time="2024-02-14T06:02:14.801637" level="INFO">/Users/runner/work/rfswarm/rfswarm/Tests/Regression/Manager/Images/file_method</msg>
<arg>${IMAGE_DIR}</arg>
<doc>Logs the given message with the given level.</doc>
<status status="PASS" start="2024-02-14T06:02:14.801485" elapsed="0.000201"/>
</kw>
<kw name="Wait For" owner="ImageHorizonLibrary">
<msg time="2024-02-14T06:02:15.181241" level="INFO">Image "manager_macos_tab_about.png" found at (487, 75)</msg>
<arg>${img}</arg>
<arg>timeout=300</arg>
<doc>Tries to locate given image from the screen for given time.</doc>
<status status="PASS" start="2024-02-14T06:02:14.801808" elapsed="0.379795"/>
</kw>
<kw name="Locate" owner="ImageHorizonLibrary">
<msg time="2024-02-14T06:02:15.559158" level="INFO">Image "/Users/runner/work/rfswarm/rfswarm/Tests/Regression/Manager/Images/file_method/manager_macos_tab_about.png" found at Box(left=464, top=62, width=46, height=26)</msg>
<msg time="2024-02-14T06:02:15.559745" level="INFO">@{coordinates} = [ 487 | 75 ]</msg>
<var>@{coordinates}</var>
<arg>${img}</arg>
<doc>Locate image on screen.</doc>
<status status="PASS" start="2024-02-14T06:02:15.182088" elapsed="0.377702"/>
</kw>
<kw name="Click Image" owner="ImageHorizonLibrary">
<msg time="2024-02-14T06:02:15.937247" level="INFO">Image "/Users/runner/work/rfswarm/rfswarm/Tests/Regression/Manager/Images/file_method/manager_macos_tab_about.png" found at Box(left=464, top=62, width=46, height=26)</msg>
<msg time="2024-02-14T06:02:15.937495" level="INFO">Clicking image "manager_macos_tab_about.png" in position (487, 75)</msg>
<arg>${img}</arg>
<doc>Finds the reference image on screen and clicks it once.</doc>
<status status="PASS" start="2024-02-14T06:02:15.560242" elapsed="0.490433"/>
</kw>
<kw name="Sleep" owner="BuiltIn">
<msg time="2024-02-14T06:02:16.152013" level="INFO">Slept 100 milliseconds.</msg>
<arg>0.1</arg>
<doc>Pauses the test executed for the given time.</doc>
<status status="PASS" start="2024-02-14T06:02:16.051204" elapsed="0.100933"/>
</kw>
<kw name="Take A Screenshot" owner="ImageHorizonLibrary">
<msg time="2024-02-14T06:02:16.152746" level="INFO" html="true">Screenshot taken: /Users/runner/work/rfswarm/rfswarm/Tests/Regression/Manager/Logs/macos-latest_3.11/Manager.GUIBasic-screenshot-4.png&lt;br/&gt;&lt;img src="/Users/runner/work/rfswarm/rfswarm/Tests/Regression/Manager/Logs/macos-latest_3.11/Manager.GUIBasic-screenshot-4.png" width="100%" /&gt;</msg>
<doc>Takes a screenshot of the screen.</doc>
<status status="PASS" start="2024-02-14T06:02:16.152384" elapsed="0.261046"/>
</kw>
<arg>About</arg>
<status status="PASS" start="2024-02-14T06:02:14.800044" elapsed="1.613723"/>
</kw>
<kw name="Sleep" owner="BuiltIn">
<msg time="2024-02-14T06:02:21.415322" level="INFO">Slept 5 seconds.</msg>
<arg>5</arg>
<doc>Pauses the test executed for the given time.</doc>
<status status="PASS" start="2024-02-14T06:02:16.414242" elapsed="5.001212"/>
</kw>
<tag>macos-latest</tag>
<tag>ubuntu-latest</tag>
<tag>windows-latest</tag>
<status status="PASS" start="2024-02-14T06:02:14.799234" elapsed="6.616531"/>
</test>
<test id="s1-s2-t5" name="Select Plan Tab" line="59">
<kw name="Click Tab">
<kw name="Convert To Lower Case" owner="String">
<msg time="2024-02-14T06:02:21.417516" level="INFO">${tabnamel} = plan</msg>
<var>${tabnamel}</var>
<arg>${tabname}</arg>
<doc>Converts string to lower case.</doc>
<status status="PASS" start="2024-02-14T06:02:21.417292" elapsed="0.000254"/>
</kw>
<kw name="Set Variable" owner="BuiltIn">
<msg time="2024-02-14T06:02:21.417907" level="INFO">${img} = manager_macos_tab_plan.png</msg>
<var>${img}</var>
<arg>manager_${platform}_tab_${tabnamel}.png</arg>
<doc>Returns the given values which can then be assigned to a variables.</doc>
<status status="PASS" start="2024-02-14T06:02:21.417687" elapsed="0.000249"/>
</kw>
<kw name="Log" owner="BuiltIn">
<msg time="2024-02-14T06:02:21.418190" level="INFO">/Users/runner/work/rfswarm/rfswarm/Tests/Regression/Manager</msg>
<arg>/Users/runner/work/rfswarm/rfswarm/Tests/Regression/Manager</arg>
<doc>Logs the given message with the given level.</doc>
<status status="PASS" start="2024-02-14T06:02:21.418081" elapsed="0.000158"/>
</kw>
<kw name="Log" owner="BuiltIn">
<msg time="2024-02-14T06:02:21.418704" level="INFO">/Users/runner/work/rfswarm/rfswarm/Tests/Regression/Manager/Images/file_method</msg>
<arg>${IMAGE_DIR}</arg>
<doc>Logs the given message with the given level.</doc>
<status status="PASS" start="2024-02-14T06:02:21.418509" elapsed="0.000246"/>
</kw>
<kw name="Wait For" owner="ImageHorizonLibrary">
<msg time="2024-02-14T06:02:21.796342" level="INFO">Image "manager_macos_tab_plan.png" found at (317, 75)</msg>
<arg>${img}</arg>
<arg>timeout=300</arg>
<doc>Tries to locate given image from the screen for given time.</doc>
<status status="PASS" start="2024-02-14T06:02:21.418883" elapsed="0.377827"/>
</kw>
<kw name="Locate" owner="ImageHorizonLibrary">
<msg time="2024-02-14T06:02:22.176975" level="INFO">Image "/Users/runner/work/rfswarm/rfswarm/Tests/Regression/Manager/Images/file_method/manager_macos_tab_plan.png" found at Box(left=301, top=61, width=33, height=28)</msg>
<msg time="2024-02-14T06:02:22.177574" level="INFO">@{coordinates} = [ 317 | 75 ]</msg>
<var>@{coordinates}</var>
<arg>${img}</arg>
<doc>Locate image on screen.</doc>
<status status="PASS" start="2024-02-14T06:02:21.797208" elapsed="0.380414"/>
</kw>
<kw name="Click Image" owner="ImageHorizonLibrary">
<msg time="2024-02-14T06:02:22.615693" level="INFO">Image "/Users/runner/work/rfswarm/rfswarm/Tests/Regression/Manager/Images/file_method/manager_macos_tab_plan.png" found at Box(left=301, top=61, width=33, height=28)</msg>
<msg time="2024-02-14T06:02:22.615982" level="INFO">Clicking image "manager_macos_tab_plan.png" in position (317, 75)</msg>
<arg>${img}</arg>
<doc>Finds the reference image on screen and clicks it once.</doc>
<status status="PASS" start="2024-02-14T06:02:22.178086" elapsed="0.627357"/>
</kw>
<kw name="Sleep" owner="BuiltIn">
<msg time="2024-02-14T06:02:22.912656" level="INFO">Slept 100 milliseconds.</msg>
<arg>0.1</arg>
<doc>Pauses the test executed for the given time.</doc>
<status status="PASS" start="2024-02-14T06:02:22.805962" elapsed="0.106828"/>
</kw>
<kw name="Take A Screenshot" owner="ImageHorizonLibrary">
<msg time="2024-02-14T06:02:22.913471" level="INFO" html="true">Screenshot taken: /Users/runner/work/rfswarm/rfswarm/Tests/Regression/Manager/Logs/macos-latest_3.11/Manager.GUIBasic-screenshot-5.png&lt;br/&gt;&lt;img src="/Users/runner/work/rfswarm/rfswarm/Tests/Regression/Manager/Logs/macos-latest_3.11/Manager.GUIBasic-screenshot-5.png" width="100%" /&gt;</msg>
<doc>Takes a screenshot of the screen.</doc>
<status status="PASS" start="2024-02-14T06:02:22.913005" elapsed="0.264915"/>
</kw>
<arg>Plan</arg>
<status status="PASS" start="2024-02-14T06:02:21.416896" elapsed="1.761366"/>
</kw>
<kw name="Sleep" owner="BuiltIn">
<msg time="2024-02-14T06:02:28.181334" level="INFO">Slept 5 seconds.</msg>
<arg>5</arg>
<doc>Pauses the test executed for the given time.</doc>
<status status="PASS" start="2024-02-14T06:02:23.178758" elapsed="5.002709"/>
</kw>
<tag>macos-latest</tag>
<tag>ubuntu-latest</tag>
<tag>windows-latest</tag>
<status status="PASS" start="2024-02-14T06:02:21.416173" elapsed="6.765620"/>
</test>
<test id="s1-s2-t6" name="Close GUI" line="78">
<kw name="Click Image" owner="ImageHorizonLibrary">
<msg time="2024-02-14T06:02:28.559218" level="INFO">Image "/Users/runner/work/rfswarm/rfswarm/Tests/Regression/Manager/Images/file_method/manager_macos_button_closewindow.png" found at Box(left=9, top=31, width=19, height=25)</msg>
<msg time="2024-02-14T06:02:28.559491" level="INFO">Clicking image "manager_macos_button_closewindow.png" in position (18, 43)</msg>
<arg>manager_${platform}_button_closewindow.png</arg>
<doc>Finds the reference image on screen and clicks it once.</doc>
<status status="PASS" start="2024-02-14T06:02:28.182728" elapsed="0.534550"/>
</kw>
<kw name="Take A Screenshot" owner="ImageHorizonLibrary">
<msg time="2024-02-14T06:02:28.718492" level="INFO" html="true">Screenshot taken: /Users/runner/work/rfswarm/rfswarm/Tests/Regression/Manager/Logs/macos-latest_3.11/Manager.GUIBasic-screenshot-6.png&lt;br/&gt;&lt;img src="/Users/runner/work/rfswarm/rfswarm/Tests/Regression/Manager/Logs/macos-latest_3.11/Manager.GUIBasic-screenshot-6.png" width="100%" /&gt;</msg>
<doc>Takes a screenshot of the screen.</doc>
<status status="PASS" start="2024-02-14T06:02:28.717988" elapsed="0.276437"/>
</kw>
<kw name="Wait For Process" owner="Process">
<msg time="2024-02-14T06:02:28.995734" level="INFO">Waiting for process to complete.</msg>
<msg time="2024-02-14T06:02:29.764480" level="INFO">Process completed.</msg>
<msg time="2024-02-14T06:02:29.764699" level="INFO">${result} = &lt;result object with rc 0&gt;</msg>
<var>${result}</var>
<arg>${process}</arg>
<arg>timeout=60</arg>
<doc>Waits for the process to complete or to reach the given timeout.</doc>
<status status="PASS" start="2024-02-14T06:02:28.995121" elapsed="0.769613"/>
</kw>
<kw name="Is Process Running" owner="Process">
<msg time="2024-02-14T06:02:29.766006" level="INFO">${running} = False</msg>
<var>${running}</var>
<arg>${process}</arg>
<doc>Checks is the process running or not.</doc>
<status status="PASS" start="2024-02-14T06:02:29.765727" elapsed="0.000309"/>
</kw>
<if>
<branch type="IF" condition="not ${running}">
<kw name="Should Be Equal As Integers" owner="BuiltIn">
<msg time="2024-02-14T06:02:29.767823" level="INFO">Argument types are:
&lt;class 'int'&gt;
&lt;class 'str'&gt;</msg>
<arg>${result.rc}</arg>
<arg>0</arg>
<doc>Fails if objects are unequal after converting them to integers.</doc>
<status status="PASS" start="2024-02-14T06:02:29.766625" elapsed="0.001289"/>
</kw>
<status status="PASS" start="2024-02-14T06:02:29.766272" elapsed="0.001689"/>
</branch>
<branch type="ELSE">
<kw name="Take A Screenshot" owner="ImageHorizonLibrary">
<doc>Takes a screenshot of the screen.</doc>
<status status="NOT RUN" start="2024-02-14T06:02:29.768137" elapsed="0.000024"/>
</kw>
<kw name="Terminate Process" owner="Process">
<var>${result}</var>
<arg>${process}</arg>
<doc>Stops the process gracefully or forcefully.</doc>
<status status="NOT RUN" start="2024-02-14T06:02:29.768278" elapsed="0.000023"/>
</kw>
<kw name="Fail" owner="BuiltIn">
<doc>Fails the test with the given message and optionally alters its tags.</doc>
<status status="NOT RUN" start="2024-02-14T06:02:29.768424" elapsed="0.000023"/>
</kw>
<status status="NOT RUN" start="2024-02-14T06:02:29.768010" elapsed="0.000471"/>
</branch>
<status status="PASS" start="2024-02-14T06:02:29.766187" elapsed="0.002324"/>
</if>
<tag>macos-latest</tag>
<status status="PASS" start="2024-02-14T06:02:28.182205" elapsed="1.586485"/>
</test>
<status status="PASS" start="2024-02-14T06:01:45.928560" elapsed="43.840666"/>
</suite>
<suite id="s1-s3" name="GUI Bugs" source="/Users/runner/work/rfswarm/rfswarm/Tests/Regression/Manager/GUI_Bugs.robot">
<kw name="Set Platform" owner="GUI_Common" type="SETUP">
<kw name="Log" owner="BuiltIn">
<msg time="2024-02-14T06:02:29.782058" level="INFO">{'include': ['macos-latest'], 'exclude': [], 'skip': [], 'skip_on_failure': []}</msg>
<arg>${OPTIONS}</arg>
<doc>Logs the given message with the given level.</doc>
<status status="PASS" start="2024-02-14T06:02:29.781847" elapsed="0.000274"/>
</kw>
<kw name="Log" owner="BuiltIn">
<msg time="2024-02-14T06:02:29.782446" level="INFO">[macos-latest]</msg>
<arg>${OPTIONS}[include]</arg>
<doc>Logs the given message with the given level.</doc>
<status status="PASS" start="2024-02-14T06:02:29.782245" elapsed="0.000252"/>
</kw>
<kw name="Log" owner="BuiltIn">
<msg time="2024-02-14T06:02:29.782840" level="INFO">macos-latest</msg>
<arg>${OPTIONS}[include][0]</arg>
<doc>Logs the given message with the given level.</doc>
<status status="PASS" start="2024-02-14T06:02:29.782612" elapsed="0.000277"/>
</kw>
<kw name="Set Variable" owner="BuiltIn">
<msg time="2024-02-14T06:02:29.783219" level="INFO">${ostag} = macos-latest</msg>
<var>${ostag}</var>
<arg>${OPTIONS}[include][0]</arg>
<doc>Returns the given values which can then be assigned to a variables.</doc>
<status status="PASS" start="2024-02-14T06:02:29.783025" elapsed="0.000222"/>
</kw>
<if>
<branch type="IF" condition="&quot;${ostag}&quot; == &quot;macos-latest&quot;">
<kw name="Set Suite Variable" owner="BuiltIn">
<msg time="2024-02-14T06:02:29.784454" level="INFO">${platform} = macos</msg>
<arg>${platform}</arg>
<arg>macos</arg>
<doc>Makes a variable available everywhere within the scope of the current suite.</doc>
<status status="PASS" start="2024-02-14T06:02:29.783716" elapsed="0.000789"/>
</kw>
<status status="PASS" start="2024-02-14T06:02:29.783452" elapsed="0.001098"/>
</branch>
<status status="PASS" start="2024-02-14T06:02:29.783426" elapsed="0.001162"/>
</if>
<if>
<branch type="IF" condition="&quot;${ostag}&quot; == &quot;windows-latest&quot;">
<kw name="Set Suite Variable" owner="BuiltIn">
<arg>${platform}</arg>
<arg>windows</arg>
<doc>Makes a variable available everywhere within the scope of the current suite.</doc>
<status status="NOT RUN" start="2024-02-14T06:02:29.784865" elapsed="0.000024"/>
</kw>
<status status="NOT RUN" start="2024-02-14T06:02:29.784658" elapsed="0.000274"/>
</branch>
<status status="PASS" start="2024-02-14T06:02:29.784638" elapsed="0.000326"/>
</if>
<if>
<branch type="IF" condition="&quot;${ostag}&quot; == &quot;ubuntu-latest&quot;">
<kw name="Set Suite Variable" owner="BuiltIn">
<arg>${platform}</arg>
<arg>ubuntu</arg>
<doc>Makes a variable available everywhere within the scope of the current suite.</doc>
<status status="NOT RUN" start="2024-02-14T06:02:29.785251" elapsed="0.000026"/>
</kw>
<status status="NOT RUN" start="2024-02-14T06:02:29.785047" elapsed="0.000274"/>
</branch>
<status status="PASS" start="2024-02-14T06:02:29.785028" elapsed="0.000326"/>
</if>
<status status="PASS" start="2024-02-14T06:02:29.781562" elapsed="0.003856"/>
</kw>
<test id="s1-s3-t1" name="Issue #171" line="7">
<kw name="Open Agent" owner="GUI_Common">
<kw name="Start Process" owner="Process">
<msg time="2024-02-14T06:02:29.786980" level="INFO">Starting process:
python3 /Users/runner/work/rfswarm/rfswarm/rfswarm_agent/rfswarm_agent.py</msg>
<msg time="2024-02-14T06:02:29.793580" level="INFO">${process} = &lt;Popen: returncode: None args: ['python3', '/Users/runner/work/rfswarm/rfswa...&gt;</msg>
<var>${process}</var>
<arg>python3</arg>
<arg>${pyfile_agent}</arg>
<arg>alias=Agent</arg>
<arg>stdout=${OUTPUT DIR}${/}stdout_agent.txt</arg>
<arg>stderr=${OUTPUT DIR}${/}stderr_agent.txt</arg>
<doc>Starts a new process on background.</doc>
<status status="PASS" start="2024-02-14T06:02:29.786180" elapsed="0.007516"/>
</kw>
<kw name="Set Test Variable" owner="BuiltIn">
<msg time="2024-02-14T06:02:29.794905" level="INFO">${process_agent} = &lt;Popen: returncode: None args: ['python3', '/Users/runner/work/rfswarm/rfswa...&gt;</msg>
<arg>$process_agent</arg>
<arg>${process}</arg>
<doc>Makes a variable available everywhere within the scope of the current test.</doc>
<status status="PASS" start="2024-02-14T06:02:29.794377" elapsed="0.000584"/>
</kw>
<status status="PASS" start="2024-02-14T06:02:29.785910" elapsed="0.009175"/>
</kw>
<kw name="Open Manager GUI" owner="GUI_Common">
<kw name="Set Confidence" owner="ImageHorizonLibrary">
<arg>0.9</arg>
<doc>Sets the accuracy when finding images.</doc>
<status status="PASS" start="2024-02-14T06:02:29.795994" elapsed="0.000232"/>
</kw>
<kw name="Start Process" owner="Process">
<msg time="2024-02-14T06:02:29.797303" level="INFO">Starting process:
python3 /Users/runner/work/rfswarm/rfswarm/rfswarm_manager/rfswarm.py</msg>
<msg time="2024-02-14T06:02:29.816297" level="INFO">${process} = &lt;Popen: returncode: None args: ['python3', '/Users/runner/work/rfswarm/rfswa...&gt;</msg>
<var>${process}</var>
<arg>python3</arg>
<arg>${pyfile_manager}</arg>
<arg>alias=Manager</arg>
<arg>stdout=${OUTPUT DIR}${/}stdout_manager.txt</arg>
<arg>stderr=${OUTPUT DIR}${/}stderr_manager.txt</arg>
<doc>Starts a new process on background.</doc>
<status status="PASS" start="2024-02-14T06:02:29.796455" elapsed="0.021137"/>
</kw>
<kw name="Set Test Variable" owner="BuiltIn">
<msg time="2024-02-14T06:02:29.824500" level="INFO">${process_manager} = &lt;Popen: returncode: None args: ['python3', '/Users/runner/work/rfswarm/rfswa...&gt;</msg>
<arg>$process_manager</arg>
<arg>${process}</arg>
<doc>Makes a variable available everywhere within the scope of the current test.</doc>
<status status="PASS" start="2024-02-14T06:02:29.820563" elapsed="0.004355"/>
</kw>
<kw name="Sleep" owner="BuiltIn">
<msg time="2024-02-14T06:02:39.831601" level="INFO">Slept 10 seconds.</msg>
<arg>10</arg>
<doc>Pauses the test executed for the given time.</doc>
<status status="PASS" start="2024-02-14T06:02:29.825746" elapsed="10.005986"/>
</kw>
<kw name="Set Screenshot Folder" owner="ImageHorizonLibrary">
<arg>${OUTPUT DIR}</arg>
<doc>Sets the folder where screenshots are saved to.</doc>
<status status="PASS" start="2024-02-14T06:02:39.831953" elapsed="0.000226"/>
</kw>
<kw name="Take A Screenshot" owner="ImageHorizonLibrary">
<msg time="2024-02-14T06:02:39.832607" level="INFO" html="true">Screenshot taken: /Users/runner/work/rfswarm/rfswarm/Tests/Regression/Manager/Logs/macos-latest_3.11/Manager.GUIBugs-screenshot-1.png&lt;br/&gt;&lt;img src="/Users/runner/work/rfswarm/rfswarm/Tests/Regression/Manager/Logs/macos-latest_3.11/Manager.GUIBugs-screenshot-1.png" width="100%" /&gt;</msg>
<doc>Takes a screenshot of the screen.</doc>
<status status="PASS" start="2024-02-14T06:02:39.832315" elapsed="0.302351"/>
</kw>
<status status="PASS" start="2024-02-14T06:02:29.795521" elapsed="10.339495"/>
</kw>
<kw name="Click Tab" owner="GUI_Common">
<kw name="Convert To Lower Case" owner="String">
<msg time="2024-02-14T06:02:40.141165" level="INFO">${tabnamel} = agents</msg>
<var>${tabnamel}</var>
<arg>${tabname}</arg>
<doc>Converts string to lower case.</doc>
<status status="PASS" start="2024-02-14T06:02:40.139209" elapsed="0.002006"/>
</kw>
<kw name="Set Variable" owner="BuiltIn">
<msg time="2024-02-14T06:02:40.141631" level="INFO">${img} = manager_macos_tab_agents.png</msg>
<var>${img}</var>
<arg>manager_${platform}_tab_${tabnamel}.png</arg>
<doc>Returns the given values which can then be assigned to a variables.</doc>
<status status="PASS" start="2024-02-14T06:02:40.141390" elapsed="0.000270"/>
</kw>
<kw name="Log" owner="BuiltIn">
<msg time="2024-02-14T06:02:40.142047" level="INFO">/Users/runner/work/rfswarm/rfswarm/Tests/Regression/Manager</msg>
<arg>/Users/runner/work/rfswarm/rfswarm/Tests/Regression/Manager</arg>
<doc>Logs the given message with the given level.</doc>
<status status="PASS" start="2024-02-14T06:02:40.141802" elapsed="0.000308"/>
</kw>
<kw name="Log" owner="BuiltIn">
<msg time="2024-02-14T06:02:40.142361" level="INFO">/Users/runner/work/rfswarm/rfswarm/Tests/Regression/Manager/Images/file_method</msg>
<arg>${IMAGE_DIR}</arg>
<doc>Logs the given message with the given level.</doc>
<status status="PASS" start="2024-02-14T06:02:40.142228" elapsed="0.000182"/>
</kw>
<kw name="Wait For" owner="ImageHorizonLibrary">
<msg time="2024-02-14T06:02:40.630906" level="INFO">Image "manager_macos_tab_agents.png" found at (423, 74)</msg>
<arg>${img}</arg>
<arg>timeout=300</arg>
<doc>Tries to locate given image from the screen for given time.</doc>
<status status="PASS" start="2024-02-14T06:02:40.142532" elapsed="0.491717"/>
</kw>
<kw name="Locate" owner="ImageHorizonLibrary">
<msg time="2024-02-14T06:02:41.084616" level="INFO">Image "/Users/runner/work/rfswarm/rfswarm/Tests/Regression/Manager/Images/file_method/manager_macos_tab_agents.png" found at Box(left=397, top=62, width=52, height=25)</msg>
<msg time="2024-02-14T06:02:41.085233" level="INFO">@{coordinates} = [ 423 | 74 ]</msg>
<var>@{coordinates}</var>
<arg>${img}</arg>
<doc>Locate image on screen.</doc>
<status status="PASS" start="2024-02-14T06:02:40.635529" elapsed="0.449751"/>
</kw>
<kw name="Click Image" owner="ImageHorizonLibrary">
<msg time="2024-02-14T06:02:41.485058" level="INFO">Image "/Users/runner/work/rfswarm/rfswarm/Tests/Regression/Manager/Images/file_method/manager_macos_tab_agents.png" found at Box(left=397, top=62, width=52, height=25)</msg>
<msg time="2024-02-14T06:02:41.485270" level="INFO">Clicking image "manager_macos_tab_agents.png" in position (423, 74)</msg>
<arg>${img}</arg>
<doc>Finds the reference image on screen and clicks it once.</doc>
<status status="PASS" start="2024-02-14T06:02:41.085754" elapsed="0.586384"/>
</kw>
<kw name="Sleep" owner="BuiltIn">
<msg time="2024-02-14T06:02:41.776123" level="INFO">Slept 100 milliseconds.</msg>
<arg>0.1</arg>
<doc>Pauses the test executed for the given time.</doc>
<status status="PASS" start="2024-02-14T06:02:41.672669" elapsed="0.103575"/>
</kw>
<kw name="Take A Screenshot" owner="ImageHorizonLibrary">
<msg time="2024-02-14T06:02:41.776802" level="INFO" html="true">Screenshot taken: /Users/runner/work/rfswarm/rfswarm/Tests/Regression/Manager/Logs/macos-latest_3.11/Manager.GUIBugs-screenshot-2.png&lt;br/&gt;&lt;img src="/Users/runner/work/rfswarm/rfswarm/Tests/Regression/Manager/Logs/macos-latest_3.11/Manager.GUIBugs-screenshot-2.png" width="100%" /&gt;</msg>
<doc>Takes a screenshot of the screen.</doc>
<status status="PASS" start="2024-02-14T06:02:41.776452" elapsed="0.283038"/>
</kw>
<arg>Agents</arg>
<status status="PASS" start="2024-02-14T06:02:40.138325" elapsed="1.921554"/>
</kw>
<kw name="Sleep" owner="BuiltIn">
<msg time="2024-02-14T06:02:47.064073" level="INFO">Slept 5 seconds.</msg>
<arg>5</arg>
<doc>Pauses the test executed for the given time.</doc>
<status status="PASS" start="2024-02-14T06:02:42.060338" elapsed="5.003985"/>
</kw>
<kw name="Take A Screenshot" owner="ImageHorizonLibrary">
<msg time="2024-02-14T06:02:47.065608" level="INFO" html="true">Screenshot taken: /Users/runner/work/rfswarm/rfswarm/Tests/Regression/Manager/Logs/macos-latest_3.11/Manager.GUIBugs-screenshot-3.png&lt;br/&gt;&lt;img src="/Users/runner/work/rfswarm/rfswarm/Tests/Regression/Manager/Logs/macos-latest_3.11/Manager.GUIBugs-screenshot-3.png" width="100%" /&gt;</msg>
<doc>Takes a screenshot of the screen.</doc>
<status status="PASS" start="2024-02-14T06:02:47.065017" elapsed="0.491744"/>
</kw>
<kw name="Close Manager GUI ${platform}">
<msg time="2024-02-14T06:02:47.561947" level="FAIL">No keyword with name 'Close Manager GUI ${platform}' found. Did you try using keyword 'GUI_Common.Close Manager GUI' and forgot to use enough whitespace between keyword and arguments?</msg>
<status status="FAIL" start="2024-02-14T06:02:47.561263" elapsed="0.000852">No keyword with name 'Close Manager GUI ${platform}' found. Did you try using keyword 'GUI_Common.Close Manager GUI' and forgot to use enough whitespace between keyword and arguments?</status>
</kw>
<kw name="Stop Agent" owner="GUI_Common">
<status status="NOT RUN" start="2024-02-14T06:02:47.562707" elapsed="0.000051"/>
</kw>
<tag>macos-latest</tag>
<tag>ubuntu-latest</tag>
<tag>windows-latest</tag>
<status status="FAIL" start="2024-02-14T06:02:29.785520" elapsed="17.777971">No keyword with name 'Close Manager GUI ${platform}' found. Did you try using keyword 'GUI_Common.Close Manager GUI' and forgot to use enough whitespace between keyword and arguments?</status>
</test>
<status status="FAIL" start="2024-02-14T06:02:29.769906" elapsed="17.794264"/>
</suite>
<status status="FAIL" start="2024-02-14T06:00:55.139535" elapsed="112.426388"/>
</suite>
<statistics>
<total>
<stat pass="9" fail="1" skip="0">All Tests</stat>
</total>
<tag>
<stat pass="9" fail="1" skip="0">macos-latest</stat>
<stat pass="7" fail="1" skip="0">ubuntu-latest</stat>
<stat pass="7" fail="1" skip="0">windows-latest</stat>
</tag>
<suite>
<stat pass="9" fail="1" skip="0" id="s1" name="Manager">Manager</stat>
<stat pass="3" fail="0" skip="0" id="s1-s1" name="CommandLine">Manager.CommandLine</stat>
<stat pass="6" fail="0" skip="0" id="s1-s2" name="GUI Basic">Manager.GUI Basic</stat>
<stat pass="0" fail="1" skip="0" id="s1-s3" name="GUI Bugs">Manager.GUI Bugs</stat>
</suite>
</statistics>
<errors>
</errors>
</robot>
