<?xml version="1.0" encoding="UTF-8"?>
<robot generator="Robot 7.0 (Python 3.12.2 on darwin)" generated="2024-02-25T07:38:25.849793" rpa="false" schemaversion="5">
<suite id="s1" name="Manager" source="/Users/runner/work/rfswarm/rfswarm/Tests/Regression/Manager">
<suite id="s1-s1" name="CommandLine" source="/Users/runner/work/rfswarm/rfswarm/Tests/Regression/Manager/CommandLine.robot">
<kw name="Clean Up Old Files" type="SETUP">
<kw name="Log To Console" owner="BuiltIn">
<arg>${OUTPUT DIR}</arg>
<doc>Logs the given message to the console.</doc>
<status status="PASS" start="2024-02-25T07:38:25.902152" elapsed="0.000618"/>
</kw>
<kw name="Remove File" owner="OperatingSystem">
<msg time="2024-02-25T07:38:25.904307" level="INFO" html="true">Removed file '&lt;a href="file:///Users/runner/work/rfswarm/rfswarm/Tests/Regression/Manager/Logs/macos-latest_3.7/stdout.txt"&gt;/Users/runner/work/rfswarm/rfswarm/Tests/Regression/Manager/Logs/macos-latest_3.7/stdout.txt&lt;/a&gt;'.</msg>
<msg time="2024-02-25T07:38:25.904525" level="INFO" html="true">Removed file '&lt;a href="file:///Users/runner/work/rfswarm/rfswarm/Tests/Regression/Manager/Logs/macos-latest_3.7/stderr.txt"&gt;/Users/runner/work/rfswarm/rfswarm/Tests/Regression/Manager/Logs/macos-latest_3.7/stderr.txt&lt;/a&gt;'.</msg>
<arg>${OUTPUT DIR}${/}*.txt</arg>
<doc>Removes a file with the given path.</doc>
<status status="PASS" start="2024-02-25T07:38:25.903134" elapsed="0.001485"/>
</kw>
<kw name="Remove File" owner="OperatingSystem">
<msg time="2024-02-25T07:38:25.905559" level="INFO" html="true">Removed file '&lt;a href="file:///Users/runner/work/rfswarm/rfswarm/Tests/Regression/Manager/Logs/macos-latest_3.7/Manager.GUIBasic-screenshot-1.png"&gt;/Users/runner/work/rfswarm/rfswarm/Tests/Regression/Manager/Logs/macos-latest_3.7/Manager.GUIBasic-screenshot-1.png&lt;/a&gt;'.</msg>
<msg time="2024-02-25T07:38:25.905795" level="INFO" html="true">Removed file '&lt;a href="file:///Users/runner/work/rfswarm/rfswarm/Tests/Regression/Manager/Logs/macos-latest_3.7/Manager.GUIBasic-screenshot-2.png"&gt;/Users/runner/work/rfswarm/rfswarm/Tests/Regression/Manager/Logs/macos-latest_3.7/Manager.GUIBasic-screenshot-2.png&lt;/a&gt;'.</msg>
<msg time="2024-02-25T07:38:25.906026" level="INFO" html="true">Removed file '&lt;a href="file:///Users/runner/work/rfswarm/rfswarm/Tests/Regression/Manager/Logs/macos-latest_3.7/Manager.GUIBasic-screenshot-3.png"&gt;/Users/runner/work/rfswarm/rfswarm/Tests/Regression/Manager/Logs/macos-latest_3.7/Manager.GUIBasic-screenshot-3.png&lt;/a&gt;'.</msg>
<msg time="2024-02-25T07:38:25.906281" level="INFO" html="true">Removed file '&lt;a href="file:///Users/runner/work/rfswarm/rfswarm/Tests/Regression/Manager/Logs/macos-latest_3.7/Manager.GUIBasic-screenshot-6.png"&gt;/Users/runner/work/rfswarm/rfswarm/Tests/Regression/Manager/Logs/macos-latest_3.7/Manager.GUIBasic-screenshot-6.png&lt;/a&gt;'.</msg>
<msg time="2024-02-25T07:38:25.906509" level="INFO" html="true">Removed file '&lt;a href="file:///Users/runner/work/rfswarm/rfswarm/Tests/Regression/Manager/Logs/macos-latest_3.7/Manager.GUIBasic-screenshot-4.png"&gt;/Users/runner/work/rfswarm/rfswarm/Tests/Regression/Manager/Logs/macos-latest_3.7/Manager.GUIBasic-screenshot-4.png&lt;/a&gt;'.</msg>
<msg time="2024-02-25T07:38:25.906724" level="INFO" html="true">Removed file '&lt;a href="file:///Users/runner/work/rfswarm/rfswarm/Tests/Regression/Manager/Logs/macos-latest_3.7/Manager.GUIBasic-screenshot-5.png"&gt;/Users/runner/work/rfswarm/rfswarm/Tests/Regression/Manager/Logs/macos-latest_3.7/Manager.GUIBasic-screenshot-5.png&lt;/a&gt;'.</msg>
<arg>${OUTPUT DIR}${/}*.png</arg>
<doc>Removes a file with the given path.</doc>
<status status="PASS" start="2024-02-25T07:38:25.904804" elapsed="0.002004"/>
</kw>
<tag>macos-latest</tag>
<tag>ubuntu-latest</tag>
<tag>windows-latest</tag>
<status status="PASS" start="2024-02-25T07:38:25.899875" elapsed="0.007054"/>
</kw>
<test id="s1-s1-t1" name="Random Offset" line="11">
<kw name="Evaluate" owner="BuiltIn">
<msg time="2024-02-25T07:38:25.908002" level="INFO">${random} = 21</msg>
<var>${random}</var>
<arg>random.randint(0, 60)</arg>
<doc>Evaluates the given expression in Python and returns the result.</doc>
<status status="PASS" start="2024-02-25T07:38:25.907652" elapsed="0.000386"/>
</kw>
<kw name="Sleep" owner="BuiltIn">
<msg time="2024-02-25T07:38:46.968757" level="INFO">Slept 21 seconds.</msg>
<arg>${random}</arg>
<doc>Pauses the test executed for the given time.</doc>
<status status="PASS" start="2024-02-25T07:38:25.908174" elapsed="21.060731"/>
</kw>
<doc>This just prevents all the test runners doing git push at the same time</doc>
<tag>macos-latest</tag>
<tag>ubuntu-latest</tag>
<tag>windows-latest</tag>
<status status="PASS" start="2024-02-25T07:38:25.907057" elapsed="21.062063"/>
</test>
<test id="s1-s1-t2" name="Manager Version" line="17">
<kw name="Run" owner="OperatingSystem">
<msg time="2024-02-25T07:38:46.973963" level="INFO">Running command 'rfswarm-agent -v 2&gt;&amp;1'.</msg>
<msg time="2024-02-25T07:38:47.477734" level="INFO">${result} = Robot Framework Swarm: Run Agent
	Version v1.2.2.dev20240225071703</msg>
<var>${result}</var>
<arg>${cmd_agent} -v</arg>
<doc>Runs the given command in the system and returns the output.</doc>
<status status="PASS" start="2024-02-25T07:38:46.969924" elapsed="0.507882"/>
</kw>
<kw name="Log To Console" owner="BuiltIn">
<arg>${\n}${result}</arg>
<doc>Logs the given message to the console.</doc>
<status status="PASS" start="2024-02-25T07:38:47.478285" elapsed="0.000531"/>
</kw>
<kw name="Should Contain" owner="BuiltIn">
<arg>${result}</arg>
<arg>Version</arg>
<doc>Fails if ``container`` does not contain ``item`` one or more times.</doc>
<status status="PASS" start="2024-02-25T07:38:47.478982" elapsed="0.000227"/>
</kw>
<kw name="Should Contain" owner="BuiltIn">
<msg time="2024-02-25T07:38:47.479716" level="FAIL">'Robot Framework Swarm: Run Agent
	Version v1.2.2.dev20240225071703' does not contain 'Manager'</msg>
<arg>${result}</arg>
<arg>Manager</arg>
<doc>Fails if ``container`` does not contain ``item`` one or more times.</doc>
<status status="FAIL" start="2024-02-25T07:38:47.479340" elapsed="0.000784">'Robot Framework Swarm: Run Agent
	Version v1.2.2.dev20240225071703' does not contain 'Manager'</status>
</kw>
<tag>macos-latest</tag>
<tag>ubuntu-latest</tag>
<tag>windows-latest</tag>
<status status="FAIL" start="2024-02-25T07:38:46.969460" elapsed="0.510992">'Robot Framework Swarm: Run Agent
	Version v1.2.2.dev20240225071703' does not contain 'Manager'</status>
</test>
<test id="s1-s1-t3" name="Manager Help" line="25">
<kw name="Run" owner="OperatingSystem">
<msg time="2024-02-25T07:38:47.484857" level="INFO">Running command 'rfswarm-agent -h 2&gt;&amp;1'.</msg>
<msg time="2024-02-25T07:38:47.788898" level="INFO">${result} = Robot Framework Swarm: Run Agent
	Version v1.2.2.dev20240225071703
usage: rfswarm-agent [-h] [-g DEBUG] [-v] [-i INI] [-m MANAGER] [-d AGENTDIR]
                     [-r ROBOT] [-x] [-a AGENTNAME] [-p...</msg>
<var>${result}</var>
<arg>${cmd_agent} -h</arg>
<doc>Runs the given command in the system and returns the output.</doc>
<status status="PASS" start="2024-02-25T07:38:47.481406" elapsed="0.307567"/>
</kw>
<kw name="Log To Console" owner="BuiltIn">
<arg>${\n}${result}</arg>
<doc>Logs the given message to the console.</doc>
<status status="PASS" start="2024-02-25T07:38:47.789435" elapsed="0.000523"/>
</kw>
<kw name="Should Contain" owner="BuiltIn">
<msg time="2024-02-25T07:38:47.790547" level="FAIL">'Robot Framework Swarm: Run Agent
	Version v1.2.2.dev20240225071703
usage: rfswarm-agent [-h] [-g DEBUG] [-v] [-i INI] [-m MANAGER] [-d AGENTDIR]
                     [-r ROBOT] [-x] [-a AGENTNAME] [-p PROPERTY]

options:
  -h, --help            show this help message and exit
  -g DEBUG, --debug DEBUG
                        Set debug level, default level is 0
  -v, --version         Display the version and exit
  -i INI, --ini INI     path to alternate ini file
  -m MANAGER, --manager MANAGER
                        The manager to connect to e.g. http://localhost:8138/
  -d AGENTDIR, --agentdir AGENTDIR
                        The directory the agent should use for files
  -r ROBOT, --robot ROBOT
                        The robot framework executable
  -x, --xmlmode         XML Mode, fall back to pasing the output.xml after
                        each iteration
  -a AGENTNAME, --agentname AGENTNAME
                        Set agent name
  -p PROPERTY, --property PROPERTY
                        Add a custom property, if multiple properties are
                        required use this argument for each property e.g. -p
                        property1 -p "Property 2"' does not contain 'IPADDRESS'</msg>
<arg>${result}</arg>
<arg>IPADDRESS</arg>
<doc>Fails if ``container`` does not contain ``item`` one or more times.</doc>
<status status="FAIL" start="2024-02-25T07:38:47.790174" elapsed="0.000683">'Robot Framework Swarm: Run Agent
	Version v1.2.2.dev20240225071703
usage: rfswarm-agent [-h] [-g DEBUG] [-v] [-i INI] [-m MANAGER] [-d AGENTDIR]
                     [-r ROBOT] [-x] [-a AGENTNAME] [-p PROPERTY]

options:
  -h, --help            show this help message and exit
  -g DEBUG, --debug DEBUG
                        Set debug level, default level is 0
  -v, --version         Display the version and exit
  -i INI, --ini INI     path to alternate ini file
  -m MANAGER, --manager MANAGER
                        The manager to connect to e.g. http://localhost:8138/
  -d AGENTDIR, --agentdir AGENTDIR
                        The directory the agent should use for files
  -r ROBOT, --robot ROBOT
                        The robot framework executable
  -x, --xmlmode         XML Mode, fall back to pasing the output.xml after
                        each iteration
  -a AGENTNAME, --agentname AGENTNAME
                        Set agent name
  -p PROPERTY, --property PROPERTY
                        Add a custom property, if multiple properties are
                        required use this argument for each property e.g. -p
                        property1 -p "Property 2"' does not contain 'IPADDRESS'</status>
</kw>
<tag>macos-latest</tag>
<tag>ubuntu-latest</tag>
<tag>windows-latest</tag>
<status status="FAIL" start="2024-02-25T07:38:47.480866" elapsed="0.310307">'Robot Framework Swarm: Run Agent
	Version v1.2.2.dev20240225071703
usage: rfswarm-agent [-h] [-g DEBUG] [-v] [-i INI] [-m MANAGER] [-d AGENTDIR]
                     [-r ROBOT] [-x] [-a AGENTNAME] [-p PROPERTY]

options:
  -h, --help            show this help message and exit
  -g DEBUG, --debug DEBUG
                        Set debug level, default level is 0
  -v, --version         Display the version and exit
  -i INI, --ini INI     path to alternate ini file
  -m MANAGER, --manager MANAGER
                        The manager to connect to e.g. http://localhost:8138/
  -d AGENTDIR, --agentdir AGENTDIR
                        The directory the agent should use for files
  -r ROBOT, --robot ROBOT
                        The robot framework executable
  -x, --xmlmode         XML Mode, fall back to pasing the output.xml after
                        each iteration
  -a AGENTNAME, --agentname AGENTNAME
                        Set agent name
  -p PROPERTY, --property PROPERTY
                        Add a custom property, if multiple properties are
                        required use this argument for each property e.g. -p
                        property1 -p "Property 2"' does not contain 'IPADDRESS'</status>
</test>
<status status="FAIL" start="2024-02-25T07:38:25.882763" elapsed="21.909263"/>
</suite>
<suite id="s1-s2" name="GUI Basic" source="/Users/runner/work/rfswarm/rfswarm/Tests/Regression/Manager/GUI_Basic.robot">
<test id="s1-s2-t1" name="Open GUI" line="16">
<kw name="Set Suite Variable" owner="BuiltIn">
<msg time="2024-02-25T07:38:59.504119" level="INFO">${platform} = macos</msg>
<arg>${platform}</arg>
<arg>macos</arg>
<doc>Makes a variable available everywhere within the scope of the current suite.</doc>
<status status="PASS" start="2024-02-25T07:38:59.502918" elapsed="0.001297"/>
</kw>
<kw name="Set Confidence" owner="ImageHorizonLibrary">
<arg>0.9</arg>
<doc>Sets the accuracy when finding images.</doc>
<status status="PASS" start="2024-02-25T07:38:59.504418" elapsed="0.000183"/>
</kw>
<kw name="Start Process" owner="Process">
<msg time="2024-02-25T07:38:59.505795" level="INFO">Starting process:
rfswarm</msg>
<msg time="2024-02-25T07:38:59.527018" level="INFO">${process} = &lt;Popen: returncode: None args: ['rfswarm']&gt;</msg>
<var>${process}</var>
<arg>${cmd_manager}</arg>
<arg>alias=Manager</arg>
<arg>stdout=${OUTPUT DIR}${/}stdout.txt</arg>
<arg>stderr=${OUTPUT DIR}${/}stderr.txt</arg>
<doc>Starts a new process on background.</doc>
<status status="PASS" start="2024-02-25T07:38:59.504763" elapsed="0.022508"/>
</kw>
<kw name="Set Test Variable" owner="BuiltIn">
<msg time="2024-02-25T07:38:59.528321" level="INFO">${process} = &lt;Popen: returncode: None args: ['rfswarm']&gt;</msg>
<arg>$process</arg>
<arg>${process}</arg>
<doc>Makes a variable available everywhere within the scope of the current test.</doc>
<status status="PASS" start="2024-02-25T07:38:59.527817" elapsed="0.000579"/>
</kw>
<kw name="Sleep" owner="BuiltIn">
<msg time="2024-02-25T07:39:09.533601" level="INFO">Slept 10 seconds.</msg>
<arg>10</arg>
<doc>Pauses the test executed for the given time.</doc>
<status status="PASS" start="2024-02-25T07:38:59.528564" elapsed="10.005185"/>
</kw>
<kw name="Set Screenshot Folder" owner="ImageHorizonLibrary">
<arg>${OUTPUT DIR}</arg>
<doc>Sets the folder where screenshots are saved to.</doc>
<status status="PASS" start="2024-02-25T07:39:09.534038" elapsed="0.000327"/>
</kw>
<kw name="Take A Screenshot" owner="ImageHorizonLibrary">
<msg time="2024-02-25T07:39:09.534828" level="INFO" html="true">Screenshot taken: /Users/runner/work/rfswarm/rfswarm/Tests/Regression/Manager/Logs/macos-latest_3.7/Manager.GUIBasic-screenshot-1.png&lt;br/&gt;&lt;img src="/Users/runner/work/rfswarm/rfswarm/Tests/Regression/Manager/Logs/macos-latest_3.7/Manager.GUIBasic-screenshot-1.png" width="100%" /&gt;</msg>
<doc>Takes a screenshot of the screen.</doc>
<status status="PASS" start="2024-02-25T07:39:09.534538" elapsed="0.332248"/>
</kw>
<tag>macos-latest</tag>
<status status="PASS" start="2024-02-25T07:38:59.501859" elapsed="10.365417"/>
</test>
<test id="s1-s2-t2" name="Select Run Tab" line="49">
<kw name="Click Tab">
<kw name="Convert To Lower Case" owner="String">
<msg time="2024-02-25T07:39:09.869766" level="INFO">${tabnamel} = run</msg>
<var>${tabnamel}</var>
<arg>${tabname}</arg>
<doc>Converts string to lower case.</doc>
<status status="PASS" start="2024-02-25T07:39:09.869484" elapsed="0.000333"/>
</kw>
<kw name="Set Variable" owner="BuiltIn">
<msg time="2024-02-25T07:39:09.870249" level="INFO">${img} = manager_macos_tab_run.png</msg>
<var>${img}</var>
<arg>manager_${platform}_tab_${tabnamel}.png</arg>
<doc>Returns the given values which can then be assigned to a variables.</doc>
<status status="PASS" start="2024-02-25T07:39:09.869985" elapsed="0.000297"/>
</kw>
<kw name="Log" owner="BuiltIn">
<msg time="2024-02-25T07:39:09.870621" level="INFO">/Users/runner/work/rfswarm/rfswarm/Tests/Regression/Manager</msg>
<arg>/Users/runner/work/rfswarm/rfswarm/Tests/Regression/Manager</arg>
<doc>Logs the given message with the given level.</doc>
<status status="PASS" start="2024-02-25T07:39:09.870440" elapsed="0.000244"/>
</kw>
<kw name="Log" owner="BuiltIn">
<msg time="2024-02-25T07:39:09.870966" level="INFO">/Users/runner/work/rfswarm/rfswarm/Tests/Regression/Manager/Images/file_method</msg>
<arg>${IMAGE_DIR}</arg>
<doc>Logs the given message with the given level.</doc>
<status status="PASS" start="2024-02-25T07:39:09.870816" elapsed="0.000209"/>
</kw>
<kw name="Wait For" owner="ImageHorizonLibrary">
<msg time="2024-02-25T07:39:10.281538" level="INFO">Image "manager_macos_tab_run.png" found at (364, 75)</msg>
<arg>${img}</arg>
<arg>timeout=300</arg>
<doc>Tries to locate given image from the screen for given time.</doc>
<status status="PASS" start="2024-02-25T07:39:09.871301" elapsed="0.410782"/>
</kw>
<kw name="Locate" owner="ImageHorizonLibrary">
<msg time="2024-02-25T07:39:10.696474" level="INFO">Image "/Users/runner/work/rfswarm/rfswarm/Tests/Regression/Manager/Images/file_method/manager_macos_tab_run.png" found at Box(left=342, top=62, width=44, height=26)</msg>
<msg time="2024-02-25T07:39:10.697492" level="INFO">@{coordinates} = [ 364 | 75 ]</msg>
<var>@{coordinates}</var>
<arg>${img}</arg>
<doc>Locate image on screen.</doc>
<status status="PASS" start="2024-02-25T07:39:10.282594" elapsed="0.414949"/>
</kw>
<kw name="Click Image" owner="ImageHorizonLibrary">
<msg time="2024-02-25T07:39:11.116878" level="INFO">Image "/Users/runner/work/rfswarm/rfswarm/Tests/Regression/Manager/Images/file_method/manager_macos_tab_run.png" found at Box(left=342, top=62, width=44, height=26)</msg>
<msg time="2024-02-25T07:39:11.117272" level="INFO">Clicking image "manager_macos_tab_run.png" in position (364, 75)</msg>
<arg>${img}</arg>
<doc>Finds the reference image on screen and clicks it once.</doc>
<status status="PASS" start="2024-02-25T07:39:10.698103" elapsed="0.738216"/>
</kw>
<kw name="Sleep" owner="BuiltIn">
<msg time="2024-02-25T07:39:11.574753" level="INFO">Slept 100 milliseconds.</msg>
<arg>0.1</arg>
<doc>Pauses the test executed for the given time.</doc>
<status status="PASS" start="2024-02-25T07:39:11.437225" elapsed="0.137790"/>
</kw>
<kw name="Take A Screenshot" owner="ImageHorizonLibrary">
<msg time="2024-02-25T07:39:11.576283" level="INFO" html="true">Screenshot taken: /Users/runner/work/rfswarm/rfswarm/Tests/Regression/Manager/Logs/macos-latest_3.7/Manager.GUIBasic-screenshot-2.png&lt;br/&gt;&lt;img src="/Users/runner/work/rfswarm/rfswarm/Tests/Regression/Manager/Logs/macos-latest_3.7/Manager.GUIBasic-screenshot-2.png" width="100%" /&gt;</msg>
<doc>Takes a screenshot of the screen.</doc>
<status status="PASS" start="2024-02-25T07:39:11.575424" elapsed="0.290764"/>
</kw>
<arg>Run</arg>
<status status="PASS" start="2024-02-25T07:39:09.868811" elapsed="1.998355"/>
</kw>
<kw name="Sleep" owner="BuiltIn">
<msg time="2024-02-25T07:39:16.868907" level="INFO">Slept 5 seconds.</msg>
<arg>5</arg>
<doc>Pauses the test executed for the given time.</doc>
<status status="PASS" start="2024-02-25T07:39:11.867588" elapsed="5.001484"/>
</kw>
<tag>macos-latest</tag>
<tag>ubuntu-latest</tag>
<tag>windows-latest</tag>
<status status="PASS" start="2024-02-25T07:39:09.867849" elapsed="7.001545"/>
</test>
<test id="s1-s2-t3" name="Select Agents Tab" line="54">
<kw name="Click Tab">
<kw name="Convert To Lower Case" owner="String">
<msg time="2024-02-25T07:39:16.871373" level="INFO">${tabnamel} = agents</msg>
<var>${tabnamel}</var>
<arg>${tabname}</arg>
<doc>Converts string to lower case.</doc>
<status status="PASS" start="2024-02-25T07:39:16.871117" elapsed="0.000293"/>
</kw>
<kw name="Set Variable" owner="BuiltIn">
<msg time="2024-02-25T07:39:16.871835" level="INFO">${img} = manager_macos_tab_agents.png</msg>
<var>${img}</var>
<arg>manager_${platform}_tab_${tabnamel}.png</arg>
<doc>Returns the given values which can then be assigned to a variables.</doc>
<status status="PASS" start="2024-02-25T07:39:16.871573" elapsed="0.000294"/>
</kw>
<kw name="Log" owner="BuiltIn">
<msg time="2024-02-25T07:39:16.872163" level="INFO">/Users/runner/work/rfswarm/rfswarm/Tests/Regression/Manager</msg>
<arg>/Users/runner/work/rfswarm/rfswarm/Tests/Regression/Manager</arg>
<doc>Logs the given message with the given level.</doc>
<status status="PASS" start="2024-02-25T07:39:16.872032" elapsed="0.000201"/>
</kw>
<kw name="Log" owner="BuiltIn">
<msg time="2024-02-25T07:39:16.872512" level="INFO">/Users/runner/work/rfswarm/rfswarm/Tests/Regression/Manager/Images/file_method</msg>
<arg>${IMAGE_DIR}</arg>
<doc>Logs the given message with the given level.</doc>
<status status="PASS" start="2024-02-25T07:39:16.872363" elapsed="0.000223"/>
</kw>
<kw name="Wait For" owner="ImageHorizonLibrary">
<msg time="2024-02-25T07:39:17.271060" level="INFO">Image "manager_macos_tab_agents.png" found at (423, 74)</msg>
<arg>${img}</arg>
<arg>timeout=300</arg>
<doc>Tries to locate given image from the screen for given time.</doc>
<status status="PASS" start="2024-02-25T07:39:16.872729" elapsed="0.398780"/>
</kw>
<kw name="Locate" owner="ImageHorizonLibrary">
<msg time="2024-02-25T07:39:17.692413" level="INFO">Image "/Users/runner/work/rfswarm/rfswarm/Tests/Regression/Manager/Images/file_method/manager_macos_tab_agents.png" found at Box(left=397, top=62, width=52, height=25)</msg>
<msg time="2024-02-25T07:39:17.693738" level="INFO">@{coordinates} = [ 423 | 74 ]</msg>
<var>@{coordinates}</var>
<arg>${img}</arg>
<doc>Locate image on screen.</doc>
<status status="PASS" start="2024-02-25T07:39:17.272063" elapsed="0.421732"/>
</kw>
<kw name="Click Image" owner="ImageHorizonLibrary">
<msg time="2024-02-25T07:39:18.138073" level="INFO">Image "/Users/runner/work/rfswarm/rfswarm/Tests/Regression/Manager/Images/file_method/manager_macos_tab_agents.png" found at Box(left=397, top=62, width=52, height=25)</msg>
<msg time="2024-02-25T07:39:18.138604" level="INFO">Clicking image "manager_macos_tab_agents.png" in position (423, 74)</msg>
<arg>${img}</arg>
<doc>Finds the reference image on screen and clicks it once.</doc>
<status status="PASS" start="2024-02-25T07:39:17.694464" elapsed="0.576929"/>
</kw>
<kw name="Sleep" owner="BuiltIn">
<msg time="2024-02-25T07:39:18.376424" level="INFO">Slept 100 milliseconds.</msg>
<arg>0.1</arg>
<doc>Pauses the test executed for the given time.</doc>
<status status="PASS" start="2024-02-25T07:39:18.271994" elapsed="0.104586"/>
</kw>
<kw name="Take A Screenshot" owner="ImageHorizonLibrary">
<msg time="2024-02-25T07:39:18.377211" level="INFO" html="true">Screenshot taken: /Users/runner/work/rfswarm/rfswarm/Tests/Regression/Manager/Logs/macos-latest_3.7/Manager.GUIBasic-screenshot-3.png&lt;br/&gt;&lt;img src="/Users/runner/work/rfswarm/rfswarm/Tests/Regression/Manager/Logs/macos-latest_3.7/Manager.GUIBasic-screenshot-3.png" width="100%" /&gt;</msg>
<doc>Takes a screenshot of the screen.</doc>
<status status="PASS" start="2024-02-25T07:39:18.376815" elapsed="0.276105"/>
</kw>
<arg>Agents</arg>
<status status="PASS" start="2024-02-25T07:39:16.870678" elapsed="1.782717"/>
</kw>
<kw name="Sleep" owner="BuiltIn">
<msg time="2024-02-25T07:39:23.657544" level="INFO">Slept 5 seconds.</msg>
<arg>5</arg>
<doc>Pauses the test executed for the given time.</doc>
<status status="PASS" start="2024-02-25T07:39:18.653933" elapsed="5.003764"/>
</kw>
<tag>macos-latest</tag>
<tag>ubuntu-latest</tag>
<tag>windows-latest</tag>
<status status="PASS" start="2024-02-25T07:39:16.869874" elapsed="6.788131"/>
</test>
<test id="s1-s2-t4" name="Select About Tab" line="59">
<kw name="Click Tab">
<kw name="Convert To Lower Case" owner="String">
<msg time="2024-02-25T07:39:23.660044" level="INFO">${tabnamel} = about</msg>
<var>${tabnamel}</var>
<arg>${tabname}</arg>
<doc>Converts string to lower case.</doc>
<status status="PASS" start="2024-02-25T07:39:23.659787" elapsed="0.000293"/>
</kw>
<kw name="Set Variable" owner="BuiltIn">
<msg time="2024-02-25T07:39:23.660486" level="INFO">${img} = manager_macos_tab_about.png</msg>
<var>${img}</var>
<arg>manager_${platform}_tab_${tabnamel}.png</arg>
<doc>Returns the given values which can then be assigned to a variables.</doc>
<status status="PASS" start="2024-02-25T07:39:23.660241" elapsed="0.000278"/>
</kw>
<kw name="Log" owner="BuiltIn">
<msg time="2024-02-25T07:39:23.660815" level="INFO">/Users/runner/work/rfswarm/rfswarm/Tests/Regression/Manager</msg>
<arg>/Users/runner/work/rfswarm/rfswarm/Tests/Regression/Manager</arg>
<doc>Logs the given message with the given level.</doc>
<status status="PASS" start="2024-02-25T07:39:23.660679" elapsed="0.000205"/>
</kw>
<kw name="Log" owner="BuiltIn">
<msg time="2024-02-25T07:39:23.661420" level="INFO">/Users/runner/work/rfswarm/rfswarm/Tests/Regression/Manager/Images/file_method</msg>
<arg>${IMAGE_DIR}</arg>
<doc>Logs the given message with the given level.</doc>
<status status="PASS" start="2024-02-25T07:39:23.661265" elapsed="0.000213"/>
</kw>
<kw name="Wait For" owner="ImageHorizonLibrary">
<msg time="2024-02-25T07:39:24.075078" level="INFO">Image "manager_macos_tab_about.png" found at (487, 75)</msg>
<arg>${img}</arg>
<arg>timeout=300</arg>
<doc>Tries to locate given image from the screen for given time.</doc>
<status status="PASS" start="2024-02-25T07:39:23.661605" elapsed="0.414006"/>
</kw>
<kw name="Locate" owner="ImageHorizonLibrary">
<msg time="2024-02-25T07:39:24.476225" level="INFO">Image "/Users/runner/work/rfswarm/rfswarm/Tests/Regression/Manager/Images/file_method/manager_macos_tab_about.png" found at Box(left=464, top=62, width=46, height=26)</msg>
<msg time="2024-02-25T07:39:24.477018" level="INFO">@{coordinates} = [ 487 | 75 ]</msg>
<var>@{coordinates}</var>
<arg>${img}</arg>
<doc>Locate image on screen.</doc>
<status status="PASS" start="2024-02-25T07:39:24.076137" elapsed="0.400932"/>
</kw>
<kw name="Click Image" owner="ImageHorizonLibrary">
<msg time="2024-02-25T07:39:24.890254" level="INFO">Image "/Users/runner/work/rfswarm/rfswarm/Tests/Regression/Manager/Images/file_method/manager_macos_tab_about.png" found at Box(left=464, top=62, width=46, height=26)</msg>
<msg time="2024-02-25T07:39:24.890725" level="INFO">Clicking image "manager_macos_tab_about.png" in position (487, 75)</msg>
<arg>${img}</arg>
<doc>Finds the reference image on screen and clicks it once.</doc>
<status status="PASS" start="2024-02-25T07:39:24.477555" elapsed="0.560144"/>
</kw>
<kw name="Sleep" owner="BuiltIn">
<msg time="2024-02-25T07:39:25.169299" level="INFO">Slept 100 milliseconds.</msg>
<arg>0.1</arg>
<doc>Pauses the test executed for the given time.</doc>
<status status="PASS" start="2024-02-25T07:39:25.038322" elapsed="0.131151"/>
</kw>
<kw name="Take A Screenshot" owner="ImageHorizonLibrary">
<msg time="2024-02-25T07:39:25.170196" level="INFO" html="true">Screenshot taken: /Users/runner/work/rfswarm/rfswarm/Tests/Regression/Manager/Logs/macos-latest_3.7/Manager.GUIBasic-screenshot-4.png&lt;br/&gt;&lt;img src="/Users/runner/work/rfswarm/rfswarm/Tests/Regression/Manager/Logs/macos-latest_3.7/Manager.GUIBasic-screenshot-4.png" width="100%" /&gt;</msg>
<doc>Takes a screenshot of the screen.</doc>
<status status="PASS" start="2024-02-25T07:39:25.169793" elapsed="0.276318"/>
</kw>
<arg>About</arg>
<status status="PASS" start="2024-02-25T07:39:23.659327" elapsed="1.787109"/>
</kw>
<kw name="Sleep" owner="BuiltIn">
<msg time="2024-02-25T07:39:30.448206" level="INFO">Slept 5 seconds.</msg>
<arg>5</arg>
<doc>Pauses the test executed for the given time.</doc>
<status status="PASS" start="2024-02-25T07:39:25.446808" elapsed="5.001549"/>
</kw>
<tag>macos-latest</tag>
<tag>ubuntu-latest</tag>
<tag>windows-latest</tag>
<status status="PASS" start="2024-02-25T07:39:23.658558" elapsed="6.790095"/>
</test>
<test id="s1-s2-t5" name="Select Plan Tab" line="64">
<kw name="Click Tab">
<kw name="Convert To Lower Case" owner="String">
<msg time="2024-02-25T07:39:30.450533" level="INFO">${tabnamel} = plan</msg>
<var>${tabnamel}</var>
<arg>${tabname}</arg>
<doc>Converts string to lower case.</doc>
<status status="PASS" start="2024-02-25T07:39:30.450274" elapsed="0.000302"/>
</kw>
<kw name="Set Variable" owner="BuiltIn">
<msg time="2024-02-25T07:39:30.450985" level="INFO">${img} = manager_macos_tab_plan.png</msg>
<var>${img}</var>
<arg>manager_${platform}_tab_${tabnamel}.png</arg>
<doc>Returns the given values which can then be assigned to a variables.</doc>
<status status="PASS" start="2024-02-25T07:39:30.450729" elapsed="0.000291"/>
</kw>
<kw name="Log" owner="BuiltIn">
<msg time="2024-02-25T07:39:30.451310" level="INFO">/Users/runner/work/rfswarm/rfswarm/Tests/Regression/Manager</msg>
<arg>/Users/runner/work/rfswarm/rfswarm/Tests/Regression/Manager</arg>
<doc>Logs the given message with the given level.</doc>
<status status="PASS" start="2024-02-25T07:39:30.451178" elapsed="0.000191"/>
</kw>
<kw name="Log" owner="BuiltIn">
<msg time="2024-02-25T07:39:30.451667" level="INFO">/Users/runner/work/rfswarm/rfswarm/Tests/Regression/Manager/Images/file_method</msg>
<arg>${IMAGE_DIR}</arg>
<doc>Logs the given message with the given level.</doc>
<status status="PASS" start="2024-02-25T07:39:30.451500" elapsed="0.000225"/>
</kw>
<kw name="Wait For" owner="ImageHorizonLibrary">
<msg time="2024-02-25T07:39:30.874973" level="INFO">Image "manager_macos_tab_plan.png" found at (317, 75)</msg>
<arg>${img}</arg>
<arg>timeout=300</arg>
<doc>Tries to locate given image from the screen for given time.</doc>
<status status="PASS" start="2024-02-25T07:39:30.451864" elapsed="0.423607"/>
</kw>
<kw name="Locate" owner="ImageHorizonLibrary">
<msg time="2024-02-25T07:39:31.282241" level="INFO">Image "/Users/runner/work/rfswarm/rfswarm/Tests/Regression/Manager/Images/file_method/manager_macos_tab_plan.png" found at Box(left=301, top=61, width=33, height=28)</msg>
<msg time="2024-02-25T07:39:31.282999" level="INFO">@{coordinates} = [ 317 | 75 ]</msg>
<var>@{coordinates}</var>
<arg>${img}</arg>
<doc>Locate image on screen.</doc>
<status status="PASS" start="2024-02-25T07:39:30.876026" elapsed="0.407022"/>
</kw>
<kw name="Click Image" owner="ImageHorizonLibrary">
<msg time="2024-02-25T07:39:31.694701" level="INFO">Image "/Users/runner/work/rfswarm/rfswarm/Tests/Regression/Manager/Images/file_method/manager_macos_tab_plan.png" found at Box(left=301, top=61, width=33, height=28)</msg>
<msg time="2024-02-25T07:39:31.695195" level="INFO">Clicking image "manager_macos_tab_plan.png" in position (317, 75)</msg>
<arg>${img}</arg>
<doc>Finds the reference image on screen and clicks it once.</doc>
<status status="PASS" start="2024-02-25T07:39:31.283572" elapsed="0.546380"/>
</kw>
<kw name="Sleep" owner="BuiltIn">
<msg time="2024-02-25T07:39:31.944649" level="INFO">Slept 100 milliseconds.</msg>
<arg>0.1</arg>
<doc>Pauses the test executed for the given time.</doc>
<status status="PASS" start="2024-02-25T07:39:31.830526" elapsed="0.114249"/>
</kw>
<kw name="Take A Screenshot" owner="ImageHorizonLibrary">
<msg time="2024-02-25T07:39:31.945411" level="INFO" html="true">Screenshot taken: /Users/runner/work/rfswarm/rfswarm/Tests/Regression/Manager/Logs/macos-latest_3.7/Manager.GUIBasic-screenshot-5.png&lt;br/&gt;&lt;img src="/Users/runner/work/rfswarm/rfswarm/Tests/Regression/Manager/Logs/macos-latest_3.7/Manager.GUIBasic-screenshot-5.png" width="100%" /&gt;</msg>
<doc>Takes a screenshot of the screen.</doc>
<status status="PASS" start="2024-02-25T07:39:31.945029" elapsed="0.281607"/>
</kw>
<arg>Plan</arg>
<status status="PASS" start="2024-02-25T07:39:30.449833" elapsed="1.777212"/>
</kw>
<kw name="Sleep" owner="BuiltIn">
<msg time="2024-02-25T07:39:37.229852" level="INFO">Slept 5 seconds.</msg>
<arg>5</arg>
<doc>Pauses the test executed for the given time.</doc>
<status status="PASS" start="2024-02-25T07:39:32.227541" elapsed="5.002462"/>
</kw>
<tag>macos-latest</tag>
<tag>ubuntu-latest</tag>
<tag>windows-latest</tag>
<status status="PASS" start="2024-02-25T07:39:30.449097" elapsed="6.781251"/>
</test>
<test id="s1-s2-t6" name="Close GUI" line="83">
<kw name="Click Image" owner="ImageHorizonLibrary">
<msg time="2024-02-25T07:39:37.636860" level="INFO">Image "/Users/runner/work/rfswarm/rfswarm/Tests/Regression/Manager/Images/file_method/manager_macos_button_closewindow.png" found at Box(left=9, top=31, width=19, height=25)</msg>
<msg time="2024-02-25T07:39:37.637338" level="INFO">Clicking image "manager_macos_button_closewindow.png" in position (18, 43)</msg>
<arg>manager_${platform}_button_closewindow.png</arg>
<doc>Finds the reference image on screen and clicks it once.</doc>
<status status="PASS" start="2024-02-25T07:39:37.231523" elapsed="0.558478"/>
</kw>
<kw name="Take A Screenshot" owner="ImageHorizonLibrary">
<msg time="2024-02-25T07:39:37.791205" level="INFO" html="true">Screenshot taken: /Users/runner/work/rfswarm/rfswarm/Tests/Regression/Manager/Logs/macos-latest_3.7/Manager.GUIBasic-screenshot-6.png&lt;br/&gt;&lt;img src="/Users/runner/work/rfswarm/rfswarm/Tests/Regression/Manager/Logs/macos-latest_3.7/Manager.GUIBasic-screenshot-6.png" width="100%" /&gt;</msg>
<doc>Takes a screenshot of the screen.</doc>
<status status="PASS" start="2024-02-25T07:39:37.790534" elapsed="0.281198"/>
</kw>
<kw name="Wait For Process" owner="Process">
<msg time="2024-02-25T07:39:38.073132" level="INFO">Waiting for process to complete.</msg>
<msg time="2024-02-25T07:39:39.398162" level="INFO">Process completed.</msg>
<msg time="2024-02-25T07:39:39.398432" level="INFO">${result} = &lt;result object with rc 0&gt;</msg>
<var>${result}</var>
<arg>${process}</arg>
<arg>timeout=60</arg>
<doc>Waits for the process to complete or to reach the given timeout.</doc>
<status status="PASS" start="2024-02-25T07:39:38.072496" elapsed="1.325987"/>
</kw>
<kw name="Is Process Running" owner="Process">
<msg time="2024-02-25T07:39:39.399033" level="INFO">${running} = False</msg>
<var>${running}</var>
<arg>${process}</arg>
<doc>Checks is the process running or not.</doc>
<status status="PASS" start="2024-02-25T07:39:39.398724" elapsed="0.000345"/>
</kw>
<if>
<branch type="IF" condition="not ${running}">
<kw name="Should Be Equal As Integers" owner="BuiltIn">
<msg time="2024-02-25T07:39:39.400935" level="INFO">Argument types are:
&lt;class 'int'&gt;
&lt;class 'str'&gt;</msg>
<arg>${result.rc}</arg>
<arg>0</arg>
<doc>Fails if objects are unequal after converting them to integers.</doc>
<status status="PASS" start="2024-02-25T07:39:39.399958" elapsed="0.001095"/>
</kw>
<status status="PASS" start="2024-02-25T07:39:39.399463" elapsed="0.001660"/>
</branch>
<branch type="ELSE">
<kw name="Take A Screenshot" owner="ImageHorizonLibrary">
<doc>Takes a screenshot of the screen.</doc>
<status status="NOT RUN" start="2024-02-25T07:39:39.401351" elapsed="0.000031"/>
</kw>
<kw name="Terminate Process" owner="Process">
<var>${result}</var>
<arg>${process}</arg>
<doc>Stops the process gracefully or forcefully.</doc>
<status status="NOT RUN" start="2024-02-25T07:39:39.401537" elapsed="0.000030"/>
</kw>
<kw name="Fail" owner="BuiltIn">
<doc>Fails the test with the given message and optionally alters its tags.</doc>
<status status="NOT RUN" start="2024-02-25T07:39:39.401712" elapsed="0.000029"/>
</kw>
<status status="NOT RUN" start="2024-02-25T07:39:39.401189" elapsed="0.000594"/>
</branch>
<status status="PASS" start="2024-02-25T07:39:39.399370" elapsed="0.002451"/>
</if>
<tag>macos-latest</tag>
<status status="PASS" start="2024-02-25T07:39:37.230907" elapsed="2.171122"/>
</test>
<status status="PASS" start="2024-02-25T07:38:47.792800" elapsed="51.610105"/>
</suite>
<status status="FAIL" start="2024-02-25T07:38:25.851901" elapsed="73.558493"/>
</suite>
<statistics>
<total>
<stat pass="7" fail="2" skip="0">All Tests</stat>
</total>
<tag>
<stat pass="7" fail="2" skip="0">macos-latest</stat>
<stat pass="5" fail="2" skip="0">ubuntu-latest</stat>
<stat pass="5" fail="2" skip="0">windows-latest</stat>
</tag>
<suite>
<stat pass="7" fail="2" skip="0" id="s1" name="Manager">Manager</stat>
<stat pass="1" fail="2" skip="0" id="s1-s1" name="CommandLine">Manager.CommandLine</stat>
<stat pass="6" fail="0" skip="0" id="s1-s2" name="GUI Basic">Manager.GUI Basic</stat>
</suite>
</statistics>
<errors>
</errors>
</robot>
