<?xml version="1.0" encoding="UTF-8"?>
<robot generator="Robot 4.1.3 (Python 3.7.12 on darwin)" generated="20220221 06:54:31.488" rpa="false" schemaversion="2">
<suite id="s1" name="Manager" source="/Users/runner/work/rfswarm/rfswarm/Tests/Regression/Manager">
<suite id="s1-s1" name="CommandLine" source="/Users/runner/work/rfswarm/rfswarm/Tests/Regression/Manager/CommandLine.robot">
<kw name="Clean Up Old Files" type="SETUP">
<tag>macos-latest</tag>
<tag>ubuntu-latest</tag>
<tag>windows-latest</tag>
<kw name="Log To Console" library="BuiltIn">
<arg>${OUTPUT DIR}</arg>
<doc>Logs the given message to the console.</doc>
<status status="PASS" starttime="20220221 06:54:31.529" endtime="20220221 06:54:31.529"/>
</kw>
<kw name="Remove File" library="OperatingSystem">
<arg>${OUTPUT DIR}${/}*.txt</arg>
<doc>Removes a file with the given path.</doc>
<msg timestamp="20220221 06:54:31.530" level="INFO" html="true">Removed file '&lt;a href="file:///Users/runner/work/rfswarm/rfswarm/Tests/Regression/Manager/Logs/macos-latest_3.7/Sikuli_java_stdout_1645423847.0618958.txt"&gt;/Users/runner/work/rfswarm/rfswarm/Tests/Regression/Manager/Logs/macos-latest_3.7/Sikuli_java_stdout_1645423847.0618958.txt&lt;/a&gt;'.</msg>
<msg timestamp="20220221 06:54:31.531" level="INFO" html="true">Removed file '&lt;a href="file:///Users/runner/work/rfswarm/rfswarm/Tests/Regression/Manager/Logs/macos-latest_3.7/stdout.txt"&gt;/Users/runner/work/rfswarm/rfswarm/Tests/Regression/Manager/Logs/macos-latest_3.7/stdout.txt&lt;/a&gt;'.</msg>
<msg timestamp="20220221 06:54:31.531" level="INFO" html="true">Removed file '&lt;a href="file:///Users/runner/work/rfswarm/rfswarm/Tests/Regression/Manager/Logs/macos-latest_3.7/stderr.txt"&gt;/Users/runner/work/rfswarm/rfswarm/Tests/Regression/Manager/Logs/macos-latest_3.7/stderr.txt&lt;/a&gt;'.</msg>
<msg timestamp="20220221 06:54:31.531" level="INFO" html="true">Removed file '&lt;a href="file:///Users/runner/work/rfswarm/rfswarm/Tests/Regression/Manager/Logs/macos-latest_3.7/Sikuli_java_stderr_1645423847.062117.txt"&gt;/Users/runner/work/rfswarm/rfswarm/Tests/Regression/Manager/Logs/macos-latest_3.7/Sikuli_java_stderr_1645423847.062117.txt&lt;/a&gt;'.</msg>
<status status="PASS" starttime="20220221 06:54:31.530" endtime="20220221 06:54:31.531"/>
</kw>
<kw name="Remove File" library="OperatingSystem">
<arg>${OUTPUT DIR}${/}sikuli_captured${/}*.*</arg>
<doc>Removes a file with the given path.</doc>
<msg timestamp="20220221 06:54:31.532" level="INFO" html="true">Removed file '&lt;a href="file:///Users/runner/work/rfswarm/rfswarm/Tests/Regression/Manager/Logs/macos-latest_3.7/sikuli_captured/sikuliximage-1645423913899.png"&gt;/Users/runner/work/rfswarm/rfswarm/Tests/Regression/Manager/Logs/macos-latest_3.7/sikuli_captured/sikuliximage-1645423913899.png&lt;/a&gt;'.</msg>
<msg timestamp="20220221 06:54:31.532" level="INFO" html="true">Removed file '&lt;a href="file:///Users/runner/work/rfswarm/rfswarm/Tests/Regression/Manager/Logs/macos-latest_3.7/sikuli_captured/sikuliximage-1645423975897.png"&gt;/Users/runner/work/rfswarm/rfswarm/Tests/Regression/Manager/Logs/macos-latest_3.7/sikuli_captured/sikuliximage-1645423975897.png&lt;/a&gt;'.</msg>
<status status="PASS" starttime="20220221 06:54:31.531" endtime="20220221 06:54:31.532"/>
</kw>
<status status="PASS" starttime="20220221 06:54:31.528" endtime="20220221 06:54:31.532"/>
</kw>
<test id="s1-s1-t1" name="Random Offset">
<kw name="Evaluate" library="BuiltIn">
<var>${random}</var>
<arg>random.randint(0, 60)</arg>
<doc>Evaluates the given expression in Python and returns the result.</doc>
<msg timestamp="20220221 06:54:31.534" level="INFO">${random} = 31</msg>
<status status="PASS" starttime="20220221 06:54:31.533" endtime="20220221 06:54:31.534"/>
</kw>
<kw name="Sleep" library="BuiltIn">
<arg>${random}</arg>
<doc>Pauses the test executed for the given time.</doc>
<msg timestamp="20220221 06:55:02.534" level="INFO">Slept 31 seconds</msg>
<status status="PASS" starttime="20220221 06:54:31.534" endtime="20220221 06:55:02.534"/>
</kw>
<doc>This just prevents all the test runners doing git push at the same time</doc>
<tag>macos-latest</tag>
<tag>ubuntu-latest</tag>
<tag>windows-latest</tag>
<status status="PASS" starttime="20220221 06:54:31.533" endtime="20220221 06:55:02.535"/>
</test>
<test id="s1-s1-t2" name="Manager Version">
<kw name="Run" library="OperatingSystem">
<var>${result}</var>
<arg>python3 ${EXECDIR}${/}rfswarm_manager${/}rfswarm.py -v</arg>
<doc>Runs the given command in the system and returns the output.</doc>
<msg timestamp="20220221 06:55:02.541" level="INFO">Running command 'python3 /Users/runner/work/rfswarm/rfswarm/rfswarm_manager/rfswarm.py -v 2&gt;&amp;1'.</msg>
<msg timestamp="20220221 06:55:13.827" level="INFO">${result} = Unable to revert mtime: /Library/Fonts
Robot Framework Swarm: Manager 
	Version 1.1.0 </msg>
<status status="PASS" starttime="20220221 06:55:02.536" endtime="20220221 06:55:13.827"/>
</kw>
<kw name="Log To Console" library="BuiltIn">
<arg>${\n}${result}</arg>
<doc>Logs the given message to the console.</doc>
<status status="PASS" starttime="20220221 06:55:13.828" endtime="20220221 06:55:13.828"/>
</kw>
<kw name="Should Contain" library="BuiltIn">
<arg>${result}</arg>
<arg>Version</arg>
<doc>Fails if ``container`` does not contain ``item`` one or more times.</doc>
<status status="PASS" starttime="20220221 06:55:13.829" endtime="20220221 06:55:13.829"/>
</kw>
<kw name="Should Contain" library="BuiltIn">
<arg>${result}</arg>
<arg>Manager</arg>
<doc>Fails if ``container`` does not contain ``item`` one or more times.</doc>
<status status="PASS" starttime="20220221 06:55:13.829" endtime="20220221 06:55:13.829"/>
</kw>
<tag>macos-latest</tag>
<tag>ubuntu-latest</tag>
<tag>windows-latest</tag>
<status status="PASS" starttime="20220221 06:55:02.535" endtime="20220221 06:55:13.830"/>
</test>
<test id="s1-s1-t3" name="Manager Help">
<kw name="Run" library="OperatingSystem">
<var>${result}</var>
<arg>python3 ${EXECDIR}${/}rfswarm_manager${/}rfswarm.py -h</arg>
<doc>Runs the given command in the system and returns the output.</doc>
<msg timestamp="20220221 06:55:13.833" level="INFO">Running command 'python3 /Users/runner/work/rfswarm/rfswarm/rfswarm_manager/rfswarm.py -h 2&gt;&amp;1'.</msg>
<msg timestamp="20220221 06:55:15.122" level="INFO">${result} = Robot Framework Swarm: Manager 
	Version 1.1.0 
usage: rfswarm.py [-h] [-g DEBUG] [-v] [-i INI] [-s SCENARIO] [-r] [-a AGENTS]
                  [-n] [-t STARTTIME] [-d DIR] [-e IPADDRESS] [-p PORT]

...</msg>
<status status="PASS" starttime="20220221 06:55:13.831" endtime="20220221 06:55:15.122"/>
</kw>
<kw name="Log To Console" library="BuiltIn">
<arg>${\n}${result}</arg>
<doc>Logs the given message to the console.</doc>
<status status="PASS" starttime="20220221 06:55:15.123" endtime="20220221 06:55:15.124"/>
</kw>
<kw name="Should Contain" library="BuiltIn">
<arg>${result}</arg>
<arg>IPADDRESS</arg>
<doc>Fails if ``container`` does not contain ``item`` one or more times.</doc>
<status status="PASS" starttime="20220221 06:55:15.124" endtime="20220221 06:55:15.124"/>
</kw>
<tag>macos-latest</tag>
<tag>ubuntu-latest</tag>
<tag>windows-latest</tag>
<status status="PASS" starttime="20220221 06:55:13.830" endtime="20220221 06:55:15.124"/>
</test>
<status status="PASS" starttime="20220221 06:54:31.517" endtime="20220221 06:55:15.125"/>
</suite>
<suite id="s1-s2" name="GUI Basic" source="/Users/runner/work/rfswarm/rfswarm/Tests/Regression/Manager/GUI_Basic.robot">
<kw name="Sikili Setup" type="SETUP">
<kw name="Add Image Path" library="SikuliLibrary">
<arg>${IMAGE_DIR}</arg>
<doc>Add image path</doc>
<status status="PASS" starttime="20220221 06:55:21.582" endtime="20220221 06:55:21.609"/>
</kw>
<status status="PASS" starttime="20220221 06:55:21.582" endtime="20220221 06:55:21.610"/>
</kw>
<test id="s1-s2-t1" name="GUI Runs and Closes">
<kw name="Start Process" library="Process">
<arg>python3</arg>
<arg>${EXECDIR}${/}rfswarm_manager${/}rfswarm.py</arg>
<arg>alias=Manager</arg>
<arg>stdout=${OUTPUT DIR}${/}stdout.txt</arg>
<arg>stderr=${OUTPUT DIR}${/}stderr.txt</arg>
<doc>Starts a new process on background.</doc>
<msg timestamp="20220221 06:55:21.612" level="INFO">Starting process:
python3 /Users/runner/work/rfswarm/rfswarm/rfswarm_manager/rfswarm.py</msg>
<status status="PASS" starttime="20220221 06:55:21.611" endtime="20220221 06:55:21.618"/>
</kw>
<kw name="Sleep" library="BuiltIn">
<arg>60</arg>
<doc>Pauses the test executed for the given time.</doc>
<msg timestamp="20220221 06:56:21.649" level="INFO">Slept 1 minute</msg>
<status status="PASS" starttime="20220221 06:55:21.618" endtime="20220221 06:56:21.650"/>
</kw>
<kw name="Capture Screen" library="SikuliLibrary">
<doc>Capture whole screen, file name is returned</doc>
<msg timestamp="20220221 06:56:25.708" level="INFO" html="true">&lt;img src='sikuli_captured/sikuliximage-1645426583248.png'/&gt;</msg>
<status status="PASS" starttime="20220221 06:56:21.650" endtime="20220221 06:56:25.708"/>
</kw>
<kw name="Wait Until Screen Contain" library="SikuliLibrary">
<arg>rfwasrm_mac_Window_Controls.png</arg>
<arg>60</arg>
<doc>Wait until screen contain
 Wait until image shown in screen</doc>
<msg timestamp="20220221 06:57:34.702" level="INFO" html="true">&lt;img src='sikuli_captured/sikuliximage-1645426654103.png'/&gt;</msg>
<msg timestamp="20220221 06:57:34.703" level="FAIL">com.github.rainmanwy.robotframework.sikulilib.exceptions.TimeoutException: Timeout happened, could not find P(rfwasrm_mac_Window_Controls.png) S: 0.699999988079071</msg>
<status status="FAIL" starttime="20220221 06:56:25.709" endtime="20220221 06:57:34.703"/>
</kw>
<kw name="Make rfswarm Active">
<status status="NOT RUN" starttime="20220221 06:57:34.704" endtime="20220221 06:57:34.704"/>
</kw>
<kw name="Type With Modifiers" library="SikuliLibrary">
<arg>q</arg>
<arg>CMD</arg>
<doc>Type with modifiers</doc>
<status status="NOT RUN" starttime="20220221 06:57:34.704" endtime="20220221 06:57:34.704"/>
</kw>
<kw name="Wait For Process" library="Process">
<var>${result}</var>
<arg>Manager</arg>
<doc>Waits for the process to complete or to reach the given timeout.</doc>
<status status="NOT RUN" starttime="20220221 06:57:34.704" endtime="20220221 06:57:34.704"/>
</kw>
<kw name="Should Be Equal As Integers" library="BuiltIn">
<arg>${result.rc}</arg>
<arg>0</arg>
<doc>Fails if objects are unequal after converting them to integers.</doc>
<status status="NOT RUN" starttime="20220221 06:57:34.704" endtime="20220221 06:57:34.705"/>
</kw>
<tag>macos-latest</tag>
<status status="FAIL" starttime="20220221 06:55:21.610" endtime="20220221 06:57:34.705">com.github.rainmanwy.robotframework.sikulilib.exceptions.TimeoutException: Timeout happened, could not find P(rfwasrm_mac_Window_Controls.png) S: 0.699999988079071</status>
</test>
<kw name="Sikili Teardown" type="TEARDOWN">
<kw name="Is Process Running" library="Process">
<var>${running}</var>
<arg>Manager</arg>
<doc>Checks is the process running or not.</doc>
<msg timestamp="20220221 06:57:34.707" level="INFO">${running} = True</msg>
<status status="PASS" starttime="20220221 06:57:34.706" endtime="20220221 06:57:34.707"/>
</kw>
<if>
<branch type="IF" condition="${running}">
<kw name="Terminate Process" library="Process">
<var>${result}</var>
<arg>Manager</arg>
<doc>Stops the process gracefully or forcefully.</doc>
<msg timestamp="20220221 06:57:34.707" level="INFO">Gracefully terminating process.</msg>
<msg timestamp="20220221 06:58:04.748" level="INFO">Graceful termination failed.</msg>
<msg timestamp="20220221 06:58:04.748" level="INFO">Forcefully killing process.</msg>
<msg timestamp="20220221 06:58:04.921" level="INFO">Process completed.</msg>
<msg timestamp="20220221 06:58:04.921" level="INFO">${result} = &lt;result object with rc -9&gt;</msg>
<status status="PASS" starttime="20220221 06:57:34.707" endtime="20220221 06:58:04.921"/>
</kw>
<kw name="Log" library="BuiltIn">
<arg>${result}</arg>
<doc>Logs the given message with the given level.</doc>
<msg timestamp="20220221 06:58:04.922" level="INFO">&lt;result object with rc -9&gt;</msg>
<status status="PASS" starttime="20220221 06:58:04.922" endtime="20220221 06:58:04.922"/>
</kw>
<kw name="Get File" library="OperatingSystem">
<var>${stdout}</var>
<arg>${OUTPUT DIR}${/}stdout.txt</arg>
<doc>Returns the contents of a specified file.</doc>
<msg timestamp="20220221 06:58:04.923" level="INFO" html="true">Getting file '&lt;a href="file:///Users/runner/work/rfswarm/rfswarm/Tests/Regression/Manager/Logs/macos-latest_3.7/stdout.txt"&gt;/Users/runner/work/rfswarm/rfswarm/Tests/Regression/Manager/Logs/macos-latest_3.7/stdout.txt&lt;/a&gt;'.</msg>
<msg timestamp="20220221 06:58:04.923" level="INFO">${stdout} = </msg>
<status status="PASS" starttime="20220221 06:58:04.922" endtime="20220221 06:58:04.923"/>
</kw>
<kw name="Log" library="BuiltIn">
<arg>${stdout}</arg>
<doc>Logs the given message with the given level.</doc>
<msg timestamp="20220221 06:58:04.923" level="INFO"/>
<status status="PASS" starttime="20220221 06:58:04.923" endtime="20220221 06:58:04.923"/>
</kw>
<kw name="Get File" library="OperatingSystem">
<var>${stderr}</var>
<arg>${OUTPUT DIR}${/}stderr.txt</arg>
<doc>Returns the contents of a specified file.</doc>
<msg timestamp="20220221 06:58:04.924" level="INFO" html="true">Getting file '&lt;a href="file:///Users/runner/work/rfswarm/rfswarm/Tests/Regression/Manager/Logs/macos-latest_3.7/stderr.txt"&gt;/Users/runner/work/rfswarm/rfswarm/Tests/Regression/Manager/Logs/macos-latest_3.7/stderr.txt&lt;/a&gt;'.</msg>
<msg timestamp="20220221 06:58:04.924" level="INFO">${stderr} = </msg>
<status status="PASS" starttime="20220221 06:58:04.924" endtime="20220221 06:58:04.924"/>
</kw>
<kw name="Log" library="BuiltIn">
<arg>${stderr}</arg>
<doc>Logs the given message with the given level.</doc>
<msg timestamp="20220221 06:58:04.925" level="INFO"/>
<status status="PASS" starttime="20220221 06:58:04.924" endtime="20220221 06:58:04.925"/>
</kw>
<status status="PASS" starttime="20220221 06:57:34.707" endtime="20220221 06:58:04.925"/>
</branch>
<status status="PASS" starttime="20220221 06:57:34.707" endtime="20220221 06:58:04.925"/>
</if>
<status status="PASS" starttime="20220221 06:57:34.706" endtime="20220221 06:58:04.925"/>
</kw>
<status status="FAIL" starttime="20220221 06:55:15.127" endtime="20220221 06:58:04.925"/>
</suite>
<status status="FAIL" starttime="20220221 06:54:31.489" endtime="20220221 06:58:04.927"/>
</suite>
<statistics>
<total>
<stat pass="3" fail="1" skip="0">All Tests</stat>
</total>
<tag>
<stat pass="3" fail="1" skip="0">macos-latest</stat>
<stat pass="3" fail="0" skip="0">ubuntu-latest</stat>
<stat pass="3" fail="0" skip="0">windows-latest</stat>
</tag>
<suite>
<stat pass="3" fail="1" skip="0" id="s1" name="Manager">Manager</stat>
<stat pass="3" fail="0" skip="0" id="s1-s1" name="CommandLine">Manager.CommandLine</stat>
<stat pass="0" fail="1" skip="0" id="s1-s2" name="GUI Basic">Manager.GUI Basic</stat>
</suite>
</statistics>
<errors>
</errors>
</robot>
