<?xml version="1.0" encoding="UTF-8"?>
<robot generator="Robot 6.0.2 (Python 3.7.16 on darwin)" generated="20230529 03:53:41.830" rpa="false" schemaversion="3">
<suite id="s1" name="Manager" source="/Users/runner/work/rfswarm/rfswarm/Tests/Regression/Manager">
<suite id="s1-s1" name="CommandLine" source="/Users/runner/work/rfswarm/rfswarm/Tests/Regression/Manager/CommandLine.robot">
<kw name="Clean Up Old Files" type="SETUP">
<tag>macos-latest</tag>
<tag>ubuntu-latest</tag>
<tag>windows-latest</tag>
<kw name="Log To Console" library="BuiltIn">
<arg>${OUTPUT DIR}</arg>
<doc>Logs the given message to the console.</doc>
<status status="PASS" starttime="20230529 03:53:41.876" endtime="20230529 03:53:41.877"/>
</kw>
<kw name="Remove File" library="OperatingSystem">
<arg>${OUTPUT DIR}${/}*.txt</arg>
<doc>Removes a file with the given path.</doc>
<msg timestamp="20230529 03:53:41.878" level="INFO" html="true">Removed file '&lt;a href="file:///Users/runner/work/rfswarm/rfswarm/Tests/Regression/Manager/Logs/macos-latest_3.7/stdout.txt"&gt;/Users/runner/work/rfswarm/rfswarm/Tests/Regression/Manager/Logs/macos-latest_3.7/stdout.txt&lt;/a&gt;'.</msg>
<msg timestamp="20230529 03:53:41.878" level="INFO" html="true">Removed file '&lt;a href="file:///Users/runner/work/rfswarm/rfswarm/Tests/Regression/Manager/Logs/macos-latest_3.7/stderr.txt"&gt;/Users/runner/work/rfswarm/rfswarm/Tests/Regression/Manager/Logs/macos-latest_3.7/stderr.txt&lt;/a&gt;'.</msg>
<status status="PASS" starttime="20230529 03:53:41.877" endtime="20230529 03:53:41.878"/>
</kw>
<kw name="Remove File" library="OperatingSystem">
<arg>${OUTPUT DIR}${/}*.png</arg>
<doc>Removes a file with the given path.</doc>
<msg timestamp="20230529 03:53:41.879" level="INFO" html="true">File '&lt;a href="file:///Users/runner/work/rfswarm/rfswarm/Tests/Regression/Manager/Logs/macos-latest_3.7/*.png"&gt;/Users/runner/work/rfswarm/rfswarm/Tests/Regression/Manager/Logs/macos-latest_3.7/*.png&lt;/a&gt;' does not exist.</msg>
<status status="PASS" starttime="20230529 03:53:41.878" endtime="20230529 03:53:41.879"/>
</kw>
<status status="PASS" starttime="20230529 03:53:41.876" endtime="20230529 03:53:41.879"/>
</kw>
<test id="s1-s1-t1" name="Random Offset" line="7">
<kw name="Evaluate" library="BuiltIn">
<var>${random}</var>
<arg>random.randint(0, 60)</arg>
<doc>Evaluates the given expression in Python and returns the result.</doc>
<msg timestamp="20230529 03:53:41.880" level="INFO">${random} = 28</msg>
<status status="PASS" starttime="20230529 03:53:41.880" endtime="20230529 03:53:41.880"/>
</kw>
<kw name="Sleep" library="BuiltIn">
<arg>${random}</arg>
<doc>Pauses the test executed for the given time.</doc>
<msg timestamp="20230529 03:54:09.930" level="INFO">Slept 28 seconds</msg>
<status status="PASS" starttime="20230529 03:53:41.880" endtime="20230529 03:54:09.931"/>
</kw>
<doc>This just prevents all the test runners doing git push at the same time</doc>
<tag>macos-latest</tag>
<tag>ubuntu-latest</tag>
<tag>windows-latest</tag>
<status status="PASS" starttime="20230529 03:53:41.879" endtime="20230529 03:54:09.935"/>
</test>
<test id="s1-s1-t2" name="Manager Version" line="13">
<kw name="Run" library="OperatingSystem">
<var>${result}</var>
<arg>python3 ${EXECDIR}${/}rfswarm_manager${/}rfswarm.py -v</arg>
<doc>Runs the given command in the system and returns the output.</doc>
<msg timestamp="20230529 03:54:09.950" level="INFO">Running command 'python3 /Users/runner/work/rfswarm/rfswarm/rfswarm_manager/rfswarm.py -v 2&gt;&amp;1'.</msg>
<msg timestamp="20230529 03:54:23.421" level="INFO">${result} = Robot Framework Swarm: Manager 
	Version 1.1.3 </msg>
<status status="PASS" starttime="20230529 03:54:09.940" endtime="20230529 03:54:23.422"/>
</kw>
<kw name="Log To Console" library="BuiltIn">
<arg>${\n}${result}</arg>
<doc>Logs the given message to the console.</doc>
<status status="PASS" starttime="20230529 03:54:23.422" endtime="20230529 03:54:23.424"/>
</kw>
<kw name="Should Contain" library="BuiltIn">
<arg>${result}</arg>
<arg>Version</arg>
<doc>Fails if ``container`` does not contain ``item`` one or more times.</doc>
<status status="PASS" starttime="20230529 03:54:23.424" endtime="20230529 03:54:23.424"/>
</kw>
<kw name="Should Contain" library="BuiltIn">
<arg>${result}</arg>
<arg>Manager</arg>
<doc>Fails if ``container`` does not contain ``item`` one or more times.</doc>
<status status="PASS" starttime="20230529 03:54:23.424" endtime="20230529 03:54:23.425"/>
</kw>
<tag>macos-latest</tag>
<tag>ubuntu-latest</tag>
<tag>windows-latest</tag>
<status status="PASS" starttime="20230529 03:54:09.938" endtime="20230529 03:54:23.425"/>
</test>
<test id="s1-s1-t3" name="Manager Help" line="20">
<kw name="Run" library="OperatingSystem">
<var>${result}</var>
<arg>python3 ${EXECDIR}${/}rfswarm_manager${/}rfswarm.py -h</arg>
<doc>Runs the given command in the system and returns the output.</doc>
<msg timestamp="20230529 03:54:23.430" level="INFO">Running command 'python3 /Users/runner/work/rfswarm/rfswarm/rfswarm_manager/rfswarm.py -h 2&gt;&amp;1'.</msg>
<msg timestamp="20230529 03:54:24.775" level="INFO">${result} = Robot Framework Swarm: Manager 
	Version 1.1.3 
usage: rfswarm.py [-h] [-g DEBUG] [-v] [-i INI] [-s SCENARIO] [-r] [-a AGENTS]
                  [-n] [-t STARTTIME] [-d DIR] [-e IPADDRESS] [-p PORT]

...</msg>
<status status="PASS" starttime="20230529 03:54:23.426" endtime="20230529 03:54:24.775"/>
</kw>
<kw name="Log To Console" library="BuiltIn">
<arg>${\n}${result}</arg>
<doc>Logs the given message to the console.</doc>
<status status="PASS" starttime="20230529 03:54:24.775" endtime="20230529 03:54:24.776"/>
</kw>
<kw name="Should Contain" library="BuiltIn">
<arg>${result}</arg>
<arg>IPADDRESS</arg>
<doc>Fails if ``container`` does not contain ``item`` one or more times.</doc>
<status status="PASS" starttime="20230529 03:54:24.776" endtime="20230529 03:54:24.777"/>
</kw>
<tag>macos-latest</tag>
<tag>ubuntu-latest</tag>
<tag>windows-latest</tag>
<status status="PASS" starttime="20230529 03:54:23.425" endtime="20230529 03:54:24.777"/>
</test>
<status status="PASS" starttime="20230529 03:53:41.863" endtime="20230529 03:54:24.778"/>
</suite>
<suite id="s1-s2" name="GUI Basic" source="/Users/runner/work/rfswarm/rfswarm/Tests/Regression/Manager/GUI_Basic.robot">
<test id="s1-s2-t1" name="Open GUI" line="14">
<kw name="Set Suite Variable" library="BuiltIn">
<arg>${platform}</arg>
<arg>macos</arg>
<doc>Makes a variable available everywhere within the scope of the current suite.</doc>
<msg timestamp="20230529 03:54:35.482" level="INFO">${platform} = macos</msg>
<status status="PASS" starttime="20230529 03:54:35.480" endtime="20230529 03:54:35.482"/>
</kw>
<kw name="Set Confidence" library="ImageHorizonLibrary">
<arg>0.9</arg>
<doc>Sets the accuracy when finding images.</doc>
<status status="PASS" starttime="20230529 03:54:35.482" endtime="20230529 03:54:35.967"/>
</kw>
<kw name="Start Process" library="Process">
<var>${process}</var>
<arg>python3</arg>
<arg>${pyfile}</arg>
<arg>alias=Manager</arg>
<arg>stdout=${OUTPUT DIR}${/}stdout.txt</arg>
<arg>stderr=${OUTPUT DIR}${/}stderr.txt</arg>
<doc>Starts a new process on background.</doc>
<msg timestamp="20230529 03:54:35.970" level="INFO">Starting process:
python3 /Users/runner/work/rfswarm/rfswarm/rfswarm_manager/rfswarm.py</msg>
<msg timestamp="20230529 03:54:35.978" level="INFO">${process} = &lt;subprocess.Popen object at 0x11c122890&gt;</msg>
<status status="PASS" starttime="20230529 03:54:35.968" endtime="20230529 03:54:35.979"/>
</kw>
<kw name="Set Test Variable" library="BuiltIn">
<arg>$process</arg>
<arg>${process}</arg>
<doc>Makes a variable available everywhere within the scope of the current test.</doc>
<msg timestamp="20230529 03:54:35.980" level="INFO">${process} = &lt;subprocess.Popen object at 0x11c122890&gt;</msg>
<status status="PASS" starttime="20230529 03:54:35.979" endtime="20230529 03:54:35.980"/>
</kw>
<kw name="Sleep" library="BuiltIn">
<arg>10</arg>
<doc>Pauses the test executed for the given time.</doc>
<msg timestamp="20230529 03:54:45.982" level="INFO">Slept 10 seconds</msg>
<status status="PASS" starttime="20230529 03:54:35.980" endtime="20230529 03:54:45.983"/>
</kw>
<kw name="Set Screenshot Folder" library="ImageHorizonLibrary">
<arg>${OUTPUT DIR}</arg>
<doc>Sets the folder where screenshots are saved to.</doc>
<status status="PASS" starttime="20230529 03:54:45.983" endtime="20230529 03:54:45.984"/>
</kw>
<kw name="Take A Screenshot" library="ImageHorizonLibrary">
<doc>Takes a screenshot of the screen.</doc>
<msg timestamp="20230529 03:54:45.984" level="INFO" html="true">Screenshot taken: /Users/runner/work/rfswarm/rfswarm/Tests/Regression/Manager/Logs/macos-latest_3.7/Manager.GUIBasic-screenshot-1.png&lt;br/&gt;&lt;img src="/Users/runner/work/rfswarm/rfswarm/Tests/Regression/Manager/Logs/macos-latest_3.7/Manager.GUIBasic-screenshot-1.png" width="100%" /&gt;</msg>
<msg timestamp="20230529 03:54:45.985" level="FAIL">TypeError: '&lt;' not supported between instances of 'str' and 'int'</msg>
<status status="FAIL" starttime="20230529 03:54:45.984" endtime="20230529 03:54:45.986"/>
</kw>
<tag>macos-latest</tag>
<status status="FAIL" starttime="20230529 03:54:35.479" endtime="20230529 03:54:45.987">TypeError: '&lt;' not supported between instances of 'str' and 'int'</status>
</test>
<test id="s1-s2-t2" name="Select Run Tab" line="44">
<kw name="Click Tab">
<arg>Run</arg>
<kw name="Convert To Lower Case" library="String">
<var>${tabnamel}</var>
<arg>${tabname}</arg>
<doc>Converts string to lower case.</doc>
<msg timestamp="20230529 03:54:45.989" level="INFO">${tabnamel} = run</msg>
<status status="PASS" starttime="20230529 03:54:45.989" endtime="20230529 03:54:45.989"/>
</kw>
<kw name="Set Variable" library="BuiltIn">
<var>${img}</var>
<arg>manager_${platform}_tab_${tabnamel}.png</arg>
<doc>Returns the given values which can then be assigned to a variables.</doc>
<msg timestamp="20230529 03:54:45.990" level="INFO">${img} = manager_macos_tab_run.png</msg>
<status status="PASS" starttime="20230529 03:54:45.990" endtime="20230529 03:54:45.990"/>
</kw>
<kw name="Log" library="BuiltIn">
<arg>/Users/runner/work/rfswarm/rfswarm/Tests/Regression/Manager</arg>
<doc>Logs the given message with the given level.</doc>
<msg timestamp="20230529 03:54:45.990" level="INFO">/Users/runner/work/rfswarm/rfswarm/Tests/Regression/Manager</msg>
<status status="PASS" starttime="20230529 03:54:45.990" endtime="20230529 03:54:45.990"/>
</kw>
<kw name="Log" library="BuiltIn">
<arg>${IMAGE_DIR}</arg>
<doc>Logs the given message with the given level.</doc>
<msg timestamp="20230529 03:54:45.991" level="INFO">/Users/runner/work/rfswarm/rfswarm/Tests/Regression/Manager/Images/file_method</msg>
<status status="PASS" starttime="20230529 03:54:45.991" endtime="20230529 03:54:45.991"/>
</kw>
<kw name="Wait For" library="ImageHorizonLibrary">
<arg>${img}</arg>
<arg>timeout=300</arg>
<doc>Tries to locate given image from the screen for given time.</doc>
<msg timestamp="20230529 03:54:45.992" level="FAIL">TypeError: '&lt;' not supported between instances of 'str' and 'int'</msg>
<status status="FAIL" starttime="20230529 03:54:45.991" endtime="20230529 03:54:45.993"/>
</kw>
<kw name="Locate" library="ImageHorizonLibrary">
<var>@{coordinates}</var>
<arg>${img}</arg>
<doc>Locate image on screen.</doc>
<status status="NOT RUN" starttime="20230529 03:54:45.993" endtime="20230529 03:54:45.993"/>
</kw>
<kw name="Click Image" library="ImageHorizonLibrary">
<arg>${img}</arg>
<doc>Finds the reference image on screen and clicks it once.</doc>
<status status="NOT RUN" starttime="20230529 03:54:45.993" endtime="20230529 03:54:45.993"/>
</kw>
<kw name="Sleep" library="BuiltIn">
<arg>0.1</arg>
<doc>Pauses the test executed for the given time.</doc>
<status status="NOT RUN" starttime="20230529 03:54:45.993" endtime="20230529 03:54:45.994"/>
</kw>
<kw name="Take A Screenshot" library="ImageHorizonLibrary">
<doc>Takes a screenshot of the screen.</doc>
<status status="NOT RUN" starttime="20230529 03:54:45.994" endtime="20230529 03:54:45.994"/>
</kw>
<status status="FAIL" starttime="20230529 03:54:45.988" endtime="20230529 03:54:45.994"/>
</kw>
<kw name="Sleep" library="BuiltIn">
<arg>5</arg>
<doc>Pauses the test executed for the given time.</doc>
<status status="NOT RUN" starttime="20230529 03:54:45.994" endtime="20230529 03:54:45.994"/>
</kw>
<tag>macos-latest</tag>
<tag>ubuntu-latest</tag>
<tag>windows-latest</tag>
<status status="FAIL" starttime="20230529 03:54:45.987" endtime="20230529 03:54:45.994">TypeError: '&lt;' not supported between instances of 'str' and 'int'</status>
</test>
<test id="s1-s2-t3" name="Select Agents Tab" line="49">
<kw name="Click Tab">
<arg>Agents</arg>
<kw name="Convert To Lower Case" library="String">
<var>${tabnamel}</var>
<arg>${tabname}</arg>
<doc>Converts string to lower case.</doc>
<msg timestamp="20230529 03:54:45.996" level="INFO">${tabnamel} = agents</msg>
<status status="PASS" starttime="20230529 03:54:45.996" endtime="20230529 03:54:45.996"/>
</kw>
<kw name="Set Variable" library="BuiltIn">
<var>${img}</var>
<arg>manager_${platform}_tab_${tabnamel}.png</arg>
<doc>Returns the given values which can then be assigned to a variables.</doc>
<msg timestamp="20230529 03:54:45.997" level="INFO">${img} = manager_macos_tab_agents.png</msg>
<status status="PASS" starttime="20230529 03:54:45.997" endtime="20230529 03:54:45.997"/>
</kw>
<kw name="Log" library="BuiltIn">
<arg>/Users/runner/work/rfswarm/rfswarm/Tests/Regression/Manager</arg>
<doc>Logs the given message with the given level.</doc>
<msg timestamp="20230529 03:54:45.998" level="INFO">/Users/runner/work/rfswarm/rfswarm/Tests/Regression/Manager</msg>
<status status="PASS" starttime="20230529 03:54:45.997" endtime="20230529 03:54:45.998"/>
</kw>
<kw name="Log" library="BuiltIn">
<arg>${IMAGE_DIR}</arg>
<doc>Logs the given message with the given level.</doc>
<msg timestamp="20230529 03:54:45.998" level="INFO">/Users/runner/work/rfswarm/rfswarm/Tests/Regression/Manager/Images/file_method</msg>
<status status="PASS" starttime="20230529 03:54:45.998" endtime="20230529 03:54:45.998"/>
</kw>
<kw name="Wait For" library="ImageHorizonLibrary">
<arg>${img}</arg>
<arg>timeout=300</arg>
<doc>Tries to locate given image from the screen for given time.</doc>
<msg timestamp="20230529 03:54:45.999" level="FAIL">TypeError: '&lt;' not supported between instances of 'str' and 'int'</msg>
<status status="FAIL" starttime="20230529 03:54:45.998" endtime="20230529 03:54:45.999"/>
</kw>
<kw name="Locate" library="ImageHorizonLibrary">
<var>@{coordinates}</var>
<arg>${img}</arg>
<doc>Locate image on screen.</doc>
<status status="NOT RUN" starttime="20230529 03:54:45.999" endtime="20230529 03:54:45.999"/>
</kw>
<kw name="Click Image" library="ImageHorizonLibrary">
<arg>${img}</arg>
<doc>Finds the reference image on screen and clicks it once.</doc>
<status status="NOT RUN" starttime="20230529 03:54:45.999" endtime="20230529 03:54:45.999"/>
</kw>
<kw name="Sleep" library="BuiltIn">
<arg>0.1</arg>
<doc>Pauses the test executed for the given time.</doc>
<status status="NOT RUN" starttime="20230529 03:54:46.000" endtime="20230529 03:54:46.000"/>
</kw>
<kw name="Take A Screenshot" library="ImageHorizonLibrary">
<doc>Takes a screenshot of the screen.</doc>
<status status="NOT RUN" starttime="20230529 03:54:46.000" endtime="20230529 03:54:46.000"/>
</kw>
<status status="FAIL" starttime="20230529 03:54:45.995" endtime="20230529 03:54:46.000"/>
</kw>
<kw name="Sleep" library="BuiltIn">
<arg>5</arg>
<doc>Pauses the test executed for the given time.</doc>
<status status="NOT RUN" starttime="20230529 03:54:46.000" endtime="20230529 03:54:46.000"/>
</kw>
<tag>macos-latest</tag>
<tag>ubuntu-latest</tag>
<tag>windows-latest</tag>
<status status="FAIL" starttime="20230529 03:54:45.995" endtime="20230529 03:54:46.001">TypeError: '&lt;' not supported between instances of 'str' and 'int'</status>
</test>
<test id="s1-s2-t4" name="Select About Tab" line="54">
<kw name="Click Tab">
<arg>About</arg>
<kw name="Convert To Lower Case" library="String">
<var>${tabnamel}</var>
<arg>${tabname}</arg>
<doc>Converts string to lower case.</doc>
<msg timestamp="20230529 03:54:46.003" level="INFO">${tabnamel} = about</msg>
<status status="PASS" starttime="20230529 03:54:46.002" endtime="20230529 03:54:46.003"/>
</kw>
<kw name="Set Variable" library="BuiltIn">
<var>${img}</var>
<arg>manager_${platform}_tab_${tabnamel}.png</arg>
<doc>Returns the given values which can then be assigned to a variables.</doc>
<msg timestamp="20230529 03:54:46.003" level="INFO">${img} = manager_macos_tab_about.png</msg>
<status status="PASS" starttime="20230529 03:54:46.003" endtime="20230529 03:54:46.003"/>
</kw>
<kw name="Log" library="BuiltIn">
<arg>/Users/runner/work/rfswarm/rfswarm/Tests/Regression/Manager</arg>
<doc>Logs the given message with the given level.</doc>
<msg timestamp="20230529 03:54:46.004" level="INFO">/Users/runner/work/rfswarm/rfswarm/Tests/Regression/Manager</msg>
<status status="PASS" starttime="20230529 03:54:46.004" endtime="20230529 03:54:46.004"/>
</kw>
<kw name="Log" library="BuiltIn">
<arg>${IMAGE_DIR}</arg>
<doc>Logs the given message with the given level.</doc>
<msg timestamp="20230529 03:54:46.005" level="INFO">/Users/runner/work/rfswarm/rfswarm/Tests/Regression/Manager/Images/file_method</msg>
<status status="PASS" starttime="20230529 03:54:46.004" endtime="20230529 03:54:46.005"/>
</kw>
<kw name="Wait For" library="ImageHorizonLibrary">
<arg>${img}</arg>
<arg>timeout=300</arg>
<doc>Tries to locate given image from the screen for given time.</doc>
<msg timestamp="20230529 03:54:46.006" level="FAIL">TypeError: '&lt;' not supported between instances of 'str' and 'int'</msg>
<status status="FAIL" starttime="20230529 03:54:46.005" endtime="20230529 03:54:46.006"/>
</kw>
<kw name="Locate" library="ImageHorizonLibrary">
<var>@{coordinates}</var>
<arg>${img}</arg>
<doc>Locate image on screen.</doc>
<status status="NOT RUN" starttime="20230529 03:54:46.007" endtime="20230529 03:54:46.007"/>
</kw>
<kw name="Click Image" library="ImageHorizonLibrary">
<arg>${img}</arg>
<doc>Finds the reference image on screen and clicks it once.</doc>
<status status="NOT RUN" starttime="20230529 03:54:46.007" endtime="20230529 03:54:46.007"/>
</kw>
<kw name="Sleep" library="BuiltIn">
<arg>0.1</arg>
<doc>Pauses the test executed for the given time.</doc>
<status status="NOT RUN" starttime="20230529 03:54:46.007" endtime="20230529 03:54:46.007"/>
</kw>
<kw name="Take A Screenshot" library="ImageHorizonLibrary">
<doc>Takes a screenshot of the screen.</doc>
<status status="NOT RUN" starttime="20230529 03:54:46.007" endtime="20230529 03:54:46.007"/>
</kw>
<status status="FAIL" starttime="20230529 03:54:46.002" endtime="20230529 03:54:46.008"/>
</kw>
<kw name="Sleep" library="BuiltIn">
<arg>5</arg>
<doc>Pauses the test executed for the given time.</doc>
<status status="NOT RUN" starttime="20230529 03:54:46.008" endtime="20230529 03:54:46.008"/>
</kw>
<tag>macos-latest</tag>
<tag>ubuntu-latest</tag>
<tag>windows-latest</tag>
<status status="FAIL" starttime="20230529 03:54:46.001" endtime="20230529 03:54:46.008">TypeError: '&lt;' not supported between instances of 'str' and 'int'</status>
</test>
<test id="s1-s2-t5" name="Select Plan Tab" line="59">
<kw name="Click Tab">
<arg>Plan</arg>
<kw name="Convert To Lower Case" library="String">
<var>${tabnamel}</var>
<arg>${tabname}</arg>
<doc>Converts string to lower case.</doc>
<msg timestamp="20230529 03:54:46.010" level="INFO">${tabnamel} = plan</msg>
<status status="PASS" starttime="20230529 03:54:46.010" endtime="20230529 03:54:46.010"/>
</kw>
<kw name="Set Variable" library="BuiltIn">
<var>${img}</var>
<arg>manager_${platform}_tab_${tabnamel}.png</arg>
<doc>Returns the given values which can then be assigned to a variables.</doc>
<msg timestamp="20230529 03:54:46.011" level="INFO">${img} = manager_macos_tab_plan.png</msg>
<status status="PASS" starttime="20230529 03:54:46.010" endtime="20230529 03:54:46.011"/>
</kw>
<kw name="Log" library="BuiltIn">
<arg>/Users/runner/work/rfswarm/rfswarm/Tests/Regression/Manager</arg>
<doc>Logs the given message with the given level.</doc>
<msg timestamp="20230529 03:54:46.011" level="INFO">/Users/runner/work/rfswarm/rfswarm/Tests/Regression/Manager</msg>
<status status="PASS" starttime="20230529 03:54:46.011" endtime="20230529 03:54:46.011"/>
</kw>
<kw name="Log" library="BuiltIn">
<arg>${IMAGE_DIR}</arg>
<doc>Logs the given message with the given level.</doc>
<msg timestamp="20230529 03:54:46.012" level="INFO">/Users/runner/work/rfswarm/rfswarm/Tests/Regression/Manager/Images/file_method</msg>
<status status="PASS" starttime="20230529 03:54:46.011" endtime="20230529 03:54:46.012"/>
</kw>
<kw name="Wait For" library="ImageHorizonLibrary">
<arg>${img}</arg>
<arg>timeout=300</arg>
<doc>Tries to locate given image from the screen for given time.</doc>
<msg timestamp="20230529 03:54:46.012" level="FAIL">TypeError: '&lt;' not supported between instances of 'str' and 'int'</msg>
<status status="FAIL" starttime="20230529 03:54:46.012" endtime="20230529 03:54:46.013"/>
</kw>
<kw name="Locate" library="ImageHorizonLibrary">
<var>@{coordinates}</var>
<arg>${img}</arg>
<doc>Locate image on screen.</doc>
<status status="NOT RUN" starttime="20230529 03:54:46.013" endtime="20230529 03:54:46.013"/>
</kw>
<kw name="Click Image" library="ImageHorizonLibrary">
<arg>${img}</arg>
<doc>Finds the reference image on screen and clicks it once.</doc>
<status status="NOT RUN" starttime="20230529 03:54:46.013" endtime="20230529 03:54:46.013"/>
</kw>
<kw name="Sleep" library="BuiltIn">
<arg>0.1</arg>
<doc>Pauses the test executed for the given time.</doc>
<status status="NOT RUN" starttime="20230529 03:54:46.013" endtime="20230529 03:54:46.013"/>
</kw>
<kw name="Take A Screenshot" library="ImageHorizonLibrary">
<doc>Takes a screenshot of the screen.</doc>
<status status="NOT RUN" starttime="20230529 03:54:46.013" endtime="20230529 03:54:46.013"/>
</kw>
<status status="FAIL" starttime="20230529 03:54:46.009" endtime="20230529 03:54:46.014"/>
</kw>
<kw name="Sleep" library="BuiltIn">
<arg>5</arg>
<doc>Pauses the test executed for the given time.</doc>
<status status="NOT RUN" starttime="20230529 03:54:46.014" endtime="20230529 03:54:46.014"/>
</kw>
<tag>macos-latest</tag>
<tag>ubuntu-latest</tag>
<tag>windows-latest</tag>
<status status="FAIL" starttime="20230529 03:54:46.009" endtime="20230529 03:54:46.014">TypeError: '&lt;' not supported between instances of 'str' and 'int'</status>
</test>
<test id="s1-s2-t6" name="Close GUI" line="78">
<kw name="Click Image" library="ImageHorizonLibrary">
<arg>manager_${platform}_button_closewindow.png</arg>
<doc>Finds the reference image on screen and clicks it once.</doc>
<msg timestamp="20230529 03:54:46.015" level="FAIL">TypeError: '&lt;' not supported between instances of 'str' and 'int'</msg>
<status status="FAIL" starttime="20230529 03:54:46.015" endtime="20230529 03:54:46.016"/>
</kw>
<kw name="Take A Screenshot" library="ImageHorizonLibrary">
<doc>Takes a screenshot of the screen.</doc>
<status status="NOT RUN" starttime="20230529 03:54:46.016" endtime="20230529 03:54:46.016"/>
</kw>
<kw name="Wait For Process" library="Process">
<var>${result}</var>
<arg>${process}</arg>
<arg>timeout=60</arg>
<doc>Waits for the process to complete or to reach the given timeout.</doc>
<status status="NOT RUN" starttime="20230529 03:54:46.016" endtime="20230529 03:54:46.016"/>
</kw>
<kw name="Is Process Running" library="Process">
<var>${running}</var>
<arg>${process}</arg>
<doc>Checks is the process running or not.</doc>
<status status="NOT RUN" starttime="20230529 03:54:46.016" endtime="20230529 03:54:46.016"/>
</kw>
<if>
<branch type="IF" condition="not ${running}">
<kw name="Should Be Equal As Integers" library="BuiltIn">
<arg>${result.rc}</arg>
<arg>0</arg>
<doc>Fails if objects are unequal after converting them to integers.</doc>
<status status="NOT RUN" starttime="20230529 03:54:46.017" endtime="20230529 03:54:46.017"/>
</kw>
<status status="NOT RUN" starttime="20230529 03:54:46.017" endtime="20230529 03:54:46.017"/>
</branch>
<branch type="ELSE">
<kw name="Take A Screenshot" library="ImageHorizonLibrary">
<doc>Takes a screenshot of the screen.</doc>
<status status="NOT RUN" starttime="20230529 03:54:46.017" endtime="20230529 03:54:46.017"/>
</kw>
<kw name="Terminate Process" library="Process">
<var>${result}</var>
<arg>${process}</arg>
<doc>Stops the process gracefully or forcefully.</doc>
<status status="NOT RUN" starttime="20230529 03:54:46.017" endtime="20230529 03:54:46.017"/>
</kw>
<kw name="Fail" library="BuiltIn">
<doc>Fails the test with the given message and optionally alters its tags.</doc>
<status status="NOT RUN" starttime="20230529 03:54:46.018" endtime="20230529 03:54:46.018"/>
</kw>
<status status="NOT RUN" starttime="20230529 03:54:46.017" endtime="20230529 03:54:46.018"/>
</branch>
<status status="NOT RUN" starttime="20230529 03:54:46.017" endtime="20230529 03:54:46.018"/>
</if>
<tag>macos-latest</tag>
<status status="FAIL" starttime="20230529 03:54:46.014" endtime="20230529 03:54:46.018">TypeError: '&lt;' not supported between instances of 'str' and 'int'</status>
</test>
<status status="FAIL" starttime="20230529 03:54:24.780" endtime="20230529 03:54:46.019"/>
</suite>
<status status="FAIL" starttime="20230529 03:53:41.833" endtime="20230529 03:54:46.020"/>
</suite>
<statistics>
<total>
<stat pass="3" fail="6" skip="0">All Tests</stat>
</total>
<tag>
<stat pass="3" fail="6" skip="0">macos-latest</stat>
<stat pass="3" fail="4" skip="0">ubuntu-latest</stat>
<stat pass="3" fail="4" skip="0">windows-latest</stat>
</tag>
<suite>
<stat pass="3" fail="6" skip="0" id="s1" name="Manager">Manager</stat>
<stat pass="3" fail="0" skip="0" id="s1-s1" name="CommandLine">Manager.CommandLine</stat>
<stat pass="0" fail="6" skip="0" id="s1-s2" name="GUI Basic">Manager.GUI Basic</stat>
</suite>
</statistics>
<errors>
</errors>
</robot>
