<?xml version="1.0" encoding="UTF-8"?>
<robot generator="Robot 4.1.3 (Python 3.7.12 on darwin)" generated="20220222 06:51:15.988" rpa="false" schemaversion="2">
<suite id="s1" name="Manager" source="/Users/runner/work/rfswarm/rfswarm/Tests/Regression/Manager">
<suite id="s1-s1" name="CommandLine" source="/Users/runner/work/rfswarm/rfswarm/Tests/Regression/Manager/CommandLine.robot">
<kw name="Clean Up Old Files" type="SETUP">
<tag>macos-latest</tag>
<tag>ubuntu-latest</tag>
<tag>windows-latest</tag>
<kw name="Log To Console" library="BuiltIn">
<arg>${OUTPUT DIR}</arg>
<doc>Logs the given message to the console.</doc>
<status status="PASS" starttime="20220222 06:51:16.035" endtime="20220222 06:51:16.036"/>
</kw>
<kw name="Remove File" library="OperatingSystem">
<arg>${OUTPUT DIR}${/}*.txt</arg>
<doc>Removes a file with the given path.</doc>
<msg timestamp="20220222 06:51:16.037" level="INFO" html="true">Removed file '&lt;a href="file:///Users/runner/work/rfswarm/rfswarm/Tests/Regression/Manager/Logs/macos-latest_3.7/Sikuli_java_stdout_1645423847.0618958.txt"&gt;/Users/runner/work/rfswarm/rfswarm/Tests/Regression/Manager/Logs/macos-latest_3.7/Sikuli_java_stdout_1645423847.0618958.txt&lt;/a&gt;'.</msg>
<msg timestamp="20220222 06:51:16.037" level="INFO" html="true">Removed file '&lt;a href="file:///Users/runner/work/rfswarm/rfswarm/Tests/Regression/Manager/Logs/macos-latest_3.7/stdout.txt"&gt;/Users/runner/work/rfswarm/rfswarm/Tests/Regression/Manager/Logs/macos-latest_3.7/stdout.txt&lt;/a&gt;'.</msg>
<msg timestamp="20220222 06:51:16.037" level="INFO" html="true">Removed file '&lt;a href="file:///Users/runner/work/rfswarm/rfswarm/Tests/Regression/Manager/Logs/macos-latest_3.7/Sikuli_java_stderr_1645494147.897595.txt"&gt;/Users/runner/work/rfswarm/rfswarm/Tests/Regression/Manager/Logs/macos-latest_3.7/Sikuli_java_stderr_1645494147.897595.txt&lt;/a&gt;'.</msg>
<msg timestamp="20220222 06:51:16.037" level="INFO" html="true">Removed file '&lt;a href="file:///Users/runner/work/rfswarm/rfswarm/Tests/Regression/Manager/Logs/macos-latest_3.7/Sikuli_java_stdout_1645494147.897377.txt"&gt;/Users/runner/work/rfswarm/rfswarm/Tests/Regression/Manager/Logs/macos-latest_3.7/Sikuli_java_stdout_1645494147.897377.txt&lt;/a&gt;'.</msg>
<msg timestamp="20220222 06:51:16.038" level="INFO" html="true">Removed file '&lt;a href="file:///Users/runner/work/rfswarm/rfswarm/Tests/Regression/Manager/Logs/macos-latest_3.7/Sikuli_java_stderr_1645426515.1445591.txt"&gt;/Users/runner/work/rfswarm/rfswarm/Tests/Regression/Manager/Logs/macos-latest_3.7/Sikuli_java_stderr_1645426515.1445591.txt&lt;/a&gt;'.</msg>
<msg timestamp="20220222 06:51:16.038" level="INFO" html="true">Removed file '&lt;a href="file:///Users/runner/work/rfswarm/rfswarm/Tests/Regression/Manager/Logs/macos-latest_3.7/Sikuli_java_stderr_1645511863.1799512.txt"&gt;/Users/runner/work/rfswarm/rfswarm/Tests/Regression/Manager/Logs/macos-latest_3.7/Sikuli_java_stderr_1645511863.1799512.txt&lt;/a&gt;'.</msg>
<msg timestamp="20220222 06:51:16.038" level="INFO" html="true">Removed file '&lt;a href="file:///Users/runner/work/rfswarm/rfswarm/Tests/Regression/Manager/Logs/macos-latest_3.7/stderr.txt"&gt;/Users/runner/work/rfswarm/rfswarm/Tests/Regression/Manager/Logs/macos-latest_3.7/stderr.txt&lt;/a&gt;'.</msg>
<msg timestamp="20220222 06:51:16.038" level="INFO" html="true">Removed file '&lt;a href="file:///Users/runner/work/rfswarm/rfswarm/Tests/Regression/Manager/Logs/macos-latest_3.7/Sikuli_java_stdout_1645426515.144307.txt"&gt;/Users/runner/work/rfswarm/rfswarm/Tests/Regression/Manager/Logs/macos-latest_3.7/Sikuli_java_stdout_1645426515.144307.txt&lt;/a&gt;'.</msg>
<msg timestamp="20220222 06:51:16.038" level="INFO" html="true">Removed file '&lt;a href="file:///Users/runner/work/rfswarm/rfswarm/Tests/Regression/Manager/Logs/macos-latest_3.7/Sikuli_java_stderr_1645423847.062117.txt"&gt;/Users/runner/work/rfswarm/rfswarm/Tests/Regression/Manager/Logs/macos-latest_3.7/Sikuli_java_stderr_1645423847.062117.txt&lt;/a&gt;'.</msg>
<msg timestamp="20220222 06:51:16.039" level="INFO" html="true">Removed file '&lt;a href="file:///Users/runner/work/rfswarm/rfswarm/Tests/Regression/Manager/Logs/macos-latest_3.7/Sikuli_java_stdout_1645511863.179723.txt"&gt;/Users/runner/work/rfswarm/rfswarm/Tests/Regression/Manager/Logs/macos-latest_3.7/Sikuli_java_stdout_1645511863.179723.txt&lt;/a&gt;'.</msg>
<status status="PASS" starttime="20220222 06:51:16.036" endtime="20220222 06:51:16.039"/>
</kw>
<kw name="Remove File" library="OperatingSystem">
<arg>${OUTPUT DIR}${/}sikuli_captured${/}*.*</arg>
<doc>Removes a file with the given path.</doc>
<msg timestamp="20220222 06:51:16.040" level="INFO" html="true">Removed file '&lt;a href="file:///Users/runner/work/rfswarm/rfswarm/Tests/Regression/Manager/Logs/macos-latest_3.7/sikuli_captured/sikuliximage-1645511929446.png"&gt;/Users/runner/work/rfswarm/rfswarm/Tests/Regression/Manager/Logs/macos-latest_3.7/sikuli_captured/sikuliximage-1645511929446.png&lt;/a&gt;'.</msg>
<msg timestamp="20220222 06:51:16.040" level="INFO" html="true">Removed file '&lt;a href="file:///Users/runner/work/rfswarm/rfswarm/Tests/Regression/Manager/Logs/macos-latest_3.7/sikuli_captured/sikuliximage-1645512002003.png"&gt;/Users/runner/work/rfswarm/rfswarm/Tests/Regression/Manager/Logs/macos-latest_3.7/sikuli_captured/sikuliximage-1645512002003.png&lt;/a&gt;'.</msg>
<status status="PASS" starttime="20220222 06:51:16.039" endtime="20220222 06:51:16.040"/>
</kw>
<status status="PASS" starttime="20220222 06:51:16.034" endtime="20220222 06:51:16.040"/>
</kw>
<test id="s1-s1-t1" name="Random Offset">
<kw name="Evaluate" library="BuiltIn">
<var>${random}</var>
<arg>random.randint(0, 60)</arg>
<doc>Evaluates the given expression in Python and returns the result.</doc>
<msg timestamp="20220222 06:51:16.042" level="INFO">${random} = 38</msg>
<status status="PASS" starttime="20220222 06:51:16.042" endtime="20220222 06:51:16.042"/>
</kw>
<kw name="Sleep" library="BuiltIn">
<arg>${random}</arg>
<doc>Pauses the test executed for the given time.</doc>
<msg timestamp="20220222 06:51:54.083" level="INFO">Slept 38 seconds</msg>
<status status="PASS" starttime="20220222 06:51:16.042" endtime="20220222 06:51:54.084"/>
</kw>
<doc>This just prevents all the test runners doing git push at the same time</doc>
<tag>macos-latest</tag>
<tag>ubuntu-latest</tag>
<tag>windows-latest</tag>
<status status="PASS" starttime="20220222 06:51:16.041" endtime="20220222 06:51:54.084"/>
</test>
<test id="s1-s1-t2" name="Manager Version">
<kw name="Run" library="OperatingSystem">
<var>${result}</var>
<arg>python3 ${EXECDIR}${/}rfswarm_manager${/}rfswarm.py -v</arg>
<doc>Runs the given command in the system and returns the output.</doc>
<msg timestamp="20220222 06:51:54.095" level="INFO">Running command 'python3 /Users/runner/work/rfswarm/rfswarm/rfswarm_manager/rfswarm.py -v 2&gt;&amp;1'.</msg>
<msg timestamp="20220222 06:52:06.577" level="INFO">${result} = Unable to revert mtime: /Library/Fonts
Robot Framework Swarm: Manager 
	Version 1.1.0 </msg>
<status status="PASS" starttime="20220222 06:51:54.085" endtime="20220222 06:52:06.577"/>
</kw>
<kw name="Log To Console" library="BuiltIn">
<arg>${\n}${result}</arg>
<doc>Logs the given message to the console.</doc>
<status status="PASS" starttime="20220222 06:52:06.578" endtime="20220222 06:52:06.578"/>
</kw>
<kw name="Should Contain" library="BuiltIn">
<arg>${result}</arg>
<arg>Version</arg>
<doc>Fails if ``container`` does not contain ``item`` one or more times.</doc>
<status status="PASS" starttime="20220222 06:52:06.578" endtime="20220222 06:52:06.579"/>
</kw>
<kw name="Should Contain" library="BuiltIn">
<arg>${result}</arg>
<arg>Manager</arg>
<doc>Fails if ``container`` does not contain ``item`` one or more times.</doc>
<status status="PASS" starttime="20220222 06:52:06.579" endtime="20220222 06:52:06.579"/>
</kw>
<tag>macos-latest</tag>
<tag>ubuntu-latest</tag>
<tag>windows-latest</tag>
<status status="PASS" starttime="20220222 06:51:54.084" endtime="20220222 06:52:06.579"/>
</test>
<test id="s1-s1-t3" name="Manager Help">
<kw name="Run" library="OperatingSystem">
<var>${result}</var>
<arg>python3 ${EXECDIR}${/}rfswarm_manager${/}rfswarm.py -h</arg>
<doc>Runs the given command in the system and returns the output.</doc>
<msg timestamp="20220222 06:52:06.585" level="INFO">Running command 'python3 /Users/runner/work/rfswarm/rfswarm/rfswarm_manager/rfswarm.py -h 2&gt;&amp;1'.</msg>
<msg timestamp="20220222 06:52:08.161" level="INFO">${result} = Robot Framework Swarm: Manager 
	Version 1.1.0 
usage: rfswarm.py [-h] [-g DEBUG] [-v] [-i INI] [-s SCENARIO] [-r] [-a AGENTS]
                  [-n] [-t STARTTIME] [-d DIR] [-e IPADDRESS] [-p PORT]

...</msg>
<status status="PASS" starttime="20220222 06:52:06.580" endtime="20220222 06:52:08.161"/>
</kw>
<kw name="Log To Console" library="BuiltIn">
<arg>${\n}${result}</arg>
<doc>Logs the given message to the console.</doc>
<status status="PASS" starttime="20220222 06:52:08.161" endtime="20220222 06:52:08.162"/>
</kw>
<kw name="Should Contain" library="BuiltIn">
<arg>${result}</arg>
<arg>IPADDRESS</arg>
<doc>Fails if ``container`` does not contain ``item`` one or more times.</doc>
<status status="PASS" starttime="20220222 06:52:08.162" endtime="20220222 06:52:08.162"/>
</kw>
<tag>macos-latest</tag>
<tag>ubuntu-latest</tag>
<tag>windows-latest</tag>
<status status="PASS" starttime="20220222 06:52:06.580" endtime="20220222 06:52:08.163"/>
</test>
<status status="PASS" starttime="20220222 06:51:16.021" endtime="20220222 06:52:08.165"/>
</suite>
<suite id="s1-s2" name="GUI Basic" source="/Users/runner/work/rfswarm/rfswarm/Tests/Regression/Manager/GUI_Basic.robot">
<kw name="Sikili Setup" type="SETUP">
<kw name="Add Image Path" library="SikuliLibrary">
<arg>${IMAGE_DIR}</arg>
<doc>Add image path</doc>
<status status="PASS" starttime="20220222 06:52:14.155" endtime="20220222 06:52:14.188"/>
</kw>
<status status="PASS" starttime="20220222 06:52:14.155" endtime="20220222 06:52:14.188"/>
</kw>
<test id="s1-s2-t1" name="GUI Runs and Closes">
<kw name="Start Process" library="Process">
<arg>python3</arg>
<arg>${EXECDIR}${/}rfswarm_manager${/}rfswarm.py</arg>
<arg>-g</arg>
<arg>5</arg>
<arg>alias=Manager</arg>
<arg>stdout=${OUTPUT DIR}${/}stdout.txt</arg>
<arg>stderr=${OUTPUT DIR}${/}stderr.txt</arg>
<doc>Starts a new process on background.</doc>
<msg timestamp="20220222 06:52:14.190" level="INFO">Starting process:
python3 /Users/runner/work/rfswarm/rfswarm/rfswarm_manager/rfswarm.py -g 5</msg>
<status status="PASS" starttime="20220222 06:52:14.189" endtime="20220222 06:52:14.195"/>
</kw>
<kw name="Sleep" library="BuiltIn">
<arg>60</arg>
<doc>Pauses the test executed for the given time.</doc>
<msg timestamp="20220222 06:53:14.240" level="INFO">Slept 1 minute</msg>
<status status="PASS" starttime="20220222 06:52:14.196" endtime="20220222 06:53:14.240"/>
</kw>
<kw name="Capture Screen" library="SikuliLibrary">
<doc>Capture whole screen, file name is returned</doc>
<msg timestamp="20220222 06:53:15.462" level="INFO" html="true">&lt;img src='sikuli_captured/sikuliximage-1645512794949.png'/&gt;</msg>
<status status="PASS" starttime="20220222 06:53:14.240" endtime="20220222 06:53:15.462"/>
</kw>
<kw name="Wait Until Screen Contain" library="SikuliLibrary">
<arg>rfwasrm_mac_Window_Controls.png</arg>
<arg>60</arg>
<doc>Wait until screen contain
 Wait until image shown in screen</doc>
<msg timestamp="20220222 06:54:17.716" level="INFO" html="true">&lt;img src='sikuli_captured/sikuliximage-1645512857317.png'/&gt;</msg>
<msg timestamp="20220222 06:54:17.717" level="FAIL">com.github.rainmanwy.robotframework.sikulilib.exceptions.TimeoutException: Timeout happened, could not find P(rfwasrm_mac_Window_Controls.png) S: 0.699999988079071</msg>
<status status="FAIL" starttime="20220222 06:53:15.462" endtime="20220222 06:54:17.717"/>
</kw>
<kw name="Make rfswarm Active">
<status status="NOT RUN" starttime="20220222 06:54:17.717" endtime="20220222 06:54:17.717"/>
</kw>
<kw name="Type With Modifiers" library="SikuliLibrary">
<arg>q</arg>
<arg>CMD</arg>
<doc>Type with modifiers</doc>
<status status="NOT RUN" starttime="20220222 06:54:17.717" endtime="20220222 06:54:17.717"/>
</kw>
<kw name="Wait For Process" library="Process">
<var>${result}</var>
<arg>Manager</arg>
<doc>Waits for the process to complete or to reach the given timeout.</doc>
<status status="NOT RUN" starttime="20220222 06:54:17.718" endtime="20220222 06:54:17.718"/>
</kw>
<kw name="Should Be Equal As Integers" library="BuiltIn">
<arg>${result.rc}</arg>
<arg>0</arg>
<doc>Fails if objects are unequal after converting them to integers.</doc>
<status status="NOT RUN" starttime="20220222 06:54:17.718" endtime="20220222 06:54:17.718"/>
</kw>
<tag>macos-latest</tag>
<status status="FAIL" starttime="20220222 06:52:14.188" endtime="20220222 06:54:17.718">com.github.rainmanwy.robotframework.sikulilib.exceptions.TimeoutException: Timeout happened, could not find P(rfwasrm_mac_Window_Controls.png) S: 0.699999988079071</status>
</test>
<kw name="Sikili Teardown" type="TEARDOWN">
<kw name="Is Process Running" library="Process">
<var>${running}</var>
<arg>Manager</arg>
<doc>Checks is the process running or not.</doc>
<msg timestamp="20220222 06:54:17.720" level="INFO">${running} = True</msg>
<status status="PASS" starttime="20220222 06:54:17.719" endtime="20220222 06:54:17.720"/>
</kw>
<if>
<branch type="IF" condition="${running}">
<kw name="Terminate Process" library="Process">
<var>${result}</var>
<arg>Manager</arg>
<doc>Stops the process gracefully or forcefully.</doc>
<msg timestamp="20220222 06:54:17.721" level="INFO">Gracefully terminating process.</msg>
<msg timestamp="20220222 06:54:19.682" level="INFO">Process completed.</msg>
<msg timestamp="20220222 06:54:19.682" level="INFO">${result} = &lt;result object with rc 0&gt;</msg>
<status status="PASS" starttime="20220222 06:54:17.721" endtime="20220222 06:54:19.682"/>
</kw>
<kw name="Log" library="BuiltIn">
<arg>${result}</arg>
<doc>Logs the given message with the given level.</doc>
<msg timestamp="20220222 06:54:19.682" level="INFO">&lt;result object with rc 0&gt;</msg>
<status status="PASS" starttime="20220222 06:54:19.682" endtime="20220222 06:54:19.683"/>
</kw>
<kw name="Get File" library="OperatingSystem">
<var>${stdout}</var>
<arg>${OUTPUT DIR}${/}stdout.txt</arg>
<doc>Returns the contents of a specified file.</doc>
<msg timestamp="20220222 06:54:19.683" level="INFO" html="true">Getting file '&lt;a href="file:///Users/runner/work/rfswarm/rfswarm/Tests/Regression/Manager/Logs/macos-latest_3.7/stdout.txt"&gt;/Users/runner/work/rfswarm/rfswarm/Tests/Regression/Manager/Logs/macos-latest_3.7/stdout.txt&lt;/a&gt;'.</msg>
<msg timestamp="20220222 06:54:19.683" level="INFO">${stdout} = </msg>
<status status="PASS" starttime="20220222 06:54:19.683" endtime="20220222 06:54:19.684"/>
</kw>
<kw name="Log" library="BuiltIn">
<arg>${stdout}</arg>
<doc>Logs the given message with the given level.</doc>
<msg timestamp="20220222 06:54:19.684" level="INFO"/>
<status status="PASS" starttime="20220222 06:54:19.684" endtime="20220222 06:54:19.684"/>
</kw>
<kw name="Get File" library="OperatingSystem">
<var>${stderr}</var>
<arg>${OUTPUT DIR}${/}stderr.txt</arg>
<doc>Returns the contents of a specified file.</doc>
<msg timestamp="20220222 06:54:19.684" level="INFO" html="true">Getting file '&lt;a href="file:///Users/runner/work/rfswarm/rfswarm/Tests/Regression/Manager/Logs/macos-latest_3.7/stderr.txt"&gt;/Users/runner/work/rfswarm/rfswarm/Tests/Regression/Manager/Logs/macos-latest_3.7/stderr.txt&lt;/a&gt;'.</msg>
<msg timestamp="20220222 06:54:19.685" level="INFO">${stderr} = </msg>
<status status="PASS" starttime="20220222 06:54:19.684" endtime="20220222 06:54:19.685"/>
</kw>
<kw name="Log" library="BuiltIn">
<arg>${stderr}</arg>
<doc>Logs the given message with the given level.</doc>
<msg timestamp="20220222 06:54:19.685" level="INFO"/>
<status status="PASS" starttime="20220222 06:54:19.685" endtime="20220222 06:54:19.685"/>
</kw>
<status status="PASS" starttime="20220222 06:54:17.720" endtime="20220222 06:54:19.685"/>
</branch>
<status status="PASS" starttime="20220222 06:54:17.720" endtime="20220222 06:54:19.685"/>
</if>
<status status="PASS" starttime="20220222 06:54:17.719" endtime="20220222 06:54:19.685"/>
</kw>
<status status="FAIL" starttime="20220222 06:52:08.168" endtime="20220222 06:54:19.685"/>
</suite>
<status status="FAIL" starttime="20220222 06:51:15.990" endtime="20220222 06:54:19.687"/>
</suite>
<statistics>
<total>
<stat pass="3" fail="1" skip="0">All Tests</stat>
</total>
<tag>
<stat pass="3" fail="1" skip="0">macos-latest</stat>
<stat pass="3" fail="0" skip="0">ubuntu-latest</stat>
<stat pass="3" fail="0" skip="0">windows-latest</stat>
</tag>
<suite>
<stat pass="3" fail="1" skip="0" id="s1" name="Manager">Manager</stat>
<stat pass="3" fail="0" skip="0" id="s1-s1" name="CommandLine">Manager.CommandLine</stat>
<stat pass="0" fail="1" skip="0" id="s1-s2" name="GUI Basic">Manager.GUI Basic</stat>
</suite>
</statistics>
<errors>
</errors>
</robot>
