<?xml version="1.0" encoding="UTF-8"?>
<robot generator="Robot 6.1.1 (Python 3.7.17 on darwin)" generated="20240215 07:27:08.790" rpa="false" schemaversion="4">
<suite id="s1" name="Manager" source="/Users/runner/work/rfswarm/rfswarm/Tests/Regression/Manager">
<suite id="s1-s1" name="CommandLine" source="/Users/runner/work/rfswarm/rfswarm/Tests/Regression/Manager/CommandLine.robot">
<kw name="Clean Up Old Files" type="SETUP">
<tag>macos-latest</tag>
<tag>ubuntu-latest</tag>
<tag>windows-latest</tag>
<kw name="Log To Console" library="BuiltIn">
<arg>${OUTPUT DIR}</arg>
<doc>Logs the given message to the console.</doc>
<status status="PASS" starttime="20240215 07:27:08.891" endtime="20240215 07:27:08.892"/>
</kw>
<kw name="Remove File" library="OperatingSystem">
<arg>${OUTPUT DIR}${/}*.txt</arg>
<doc>Removes a file with the given path.</doc>
<msg timestamp="20240215 07:27:08.893" level="INFO" html="true">Removed file '&lt;a href="file:///Users/runner/work/rfswarm/rfswarm/Tests/Regression/Manager/Logs/macos-latest_3.7/stdout.txt"&gt;/Users/runner/work/rfswarm/rfswarm/Tests/Regression/Manager/Logs/macos-latest_3.7/stdout.txt&lt;/a&gt;'.</msg>
<msg timestamp="20240215 07:27:08.893" level="INFO" html="true">Removed file '&lt;a href="file:///Users/runner/work/rfswarm/rfswarm/Tests/Regression/Manager/Logs/macos-latest_3.7/stdout_agent.txt"&gt;/Users/runner/work/rfswarm/rfswarm/Tests/Regression/Manager/Logs/macos-latest_3.7/stdout_agent.txt&lt;/a&gt;'.</msg>
<msg timestamp="20240215 07:27:08.893" level="INFO" html="true">Removed file '&lt;a href="file:///Users/runner/work/rfswarm/rfswarm/Tests/Regression/Manager/Logs/macos-latest_3.7/stderr_agent.txt"&gt;/Users/runner/work/rfswarm/rfswarm/Tests/Regression/Manager/Logs/macos-latest_3.7/stderr_agent.txt&lt;/a&gt;'.</msg>
<msg timestamp="20240215 07:27:08.893" level="INFO" html="true">Removed file '&lt;a href="file:///Users/runner/work/rfswarm/rfswarm/Tests/Regression/Manager/Logs/macos-latest_3.7/stdout_manager.txt"&gt;/Users/runner/work/rfswarm/rfswarm/Tests/Regression/Manager/Logs/macos-latest_3.7/stdout_manager.txt&lt;/a&gt;'.</msg>
<msg timestamp="20240215 07:27:08.894" level="INFO" html="true">Removed file '&lt;a href="file:///Users/runner/work/rfswarm/rfswarm/Tests/Regression/Manager/Logs/macos-latest_3.7/stderr_manager.txt"&gt;/Users/runner/work/rfswarm/rfswarm/Tests/Regression/Manager/Logs/macos-latest_3.7/stderr_manager.txt&lt;/a&gt;'.</msg>
<msg timestamp="20240215 07:27:08.894" level="INFO" html="true">Removed file '&lt;a href="file:///Users/runner/work/rfswarm/rfswarm/Tests/Regression/Manager/Logs/macos-latest_3.7/stderr.txt"&gt;/Users/runner/work/rfswarm/rfswarm/Tests/Regression/Manager/Logs/macos-latest_3.7/stderr.txt&lt;/a&gt;'.</msg>
<status status="PASS" starttime="20240215 07:27:08.892" endtime="20240215 07:27:08.894"/>
</kw>
<kw name="Remove File" library="OperatingSystem">
<arg>${OUTPUT DIR}${/}*.png</arg>
<doc>Removes a file with the given path.</doc>
<msg timestamp="20240215 07:27:08.895" level="INFO" html="true">Removed file '&lt;a href="file:///Users/runner/work/rfswarm/rfswarm/Tests/Regression/Manager/Logs/macos-latest_3.7/Manager.GUIBasic-screenshot-1.png"&gt;/Users/runner/work/rfswarm/rfswarm/Tests/Regression/Manager/Logs/macos-latest_3.7/Manager.GUIBasic-screenshot-1.png&lt;/a&gt;'.</msg>
<msg timestamp="20240215 07:27:08.895" level="INFO" html="true">Removed file '&lt;a href="file:///Users/runner/work/rfswarm/rfswarm/Tests/Regression/Manager/Logs/macos-latest_3.7/Manager.GUIBasic-screenshot-2.png"&gt;/Users/runner/work/rfswarm/rfswarm/Tests/Regression/Manager/Logs/macos-latest_3.7/Manager.GUIBasic-screenshot-2.png&lt;/a&gt;'.</msg>
<msg timestamp="20240215 07:27:08.896" level="INFO" html="true">Removed file '&lt;a href="file:///Users/runner/work/rfswarm/rfswarm/Tests/Regression/Manager/Logs/macos-latest_3.7/Manager.GUIBasic-screenshot-3.png"&gt;/Users/runner/work/rfswarm/rfswarm/Tests/Regression/Manager/Logs/macos-latest_3.7/Manager.GUIBasic-screenshot-3.png&lt;/a&gt;'.</msg>
<msg timestamp="20240215 07:27:08.896" level="INFO" html="true">Removed file '&lt;a href="file:///Users/runner/work/rfswarm/rfswarm/Tests/Regression/Manager/Logs/macos-latest_3.7/Manager.GUIBasic-screenshot-6.png"&gt;/Users/runner/work/rfswarm/rfswarm/Tests/Regression/Manager/Logs/macos-latest_3.7/Manager.GUIBasic-screenshot-6.png&lt;/a&gt;'.</msg>
<msg timestamp="20240215 07:27:08.897" level="INFO" html="true">Removed file '&lt;a href="file:///Users/runner/work/rfswarm/rfswarm/Tests/Regression/Manager/Logs/macos-latest_3.7/Manager.GUIBasic-screenshot-4.png"&gt;/Users/runner/work/rfswarm/rfswarm/Tests/Regression/Manager/Logs/macos-latest_3.7/Manager.GUIBasic-screenshot-4.png&lt;/a&gt;'.</msg>
<msg timestamp="20240215 07:27:08.897" level="INFO" html="true">Removed file '&lt;a href="file:///Users/runner/work/rfswarm/rfswarm/Tests/Regression/Manager/Logs/macos-latest_3.7/Manager.GUIBasic-screenshot-5.png"&gt;/Users/runner/work/rfswarm/rfswarm/Tests/Regression/Manager/Logs/macos-latest_3.7/Manager.GUIBasic-screenshot-5.png&lt;/a&gt;'.</msg>
<msg timestamp="20240215 07:27:08.897" level="INFO" html="true">Removed file '&lt;a href="file:///Users/runner/work/rfswarm/rfswarm/Tests/Regression/Manager/Logs/macos-latest_3.7/Manager.GUIBugs-screenshot-1.png"&gt;/Users/runner/work/rfswarm/rfswarm/Tests/Regression/Manager/Logs/macos-latest_3.7/Manager.GUIBugs-screenshot-1.png&lt;/a&gt;'.</msg>
<msg timestamp="20240215 07:27:08.897" level="INFO" html="true">Removed file '&lt;a href="file:///Users/runner/work/rfswarm/rfswarm/Tests/Regression/Manager/Logs/macos-latest_3.7/Manager.GUIBugs-screenshot-2.png"&gt;/Users/runner/work/rfswarm/rfswarm/Tests/Regression/Manager/Logs/macos-latest_3.7/Manager.GUIBugs-screenshot-2.png&lt;/a&gt;'.</msg>
<status status="PASS" starttime="20240215 07:27:08.894" endtime="20240215 07:27:08.897"/>
</kw>
<status status="PASS" starttime="20240215 07:27:08.879" endtime="20240215 07:27:08.898"/>
</kw>
<test id="s1-s1-t1" name="Random Offset" line="7">
<kw name="Evaluate" library="BuiltIn">
<var>${random}</var>
<arg>random.randint(0, 60)</arg>
<doc>Evaluates the given expression in Python and returns the result.</doc>
<msg timestamp="20240215 07:27:08.899" level="INFO">${random} = 51</msg>
<status status="PASS" starttime="20240215 07:27:08.899" endtime="20240215 07:27:08.899"/>
</kw>
<kw name="Sleep" library="BuiltIn">
<arg>${random}</arg>
<doc>Pauses the test executed for the given time.</doc>
<msg timestamp="20240215 07:27:59.972" level="INFO">Slept 51 seconds</msg>
<status status="PASS" starttime="20240215 07:27:08.899" endtime="20240215 07:27:59.972"/>
</kw>
<doc>This just prevents all the test runners doing git push at the same time</doc>
<tag>macos-latest</tag>
<tag>ubuntu-latest</tag>
<tag>windows-latest</tag>
<status status="PASS" starttime="20240215 07:27:08.898" endtime="20240215 07:27:59.972"/>
</test>
<test id="s1-s1-t2" name="Manager Version" line="13">
<kw name="Run" library="OperatingSystem">
<var>${result}</var>
<arg>python3 ${EXECDIR}${/}rfswarm_manager${/}rfswarm.py -v</arg>
<doc>Runs the given command in the system and returns the output.</doc>
<msg timestamp="20240215 07:27:59.977" level="INFO">Running command 'python3 /Users/runner/work/rfswarm/rfswarm/rfswarm_manager/rfswarm.py -v 2&gt;&amp;1'.</msg>
<msg timestamp="20240215 07:28:11.631" level="INFO">${result} = Robot Framework Swarm: Manager 
	Version 1.2.1 </msg>
<status status="PASS" starttime="20240215 07:27:59.973" endtime="20240215 07:28:11.631"/>
</kw>
<kw name="Log To Console" library="BuiltIn">
<arg>${\n}${result}</arg>
<doc>Logs the given message to the console.</doc>
<status status="PASS" starttime="20240215 07:28:11.632" endtime="20240215 07:28:11.632"/>
</kw>
<kw name="Should Contain" library="BuiltIn">
<arg>${result}</arg>
<arg>Version</arg>
<doc>Fails if ``container`` does not contain ``item`` one or more times.</doc>
<status status="PASS" starttime="20240215 07:28:11.632" endtime="20240215 07:28:11.633"/>
</kw>
<kw name="Should Contain" library="BuiltIn">
<arg>${result}</arg>
<arg>Manager</arg>
<doc>Fails if ``container`` does not contain ``item`` one or more times.</doc>
<status status="PASS" starttime="20240215 07:28:11.633" endtime="20240215 07:28:11.633"/>
</kw>
<tag>macos-latest</tag>
<tag>ubuntu-latest</tag>
<tag>windows-latest</tag>
<status status="PASS" starttime="20240215 07:27:59.973" endtime="20240215 07:28:11.633"/>
</test>
<test id="s1-s1-t3" name="Manager Help" line="20">
<kw name="Run" library="OperatingSystem">
<var>${result}</var>
<arg>python3 ${EXECDIR}${/}rfswarm_manager${/}rfswarm.py -h</arg>
<doc>Runs the given command in the system and returns the output.</doc>
<msg timestamp="20240215 07:28:11.637" level="INFO">Running command 'python3 /Users/runner/work/rfswarm/rfswarm/rfswarm_manager/rfswarm.py -h 2&gt;&amp;1'.</msg>
<msg timestamp="20240215 07:28:12.882" level="INFO">${result} = Robot Framework Swarm: Manager 
	Version 1.2.1 
usage: rfswarm.py [-h] [-g DEBUG] [-v] [-i INI] [-s SCENARIO] [-r] [-a AGENTS]
                  [-n] [-t STARTTIME] [-d DIR] [-e IPADDRESS] [-p PORT]

...</msg>
<status status="PASS" starttime="20240215 07:28:11.634" endtime="20240215 07:28:12.883"/>
</kw>
<kw name="Log To Console" library="BuiltIn">
<arg>${\n}${result}</arg>
<doc>Logs the given message to the console.</doc>
<status status="PASS" starttime="20240215 07:28:12.883" endtime="20240215 07:28:12.884"/>
</kw>
<kw name="Should Contain" library="BuiltIn">
<arg>${result}</arg>
<arg>IPADDRESS</arg>
<doc>Fails if ``container`` does not contain ``item`` one or more times.</doc>
<status status="PASS" starttime="20240215 07:28:12.884" endtime="20240215 07:28:12.884"/>
</kw>
<tag>macos-latest</tag>
<tag>ubuntu-latest</tag>
<tag>windows-latest</tag>
<status status="PASS" starttime="20240215 07:28:11.634" endtime="20240215 07:28:12.884"/>
</test>
<status status="PASS" starttime="20240215 07:27:08.837" endtime="20240215 07:28:12.885"/>
</suite>
<suite id="s1-s2" name="GUI Basic" source="/Users/runner/work/rfswarm/rfswarm/Tests/Regression/Manager/GUI_Basic.robot">
<test id="s1-s2-t1" name="Open GUI" line="14">
<kw name="Set Suite Variable" library="BuiltIn">
<arg>${platform}</arg>
<arg>macos</arg>
<doc>Makes a variable available everywhere within the scope of the current suite.</doc>
<msg timestamp="20240215 07:28:22.426" level="INFO">${platform} = macos</msg>
<status status="PASS" starttime="20240215 07:28:22.425" endtime="20240215 07:28:22.427"/>
</kw>
<kw name="Set Confidence" library="ImageHorizonLibrary">
<arg>0.9</arg>
<doc>Sets the accuracy when finding images.</doc>
<status status="PASS" starttime="20240215 07:28:22.427" endtime="20240215 07:28:22.837"/>
</kw>
<kw name="Start Process" library="Process">
<var>${process}</var>
<arg>python3</arg>
<arg>${pyfile}</arg>
<arg>alias=Manager</arg>
<arg>stdout=${OUTPUT DIR}${/}stdout.txt</arg>
<arg>stderr=${OUTPUT DIR}${/}stderr.txt</arg>
<doc>Starts a new process on background.</doc>
<msg timestamp="20240215 07:28:22.840" level="INFO">Starting process:
python3 /Users/runner/work/rfswarm/rfswarm/rfswarm_manager/rfswarm.py</msg>
<msg timestamp="20240215 07:28:22.847" level="INFO">${process} = &lt;subprocess.Popen object at 0x103271fd0&gt;</msg>
<status status="PASS" starttime="20240215 07:28:22.838" endtime="20240215 07:28:22.848"/>
</kw>
<kw name="Set Test Variable" library="BuiltIn">
<arg>$process</arg>
<arg>${process}</arg>
<doc>Makes a variable available everywhere within the scope of the current test.</doc>
<msg timestamp="20240215 07:28:22.849" level="INFO">${process} = &lt;subprocess.Popen object at 0x103271fd0&gt;</msg>
<status status="PASS" starttime="20240215 07:28:22.848" endtime="20240215 07:28:22.849"/>
</kw>
<kw name="Sleep" library="BuiltIn">
<arg>10</arg>
<doc>Pauses the test executed for the given time.</doc>
<msg timestamp="20240215 07:28:32.884" level="INFO">Slept 10 seconds</msg>
<status status="PASS" starttime="20240215 07:28:22.849" endtime="20240215 07:28:32.884"/>
</kw>
<kw name="Set Screenshot Folder" library="ImageHorizonLibrary">
<arg>${OUTPUT DIR}</arg>
<doc>Sets the folder where screenshots are saved to.</doc>
<status status="PASS" starttime="20240215 07:28:32.884" endtime="20240215 07:28:32.885"/>
</kw>
<kw name="Take A Screenshot" library="ImageHorizonLibrary">
<doc>Takes a screenshot of the screen.</doc>
<msg timestamp="20240215 07:28:32.885" level="INFO" html="true">Screenshot taken: /Users/runner/work/rfswarm/rfswarm/Tests/Regression/Manager/Logs/macos-latest_3.7/Manager.GUIBasic-screenshot-1.png&lt;br/&gt;&lt;img src="/Users/runner/work/rfswarm/rfswarm/Tests/Regression/Manager/Logs/macos-latest_3.7/Manager.GUIBasic-screenshot-1.png" width="100%" /&gt;</msg>
<status status="PASS" starttime="20240215 07:28:32.885" endtime="20240215 07:28:33.222"/>
</kw>
<tag>macos-latest</tag>
<status status="PASS" starttime="20240215 07:28:22.424" endtime="20240215 07:28:33.222"/>
</test>
<test id="s1-s2-t2" name="Select Run Tab" line="44">
<kw name="Click Tab">
<arg>Run</arg>
<kw name="Convert To Lower Case" library="String">
<var>${tabnamel}</var>
<arg>${tabname}</arg>
<doc>Converts string to lower case.</doc>
<msg timestamp="20240215 07:28:33.225" level="INFO">${tabnamel} = run</msg>
<status status="PASS" starttime="20240215 07:28:33.224" endtime="20240215 07:28:33.225"/>
</kw>
<kw name="Set Variable" library="BuiltIn">
<var>${img}</var>
<arg>manager_${platform}_tab_${tabnamel}.png</arg>
<doc>Returns the given values which can then be assigned to a variables.</doc>
<msg timestamp="20240215 07:28:33.225" level="INFO">${img} = manager_macos_tab_run.png</msg>
<status status="PASS" starttime="20240215 07:28:33.225" endtime="20240215 07:28:33.225"/>
</kw>
<kw name="Log" library="BuiltIn">
<arg>/Users/runner/work/rfswarm/rfswarm/Tests/Regression/Manager</arg>
<doc>Logs the given message with the given level.</doc>
<msg timestamp="20240215 07:28:33.226" level="INFO">/Users/runner/work/rfswarm/rfswarm/Tests/Regression/Manager</msg>
<status status="PASS" starttime="20240215 07:28:33.225" endtime="20240215 07:28:33.226"/>
</kw>
<kw name="Log" library="BuiltIn">
<arg>${IMAGE_DIR}</arg>
<doc>Logs the given message with the given level.</doc>
<msg timestamp="20240215 07:28:33.226" level="INFO">/Users/runner/work/rfswarm/rfswarm/Tests/Regression/Manager/Images/file_method</msg>
<status status="PASS" starttime="20240215 07:28:33.226" endtime="20240215 07:28:33.226"/>
</kw>
<kw name="Wait For" library="ImageHorizonLibrary">
<arg>${img}</arg>
<arg>timeout=300</arg>
<doc>Tries to locate given image from the screen for given time.</doc>
<kw name="Take A Screenshot" library="ImageHorizonLibrary">
<doc>Takes a screenshot of the screen.</doc>
<msg timestamp="20240215 07:33:33.586" level="INFO" html="true">Screenshot taken: /Users/runner/work/rfswarm/rfswarm/Tests/Regression/Manager/Logs/macos-latest_3.7/Manager.GUIBasic-screenshot-2.png&lt;br/&gt;&lt;img src="/Users/runner/work/rfswarm/rfswarm/Tests/Regression/Manager/Logs/macos-latest_3.7/Manager.GUIBasic-screenshot-2.png" width="100%" /&gt;</msg>
<status status="PASS" starttime="20240215 07:33:33.584" endtime="20240215 07:33:33.881"/>
</kw>
<msg timestamp="20240215 07:33:33.882" level="FAIL">ImageNotFoundException: Reference image "/Users/runner/work/rfswarm/rfswarm/Tests/Regression/Manager/Images/file_method/manager_macos_tab_run.png" was not found on screen</msg>
<status status="FAIL" starttime="20240215 07:28:33.226" endtime="20240215 07:33:33.883"/>
</kw>
<kw name="Locate" library="ImageHorizonLibrary">
<var>@{coordinates}</var>
<arg>${img}</arg>
<doc>Locate image on screen.</doc>
<status status="NOT RUN" starttime="20240215 07:33:33.883" endtime="20240215 07:33:33.883"/>
</kw>
<kw name="Click Image" library="ImageHorizonLibrary">
<arg>${img}</arg>
<doc>Finds the reference image on screen and clicks it once.</doc>
<status status="NOT RUN" starttime="20240215 07:33:33.884" endtime="20240215 07:33:33.884"/>
</kw>
<kw name="Sleep" library="BuiltIn">
<arg>0.1</arg>
<doc>Pauses the test executed for the given time.</doc>
<status status="NOT RUN" starttime="20240215 07:33:33.884" endtime="20240215 07:33:33.884"/>
</kw>
<kw name="Take A Screenshot" library="ImageHorizonLibrary">
<doc>Takes a screenshot of the screen.</doc>
<status status="NOT RUN" starttime="20240215 07:33:33.884" endtime="20240215 07:33:33.884"/>
</kw>
<status status="FAIL" starttime="20240215 07:28:33.224" endtime="20240215 07:33:33.884"/>
</kw>
<kw name="Sleep" library="BuiltIn">
<arg>5</arg>
<doc>Pauses the test executed for the given time.</doc>
<status status="NOT RUN" starttime="20240215 07:33:33.885" endtime="20240215 07:33:33.885"/>
</kw>
<tag>macos-latest</tag>
<tag>ubuntu-latest</tag>
<tag>windows-latest</tag>
<status status="FAIL" starttime="20240215 07:28:33.223" endtime="20240215 07:33:33.885">ImageNotFoundException: Reference image "/Users/runner/work/rfswarm/rfswarm/Tests/Regression/Manager/Images/file_method/manager_macos_tab_run.png" was not found on screen</status>
</test>
<test id="s1-s2-t3" name="Select Agents Tab" line="49">
<kw name="Click Tab">
<arg>Agents</arg>
<kw name="Convert To Lower Case" library="String">
<var>${tabnamel}</var>
<arg>${tabname}</arg>
<doc>Converts string to lower case.</doc>
<msg timestamp="20240215 07:33:33.888" level="INFO">${tabnamel} = agents</msg>
<status status="PASS" starttime="20240215 07:33:33.887" endtime="20240215 07:33:33.888"/>
</kw>
<kw name="Set Variable" library="BuiltIn">
<var>${img}</var>
<arg>manager_${platform}_tab_${tabnamel}.png</arg>
<doc>Returns the given values which can then be assigned to a variables.</doc>
<msg timestamp="20240215 07:33:33.888" level="INFO">${img} = manager_macos_tab_agents.png</msg>
<status status="PASS" starttime="20240215 07:33:33.888" endtime="20240215 07:33:33.888"/>
</kw>
<kw name="Log" library="BuiltIn">
<arg>/Users/runner/work/rfswarm/rfswarm/Tests/Regression/Manager</arg>
<doc>Logs the given message with the given level.</doc>
<msg timestamp="20240215 07:33:33.889" level="INFO">/Users/runner/work/rfswarm/rfswarm/Tests/Regression/Manager</msg>
<status status="PASS" starttime="20240215 07:33:33.888" endtime="20240215 07:33:33.889"/>
</kw>
<kw name="Log" library="BuiltIn">
<arg>${IMAGE_DIR}</arg>
<doc>Logs the given message with the given level.</doc>
<msg timestamp="20240215 07:33:33.889" level="INFO">/Users/runner/work/rfswarm/rfswarm/Tests/Regression/Manager/Images/file_method</msg>
<status status="PASS" starttime="20240215 07:33:33.889" endtime="20240215 07:33:33.889"/>
</kw>
<kw name="Wait For" library="ImageHorizonLibrary">
<arg>${img}</arg>
<arg>timeout=300</arg>
<doc>Tries to locate given image from the screen for given time.</doc>
<kw name="Take A Screenshot" library="ImageHorizonLibrary">
<doc>Takes a screenshot of the screen.</doc>
<msg timestamp="20240215 07:38:34.248" level="INFO" html="true">Screenshot taken: /Users/runner/work/rfswarm/rfswarm/Tests/Regression/Manager/Logs/macos-latest_3.7/Manager.GUIBasic-screenshot-3.png&lt;br/&gt;&lt;img src="/Users/runner/work/rfswarm/rfswarm/Tests/Regression/Manager/Logs/macos-latest_3.7/Manager.GUIBasic-screenshot-3.png" width="100%" /&gt;</msg>
<status status="PASS" starttime="20240215 07:38:34.247" endtime="20240215 07:38:34.563"/>
</kw>
<msg timestamp="20240215 07:38:34.564" level="FAIL">ImageNotFoundException: Reference image "/Users/runner/work/rfswarm/rfswarm/Tests/Regression/Manager/Images/file_method/manager_macos_tab_agents.png" was not found on screen</msg>
<status status="FAIL" starttime="20240215 07:33:33.889" endtime="20240215 07:38:34.564"/>
</kw>
<kw name="Locate" library="ImageHorizonLibrary">
<var>@{coordinates}</var>
<arg>${img}</arg>
<doc>Locate image on screen.</doc>
<status status="NOT RUN" starttime="20240215 07:38:34.564" endtime="20240215 07:38:34.565"/>
</kw>
<kw name="Click Image" library="ImageHorizonLibrary">
<arg>${img}</arg>
<doc>Finds the reference image on screen and clicks it once.</doc>
<status status="NOT RUN" starttime="20240215 07:38:34.565" endtime="20240215 07:38:34.565"/>
</kw>
<kw name="Sleep" library="BuiltIn">
<arg>0.1</arg>
<doc>Pauses the test executed for the given time.</doc>
<status status="NOT RUN" starttime="20240215 07:38:34.565" endtime="20240215 07:38:34.565"/>
</kw>
<kw name="Take A Screenshot" library="ImageHorizonLibrary">
<doc>Takes a screenshot of the screen.</doc>
<status status="NOT RUN" starttime="20240215 07:38:34.565" endtime="20240215 07:38:34.565"/>
</kw>
<status status="FAIL" starttime="20240215 07:33:33.887" endtime="20240215 07:38:34.565"/>
</kw>
<kw name="Sleep" library="BuiltIn">
<arg>5</arg>
<doc>Pauses the test executed for the given time.</doc>
<status status="NOT RUN" starttime="20240215 07:38:34.566" endtime="20240215 07:38:34.566"/>
</kw>
<tag>macos-latest</tag>
<tag>ubuntu-latest</tag>
<tag>windows-latest</tag>
<status status="FAIL" starttime="20240215 07:33:33.886" endtime="20240215 07:38:34.566">ImageNotFoundException: Reference image "/Users/runner/work/rfswarm/rfswarm/Tests/Regression/Manager/Images/file_method/manager_macos_tab_agents.png" was not found on screen</status>
</test>
<test id="s1-s2-t4" name="Select About Tab" line="54">
<kw name="Click Tab">
<arg>About</arg>
<kw name="Convert To Lower Case" library="String">
<var>${tabnamel}</var>
<arg>${tabname}</arg>
<doc>Converts string to lower case.</doc>
<msg timestamp="20240215 07:38:34.569" level="INFO">${tabnamel} = about</msg>
<status status="PASS" starttime="20240215 07:38:34.568" endtime="20240215 07:38:34.569"/>
</kw>
<kw name="Set Variable" library="BuiltIn">
<var>${img}</var>
<arg>manager_${platform}_tab_${tabnamel}.png</arg>
<doc>Returns the given values which can then be assigned to a variables.</doc>
<msg timestamp="20240215 07:38:34.569" level="INFO">${img} = manager_macos_tab_about.png</msg>
<status status="PASS" starttime="20240215 07:38:34.569" endtime="20240215 07:38:34.569"/>
</kw>
<kw name="Log" library="BuiltIn">
<arg>/Users/runner/work/rfswarm/rfswarm/Tests/Regression/Manager</arg>
<doc>Logs the given message with the given level.</doc>
<msg timestamp="20240215 07:38:34.570" level="INFO">/Users/runner/work/rfswarm/rfswarm/Tests/Regression/Manager</msg>
<status status="PASS" starttime="20240215 07:38:34.569" endtime="20240215 07:38:34.570"/>
</kw>
<kw name="Log" library="BuiltIn">
<arg>${IMAGE_DIR}</arg>
<doc>Logs the given message with the given level.</doc>
<msg timestamp="20240215 07:38:34.570" level="INFO">/Users/runner/work/rfswarm/rfswarm/Tests/Regression/Manager/Images/file_method</msg>
<status status="PASS" starttime="20240215 07:38:34.570" endtime="20240215 07:38:34.570"/>
</kw>
<kw name="Wait For" library="ImageHorizonLibrary">
<arg>${img}</arg>
<arg>timeout=300</arg>
<doc>Tries to locate given image from the screen for given time.</doc>
<kw name="Take A Screenshot" library="ImageHorizonLibrary">
<doc>Takes a screenshot of the screen.</doc>
<msg timestamp="20240215 07:43:34.600" level="INFO" html="true">Screenshot taken: /Users/runner/work/rfswarm/rfswarm/Tests/Regression/Manager/Logs/macos-latest_3.7/Manager.GUIBasic-screenshot-4.png&lt;br/&gt;&lt;img src="/Users/runner/work/rfswarm/rfswarm/Tests/Regression/Manager/Logs/macos-latest_3.7/Manager.GUIBasic-screenshot-4.png" width="100%" /&gt;</msg>
<status status="PASS" starttime="20240215 07:43:34.599" endtime="20240215 07:43:34.891"/>
</kw>
<msg timestamp="20240215 07:43:34.892" level="FAIL">ImageNotFoundException: Reference image "/Users/runner/work/rfswarm/rfswarm/Tests/Regression/Manager/Images/file_method/manager_macos_tab_about.png" was not found on screen</msg>
<status status="FAIL" starttime="20240215 07:38:34.570" endtime="20240215 07:43:34.892"/>
</kw>
<kw name="Locate" library="ImageHorizonLibrary">
<var>@{coordinates}</var>
<arg>${img}</arg>
<doc>Locate image on screen.</doc>
<status status="NOT RUN" starttime="20240215 07:43:34.893" endtime="20240215 07:43:34.893"/>
</kw>
<kw name="Click Image" library="ImageHorizonLibrary">
<arg>${img}</arg>
<doc>Finds the reference image on screen and clicks it once.</doc>
<status status="NOT RUN" starttime="20240215 07:43:34.893" endtime="20240215 07:43:34.893"/>
</kw>
<kw name="Sleep" library="BuiltIn">
<arg>0.1</arg>
<doc>Pauses the test executed for the given time.</doc>
<status status="NOT RUN" starttime="20240215 07:43:34.893" endtime="20240215 07:43:34.893"/>
</kw>
<kw name="Take A Screenshot" library="ImageHorizonLibrary">
<doc>Takes a screenshot of the screen.</doc>
<status status="NOT RUN" starttime="20240215 07:43:34.893" endtime="20240215 07:43:34.893"/>
</kw>
<status status="FAIL" starttime="20240215 07:38:34.568" endtime="20240215 07:43:34.894"/>
</kw>
<kw name="Sleep" library="BuiltIn">
<arg>5</arg>
<doc>Pauses the test executed for the given time.</doc>
<status status="NOT RUN" starttime="20240215 07:43:34.894" endtime="20240215 07:43:34.894"/>
</kw>
<tag>macos-latest</tag>
<tag>ubuntu-latest</tag>
<tag>windows-latest</tag>
<status status="FAIL" starttime="20240215 07:38:34.567" endtime="20240215 07:43:34.895">ImageNotFoundException: Reference image "/Users/runner/work/rfswarm/rfswarm/Tests/Regression/Manager/Images/file_method/manager_macos_tab_about.png" was not found on screen</status>
</test>
<test id="s1-s2-t5" name="Select Plan Tab" line="59">
<kw name="Click Tab">
<arg>Plan</arg>
<kw name="Convert To Lower Case" library="String">
<var>${tabnamel}</var>
<arg>${tabname}</arg>
<doc>Converts string to lower case.</doc>
<msg timestamp="20240215 07:43:34.898" level="INFO">${tabnamel} = plan</msg>
<status status="PASS" starttime="20240215 07:43:34.897" endtime="20240215 07:43:34.898"/>
</kw>
<kw name="Set Variable" library="BuiltIn">
<var>${img}</var>
<arg>manager_${platform}_tab_${tabnamel}.png</arg>
<doc>Returns the given values which can then be assigned to a variables.</doc>
<msg timestamp="20240215 07:43:34.898" level="INFO">${img} = manager_macos_tab_plan.png</msg>
<status status="PASS" starttime="20240215 07:43:34.898" endtime="20240215 07:43:34.898"/>
</kw>
<kw name="Log" library="BuiltIn">
<arg>/Users/runner/work/rfswarm/rfswarm/Tests/Regression/Manager</arg>
<doc>Logs the given message with the given level.</doc>
<msg timestamp="20240215 07:43:34.899" level="INFO">/Users/runner/work/rfswarm/rfswarm/Tests/Regression/Manager</msg>
<status status="PASS" starttime="20240215 07:43:34.898" endtime="20240215 07:43:34.899"/>
</kw>
<kw name="Log" library="BuiltIn">
<arg>${IMAGE_DIR}</arg>
<doc>Logs the given message with the given level.</doc>
<msg timestamp="20240215 07:43:34.899" level="INFO">/Users/runner/work/rfswarm/rfswarm/Tests/Regression/Manager/Images/file_method</msg>
<status status="PASS" starttime="20240215 07:43:34.899" endtime="20240215 07:43:34.899"/>
</kw>
<kw name="Wait For" library="ImageHorizonLibrary">
<arg>${img}</arg>
<arg>timeout=300</arg>
<doc>Tries to locate given image from the screen for given time.</doc>
<kw name="Take A Screenshot" library="ImageHorizonLibrary">
<doc>Takes a screenshot of the screen.</doc>
<msg timestamp="20240215 07:48:35.272" level="INFO" html="true">Screenshot taken: /Users/runner/work/rfswarm/rfswarm/Tests/Regression/Manager/Logs/macos-latest_3.7/Manager.GUIBasic-screenshot-5.png&lt;br/&gt;&lt;img src="/Users/runner/work/rfswarm/rfswarm/Tests/Regression/Manager/Logs/macos-latest_3.7/Manager.GUIBasic-screenshot-5.png" width="100%" /&gt;</msg>
<status status="PASS" starttime="20240215 07:48:35.271" endtime="20240215 07:48:35.567"/>
</kw>
<msg timestamp="20240215 07:48:35.567" level="FAIL">ImageNotFoundException: Reference image "/Users/runner/work/rfswarm/rfswarm/Tests/Regression/Manager/Images/file_method/manager_macos_tab_plan.png" was not found on screen</msg>
<status status="FAIL" starttime="20240215 07:43:34.899" endtime="20240215 07:48:35.568"/>
</kw>
<kw name="Locate" library="ImageHorizonLibrary">
<var>@{coordinates}</var>
<arg>${img}</arg>
<doc>Locate image on screen.</doc>
<status status="NOT RUN" starttime="20240215 07:48:35.568" endtime="20240215 07:48:35.568"/>
</kw>
<kw name="Click Image" library="ImageHorizonLibrary">
<arg>${img}</arg>
<doc>Finds the reference image on screen and clicks it once.</doc>
<status status="NOT RUN" starttime="20240215 07:48:35.568" endtime="20240215 07:48:35.569"/>
</kw>
<kw name="Sleep" library="BuiltIn">
<arg>0.1</arg>
<doc>Pauses the test executed for the given time.</doc>
<status status="NOT RUN" starttime="20240215 07:48:35.569" endtime="20240215 07:48:35.569"/>
</kw>
<kw name="Take A Screenshot" library="ImageHorizonLibrary">
<doc>Takes a screenshot of the screen.</doc>
<status status="NOT RUN" starttime="20240215 07:48:35.569" endtime="20240215 07:48:35.569"/>
</kw>
<status status="FAIL" starttime="20240215 07:43:34.897" endtime="20240215 07:48:35.569"/>
</kw>
<kw name="Sleep" library="BuiltIn">
<arg>5</arg>
<doc>Pauses the test executed for the given time.</doc>
<status status="NOT RUN" starttime="20240215 07:48:35.570" endtime="20240215 07:48:35.570"/>
</kw>
<tag>macos-latest</tag>
<tag>ubuntu-latest</tag>
<tag>windows-latest</tag>
<status status="FAIL" starttime="20240215 07:43:34.896" endtime="20240215 07:48:35.570">ImageNotFoundException: Reference image "/Users/runner/work/rfswarm/rfswarm/Tests/Regression/Manager/Images/file_method/manager_macos_tab_plan.png" was not found on screen</status>
</test>
<test id="s1-s2-t6" name="Close GUI" line="78">
<kw name="Click Image" library="ImageHorizonLibrary">
<arg>manager_${platform}_button_closewindow.png</arg>
<doc>Finds the reference image on screen and clicks it once.</doc>
<msg timestamp="20240215 07:48:35.969" level="INFO">Image "/Users/runner/work/rfswarm/rfswarm/Tests/Regression/Manager/Images/file_method/manager_macos_button_closewindow.png" was not found on screen.</msg>
<kw name="Take A Screenshot" library="ImageHorizonLibrary">
<doc>Takes a screenshot of the screen.</doc>
<msg timestamp="20240215 07:48:35.971" level="INFO" html="true">Screenshot taken: /Users/runner/work/rfswarm/rfswarm/Tests/Regression/Manager/Logs/macos-latest_3.7/Manager.GUIBasic-screenshot-6.png&lt;br/&gt;&lt;img src="/Users/runner/work/rfswarm/rfswarm/Tests/Regression/Manager/Logs/macos-latest_3.7/Manager.GUIBasic-screenshot-6.png" width="100%" /&gt;</msg>
<status status="PASS" starttime="20240215 07:48:35.970" endtime="20240215 07:48:36.257"/>
</kw>
<msg timestamp="20240215 07:48:36.258" level="FAIL">ImageNotFoundException: Reference image "/Users/runner/work/rfswarm/rfswarm/Tests/Regression/Manager/Images/file_method/manager_macos_button_closewindow.png" was not found on screen</msg>
<status status="FAIL" starttime="20240215 07:48:35.571" endtime="20240215 07:48:36.258"/>
</kw>
<kw name="Take A Screenshot" library="ImageHorizonLibrary">
<doc>Takes a screenshot of the screen.</doc>
<status status="NOT RUN" starttime="20240215 07:48:36.259" endtime="20240215 07:48:36.259"/>
</kw>
<kw name="Wait For Process" library="Process">
<var>${result}</var>
<arg>${process}</arg>
<arg>timeout=60</arg>
<doc>Waits for the process to complete or to reach the given timeout.</doc>
<status status="NOT RUN" starttime="20240215 07:48:36.259" endtime="20240215 07:48:36.259"/>
</kw>
<kw name="Is Process Running" library="Process">
<var>${running}</var>
<arg>${process}</arg>
<doc>Checks is the process running or not.</doc>
<status status="NOT RUN" starttime="20240215 07:48:36.259" endtime="20240215 07:48:36.260"/>
</kw>
<if>
<branch type="IF" condition="not ${running}">
<kw name="Should Be Equal As Integers" library="BuiltIn">
<arg>${result.rc}</arg>
<arg>0</arg>
<doc>Fails if objects are unequal after converting them to integers.</doc>
<status status="NOT RUN" starttime="20240215 07:48:36.260" endtime="20240215 07:48:36.260"/>
</kw>
<status status="NOT RUN" starttime="20240215 07:48:36.260" endtime="20240215 07:48:36.260"/>
</branch>
<branch type="ELSE">
<kw name="Take A Screenshot" library="ImageHorizonLibrary">
<doc>Takes a screenshot of the screen.</doc>
<status status="NOT RUN" starttime="20240215 07:48:36.260" endtime="20240215 07:48:36.261"/>
</kw>
<kw name="Terminate Process" library="Process">
<var>${result}</var>
<arg>${process}</arg>
<doc>Stops the process gracefully or forcefully.</doc>
<status status="NOT RUN" starttime="20240215 07:48:36.261" endtime="20240215 07:48:36.261"/>
</kw>
<kw name="Fail" library="BuiltIn">
<doc>Fails the test with the given message and optionally alters its tags.</doc>
<status status="NOT RUN" starttime="20240215 07:48:36.261" endtime="20240215 07:48:36.261"/>
</kw>
<status status="NOT RUN" starttime="20240215 07:48:36.260" endtime="20240215 07:48:36.261"/>
</branch>
<status status="NOT RUN" starttime="20240215 07:48:36.260" endtime="20240215 07:48:36.261"/>
</if>
<tag>macos-latest</tag>
<status status="FAIL" starttime="20240215 07:48:35.571" endtime="20240215 07:48:36.261">ImageNotFoundException: Reference image "/Users/runner/work/rfswarm/rfswarm/Tests/Regression/Manager/Images/file_method/manager_macos_button_closewindow.png" was not found on screen</status>
</test>
<status status="FAIL" starttime="20240215 07:28:12.886" endtime="20240215 07:48:36.263"/>
</suite>
<suite id="s1-s3" name="GUI Bugs" source="/Users/runner/work/rfswarm/rfswarm/Tests/Regression/Manager/GUI_Bugs.robot">
<kw name="Set Platform" library="GUI_Common" type="SETUP">
<kw name="Log" library="BuiltIn">
<arg>${OPTIONS}</arg>
<doc>Logs the given message with the given level.</doc>
<msg timestamp="20240215 07:48:36.289" level="INFO">{'include': ['macos-latest'], 'exclude': [], 'skip': [], 'skip_on_failure': []}</msg>
<status status="PASS" starttime="20240215 07:48:36.289" endtime="20240215 07:48:36.289"/>
</kw>
<kw name="Log" library="BuiltIn">
<arg>${OPTIONS}[include]</arg>
<doc>Logs the given message with the given level.</doc>
<msg timestamp="20240215 07:48:36.290" level="INFO">[macos-latest]</msg>
<status status="PASS" starttime="20240215 07:48:36.289" endtime="20240215 07:48:36.290"/>
</kw>
<kw name="Log" library="BuiltIn">
<arg>${OPTIONS}[include][0]</arg>
<doc>Logs the given message with the given level.</doc>
<msg timestamp="20240215 07:48:36.290" level="INFO">macos-latest</msg>
<status status="PASS" starttime="20240215 07:48:36.290" endtime="20240215 07:48:36.290"/>
</kw>
<kw name="Set Variable" library="BuiltIn">
<var>${ostag}</var>
<arg>${OPTIONS}[include][0]</arg>
<doc>Returns the given values which can then be assigned to a variables.</doc>
<msg timestamp="20240215 07:48:36.291" level="INFO">${ostag} = macos-latest</msg>
<status status="PASS" starttime="20240215 07:48:36.290" endtime="20240215 07:48:36.291"/>
</kw>
<if>
<branch type="IF" condition="&quot;${ostag}&quot; == &quot;macos-latest&quot;">
<kw name="Set Suite Variable" library="BuiltIn">
<arg>${platform}</arg>
<arg>macos</arg>
<doc>Makes a variable available everywhere within the scope of the current suite.</doc>
<msg timestamp="20240215 07:48:36.293" level="INFO">${platform} = macos</msg>
<status status="PASS" starttime="20240215 07:48:36.292" endtime="20240215 07:48:36.293"/>
</kw>
<status status="PASS" starttime="20240215 07:48:36.291" endtime="20240215 07:48:36.293"/>
</branch>
<status status="PASS" starttime="20240215 07:48:36.291" endtime="20240215 07:48:36.293"/>
</if>
<if>
<branch type="IF" condition="&quot;${ostag}&quot; == &quot;windows-latest&quot;">
<kw name="Set Suite Variable" library="BuiltIn">
<arg>${platform}</arg>
<arg>windows</arg>
<doc>Makes a variable available everywhere within the scope of the current suite.</doc>
<status status="NOT RUN" starttime="20240215 07:48:36.294" endtime="20240215 07:48:36.294"/>
</kw>
<status status="NOT RUN" starttime="20240215 07:48:36.293" endtime="20240215 07:48:36.294"/>
</branch>
<status status="PASS" starttime="20240215 07:48:36.293" endtime="20240215 07:48:36.294"/>
</if>
<if>
<branch type="IF" condition="&quot;${ostag}&quot; == &quot;ubuntu-latest&quot;">
<kw name="Set Suite Variable" library="BuiltIn">
<arg>${platform}</arg>
<arg>ubuntu</arg>
<doc>Makes a variable available everywhere within the scope of the current suite.</doc>
<status status="NOT RUN" starttime="20240215 07:48:36.294" endtime="20240215 07:48:36.294"/>
</kw>
<status status="NOT RUN" starttime="20240215 07:48:36.294" endtime="20240215 07:48:36.294"/>
</branch>
<status status="PASS" starttime="20240215 07:48:36.294" endtime="20240215 07:48:36.294"/>
</if>
<status status="PASS" starttime="20240215 07:48:36.288" endtime="20240215 07:48:36.295"/>
</kw>
<test id="s1-s3-t1" name="Issue #171" line="7">
<kw name="Open Agent" library="GUI_Common">
<kw name="Start Process" library="Process">
<var>${process}</var>
<arg>python3</arg>
<arg>${pyfile_agent}</arg>
<arg>alias=Agent</arg>
<arg>stdout=${OUTPUT DIR}${/}stdout_agent.txt</arg>
<arg>stderr=${OUTPUT DIR}${/}stderr_agent.txt</arg>
<doc>Starts a new process on background.</doc>
<msg timestamp="20240215 07:48:36.297" level="INFO">Starting process:
python3 /Users/runner/work/rfswarm/rfswarm/rfswarm_agent/rfswarm_agent.py</msg>
<msg timestamp="20240215 07:48:36.305" level="INFO">${process} = &lt;subprocess.Popen object at 0x11b9d86d0&gt;</msg>
<status status="PASS" starttime="20240215 07:48:36.296" endtime="20240215 07:48:36.306"/>
</kw>
<kw name="Set Test Variable" library="BuiltIn">
<arg>$process_agent</arg>
<arg>${process}</arg>
<doc>Makes a variable available everywhere within the scope of the current test.</doc>
<msg timestamp="20240215 07:48:36.307" level="INFO">${process_agent} = &lt;subprocess.Popen object at 0x11b9d86d0&gt;</msg>
<status status="PASS" starttime="20240215 07:48:36.306" endtime="20240215 07:48:36.307"/>
</kw>
<status status="PASS" starttime="20240215 07:48:36.295" endtime="20240215 07:48:36.307"/>
</kw>
<kw name="Open Manager GUI" library="GUI_Common">
<kw name="Set Confidence" library="ImageHorizonLibrary">
<arg>0.9</arg>
<doc>Sets the accuracy when finding images.</doc>
<status status="PASS" starttime="20240215 07:48:36.308" endtime="20240215 07:48:36.836"/>
</kw>
<kw name="Start Process" library="Process">
<var>${process}</var>
<arg>python3</arg>
<arg>${pyfile_manager}</arg>
<arg>alias=Manager</arg>
<arg>stdout=${OUTPUT DIR}${/}stdout_manager.txt</arg>
<arg>stderr=${OUTPUT DIR}${/}stderr_manager.txt</arg>
<doc>Starts a new process on background.</doc>
<msg timestamp="20240215 07:48:36.839" level="INFO">Starting process:
python3 /Users/runner/work/rfswarm/rfswarm/rfswarm_manager/rfswarm.py</msg>
<msg timestamp="20240215 07:48:36.848" level="INFO">${process} = &lt;subprocess.Popen object at 0x11b9e9190&gt;</msg>
<status status="PASS" starttime="20240215 07:48:36.837" endtime="20240215 07:48:36.848"/>
</kw>
<kw name="Set Test Variable" library="BuiltIn">
<arg>$process_manager</arg>
<arg>${process}</arg>
<doc>Makes a variable available everywhere within the scope of the current test.</doc>
<msg timestamp="20240215 07:48:36.850" level="INFO">${process_manager} = &lt;subprocess.Popen object at 0x11b9e9190&gt;</msg>
<status status="PASS" starttime="20240215 07:48:36.849" endtime="20240215 07:48:36.850"/>
</kw>
<kw name="Sleep" library="BuiltIn">
<arg>10</arg>
<doc>Pauses the test executed for the given time.</doc>
<msg timestamp="20240215 07:48:46.872" level="INFO">Slept 10 seconds</msg>
<status status="PASS" starttime="20240215 07:48:36.850" endtime="20240215 07:48:46.873"/>
</kw>
<kw name="Set Screenshot Folder" library="ImageHorizonLibrary">
<arg>${OUTPUT DIR}</arg>
<doc>Sets the folder where screenshots are saved to.</doc>
<status status="PASS" starttime="20240215 07:48:46.873" endtime="20240215 07:48:46.873"/>
</kw>
<kw name="Take A Screenshot" library="ImageHorizonLibrary">
<doc>Takes a screenshot of the screen.</doc>
<msg timestamp="20240215 07:48:46.874" level="INFO" html="true">Screenshot taken: /Users/runner/work/rfswarm/rfswarm/Tests/Regression/Manager/Logs/macos-latest_3.7/Manager.GUIBugs-screenshot-1.png&lt;br/&gt;&lt;img src="/Users/runner/work/rfswarm/rfswarm/Tests/Regression/Manager/Logs/macos-latest_3.7/Manager.GUIBugs-screenshot-1.png" width="100%" /&gt;</msg>
<status status="PASS" starttime="20240215 07:48:46.874" endtime="20240215 07:48:47.189"/>
</kw>
<status status="PASS" starttime="20240215 07:48:36.308" endtime="20240215 07:48:47.190"/>
</kw>
<kw name="Resize Window" library="GUI_Common">
<arg>100</arg>
<arg>10</arg>
<kw name="Set Variable" library="BuiltIn">
<var>${img}</var>
<arg>manager_${platform}_corner_resize.png</arg>
<doc>Returns the given values which can then be assigned to a variables.</doc>
<msg timestamp="20240215 07:48:47.192" level="INFO">${img} = manager_macos_corner_resize.png</msg>
<status status="PASS" starttime="20240215 07:48:47.192" endtime="20240215 07:48:47.193"/>
</kw>
<kw name="Wait For" library="ImageHorizonLibrary">
<arg>${img}</arg>
<arg>timeout=300</arg>
<doc>Tries to locate given image from the screen for given time.</doc>
<kw name="Take A Screenshot" library="ImageHorizonLibrary">
<doc>Takes a screenshot of the screen.</doc>
<msg timestamp="20240215 07:53:47.367" level="INFO" html="true">Screenshot taken: /Users/runner/work/rfswarm/rfswarm/Tests/Regression/Manager/Logs/macos-latest_3.7/Manager.GUIBugs-screenshot-2.png&lt;br/&gt;&lt;img src="/Users/runner/work/rfswarm/rfswarm/Tests/Regression/Manager/Logs/macos-latest_3.7/Manager.GUIBugs-screenshot-2.png" width="100%" /&gt;</msg>
<status status="PASS" starttime="20240215 07:53:47.366" endtime="20240215 07:53:47.680"/>
</kw>
<msg timestamp="20240215 07:53:47.681" level="FAIL">ImageNotFoundException: Reference image "/Users/runner/work/rfswarm/rfswarm/Tests/Regression/Manager/Images/file_method/manager_macos_corner_resize.png" was not found on screen</msg>
<status status="FAIL" starttime="20240215 07:48:47.193" endtime="20240215 07:53:47.682"/>
</kw>
<kw name="Locate" library="ImageHorizonLibrary">
<var>@{coordinates}</var>
<arg>${img}</arg>
<doc>Locate image on screen.</doc>
<status status="NOT RUN" starttime="20240215 07:53:47.682" endtime="20240215 07:53:47.682"/>
</kw>
<kw name="Create List" library="BuiltIn">
<var>@{coordinates2}</var>
<arg>${{${coordinates[0]}+${x}}}</arg>
<arg>${{${coordinates[1]}+${y}}}</arg>
<doc>Returns a list containing given items.</doc>
<status status="NOT RUN" starttime="20240215 07:53:47.682" endtime="20240215 07:53:47.682"/>
</kw>
<kw name="Move To" library="ImageHorizonLibrary">
<arg>@{coordinates}</arg>
<doc>Moves the mouse pointer to an absolute coordinates.</doc>
<status status="NOT RUN" starttime="20240215 07:53:47.683" endtime="20240215 07:53:47.683"/>
</kw>
<kw name="Mouse Down" library="ImageHorizonLibrary">
<doc>Presses specidied mouse button down</doc>
<status status="NOT RUN" starttime="20240215 07:53:47.683" endtime="20240215 07:53:47.683"/>
</kw>
<kw name="Move To" library="ImageHorizonLibrary">
<arg>@{coordinates2}</arg>
<doc>Moves the mouse pointer to an absolute coordinates.</doc>
<status status="NOT RUN" starttime="20240215 07:53:47.683" endtime="20240215 07:53:47.683"/>
</kw>
<kw name="Mouse Up" library="ImageHorizonLibrary">
<doc>Releases specified mouse button</doc>
<status status="NOT RUN" starttime="20240215 07:53:47.683" endtime="20240215 07:53:47.683"/>
</kw>
<status status="FAIL" starttime="20240215 07:48:47.190" endtime="20240215 07:53:47.683"/>
</kw>
<kw name="Take A Screenshot" library="ImageHorizonLibrary">
<doc>Takes a screenshot of the screen.</doc>
<status status="NOT RUN" starttime="20240215 07:53:47.684" endtime="20240215 07:53:47.684"/>
</kw>
<kw name="Wait Agent Ready" library="GUI_Common">
<status status="NOT RUN" starttime="20240215 07:53:47.684" endtime="20240215 07:53:47.684"/>
</kw>
<kw name="Click Tab" library="GUI_Common">
<arg>Plan</arg>
<status status="NOT RUN" starttime="20240215 07:53:47.684" endtime="20240215 07:53:47.684"/>
</kw>
<kw name="Click Button" library="GUI_Common">
<arg>runsettings</arg>
<status status="NOT RUN" starttime="20240215 07:53:47.684" endtime="20240215 07:53:47.684"/>
</kw>
<kw name="Take A Screenshot" library="ImageHorizonLibrary">
<doc>Takes a screenshot of the screen.</doc>
<status status="NOT RUN" starttime="20240215 07:53:47.685" endtime="20240215 07:53:47.685"/>
</kw>
<kw name="Click Image" library="ImageHorizonLibrary">
<arg>manager_${platform}_button_closewindow.png</arg>
<doc>Finds the reference image on screen and clicks it once.</doc>
<status status="NOT RUN" starttime="20240215 07:53:47.685" endtime="20240215 07:53:47.685"/>
</kw>
<kw name="Run Keyword" library="BuiltIn">
<arg>Close Manager GUI ${platform}</arg>
<doc>Executes the given keyword with the given arguments.</doc>
<status status="NOT RUN" starttime="20240215 07:53:47.685" endtime="20240215 07:53:47.685"/>
</kw>
<kw name="Stop Agent" library="GUI_Common">
<status status="NOT RUN" starttime="20240215 07:53:47.685" endtime="20240215 07:53:47.685"/>
</kw>
<tag>macos-latest</tag>
<tag>ubuntu-latest</tag>
<tag>windows-latest</tag>
<status status="FAIL" starttime="20240215 07:48:36.295" endtime="20240215 07:53:47.686">ImageNotFoundException: Reference image "/Users/runner/work/rfswarm/rfswarm/Tests/Regression/Manager/Images/file_method/manager_macos_corner_resize.png" was not found on screen</status>
</test>
<status status="FAIL" starttime="20240215 07:48:36.265" endtime="20240215 07:53:47.686"/>
</suite>
<status status="FAIL" starttime="20240215 07:27:08.794" endtime="20240215 07:53:47.688"/>
</suite>
<statistics>
<total>
<stat pass="4" fail="6" skip="0">All Tests</stat>
</total>
<tag>
<stat pass="4" fail="6" skip="0">macos-latest</stat>
<stat pass="3" fail="5" skip="0">ubuntu-latest</stat>
<stat pass="3" fail="5" skip="0">windows-latest</stat>
</tag>
<suite>
<stat pass="4" fail="6" skip="0" id="s1" name="Manager">Manager</stat>
<stat pass="3" fail="0" skip="0" id="s1-s1" name="CommandLine">Manager.CommandLine</stat>
<stat pass="1" fail="5" skip="0" id="s1-s2" name="GUI Basic">Manager.GUI Basic</stat>
<stat pass="0" fail="1" skip="0" id="s1-s3" name="GUI Bugs">Manager.GUI Bugs</stat>
</suite>
</statistics>
<errors>
</errors>
</robot>
