<?xml version="1.0" encoding="UTF-8"?>
<robot generator="Robot 6.0.2 (Python 3.7.15 on darwin)" generated="20230307 14:23:26.321" rpa="false" schemaversion="3">
<suite id="s1" name="Manager" source="/Users/runner/work/rfswarm/rfswarm/Tests/Regression/Manager">
<suite id="s1-s1" name="CommandLine" source="/Users/runner/work/rfswarm/rfswarm/Tests/Regression/Manager/CommandLine.robot">
<kw name="Clean Up Old Files" type="SETUP">
<tag>macos-latest</tag>
<tag>ubuntu-latest</tag>
<tag>windows-latest</tag>
<kw name="Log To Console" library="BuiltIn">
<arg>${OUTPUT DIR}</arg>
<doc>Logs the given message to the console.</doc>
<status status="PASS" starttime="20230307 14:23:26.359" endtime="20230307 14:23:26.360"/>
</kw>
<kw name="Remove File" library="OperatingSystem">
<arg>${OUTPUT DIR}${/}*.txt</arg>
<doc>Removes a file with the given path.</doc>
<msg timestamp="20230307 14:23:26.360" level="INFO" html="true">Removed file '&lt;a href="file:///Users/runner/work/rfswarm/rfswarm/Tests/Regression/Manager/Logs/macos-latest_3.7/stdout.txt"&gt;/Users/runner/work/rfswarm/rfswarm/Tests/Regression/Manager/Logs/macos-latest_3.7/stdout.txt&lt;/a&gt;'.</msg>
<msg timestamp="20230307 14:23:26.361" level="INFO" html="true">Removed file '&lt;a href="file:///Users/runner/work/rfswarm/rfswarm/Tests/Regression/Manager/Logs/macos-latest_3.7/stderr.txt"&gt;/Users/runner/work/rfswarm/rfswarm/Tests/Regression/Manager/Logs/macos-latest_3.7/stderr.txt&lt;/a&gt;'.</msg>
<status status="PASS" starttime="20230307 14:23:26.360" endtime="20230307 14:23:26.361"/>
</kw>
<kw name="Remove File" library="OperatingSystem">
<arg>${OUTPUT DIR}${/}*.png</arg>
<doc>Removes a file with the given path.</doc>
<msg timestamp="20230307 14:23:26.361" level="INFO" html="true">Removed file '&lt;a href="file:///Users/runner/work/rfswarm/rfswarm/Tests/Regression/Manager/Logs/macos-latest_3.7/Manager.GUIBasic-screenshot-1.png"&gt;/Users/runner/work/rfswarm/rfswarm/Tests/Regression/Manager/Logs/macos-latest_3.7/Manager.GUIBasic-screenshot-1.png&lt;/a&gt;'.</msg>
<msg timestamp="20230307 14:23:26.362" level="INFO" html="true">Removed file '&lt;a href="file:///Users/runner/work/rfswarm/rfswarm/Tests/Regression/Manager/Logs/macos-latest_3.7/Manager.GUIBasic-screenshot-2.png"&gt;/Users/runner/work/rfswarm/rfswarm/Tests/Regression/Manager/Logs/macos-latest_3.7/Manager.GUIBasic-screenshot-2.png&lt;/a&gt;'.</msg>
<status status="PASS" starttime="20230307 14:23:26.361" endtime="20230307 14:23:26.362"/>
</kw>
<status status="PASS" starttime="20230307 14:23:26.359" endtime="20230307 14:23:26.362"/>
</kw>
<test id="s1-s1-t1" name="Random Offset" line="7">
<kw name="Evaluate" library="BuiltIn">
<var>${random}</var>
<arg>random.randint(0, 60)</arg>
<doc>Evaluates the given expression in Python and returns the result.</doc>
<msg timestamp="20230307 14:23:26.363" level="INFO">${random} = 40</msg>
<status status="PASS" starttime="20230307 14:23:26.363" endtime="20230307 14:23:26.363"/>
</kw>
<kw name="Sleep" library="BuiltIn">
<arg>${random}</arg>
<doc>Pauses the test executed for the given time.</doc>
<msg timestamp="20230307 14:24:06.366" level="INFO">Slept 40 seconds</msg>
<status status="PASS" starttime="20230307 14:23:26.363" endtime="20230307 14:24:06.366"/>
</kw>
<doc>This just prevents all the test runners doing git push at the same time</doc>
<tag>macos-latest</tag>
<tag>ubuntu-latest</tag>
<tag>windows-latest</tag>
<status status="PASS" starttime="20230307 14:23:26.362" endtime="20230307 14:24:06.366"/>
</test>
<test id="s1-s1-t2" name="Manager Version" line="13">
<kw name="Run" library="OperatingSystem">
<var>${result}</var>
<arg>python3 ${EXECDIR}${/}rfswarm_manager${/}rfswarm.py -v</arg>
<doc>Runs the given command in the system and returns the output.</doc>
<msg timestamp="20230307 14:24:06.374" level="INFO">Running command 'python3 /Users/runner/work/rfswarm/rfswarm/rfswarm_manager/rfswarm.py -v 2&gt;&amp;1'.</msg>
<msg timestamp="20230307 14:24:18.861" level="INFO">${result} = Robot Framework Swarm: Manager 
	Version 1.1.0 </msg>
<status status="PASS" starttime="20230307 14:24:06.367" endtime="20230307 14:24:18.862"/>
</kw>
<kw name="Log To Console" library="BuiltIn">
<arg>${\n}${result}</arg>
<doc>Logs the given message to the console.</doc>
<status status="PASS" starttime="20230307 14:24:18.862" endtime="20230307 14:24:18.863"/>
</kw>
<kw name="Should Contain" library="BuiltIn">
<arg>${result}</arg>
<arg>Version</arg>
<doc>Fails if ``container`` does not contain ``item`` one or more times.</doc>
<status status="PASS" starttime="20230307 14:24:18.863" endtime="20230307 14:24:18.863"/>
</kw>
<kw name="Should Contain" library="BuiltIn">
<arg>${result}</arg>
<arg>Manager</arg>
<doc>Fails if ``container`` does not contain ``item`` one or more times.</doc>
<status status="PASS" starttime="20230307 14:24:18.863" endtime="20230307 14:24:18.863"/>
</kw>
<tag>macos-latest</tag>
<tag>ubuntu-latest</tag>
<tag>windows-latest</tag>
<status status="PASS" starttime="20230307 14:24:06.367" endtime="20230307 14:24:18.864"/>
</test>
<test id="s1-s1-t3" name="Manager Help" line="20">
<kw name="Run" library="OperatingSystem">
<var>${result}</var>
<arg>python3 ${EXECDIR}${/}rfswarm_manager${/}rfswarm.py -h</arg>
<doc>Runs the given command in the system and returns the output.</doc>
<msg timestamp="20230307 14:24:18.870" level="INFO">Running command 'python3 /Users/runner/work/rfswarm/rfswarm/rfswarm_manager/rfswarm.py -h 2&gt;&amp;1'.</msg>
<msg timestamp="20230307 14:24:20.322" level="INFO">${result} = Robot Framework Swarm: Manager 
	Version 1.1.0 
usage: rfswarm.py [-h] [-g DEBUG] [-v] [-i INI] [-s SCENARIO] [-r] [-a AGENTS]
                  [-n] [-t STARTTIME] [-d DIR] [-e IPADDRESS] [-p PORT]

...</msg>
<status status="PASS" starttime="20230307 14:24:18.865" endtime="20230307 14:24:20.322"/>
</kw>
<kw name="Log To Console" library="BuiltIn">
<arg>${\n}${result}</arg>
<doc>Logs the given message to the console.</doc>
<status status="PASS" starttime="20230307 14:24:20.322" endtime="20230307 14:24:20.323"/>
</kw>
<kw name="Should Contain" library="BuiltIn">
<arg>${result}</arg>
<arg>IPADDRESS</arg>
<doc>Fails if ``container`` does not contain ``item`` one or more times.</doc>
<status status="PASS" starttime="20230307 14:24:20.323" endtime="20230307 14:24:20.323"/>
</kw>
<tag>macos-latest</tag>
<tag>ubuntu-latest</tag>
<tag>windows-latest</tag>
<status status="PASS" starttime="20230307 14:24:18.864" endtime="20230307 14:24:20.324"/>
</test>
<status status="PASS" starttime="20230307 14:23:26.348" endtime="20230307 14:24:20.325"/>
</suite>
<suite id="s1-s2" name="GUI Basic" source="/Users/runner/work/rfswarm/rfswarm/Tests/Regression/Manager/GUI_Basic.robot">
<test id="s1-s2-t1" name="Open GUI" line="13">
<kw name="Set Suite Variable" library="BuiltIn">
<arg>${platform}</arg>
<arg>macos</arg>
<doc>Makes a variable available everywhere within the scope of the current suite.</doc>
<msg timestamp="20230307 14:24:30.911" level="INFO">${platform} = macos</msg>
<status status="PASS" starttime="20230307 14:24:30.909" endtime="20230307 14:24:30.911"/>
</kw>
<kw name="Set Confidence" library="ImageHorizonLibrary">
<arg>0.9</arg>
<doc>Sets the accuracy when finding images.</doc>
<status status="PASS" starttime="20230307 14:24:30.911" endtime="20230307 14:24:31.174"/>
</kw>
<kw name="Start Process" library="Process">
<var>${process}</var>
<arg>python3</arg>
<arg>${pyfile}</arg>
<arg>-g</arg>
<arg>5</arg>
<arg>alias=Manager</arg>
<arg>stdout=${OUTPUT DIR}${/}stdout.txt</arg>
<arg>stderr=${OUTPUT DIR}${/}stderr.txt</arg>
<doc>Starts a new process on background.</doc>
<msg timestamp="20230307 14:24:31.177" level="INFO">Starting process:
python3 /Users/runner/work/rfswarm/rfswarm/rfswarm_manager/rfswarm.py -g 5</msg>
<msg timestamp="20230307 14:24:31.183" level="INFO">${process} = &lt;subprocess.Popen object at 0x11841e5d0&gt;</msg>
<status status="PASS" starttime="20230307 14:24:31.175" endtime="20230307 14:24:31.184"/>
</kw>
<kw name="Set Test Variable" library="BuiltIn">
<arg>$process</arg>
<arg>${process}</arg>
<doc>Makes a variable available everywhere within the scope of the current test.</doc>
<msg timestamp="20230307 14:24:31.185" level="INFO">${process} = &lt;subprocess.Popen object at 0x11841e5d0&gt;</msg>
<status status="PASS" starttime="20230307 14:24:31.184" endtime="20230307 14:24:31.185"/>
</kw>
<kw name="Sleep" library="BuiltIn">
<arg>10</arg>
<doc>Pauses the test executed for the given time.</doc>
<msg timestamp="20230307 14:24:41.196" level="INFO">Slept 10 seconds</msg>
<status status="PASS" starttime="20230307 14:24:31.185" endtime="20230307 14:24:41.196"/>
</kw>
<kw name="Set Screenshot Folder" library="ImageHorizonLibrary">
<arg>${OUTPUT DIR}</arg>
<doc>Sets the folder where screenshots are saved to.</doc>
<status status="PASS" starttime="20230307 14:24:41.197" endtime="20230307 14:24:41.197"/>
</kw>
<kw name="Take A Screenshot" library="ImageHorizonLibrary">
<doc>Takes a screenshot of the screen.</doc>
<msg timestamp="20230307 14:24:41.197" level="INFO" html="true">Screenshot taken: /Users/runner/work/rfswarm/rfswarm/Tests/Regression/Manager/Logs/macos-latest_3.7/Manager.GUIBasic-screenshot-1.png&lt;br/&gt;&lt;img src="/Users/runner/work/rfswarm/rfswarm/Tests/Regression/Manager/Logs/macos-latest_3.7/Manager.GUIBasic-screenshot-1.png" width="100%" /&gt;</msg>
<status status="PASS" starttime="20230307 14:24:41.197" endtime="20230307 14:24:41.494"/>
</kw>
<tag>macos-latest</tag>
<status status="PASS" starttime="20230307 14:24:30.908" endtime="20230307 14:24:41.494"/>
</test>
<test id="s1-s2-t2" name="Select Run Tab" line="43">
<kw name="Click Run Tab">
<kw name="Set Variable" library="BuiltIn">
<var>${img}</var>
<arg>manager_${platform}_tab_run.png</arg>
<doc>Returns the given values which can then be assigned to a variables.</doc>
<msg timestamp="20230307 14:24:41.497" level="INFO">${img} = manager_macos_tab_run.png</msg>
<status status="PASS" starttime="20230307 14:24:41.496" endtime="20230307 14:24:41.497"/>
</kw>
<kw name="Log" library="BuiltIn">
<arg>/Users/runner/work/rfswarm/rfswarm/Tests/Regression/Manager</arg>
<doc>Logs the given message with the given level.</doc>
<msg timestamp="20230307 14:24:41.497" level="INFO">/Users/runner/work/rfswarm/rfswarm/Tests/Regression/Manager</msg>
<status status="PASS" starttime="20230307 14:24:41.497" endtime="20230307 14:24:41.497"/>
</kw>
<kw name="Log" library="BuiltIn">
<arg>${IMAGE_DIR}</arg>
<doc>Logs the given message with the given level.</doc>
<msg timestamp="20230307 14:24:41.497" level="INFO">/Users/runner/work/rfswarm/rfswarm/Tests/Regression/Manager/Images/file_method</msg>
<status status="PASS" starttime="20230307 14:24:41.497" endtime="20230307 14:24:41.497"/>
</kw>
<kw name="Wait For" library="ImageHorizonLibrary">
<arg>${img}</arg>
<arg>timeout=10</arg>
<doc>Tries to locate given image from the screen for given time.</doc>
<msg timestamp="20230307 14:24:41.922" level="INFO">Image "manager_macos_tab_run.png" found at (364, 75)</msg>
<status status="PASS" starttime="20230307 14:24:41.498" endtime="20230307 14:24:41.922"/>
</kw>
<kw name="Locate" library="ImageHorizonLibrary">
<var>@{coordinates}</var>
<arg>${img}</arg>
<doc>Locate image on screen.</doc>
<msg timestamp="20230307 14:24:42.306" level="INFO">Image "/Users/runner/work/rfswarm/rfswarm/Tests/Regression/Manager/Images/file_method/manager_macos_tab_run.png" found at Box(left=342, top=62, width=44, height=26)</msg>
<msg timestamp="20230307 14:24:42.307" level="INFO">@{coordinates} = [ 364 | 75 ]</msg>
<status status="PASS" starttime="20230307 14:24:41.922" endtime="20230307 14:24:42.307"/>
</kw>
<kw name="Click Image" library="ImageHorizonLibrary">
<arg>${img}</arg>
<doc>Finds the reference image on screen and clicks it once.</doc>
<msg timestamp="20230307 14:24:42.674" level="INFO">Image "/Users/runner/work/rfswarm/rfswarm/Tests/Regression/Manager/Images/file_method/manager_macos_tab_run.png" found at Box(left=342, top=62, width=44, height=26)</msg>
<msg timestamp="20230307 14:24:42.674" level="INFO">Clicking image "manager_macos_tab_run.png" in position (364, 75)</msg>
<status status="PASS" starttime="20230307 14:24:42.308" endtime="20230307 14:24:42.907"/>
</kw>
<kw name="Sleep" library="BuiltIn">
<arg>0.1</arg>
<doc>Pauses the test executed for the given time.</doc>
<msg timestamp="20230307 14:24:43.016" level="INFO">Slept 100 milliseconds</msg>
<status status="PASS" starttime="20230307 14:24:42.907" endtime="20230307 14:24:43.017"/>
</kw>
<kw name="Take A Screenshot" library="ImageHorizonLibrary">
<doc>Takes a screenshot of the screen.</doc>
<msg timestamp="20230307 14:24:43.017" level="INFO" html="true">Screenshot taken: /Users/runner/work/rfswarm/rfswarm/Tests/Regression/Manager/Logs/macos-latest_3.7/Manager.GUIBasic-screenshot-2.png&lt;br/&gt;&lt;img src="/Users/runner/work/rfswarm/rfswarm/Tests/Regression/Manager/Logs/macos-latest_3.7/Manager.GUIBasic-screenshot-2.png" width="100%" /&gt;</msg>
<status status="PASS" starttime="20230307 14:24:43.017" endtime="20230307 14:24:43.270"/>
</kw>
<status status="PASS" starttime="20230307 14:24:41.496" endtime="20230307 14:24:43.271"/>
</kw>
<kw name="Sleep" library="BuiltIn">
<arg>5</arg>
<doc>Pauses the test executed for the given time.</doc>
<msg timestamp="20230307 14:24:48.292" level="INFO">Slept 5 seconds</msg>
<status status="PASS" starttime="20230307 14:24:43.271" endtime="20230307 14:24:48.292"/>
</kw>
<tag>macos-latest</tag>
<tag>ubuntu-latest</tag>
<tag>windows-latest</tag>
<status status="PASS" starttime="20230307 14:24:41.495" endtime="20230307 14:24:48.292"/>
</test>
<test id="s1-s2-t3" name="Close GUI" line="62">
<kw name="Click Image" library="ImageHorizonLibrary">
<arg>manager_${platform}_menu_python3.png</arg>
<doc>Finds the reference image on screen and clicks it once.</doc>
<msg timestamp="20230307 14:24:48.668" level="INFO">Image "/Users/runner/work/rfswarm/rfswarm/Tests/Regression/Manager/Images/file_method/manager_macos_menu_python3.png" found at Box(left=46, top=0, width=64, height=23)</msg>
<msg timestamp="20230307 14:24:48.668" level="INFO">Clicking image "manager_macos_menu_python3.png" in position (78, 11)</msg>
<status status="PASS" starttime="20230307 14:24:48.293" endtime="20230307 14:24:48.782"/>
</kw>
<kw name="Take A Screenshot" library="ImageHorizonLibrary">
<doc>Takes a screenshot of the screen.</doc>
<msg timestamp="20230307 14:24:48.784" level="INFO" html="true">Screenshot taken: /Users/runner/work/rfswarm/rfswarm/Tests/Regression/Manager/Logs/macos-latest_3.7/Manager.GUIBasic-screenshot-3.png&lt;br/&gt;&lt;img src="/Users/runner/work/rfswarm/rfswarm/Tests/Regression/Manager/Logs/macos-latest_3.7/Manager.GUIBasic-screenshot-3.png" width="100%" /&gt;</msg>
<status status="PASS" starttime="20230307 14:24:48.783" endtime="20230307 14:24:49.036"/>
</kw>
<kw name="Wait For Process" library="Process">
<var>${result}</var>
<arg>${process}</arg>
<arg>timeout=60</arg>
<doc>Waits for the process to complete or to reach the given timeout.</doc>
<msg timestamp="20230307 14:24:49.038" level="INFO">Waiting for process to complete.</msg>
<msg timestamp="20230307 14:25:49.188" level="INFO">Process did not complete in 1 minute.</msg>
<msg timestamp="20230307 14:25:49.188" level="INFO">Leaving process intact.</msg>
<msg timestamp="20230307 14:25:49.188" level="INFO">${result} = None</msg>
<status status="PASS" starttime="20230307 14:24:49.037" endtime="20230307 14:25:49.188"/>
</kw>
<kw name="Is Process Running" library="Process">
<var>${running}</var>
<arg>${process}</arg>
<doc>Checks is the process running or not.</doc>
<msg timestamp="20230307 14:25:49.189" level="INFO">${running} = True</msg>
<status status="PASS" starttime="20230307 14:25:49.189" endtime="20230307 14:25:49.189"/>
</kw>
<if>
<branch type="IF" condition="not ${running}">
<kw name="Should Be Equal As Integers" library="BuiltIn">
<arg>${result.rc}</arg>
<arg>0</arg>
<doc>Fails if objects are unequal after converting them to integers.</doc>
<status status="NOT RUN" starttime="20230307 14:25:49.190" endtime="20230307 14:25:49.190"/>
</kw>
<status status="NOT RUN" starttime="20230307 14:25:49.189" endtime="20230307 14:25:49.190"/>
</branch>
<branch type="ELSE">
<kw name="Take A Screenshot" library="ImageHorizonLibrary">
<doc>Takes a screenshot of the screen.</doc>
<msg timestamp="20230307 14:25:49.191" level="INFO" html="true">Screenshot taken: /Users/runner/work/rfswarm/rfswarm/Tests/Regression/Manager/Logs/macos-latest_3.7/Manager.GUIBasic-screenshot-4.png&lt;br/&gt;&lt;img src="/Users/runner/work/rfswarm/rfswarm/Tests/Regression/Manager/Logs/macos-latest_3.7/Manager.GUIBasic-screenshot-4.png" width="100%" /&gt;</msg>
<status status="PASS" starttime="20230307 14:25:49.190" endtime="20230307 14:25:49.455"/>
</kw>
<kw name="Terminate Process" library="Process">
<var>${result}</var>
<arg>${process}</arg>
<doc>Stops the process gracefully or forcefully.</doc>
<msg timestamp="20230307 14:25:49.456" level="INFO">Gracefully terminating process.</msg>
<msg timestamp="20230307 14:26:19.469" level="INFO">Graceful termination failed.</msg>
<msg timestamp="20230307 14:26:19.469" level="INFO">Forcefully killing process.</msg>
<msg timestamp="20230307 14:26:19.649" level="INFO">Process completed.</msg>
<msg timestamp="20230307 14:26:19.650" level="INFO">${result} = &lt;result object with rc -9&gt;</msg>
<status status="PASS" starttime="20230307 14:25:49.456" endtime="20230307 14:26:19.650"/>
</kw>
<kw name="Fail" library="BuiltIn">
<doc>Fails the test with the given message and optionally alters its tags.</doc>
<msg timestamp="20230307 14:26:19.651" level="FAIL">AssertionError</msg>
<status status="FAIL" starttime="20230307 14:26:19.650" endtime="20230307 14:26:19.652"/>
</kw>
<status status="FAIL" starttime="20230307 14:25:49.190" endtime="20230307 14:26:19.652"/>
</branch>
<status status="FAIL" starttime="20230307 14:25:49.189" endtime="20230307 14:26:19.653"/>
</if>
<tag>macos-latest</tag>
<status status="FAIL" starttime="20230307 14:24:48.293" endtime="20230307 14:26:19.653">AssertionError</status>
</test>
<status status="FAIL" starttime="20230307 14:24:20.326" endtime="20230307 14:26:19.659"/>
</suite>
<status status="FAIL" starttime="20230307 14:23:26.322" endtime="20230307 14:26:19.663"/>
</suite>
<statistics>
<total>
<stat pass="5" fail="1" skip="0">All Tests</stat>
</total>
<tag>
<stat pass="5" fail="1" skip="0">macos-latest</stat>
<stat pass="4" fail="0" skip="0">ubuntu-latest</stat>
<stat pass="4" fail="0" skip="0">windows-latest</stat>
</tag>
<suite>
<stat pass="5" fail="1" skip="0" id="s1" name="Manager">Manager</stat>
<stat pass="3" fail="0" skip="0" id="s1-s1" name="CommandLine">Manager.CommandLine</stat>
<stat pass="2" fail="1" skip="0" id="s1-s2" name="GUI Basic">Manager.GUI Basic</stat>
</suite>
</statistics>
<errors>
</errors>
</robot>
