<?xml version="1.0" encoding="UTF-8"?>
<robot generator="Robot 6.0.2 (Python 3.7.15 on darwin)" generated="20230311 11:20:06.066" rpa="false" schemaversion="3">
<suite id="s1" name="Manager" source="/Users/runner/work/rfswarm/rfswarm/Tests/Regression/Manager">
<suite id="s1-s1" name="CommandLine" source="/Users/runner/work/rfswarm/rfswarm/Tests/Regression/Manager/CommandLine.robot">
<kw name="Clean Up Old Files" type="SETUP">
<tag>macos-latest</tag>
<tag>ubuntu-latest</tag>
<tag>windows-latest</tag>
<kw name="Log To Console" library="BuiltIn">
<arg>${OUTPUT DIR}</arg>
<doc>Logs the given message to the console.</doc>
<status status="PASS" starttime="20230311 11:20:06.141" endtime="20230311 11:20:06.141"/>
</kw>
<kw name="Remove File" library="OperatingSystem">
<arg>${OUTPUT DIR}${/}*.txt</arg>
<doc>Removes a file with the given path.</doc>
<msg timestamp="20230311 11:20:06.143" level="INFO" html="true">Removed file '&lt;a href="file:///Users/runner/work/rfswarm/rfswarm/Tests/Regression/Manager/Logs/macos-latest_3.7/stdout.txt"&gt;/Users/runner/work/rfswarm/rfswarm/Tests/Regression/Manager/Logs/macos-latest_3.7/stdout.txt&lt;/a&gt;'.</msg>
<msg timestamp="20230311 11:20:06.143" level="INFO" html="true">Removed file '&lt;a href="file:///Users/runner/work/rfswarm/rfswarm/Tests/Regression/Manager/Logs/macos-latest_3.7/stderr.txt"&gt;/Users/runner/work/rfswarm/rfswarm/Tests/Regression/Manager/Logs/macos-latest_3.7/stderr.txt&lt;/a&gt;'.</msg>
<status status="PASS" starttime="20230311 11:20:06.141" endtime="20230311 11:20:06.143"/>
</kw>
<kw name="Remove File" library="OperatingSystem">
<arg>${OUTPUT DIR}${/}*.png</arg>
<doc>Removes a file with the given path.</doc>
<msg timestamp="20230311 11:20:06.144" level="INFO" html="true">Removed file '&lt;a href="file:///Users/runner/work/rfswarm/rfswarm/Tests/Regression/Manager/Logs/macos-latest_3.7/Manager.GUIBasic-screenshot-1.png"&gt;/Users/runner/work/rfswarm/rfswarm/Tests/Regression/Manager/Logs/macos-latest_3.7/Manager.GUIBasic-screenshot-1.png&lt;/a&gt;'.</msg>
<msg timestamp="20230311 11:20:06.144" level="INFO" html="true">Removed file '&lt;a href="file:///Users/runner/work/rfswarm/rfswarm/Tests/Regression/Manager/Logs/macos-latest_3.7/Manager.GUIBasic-screenshot-2.png"&gt;/Users/runner/work/rfswarm/rfswarm/Tests/Regression/Manager/Logs/macos-latest_3.7/Manager.GUIBasic-screenshot-2.png&lt;/a&gt;'.</msg>
<msg timestamp="20230311 11:20:06.145" level="INFO" html="true">Removed file '&lt;a href="file:///Users/runner/work/rfswarm/rfswarm/Tests/Regression/Manager/Logs/macos-latest_3.7/Manager.GUIBasic-screenshot-3.png"&gt;/Users/runner/work/rfswarm/rfswarm/Tests/Regression/Manager/Logs/macos-latest_3.7/Manager.GUIBasic-screenshot-3.png&lt;/a&gt;'.</msg>
<msg timestamp="20230311 11:20:06.145" level="INFO" html="true">Removed file '&lt;a href="file:///Users/runner/work/rfswarm/rfswarm/Tests/Regression/Manager/Logs/macos-latest_3.7/Manager.GUIBasic-screenshot-6.png"&gt;/Users/runner/work/rfswarm/rfswarm/Tests/Regression/Manager/Logs/macos-latest_3.7/Manager.GUIBasic-screenshot-6.png&lt;/a&gt;'.</msg>
<msg timestamp="20230311 11:20:06.145" level="INFO" html="true">Removed file '&lt;a href="file:///Users/runner/work/rfswarm/rfswarm/Tests/Regression/Manager/Logs/macos-latest_3.7/Manager.GUIBasic-screenshot-4.png"&gt;/Users/runner/work/rfswarm/rfswarm/Tests/Regression/Manager/Logs/macos-latest_3.7/Manager.GUIBasic-screenshot-4.png&lt;/a&gt;'.</msg>
<msg timestamp="20230311 11:20:06.145" level="INFO" html="true">Removed file '&lt;a href="file:///Users/runner/work/rfswarm/rfswarm/Tests/Regression/Manager/Logs/macos-latest_3.7/Manager.GUIBasic-screenshot-5.png"&gt;/Users/runner/work/rfswarm/rfswarm/Tests/Regression/Manager/Logs/macos-latest_3.7/Manager.GUIBasic-screenshot-5.png&lt;/a&gt;'.</msg>
<status status="PASS" starttime="20230311 11:20:06.143" endtime="20230311 11:20:06.145"/>
</kw>
<status status="PASS" starttime="20230311 11:20:06.140" endtime="20230311 11:20:06.145"/>
</kw>
<test id="s1-s1-t1" name="Random Offset" line="7">
<kw name="Evaluate" library="BuiltIn">
<var>${random}</var>
<arg>random.randint(0, 60)</arg>
<doc>Evaluates the given expression in Python and returns the result.</doc>
<msg timestamp="20230311 11:20:06.146" level="INFO">${random} = 25</msg>
<status status="PASS" starttime="20230311 11:20:06.146" endtime="20230311 11:20:06.146"/>
</kw>
<kw name="Sleep" library="BuiltIn">
<arg>${random}</arg>
<doc>Pauses the test executed for the given time.</doc>
<msg timestamp="20230311 11:20:31.181" level="INFO">Slept 25 seconds</msg>
<status status="PASS" starttime="20230311 11:20:06.147" endtime="20230311 11:20:31.181"/>
</kw>
<doc>This just prevents all the test runners doing git push at the same time</doc>
<tag>macos-latest</tag>
<tag>ubuntu-latest</tag>
<tag>windows-latest</tag>
<status status="PASS" starttime="20230311 11:20:06.145" endtime="20230311 11:20:31.182"/>
</test>
<test id="s1-s1-t2" name="Manager Version" line="13">
<kw name="Run" library="OperatingSystem">
<var>${result}</var>
<arg>python3 ${EXECDIR}${/}rfswarm_manager${/}rfswarm.py -v</arg>
<doc>Runs the given command in the system and returns the output.</doc>
<msg timestamp="20230311 11:20:31.188" level="INFO">Running command 'python3 /Users/runner/work/rfswarm/rfswarm/rfswarm_manager/rfswarm.py -v 2&gt;&amp;1'.</msg>
<msg timestamp="20230311 11:20:44.073" level="INFO">${result} = Robot Framework Swarm: Manager 
	Version 1.1.0 </msg>
<status status="PASS" starttime="20230311 11:20:31.183" endtime="20230311 11:20:44.073"/>
</kw>
<kw name="Log To Console" library="BuiltIn">
<arg>${\n}${result}</arg>
<doc>Logs the given message to the console.</doc>
<status status="PASS" starttime="20230311 11:20:44.074" endtime="20230311 11:20:44.074"/>
</kw>
<kw name="Should Contain" library="BuiltIn">
<arg>${result}</arg>
<arg>Version</arg>
<doc>Fails if ``container`` does not contain ``item`` one or more times.</doc>
<status status="PASS" starttime="20230311 11:20:44.074" endtime="20230311 11:20:44.075"/>
</kw>
<kw name="Should Contain" library="BuiltIn">
<arg>${result}</arg>
<arg>Manager</arg>
<doc>Fails if ``container`` does not contain ``item`` one or more times.</doc>
<status status="PASS" starttime="20230311 11:20:44.075" endtime="20230311 11:20:44.075"/>
</kw>
<tag>macos-latest</tag>
<tag>ubuntu-latest</tag>
<tag>windows-latest</tag>
<status status="PASS" starttime="20230311 11:20:31.182" endtime="20230311 11:20:44.075"/>
</test>
<test id="s1-s1-t3" name="Manager Help" line="20">
<kw name="Run" library="OperatingSystem">
<var>${result}</var>
<arg>python3 ${EXECDIR}${/}rfswarm_manager${/}rfswarm.py -h</arg>
<doc>Runs the given command in the system and returns the output.</doc>
<msg timestamp="20230311 11:20:44.080" level="INFO">Running command 'python3 /Users/runner/work/rfswarm/rfswarm/rfswarm_manager/rfswarm.py -h 2&gt;&amp;1'.</msg>
<msg timestamp="20230311 11:20:45.376" level="INFO">${result} = Robot Framework Swarm: Manager 
	Version 1.1.0 
usage: rfswarm.py [-h] [-g DEBUG] [-v] [-i INI] [-s SCENARIO] [-r] [-a AGENTS]
                  [-n] [-t STARTTIME] [-d DIR] [-e IPADDRESS] [-p PORT]

...</msg>
<status status="PASS" starttime="20230311 11:20:44.076" endtime="20230311 11:20:45.376"/>
</kw>
<kw name="Log To Console" library="BuiltIn">
<arg>${\n}${result}</arg>
<doc>Logs the given message to the console.</doc>
<status status="PASS" starttime="20230311 11:20:45.376" endtime="20230311 11:20:45.377"/>
</kw>
<kw name="Should Contain" library="BuiltIn">
<arg>${result}</arg>
<arg>IPADDRESS</arg>
<doc>Fails if ``container`` does not contain ``item`` one or more times.</doc>
<status status="PASS" starttime="20230311 11:20:45.377" endtime="20230311 11:20:45.377"/>
</kw>
<tag>macos-latest</tag>
<tag>ubuntu-latest</tag>
<tag>windows-latest</tag>
<status status="PASS" starttime="20230311 11:20:44.076" endtime="20230311 11:20:45.378"/>
</test>
<status status="PASS" starttime="20230311 11:20:06.094" endtime="20230311 11:20:45.379"/>
</suite>
<suite id="s1-s2" name="GUI Basic" source="/Users/runner/work/rfswarm/rfswarm/Tests/Regression/Manager/GUI_Basic.robot">
<test id="s1-s2-t1" name="Open GUI" line="14">
<kw name="Set Suite Variable" library="BuiltIn">
<arg>${platform}</arg>
<arg>macos</arg>
<doc>Makes a variable available everywhere within the scope of the current suite.</doc>
<msg timestamp="20230311 11:20:57.021" level="INFO">${platform} = macos</msg>
<status status="PASS" starttime="20230311 11:20:57.020" endtime="20230311 11:20:57.022"/>
</kw>
<kw name="Set Confidence" library="ImageHorizonLibrary">
<arg>0.9</arg>
<doc>Sets the accuracy when finding images.</doc>
<status status="PASS" starttime="20230311 11:20:57.022" endtime="20230311 11:20:57.298"/>
</kw>
<kw name="Start Process" library="Process">
<var>${process}</var>
<arg>python3</arg>
<arg>${pyfile}</arg>
<arg>-g</arg>
<arg>5</arg>
<arg>alias=Manager</arg>
<arg>stdout=${OUTPUT DIR}${/}stdout.txt</arg>
<arg>stderr=${OUTPUT DIR}${/}stderr.txt</arg>
<doc>Starts a new process on background.</doc>
<msg timestamp="20230311 11:20:57.302" level="INFO">Starting process:
python3 /Users/runner/work/rfswarm/rfswarm/rfswarm_manager/rfswarm.py -g 5</msg>
<msg timestamp="20230311 11:20:57.311" level="INFO">${process} = &lt;subprocess.Popen object at 0x10906c550&gt;</msg>
<status status="PASS" starttime="20230311 11:20:57.300" endtime="20230311 11:20:57.311"/>
</kw>
<kw name="Set Test Variable" library="BuiltIn">
<arg>$process</arg>
<arg>${process}</arg>
<doc>Makes a variable available everywhere within the scope of the current test.</doc>
<msg timestamp="20230311 11:20:57.313" level="INFO">${process} = &lt;subprocess.Popen object at 0x10906c550&gt;</msg>
<status status="PASS" starttime="20230311 11:20:57.312" endtime="20230311 11:20:57.313"/>
</kw>
<kw name="Sleep" library="BuiltIn">
<arg>10</arg>
<doc>Pauses the test executed for the given time.</doc>
<msg timestamp="20230311 11:21:07.314" level="INFO">Slept 10 seconds</msg>
<status status="PASS" starttime="20230311 11:20:57.314" endtime="20230311 11:21:07.315"/>
</kw>
<kw name="Set Screenshot Folder" library="ImageHorizonLibrary">
<arg>${OUTPUT DIR}</arg>
<doc>Sets the folder where screenshots are saved to.</doc>
<status status="PASS" starttime="20230311 11:21:07.315" endtime="20230311 11:21:07.316"/>
</kw>
<kw name="Take A Screenshot" library="ImageHorizonLibrary">
<doc>Takes a screenshot of the screen.</doc>
<msg timestamp="20230311 11:21:07.316" level="INFO" html="true">Screenshot taken: /Users/runner/work/rfswarm/rfswarm/Tests/Regression/Manager/Logs/macos-latest_3.7/Manager.GUIBasic-screenshot-1.png&lt;br/&gt;&lt;img src="/Users/runner/work/rfswarm/rfswarm/Tests/Regression/Manager/Logs/macos-latest_3.7/Manager.GUIBasic-screenshot-1.png" width="100%" /&gt;</msg>
<status status="PASS" starttime="20230311 11:21:07.316" endtime="20230311 11:21:07.655"/>
</kw>
<tag>macos-latest</tag>
<status status="PASS" starttime="20230311 11:20:57.019" endtime="20230311 11:21:07.656"/>
</test>
<test id="s1-s2-t2" name="Select Run Tab" line="44">
<kw name="Click Tab">
<arg>Run</arg>
<kw name="Convert To Lower Case" library="String">
<var>${tabnamel}</var>
<arg>${tabname}</arg>
<doc>Converts string to lower case.</doc>
<msg timestamp="20230311 11:21:07.658" level="INFO">${tabnamel} = run</msg>
<status status="PASS" starttime="20230311 11:21:07.658" endtime="20230311 11:21:07.658"/>
</kw>
<kw name="Set Variable" library="BuiltIn">
<var>${img}</var>
<arg>manager_${platform}_tab_${tabnamel}.png</arg>
<doc>Returns the given values which can then be assigned to a variables.</doc>
<msg timestamp="20230311 11:21:07.659" level="INFO">${img} = manager_macos_tab_run.png</msg>
<status status="PASS" starttime="20230311 11:21:07.658" endtime="20230311 11:21:07.659"/>
</kw>
<kw name="Log" library="BuiltIn">
<arg>/Users/runner/work/rfswarm/rfswarm/Tests/Regression/Manager</arg>
<doc>Logs the given message with the given level.</doc>
<msg timestamp="20230311 11:21:07.659" level="INFO">/Users/runner/work/rfswarm/rfswarm/Tests/Regression/Manager</msg>
<status status="PASS" starttime="20230311 11:21:07.659" endtime="20230311 11:21:07.659"/>
</kw>
<kw name="Log" library="BuiltIn">
<arg>${IMAGE_DIR}</arg>
<doc>Logs the given message with the given level.</doc>
<msg timestamp="20230311 11:21:07.659" level="INFO">/Users/runner/work/rfswarm/rfswarm/Tests/Regression/Manager/Images/file_method</msg>
<status status="PASS" starttime="20230311 11:21:07.659" endtime="20230311 11:21:07.659"/>
</kw>
<kw name="Wait For" library="ImageHorizonLibrary">
<arg>${img}</arg>
<arg>timeout=10</arg>
<doc>Tries to locate given image from the screen for given time.</doc>
<msg timestamp="20230311 11:21:08.067" level="INFO">Image "manager_macos_tab_run.png" found at (364, 75)</msg>
<status status="PASS" starttime="20230311 11:21:07.660" endtime="20230311 11:21:08.067"/>
</kw>
<kw name="Locate" library="ImageHorizonLibrary">
<var>@{coordinates}</var>
<arg>${img}</arg>
<doc>Locate image on screen.</doc>
<msg timestamp="20230311 11:21:08.499" level="INFO">Image "/Users/runner/work/rfswarm/rfswarm/Tests/Regression/Manager/Images/file_method/manager_macos_tab_run.png" found at Box(left=342, top=62, width=44, height=26)</msg>
<msg timestamp="20230311 11:21:08.500" level="INFO">@{coordinates} = [ 364 | 75 ]</msg>
<status status="PASS" starttime="20230311 11:21:08.068" endtime="20230311 11:21:08.500"/>
</kw>
<kw name="Click Image" library="ImageHorizonLibrary">
<arg>${img}</arg>
<doc>Finds the reference image on screen and clicks it once.</doc>
<msg timestamp="20230311 11:21:08.929" level="INFO">Image "/Users/runner/work/rfswarm/rfswarm/Tests/Regression/Manager/Images/file_method/manager_macos_tab_run.png" found at Box(left=342, top=62, width=44, height=26)</msg>
<msg timestamp="20230311 11:21:08.930" level="INFO">Clicking image "manager_macos_tab_run.png" in position (364, 75)</msg>
<status status="PASS" starttime="20230311 11:21:08.501" endtime="20230311 11:21:09.123"/>
</kw>
<kw name="Sleep" library="BuiltIn">
<arg>0.1</arg>
<doc>Pauses the test executed for the given time.</doc>
<msg timestamp="20230311 11:21:09.231" level="INFO">Slept 100 milliseconds</msg>
<status status="PASS" starttime="20230311 11:21:09.123" endtime="20230311 11:21:09.232"/>
</kw>
<kw name="Take A Screenshot" library="ImageHorizonLibrary">
<doc>Takes a screenshot of the screen.</doc>
<msg timestamp="20230311 11:21:09.233" level="INFO" html="true">Screenshot taken: /Users/runner/work/rfswarm/rfswarm/Tests/Regression/Manager/Logs/macos-latest_3.7/Manager.GUIBasic-screenshot-2.png&lt;br/&gt;&lt;img src="/Users/runner/work/rfswarm/rfswarm/Tests/Regression/Manager/Logs/macos-latest_3.7/Manager.GUIBasic-screenshot-2.png" width="100%" /&gt;</msg>
<status status="PASS" starttime="20230311 11:21:09.232" endtime="20230311 11:21:09.505"/>
</kw>
<status status="PASS" starttime="20230311 11:21:07.657" endtime="20230311 11:21:09.507"/>
</kw>
<kw name="Sleep" library="BuiltIn">
<arg>5</arg>
<doc>Pauses the test executed for the given time.</doc>
<msg timestamp="20230311 11:21:14.508" level="INFO">Slept 5 seconds</msg>
<status status="PASS" starttime="20230311 11:21:09.507" endtime="20230311 11:21:14.508"/>
</kw>
<tag>macos-latest</tag>
<tag>ubuntu-latest</tag>
<tag>windows-latest</tag>
<status status="PASS" starttime="20230311 11:21:07.656" endtime="20230311 11:21:14.508"/>
</test>
<test id="s1-s2-t3" name="Select Agents Tab" line="49">
<kw name="Click Tab">
<arg>Agents</arg>
<kw name="Convert To Lower Case" library="String">
<var>${tabnamel}</var>
<arg>${tabname}</arg>
<doc>Converts string to lower case.</doc>
<msg timestamp="20230311 11:21:14.511" level="INFO">${tabnamel} = agents</msg>
<status status="PASS" starttime="20230311 11:21:14.510" endtime="20230311 11:21:14.511"/>
</kw>
<kw name="Set Variable" library="BuiltIn">
<var>${img}</var>
<arg>manager_${platform}_tab_${tabnamel}.png</arg>
<doc>Returns the given values which can then be assigned to a variables.</doc>
<msg timestamp="20230311 11:21:14.511" level="INFO">${img} = manager_macos_tab_agents.png</msg>
<status status="PASS" starttime="20230311 11:21:14.511" endtime="20230311 11:21:14.511"/>
</kw>
<kw name="Log" library="BuiltIn">
<arg>/Users/runner/work/rfswarm/rfswarm/Tests/Regression/Manager</arg>
<doc>Logs the given message with the given level.</doc>
<msg timestamp="20230311 11:21:14.512" level="INFO">/Users/runner/work/rfswarm/rfswarm/Tests/Regression/Manager</msg>
<status status="PASS" starttime="20230311 11:21:14.511" endtime="20230311 11:21:14.512"/>
</kw>
<kw name="Log" library="BuiltIn">
<arg>${IMAGE_DIR}</arg>
<doc>Logs the given message with the given level.</doc>
<msg timestamp="20230311 11:21:14.512" level="INFO">/Users/runner/work/rfswarm/rfswarm/Tests/Regression/Manager/Images/file_method</msg>
<status status="PASS" starttime="20230311 11:21:14.512" endtime="20230311 11:21:14.513"/>
</kw>
<kw name="Wait For" library="ImageHorizonLibrary">
<arg>${img}</arg>
<arg>timeout=10</arg>
<doc>Tries to locate given image from the screen for given time.</doc>
<msg timestamp="20230311 11:21:14.906" level="INFO">Image "manager_macos_tab_agents.png" found at (423, 74)</msg>
<status status="PASS" starttime="20230311 11:21:14.513" endtime="20230311 11:21:14.906"/>
</kw>
<kw name="Locate" library="ImageHorizonLibrary">
<var>@{coordinates}</var>
<arg>${img}</arg>
<doc>Locate image on screen.</doc>
<msg timestamp="20230311 11:21:15.298" level="INFO">Image "/Users/runner/work/rfswarm/rfswarm/Tests/Regression/Manager/Images/file_method/manager_macos_tab_agents.png" found at Box(left=397, top=62, width=52, height=25)</msg>
<msg timestamp="20230311 11:21:15.299" level="INFO">@{coordinates} = [ 423 | 74 ]</msg>
<status status="PASS" starttime="20230311 11:21:14.907" endtime="20230311 11:21:15.299"/>
</kw>
<kw name="Click Image" library="ImageHorizonLibrary">
<arg>${img}</arg>
<doc>Finds the reference image on screen and clicks it once.</doc>
<msg timestamp="20230311 11:21:15.694" level="INFO">Image "/Users/runner/work/rfswarm/rfswarm/Tests/Regression/Manager/Images/file_method/manager_macos_tab_agents.png" found at Box(left=397, top=62, width=52, height=25)</msg>
<msg timestamp="20230311 11:21:15.694" level="INFO">Clicking image "manager_macos_tab_agents.png" in position (423, 74)</msg>
<status status="PASS" starttime="20230311 11:21:15.300" endtime="20230311 11:21:15.876"/>
</kw>
<kw name="Sleep" library="BuiltIn">
<arg>0.1</arg>
<doc>Pauses the test executed for the given time.</doc>
<msg timestamp="20230311 11:21:15.977" level="INFO">Slept 100 milliseconds</msg>
<status status="PASS" starttime="20230311 11:21:15.876" endtime="20230311 11:21:15.977"/>
</kw>
<kw name="Take A Screenshot" library="ImageHorizonLibrary">
<doc>Takes a screenshot of the screen.</doc>
<msg timestamp="20230311 11:21:15.978" level="INFO" html="true">Screenshot taken: /Users/runner/work/rfswarm/rfswarm/Tests/Regression/Manager/Logs/macos-latest_3.7/Manager.GUIBasic-screenshot-3.png&lt;br/&gt;&lt;img src="/Users/runner/work/rfswarm/rfswarm/Tests/Regression/Manager/Logs/macos-latest_3.7/Manager.GUIBasic-screenshot-3.png" width="100%" /&gt;</msg>
<status status="PASS" starttime="20230311 11:21:15.978" endtime="20230311 11:21:16.237"/>
</kw>
<status status="PASS" starttime="20230311 11:21:14.510" endtime="20230311 11:21:16.238"/>
</kw>
<kw name="Sleep" library="BuiltIn">
<arg>5</arg>
<doc>Pauses the test executed for the given time.</doc>
<msg timestamp="20230311 11:21:21.249" level="INFO">Slept 5 seconds</msg>
<status status="PASS" starttime="20230311 11:21:16.238" endtime="20230311 11:21:21.250"/>
</kw>
<tag>macos-latest</tag>
<tag>ubuntu-latest</tag>
<tag>windows-latest</tag>
<status status="PASS" starttime="20230311 11:21:14.509" endtime="20230311 11:21:21.250"/>
</test>
<test id="s1-s2-t4" name="Select About Tab" line="54">
<kw name="Click Tab">
<arg>About</arg>
<kw name="Convert To Lower Case" library="String">
<var>${tabnamel}</var>
<arg>${tabname}</arg>
<doc>Converts string to lower case.</doc>
<msg timestamp="20230311 11:21:21.252" level="INFO">${tabnamel} = about</msg>
<status status="PASS" starttime="20230311 11:21:21.252" endtime="20230311 11:21:21.252"/>
</kw>
<kw name="Set Variable" library="BuiltIn">
<var>${img}</var>
<arg>manager_${platform}_tab_${tabnamel}.png</arg>
<doc>Returns the given values which can then be assigned to a variables.</doc>
<msg timestamp="20230311 11:21:21.253" level="INFO">${img} = manager_macos_tab_about.png</msg>
<status status="PASS" starttime="20230311 11:21:21.252" endtime="20230311 11:21:21.253"/>
</kw>
<kw name="Log" library="BuiltIn">
<arg>/Users/runner/work/rfswarm/rfswarm/Tests/Regression/Manager</arg>
<doc>Logs the given message with the given level.</doc>
<msg timestamp="20230311 11:21:21.253" level="INFO">/Users/runner/work/rfswarm/rfswarm/Tests/Regression/Manager</msg>
<status status="PASS" starttime="20230311 11:21:21.253" endtime="20230311 11:21:21.253"/>
</kw>
<kw name="Log" library="BuiltIn">
<arg>${IMAGE_DIR}</arg>
<doc>Logs the given message with the given level.</doc>
<msg timestamp="20230311 11:21:21.253" level="INFO">/Users/runner/work/rfswarm/rfswarm/Tests/Regression/Manager/Images/file_method</msg>
<status status="PASS" starttime="20230311 11:21:21.253" endtime="20230311 11:21:21.253"/>
</kw>
<kw name="Wait For" library="ImageHorizonLibrary">
<arg>${img}</arg>
<arg>timeout=10</arg>
<doc>Tries to locate given image from the screen for given time.</doc>
<msg timestamp="20230311 11:21:21.683" level="INFO">Image "manager_macos_tab_about.png" found at (487, 75)</msg>
<status status="PASS" starttime="20230311 11:21:21.254" endtime="20230311 11:21:21.683"/>
</kw>
<kw name="Locate" library="ImageHorizonLibrary">
<var>@{coordinates}</var>
<arg>${img}</arg>
<doc>Locate image on screen.</doc>
<msg timestamp="20230311 11:21:22.071" level="INFO">Image "/Users/runner/work/rfswarm/rfswarm/Tests/Regression/Manager/Images/file_method/manager_macos_tab_about.png" found at Box(left=464, top=62, width=46, height=26)</msg>
<msg timestamp="20230311 11:21:22.072" level="INFO">@{coordinates} = [ 487 | 75 ]</msg>
<status status="PASS" starttime="20230311 11:21:21.684" endtime="20230311 11:21:22.072"/>
</kw>
<kw name="Click Image" library="ImageHorizonLibrary">
<arg>${img}</arg>
<doc>Finds the reference image on screen and clicks it once.</doc>
<msg timestamp="20230311 11:21:22.463" level="INFO">Image "/Users/runner/work/rfswarm/rfswarm/Tests/Regression/Manager/Images/file_method/manager_macos_tab_about.png" found at Box(left=464, top=62, width=46, height=26)</msg>
<msg timestamp="20230311 11:21:22.464" level="INFO">Clicking image "manager_macos_tab_about.png" in position (487, 75)</msg>
<status status="PASS" starttime="20230311 11:21:22.073" endtime="20230311 11:21:22.606"/>
</kw>
<kw name="Sleep" library="BuiltIn">
<arg>0.1</arg>
<doc>Pauses the test executed for the given time.</doc>
<msg timestamp="20230311 11:21:22.707" level="INFO">Slept 100 milliseconds</msg>
<status status="PASS" starttime="20230311 11:21:22.606" endtime="20230311 11:21:22.707"/>
</kw>
<kw name="Take A Screenshot" library="ImageHorizonLibrary">
<doc>Takes a screenshot of the screen.</doc>
<msg timestamp="20230311 11:21:22.708" level="INFO" html="true">Screenshot taken: /Users/runner/work/rfswarm/rfswarm/Tests/Regression/Manager/Logs/macos-latest_3.7/Manager.GUIBasic-screenshot-4.png&lt;br/&gt;&lt;img src="/Users/runner/work/rfswarm/rfswarm/Tests/Regression/Manager/Logs/macos-latest_3.7/Manager.GUIBasic-screenshot-4.png" width="100%" /&gt;</msg>
<status status="PASS" starttime="20230311 11:21:22.707" endtime="20230311 11:21:22.979"/>
</kw>
<status status="PASS" starttime="20230311 11:21:21.251" endtime="20230311 11:21:22.980"/>
</kw>
<kw name="Sleep" library="BuiltIn">
<arg>5</arg>
<doc>Pauses the test executed for the given time.</doc>
<msg timestamp="20230311 11:21:27.982" level="INFO">Slept 5 seconds</msg>
<status status="PASS" starttime="20230311 11:21:22.980" endtime="20230311 11:21:27.982"/>
</kw>
<tag>macos-latest</tag>
<tag>ubuntu-latest</tag>
<tag>windows-latest</tag>
<status status="PASS" starttime="20230311 11:21:21.250" endtime="20230311 11:21:27.982"/>
</test>
<test id="s1-s2-t5" name="Select Plan Tab" line="59">
<kw name="Click Tab">
<arg>Plan</arg>
<kw name="Convert To Lower Case" library="String">
<var>${tabnamel}</var>
<arg>${tabname}</arg>
<doc>Converts string to lower case.</doc>
<msg timestamp="20230311 11:21:27.985" level="INFO">${tabnamel} = plan</msg>
<status status="PASS" starttime="20230311 11:21:27.984" endtime="20230311 11:21:27.985"/>
</kw>
<kw name="Set Variable" library="BuiltIn">
<var>${img}</var>
<arg>manager_${platform}_tab_${tabnamel}.png</arg>
<doc>Returns the given values which can then be assigned to a variables.</doc>
<msg timestamp="20230311 11:21:27.986" level="INFO">${img} = manager_macos_tab_plan.png</msg>
<status status="PASS" starttime="20230311 11:21:27.985" endtime="20230311 11:21:27.986"/>
</kw>
<kw name="Log" library="BuiltIn">
<arg>/Users/runner/work/rfswarm/rfswarm/Tests/Regression/Manager</arg>
<doc>Logs the given message with the given level.</doc>
<msg timestamp="20230311 11:21:27.986" level="INFO">/Users/runner/work/rfswarm/rfswarm/Tests/Regression/Manager</msg>
<status status="PASS" starttime="20230311 11:21:27.986" endtime="20230311 11:21:27.986"/>
</kw>
<kw name="Log" library="BuiltIn">
<arg>${IMAGE_DIR}</arg>
<doc>Logs the given message with the given level.</doc>
<msg timestamp="20230311 11:21:27.987" level="INFO">/Users/runner/work/rfswarm/rfswarm/Tests/Regression/Manager/Images/file_method</msg>
<status status="PASS" starttime="20230311 11:21:27.986" endtime="20230311 11:21:27.987"/>
</kw>
<kw name="Wait For" library="ImageHorizonLibrary">
<arg>${img}</arg>
<arg>timeout=10</arg>
<doc>Tries to locate given image from the screen for given time.</doc>
<msg timestamp="20230311 11:21:28.377" level="INFO">Image "manager_macos_tab_plan.png" found at (317, 75)</msg>
<status status="PASS" starttime="20230311 11:21:27.987" endtime="20230311 11:21:28.378"/>
</kw>
<kw name="Locate" library="ImageHorizonLibrary">
<var>@{coordinates}</var>
<arg>${img}</arg>
<doc>Locate image on screen.</doc>
<msg timestamp="20230311 11:21:28.765" level="INFO">Image "/Users/runner/work/rfswarm/rfswarm/Tests/Regression/Manager/Images/file_method/manager_macos_tab_plan.png" found at Box(left=301, top=61, width=33, height=28)</msg>
<msg timestamp="20230311 11:21:28.766" level="INFO">@{coordinates} = [ 317 | 75 ]</msg>
<status status="PASS" starttime="20230311 11:21:28.378" endtime="20230311 11:21:28.766"/>
</kw>
<kw name="Click Image" library="ImageHorizonLibrary">
<arg>${img}</arg>
<doc>Finds the reference image on screen and clicks it once.</doc>
<msg timestamp="20230311 11:21:29.156" level="INFO">Image "/Users/runner/work/rfswarm/rfswarm/Tests/Regression/Manager/Images/file_method/manager_macos_tab_plan.png" found at Box(left=301, top=61, width=33, height=28)</msg>
<msg timestamp="20230311 11:21:29.156" level="INFO">Clicking image "manager_macos_tab_plan.png" in position (317, 75)</msg>
<status status="PASS" starttime="20230311 11:21:28.767" endtime="20230311 11:21:29.312"/>
</kw>
<kw name="Sleep" library="BuiltIn">
<arg>0.1</arg>
<doc>Pauses the test executed for the given time.</doc>
<msg timestamp="20230311 11:21:29.416" level="INFO">Slept 100 milliseconds</msg>
<status status="PASS" starttime="20230311 11:21:29.312" endtime="20230311 11:21:29.416"/>
</kw>
<kw name="Take A Screenshot" library="ImageHorizonLibrary">
<doc>Takes a screenshot of the screen.</doc>
<msg timestamp="20230311 11:21:29.417" level="INFO" html="true">Screenshot taken: /Users/runner/work/rfswarm/rfswarm/Tests/Regression/Manager/Logs/macos-latest_3.7/Manager.GUIBasic-screenshot-5.png&lt;br/&gt;&lt;img src="/Users/runner/work/rfswarm/rfswarm/Tests/Regression/Manager/Logs/macos-latest_3.7/Manager.GUIBasic-screenshot-5.png" width="100%" /&gt;</msg>
<status status="PASS" starttime="20230311 11:21:29.416" endtime="20230311 11:21:29.684"/>
</kw>
<status status="PASS" starttime="20230311 11:21:27.984" endtime="20230311 11:21:29.685"/>
</kw>
<kw name="Sleep" library="BuiltIn">
<arg>5</arg>
<doc>Pauses the test executed for the given time.</doc>
<msg timestamp="20230311 11:21:34.686" level="INFO">Slept 5 seconds</msg>
<status status="PASS" starttime="20230311 11:21:29.685" endtime="20230311 11:21:34.686"/>
</kw>
<tag>macos-latest</tag>
<tag>ubuntu-latest</tag>
<tag>windows-latest</tag>
<status status="PASS" starttime="20230311 11:21:27.983" endtime="20230311 11:21:34.687"/>
</test>
<test id="s1-s2-t6" name="Close GUI" line="78">
<kw name="Click Image" library="ImageHorizonLibrary">
<arg>manager_${platform}_button_closewindow.png</arg>
<doc>Finds the reference image on screen and clicks it once.</doc>
<msg timestamp="20230311 11:21:35.088" level="INFO">Image "/Users/runner/work/rfswarm/rfswarm/Tests/Regression/Manager/Images/file_method/manager_macos_button_closewindow.png" found at Box(left=9, top=31, width=19, height=25)</msg>
<msg timestamp="20230311 11:21:35.088" level="INFO">Clicking image "manager_macos_button_closewindow.png" in position (18, 43)</msg>
<status status="PASS" starttime="20230311 11:21:34.688" endtime="20230311 11:21:35.238"/>
</kw>
<kw name="Take A Screenshot" library="ImageHorizonLibrary">
<doc>Takes a screenshot of the screen.</doc>
<msg timestamp="20230311 11:21:35.240" level="INFO" html="true">Screenshot taken: /Users/runner/work/rfswarm/rfswarm/Tests/Regression/Manager/Logs/macos-latest_3.7/Manager.GUIBasic-screenshot-6.png&lt;br/&gt;&lt;img src="/Users/runner/work/rfswarm/rfswarm/Tests/Regression/Manager/Logs/macos-latest_3.7/Manager.GUIBasic-screenshot-6.png" width="100%" /&gt;</msg>
<status status="PASS" starttime="20230311 11:21:35.239" endtime="20230311 11:21:35.494"/>
</kw>
<kw name="Wait For Process" library="Process">
<var>${result}</var>
<arg>${process}</arg>
<arg>timeout=60</arg>
<doc>Waits for the process to complete or to reach the given timeout.</doc>
<msg timestamp="20230311 11:21:35.495" level="INFO">Waiting for process to complete.</msg>
<msg timestamp="20230311 11:21:36.764" level="INFO">Process completed.</msg>
<msg timestamp="20230311 11:21:36.765" level="INFO">${result} = &lt;result object with rc 0&gt;</msg>
<status status="PASS" starttime="20230311 11:21:35.494" endtime="20230311 11:21:36.765"/>
</kw>
<kw name="Is Process Running" library="Process">
<var>${running}</var>
<arg>${process}</arg>
<doc>Checks is the process running or not.</doc>
<msg timestamp="20230311 11:21:36.766" level="INFO">${running} = False</msg>
<status status="PASS" starttime="20230311 11:21:36.765" endtime="20230311 11:21:36.766"/>
</kw>
<if>
<branch type="IF" condition="not ${running}">
<kw name="Should Be Equal As Integers" library="BuiltIn">
<arg>${result.rc}</arg>
<arg>0</arg>
<doc>Fails if objects are unequal after converting them to integers.</doc>
<msg timestamp="20230311 11:21:36.777" level="INFO">Argument types are:
&lt;class 'int'&gt;
&lt;class 'str'&gt;</msg>
<status status="PASS" starttime="20230311 11:21:36.767" endtime="20230311 11:21:36.777"/>
</kw>
<status status="PASS" starttime="20230311 11:21:36.767" endtime="20230311 11:21:36.777"/>
</branch>
<branch type="ELSE">
<kw name="Take A Screenshot" library="ImageHorizonLibrary">
<doc>Takes a screenshot of the screen.</doc>
<status status="NOT RUN" starttime="20230311 11:21:36.789" endtime="20230311 11:21:36.791"/>
</kw>
<kw name="Terminate Process" library="Process">
<var>${result}</var>
<arg>${process}</arg>
<doc>Stops the process gracefully or forcefully.</doc>
<status status="NOT RUN" starttime="20230311 11:21:36.792" endtime="20230311 11:21:36.792"/>
</kw>
<kw name="Fail" library="BuiltIn">
<doc>Fails the test with the given message and optionally alters its tags.</doc>
<status status="NOT RUN" starttime="20230311 11:21:36.792" endtime="20230311 11:21:36.792"/>
</kw>
<status status="NOT RUN" starttime="20230311 11:21:36.778" endtime="20230311 11:21:36.792"/>
</branch>
<status status="PASS" starttime="20230311 11:21:36.767" endtime="20230311 11:21:36.792"/>
</if>
<tag>macos-latest</tag>
<status status="PASS" starttime="20230311 11:21:34.687" endtime="20230311 11:21:36.792"/>
</test>
<status status="PASS" starttime="20230311 11:20:45.380" endtime="20230311 11:21:36.795"/>
</suite>
<status status="PASS" starttime="20230311 11:20:06.069" endtime="20230311 11:21:36.802"/>
</suite>
<statistics>
<total>
<stat pass="9" fail="0" skip="0">All Tests</stat>
</total>
<tag>
<stat pass="9" fail="0" skip="0">macos-latest</stat>
<stat pass="7" fail="0" skip="0">ubuntu-latest</stat>
<stat pass="7" fail="0" skip="0">windows-latest</stat>
</tag>
<suite>
<stat pass="9" fail="0" skip="0" id="s1" name="Manager">Manager</stat>
<stat pass="3" fail="0" skip="0" id="s1-s1" name="CommandLine">Manager.CommandLine</stat>
<stat pass="6" fail="0" skip="0" id="s1-s2" name="GUI Basic">Manager.GUI Basic</stat>
</suite>
</statistics>
<errors>
</errors>
</robot>
