<?xml version="1.0" encoding="UTF-8"?>
<robot generator="Robot 6.1.1 (Python 3.7.17 on darwin)" generated="20240214 10:05:14.835" rpa="false" schemaversion="4">
<suite id="s1" name="Manager" source="/Users/runner/work/rfswarm/rfswarm/Tests/Regression/Manager">
<suite id="s1-s1" name="CommandLine" source="/Users/runner/work/rfswarm/rfswarm/Tests/Regression/Manager/CommandLine.robot">
<kw name="Clean Up Old Files" type="SETUP">
<tag>macos-latest</tag>
<tag>ubuntu-latest</tag>
<tag>windows-latest</tag>
<kw name="Log To Console" library="BuiltIn">
<arg>${OUTPUT DIR}</arg>
<doc>Logs the given message to the console.</doc>
<status status="PASS" starttime="20240214 10:05:14.874" endtime="20240214 10:05:14.874"/>
</kw>
<kw name="Remove File" library="OperatingSystem">
<arg>${OUTPUT DIR}${/}*.txt</arg>
<doc>Removes a file with the given path.</doc>
<msg timestamp="20240214 10:05:14.875" level="INFO" html="true">Removed file '&lt;a href="file:///Users/runner/work/rfswarm/rfswarm/Tests/Regression/Manager/Logs/macos-latest_3.7/stdout.txt"&gt;/Users/runner/work/rfswarm/rfswarm/Tests/Regression/Manager/Logs/macos-latest_3.7/stdout.txt&lt;/a&gt;'.</msg>
<msg timestamp="20240214 10:05:14.875" level="INFO" html="true">Removed file '&lt;a href="file:///Users/runner/work/rfswarm/rfswarm/Tests/Regression/Manager/Logs/macos-latest_3.7/stdout_agent.txt"&gt;/Users/runner/work/rfswarm/rfswarm/Tests/Regression/Manager/Logs/macos-latest_3.7/stdout_agent.txt&lt;/a&gt;'.</msg>
<msg timestamp="20240214 10:05:14.876" level="INFO" html="true">Removed file '&lt;a href="file:///Users/runner/work/rfswarm/rfswarm/Tests/Regression/Manager/Logs/macos-latest_3.7/stderr_agent.txt"&gt;/Users/runner/work/rfswarm/rfswarm/Tests/Regression/Manager/Logs/macos-latest_3.7/stderr_agent.txt&lt;/a&gt;'.</msg>
<msg timestamp="20240214 10:05:14.876" level="INFO" html="true">Removed file '&lt;a href="file:///Users/runner/work/rfswarm/rfswarm/Tests/Regression/Manager/Logs/macos-latest_3.7/stdout_manager.txt"&gt;/Users/runner/work/rfswarm/rfswarm/Tests/Regression/Manager/Logs/macos-latest_3.7/stdout_manager.txt&lt;/a&gt;'.</msg>
<msg timestamp="20240214 10:05:14.876" level="INFO" html="true">Removed file '&lt;a href="file:///Users/runner/work/rfswarm/rfswarm/Tests/Regression/Manager/Logs/macos-latest_3.7/stderr_manager.txt"&gt;/Users/runner/work/rfswarm/rfswarm/Tests/Regression/Manager/Logs/macos-latest_3.7/stderr_manager.txt&lt;/a&gt;'.</msg>
<msg timestamp="20240214 10:05:14.876" level="INFO" html="true">Removed file '&lt;a href="file:///Users/runner/work/rfswarm/rfswarm/Tests/Regression/Manager/Logs/macos-latest_3.7/stderr.txt"&gt;/Users/runner/work/rfswarm/rfswarm/Tests/Regression/Manager/Logs/macos-latest_3.7/stderr.txt&lt;/a&gt;'.</msg>
<status status="PASS" starttime="20240214 10:05:14.874" endtime="20240214 10:05:14.876"/>
</kw>
<kw name="Remove File" library="OperatingSystem">
<arg>${OUTPUT DIR}${/}*.png</arg>
<doc>Removes a file with the given path.</doc>
<msg timestamp="20240214 10:05:14.877" level="INFO" html="true">Removed file '&lt;a href="file:///Users/runner/work/rfswarm/rfswarm/Tests/Regression/Manager/Logs/macos-latest_3.7/Manager.GUIBasic-screenshot-1.png"&gt;/Users/runner/work/rfswarm/rfswarm/Tests/Regression/Manager/Logs/macos-latest_3.7/Manager.GUIBasic-screenshot-1.png&lt;/a&gt;'.</msg>
<msg timestamp="20240214 10:05:14.877" level="INFO" html="true">Removed file '&lt;a href="file:///Users/runner/work/rfswarm/rfswarm/Tests/Regression/Manager/Logs/macos-latest_3.7/Manager.GUIBasic-screenshot-2.png"&gt;/Users/runner/work/rfswarm/rfswarm/Tests/Regression/Manager/Logs/macos-latest_3.7/Manager.GUIBasic-screenshot-2.png&lt;/a&gt;'.</msg>
<msg timestamp="20240214 10:05:14.877" level="INFO" html="true">Removed file '&lt;a href="file:///Users/runner/work/rfswarm/rfswarm/Tests/Regression/Manager/Logs/macos-latest_3.7/Manager.GUIBasic-screenshot-3.png"&gt;/Users/runner/work/rfswarm/rfswarm/Tests/Regression/Manager/Logs/macos-latest_3.7/Manager.GUIBasic-screenshot-3.png&lt;/a&gt;'.</msg>
<msg timestamp="20240214 10:05:14.878" level="INFO" html="true">Removed file '&lt;a href="file:///Users/runner/work/rfswarm/rfswarm/Tests/Regression/Manager/Logs/macos-latest_3.7/Manager.GUIBasic-screenshot-6.png"&gt;/Users/runner/work/rfswarm/rfswarm/Tests/Regression/Manager/Logs/macos-latest_3.7/Manager.GUIBasic-screenshot-6.png&lt;/a&gt;'.</msg>
<msg timestamp="20240214 10:05:14.878" level="INFO" html="true">Removed file '&lt;a href="file:///Users/runner/work/rfswarm/rfswarm/Tests/Regression/Manager/Logs/macos-latest_3.7/Manager.GUIBasic-screenshot-4.png"&gt;/Users/runner/work/rfswarm/rfswarm/Tests/Regression/Manager/Logs/macos-latest_3.7/Manager.GUIBasic-screenshot-4.png&lt;/a&gt;'.</msg>
<msg timestamp="20240214 10:05:14.878" level="INFO" html="true">Removed file '&lt;a href="file:///Users/runner/work/rfswarm/rfswarm/Tests/Regression/Manager/Logs/macos-latest_3.7/Manager.GUIBasic-screenshot-5.png"&gt;/Users/runner/work/rfswarm/rfswarm/Tests/Regression/Manager/Logs/macos-latest_3.7/Manager.GUIBasic-screenshot-5.png&lt;/a&gt;'.</msg>
<msg timestamp="20240214 10:05:14.878" level="INFO" html="true">Removed file '&lt;a href="file:///Users/runner/work/rfswarm/rfswarm/Tests/Regression/Manager/Logs/macos-latest_3.7/Manager.GUIBugs-screenshot-1.png"&gt;/Users/runner/work/rfswarm/rfswarm/Tests/Regression/Manager/Logs/macos-latest_3.7/Manager.GUIBugs-screenshot-1.png&lt;/a&gt;'.</msg>
<msg timestamp="20240214 10:05:14.879" level="INFO" html="true">Removed file '&lt;a href="file:///Users/runner/work/rfswarm/rfswarm/Tests/Regression/Manager/Logs/macos-latest_3.7/Manager.GUIBugs-screenshot-2.png"&gt;/Users/runner/work/rfswarm/rfswarm/Tests/Regression/Manager/Logs/macos-latest_3.7/Manager.GUIBugs-screenshot-2.png&lt;/a&gt;'.</msg>
<status status="PASS" starttime="20240214 10:05:14.876" endtime="20240214 10:05:14.879"/>
</kw>
<status status="PASS" starttime="20240214 10:05:14.874" endtime="20240214 10:05:14.879"/>
</kw>
<test id="s1-s1-t1" name="Random Offset" line="7">
<kw name="Evaluate" library="BuiltIn">
<var>${random}</var>
<arg>random.randint(0, 60)</arg>
<doc>Evaluates the given expression in Python and returns the result.</doc>
<msg timestamp="20240214 10:05:14.880" level="INFO">${random} = 49</msg>
<status status="PASS" starttime="20240214 10:05:14.879" endtime="20240214 10:05:14.880"/>
</kw>
<kw name="Sleep" library="BuiltIn">
<arg>${random}</arg>
<doc>Pauses the test executed for the given time.</doc>
<msg timestamp="20240214 10:06:03.883" level="INFO">Slept 49 seconds</msg>
<status status="PASS" starttime="20240214 10:05:14.880" endtime="20240214 10:06:03.883"/>
</kw>
<doc>This just prevents all the test runners doing git push at the same time</doc>
<tag>macos-latest</tag>
<tag>ubuntu-latest</tag>
<tag>windows-latest</tag>
<status status="PASS" starttime="20240214 10:05:14.879" endtime="20240214 10:06:03.884"/>
</test>
<test id="s1-s1-t2" name="Manager Version" line="13">
<kw name="Run" library="OperatingSystem">
<var>${result}</var>
<arg>python3 ${EXECDIR}${/}rfswarm_manager${/}rfswarm.py -v</arg>
<doc>Runs the given command in the system and returns the output.</doc>
<msg timestamp="20240214 10:06:03.890" level="INFO">Running command 'python3 /Users/runner/work/rfswarm/rfswarm/rfswarm_manager/rfswarm.py -v 2&gt;&amp;1'.</msg>
<msg timestamp="20240214 10:06:15.704" level="INFO">${result} = Robot Framework Swarm: Manager 
	Version 1.2.1 </msg>
<status status="PASS" starttime="20240214 10:06:03.885" endtime="20240214 10:06:15.704"/>
</kw>
<kw name="Log To Console" library="BuiltIn">
<arg>${\n}${result}</arg>
<doc>Logs the given message to the console.</doc>
<status status="PASS" starttime="20240214 10:06:15.705" endtime="20240214 10:06:15.706"/>
</kw>
<kw name="Should Contain" library="BuiltIn">
<arg>${result}</arg>
<arg>Version</arg>
<doc>Fails if ``container`` does not contain ``item`` one or more times.</doc>
<status status="PASS" starttime="20240214 10:06:15.706" endtime="20240214 10:06:15.706"/>
</kw>
<kw name="Should Contain" library="BuiltIn">
<arg>${result}</arg>
<arg>Manager</arg>
<doc>Fails if ``container`` does not contain ``item`` one or more times.</doc>
<status status="PASS" starttime="20240214 10:06:15.706" endtime="20240214 10:06:15.706"/>
</kw>
<tag>macos-latest</tag>
<tag>ubuntu-latest</tag>
<tag>windows-latest</tag>
<status status="PASS" starttime="20240214 10:06:03.884" endtime="20240214 10:06:15.707"/>
</test>
<test id="s1-s1-t3" name="Manager Help" line="20">
<kw name="Run" library="OperatingSystem">
<var>${result}</var>
<arg>python3 ${EXECDIR}${/}rfswarm_manager${/}rfswarm.py -h</arg>
<doc>Runs the given command in the system and returns the output.</doc>
<msg timestamp="20240214 10:06:15.712" level="INFO">Running command 'python3 /Users/runner/work/rfswarm/rfswarm/rfswarm_manager/rfswarm.py -h 2&gt;&amp;1'.</msg>
<msg timestamp="20240214 10:06:16.929" level="INFO">${result} = Robot Framework Swarm: Manager 
	Version 1.2.1 
usage: rfswarm.py [-h] [-g DEBUG] [-v] [-i INI] [-s SCENARIO] [-r] [-a AGENTS]
                  [-n] [-t STARTTIME] [-d DIR] [-e IPADDRESS] [-p PORT]

...</msg>
<status status="PASS" starttime="20240214 10:06:15.708" endtime="20240214 10:06:16.929"/>
</kw>
<kw name="Log To Console" library="BuiltIn">
<arg>${\n}${result}</arg>
<doc>Logs the given message to the console.</doc>
<status status="PASS" starttime="20240214 10:06:16.929" endtime="20240214 10:06:16.930"/>
</kw>
<kw name="Should Contain" library="BuiltIn">
<arg>${result}</arg>
<arg>IPADDRESS</arg>
<doc>Fails if ``container`` does not contain ``item`` one or more times.</doc>
<status status="PASS" starttime="20240214 10:06:16.930" endtime="20240214 10:06:16.931"/>
</kw>
<tag>macos-latest</tag>
<tag>ubuntu-latest</tag>
<tag>windows-latest</tag>
<status status="PASS" starttime="20240214 10:06:15.707" endtime="20240214 10:06:16.931"/>
</test>
<status status="PASS" starttime="20240214 10:05:14.862" endtime="20240214 10:06:16.932"/>
</suite>
<suite id="s1-s2" name="GUI Basic" source="/Users/runner/work/rfswarm/rfswarm/Tests/Regression/Manager/GUI_Basic.robot">
<test id="s1-s2-t1" name="Open GUI" line="14">
<kw name="Set Suite Variable" library="BuiltIn">
<arg>${platform}</arg>
<arg>macos</arg>
<doc>Makes a variable available everywhere within the scope of the current suite.</doc>
<msg timestamp="20240214 10:06:26.348" level="INFO">${platform} = macos</msg>
<status status="PASS" starttime="20240214 10:06:26.346" endtime="20240214 10:06:26.348"/>
</kw>
<kw name="Set Confidence" library="ImageHorizonLibrary">
<arg>0.9</arg>
<doc>Sets the accuracy when finding images.</doc>
<status status="PASS" starttime="20240214 10:06:26.348" endtime="20240214 10:06:26.613"/>
</kw>
<kw name="Start Process" library="Process">
<var>${process}</var>
<arg>python3</arg>
<arg>${pyfile}</arg>
<arg>alias=Manager</arg>
<arg>stdout=${OUTPUT DIR}${/}stdout.txt</arg>
<arg>stderr=${OUTPUT DIR}${/}stderr.txt</arg>
<doc>Starts a new process on background.</doc>
<msg timestamp="20240214 10:06:26.616" level="INFO">Starting process:
python3 /Users/runner/work/rfswarm/rfswarm/rfswarm_manager/rfswarm.py</msg>
<msg timestamp="20240214 10:06:26.624" level="INFO">${process} = &lt;subprocess.Popen object at 0x1133d2b90&gt;</msg>
<status status="PASS" starttime="20240214 10:06:26.614" endtime="20240214 10:06:26.625"/>
</kw>
<kw name="Set Test Variable" library="BuiltIn">
<arg>$process</arg>
<arg>${process}</arg>
<doc>Makes a variable available everywhere within the scope of the current test.</doc>
<msg timestamp="20240214 10:06:26.626" level="INFO">${process} = &lt;subprocess.Popen object at 0x1133d2b90&gt;</msg>
<status status="PASS" starttime="20240214 10:06:26.625" endtime="20240214 10:06:26.626"/>
</kw>
<kw name="Sleep" library="BuiltIn">
<arg>10</arg>
<doc>Pauses the test executed for the given time.</doc>
<msg timestamp="20240214 10:06:36.627" level="INFO">Slept 10 seconds</msg>
<status status="PASS" starttime="20240214 10:06:26.626" endtime="20240214 10:06:36.628"/>
</kw>
<kw name="Set Screenshot Folder" library="ImageHorizonLibrary">
<arg>${OUTPUT DIR}</arg>
<doc>Sets the folder where screenshots are saved to.</doc>
<status status="PASS" starttime="20240214 10:06:36.628" endtime="20240214 10:06:36.628"/>
</kw>
<kw name="Take A Screenshot" library="ImageHorizonLibrary">
<doc>Takes a screenshot of the screen.</doc>
<msg timestamp="20240214 10:06:36.629" level="INFO" html="true">Screenshot taken: /Users/runner/work/rfswarm/rfswarm/Tests/Regression/Manager/Logs/macos-latest_3.7/Manager.GUIBasic-screenshot-1.png&lt;br/&gt;&lt;img src="/Users/runner/work/rfswarm/rfswarm/Tests/Regression/Manager/Logs/macos-latest_3.7/Manager.GUIBasic-screenshot-1.png" width="100%" /&gt;</msg>
<status status="PASS" starttime="20240214 10:06:36.628" endtime="20240214 10:06:36.941"/>
</kw>
<tag>macos-latest</tag>
<status status="PASS" starttime="20240214 10:06:26.345" endtime="20240214 10:06:36.941"/>
</test>
<test id="s1-s2-t2" name="Select Run Tab" line="44">
<kw name="Click Tab">
<arg>Run</arg>
<kw name="Convert To Lower Case" library="String">
<var>${tabnamel}</var>
<arg>${tabname}</arg>
<doc>Converts string to lower case.</doc>
<msg timestamp="20240214 10:06:36.944" level="INFO">${tabnamel} = run</msg>
<status status="PASS" starttime="20240214 10:06:36.943" endtime="20240214 10:06:36.944"/>
</kw>
<kw name="Set Variable" library="BuiltIn">
<var>${img}</var>
<arg>manager_${platform}_tab_${tabnamel}.png</arg>
<doc>Returns the given values which can then be assigned to a variables.</doc>
<msg timestamp="20240214 10:06:36.944" level="INFO">${img} = manager_macos_tab_run.png</msg>
<status status="PASS" starttime="20240214 10:06:36.944" endtime="20240214 10:06:36.944"/>
</kw>
<kw name="Log" library="BuiltIn">
<arg>/Users/runner/work/rfswarm/rfswarm/Tests/Regression/Manager</arg>
<doc>Logs the given message with the given level.</doc>
<msg timestamp="20240214 10:06:36.945" level="INFO">/Users/runner/work/rfswarm/rfswarm/Tests/Regression/Manager</msg>
<status status="PASS" starttime="20240214 10:06:36.945" endtime="20240214 10:06:36.945"/>
</kw>
<kw name="Log" library="BuiltIn">
<arg>${IMAGE_DIR}</arg>
<doc>Logs the given message with the given level.</doc>
<msg timestamp="20240214 10:06:36.945" level="INFO">/Users/runner/work/rfswarm/rfswarm/Tests/Regression/Manager/Images/file_method</msg>
<status status="PASS" starttime="20240214 10:06:36.945" endtime="20240214 10:06:36.945"/>
</kw>
<kw name="Wait For" library="ImageHorizonLibrary">
<arg>${img}</arg>
<arg>timeout=300</arg>
<doc>Tries to locate given image from the screen for given time.</doc>
<kw name="Take A Screenshot" library="ImageHorizonLibrary">
<doc>Takes a screenshot of the screen.</doc>
<msg timestamp="20240214 10:11:36.987" level="INFO" html="true">Screenshot taken: /Users/runner/work/rfswarm/rfswarm/Tests/Regression/Manager/Logs/macos-latest_3.7/Manager.GUIBasic-screenshot-2.png&lt;br/&gt;&lt;img src="/Users/runner/work/rfswarm/rfswarm/Tests/Regression/Manager/Logs/macos-latest_3.7/Manager.GUIBasic-screenshot-2.png" width="100%" /&gt;</msg>
<status status="PASS" starttime="20240214 10:11:36.986" endtime="20240214 10:11:37.257"/>
</kw>
<msg timestamp="20240214 10:11:37.258" level="FAIL">ImageNotFoundException: Reference image "/Users/runner/work/rfswarm/rfswarm/Tests/Regression/Manager/Images/file_method/manager_macos_tab_run.png" was not found on screen</msg>
<status status="FAIL" starttime="20240214 10:06:36.945" endtime="20240214 10:11:37.259"/>
</kw>
<kw name="Locate" library="ImageHorizonLibrary">
<var>@{coordinates}</var>
<arg>${img}</arg>
<doc>Locate image on screen.</doc>
<status status="NOT RUN" starttime="20240214 10:11:37.259" endtime="20240214 10:11:37.260"/>
</kw>
<kw name="Click Image" library="ImageHorizonLibrary">
<arg>${img}</arg>
<doc>Finds the reference image on screen and clicks it once.</doc>
<status status="NOT RUN" starttime="20240214 10:11:37.260" endtime="20240214 10:11:37.260"/>
</kw>
<kw name="Sleep" library="BuiltIn">
<arg>0.1</arg>
<doc>Pauses the test executed for the given time.</doc>
<status status="NOT RUN" starttime="20240214 10:11:37.260" endtime="20240214 10:11:37.260"/>
</kw>
<kw name="Take A Screenshot" library="ImageHorizonLibrary">
<doc>Takes a screenshot of the screen.</doc>
<status status="NOT RUN" starttime="20240214 10:11:37.260" endtime="20240214 10:11:37.260"/>
</kw>
<status status="FAIL" starttime="20240214 10:06:36.943" endtime="20240214 10:11:37.260"/>
</kw>
<kw name="Sleep" library="BuiltIn">
<arg>5</arg>
<doc>Pauses the test executed for the given time.</doc>
<status status="NOT RUN" starttime="20240214 10:11:37.261" endtime="20240214 10:11:37.261"/>
</kw>
<tag>macos-latest</tag>
<tag>ubuntu-latest</tag>
<tag>windows-latest</tag>
<status status="FAIL" starttime="20240214 10:06:36.942" endtime="20240214 10:11:37.261">ImageNotFoundException: Reference image "/Users/runner/work/rfswarm/rfswarm/Tests/Regression/Manager/Images/file_method/manager_macos_tab_run.png" was not found on screen</status>
</test>
<test id="s1-s2-t3" name="Select Agents Tab" line="49">
<kw name="Click Tab">
<arg>Agents</arg>
<kw name="Convert To Lower Case" library="String">
<var>${tabnamel}</var>
<arg>${tabname}</arg>
<doc>Converts string to lower case.</doc>
<msg timestamp="20240214 10:11:37.263" level="INFO">${tabnamel} = agents</msg>
<status status="PASS" starttime="20240214 10:11:37.263" endtime="20240214 10:11:37.263"/>
</kw>
<kw name="Set Variable" library="BuiltIn">
<var>${img}</var>
<arg>manager_${platform}_tab_${tabnamel}.png</arg>
<doc>Returns the given values which can then be assigned to a variables.</doc>
<msg timestamp="20240214 10:11:37.264" level="INFO">${img} = manager_macos_tab_agents.png</msg>
<status status="PASS" starttime="20240214 10:11:37.263" endtime="20240214 10:11:37.264"/>
</kw>
<kw name="Log" library="BuiltIn">
<arg>/Users/runner/work/rfswarm/rfswarm/Tests/Regression/Manager</arg>
<doc>Logs the given message with the given level.</doc>
<msg timestamp="20240214 10:11:37.264" level="INFO">/Users/runner/work/rfswarm/rfswarm/Tests/Regression/Manager</msg>
<status status="PASS" starttime="20240214 10:11:37.264" endtime="20240214 10:11:37.264"/>
</kw>
<kw name="Log" library="BuiltIn">
<arg>${IMAGE_DIR}</arg>
<doc>Logs the given message with the given level.</doc>
<msg timestamp="20240214 10:11:37.265" level="INFO">/Users/runner/work/rfswarm/rfswarm/Tests/Regression/Manager/Images/file_method</msg>
<status status="PASS" starttime="20240214 10:11:37.264" endtime="20240214 10:11:37.265"/>
</kw>
<kw name="Wait For" library="ImageHorizonLibrary">
<arg>${img}</arg>
<arg>timeout=300</arg>
<doc>Tries to locate given image from the screen for given time.</doc>
<kw name="Take A Screenshot" library="ImageHorizonLibrary">
<doc>Takes a screenshot of the screen.</doc>
<msg timestamp="20240214 10:16:37.594" level="INFO" html="true">Screenshot taken: /Users/runner/work/rfswarm/rfswarm/Tests/Regression/Manager/Logs/macos-latest_3.7/Manager.GUIBasic-screenshot-3.png&lt;br/&gt;&lt;img src="/Users/runner/work/rfswarm/rfswarm/Tests/Regression/Manager/Logs/macos-latest_3.7/Manager.GUIBasic-screenshot-3.png" width="100%" /&gt;</msg>
<status status="PASS" starttime="20240214 10:16:37.593" endtime="20240214 10:16:37.882"/>
</kw>
<msg timestamp="20240214 10:16:37.883" level="FAIL">ImageNotFoundException: Reference image "/Users/runner/work/rfswarm/rfswarm/Tests/Regression/Manager/Images/file_method/manager_macos_tab_agents.png" was not found on screen</msg>
<status status="FAIL" starttime="20240214 10:11:37.265" endtime="20240214 10:16:37.883"/>
</kw>
<kw name="Locate" library="ImageHorizonLibrary">
<var>@{coordinates}</var>
<arg>${img}</arg>
<doc>Locate image on screen.</doc>
<status status="NOT RUN" starttime="20240214 10:16:37.883" endtime="20240214 10:16:37.883"/>
</kw>
<kw name="Click Image" library="ImageHorizonLibrary">
<arg>${img}</arg>
<doc>Finds the reference image on screen and clicks it once.</doc>
<status status="NOT RUN" starttime="20240214 10:16:37.883" endtime="20240214 10:16:37.884"/>
</kw>
<kw name="Sleep" library="BuiltIn">
<arg>0.1</arg>
<doc>Pauses the test executed for the given time.</doc>
<status status="NOT RUN" starttime="20240214 10:16:37.884" endtime="20240214 10:16:37.884"/>
</kw>
<kw name="Take A Screenshot" library="ImageHorizonLibrary">
<doc>Takes a screenshot of the screen.</doc>
<status status="NOT RUN" starttime="20240214 10:16:37.884" endtime="20240214 10:16:37.884"/>
</kw>
<status status="FAIL" starttime="20240214 10:11:37.262" endtime="20240214 10:16:37.884"/>
</kw>
<kw name="Sleep" library="BuiltIn">
<arg>5</arg>
<doc>Pauses the test executed for the given time.</doc>
<status status="NOT RUN" starttime="20240214 10:16:37.884" endtime="20240214 10:16:37.884"/>
</kw>
<tag>macos-latest</tag>
<tag>ubuntu-latest</tag>
<tag>windows-latest</tag>
<status status="FAIL" starttime="20240214 10:11:37.262" endtime="20240214 10:16:37.885">ImageNotFoundException: Reference image "/Users/runner/work/rfswarm/rfswarm/Tests/Regression/Manager/Images/file_method/manager_macos_tab_agents.png" was not found on screen</status>
</test>
<test id="s1-s2-t4" name="Select About Tab" line="54">
<kw name="Click Tab">
<arg>About</arg>
<kw name="Convert To Lower Case" library="String">
<var>${tabnamel}</var>
<arg>${tabname}</arg>
<doc>Converts string to lower case.</doc>
<msg timestamp="20240214 10:16:37.887" level="INFO">${tabnamel} = about</msg>
<status status="PASS" starttime="20240214 10:16:37.887" endtime="20240214 10:16:37.887"/>
</kw>
<kw name="Set Variable" library="BuiltIn">
<var>${img}</var>
<arg>manager_${platform}_tab_${tabnamel}.png</arg>
<doc>Returns the given values which can then be assigned to a variables.</doc>
<msg timestamp="20240214 10:16:37.887" level="INFO">${img} = manager_macos_tab_about.png</msg>
<status status="PASS" starttime="20240214 10:16:37.887" endtime="20240214 10:16:37.887"/>
</kw>
<kw name="Log" library="BuiltIn">
<arg>/Users/runner/work/rfswarm/rfswarm/Tests/Regression/Manager</arg>
<doc>Logs the given message with the given level.</doc>
<msg timestamp="20240214 10:16:37.888" level="INFO">/Users/runner/work/rfswarm/rfswarm/Tests/Regression/Manager</msg>
<status status="PASS" starttime="20240214 10:16:37.888" endtime="20240214 10:16:37.888"/>
</kw>
<kw name="Log" library="BuiltIn">
<arg>${IMAGE_DIR}</arg>
<doc>Logs the given message with the given level.</doc>
<msg timestamp="20240214 10:16:37.888" level="INFO">/Users/runner/work/rfswarm/rfswarm/Tests/Regression/Manager/Images/file_method</msg>
<status status="PASS" starttime="20240214 10:16:37.888" endtime="20240214 10:16:37.888"/>
</kw>
<kw name="Wait For" library="ImageHorizonLibrary">
<arg>${img}</arg>
<arg>timeout=300</arg>
<doc>Tries to locate given image from the screen for given time.</doc>
<kw name="Take A Screenshot" library="ImageHorizonLibrary">
<doc>Takes a screenshot of the screen.</doc>
<msg timestamp="20240214 10:21:38.218" level="INFO" html="true">Screenshot taken: /Users/runner/work/rfswarm/rfswarm/Tests/Regression/Manager/Logs/macos-latest_3.7/Manager.GUIBasic-screenshot-4.png&lt;br/&gt;&lt;img src="/Users/runner/work/rfswarm/rfswarm/Tests/Regression/Manager/Logs/macos-latest_3.7/Manager.GUIBasic-screenshot-4.png" width="100%" /&gt;</msg>
<status status="PASS" starttime="20240214 10:21:38.216" endtime="20240214 10:21:38.495"/>
</kw>
<msg timestamp="20240214 10:21:38.496" level="FAIL">ImageNotFoundException: Reference image "/Users/runner/work/rfswarm/rfswarm/Tests/Regression/Manager/Images/file_method/manager_macos_tab_about.png" was not found on screen</msg>
<status status="FAIL" starttime="20240214 10:16:37.888" endtime="20240214 10:21:38.496"/>
</kw>
<kw name="Locate" library="ImageHorizonLibrary">
<var>@{coordinates}</var>
<arg>${img}</arg>
<doc>Locate image on screen.</doc>
<status status="NOT RUN" starttime="20240214 10:21:38.497" endtime="20240214 10:21:38.497"/>
</kw>
<kw name="Click Image" library="ImageHorizonLibrary">
<arg>${img}</arg>
<doc>Finds the reference image on screen and clicks it once.</doc>
<status status="NOT RUN" starttime="20240214 10:21:38.497" endtime="20240214 10:21:38.497"/>
</kw>
<kw name="Sleep" library="BuiltIn">
<arg>0.1</arg>
<doc>Pauses the test executed for the given time.</doc>
<status status="NOT RUN" starttime="20240214 10:21:38.497" endtime="20240214 10:21:38.497"/>
</kw>
<kw name="Take A Screenshot" library="ImageHorizonLibrary">
<doc>Takes a screenshot of the screen.</doc>
<status status="NOT RUN" starttime="20240214 10:21:38.497" endtime="20240214 10:21:38.498"/>
</kw>
<status status="FAIL" starttime="20240214 10:16:37.886" endtime="20240214 10:21:38.498"/>
</kw>
<kw name="Sleep" library="BuiltIn">
<arg>5</arg>
<doc>Pauses the test executed for the given time.</doc>
<status status="NOT RUN" starttime="20240214 10:21:38.498" endtime="20240214 10:21:38.498"/>
</kw>
<tag>macos-latest</tag>
<tag>ubuntu-latest</tag>
<tag>windows-latest</tag>
<status status="FAIL" starttime="20240214 10:16:37.885" endtime="20240214 10:21:38.499">ImageNotFoundException: Reference image "/Users/runner/work/rfswarm/rfswarm/Tests/Regression/Manager/Images/file_method/manager_macos_tab_about.png" was not found on screen</status>
</test>
<test id="s1-s2-t5" name="Select Plan Tab" line="59">
<kw name="Click Tab">
<arg>Plan</arg>
<kw name="Convert To Lower Case" library="String">
<var>${tabnamel}</var>
<arg>${tabname}</arg>
<doc>Converts string to lower case.</doc>
<msg timestamp="20240214 10:21:38.501" level="INFO">${tabnamel} = plan</msg>
<status status="PASS" starttime="20240214 10:21:38.501" endtime="20240214 10:21:38.501"/>
</kw>
<kw name="Set Variable" library="BuiltIn">
<var>${img}</var>
<arg>manager_${platform}_tab_${tabnamel}.png</arg>
<doc>Returns the given values which can then be assigned to a variables.</doc>
<msg timestamp="20240214 10:21:38.501" level="INFO">${img} = manager_macos_tab_plan.png</msg>
<status status="PASS" starttime="20240214 10:21:38.501" endtime="20240214 10:21:38.501"/>
</kw>
<kw name="Log" library="BuiltIn">
<arg>/Users/runner/work/rfswarm/rfswarm/Tests/Regression/Manager</arg>
<doc>Logs the given message with the given level.</doc>
<msg timestamp="20240214 10:21:38.502" level="INFO">/Users/runner/work/rfswarm/rfswarm/Tests/Regression/Manager</msg>
<status status="PASS" starttime="20240214 10:21:38.502" endtime="20240214 10:21:38.502"/>
</kw>
<kw name="Log" library="BuiltIn">
<arg>${IMAGE_DIR}</arg>
<doc>Logs the given message with the given level.</doc>
<msg timestamp="20240214 10:21:38.502" level="INFO">/Users/runner/work/rfswarm/rfswarm/Tests/Regression/Manager/Images/file_method</msg>
<status status="PASS" starttime="20240214 10:21:38.502" endtime="20240214 10:21:38.502"/>
</kw>
<kw name="Wait For" library="ImageHorizonLibrary">
<arg>${img}</arg>
<arg>timeout=300</arg>
<doc>Tries to locate given image from the screen for given time.</doc>
<kw name="Take A Screenshot" library="ImageHorizonLibrary">
<doc>Takes a screenshot of the screen.</doc>
<msg timestamp="20240214 10:26:38.594" level="INFO" html="true">Screenshot taken: /Users/runner/work/rfswarm/rfswarm/Tests/Regression/Manager/Logs/macos-latest_3.7/Manager.GUIBasic-screenshot-5.png&lt;br/&gt;&lt;img src="/Users/runner/work/rfswarm/rfswarm/Tests/Regression/Manager/Logs/macos-latest_3.7/Manager.GUIBasic-screenshot-5.png" width="100%" /&gt;</msg>
<status status="PASS" starttime="20240214 10:26:38.593" endtime="20240214 10:26:38.877"/>
</kw>
<msg timestamp="20240214 10:26:38.878" level="FAIL">ImageNotFoundException: Reference image "/Users/runner/work/rfswarm/rfswarm/Tests/Regression/Manager/Images/file_method/manager_macos_tab_plan.png" was not found on screen</msg>
<status status="FAIL" starttime="20240214 10:21:38.503" endtime="20240214 10:26:38.878"/>
</kw>
<kw name="Locate" library="ImageHorizonLibrary">
<var>@{coordinates}</var>
<arg>${img}</arg>
<doc>Locate image on screen.</doc>
<status status="NOT RUN" starttime="20240214 10:26:38.878" endtime="20240214 10:26:38.878"/>
</kw>
<kw name="Click Image" library="ImageHorizonLibrary">
<arg>${img}</arg>
<doc>Finds the reference image on screen and clicks it once.</doc>
<status status="NOT RUN" starttime="20240214 10:26:38.879" endtime="20240214 10:26:38.879"/>
</kw>
<kw name="Sleep" library="BuiltIn">
<arg>0.1</arg>
<doc>Pauses the test executed for the given time.</doc>
<status status="NOT RUN" starttime="20240214 10:26:38.879" endtime="20240214 10:26:38.879"/>
</kw>
<kw name="Take A Screenshot" library="ImageHorizonLibrary">
<doc>Takes a screenshot of the screen.</doc>
<status status="NOT RUN" starttime="20240214 10:26:38.879" endtime="20240214 10:26:38.879"/>
</kw>
<status status="FAIL" starttime="20240214 10:21:38.500" endtime="20240214 10:26:38.879"/>
</kw>
<kw name="Sleep" library="BuiltIn">
<arg>5</arg>
<doc>Pauses the test executed for the given time.</doc>
<status status="NOT RUN" starttime="20240214 10:26:38.880" endtime="20240214 10:26:38.880"/>
</kw>
<tag>macos-latest</tag>
<tag>ubuntu-latest</tag>
<tag>windows-latest</tag>
<status status="FAIL" starttime="20240214 10:21:38.499" endtime="20240214 10:26:38.880">ImageNotFoundException: Reference image "/Users/runner/work/rfswarm/rfswarm/Tests/Regression/Manager/Images/file_method/manager_macos_tab_plan.png" was not found on screen</status>
</test>
<test id="s1-s2-t6" name="Close GUI" line="78">
<kw name="Click Image" library="ImageHorizonLibrary">
<arg>manager_${platform}_button_closewindow.png</arg>
<doc>Finds the reference image on screen and clicks it once.</doc>
<msg timestamp="20240214 10:26:39.266" level="INFO">Image "/Users/runner/work/rfswarm/rfswarm/Tests/Regression/Manager/Images/file_method/manager_macos_button_closewindow.png" was not found on screen.</msg>
<kw name="Take A Screenshot" library="ImageHorizonLibrary">
<doc>Takes a screenshot of the screen.</doc>
<msg timestamp="20240214 10:26:39.268" level="INFO" html="true">Screenshot taken: /Users/runner/work/rfswarm/rfswarm/Tests/Regression/Manager/Logs/macos-latest_3.7/Manager.GUIBasic-screenshot-6.png&lt;br/&gt;&lt;img src="/Users/runner/work/rfswarm/rfswarm/Tests/Regression/Manager/Logs/macos-latest_3.7/Manager.GUIBasic-screenshot-6.png" width="100%" /&gt;</msg>
<status status="PASS" starttime="20240214 10:26:39.267" endtime="20240214 10:26:39.547"/>
</kw>
<msg timestamp="20240214 10:26:39.548" level="FAIL">ImageNotFoundException: Reference image "/Users/runner/work/rfswarm/rfswarm/Tests/Regression/Manager/Images/file_method/manager_macos_button_closewindow.png" was not found on screen</msg>
<status status="FAIL" starttime="20240214 10:26:38.881" endtime="20240214 10:26:39.548"/>
</kw>
<kw name="Take A Screenshot" library="ImageHorizonLibrary">
<doc>Takes a screenshot of the screen.</doc>
<status status="NOT RUN" starttime="20240214 10:26:39.548" endtime="20240214 10:26:39.548"/>
</kw>
<kw name="Wait For Process" library="Process">
<var>${result}</var>
<arg>${process}</arg>
<arg>timeout=60</arg>
<doc>Waits for the process to complete or to reach the given timeout.</doc>
<status status="NOT RUN" starttime="20240214 10:26:39.549" endtime="20240214 10:26:39.549"/>
</kw>
<kw name="Is Process Running" library="Process">
<var>${running}</var>
<arg>${process}</arg>
<doc>Checks is the process running or not.</doc>
<status status="NOT RUN" starttime="20240214 10:26:39.549" endtime="20240214 10:26:39.549"/>
</kw>
<if>
<branch type="IF" condition="not ${running}">
<kw name="Should Be Equal As Integers" library="BuiltIn">
<arg>${result.rc}</arg>
<arg>0</arg>
<doc>Fails if objects are unequal after converting them to integers.</doc>
<status status="NOT RUN" starttime="20240214 10:26:39.549" endtime="20240214 10:26:39.549"/>
</kw>
<status status="NOT RUN" starttime="20240214 10:26:39.549" endtime="20240214 10:26:39.550"/>
</branch>
<branch type="ELSE">
<kw name="Take A Screenshot" library="ImageHorizonLibrary">
<doc>Takes a screenshot of the screen.</doc>
<status status="NOT RUN" starttime="20240214 10:26:39.550" endtime="20240214 10:26:39.550"/>
</kw>
<kw name="Terminate Process" library="Process">
<var>${result}</var>
<arg>${process}</arg>
<doc>Stops the process gracefully or forcefully.</doc>
<status status="NOT RUN" starttime="20240214 10:26:39.550" endtime="20240214 10:26:39.550"/>
</kw>
<kw name="Fail" library="BuiltIn">
<doc>Fails the test with the given message and optionally alters its tags.</doc>
<status status="NOT RUN" starttime="20240214 10:26:39.550" endtime="20240214 10:26:39.550"/>
</kw>
<status status="NOT RUN" starttime="20240214 10:26:39.550" endtime="20240214 10:26:39.550"/>
</branch>
<status status="NOT RUN" starttime="20240214 10:26:39.549" endtime="20240214 10:26:39.550"/>
</if>
<tag>macos-latest</tag>
<status status="FAIL" starttime="20240214 10:26:38.881" endtime="20240214 10:26:39.551">ImageNotFoundException: Reference image "/Users/runner/work/rfswarm/rfswarm/Tests/Regression/Manager/Images/file_method/manager_macos_button_closewindow.png" was not found on screen</status>
</test>
<status status="FAIL" starttime="20240214 10:06:16.933" endtime="20240214 10:26:39.552"/>
</suite>
<suite id="s1-s3" name="GUI Bugs" source="/Users/runner/work/rfswarm/rfswarm/Tests/Regression/Manager/GUI_Bugs.robot">
<kw name="Set Platform" library="GUI_Common" type="SETUP">
<kw name="Log" library="BuiltIn">
<arg>${OPTIONS}</arg>
<doc>Logs the given message with the given level.</doc>
<msg timestamp="20240214 10:26:39.573" level="INFO">{'include': ['macos-latest'], 'exclude': [], 'skip': [], 'skip_on_failure': []}</msg>
<status status="PASS" starttime="20240214 10:26:39.572" endtime="20240214 10:26:39.573"/>
</kw>
<kw name="Log" library="BuiltIn">
<arg>${OPTIONS}[include]</arg>
<doc>Logs the given message with the given level.</doc>
<msg timestamp="20240214 10:26:39.573" level="INFO">[macos-latest]</msg>
<status status="PASS" starttime="20240214 10:26:39.573" endtime="20240214 10:26:39.573"/>
</kw>
<kw name="Log" library="BuiltIn">
<arg>${OPTIONS}[include][0]</arg>
<doc>Logs the given message with the given level.</doc>
<msg timestamp="20240214 10:26:39.574" level="INFO">macos-latest</msg>
<status status="PASS" starttime="20240214 10:26:39.573" endtime="20240214 10:26:39.574"/>
</kw>
<kw name="Set Variable" library="BuiltIn">
<var>${ostag}</var>
<arg>${OPTIONS}[include][0]</arg>
<doc>Returns the given values which can then be assigned to a variables.</doc>
<msg timestamp="20240214 10:26:39.574" level="INFO">${ostag} = macos-latest</msg>
<status status="PASS" starttime="20240214 10:26:39.574" endtime="20240214 10:26:39.574"/>
</kw>
<if>
<branch type="IF" condition="&quot;${ostag}&quot; == &quot;macos-latest&quot;">
<kw name="Set Suite Variable" library="BuiltIn">
<arg>${platform}</arg>
<arg>macos</arg>
<doc>Makes a variable available everywhere within the scope of the current suite.</doc>
<msg timestamp="20240214 10:26:39.576" level="INFO">${platform} = macos</msg>
<status status="PASS" starttime="20240214 10:26:39.575" endtime="20240214 10:26:39.576"/>
</kw>
<status status="PASS" starttime="20240214 10:26:39.574" endtime="20240214 10:26:39.576"/>
</branch>
<status status="PASS" starttime="20240214 10:26:39.574" endtime="20240214 10:26:39.576"/>
</if>
<if>
<branch type="IF" condition="&quot;${ostag}&quot; == &quot;windows-latest&quot;">
<kw name="Set Suite Variable" library="BuiltIn">
<arg>${platform}</arg>
<arg>windows</arg>
<doc>Makes a variable available everywhere within the scope of the current suite.</doc>
<status status="NOT RUN" starttime="20240214 10:26:39.576" endtime="20240214 10:26:39.576"/>
</kw>
<status status="NOT RUN" starttime="20240214 10:26:39.576" endtime="20240214 10:26:39.576"/>
</branch>
<status status="PASS" starttime="20240214 10:26:39.576" endtime="20240214 10:26:39.576"/>
</if>
<if>
<branch type="IF" condition="&quot;${ostag}&quot; == &quot;ubuntu-latest&quot;">
<kw name="Set Suite Variable" library="BuiltIn">
<arg>${platform}</arg>
<arg>ubuntu</arg>
<doc>Makes a variable available everywhere within the scope of the current suite.</doc>
<status status="NOT RUN" starttime="20240214 10:26:39.577" endtime="20240214 10:26:39.577"/>
</kw>
<status status="NOT RUN" starttime="20240214 10:26:39.577" endtime="20240214 10:26:39.577"/>
</branch>
<status status="PASS" starttime="20240214 10:26:39.577" endtime="20240214 10:26:39.577"/>
</if>
<status status="PASS" starttime="20240214 10:26:39.572" endtime="20240214 10:26:39.577"/>
</kw>
<test id="s1-s3-t1" name="Issue #171" line="7">
<kw name="Open Agent" library="GUI_Common">
<kw name="Start Process" library="Process">
<var>${process}</var>
<arg>python3</arg>
<arg>${pyfile_agent}</arg>
<arg>alias=Agent</arg>
<arg>stdout=${OUTPUT DIR}${/}stdout_agent.txt</arg>
<arg>stderr=${OUTPUT DIR}${/}stderr_agent.txt</arg>
<doc>Starts a new process on background.</doc>
<msg timestamp="20240214 10:26:39.579" level="INFO">Starting process:
python3 /Users/runner/work/rfswarm/rfswarm/rfswarm_agent/rfswarm_agent.py</msg>
<msg timestamp="20240214 10:26:39.586" level="INFO">${process} = &lt;subprocess.Popen object at 0x11483eed0&gt;</msg>
<status status="PASS" starttime="20240214 10:26:39.578" endtime="20240214 10:26:39.586"/>
</kw>
<kw name="Set Test Variable" library="BuiltIn">
<arg>$process_agent</arg>
<arg>${process}</arg>
<doc>Makes a variable available everywhere within the scope of the current test.</doc>
<msg timestamp="20240214 10:26:39.588" level="INFO">${process_agent} = &lt;subprocess.Popen object at 0x11483eed0&gt;</msg>
<status status="PASS" starttime="20240214 10:26:39.587" endtime="20240214 10:26:39.588"/>
</kw>
<status status="PASS" starttime="20240214 10:26:39.578" endtime="20240214 10:26:39.588"/>
</kw>
<kw name="Open Manager GUI" library="GUI_Common">
<kw name="Set Confidence" library="ImageHorizonLibrary">
<arg>0.9</arg>
<doc>Sets the accuracy when finding images.</doc>
<status status="PASS" starttime="20240214 10:26:39.588" endtime="20240214 10:26:40.131"/>
</kw>
<kw name="Start Process" library="Process">
<var>${process}</var>
<arg>python3</arg>
<arg>${pyfile_manager}</arg>
<arg>alias=Manager</arg>
<arg>stdout=${OUTPUT DIR}${/}stdout_manager.txt</arg>
<arg>stderr=${OUTPUT DIR}${/}stderr_manager.txt</arg>
<doc>Starts a new process on background.</doc>
<msg timestamp="20240214 10:26:40.134" level="INFO">Starting process:
python3 /Users/runner/work/rfswarm/rfswarm/rfswarm_manager/rfswarm.py</msg>
<msg timestamp="20240214 10:26:40.140" level="INFO">${process} = &lt;subprocess.Popen object at 0x11482f690&gt;</msg>
<status status="PASS" starttime="20240214 10:26:40.132" endtime="20240214 10:26:40.140"/>
</kw>
<kw name="Set Test Variable" library="BuiltIn">
<arg>$process_manager</arg>
<arg>${process}</arg>
<doc>Makes a variable available everywhere within the scope of the current test.</doc>
<msg timestamp="20240214 10:26:40.142" level="INFO">${process_manager} = &lt;subprocess.Popen object at 0x11482f690&gt;</msg>
<status status="PASS" starttime="20240214 10:26:40.141" endtime="20240214 10:26:40.142"/>
</kw>
<kw name="Sleep" library="BuiltIn">
<arg>10</arg>
<doc>Pauses the test executed for the given time.</doc>
<msg timestamp="20240214 10:26:50.188" level="INFO">Slept 10 seconds</msg>
<status status="PASS" starttime="20240214 10:26:40.142" endtime="20240214 10:26:50.189"/>
</kw>
<kw name="Set Screenshot Folder" library="ImageHorizonLibrary">
<arg>${OUTPUT DIR}</arg>
<doc>Sets the folder where screenshots are saved to.</doc>
<status status="PASS" starttime="20240214 10:26:50.189" endtime="20240214 10:26:50.189"/>
</kw>
<kw name="Take A Screenshot" library="ImageHorizonLibrary">
<doc>Takes a screenshot of the screen.</doc>
<msg timestamp="20240214 10:26:50.190" level="INFO" html="true">Screenshot taken: /Users/runner/work/rfswarm/rfswarm/Tests/Regression/Manager/Logs/macos-latest_3.7/Manager.GUIBugs-screenshot-1.png&lt;br/&gt;&lt;img src="/Users/runner/work/rfswarm/rfswarm/Tests/Regression/Manager/Logs/macos-latest_3.7/Manager.GUIBugs-screenshot-1.png" width="100%" /&gt;</msg>
<status status="PASS" starttime="20240214 10:26:50.189" endtime="20240214 10:26:50.487"/>
</kw>
<status status="PASS" starttime="20240214 10:26:39.588" endtime="20240214 10:26:50.488"/>
</kw>
<kw name="Resize Window" library="GUI_Common">
<arg>100</arg>
<arg>10</arg>
<kw name="Set Variable" library="BuiltIn">
<var>${img}</var>
<arg>manager_${platform}_corner_resize.png</arg>
<doc>Returns the given values which can then be assigned to a variables.</doc>
<msg timestamp="20240214 10:26:50.490" level="INFO">${img} = manager_macos_corner_resize.png</msg>
<status status="PASS" starttime="20240214 10:26:50.489" endtime="20240214 10:26:50.490"/>
</kw>
<kw name="Wait For" library="ImageHorizonLibrary">
<arg>${img}</arg>
<arg>timeout=300</arg>
<doc>Tries to locate given image from the screen for given time.</doc>
<kw name="Take A Screenshot" library="ImageHorizonLibrary">
<doc>Takes a screenshot of the screen.</doc>
<msg timestamp="20240214 10:31:50.808" level="INFO" html="true">Screenshot taken: /Users/runner/work/rfswarm/rfswarm/Tests/Regression/Manager/Logs/macos-latest_3.7/Manager.GUIBugs-screenshot-2.png&lt;br/&gt;&lt;img src="/Users/runner/work/rfswarm/rfswarm/Tests/Regression/Manager/Logs/macos-latest_3.7/Manager.GUIBugs-screenshot-2.png" width="100%" /&gt;</msg>
<status status="PASS" starttime="20240214 10:31:50.807" endtime="20240214 10:31:51.091"/>
</kw>
<msg timestamp="20240214 10:31:51.092" level="FAIL">ImageNotFoundException: Reference image "/Users/runner/work/rfswarm/rfswarm/Tests/Regression/Manager/Images/file_method/manager_macos_corner_resize.png" was not found on screen</msg>
<status status="FAIL" starttime="20240214 10:26:50.490" endtime="20240214 10:31:51.092"/>
</kw>
<kw name="Locate" library="ImageHorizonLibrary">
<var>@{coordinates}</var>
<arg>${img}</arg>
<doc>Locate image on screen.</doc>
<status status="NOT RUN" starttime="20240214 10:31:51.093" endtime="20240214 10:31:51.093"/>
</kw>
<kw name="Create List" library="BuiltIn">
<var>@{coordinates2}</var>
<arg>${coordinates[0]}+${x}</arg>
<arg>${coordinates[1]}+${y}</arg>
<doc>Returns a list containing given items.</doc>
<status status="NOT RUN" starttime="20240214 10:31:51.093" endtime="20240214 10:31:51.093"/>
</kw>
<kw name="Move To" library="ImageHorizonLibrary">
<arg>@{coordinates}</arg>
<doc>Moves the mouse pointer to an absolute coordinates.</doc>
<status status="NOT RUN" starttime="20240214 10:31:51.093" endtime="20240214 10:31:51.093"/>
</kw>
<kw name="Mouse Down" library="ImageHorizonLibrary">
<doc>Presses specidied mouse button down</doc>
<status status="NOT RUN" starttime="20240214 10:31:51.093" endtime="20240214 10:31:51.094"/>
</kw>
<kw name="Move To" library="ImageHorizonLibrary">
<arg>@{coordinates2}</arg>
<doc>Moves the mouse pointer to an absolute coordinates.</doc>
<status status="NOT RUN" starttime="20240214 10:31:51.094" endtime="20240214 10:31:51.094"/>
</kw>
<kw name="Mouse Up" library="ImageHorizonLibrary">
<doc>Releases specified mouse button</doc>
<status status="NOT RUN" starttime="20240214 10:31:51.094" endtime="20240214 10:31:51.094"/>
</kw>
<status status="FAIL" starttime="20240214 10:26:50.488" endtime="20240214 10:31:51.094"/>
</kw>
<kw name="Take A Screenshot" library="ImageHorizonLibrary">
<doc>Takes a screenshot of the screen.</doc>
<status status="NOT RUN" starttime="20240214 10:31:51.094" endtime="20240214 10:31:51.094"/>
</kw>
<kw name="Wait Agent Ready" library="GUI_Common">
<status status="NOT RUN" starttime="20240214 10:31:51.095" endtime="20240214 10:31:51.095"/>
</kw>
<kw name="Click Tab" library="GUI_Common">
<arg>Run</arg>
<status status="NOT RUN" starttime="20240214 10:31:51.095" endtime="20240214 10:31:51.095"/>
</kw>
<kw name="Click Button" library="GUI_Common">
<arg>runsettings</arg>
<status status="NOT RUN" starttime="20240214 10:31:51.095" endtime="20240214 10:31:51.095"/>
</kw>
<kw name="Take A Screenshot" library="ImageHorizonLibrary">
<doc>Takes a screenshot of the screen.</doc>
<status status="NOT RUN" starttime="20240214 10:31:51.095" endtime="20240214 10:31:51.095"/>
</kw>
<kw name="Run Keyword" library="BuiltIn">
<arg>Close Manager GUI ${platform}</arg>
<doc>Executes the given keyword with the given arguments.</doc>
<status status="NOT RUN" starttime="20240214 10:31:51.095" endtime="20240214 10:31:51.095"/>
</kw>
<kw name="Stop Agent" library="GUI_Common">
<status status="NOT RUN" starttime="20240214 10:31:51.096" endtime="20240214 10:31:51.096"/>
</kw>
<tag>macos-latest</tag>
<tag>ubuntu-latest</tag>
<tag>windows-latest</tag>
<status status="FAIL" starttime="20240214 10:26:39.577" endtime="20240214 10:31:51.096">ImageNotFoundException: Reference image "/Users/runner/work/rfswarm/rfswarm/Tests/Regression/Manager/Images/file_method/manager_macos_corner_resize.png" was not found on screen</status>
</test>
<status status="FAIL" starttime="20240214 10:26:39.554" endtime="20240214 10:31:51.097"/>
</suite>
<status status="FAIL" starttime="20240214 10:05:14.837" endtime="20240214 10:31:51.098"/>
</suite>
<statistics>
<total>
<stat pass="4" fail="6" skip="0">All Tests</stat>
</total>
<tag>
<stat pass="4" fail="6" skip="0">macos-latest</stat>
<stat pass="3" fail="5" skip="0">ubuntu-latest</stat>
<stat pass="3" fail="5" skip="0">windows-latest</stat>
</tag>
<suite>
<stat pass="4" fail="6" skip="0" id="s1" name="Manager">Manager</stat>
<stat pass="3" fail="0" skip="0" id="s1-s1" name="CommandLine">Manager.CommandLine</stat>
<stat pass="1" fail="5" skip="0" id="s1-s2" name="GUI Basic">Manager.GUI Basic</stat>
<stat pass="0" fail="1" skip="0" id="s1-s3" name="GUI Bugs">Manager.GUI Bugs</stat>
</suite>
</statistics>
<errors>
</errors>
</robot>
