<?xml version="1.0" encoding="UTF-8"?>
<robot generator="Robot 6.1.1 (Python 3.7.17 on darwin)" generated="20240214 15:59:43.197" rpa="false" schemaversion="4">
<suite id="s1" name="Manager" source="/Users/runner/work/rfswarm/rfswarm/Tests/Regression/Manager">
<suite id="s1-s1" name="CommandLine" source="/Users/runner/work/rfswarm/rfswarm/Tests/Regression/Manager/CommandLine.robot">
<kw name="Clean Up Old Files" type="SETUP">
<tag>macos-latest</tag>
<tag>ubuntu-latest</tag>
<tag>windows-latest</tag>
<kw name="Log To Console" library="BuiltIn">
<arg>${OUTPUT DIR}</arg>
<doc>Logs the given message to the console.</doc>
<status status="PASS" starttime="20240214 15:59:43.228" endtime="20240214 15:59:43.228"/>
</kw>
<kw name="Remove File" library="OperatingSystem">
<arg>${OUTPUT DIR}${/}*.txt</arg>
<doc>Removes a file with the given path.</doc>
<msg timestamp="20240214 15:59:43.229" level="INFO" html="true">Removed file '&lt;a href="file:///Users/runner/work/rfswarm/rfswarm/Tests/Regression/Manager/Logs/macos-latest_3.7/stdout.txt"&gt;/Users/runner/work/rfswarm/rfswarm/Tests/Regression/Manager/Logs/macos-latest_3.7/stdout.txt&lt;/a&gt;'.</msg>
<msg timestamp="20240214 15:59:43.229" level="INFO" html="true">Removed file '&lt;a href="file:///Users/runner/work/rfswarm/rfswarm/Tests/Regression/Manager/Logs/macos-latest_3.7/stdout_agent.txt"&gt;/Users/runner/work/rfswarm/rfswarm/Tests/Regression/Manager/Logs/macos-latest_3.7/stdout_agent.txt&lt;/a&gt;'.</msg>
<msg timestamp="20240214 15:59:43.229" level="INFO" html="true">Removed file '&lt;a href="file:///Users/runner/work/rfswarm/rfswarm/Tests/Regression/Manager/Logs/macos-latest_3.7/stderr_agent.txt"&gt;/Users/runner/work/rfswarm/rfswarm/Tests/Regression/Manager/Logs/macos-latest_3.7/stderr_agent.txt&lt;/a&gt;'.</msg>
<msg timestamp="20240214 15:59:43.229" level="INFO" html="true">Removed file '&lt;a href="file:///Users/runner/work/rfswarm/rfswarm/Tests/Regression/Manager/Logs/macos-latest_3.7/stdout_manager.txt"&gt;/Users/runner/work/rfswarm/rfswarm/Tests/Regression/Manager/Logs/macos-latest_3.7/stdout_manager.txt&lt;/a&gt;'.</msg>
<msg timestamp="20240214 15:59:43.230" level="INFO" html="true">Removed file '&lt;a href="file:///Users/runner/work/rfswarm/rfswarm/Tests/Regression/Manager/Logs/macos-latest_3.7/stderr_manager.txt"&gt;/Users/runner/work/rfswarm/rfswarm/Tests/Regression/Manager/Logs/macos-latest_3.7/stderr_manager.txt&lt;/a&gt;'.</msg>
<msg timestamp="20240214 15:59:43.230" level="INFO" html="true">Removed file '&lt;a href="file:///Users/runner/work/rfswarm/rfswarm/Tests/Regression/Manager/Logs/macos-latest_3.7/stderr.txt"&gt;/Users/runner/work/rfswarm/rfswarm/Tests/Regression/Manager/Logs/macos-latest_3.7/stderr.txt&lt;/a&gt;'.</msg>
<status status="PASS" starttime="20240214 15:59:43.228" endtime="20240214 15:59:43.230"/>
</kw>
<kw name="Remove File" library="OperatingSystem">
<arg>${OUTPUT DIR}${/}*.png</arg>
<doc>Removes a file with the given path.</doc>
<msg timestamp="20240214 15:59:43.230" level="INFO" html="true">Removed file '&lt;a href="file:///Users/runner/work/rfswarm/rfswarm/Tests/Regression/Manager/Logs/macos-latest_3.7/Manager.GUIBasic-screenshot-1.png"&gt;/Users/runner/work/rfswarm/rfswarm/Tests/Regression/Manager/Logs/macos-latest_3.7/Manager.GUIBasic-screenshot-1.png&lt;/a&gt;'.</msg>
<msg timestamp="20240214 15:59:43.231" level="INFO" html="true">Removed file '&lt;a href="file:///Users/runner/work/rfswarm/rfswarm/Tests/Regression/Manager/Logs/macos-latest_3.7/Manager.GUIBasic-screenshot-2.png"&gt;/Users/runner/work/rfswarm/rfswarm/Tests/Regression/Manager/Logs/macos-latest_3.7/Manager.GUIBasic-screenshot-2.png&lt;/a&gt;'.</msg>
<msg timestamp="20240214 15:59:43.231" level="INFO" html="true">Removed file '&lt;a href="file:///Users/runner/work/rfswarm/rfswarm/Tests/Regression/Manager/Logs/macos-latest_3.7/Manager.GUIBasic-screenshot-3.png"&gt;/Users/runner/work/rfswarm/rfswarm/Tests/Regression/Manager/Logs/macos-latest_3.7/Manager.GUIBasic-screenshot-3.png&lt;/a&gt;'.</msg>
<msg timestamp="20240214 15:59:43.231" level="INFO" html="true">Removed file '&lt;a href="file:///Users/runner/work/rfswarm/rfswarm/Tests/Regression/Manager/Logs/macos-latest_3.7/Manager.GUIBasic-screenshot-6.png"&gt;/Users/runner/work/rfswarm/rfswarm/Tests/Regression/Manager/Logs/macos-latest_3.7/Manager.GUIBasic-screenshot-6.png&lt;/a&gt;'.</msg>
<msg timestamp="20240214 15:59:43.231" level="INFO" html="true">Removed file '&lt;a href="file:///Users/runner/work/rfswarm/rfswarm/Tests/Regression/Manager/Logs/macos-latest_3.7/Manager.GUIBasic-screenshot-4.png"&gt;/Users/runner/work/rfswarm/rfswarm/Tests/Regression/Manager/Logs/macos-latest_3.7/Manager.GUIBasic-screenshot-4.png&lt;/a&gt;'.</msg>
<msg timestamp="20240214 15:59:43.231" level="INFO" html="true">Removed file '&lt;a href="file:///Users/runner/work/rfswarm/rfswarm/Tests/Regression/Manager/Logs/macos-latest_3.7/Manager.GUIBasic-screenshot-5.png"&gt;/Users/runner/work/rfswarm/rfswarm/Tests/Regression/Manager/Logs/macos-latest_3.7/Manager.GUIBasic-screenshot-5.png&lt;/a&gt;'.</msg>
<msg timestamp="20240214 15:59:43.231" level="INFO" html="true">Removed file '&lt;a href="file:///Users/runner/work/rfswarm/rfswarm/Tests/Regression/Manager/Logs/macos-latest_3.7/Manager.GUIBugs-screenshot-1.png"&gt;/Users/runner/work/rfswarm/rfswarm/Tests/Regression/Manager/Logs/macos-latest_3.7/Manager.GUIBugs-screenshot-1.png&lt;/a&gt;'.</msg>
<msg timestamp="20240214 15:59:43.231" level="INFO" html="true">Removed file '&lt;a href="file:///Users/runner/work/rfswarm/rfswarm/Tests/Regression/Manager/Logs/macos-latest_3.7/Manager.GUIBugs-screenshot-2.png"&gt;/Users/runner/work/rfswarm/rfswarm/Tests/Regression/Manager/Logs/macos-latest_3.7/Manager.GUIBugs-screenshot-2.png&lt;/a&gt;'.</msg>
<status status="PASS" starttime="20240214 15:59:43.230" endtime="20240214 15:59:43.232"/>
</kw>
<status status="PASS" starttime="20240214 15:59:43.228" endtime="20240214 15:59:43.232"/>
</kw>
<test id="s1-s1-t1" name="Random Offset" line="7">
<kw name="Evaluate" library="BuiltIn">
<var>${random}</var>
<arg>random.randint(0, 60)</arg>
<doc>Evaluates the given expression in Python and returns the result.</doc>
<msg timestamp="20240214 15:59:43.233" level="INFO">${random} = 29</msg>
<status status="PASS" starttime="20240214 15:59:43.232" endtime="20240214 15:59:43.233"/>
</kw>
<kw name="Sleep" library="BuiltIn">
<arg>${random}</arg>
<doc>Pauses the test executed for the given time.</doc>
<msg timestamp="20240214 16:00:12.237" level="INFO">Slept 29 seconds</msg>
<status status="PASS" starttime="20240214 15:59:43.233" endtime="20240214 16:00:12.238"/>
</kw>
<doc>This just prevents all the test runners doing git push at the same time</doc>
<tag>macos-latest</tag>
<tag>ubuntu-latest</tag>
<tag>windows-latest</tag>
<status status="PASS" starttime="20240214 15:59:43.232" endtime="20240214 16:00:12.238"/>
</test>
<test id="s1-s1-t2" name="Manager Version" line="13">
<kw name="Run" library="OperatingSystem">
<var>${result}</var>
<arg>python3 ${EXECDIR}${/}rfswarm_manager${/}rfswarm.py -v</arg>
<doc>Runs the given command in the system and returns the output.</doc>
<msg timestamp="20240214 16:00:12.242" level="INFO">Running command 'python3 /Users/runner/work/rfswarm/rfswarm/rfswarm_manager/rfswarm.py -v 2&gt;&amp;1'.</msg>
<msg timestamp="20240214 16:00:14.485" level="INFO">${result} = Robot Framework Swarm: Manager 
	Version 1.2.1 </msg>
<status status="PASS" starttime="20240214 16:00:12.239" endtime="20240214 16:00:14.485"/>
</kw>
<kw name="Log To Console" library="BuiltIn">
<arg>${\n}${result}</arg>
<doc>Logs the given message to the console.</doc>
<status status="PASS" starttime="20240214 16:00:14.486" endtime="20240214 16:00:14.486"/>
</kw>
<kw name="Should Contain" library="BuiltIn">
<arg>${result}</arg>
<arg>Version</arg>
<doc>Fails if ``container`` does not contain ``item`` one or more times.</doc>
<status status="PASS" starttime="20240214 16:00:14.486" endtime="20240214 16:00:14.486"/>
</kw>
<kw name="Should Contain" library="BuiltIn">
<arg>${result}</arg>
<arg>Manager</arg>
<doc>Fails if ``container`` does not contain ``item`` one or more times.</doc>
<status status="PASS" starttime="20240214 16:00:14.486" endtime="20240214 16:00:14.487"/>
</kw>
<tag>macos-latest</tag>
<tag>ubuntu-latest</tag>
<tag>windows-latest</tag>
<status status="PASS" starttime="20240214 16:00:12.239" endtime="20240214 16:00:14.487"/>
</test>
<test id="s1-s1-t3" name="Manager Help" line="20">
<kw name="Run" library="OperatingSystem">
<var>${result}</var>
<arg>python3 ${EXECDIR}${/}rfswarm_manager${/}rfswarm.py -h</arg>
<doc>Runs the given command in the system and returns the output.</doc>
<msg timestamp="20240214 16:00:14.490" level="INFO">Running command 'python3 /Users/runner/work/rfswarm/rfswarm/rfswarm_manager/rfswarm.py -h 2&gt;&amp;1'.</msg>
<msg timestamp="20240214 16:00:15.545" level="INFO">${result} = Robot Framework Swarm: Manager 
	Version 1.2.1 
usage: rfswarm.py [-h] [-g DEBUG] [-v] [-i INI] [-s SCENARIO] [-r] [-a AGENTS]
                  [-n] [-t STARTTIME] [-d DIR] [-e IPADDRESS] [-p PORT]

...</msg>
<status status="PASS" starttime="20240214 16:00:14.488" endtime="20240214 16:00:15.545"/>
</kw>
<kw name="Log To Console" library="BuiltIn">
<arg>${\n}${result}</arg>
<doc>Logs the given message to the console.</doc>
<status status="PASS" starttime="20240214 16:00:15.546" endtime="20240214 16:00:15.546"/>
</kw>
<kw name="Should Contain" library="BuiltIn">
<arg>${result}</arg>
<arg>IPADDRESS</arg>
<doc>Fails if ``container`` does not contain ``item`` one or more times.</doc>
<status status="PASS" starttime="20240214 16:00:15.546" endtime="20240214 16:00:15.546"/>
</kw>
<tag>macos-latest</tag>
<tag>ubuntu-latest</tag>
<tag>windows-latest</tag>
<status status="PASS" starttime="20240214 16:00:14.487" endtime="20240214 16:00:15.547"/>
</test>
<status status="PASS" starttime="20240214 15:59:43.218" endtime="20240214 16:00:15.547"/>
</suite>
<suite id="s1-s2" name="GUI Basic" source="/Users/runner/work/rfswarm/rfswarm/Tests/Regression/Manager/GUI_Basic.robot">
<test id="s1-s2-t1" name="Open GUI" line="14">
<kw name="Set Suite Variable" library="BuiltIn">
<arg>${platform}</arg>
<arg>macos</arg>
<doc>Makes a variable available everywhere within the scope of the current suite.</doc>
<msg timestamp="20240214 16:00:16.739" level="INFO">${platform} = macos</msg>
<status status="PASS" starttime="20240214 16:00:16.738" endtime="20240214 16:00:16.739"/>
</kw>
<kw name="Set Confidence" library="ImageHorizonLibrary">
<arg>0.9</arg>
<doc>Sets the accuracy when finding images.</doc>
<status status="PASS" starttime="20240214 16:00:16.739" endtime="20240214 16:00:16.970"/>
</kw>
<kw name="Start Process" library="Process">
<var>${process}</var>
<arg>python3</arg>
<arg>${pyfile}</arg>
<arg>alias=Manager</arg>
<arg>stdout=${OUTPUT DIR}${/}stdout.txt</arg>
<arg>stderr=${OUTPUT DIR}${/}stderr.txt</arg>
<doc>Starts a new process on background.</doc>
<msg timestamp="20240214 16:00:16.973" level="INFO">Starting process:
python3 /Users/runner/work/rfswarm/rfswarm/rfswarm_manager/rfswarm.py</msg>
<msg timestamp="20240214 16:00:16.978" level="INFO">${process} = &lt;subprocess.Popen object at 0x12363f290&gt;</msg>
<status status="PASS" starttime="20240214 16:00:16.971" endtime="20240214 16:00:16.978"/>
</kw>
<kw name="Set Test Variable" library="BuiltIn">
<arg>$process</arg>
<arg>${process}</arg>
<doc>Makes a variable available everywhere within the scope of the current test.</doc>
<msg timestamp="20240214 16:00:16.979" level="INFO">${process} = &lt;subprocess.Popen object at 0x12363f290&gt;</msg>
<status status="PASS" starttime="20240214 16:00:16.978" endtime="20240214 16:00:16.979"/>
</kw>
<kw name="Sleep" library="BuiltIn">
<arg>10</arg>
<doc>Pauses the test executed for the given time.</doc>
<msg timestamp="20240214 16:00:26.995" level="INFO">Slept 10 seconds</msg>
<status status="PASS" starttime="20240214 16:00:16.979" endtime="20240214 16:00:26.995"/>
</kw>
<kw name="Set Screenshot Folder" library="ImageHorizonLibrary">
<arg>${OUTPUT DIR}</arg>
<doc>Sets the folder where screenshots are saved to.</doc>
<status status="PASS" starttime="20240214 16:00:26.995" endtime="20240214 16:00:26.996"/>
</kw>
<kw name="Take A Screenshot" library="ImageHorizonLibrary">
<doc>Takes a screenshot of the screen.</doc>
<msg timestamp="20240214 16:00:26.996" level="INFO" html="true">Screenshot taken: /Users/runner/work/rfswarm/rfswarm/Tests/Regression/Manager/Logs/macos-latest_3.7/Manager.GUIBasic-screenshot-1.png&lt;br/&gt;&lt;img src="/Users/runner/work/rfswarm/rfswarm/Tests/Regression/Manager/Logs/macos-latest_3.7/Manager.GUIBasic-screenshot-1.png" width="100%" /&gt;</msg>
<status status="PASS" starttime="20240214 16:00:26.996" endtime="20240214 16:00:27.285"/>
</kw>
<tag>macos-latest</tag>
<status status="PASS" starttime="20240214 16:00:16.737" endtime="20240214 16:00:27.285"/>
</test>
<test id="s1-s2-t2" name="Select Run Tab" line="44">
<kw name="Click Tab">
<arg>Run</arg>
<kw name="Convert To Lower Case" library="String">
<var>${tabnamel}</var>
<arg>${tabname}</arg>
<doc>Converts string to lower case.</doc>
<msg timestamp="20240214 16:00:27.287" level="INFO">${tabnamel} = run</msg>
<status status="PASS" starttime="20240214 16:00:27.287" endtime="20240214 16:00:27.287"/>
</kw>
<kw name="Set Variable" library="BuiltIn">
<var>${img}</var>
<arg>manager_${platform}_tab_${tabnamel}.png</arg>
<doc>Returns the given values which can then be assigned to a variables.</doc>
<msg timestamp="20240214 16:00:27.287" level="INFO">${img} = manager_macos_tab_run.png</msg>
<status status="PASS" starttime="20240214 16:00:27.287" endtime="20240214 16:00:27.287"/>
</kw>
<kw name="Log" library="BuiltIn">
<arg>/Users/runner/work/rfswarm/rfswarm/Tests/Regression/Manager</arg>
<doc>Logs the given message with the given level.</doc>
<msg timestamp="20240214 16:00:27.288" level="INFO">/Users/runner/work/rfswarm/rfswarm/Tests/Regression/Manager</msg>
<status status="PASS" starttime="20240214 16:00:27.287" endtime="20240214 16:00:27.288"/>
</kw>
<kw name="Log" library="BuiltIn">
<arg>${IMAGE_DIR}</arg>
<doc>Logs the given message with the given level.</doc>
<msg timestamp="20240214 16:00:27.288" level="INFO">/Users/runner/work/rfswarm/rfswarm/Tests/Regression/Manager/Images/file_method</msg>
<status status="PASS" starttime="20240214 16:00:27.288" endtime="20240214 16:00:27.288"/>
</kw>
<kw name="Wait For" library="ImageHorizonLibrary">
<arg>${img}</arg>
<arg>timeout=300</arg>
<doc>Tries to locate given image from the screen for given time.</doc>
<kw name="Take A Screenshot" library="ImageHorizonLibrary">
<doc>Takes a screenshot of the screen.</doc>
<msg timestamp="20240214 16:05:27.536" level="INFO" html="true">Screenshot taken: /Users/runner/work/rfswarm/rfswarm/Tests/Regression/Manager/Logs/macos-latest_3.7/Manager.GUIBasic-screenshot-2.png&lt;br/&gt;&lt;img src="/Users/runner/work/rfswarm/rfswarm/Tests/Regression/Manager/Logs/macos-latest_3.7/Manager.GUIBasic-screenshot-2.png" width="100%" /&gt;</msg>
<status status="PASS" starttime="20240214 16:05:27.535" endtime="20240214 16:05:27.859"/>
</kw>
<msg timestamp="20240214 16:05:27.860" level="FAIL">ImageNotFoundException: Reference image "/Users/runner/work/rfswarm/rfswarm/Tests/Regression/Manager/Images/file_method/manager_macos_tab_run.png" was not found on screen</msg>
<status status="FAIL" starttime="20240214 16:00:27.288" endtime="20240214 16:05:27.860"/>
</kw>
<kw name="Locate" library="ImageHorizonLibrary">
<var>@{coordinates}</var>
<arg>${img}</arg>
<doc>Locate image on screen.</doc>
<status status="NOT RUN" starttime="20240214 16:05:27.861" endtime="20240214 16:05:27.861"/>
</kw>
<kw name="Click Image" library="ImageHorizonLibrary">
<arg>${img}</arg>
<doc>Finds the reference image on screen and clicks it once.</doc>
<status status="NOT RUN" starttime="20240214 16:05:27.861" endtime="20240214 16:05:27.861"/>
</kw>
<kw name="Sleep" library="BuiltIn">
<arg>0.1</arg>
<doc>Pauses the test executed for the given time.</doc>
<status status="NOT RUN" starttime="20240214 16:05:27.861" endtime="20240214 16:05:27.861"/>
</kw>
<kw name="Take A Screenshot" library="ImageHorizonLibrary">
<doc>Takes a screenshot of the screen.</doc>
<status status="NOT RUN" starttime="20240214 16:05:27.861" endtime="20240214 16:05:27.861"/>
</kw>
<status status="FAIL" starttime="20240214 16:00:27.286" endtime="20240214 16:05:27.861"/>
</kw>
<kw name="Sleep" library="BuiltIn">
<arg>5</arg>
<doc>Pauses the test executed for the given time.</doc>
<status status="NOT RUN" starttime="20240214 16:05:27.862" endtime="20240214 16:05:27.862"/>
</kw>
<tag>macos-latest</tag>
<tag>ubuntu-latest</tag>
<tag>windows-latest</tag>
<status status="FAIL" starttime="20240214 16:00:27.286" endtime="20240214 16:05:27.862">ImageNotFoundException: Reference image "/Users/runner/work/rfswarm/rfswarm/Tests/Regression/Manager/Images/file_method/manager_macos_tab_run.png" was not found on screen</status>
</test>
<test id="s1-s2-t3" name="Select Agents Tab" line="49">
<kw name="Click Tab">
<arg>Agents</arg>
<kw name="Convert To Lower Case" library="String">
<var>${tabnamel}</var>
<arg>${tabname}</arg>
<doc>Converts string to lower case.</doc>
<msg timestamp="20240214 16:05:27.864" level="INFO">${tabnamel} = agents</msg>
<status status="PASS" starttime="20240214 16:05:27.864" endtime="20240214 16:05:27.864"/>
</kw>
<kw name="Set Variable" library="BuiltIn">
<var>${img}</var>
<arg>manager_${platform}_tab_${tabnamel}.png</arg>
<doc>Returns the given values which can then be assigned to a variables.</doc>
<msg timestamp="20240214 16:05:27.865" level="INFO">${img} = manager_macos_tab_agents.png</msg>
<status status="PASS" starttime="20240214 16:05:27.864" endtime="20240214 16:05:27.865"/>
</kw>
<kw name="Log" library="BuiltIn">
<arg>/Users/runner/work/rfswarm/rfswarm/Tests/Regression/Manager</arg>
<doc>Logs the given message with the given level.</doc>
<msg timestamp="20240214 16:05:27.865" level="INFO">/Users/runner/work/rfswarm/rfswarm/Tests/Regression/Manager</msg>
<status status="PASS" starttime="20240214 16:05:27.865" endtime="20240214 16:05:27.865"/>
</kw>
<kw name="Log" library="BuiltIn">
<arg>${IMAGE_DIR}</arg>
<doc>Logs the given message with the given level.</doc>
<msg timestamp="20240214 16:05:27.865" level="INFO">/Users/runner/work/rfswarm/rfswarm/Tests/Regression/Manager/Images/file_method</msg>
<status status="PASS" starttime="20240214 16:05:27.865" endtime="20240214 16:05:27.865"/>
</kw>
<kw name="Wait For" library="ImageHorizonLibrary">
<arg>${img}</arg>
<arg>timeout=300</arg>
<doc>Tries to locate given image from the screen for given time.</doc>
<kw name="Take A Screenshot" library="ImageHorizonLibrary">
<doc>Takes a screenshot of the screen.</doc>
<msg timestamp="20240214 16:10:27.965" level="INFO" html="true">Screenshot taken: /Users/runner/work/rfswarm/rfswarm/Tests/Regression/Manager/Logs/macos-latest_3.7/Manager.GUIBasic-screenshot-3.png&lt;br/&gt;&lt;img src="/Users/runner/work/rfswarm/rfswarm/Tests/Regression/Manager/Logs/macos-latest_3.7/Manager.GUIBasic-screenshot-3.png" width="100%" /&gt;</msg>
<status status="PASS" starttime="20240214 16:10:27.956" endtime="20240214 16:10:28.302"/>
</kw>
<msg timestamp="20240214 16:10:28.304" level="FAIL">ImageNotFoundException: Reference image "/Users/runner/work/rfswarm/rfswarm/Tests/Regression/Manager/Images/file_method/manager_macos_tab_agents.png" was not found on screen</msg>
<status status="FAIL" starttime="20240214 16:05:27.866" endtime="20240214 16:10:28.304"/>
</kw>
<kw name="Locate" library="ImageHorizonLibrary">
<var>@{coordinates}</var>
<arg>${img}</arg>
<doc>Locate image on screen.</doc>
<status status="NOT RUN" starttime="20240214 16:10:28.305" endtime="20240214 16:10:28.305"/>
</kw>
<kw name="Click Image" library="ImageHorizonLibrary">
<arg>${img}</arg>
<doc>Finds the reference image on screen and clicks it once.</doc>
<status status="NOT RUN" starttime="20240214 16:10:28.305" endtime="20240214 16:10:28.305"/>
</kw>
<kw name="Sleep" library="BuiltIn">
<arg>0.1</arg>
<doc>Pauses the test executed for the given time.</doc>
<status status="NOT RUN" starttime="20240214 16:10:28.305" endtime="20240214 16:10:28.305"/>
</kw>
<kw name="Take A Screenshot" library="ImageHorizonLibrary">
<doc>Takes a screenshot of the screen.</doc>
<status status="NOT RUN" starttime="20240214 16:10:28.305" endtime="20240214 16:10:28.305"/>
</kw>
<status status="FAIL" starttime="20240214 16:05:27.863" endtime="20240214 16:10:28.307"/>
</kw>
<kw name="Sleep" library="BuiltIn">
<arg>5</arg>
<doc>Pauses the test executed for the given time.</doc>
<status status="NOT RUN" starttime="20240214 16:10:28.307" endtime="20240214 16:10:28.307"/>
</kw>
<tag>macos-latest</tag>
<tag>ubuntu-latest</tag>
<tag>windows-latest</tag>
<status status="FAIL" starttime="20240214 16:05:27.863" endtime="20240214 16:10:28.307">ImageNotFoundException: Reference image "/Users/runner/work/rfswarm/rfswarm/Tests/Regression/Manager/Images/file_method/manager_macos_tab_agents.png" was not found on screen</status>
</test>
<test id="s1-s2-t4" name="Select About Tab" line="54">
<kw name="Click Tab">
<arg>About</arg>
<kw name="Convert To Lower Case" library="String">
<var>${tabnamel}</var>
<arg>${tabname}</arg>
<doc>Converts string to lower case.</doc>
<msg timestamp="20240214 16:10:28.311" level="INFO">${tabnamel} = about</msg>
<status status="PASS" starttime="20240214 16:10:28.311" endtime="20240214 16:10:28.311"/>
</kw>
<kw name="Set Variable" library="BuiltIn">
<var>${img}</var>
<arg>manager_${platform}_tab_${tabnamel}.png</arg>
<doc>Returns the given values which can then be assigned to a variables.</doc>
<msg timestamp="20240214 16:10:28.311" level="INFO">${img} = manager_macos_tab_about.png</msg>
<status status="PASS" starttime="20240214 16:10:28.311" endtime="20240214 16:10:28.312"/>
</kw>
<kw name="Log" library="BuiltIn">
<arg>/Users/runner/work/rfswarm/rfswarm/Tests/Regression/Manager</arg>
<doc>Logs the given message with the given level.</doc>
<msg timestamp="20240214 16:10:28.312" level="INFO">/Users/runner/work/rfswarm/rfswarm/Tests/Regression/Manager</msg>
<status status="PASS" starttime="20240214 16:10:28.312" endtime="20240214 16:10:28.312"/>
</kw>
<kw name="Log" library="BuiltIn">
<arg>${IMAGE_DIR}</arg>
<doc>Logs the given message with the given level.</doc>
<msg timestamp="20240214 16:10:28.312" level="INFO">/Users/runner/work/rfswarm/rfswarm/Tests/Regression/Manager/Images/file_method</msg>
<status status="PASS" starttime="20240214 16:10:28.312" endtime="20240214 16:10:28.312"/>
</kw>
<kw name="Wait For" library="ImageHorizonLibrary">
<arg>${img}</arg>
<arg>timeout=300</arg>
<doc>Tries to locate given image from the screen for given time.</doc>
<kw name="Take A Screenshot" library="ImageHorizonLibrary">
<doc>Takes a screenshot of the screen.</doc>
<msg timestamp="20240214 16:15:28.465" level="INFO" html="true">Screenshot taken: /Users/runner/work/rfswarm/rfswarm/Tests/Regression/Manager/Logs/macos-latest_3.7/Manager.GUIBasic-screenshot-4.png&lt;br/&gt;&lt;img src="/Users/runner/work/rfswarm/rfswarm/Tests/Regression/Manager/Logs/macos-latest_3.7/Manager.GUIBasic-screenshot-4.png" width="100%" /&gt;</msg>
<status status="PASS" starttime="20240214 16:15:28.464" endtime="20240214 16:15:28.760"/>
</kw>
<msg timestamp="20240214 16:15:28.761" level="FAIL">ImageNotFoundException: Reference image "/Users/runner/work/rfswarm/rfswarm/Tests/Regression/Manager/Images/file_method/manager_macos_tab_about.png" was not found on screen</msg>
<status status="FAIL" starttime="20240214 16:10:28.313" endtime="20240214 16:15:28.761"/>
</kw>
<kw name="Locate" library="ImageHorizonLibrary">
<var>@{coordinates}</var>
<arg>${img}</arg>
<doc>Locate image on screen.</doc>
<status status="NOT RUN" starttime="20240214 16:15:28.761" endtime="20240214 16:15:28.761"/>
</kw>
<kw name="Click Image" library="ImageHorizonLibrary">
<arg>${img}</arg>
<doc>Finds the reference image on screen and clicks it once.</doc>
<status status="NOT RUN" starttime="20240214 16:15:28.762" endtime="20240214 16:15:28.762"/>
</kw>
<kw name="Sleep" library="BuiltIn">
<arg>0.1</arg>
<doc>Pauses the test executed for the given time.</doc>
<status status="NOT RUN" starttime="20240214 16:15:28.762" endtime="20240214 16:15:28.762"/>
</kw>
<kw name="Take A Screenshot" library="ImageHorizonLibrary">
<doc>Takes a screenshot of the screen.</doc>
<status status="NOT RUN" starttime="20240214 16:15:28.762" endtime="20240214 16:15:28.762"/>
</kw>
<status status="FAIL" starttime="20240214 16:10:28.310" endtime="20240214 16:15:28.762"/>
</kw>
<kw name="Sleep" library="BuiltIn">
<arg>5</arg>
<doc>Pauses the test executed for the given time.</doc>
<status status="NOT RUN" starttime="20240214 16:15:28.762" endtime="20240214 16:15:28.763"/>
</kw>
<tag>macos-latest</tag>
<tag>ubuntu-latest</tag>
<tag>windows-latest</tag>
<status status="FAIL" starttime="20240214 16:10:28.308" endtime="20240214 16:15:28.763">ImageNotFoundException: Reference image "/Users/runner/work/rfswarm/rfswarm/Tests/Regression/Manager/Images/file_method/manager_macos_tab_about.png" was not found on screen</status>
</test>
<test id="s1-s2-t5" name="Select Plan Tab" line="59">
<kw name="Click Tab">
<arg>Plan</arg>
<kw name="Convert To Lower Case" library="String">
<var>${tabnamel}</var>
<arg>${tabname}</arg>
<doc>Converts string to lower case.</doc>
<msg timestamp="20240214 16:15:28.765" level="INFO">${tabnamel} = plan</msg>
<status status="PASS" starttime="20240214 16:15:28.765" endtime="20240214 16:15:28.765"/>
</kw>
<kw name="Set Variable" library="BuiltIn">
<var>${img}</var>
<arg>manager_${platform}_tab_${tabnamel}.png</arg>
<doc>Returns the given values which can then be assigned to a variables.</doc>
<msg timestamp="20240214 16:15:28.765" level="INFO">${img} = manager_macos_tab_plan.png</msg>
<status status="PASS" starttime="20240214 16:15:28.765" endtime="20240214 16:15:28.765"/>
</kw>
<kw name="Log" library="BuiltIn">
<arg>/Users/runner/work/rfswarm/rfswarm/Tests/Regression/Manager</arg>
<doc>Logs the given message with the given level.</doc>
<msg timestamp="20240214 16:15:28.766" level="INFO">/Users/runner/work/rfswarm/rfswarm/Tests/Regression/Manager</msg>
<status status="PASS" starttime="20240214 16:15:28.766" endtime="20240214 16:15:28.766"/>
</kw>
<kw name="Log" library="BuiltIn">
<arg>${IMAGE_DIR}</arg>
<doc>Logs the given message with the given level.</doc>
<msg timestamp="20240214 16:15:28.766" level="INFO">/Users/runner/work/rfswarm/rfswarm/Tests/Regression/Manager/Images/file_method</msg>
<status status="PASS" starttime="20240214 16:15:28.766" endtime="20240214 16:15:28.766"/>
</kw>
<kw name="Wait For" library="ImageHorizonLibrary">
<arg>${img}</arg>
<arg>timeout=300</arg>
<doc>Tries to locate given image from the screen for given time.</doc>
<kw name="Take A Screenshot" library="ImageHorizonLibrary">
<doc>Takes a screenshot of the screen.</doc>
<msg timestamp="20240214 16:20:28.941" level="INFO" html="true">Screenshot taken: /Users/runner/work/rfswarm/rfswarm/Tests/Regression/Manager/Logs/macos-latest_3.7/Manager.GUIBasic-screenshot-5.png&lt;br/&gt;&lt;img src="/Users/runner/work/rfswarm/rfswarm/Tests/Regression/Manager/Logs/macos-latest_3.7/Manager.GUIBasic-screenshot-5.png" width="100%" /&gt;</msg>
<status status="PASS" starttime="20240214 16:20:28.940" endtime="20240214 16:20:29.223"/>
</kw>
<msg timestamp="20240214 16:20:29.224" level="FAIL">ImageNotFoundException: Reference image "/Users/runner/work/rfswarm/rfswarm/Tests/Regression/Manager/Images/file_method/manager_macos_tab_plan.png" was not found on screen</msg>
<status status="FAIL" starttime="20240214 16:15:28.766" endtime="20240214 16:20:29.224"/>
</kw>
<kw name="Locate" library="ImageHorizonLibrary">
<var>@{coordinates}</var>
<arg>${img}</arg>
<doc>Locate image on screen.</doc>
<status status="NOT RUN" starttime="20240214 16:20:29.225" endtime="20240214 16:20:29.225"/>
</kw>
<kw name="Click Image" library="ImageHorizonLibrary">
<arg>${img}</arg>
<doc>Finds the reference image on screen and clicks it once.</doc>
<status status="NOT RUN" starttime="20240214 16:20:29.225" endtime="20240214 16:20:29.225"/>
</kw>
<kw name="Sleep" library="BuiltIn">
<arg>0.1</arg>
<doc>Pauses the test executed for the given time.</doc>
<status status="NOT RUN" starttime="20240214 16:20:29.225" endtime="20240214 16:20:29.225"/>
</kw>
<kw name="Take A Screenshot" library="ImageHorizonLibrary">
<doc>Takes a screenshot of the screen.</doc>
<status status="NOT RUN" starttime="20240214 16:20:29.225" endtime="20240214 16:20:29.225"/>
</kw>
<status status="FAIL" starttime="20240214 16:15:28.764" endtime="20240214 16:20:29.225"/>
</kw>
<kw name="Sleep" library="BuiltIn">
<arg>5</arg>
<doc>Pauses the test executed for the given time.</doc>
<status status="NOT RUN" starttime="20240214 16:20:29.226" endtime="20240214 16:20:29.226"/>
</kw>
<tag>macos-latest</tag>
<tag>ubuntu-latest</tag>
<tag>windows-latest</tag>
<status status="FAIL" starttime="20240214 16:15:28.763" endtime="20240214 16:20:29.226">ImageNotFoundException: Reference image "/Users/runner/work/rfswarm/rfswarm/Tests/Regression/Manager/Images/file_method/manager_macos_tab_plan.png" was not found on screen</status>
</test>
<test id="s1-s2-t6" name="Close GUI" line="78">
<kw name="Click Image" library="ImageHorizonLibrary">
<arg>manager_${platform}_button_closewindow.png</arg>
<doc>Finds the reference image on screen and clicks it once.</doc>
<msg timestamp="20240214 16:20:29.667" level="INFO">Image "/Users/runner/work/rfswarm/rfswarm/Tests/Regression/Manager/Images/file_method/manager_macos_button_closewindow.png" was not found on screen.</msg>
<kw name="Take A Screenshot" library="ImageHorizonLibrary">
<doc>Takes a screenshot of the screen.</doc>
<msg timestamp="20240214 16:20:29.668" level="INFO" html="true">Screenshot taken: /Users/runner/work/rfswarm/rfswarm/Tests/Regression/Manager/Logs/macos-latest_3.7/Manager.GUIBasic-screenshot-6.png&lt;br/&gt;&lt;img src="/Users/runner/work/rfswarm/rfswarm/Tests/Regression/Manager/Logs/macos-latest_3.7/Manager.GUIBasic-screenshot-6.png" width="100%" /&gt;</msg>
<status status="PASS" starttime="20240214 16:20:29.668" endtime="20240214 16:20:29.960"/>
</kw>
<msg timestamp="20240214 16:20:29.961" level="FAIL">ImageNotFoundException: Reference image "/Users/runner/work/rfswarm/rfswarm/Tests/Regression/Manager/Images/file_method/manager_macos_button_closewindow.png" was not found on screen</msg>
<status status="FAIL" starttime="20240214 16:20:29.227" endtime="20240214 16:20:29.961"/>
</kw>
<kw name="Take A Screenshot" library="ImageHorizonLibrary">
<doc>Takes a screenshot of the screen.</doc>
<status status="NOT RUN" starttime="20240214 16:20:29.961" endtime="20240214 16:20:29.961"/>
</kw>
<kw name="Wait For Process" library="Process">
<var>${result}</var>
<arg>${process}</arg>
<arg>timeout=60</arg>
<doc>Waits for the process to complete or to reach the given timeout.</doc>
<status status="NOT RUN" starttime="20240214 16:20:29.962" endtime="20240214 16:20:29.962"/>
</kw>
<kw name="Is Process Running" library="Process">
<var>${running}</var>
<arg>${process}</arg>
<doc>Checks is the process running or not.</doc>
<status status="NOT RUN" starttime="20240214 16:20:29.962" endtime="20240214 16:20:29.962"/>
</kw>
<if>
<branch type="IF" condition="not ${running}">
<kw name="Should Be Equal As Integers" library="BuiltIn">
<arg>${result.rc}</arg>
<arg>0</arg>
<doc>Fails if objects are unequal after converting them to integers.</doc>
<status status="NOT RUN" starttime="20240214 16:20:29.962" endtime="20240214 16:20:29.962"/>
</kw>
<status status="NOT RUN" starttime="20240214 16:20:29.962" endtime="20240214 16:20:29.963"/>
</branch>
<branch type="ELSE">
<kw name="Take A Screenshot" library="ImageHorizonLibrary">
<doc>Takes a screenshot of the screen.</doc>
<status status="NOT RUN" starttime="20240214 16:20:29.963" endtime="20240214 16:20:29.963"/>
</kw>
<kw name="Terminate Process" library="Process">
<var>${result}</var>
<arg>${process}</arg>
<doc>Stops the process gracefully or forcefully.</doc>
<status status="NOT RUN" starttime="20240214 16:20:29.963" endtime="20240214 16:20:29.963"/>
</kw>
<kw name="Fail" library="BuiltIn">
<doc>Fails the test with the given message and optionally alters its tags.</doc>
<status status="NOT RUN" starttime="20240214 16:20:29.963" endtime="20240214 16:20:29.963"/>
</kw>
<status status="NOT RUN" starttime="20240214 16:20:29.963" endtime="20240214 16:20:29.963"/>
</branch>
<status status="NOT RUN" starttime="20240214 16:20:29.962" endtime="20240214 16:20:29.963"/>
</if>
<tag>macos-latest</tag>
<status status="FAIL" starttime="20240214 16:20:29.226" endtime="20240214 16:20:29.963">ImageNotFoundException: Reference image "/Users/runner/work/rfswarm/rfswarm/Tests/Regression/Manager/Images/file_method/manager_macos_button_closewindow.png" was not found on screen</status>
</test>
<status status="FAIL" starttime="20240214 16:00:15.548" endtime="20240214 16:20:29.965"/>
</suite>
<suite id="s1-s3" name="GUI Bugs" source="/Users/runner/work/rfswarm/rfswarm/Tests/Regression/Manager/GUI_Bugs.robot">
<kw name="Set Platform" library="GUI_Common" type="SETUP">
<kw name="Log" library="BuiltIn">
<arg>${OPTIONS}</arg>
<doc>Logs the given message with the given level.</doc>
<msg timestamp="20240214 16:20:29.983" level="INFO">{'include': ['macos-latest'], 'exclude': [], 'skip': [], 'skip_on_failure': []}</msg>
<status status="PASS" starttime="20240214 16:20:29.982" endtime="20240214 16:20:29.983"/>
</kw>
<kw name="Log" library="BuiltIn">
<arg>${OPTIONS}[include]</arg>
<doc>Logs the given message with the given level.</doc>
<msg timestamp="20240214 16:20:29.983" level="INFO">[macos-latest]</msg>
<status status="PASS" starttime="20240214 16:20:29.983" endtime="20240214 16:20:29.983"/>
</kw>
<kw name="Log" library="BuiltIn">
<arg>${OPTIONS}[include][0]</arg>
<doc>Logs the given message with the given level.</doc>
<msg timestamp="20240214 16:20:29.984" level="INFO">macos-latest</msg>
<status status="PASS" starttime="20240214 16:20:29.983" endtime="20240214 16:20:29.984"/>
</kw>
<kw name="Set Variable" library="BuiltIn">
<var>${ostag}</var>
<arg>${OPTIONS}[include][0]</arg>
<doc>Returns the given values which can then be assigned to a variables.</doc>
<msg timestamp="20240214 16:20:29.984" level="INFO">${ostag} = macos-latest</msg>
<status status="PASS" starttime="20240214 16:20:29.984" endtime="20240214 16:20:29.984"/>
</kw>
<if>
<branch type="IF" condition="&quot;${ostag}&quot; == &quot;macos-latest&quot;">
<kw name="Set Suite Variable" library="BuiltIn">
<arg>${platform}</arg>
<arg>macos</arg>
<doc>Makes a variable available everywhere within the scope of the current suite.</doc>
<msg timestamp="20240214 16:20:29.986" level="INFO">${platform} = macos</msg>
<status status="PASS" starttime="20240214 16:20:29.985" endtime="20240214 16:20:29.986"/>
</kw>
<status status="PASS" starttime="20240214 16:20:29.984" endtime="20240214 16:20:29.986"/>
</branch>
<status status="PASS" starttime="20240214 16:20:29.984" endtime="20240214 16:20:29.986"/>
</if>
<if>
<branch type="IF" condition="&quot;${ostag}&quot; == &quot;windows-latest&quot;">
<kw name="Set Suite Variable" library="BuiltIn">
<arg>${platform}</arg>
<arg>windows</arg>
<doc>Makes a variable available everywhere within the scope of the current suite.</doc>
<status status="NOT RUN" starttime="20240214 16:20:29.986" endtime="20240214 16:20:29.986"/>
</kw>
<status status="NOT RUN" starttime="20240214 16:20:29.986" endtime="20240214 16:20:29.986"/>
</branch>
<status status="PASS" starttime="20240214 16:20:29.986" endtime="20240214 16:20:29.986"/>
</if>
<if>
<branch type="IF" condition="&quot;${ostag}&quot; == &quot;ubuntu-latest&quot;">
<kw name="Set Suite Variable" library="BuiltIn">
<arg>${platform}</arg>
<arg>ubuntu</arg>
<doc>Makes a variable available everywhere within the scope of the current suite.</doc>
<status status="NOT RUN" starttime="20240214 16:20:29.986" endtime="20240214 16:20:29.987"/>
</kw>
<status status="NOT RUN" starttime="20240214 16:20:29.986" endtime="20240214 16:20:29.987"/>
</branch>
<status status="PASS" starttime="20240214 16:20:29.986" endtime="20240214 16:20:29.987"/>
</if>
<status status="PASS" starttime="20240214 16:20:29.982" endtime="20240214 16:20:29.987"/>
</kw>
<test id="s1-s3-t1" name="Issue #171" line="7">
<kw name="Open Agent" library="GUI_Common">
<kw name="Start Process" library="Process">
<var>${process}</var>
<arg>python3</arg>
<arg>${pyfile_agent}</arg>
<arg>alias=Agent</arg>
<arg>stdout=${OUTPUT DIR}${/}stdout_agent.txt</arg>
<arg>stderr=${OUTPUT DIR}${/}stderr_agent.txt</arg>
<doc>Starts a new process on background.</doc>
<msg timestamp="20240214 16:20:29.988" level="INFO">Starting process:
python3 /Users/runner/work/rfswarm/rfswarm/rfswarm_agent/rfswarm_agent.py</msg>
<msg timestamp="20240214 16:20:29.994" level="INFO">${process} = &lt;subprocess.Popen object at 0x129073110&gt;</msg>
<status status="PASS" starttime="20240214 16:20:29.987" endtime="20240214 16:20:29.994"/>
</kw>
<kw name="Set Test Variable" library="BuiltIn">
<arg>$process_agent</arg>
<arg>${process}</arg>
<doc>Makes a variable available everywhere within the scope of the current test.</doc>
<msg timestamp="20240214 16:20:29.995" level="INFO">${process_agent} = &lt;subprocess.Popen object at 0x129073110&gt;</msg>
<status status="PASS" starttime="20240214 16:20:29.994" endtime="20240214 16:20:29.995"/>
</kw>
<status status="PASS" starttime="20240214 16:20:29.987" endtime="20240214 16:20:29.995"/>
</kw>
<kw name="Open Manager GUI" library="GUI_Common">
<kw name="Set Confidence" library="ImageHorizonLibrary">
<arg>0.9</arg>
<doc>Sets the accuracy when finding images.</doc>
<status status="PASS" starttime="20240214 16:20:29.996" endtime="20240214 16:20:30.486"/>
</kw>
<kw name="Start Process" library="Process">
<var>${process}</var>
<arg>python3</arg>
<arg>${pyfile_manager}</arg>
<arg>alias=Manager</arg>
<arg>stdout=${OUTPUT DIR}${/}stdout_manager.txt</arg>
<arg>stderr=${OUTPUT DIR}${/}stderr_manager.txt</arg>
<doc>Starts a new process on background.</doc>
<msg timestamp="20240214 16:20:30.489" level="INFO">Starting process:
python3 /Users/runner/work/rfswarm/rfswarm/rfswarm_manager/rfswarm.py</msg>
<msg timestamp="20240214 16:20:30.513" level="INFO">${process} = &lt;subprocess.Popen object at 0x129073b50&gt;</msg>
<status status="PASS" starttime="20240214 16:20:30.487" endtime="20240214 16:20:30.514"/>
</kw>
<kw name="Set Test Variable" library="BuiltIn">
<arg>$process_manager</arg>
<arg>${process}</arg>
<doc>Makes a variable available everywhere within the scope of the current test.</doc>
<msg timestamp="20240214 16:20:30.515" level="INFO">${process_manager} = &lt;subprocess.Popen object at 0x129073b50&gt;</msg>
<status status="PASS" starttime="20240214 16:20:30.514" endtime="20240214 16:20:30.515"/>
</kw>
<kw name="Sleep" library="BuiltIn">
<arg>10</arg>
<doc>Pauses the test executed for the given time.</doc>
<msg timestamp="20240214 16:20:40.551" level="INFO">Slept 10 seconds</msg>
<status status="PASS" starttime="20240214 16:20:30.516" endtime="20240214 16:20:40.552"/>
</kw>
<kw name="Set Screenshot Folder" library="ImageHorizonLibrary">
<arg>${OUTPUT DIR}</arg>
<doc>Sets the folder where screenshots are saved to.</doc>
<status status="PASS" starttime="20240214 16:20:40.552" endtime="20240214 16:20:40.553"/>
</kw>
<kw name="Take A Screenshot" library="ImageHorizonLibrary">
<doc>Takes a screenshot of the screen.</doc>
<msg timestamp="20240214 16:20:40.553" level="INFO" html="true">Screenshot taken: /Users/runner/work/rfswarm/rfswarm/Tests/Regression/Manager/Logs/macos-latest_3.7/Manager.GUIBugs-screenshot-1.png&lt;br/&gt;&lt;img src="/Users/runner/work/rfswarm/rfswarm/Tests/Regression/Manager/Logs/macos-latest_3.7/Manager.GUIBugs-screenshot-1.png" width="100%" /&gt;</msg>
<status status="PASS" starttime="20240214 16:20:40.553" endtime="20240214 16:20:40.869"/>
</kw>
<status status="PASS" starttime="20240214 16:20:29.995" endtime="20240214 16:20:40.870"/>
</kw>
<kw name="Resize Window" library="GUI_Common">
<arg>100</arg>
<arg>10</arg>
<kw name="Set Variable" library="BuiltIn">
<var>${img}</var>
<arg>manager_${platform}_corner_resize.png</arg>
<doc>Returns the given values which can then be assigned to a variables.</doc>
<msg timestamp="20240214 16:20:40.871" level="INFO">${img} = manager_macos_corner_resize.png</msg>
<status status="PASS" starttime="20240214 16:20:40.871" endtime="20240214 16:20:40.871"/>
</kw>
<kw name="Wait For" library="ImageHorizonLibrary">
<arg>${img}</arg>
<arg>timeout=300</arg>
<doc>Tries to locate given image from the screen for given time.</doc>
<kw name="Take A Screenshot" library="ImageHorizonLibrary">
<doc>Takes a screenshot of the screen.</doc>
<msg timestamp="20240214 16:25:41.178" level="INFO" html="true">Screenshot taken: /Users/runner/work/rfswarm/rfswarm/Tests/Regression/Manager/Logs/macos-latest_3.7/Manager.GUIBugs-screenshot-2.png&lt;br/&gt;&lt;img src="/Users/runner/work/rfswarm/rfswarm/Tests/Regression/Manager/Logs/macos-latest_3.7/Manager.GUIBugs-screenshot-2.png" width="100%" /&gt;</msg>
<status status="PASS" starttime="20240214 16:25:41.170" endtime="20240214 16:25:41.451"/>
</kw>
<msg timestamp="20240214 16:25:41.452" level="FAIL">ImageNotFoundException: Reference image "/Users/runner/work/rfswarm/rfswarm/Tests/Regression/Manager/Images/file_method/manager_macos_corner_resize.png" was not found on screen</msg>
<status status="FAIL" starttime="20240214 16:20:40.872" endtime="20240214 16:25:41.453"/>
</kw>
<kw name="Locate" library="ImageHorizonLibrary">
<var>@{coordinates}</var>
<arg>${img}</arg>
<doc>Locate image on screen.</doc>
<status status="NOT RUN" starttime="20240214 16:25:41.454" endtime="20240214 16:25:41.454"/>
</kw>
<kw name="Create List" library="BuiltIn">
<var>@{coordinates2}</var>
<arg>${{${coordinates[0]}+${x}}}</arg>
<arg>${{${coordinates[1]}+${y}}}</arg>
<doc>Returns a list containing given items.</doc>
<status status="NOT RUN" starttime="20240214 16:25:41.455" endtime="20240214 16:25:41.455"/>
</kw>
<kw name="Move To" library="ImageHorizonLibrary">
<arg>@{coordinates}</arg>
<doc>Moves the mouse pointer to an absolute coordinates.</doc>
<status status="NOT RUN" starttime="20240214 16:25:41.455" endtime="20240214 16:25:41.455"/>
</kw>
<kw name="Mouse Down" library="ImageHorizonLibrary">
<doc>Presses specidied mouse button down</doc>
<status status="NOT RUN" starttime="20240214 16:25:41.455" endtime="20240214 16:25:41.455"/>
</kw>
<kw name="Move To" library="ImageHorizonLibrary">
<arg>@{coordinates2}</arg>
<doc>Moves the mouse pointer to an absolute coordinates.</doc>
<status status="NOT RUN" starttime="20240214 16:25:41.455" endtime="20240214 16:25:41.455"/>
</kw>
<kw name="Mouse Up" library="ImageHorizonLibrary">
<doc>Releases specified mouse button</doc>
<status status="NOT RUN" starttime="20240214 16:25:41.455" endtime="20240214 16:25:41.455"/>
</kw>
<status status="FAIL" starttime="20240214 16:20:40.870" endtime="20240214 16:25:41.455"/>
</kw>
<kw name="Take A Screenshot" library="ImageHorizonLibrary">
<doc>Takes a screenshot of the screen.</doc>
<status status="NOT RUN" starttime="20240214 16:25:41.456" endtime="20240214 16:25:41.456"/>
</kw>
<kw name="Wait Agent Ready" library="GUI_Common">
<status status="NOT RUN" starttime="20240214 16:25:41.456" endtime="20240214 16:25:41.457"/>
</kw>
<kw name="Click Tab" library="GUI_Common">
<arg>Plan</arg>
<status status="NOT RUN" starttime="20240214 16:25:41.457" endtime="20240214 16:25:41.457"/>
</kw>
<kw name="Click Button" library="GUI_Common">
<arg>runsettings</arg>
<status status="NOT RUN" starttime="20240214 16:25:41.457" endtime="20240214 16:25:41.457"/>
</kw>
<kw name="Take A Screenshot" library="ImageHorizonLibrary">
<doc>Takes a screenshot of the screen.</doc>
<status status="NOT RUN" starttime="20240214 16:25:41.457" endtime="20240214 16:25:41.457"/>
</kw>
<kw name="Run Keyword" library="BuiltIn">
<arg>Close Manager GUI ${platform}</arg>
<doc>Executes the given keyword with the given arguments.</doc>
<status status="NOT RUN" starttime="20240214 16:25:41.458" endtime="20240214 16:25:41.458"/>
</kw>
<kw name="Stop Agent" library="GUI_Common">
<status status="NOT RUN" starttime="20240214 16:25:41.458" endtime="20240214 16:25:41.458"/>
</kw>
<tag>macos-latest</tag>
<tag>ubuntu-latest</tag>
<tag>windows-latest</tag>
<status status="FAIL" starttime="20240214 16:20:29.987" endtime="20240214 16:25:41.460">ImageNotFoundException: Reference image "/Users/runner/work/rfswarm/rfswarm/Tests/Regression/Manager/Images/file_method/manager_macos_corner_resize.png" was not found on screen</status>
</test>
<status status="FAIL" starttime="20240214 16:20:29.966" endtime="20240214 16:25:41.465"/>
</suite>
<status status="FAIL" starttime="20240214 15:59:43.199" endtime="20240214 16:25:41.467"/>
</suite>
<statistics>
<total>
<stat pass="4" fail="6" skip="0">All Tests</stat>
</total>
<tag>
<stat pass="4" fail="6" skip="0">macos-latest</stat>
<stat pass="3" fail="5" skip="0">ubuntu-latest</stat>
<stat pass="3" fail="5" skip="0">windows-latest</stat>
</tag>
<suite>
<stat pass="4" fail="6" skip="0" id="s1" name="Manager">Manager</stat>
<stat pass="3" fail="0" skip="0" id="s1-s1" name="CommandLine">Manager.CommandLine</stat>
<stat pass="1" fail="5" skip="0" id="s1-s2" name="GUI Basic">Manager.GUI Basic</stat>
<stat pass="0" fail="1" skip="0" id="s1-s3" name="GUI Bugs">Manager.GUI Bugs</stat>
</suite>
</statistics>
<errors>
</errors>
</robot>
