<?xml version="1.0" encoding="UTF-8"?>
<robot generator="Robot 6.1.1 (Python 3.7.17 on darwin)" generated="20240214 03:35:57.416" rpa="false" schemaversion="4">
<suite id="s1" name="Manager" source="/Users/runner/work/rfswarm/rfswarm/Tests/Regression/Manager">
<suite id="s1-s1" name="CommandLine" source="/Users/runner/work/rfswarm/rfswarm/Tests/Regression/Manager/CommandLine.robot">
<kw name="Clean Up Old Files" type="SETUP">
<tag>macos-latest</tag>
<tag>ubuntu-latest</tag>
<tag>windows-latest</tag>
<kw name="Log To Console" library="BuiltIn">
<arg>${OUTPUT DIR}</arg>
<doc>Logs the given message to the console.</doc>
<status status="PASS" starttime="20240214 03:35:57.466" endtime="20240214 03:35:57.466"/>
</kw>
<kw name="Remove File" library="OperatingSystem">
<arg>${OUTPUT DIR}${/}*.txt</arg>
<doc>Removes a file with the given path.</doc>
<msg timestamp="20240214 03:35:57.467" level="INFO" html="true">Removed file '&lt;a href="file:///Users/runner/work/rfswarm/rfswarm/Tests/Regression/Manager/Logs/macos-latest_3.7/stdout.txt"&gt;/Users/runner/work/rfswarm/rfswarm/Tests/Regression/Manager/Logs/macos-latest_3.7/stdout.txt&lt;/a&gt;'.</msg>
<msg timestamp="20240214 03:35:57.467" level="INFO" html="true">Removed file '&lt;a href="file:///Users/runner/work/rfswarm/rfswarm/Tests/Regression/Manager/Logs/macos-latest_3.7/stderr.txt"&gt;/Users/runner/work/rfswarm/rfswarm/Tests/Regression/Manager/Logs/macos-latest_3.7/stderr.txt&lt;/a&gt;'.</msg>
<status status="PASS" starttime="20240214 03:35:57.466" endtime="20240214 03:35:57.467"/>
</kw>
<kw name="Remove File" library="OperatingSystem">
<arg>${OUTPUT DIR}${/}*.png</arg>
<doc>Removes a file with the given path.</doc>
<msg timestamp="20240214 03:35:57.468" level="INFO" html="true">Removed file '&lt;a href="file:///Users/runner/work/rfswarm/rfswarm/Tests/Regression/Manager/Logs/macos-latest_3.7/Manager.GUIBasic-screenshot-1.png"&gt;/Users/runner/work/rfswarm/rfswarm/Tests/Regression/Manager/Logs/macos-latest_3.7/Manager.GUIBasic-screenshot-1.png&lt;/a&gt;'.</msg>
<msg timestamp="20240214 03:35:57.468" level="INFO" html="true">Removed file '&lt;a href="file:///Users/runner/work/rfswarm/rfswarm/Tests/Regression/Manager/Logs/macos-latest_3.7/Manager.GUIBasic-screenshot-2.png"&gt;/Users/runner/work/rfswarm/rfswarm/Tests/Regression/Manager/Logs/macos-latest_3.7/Manager.GUIBasic-screenshot-2.png&lt;/a&gt;'.</msg>
<msg timestamp="20240214 03:35:57.468" level="INFO" html="true">Removed file '&lt;a href="file:///Users/runner/work/rfswarm/rfswarm/Tests/Regression/Manager/Logs/macos-latest_3.7/Manager.GUIBasic-screenshot-3.png"&gt;/Users/runner/work/rfswarm/rfswarm/Tests/Regression/Manager/Logs/macos-latest_3.7/Manager.GUIBasic-screenshot-3.png&lt;/a&gt;'.</msg>
<msg timestamp="20240214 03:35:57.469" level="INFO" html="true">Removed file '&lt;a href="file:///Users/runner/work/rfswarm/rfswarm/Tests/Regression/Manager/Logs/macos-latest_3.7/Manager.GUIBasic-screenshot-6.png"&gt;/Users/runner/work/rfswarm/rfswarm/Tests/Regression/Manager/Logs/macos-latest_3.7/Manager.GUIBasic-screenshot-6.png&lt;/a&gt;'.</msg>
<msg timestamp="20240214 03:35:57.469" level="INFO" html="true">Removed file '&lt;a href="file:///Users/runner/work/rfswarm/rfswarm/Tests/Regression/Manager/Logs/macos-latest_3.7/Manager.GUIBasic-screenshot-4.png"&gt;/Users/runner/work/rfswarm/rfswarm/Tests/Regression/Manager/Logs/macos-latest_3.7/Manager.GUIBasic-screenshot-4.png&lt;/a&gt;'.</msg>
<msg timestamp="20240214 03:35:57.469" level="INFO" html="true">Removed file '&lt;a href="file:///Users/runner/work/rfswarm/rfswarm/Tests/Regression/Manager/Logs/macos-latest_3.7/Manager.GUIBasic-screenshot-5.png"&gt;/Users/runner/work/rfswarm/rfswarm/Tests/Regression/Manager/Logs/macos-latest_3.7/Manager.GUIBasic-screenshot-5.png&lt;/a&gt;'.</msg>
<status status="PASS" starttime="20240214 03:35:57.467" endtime="20240214 03:35:57.469"/>
</kw>
<status status="PASS" starttime="20240214 03:35:57.465" endtime="20240214 03:35:57.469"/>
</kw>
<test id="s1-s1-t1" name="Random Offset" line="7">
<kw name="Evaluate" library="BuiltIn">
<var>${random}</var>
<arg>random.randint(0, 60)</arg>
<doc>Evaluates the given expression in Python and returns the result.</doc>
<msg timestamp="20240214 03:35:57.471" level="INFO">${random} = 13</msg>
<status status="PASS" starttime="20240214 03:35:57.470" endtime="20240214 03:35:57.471"/>
</kw>
<kw name="Sleep" library="BuiltIn">
<arg>${random}</arg>
<doc>Pauses the test executed for the given time.</doc>
<msg timestamp="20240214 03:36:10.505" level="INFO">Slept 13 seconds</msg>
<status status="PASS" starttime="20240214 03:35:57.471" endtime="20240214 03:36:10.505"/>
</kw>
<doc>This just prevents all the test runners doing git push at the same time</doc>
<tag>macos-latest</tag>
<tag>ubuntu-latest</tag>
<tag>windows-latest</tag>
<status status="PASS" starttime="20240214 03:35:57.469" endtime="20240214 03:36:10.505"/>
</test>
<test id="s1-s1-t2" name="Manager Version" line="13">
<kw name="Run" library="OperatingSystem">
<var>${result}</var>
<arg>python3 ${EXECDIR}${/}rfswarm_manager${/}rfswarm.py -v</arg>
<doc>Runs the given command in the system and returns the output.</doc>
<msg timestamp="20240214 03:36:10.509" level="INFO">Running command 'python3 /Users/runner/work/rfswarm/rfswarm/rfswarm_manager/rfswarm.py -v 2&gt;&amp;1'.</msg>
<msg timestamp="20240214 03:36:12.913" level="INFO">${result} = Robot Framework Swarm: Manager 
	Version 1.2.0 </msg>
<status status="PASS" starttime="20240214 03:36:10.506" endtime="20240214 03:36:12.913"/>
</kw>
<kw name="Log To Console" library="BuiltIn">
<arg>${\n}${result}</arg>
<doc>Logs the given message to the console.</doc>
<status status="PASS" starttime="20240214 03:36:12.913" endtime="20240214 03:36:12.914"/>
</kw>
<kw name="Should Contain" library="BuiltIn">
<arg>${result}</arg>
<arg>Version</arg>
<doc>Fails if ``container`` does not contain ``item`` one or more times.</doc>
<status status="PASS" starttime="20240214 03:36:12.914" endtime="20240214 03:36:12.914"/>
</kw>
<kw name="Should Contain" library="BuiltIn">
<arg>${result}</arg>
<arg>Manager</arg>
<doc>Fails if ``container`` does not contain ``item`` one or more times.</doc>
<status status="PASS" starttime="20240214 03:36:12.914" endtime="20240214 03:36:12.914"/>
</kw>
<tag>macos-latest</tag>
<tag>ubuntu-latest</tag>
<tag>windows-latest</tag>
<status status="PASS" starttime="20240214 03:36:10.506" endtime="20240214 03:36:12.914"/>
</test>
<test id="s1-s1-t3" name="Manager Help" line="20">
<kw name="Run" library="OperatingSystem">
<var>${result}</var>
<arg>python3 ${EXECDIR}${/}rfswarm_manager${/}rfswarm.py -h</arg>
<doc>Runs the given command in the system and returns the output.</doc>
<msg timestamp="20240214 03:36:12.918" level="INFO">Running command 'python3 /Users/runner/work/rfswarm/rfswarm/rfswarm_manager/rfswarm.py -h 2&gt;&amp;1'.</msg>
<msg timestamp="20240214 03:36:14.045" level="INFO">${result} = Robot Framework Swarm: Manager 
	Version 1.2.0 
usage: rfswarm.py [-h] [-g DEBUG] [-v] [-i INI] [-s SCENARIO] [-r] [-a AGENTS]
                  [-n] [-t STARTTIME] [-d DIR] [-e IPADDRESS] [-p PORT]

...</msg>
<status status="PASS" starttime="20240214 03:36:12.915" endtime="20240214 03:36:14.045"/>
</kw>
<kw name="Log To Console" library="BuiltIn">
<arg>${\n}${result}</arg>
<doc>Logs the given message to the console.</doc>
<status status="PASS" starttime="20240214 03:36:14.046" endtime="20240214 03:36:14.046"/>
</kw>
<kw name="Should Contain" library="BuiltIn">
<arg>${result}</arg>
<arg>IPADDRESS</arg>
<doc>Fails if ``container`` does not contain ``item`` one or more times.</doc>
<status status="PASS" starttime="20240214 03:36:14.046" endtime="20240214 03:36:14.046"/>
</kw>
<tag>macos-latest</tag>
<tag>ubuntu-latest</tag>
<tag>windows-latest</tag>
<status status="PASS" starttime="20240214 03:36:12.915" endtime="20240214 03:36:14.047"/>
</test>
<status status="PASS" starttime="20240214 03:35:57.449" endtime="20240214 03:36:14.047"/>
</suite>
<suite id="s1-s2" name="GUI Basic" source="/Users/runner/work/rfswarm/rfswarm/Tests/Regression/Manager/GUI_Basic.robot">
<test id="s1-s2-t1" name="Open GUI" line="14">
<kw name="Set Suite Variable" library="BuiltIn">
<arg>${platform}</arg>
<arg>macos</arg>
<doc>Makes a variable available everywhere within the scope of the current suite.</doc>
<msg timestamp="20240214 03:36:14.062" level="INFO">${platform} = macos</msg>
<status status="PASS" starttime="20240214 03:36:14.061" endtime="20240214 03:36:14.062"/>
</kw>
<kw name="Set Confidence">
<arg>0.9</arg>
<msg timestamp="20240214 03:36:14.066" level="FAIL">No keyword with name 'Set Confidence' found.</msg>
<status status="FAIL" starttime="20240214 03:36:14.066" endtime="20240214 03:36:14.066"/>
</kw>
<kw name="Start Process" library="Process">
<var>${process}</var>
<arg>python3</arg>
<arg>${pyfile}</arg>
<arg>alias=Manager</arg>
<arg>stdout=${OUTPUT DIR}${/}stdout.txt</arg>
<arg>stderr=${OUTPUT DIR}${/}stderr.txt</arg>
<doc>Starts a new process on background.</doc>
<status status="NOT RUN" starttime="20240214 03:36:14.066" endtime="20240214 03:36:14.066"/>
</kw>
<kw name="Set Test Variable" library="BuiltIn">
<arg>$process</arg>
<arg>${process}</arg>
<doc>Makes a variable available everywhere within the scope of the current test.</doc>
<status status="NOT RUN" starttime="20240214 03:36:14.066" endtime="20240214 03:36:14.066"/>
</kw>
<kw name="Sleep" library="BuiltIn">
<arg>10</arg>
<doc>Pauses the test executed for the given time.</doc>
<status status="NOT RUN" starttime="20240214 03:36:14.066" endtime="20240214 03:36:14.066"/>
</kw>
<kw name="Set Screenshot Folder">
<arg>${OUTPUT DIR}</arg>
<status status="NOT RUN" starttime="20240214 03:36:14.069" endtime="20240214 03:36:14.069"/>
</kw>
<kw name="Take A Screenshot">
<status status="NOT RUN" starttime="20240214 03:36:14.073" endtime="20240214 03:36:14.073"/>
</kw>
<tag>macos-latest</tag>
<status status="FAIL" starttime="20240214 03:36:14.061" endtime="20240214 03:36:14.073">No keyword with name 'Set Confidence' found.</status>
</test>
<test id="s1-s2-t2" name="Select Run Tab" line="44">
<kw name="Click Tab">
<arg>Run</arg>
<kw name="Convert To Lower Case" library="String">
<var>${tabnamel}</var>
<arg>${tabname}</arg>
<doc>Converts string to lower case.</doc>
<msg timestamp="20240214 03:36:14.074" level="INFO">${tabnamel} = run</msg>
<status status="PASS" starttime="20240214 03:36:14.074" endtime="20240214 03:36:14.074"/>
</kw>
<kw name="Set Variable" library="BuiltIn">
<var>${img}</var>
<arg>manager_${platform}_tab_${tabnamel}.png</arg>
<doc>Returns the given values which can then be assigned to a variables.</doc>
<msg timestamp="20240214 03:36:14.074" level="INFO">${img} = manager_macos_tab_run.png</msg>
<status status="PASS" starttime="20240214 03:36:14.074" endtime="20240214 03:36:14.074"/>
</kw>
<kw name="Log" library="BuiltIn">
<arg>/Users/runner/work/rfswarm/rfswarm/Tests/Regression/Manager</arg>
<doc>Logs the given message with the given level.</doc>
<msg timestamp="20240214 03:36:14.075" level="INFO">/Users/runner/work/rfswarm/rfswarm/Tests/Regression/Manager</msg>
<status status="PASS" starttime="20240214 03:36:14.075" endtime="20240214 03:36:14.075"/>
</kw>
<kw name="Log" library="BuiltIn">
<arg>${IMAGE_DIR}</arg>
<doc>Logs the given message with the given level.</doc>
<msg timestamp="20240214 03:36:14.075" level="INFO">/Users/runner/work/rfswarm/rfswarm/Tests/Regression/Manager/Images/file_method</msg>
<status status="PASS" starttime="20240214 03:36:14.075" endtime="20240214 03:36:14.075"/>
</kw>
<kw name="Wait For">
<arg>${img}</arg>
<arg>timeout=300</arg>
<msg timestamp="20240214 03:36:14.078" level="FAIL">No keyword with name 'Wait For' found.</msg>
<status status="FAIL" starttime="20240214 03:36:14.078" endtime="20240214 03:36:14.078"/>
</kw>
<kw name="Locate">
<var>@{coordinates}</var>
<arg>${img}</arg>
<status status="NOT RUN" starttime="20240214 03:36:14.080" endtime="20240214 03:36:14.080"/>
</kw>
<kw name="Click Image">
<arg>${img}</arg>
<status status="NOT RUN" starttime="20240214 03:36:14.083" endtime="20240214 03:36:14.083"/>
</kw>
<kw name="Sleep" library="BuiltIn">
<arg>0.1</arg>
<doc>Pauses the test executed for the given time.</doc>
<status status="NOT RUN" starttime="20240214 03:36:14.084" endtime="20240214 03:36:14.084"/>
</kw>
<kw name="Take A Screenshot">
<status status="NOT RUN" starttime="20240214 03:36:14.087" endtime="20240214 03:36:14.087"/>
</kw>
<status status="FAIL" starttime="20240214 03:36:14.074" endtime="20240214 03:36:14.087"/>
</kw>
<kw name="Sleep" library="BuiltIn">
<arg>5</arg>
<doc>Pauses the test executed for the given time.</doc>
<status status="NOT RUN" starttime="20240214 03:36:14.087" endtime="20240214 03:36:14.087"/>
</kw>
<tag>macos-latest</tag>
<tag>ubuntu-latest</tag>
<tag>windows-latest</tag>
<status status="FAIL" starttime="20240214 03:36:14.073" endtime="20240214 03:36:14.087">No keyword with name 'Wait For' found.</status>
</test>
<test id="s1-s2-t3" name="Select Agents Tab" line="49">
<kw name="Click Tab">
<arg>Agents</arg>
<kw name="Convert To Lower Case" library="String">
<var>${tabnamel}</var>
<arg>${tabname}</arg>
<doc>Converts string to lower case.</doc>
<msg timestamp="20240214 03:36:14.088" level="INFO">${tabnamel} = agents</msg>
<status status="PASS" starttime="20240214 03:36:14.088" endtime="20240214 03:36:14.088"/>
</kw>
<kw name="Set Variable" library="BuiltIn">
<var>${img}</var>
<arg>manager_${platform}_tab_${tabnamel}.png</arg>
<doc>Returns the given values which can then be assigned to a variables.</doc>
<msg timestamp="20240214 03:36:14.089" level="INFO">${img} = manager_macos_tab_agents.png</msg>
<status status="PASS" starttime="20240214 03:36:14.088" endtime="20240214 03:36:14.089"/>
</kw>
<kw name="Log" library="BuiltIn">
<arg>/Users/runner/work/rfswarm/rfswarm/Tests/Regression/Manager</arg>
<doc>Logs the given message with the given level.</doc>
<msg timestamp="20240214 03:36:14.089" level="INFO">/Users/runner/work/rfswarm/rfswarm/Tests/Regression/Manager</msg>
<status status="PASS" starttime="20240214 03:36:14.089" endtime="20240214 03:36:14.089"/>
</kw>
<kw name="Log" library="BuiltIn">
<arg>${IMAGE_DIR}</arg>
<doc>Logs the given message with the given level.</doc>
<msg timestamp="20240214 03:36:14.089" level="INFO">/Users/runner/work/rfswarm/rfswarm/Tests/Regression/Manager/Images/file_method</msg>
<status status="PASS" starttime="20240214 03:36:14.089" endtime="20240214 03:36:14.089"/>
</kw>
<kw name="Wait For">
<arg>${img}</arg>
<arg>timeout=300</arg>
<msg timestamp="20240214 03:36:14.092" level="FAIL">No keyword with name 'Wait For' found.</msg>
<status status="FAIL" starttime="20240214 03:36:14.092" endtime="20240214 03:36:14.092"/>
</kw>
<kw name="Locate">
<var>@{coordinates}</var>
<arg>${img}</arg>
<status status="NOT RUN" starttime="20240214 03:36:14.095" endtime="20240214 03:36:14.095"/>
</kw>
<kw name="Click Image">
<arg>${img}</arg>
<status status="NOT RUN" starttime="20240214 03:36:14.098" endtime="20240214 03:36:14.098"/>
</kw>
<kw name="Sleep" library="BuiltIn">
<arg>0.1</arg>
<doc>Pauses the test executed for the given time.</doc>
<status status="NOT RUN" starttime="20240214 03:36:14.098" endtime="20240214 03:36:14.098"/>
</kw>
<kw name="Take A Screenshot">
<status status="NOT RUN" starttime="20240214 03:36:14.101" endtime="20240214 03:36:14.101"/>
</kw>
<status status="FAIL" starttime="20240214 03:36:14.088" endtime="20240214 03:36:14.101"/>
</kw>
<kw name="Sleep" library="BuiltIn">
<arg>5</arg>
<doc>Pauses the test executed for the given time.</doc>
<status status="NOT RUN" starttime="20240214 03:36:14.101" endtime="20240214 03:36:14.101"/>
</kw>
<tag>macos-latest</tag>
<tag>ubuntu-latest</tag>
<tag>windows-latest</tag>
<status status="FAIL" starttime="20240214 03:36:14.087" endtime="20240214 03:36:14.101">No keyword with name 'Wait For' found.</status>
</test>
<test id="s1-s2-t4" name="Select About Tab" line="54">
<kw name="Click Tab">
<arg>About</arg>
<kw name="Convert To Lower Case" library="String">
<var>${tabnamel}</var>
<arg>${tabname}</arg>
<doc>Converts string to lower case.</doc>
<msg timestamp="20240214 03:36:14.103" level="INFO">${tabnamel} = about</msg>
<status status="PASS" starttime="20240214 03:36:14.103" endtime="20240214 03:36:14.103"/>
</kw>
<kw name="Set Variable" library="BuiltIn">
<var>${img}</var>
<arg>manager_${platform}_tab_${tabnamel}.png</arg>
<doc>Returns the given values which can then be assigned to a variables.</doc>
<msg timestamp="20240214 03:36:14.103" level="INFO">${img} = manager_macos_tab_about.png</msg>
<status status="PASS" starttime="20240214 03:36:14.103" endtime="20240214 03:36:14.103"/>
</kw>
<kw name="Log" library="BuiltIn">
<arg>/Users/runner/work/rfswarm/rfswarm/Tests/Regression/Manager</arg>
<doc>Logs the given message with the given level.</doc>
<msg timestamp="20240214 03:36:14.104" level="INFO">/Users/runner/work/rfswarm/rfswarm/Tests/Regression/Manager</msg>
<status status="PASS" starttime="20240214 03:36:14.103" endtime="20240214 03:36:14.104"/>
</kw>
<kw name="Log" library="BuiltIn">
<arg>${IMAGE_DIR}</arg>
<doc>Logs the given message with the given level.</doc>
<msg timestamp="20240214 03:36:14.104" level="INFO">/Users/runner/work/rfswarm/rfswarm/Tests/Regression/Manager/Images/file_method</msg>
<status status="PASS" starttime="20240214 03:36:14.104" endtime="20240214 03:36:14.104"/>
</kw>
<kw name="Wait For">
<arg>${img}</arg>
<arg>timeout=300</arg>
<msg timestamp="20240214 03:36:14.107" level="FAIL">No keyword with name 'Wait For' found.</msg>
<status status="FAIL" starttime="20240214 03:36:14.107" endtime="20240214 03:36:14.107"/>
</kw>
<kw name="Locate">
<var>@{coordinates}</var>
<arg>${img}</arg>
<status status="NOT RUN" starttime="20240214 03:36:14.109" endtime="20240214 03:36:14.109"/>
</kw>
<kw name="Click Image">
<arg>${img}</arg>
<status status="NOT RUN" starttime="20240214 03:36:14.112" endtime="20240214 03:36:14.112"/>
</kw>
<kw name="Sleep" library="BuiltIn">
<arg>0.1</arg>
<doc>Pauses the test executed for the given time.</doc>
<status status="NOT RUN" starttime="20240214 03:36:14.112" endtime="20240214 03:36:14.112"/>
</kw>
<kw name="Take A Screenshot">
<status status="NOT RUN" starttime="20240214 03:36:14.116" endtime="20240214 03:36:14.116"/>
</kw>
<status status="FAIL" starttime="20240214 03:36:14.102" endtime="20240214 03:36:14.116"/>
</kw>
<kw name="Sleep" library="BuiltIn">
<arg>5</arg>
<doc>Pauses the test executed for the given time.</doc>
<status status="NOT RUN" starttime="20240214 03:36:14.116" endtime="20240214 03:36:14.116"/>
</kw>
<tag>macos-latest</tag>
<tag>ubuntu-latest</tag>
<tag>windows-latest</tag>
<status status="FAIL" starttime="20240214 03:36:14.102" endtime="20240214 03:36:14.116">No keyword with name 'Wait For' found.</status>
</test>
<test id="s1-s2-t5" name="Select Plan Tab" line="59">
<kw name="Click Tab">
<arg>Plan</arg>
<kw name="Convert To Lower Case" library="String">
<var>${tabnamel}</var>
<arg>${tabname}</arg>
<doc>Converts string to lower case.</doc>
<msg timestamp="20240214 03:36:14.117" level="INFO">${tabnamel} = plan</msg>
<status status="PASS" starttime="20240214 03:36:14.117" endtime="20240214 03:36:14.117"/>
</kw>
<kw name="Set Variable" library="BuiltIn">
<var>${img}</var>
<arg>manager_${platform}_tab_${tabnamel}.png</arg>
<doc>Returns the given values which can then be assigned to a variables.</doc>
<msg timestamp="20240214 03:36:14.118" level="INFO">${img} = manager_macos_tab_plan.png</msg>
<status status="PASS" starttime="20240214 03:36:14.117" endtime="20240214 03:36:14.118"/>
</kw>
<kw name="Log" library="BuiltIn">
<arg>/Users/runner/work/rfswarm/rfswarm/Tests/Regression/Manager</arg>
<doc>Logs the given message with the given level.</doc>
<msg timestamp="20240214 03:36:14.118" level="INFO">/Users/runner/work/rfswarm/rfswarm/Tests/Regression/Manager</msg>
<status status="PASS" starttime="20240214 03:36:14.118" endtime="20240214 03:36:14.118"/>
</kw>
<kw name="Log" library="BuiltIn">
<arg>${IMAGE_DIR}</arg>
<doc>Logs the given message with the given level.</doc>
<msg timestamp="20240214 03:36:14.118" level="INFO">/Users/runner/work/rfswarm/rfswarm/Tests/Regression/Manager/Images/file_method</msg>
<status status="PASS" starttime="20240214 03:36:14.118" endtime="20240214 03:36:14.118"/>
</kw>
<kw name="Wait For">
<arg>${img}</arg>
<arg>timeout=300</arg>
<msg timestamp="20240214 03:36:14.121" level="FAIL">No keyword with name 'Wait For' found.</msg>
<status status="FAIL" starttime="20240214 03:36:14.121" endtime="20240214 03:36:14.121"/>
</kw>
<kw name="Locate">
<var>@{coordinates}</var>
<arg>${img}</arg>
<status status="NOT RUN" starttime="20240214 03:36:14.123" endtime="20240214 03:36:14.124"/>
</kw>
<kw name="Click Image">
<arg>${img}</arg>
<status status="NOT RUN" starttime="20240214 03:36:14.126" endtime="20240214 03:36:14.126"/>
</kw>
<kw name="Sleep" library="BuiltIn">
<arg>0.1</arg>
<doc>Pauses the test executed for the given time.</doc>
<status status="NOT RUN" starttime="20240214 03:36:14.127" endtime="20240214 03:36:14.127"/>
</kw>
<kw name="Take A Screenshot">
<status status="NOT RUN" starttime="20240214 03:36:14.130" endtime="20240214 03:36:14.130"/>
</kw>
<status status="FAIL" starttime="20240214 03:36:14.117" endtime="20240214 03:36:14.130"/>
</kw>
<kw name="Sleep" library="BuiltIn">
<arg>5</arg>
<doc>Pauses the test executed for the given time.</doc>
<status status="NOT RUN" starttime="20240214 03:36:14.130" endtime="20240214 03:36:14.130"/>
</kw>
<tag>macos-latest</tag>
<tag>ubuntu-latest</tag>
<tag>windows-latest</tag>
<status status="FAIL" starttime="20240214 03:36:14.116" endtime="20240214 03:36:14.130">No keyword with name 'Wait For' found.</status>
</test>
<test id="s1-s2-t6" name="Close GUI" line="78">
<kw name="Click Image">
<arg>manager_${platform}_button_closewindow.png</arg>
<msg timestamp="20240214 03:36:14.134" level="FAIL">No keyword with name 'Click Image' found.</msg>
<status status="FAIL" starttime="20240214 03:36:14.134" endtime="20240214 03:36:14.134"/>
</kw>
<kw name="Take A Screenshot">
<status status="NOT RUN" starttime="20240214 03:36:14.137" endtime="20240214 03:36:14.137"/>
</kw>
<kw name="Wait For Process" library="Process">
<var>${result}</var>
<arg>${process}</arg>
<arg>timeout=60</arg>
<doc>Waits for the process to complete or to reach the given timeout.</doc>
<status status="NOT RUN" starttime="20240214 03:36:14.137" endtime="20240214 03:36:14.137"/>
</kw>
<kw name="Is Process Running" library="Process">
<var>${running}</var>
<arg>${process}</arg>
<doc>Checks is the process running or not.</doc>
<status status="NOT RUN" starttime="20240214 03:36:14.137" endtime="20240214 03:36:14.137"/>
</kw>
<if>
<branch type="IF" condition="not ${running}">
<kw name="Should Be Equal As Integers" library="BuiltIn">
<arg>${result.rc}</arg>
<arg>0</arg>
<doc>Fails if objects are unequal after converting them to integers.</doc>
<status status="NOT RUN" starttime="20240214 03:36:14.137" endtime="20240214 03:36:14.138"/>
</kw>
<status status="NOT RUN" starttime="20240214 03:36:14.137" endtime="20240214 03:36:14.138"/>
</branch>
<branch type="ELSE">
<kw name="Take A Screenshot">
<status status="NOT RUN" starttime="20240214 03:36:14.141" endtime="20240214 03:36:14.141"/>
</kw>
<kw name="Terminate Process" library="Process">
<var>${result}</var>
<arg>${process}</arg>
<doc>Stops the process gracefully or forcefully.</doc>
<status status="NOT RUN" starttime="20240214 03:36:14.141" endtime="20240214 03:36:14.141"/>
</kw>
<kw name="Fail" library="BuiltIn">
<doc>Fails the test with the given message and optionally alters its tags.</doc>
<status status="NOT RUN" starttime="20240214 03:36:14.141" endtime="20240214 03:36:14.141"/>
</kw>
<status status="NOT RUN" starttime="20240214 03:36:14.138" endtime="20240214 03:36:14.141"/>
</branch>
<status status="NOT RUN" starttime="20240214 03:36:14.137" endtime="20240214 03:36:14.141"/>
</if>
<tag>macos-latest</tag>
<status status="FAIL" starttime="20240214 03:36:14.131" endtime="20240214 03:36:14.141">No keyword with name 'Click Image' found.</status>
</test>
<status status="FAIL" starttime="20240214 03:36:14.048" endtime="20240214 03:36:14.142"/>
</suite>
<status status="FAIL" starttime="20240214 03:35:57.419" endtime="20240214 03:36:14.143"/>
</suite>
<statistics>
<total>
<stat pass="3" fail="6" skip="0">All Tests</stat>
</total>
<tag>
<stat pass="3" fail="6" skip="0">macos-latest</stat>
<stat pass="3" fail="4" skip="0">ubuntu-latest</stat>
<stat pass="3" fail="4" skip="0">windows-latest</stat>
</tag>
<suite>
<stat pass="3" fail="6" skip="0" id="s1" name="Manager">Manager</stat>
<stat pass="3" fail="0" skip="0" id="s1-s1" name="CommandLine">Manager.CommandLine</stat>
<stat pass="0" fail="6" skip="0" id="s1-s2" name="GUI Basic">Manager.GUI Basic</stat>
</suite>
</statistics>
<errors>
<msg timestamp="20240214 03:36:14.060" level="ERROR">Error in file '/Users/runner/work/rfswarm/rfswarm/Tests/Regression/Manager/GUI_Basic.robot' on line 6: Importing library 'ImageHorizonLibrary' failed: ImageHorizonLibraryError: There is something wrong pyautogui or it is not installed.
Traceback (most recent call last):
  File "/Users/runner/hostedtoolcache/Python/3.7.17/x64/lib/python3.7/site-packages/ImageHorizonLibrary/__init__.py", line 10, in &lt;module&gt;
    raise ImageHorizonLibraryError('There is something wrong pyautogui or '
PYTHONPATH:
  /Users/runner/hostedtoolcache/Python/3.7.17/x64/bin
  /Users/runner/hostedtoolcache/Python/3.7.17/x64/lib/python37.zip
  /Users/runner/hostedtoolcache/Python/3.7.17/x64/lib/python3.7
  /Users/runner/hostedtoolcache/Python/3.7.17/x64/lib/python3.7/lib-dynload
  /Users/runner/hostedtoolcache/Python/3.7.17/x64/lib/python3.7/site-packages</msg>
</errors>
</robot>
