<?xml version="1.0" encoding="UTF-8"?>
<robot generator="Robot 6.0.2 (Python 3.7.15 on darwin)" generated="20230319 09:07:23.582" rpa="false" schemaversion="3">
<suite id="s1" name="Manager" source="/Users/runner/work/rfswarm/rfswarm/Tests/Regression/Manager">
<suite id="s1-s1" name="CommandLine" source="/Users/runner/work/rfswarm/rfswarm/Tests/Regression/Manager/CommandLine.robot">
<kw name="Clean Up Old Files" type="SETUP">
<tag>macos-latest</tag>
<tag>ubuntu-latest</tag>
<tag>windows-latest</tag>
<kw name="Log To Console" library="BuiltIn">
<arg>${OUTPUT DIR}</arg>
<doc>Logs the given message to the console.</doc>
<status status="PASS" starttime="20230319 09:07:23.625" endtime="20230319 09:07:23.625"/>
</kw>
<kw name="Remove File" library="OperatingSystem">
<arg>${OUTPUT DIR}${/}*.txt</arg>
<doc>Removes a file with the given path.</doc>
<msg timestamp="20230319 09:07:23.626" level="INFO" html="true">Removed file '&lt;a href="file:///Users/runner/work/rfswarm/rfswarm/Tests/Regression/Manager/Logs/macos-latest_3.7/stdout.txt"&gt;/Users/runner/work/rfswarm/rfswarm/Tests/Regression/Manager/Logs/macos-latest_3.7/stdout.txt&lt;/a&gt;'.</msg>
<msg timestamp="20230319 09:07:23.626" level="INFO" html="true">Removed file '&lt;a href="file:///Users/runner/work/rfswarm/rfswarm/Tests/Regression/Manager/Logs/macos-latest_3.7/stderr.txt"&gt;/Users/runner/work/rfswarm/rfswarm/Tests/Regression/Manager/Logs/macos-latest_3.7/stderr.txt&lt;/a&gt;'.</msg>
<status status="PASS" starttime="20230319 09:07:23.625" endtime="20230319 09:07:23.627"/>
</kw>
<kw name="Remove File" library="OperatingSystem">
<arg>${OUTPUT DIR}${/}*.png</arg>
<doc>Removes a file with the given path.</doc>
<msg timestamp="20230319 09:07:23.627" level="INFO" html="true">Removed file '&lt;a href="file:///Users/runner/work/rfswarm/rfswarm/Tests/Regression/Manager/Logs/macos-latest_3.7/Manager.GUIBasic-screenshot-1.png"&gt;/Users/runner/work/rfswarm/rfswarm/Tests/Regression/Manager/Logs/macos-latest_3.7/Manager.GUIBasic-screenshot-1.png&lt;/a&gt;'.</msg>
<msg timestamp="20230319 09:07:23.628" level="INFO" html="true">Removed file '&lt;a href="file:///Users/runner/work/rfswarm/rfswarm/Tests/Regression/Manager/Logs/macos-latest_3.7/Manager.GUIBasic-screenshot-2.png"&gt;/Users/runner/work/rfswarm/rfswarm/Tests/Regression/Manager/Logs/macos-latest_3.7/Manager.GUIBasic-screenshot-2.png&lt;/a&gt;'.</msg>
<msg timestamp="20230319 09:07:23.628" level="INFO" html="true">Removed file '&lt;a href="file:///Users/runner/work/rfswarm/rfswarm/Tests/Regression/Manager/Logs/macos-latest_3.7/Manager.GUIBasic-screenshot-3.png"&gt;/Users/runner/work/rfswarm/rfswarm/Tests/Regression/Manager/Logs/macos-latest_3.7/Manager.GUIBasic-screenshot-3.png&lt;/a&gt;'.</msg>
<msg timestamp="20230319 09:07:23.628" level="INFO" html="true">Removed file '&lt;a href="file:///Users/runner/work/rfswarm/rfswarm/Tests/Regression/Manager/Logs/macos-latest_3.7/Manager.GUIBasic-screenshot-6.png"&gt;/Users/runner/work/rfswarm/rfswarm/Tests/Regression/Manager/Logs/macos-latest_3.7/Manager.GUIBasic-screenshot-6.png&lt;/a&gt;'.</msg>
<msg timestamp="20230319 09:07:23.628" level="INFO" html="true">Removed file '&lt;a href="file:///Users/runner/work/rfswarm/rfswarm/Tests/Regression/Manager/Logs/macos-latest_3.7/Manager.GUIBasic-screenshot-4.png"&gt;/Users/runner/work/rfswarm/rfswarm/Tests/Regression/Manager/Logs/macos-latest_3.7/Manager.GUIBasic-screenshot-4.png&lt;/a&gt;'.</msg>
<msg timestamp="20230319 09:07:23.628" level="INFO" html="true">Removed file '&lt;a href="file:///Users/runner/work/rfswarm/rfswarm/Tests/Regression/Manager/Logs/macos-latest_3.7/Manager.GUIBasic-screenshot-5.png"&gt;/Users/runner/work/rfswarm/rfswarm/Tests/Regression/Manager/Logs/macos-latest_3.7/Manager.GUIBasic-screenshot-5.png&lt;/a&gt;'.</msg>
<status status="PASS" starttime="20230319 09:07:23.627" endtime="20230319 09:07:23.629"/>
</kw>
<status status="PASS" starttime="20230319 09:07:23.624" endtime="20230319 09:07:23.629"/>
</kw>
<test id="s1-s1-t1" name="Random Offset" line="7">
<kw name="Evaluate" library="BuiltIn">
<var>${random}</var>
<arg>random.randint(0, 60)</arg>
<doc>Evaluates the given expression in Python and returns the result.</doc>
<msg timestamp="20230319 09:07:23.630" level="INFO">${random} = 32</msg>
<status status="PASS" starttime="20230319 09:07:23.629" endtime="20230319 09:07:23.630"/>
</kw>
<kw name="Sleep" library="BuiltIn">
<arg>${random}</arg>
<doc>Pauses the test executed for the given time.</doc>
<msg timestamp="20230319 09:07:55.631" level="INFO">Slept 32 seconds</msg>
<status status="PASS" starttime="20230319 09:07:23.630" endtime="20230319 09:07:55.631"/>
</kw>
<doc>This just prevents all the test runners doing git push at the same time</doc>
<tag>macos-latest</tag>
<tag>ubuntu-latest</tag>
<tag>windows-latest</tag>
<status status="PASS" starttime="20230319 09:07:23.629" endtime="20230319 09:07:55.631"/>
</test>
<test id="s1-s1-t2" name="Manager Version" line="13">
<kw name="Run" library="OperatingSystem">
<var>${result}</var>
<arg>python3 ${EXECDIR}${/}rfswarm_manager${/}rfswarm.py -v</arg>
<doc>Runs the given command in the system and returns the output.</doc>
<msg timestamp="20230319 09:07:55.638" level="INFO">Running command 'python3 /Users/runner/work/rfswarm/rfswarm/rfswarm_manager/rfswarm.py -v 2&gt;&amp;1'.</msg>
<msg timestamp="20230319 09:09:14.216" level="INFO">${result} = Matplotlib is building the font cache; this may take a moment.
Robot Framework Swarm: Manager 
	Version 1.1.0 </msg>
<status status="PASS" starttime="20230319 09:07:55.632" endtime="20230319 09:09:14.216"/>
</kw>
<kw name="Log To Console" library="BuiltIn">
<arg>${\n}${result}</arg>
<doc>Logs the given message to the console.</doc>
<status status="PASS" starttime="20230319 09:09:14.217" endtime="20230319 09:09:14.218"/>
</kw>
<kw name="Should Contain" library="BuiltIn">
<arg>${result}</arg>
<arg>Version</arg>
<doc>Fails if ``container`` does not contain ``item`` one or more times.</doc>
<status status="PASS" starttime="20230319 09:09:14.218" endtime="20230319 09:09:14.218"/>
</kw>
<kw name="Should Contain" library="BuiltIn">
<arg>${result}</arg>
<arg>Manager</arg>
<doc>Fails if ``container`` does not contain ``item`` one or more times.</doc>
<status status="PASS" starttime="20230319 09:09:14.219" endtime="20230319 09:09:14.219"/>
</kw>
<tag>macos-latest</tag>
<tag>ubuntu-latest</tag>
<tag>windows-latest</tag>
<status status="PASS" starttime="20230319 09:07:55.632" endtime="20230319 09:09:14.219"/>
</test>
<test id="s1-s1-t3" name="Manager Help" line="20">
<kw name="Run" library="OperatingSystem">
<var>${result}</var>
<arg>python3 ${EXECDIR}${/}rfswarm_manager${/}rfswarm.py -h</arg>
<doc>Runs the given command in the system and returns the output.</doc>
<msg timestamp="20230319 09:09:14.224" level="INFO">Running command 'python3 /Users/runner/work/rfswarm/rfswarm/rfswarm_manager/rfswarm.py -h 2&gt;&amp;1'.</msg>
<msg timestamp="20230319 09:09:15.595" level="INFO">${result} = Robot Framework Swarm: Manager 
	Version 1.1.0 
usage: rfswarm.py [-h] [-g DEBUG] [-v] [-i INI] [-s SCENARIO] [-r] [-a AGENTS]
                  [-n] [-t STARTTIME] [-d DIR] [-e IPADDRESS] [-p PORT]

...</msg>
<status status="PASS" starttime="20230319 09:09:14.220" endtime="20230319 09:09:15.595"/>
</kw>
<kw name="Log To Console" library="BuiltIn">
<arg>${\n}${result}</arg>
<doc>Logs the given message to the console.</doc>
<status status="PASS" starttime="20230319 09:09:15.596" endtime="20230319 09:09:15.596"/>
</kw>
<kw name="Should Contain" library="BuiltIn">
<arg>${result}</arg>
<arg>IPADDRESS</arg>
<doc>Fails if ``container`` does not contain ``item`` one or more times.</doc>
<status status="PASS" starttime="20230319 09:09:15.597" endtime="20230319 09:09:15.597"/>
</kw>
<tag>macos-latest</tag>
<tag>ubuntu-latest</tag>
<tag>windows-latest</tag>
<status status="PASS" starttime="20230319 09:09:14.220" endtime="20230319 09:09:15.597"/>
</test>
<status status="PASS" starttime="20230319 09:07:23.611" endtime="20230319 09:09:15.598"/>
</suite>
<suite id="s1-s2" name="GUI Basic" source="/Users/runner/work/rfswarm/rfswarm/Tests/Regression/Manager/GUI_Basic.robot">
<test id="s1-s2-t1" name="Open GUI" line="14">
<kw name="Set Suite Variable" library="BuiltIn">
<arg>${platform}</arg>
<arg>macos</arg>
<doc>Makes a variable available everywhere within the scope of the current suite.</doc>
<msg timestamp="20230319 09:09:57.182" level="INFO">${platform} = macos</msg>
<status status="PASS" starttime="20230319 09:09:57.180" endtime="20230319 09:09:57.182"/>
</kw>
<kw name="Set Confidence" library="ImageHorizonLibrary">
<arg>0.9</arg>
<doc>Sets the accuracy when finding images.</doc>
<status status="PASS" starttime="20230319 09:09:57.182" endtime="20230319 09:09:57.597"/>
</kw>
<kw name="Start Process" library="Process">
<var>${process}</var>
<arg>python3</arg>
<arg>${pyfile}</arg>
<arg>-g</arg>
<arg>5</arg>
<arg>alias=Manager</arg>
<arg>stdout=${OUTPUT DIR}${/}stdout.txt</arg>
<arg>stderr=${OUTPUT DIR}${/}stderr.txt</arg>
<doc>Starts a new process on background.</doc>
<msg timestamp="20230319 09:09:57.600" level="INFO">Starting process:
python3 /Users/runner/work/rfswarm/rfswarm/rfswarm_manager/rfswarm.py -g 5</msg>
<msg timestamp="20230319 09:09:57.608" level="INFO">${process} = &lt;subprocess.Popen object at 0x115181c10&gt;</msg>
<status status="PASS" starttime="20230319 09:09:57.598" endtime="20230319 09:09:57.608"/>
</kw>
<kw name="Set Test Variable" library="BuiltIn">
<arg>$process</arg>
<arg>${process}</arg>
<doc>Makes a variable available everywhere within the scope of the current test.</doc>
<msg timestamp="20230319 09:09:57.609" level="INFO">${process} = &lt;subprocess.Popen object at 0x115181c10&gt;</msg>
<status status="PASS" starttime="20230319 09:09:57.609" endtime="20230319 09:09:57.609"/>
</kw>
<kw name="Sleep" library="BuiltIn">
<arg>10</arg>
<doc>Pauses the test executed for the given time.</doc>
<msg timestamp="20230319 09:10:07.614" level="INFO">Slept 10 seconds</msg>
<status status="PASS" starttime="20230319 09:09:57.610" endtime="20230319 09:10:07.614"/>
</kw>
<kw name="Set Screenshot Folder" library="ImageHorizonLibrary">
<arg>${OUTPUT DIR}</arg>
<doc>Sets the folder where screenshots are saved to.</doc>
<status status="PASS" starttime="20230319 09:10:07.615" endtime="20230319 09:10:07.615"/>
</kw>
<kw name="Take A Screenshot" library="ImageHorizonLibrary">
<doc>Takes a screenshot of the screen.</doc>
<msg timestamp="20230319 09:10:07.616" level="INFO" html="true">Screenshot taken: /Users/runner/work/rfswarm/rfswarm/Tests/Regression/Manager/Logs/macos-latest_3.7/Manager.GUIBasic-screenshot-1.png&lt;br/&gt;&lt;img src="/Users/runner/work/rfswarm/rfswarm/Tests/Regression/Manager/Logs/macos-latest_3.7/Manager.GUIBasic-screenshot-1.png" width="100%" /&gt;</msg>
<status status="PASS" starttime="20230319 09:10:07.615" endtime="20230319 09:10:08.961"/>
</kw>
<tag>macos-latest</tag>
<status status="PASS" starttime="20230319 09:09:57.179" endtime="20230319 09:10:08.962"/>
</test>
<test id="s1-s2-t2" name="Select Run Tab" line="44">
<kw name="Click Tab">
<arg>Run</arg>
<kw name="Convert To Lower Case" library="String">
<var>${tabnamel}</var>
<arg>${tabname}</arg>
<doc>Converts string to lower case.</doc>
<msg timestamp="20230319 09:10:08.965" level="INFO">${tabnamel} = run</msg>
<status status="PASS" starttime="20230319 09:10:08.964" endtime="20230319 09:10:08.965"/>
</kw>
<kw name="Set Variable" library="BuiltIn">
<var>${img}</var>
<arg>manager_${platform}_tab_${tabnamel}.png</arg>
<doc>Returns the given values which can then be assigned to a variables.</doc>
<msg timestamp="20230319 09:10:08.966" level="INFO">${img} = manager_macos_tab_run.png</msg>
<status status="PASS" starttime="20230319 09:10:08.965" endtime="20230319 09:10:08.966"/>
</kw>
<kw name="Log" library="BuiltIn">
<arg>/Users/runner/work/rfswarm/rfswarm/Tests/Regression/Manager</arg>
<doc>Logs the given message with the given level.</doc>
<msg timestamp="20230319 09:10:08.966" level="INFO">/Users/runner/work/rfswarm/rfswarm/Tests/Regression/Manager</msg>
<status status="PASS" starttime="20230319 09:10:08.966" endtime="20230319 09:10:08.966"/>
</kw>
<kw name="Log" library="BuiltIn">
<arg>${IMAGE_DIR}</arg>
<doc>Logs the given message with the given level.</doc>
<msg timestamp="20230319 09:10:08.966" level="INFO">/Users/runner/work/rfswarm/rfswarm/Tests/Regression/Manager/Images/file_method</msg>
<status status="PASS" starttime="20230319 09:10:08.966" endtime="20230319 09:10:08.967"/>
</kw>
<kw name="Wait For" library="ImageHorizonLibrary">
<arg>${img}</arg>
<arg>timeout=10</arg>
<doc>Tries to locate given image from the screen for given time.</doc>
<kw name="Take A Screenshot" library="ImageHorizonLibrary">
<doc>Takes a screenshot of the screen.</doc>
<msg timestamp="20230319 09:10:19.519" level="INFO" html="true">Screenshot taken: /Users/runner/work/rfswarm/rfswarm/Tests/Regression/Manager/Logs/macos-latest_3.7/Manager.GUIBasic-screenshot-2.png&lt;br/&gt;&lt;img src="/Users/runner/work/rfswarm/rfswarm/Tests/Regression/Manager/Logs/macos-latest_3.7/Manager.GUIBasic-screenshot-2.png" width="100%" /&gt;</msg>
<status status="PASS" starttime="20230319 09:10:19.518" endtime="20230319 09:10:19.924"/>
</kw>
<msg timestamp="20230319 09:10:19.925" level="FAIL">ImageNotFoundException: Reference image "/Users/runner/work/rfswarm/rfswarm/Tests/Regression/Manager/Images/file_method/manager_macos_tab_run.png" was not found on screen</msg>
<status status="FAIL" starttime="20230319 09:10:08.967" endtime="20230319 09:10:19.926"/>
</kw>
<kw name="Locate" library="ImageHorizonLibrary">
<var>@{coordinates}</var>
<arg>${img}</arg>
<doc>Locate image on screen.</doc>
<status status="NOT RUN" starttime="20230319 09:10:19.926" endtime="20230319 09:10:19.926"/>
</kw>
<kw name="Click Image" library="ImageHorizonLibrary">
<arg>${img}</arg>
<doc>Finds the reference image on screen and clicks it once.</doc>
<status status="NOT RUN" starttime="20230319 09:10:19.926" endtime="20230319 09:10:19.926"/>
</kw>
<kw name="Sleep" library="BuiltIn">
<arg>0.1</arg>
<doc>Pauses the test executed for the given time.</doc>
<status status="NOT RUN" starttime="20230319 09:10:19.927" endtime="20230319 09:10:19.927"/>
</kw>
<kw name="Take A Screenshot" library="ImageHorizonLibrary">
<doc>Takes a screenshot of the screen.</doc>
<status status="NOT RUN" starttime="20230319 09:10:19.927" endtime="20230319 09:10:19.927"/>
</kw>
<status status="FAIL" starttime="20230319 09:10:08.963" endtime="20230319 09:10:19.927"/>
</kw>
<kw name="Sleep" library="BuiltIn">
<arg>5</arg>
<doc>Pauses the test executed for the given time.</doc>
<status status="NOT RUN" starttime="20230319 09:10:19.928" endtime="20230319 09:10:19.928"/>
</kw>
<tag>macos-latest</tag>
<tag>ubuntu-latest</tag>
<tag>windows-latest</tag>
<status status="FAIL" starttime="20230319 09:10:08.963" endtime="20230319 09:10:19.928">ImageNotFoundException: Reference image "/Users/runner/work/rfswarm/rfswarm/Tests/Regression/Manager/Images/file_method/manager_macos_tab_run.png" was not found on screen</status>
</test>
<test id="s1-s2-t3" name="Select Agents Tab" line="49">
<kw name="Click Tab">
<arg>Agents</arg>
<kw name="Convert To Lower Case" library="String">
<var>${tabnamel}</var>
<arg>${tabname}</arg>
<doc>Converts string to lower case.</doc>
<msg timestamp="20230319 09:10:19.930" level="INFO">${tabnamel} = agents</msg>
<status status="PASS" starttime="20230319 09:10:19.930" endtime="20230319 09:10:19.930"/>
</kw>
<kw name="Set Variable" library="BuiltIn">
<var>${img}</var>
<arg>manager_${platform}_tab_${tabnamel}.png</arg>
<doc>Returns the given values which can then be assigned to a variables.</doc>
<msg timestamp="20230319 09:10:19.931" level="INFO">${img} = manager_macos_tab_agents.png</msg>
<status status="PASS" starttime="20230319 09:10:19.931" endtime="20230319 09:10:19.931"/>
</kw>
<kw name="Log" library="BuiltIn">
<arg>/Users/runner/work/rfswarm/rfswarm/Tests/Regression/Manager</arg>
<doc>Logs the given message with the given level.</doc>
<msg timestamp="20230319 09:10:19.932" level="INFO">/Users/runner/work/rfswarm/rfswarm/Tests/Regression/Manager</msg>
<status status="PASS" starttime="20230319 09:10:19.931" endtime="20230319 09:10:19.932"/>
</kw>
<kw name="Log" library="BuiltIn">
<arg>${IMAGE_DIR}</arg>
<doc>Logs the given message with the given level.</doc>
<msg timestamp="20230319 09:10:19.932" level="INFO">/Users/runner/work/rfswarm/rfswarm/Tests/Regression/Manager/Images/file_method</msg>
<status status="PASS" starttime="20230319 09:10:19.932" endtime="20230319 09:10:19.932"/>
</kw>
<kw name="Wait For" library="ImageHorizonLibrary">
<arg>${img}</arg>
<arg>timeout=10</arg>
<doc>Tries to locate given image from the screen for given time.</doc>
<kw name="Take A Screenshot" library="ImageHorizonLibrary">
<doc>Takes a screenshot of the screen.</doc>
<msg timestamp="20230319 09:10:30.416" level="INFO" html="true">Screenshot taken: /Users/runner/work/rfswarm/rfswarm/Tests/Regression/Manager/Logs/macos-latest_3.7/Manager.GUIBasic-screenshot-3.png&lt;br/&gt;&lt;img src="/Users/runner/work/rfswarm/rfswarm/Tests/Regression/Manager/Logs/macos-latest_3.7/Manager.GUIBasic-screenshot-3.png" width="100%" /&gt;</msg>
<status status="PASS" starttime="20230319 09:10:30.415" endtime="20230319 09:10:30.853"/>
</kw>
<msg timestamp="20230319 09:10:30.854" level="FAIL">ImageNotFoundException: Reference image "/Users/runner/work/rfswarm/rfswarm/Tests/Regression/Manager/Images/file_method/manager_macos_tab_agents.png" was not found on screen</msg>
<status status="FAIL" starttime="20230319 09:10:19.932" endtime="20230319 09:10:30.854"/>
</kw>
<kw name="Locate" library="ImageHorizonLibrary">
<var>@{coordinates}</var>
<arg>${img}</arg>
<doc>Locate image on screen.</doc>
<status status="NOT RUN" starttime="20230319 09:10:30.855" endtime="20230319 09:10:30.855"/>
</kw>
<kw name="Click Image" library="ImageHorizonLibrary">
<arg>${img}</arg>
<doc>Finds the reference image on screen and clicks it once.</doc>
<status status="NOT RUN" starttime="20230319 09:10:30.855" endtime="20230319 09:10:30.855"/>
</kw>
<kw name="Sleep" library="BuiltIn">
<arg>0.1</arg>
<doc>Pauses the test executed for the given time.</doc>
<status status="NOT RUN" starttime="20230319 09:10:30.855" endtime="20230319 09:10:30.855"/>
</kw>
<kw name="Take A Screenshot" library="ImageHorizonLibrary">
<doc>Takes a screenshot of the screen.</doc>
<status status="NOT RUN" starttime="20230319 09:10:30.855" endtime="20230319 09:10:30.856"/>
</kw>
<status status="FAIL" starttime="20230319 09:10:19.929" endtime="20230319 09:10:30.856"/>
</kw>
<kw name="Sleep" library="BuiltIn">
<arg>5</arg>
<doc>Pauses the test executed for the given time.</doc>
<status status="NOT RUN" starttime="20230319 09:10:30.856" endtime="20230319 09:10:30.856"/>
</kw>
<tag>macos-latest</tag>
<tag>ubuntu-latest</tag>
<tag>windows-latest</tag>
<status status="FAIL" starttime="20230319 09:10:19.929" endtime="20230319 09:10:30.856">ImageNotFoundException: Reference image "/Users/runner/work/rfswarm/rfswarm/Tests/Regression/Manager/Images/file_method/manager_macos_tab_agents.png" was not found on screen</status>
</test>
<test id="s1-s2-t4" name="Select About Tab" line="54">
<kw name="Click Tab">
<arg>About</arg>
<kw name="Convert To Lower Case" library="String">
<var>${tabnamel}</var>
<arg>${tabname}</arg>
<doc>Converts string to lower case.</doc>
<msg timestamp="20230319 09:10:30.859" level="INFO">${tabnamel} = about</msg>
<status status="PASS" starttime="20230319 09:10:30.858" endtime="20230319 09:10:30.859"/>
</kw>
<kw name="Set Variable" library="BuiltIn">
<var>${img}</var>
<arg>manager_${platform}_tab_${tabnamel}.png</arg>
<doc>Returns the given values which can then be assigned to a variables.</doc>
<msg timestamp="20230319 09:10:30.859" level="INFO">${img} = manager_macos_tab_about.png</msg>
<status status="PASS" starttime="20230319 09:10:30.859" endtime="20230319 09:10:30.859"/>
</kw>
<kw name="Log" library="BuiltIn">
<arg>/Users/runner/work/rfswarm/rfswarm/Tests/Regression/Manager</arg>
<doc>Logs the given message with the given level.</doc>
<msg timestamp="20230319 09:10:30.859" level="INFO">/Users/runner/work/rfswarm/rfswarm/Tests/Regression/Manager</msg>
<status status="PASS" starttime="20230319 09:10:30.859" endtime="20230319 09:10:30.860"/>
</kw>
<kw name="Log" library="BuiltIn">
<arg>${IMAGE_DIR}</arg>
<doc>Logs the given message with the given level.</doc>
<msg timestamp="20230319 09:10:30.860" level="INFO">/Users/runner/work/rfswarm/rfswarm/Tests/Regression/Manager/Images/file_method</msg>
<status status="PASS" starttime="20230319 09:10:30.860" endtime="20230319 09:10:30.860"/>
</kw>
<kw name="Wait For" library="ImageHorizonLibrary">
<arg>${img}</arg>
<arg>timeout=10</arg>
<doc>Tries to locate given image from the screen for given time.</doc>
<msg timestamp="20230319 09:10:39.430" level="INFO">Image "manager_macos_tab_about.png" found at (487, 75)</msg>
<status status="PASS" starttime="20230319 09:10:30.860" endtime="20230319 09:10:39.431"/>
</kw>
<kw name="Locate" library="ImageHorizonLibrary">
<var>@{coordinates}</var>
<arg>${img}</arg>
<doc>Locate image on screen.</doc>
<msg timestamp="20230319 09:10:39.874" level="INFO">Image "/Users/runner/work/rfswarm/rfswarm/Tests/Regression/Manager/Images/file_method/manager_macos_tab_about.png" found at Box(left=464, top=62, width=46, height=26)</msg>
<msg timestamp="20230319 09:10:39.875" level="INFO">@{coordinates} = [ 487 | 75 ]</msg>
<status status="PASS" starttime="20230319 09:10:39.432" endtime="20230319 09:10:39.875"/>
</kw>
<kw name="Click Image" library="ImageHorizonLibrary">
<arg>${img}</arg>
<doc>Finds the reference image on screen and clicks it once.</doc>
<msg timestamp="20230319 09:10:40.328" level="INFO">Image "/Users/runner/work/rfswarm/rfswarm/Tests/Regression/Manager/Images/file_method/manager_macos_tab_about.png" found at Box(left=464, top=62, width=46, height=26)</msg>
<msg timestamp="20230319 09:10:40.328" level="INFO">Clicking image "manager_macos_tab_about.png" in position (487, 75)</msg>
<status status="PASS" starttime="20230319 09:10:39.875" endtime="20230319 09:10:40.500"/>
</kw>
<kw name="Sleep" library="BuiltIn">
<arg>0.1</arg>
<doc>Pauses the test executed for the given time.</doc>
<msg timestamp="20230319 09:10:40.614" level="INFO">Slept 100 milliseconds</msg>
<status status="PASS" starttime="20230319 09:10:40.501" endtime="20230319 09:10:40.614"/>
</kw>
<kw name="Take A Screenshot" library="ImageHorizonLibrary">
<doc>Takes a screenshot of the screen.</doc>
<msg timestamp="20230319 09:10:40.614" level="INFO" html="true">Screenshot taken: /Users/runner/work/rfswarm/rfswarm/Tests/Regression/Manager/Logs/macos-latest_3.7/Manager.GUIBasic-screenshot-4.png&lt;br/&gt;&lt;img src="/Users/runner/work/rfswarm/rfswarm/Tests/Regression/Manager/Logs/macos-latest_3.7/Manager.GUIBasic-screenshot-4.png" width="100%" /&gt;</msg>
<status status="PASS" starttime="20230319 09:10:40.614" endtime="20230319 09:10:40.976"/>
</kw>
<status status="PASS" starttime="20230319 09:10:30.858" endtime="20230319 09:10:40.978"/>
</kw>
<kw name="Sleep" library="BuiltIn">
<arg>5</arg>
<doc>Pauses the test executed for the given time.</doc>
<msg timestamp="20230319 09:10:45.979" level="INFO">Slept 5 seconds</msg>
<status status="PASS" starttime="20230319 09:10:40.978" endtime="20230319 09:10:45.979"/>
</kw>
<tag>macos-latest</tag>
<tag>ubuntu-latest</tag>
<tag>windows-latest</tag>
<status status="PASS" starttime="20230319 09:10:30.857" endtime="20230319 09:10:45.979"/>
</test>
<test id="s1-s2-t5" name="Select Plan Tab" line="59">
<kw name="Click Tab">
<arg>Plan</arg>
<kw name="Convert To Lower Case" library="String">
<var>${tabnamel}</var>
<arg>${tabname}</arg>
<doc>Converts string to lower case.</doc>
<msg timestamp="20230319 09:10:45.981" level="INFO">${tabnamel} = plan</msg>
<status status="PASS" starttime="20230319 09:10:45.981" endtime="20230319 09:10:45.981"/>
</kw>
<kw name="Set Variable" library="BuiltIn">
<var>${img}</var>
<arg>manager_${platform}_tab_${tabnamel}.png</arg>
<doc>Returns the given values which can then be assigned to a variables.</doc>
<msg timestamp="20230319 09:10:45.982" level="INFO">${img} = manager_macos_tab_plan.png</msg>
<status status="PASS" starttime="20230319 09:10:45.982" endtime="20230319 09:10:45.982"/>
</kw>
<kw name="Log" library="BuiltIn">
<arg>/Users/runner/work/rfswarm/rfswarm/Tests/Regression/Manager</arg>
<doc>Logs the given message with the given level.</doc>
<msg timestamp="20230319 09:10:45.983" level="INFO">/Users/runner/work/rfswarm/rfswarm/Tests/Regression/Manager</msg>
<status status="PASS" starttime="20230319 09:10:45.982" endtime="20230319 09:10:45.983"/>
</kw>
<kw name="Log" library="BuiltIn">
<arg>${IMAGE_DIR}</arg>
<doc>Logs the given message with the given level.</doc>
<msg timestamp="20230319 09:10:45.983" level="INFO">/Users/runner/work/rfswarm/rfswarm/Tests/Regression/Manager/Images/file_method</msg>
<status status="PASS" starttime="20230319 09:10:45.983" endtime="20230319 09:10:45.983"/>
</kw>
<kw name="Wait For" library="ImageHorizonLibrary">
<arg>${img}</arg>
<arg>timeout=10</arg>
<doc>Tries to locate given image from the screen for given time.</doc>
<msg timestamp="20230319 09:10:46.414" level="INFO">Image "manager_macos_tab_plan.png" found at (317, 75)</msg>
<status status="PASS" starttime="20230319 09:10:45.983" endtime="20230319 09:10:46.415"/>
</kw>
<kw name="Locate" library="ImageHorizonLibrary">
<var>@{coordinates}</var>
<arg>${img}</arg>
<doc>Locate image on screen.</doc>
<msg timestamp="20230319 09:10:46.849" level="INFO">Image "/Users/runner/work/rfswarm/rfswarm/Tests/Regression/Manager/Images/file_method/manager_macos_tab_plan.png" found at Box(left=301, top=61, width=33, height=28)</msg>
<msg timestamp="20230319 09:10:46.850" level="INFO">@{coordinates} = [ 317 | 75 ]</msg>
<status status="PASS" starttime="20230319 09:10:46.416" endtime="20230319 09:10:46.850"/>
</kw>
<kw name="Click Image" library="ImageHorizonLibrary">
<arg>${img}</arg>
<doc>Finds the reference image on screen and clicks it once.</doc>
<msg timestamp="20230319 09:10:47.292" level="INFO">Image "/Users/runner/work/rfswarm/rfswarm/Tests/Regression/Manager/Images/file_method/manager_macos_tab_plan.png" found at Box(left=301, top=61, width=33, height=28)</msg>
<msg timestamp="20230319 09:10:47.292" level="INFO">Clicking image "manager_macos_tab_plan.png" in position (317, 75)</msg>
<status status="PASS" starttime="20230319 09:10:46.850" endtime="20230319 09:10:47.459"/>
</kw>
<kw name="Sleep" library="BuiltIn">
<arg>0.1</arg>
<doc>Pauses the test executed for the given time.</doc>
<msg timestamp="20230319 09:10:47.561" level="INFO">Slept 100 milliseconds</msg>
<status status="PASS" starttime="20230319 09:10:47.460" endtime="20230319 09:10:47.561"/>
</kw>
<kw name="Take A Screenshot" library="ImageHorizonLibrary">
<doc>Takes a screenshot of the screen.</doc>
<msg timestamp="20230319 09:10:47.562" level="INFO" html="true">Screenshot taken: /Users/runner/work/rfswarm/rfswarm/Tests/Regression/Manager/Logs/macos-latest_3.7/Manager.GUIBasic-screenshot-5.png&lt;br/&gt;&lt;img src="/Users/runner/work/rfswarm/rfswarm/Tests/Regression/Manager/Logs/macos-latest_3.7/Manager.GUIBasic-screenshot-5.png" width="100%" /&gt;</msg>
<status status="PASS" starttime="20230319 09:10:47.561" endtime="20230319 09:10:47.951"/>
</kw>
<status status="PASS" starttime="20230319 09:10:45.981" endtime="20230319 09:10:47.952"/>
</kw>
<kw name="Sleep" library="BuiltIn">
<arg>5</arg>
<doc>Pauses the test executed for the given time.</doc>
<msg timestamp="20230319 09:10:52.954" level="INFO">Slept 5 seconds</msg>
<status status="PASS" starttime="20230319 09:10:47.952" endtime="20230319 09:10:52.954"/>
</kw>
<tag>macos-latest</tag>
<tag>ubuntu-latest</tag>
<tag>windows-latest</tag>
<status status="PASS" starttime="20230319 09:10:45.980" endtime="20230319 09:10:52.954"/>
</test>
<test id="s1-s2-t6" name="Close GUI" line="78">
<kw name="Click Image" library="ImageHorizonLibrary">
<arg>manager_${platform}_button_closewindow.png</arg>
<doc>Finds the reference image on screen and clicks it once.</doc>
<msg timestamp="20230319 09:10:53.415" level="INFO">Image "/Users/runner/work/rfswarm/rfswarm/Tests/Regression/Manager/Images/file_method/manager_macos_button_closewindow.png" found at Box(left=9, top=31, width=19, height=25)</msg>
<msg timestamp="20230319 09:10:53.416" level="INFO">Clicking image "manager_macos_button_closewindow.png" in position (18, 43)</msg>
<status status="PASS" starttime="20230319 09:10:52.955" endtime="20230319 09:10:53.607"/>
</kw>
<kw name="Take A Screenshot" library="ImageHorizonLibrary">
<doc>Takes a screenshot of the screen.</doc>
<msg timestamp="20230319 09:10:53.609" level="INFO" html="true">Screenshot taken: /Users/runner/work/rfswarm/rfswarm/Tests/Regression/Manager/Logs/macos-latest_3.7/Manager.GUIBasic-screenshot-6.png&lt;br/&gt;&lt;img src="/Users/runner/work/rfswarm/rfswarm/Tests/Regression/Manager/Logs/macos-latest_3.7/Manager.GUIBasic-screenshot-6.png" width="100%" /&gt;</msg>
<status status="PASS" starttime="20230319 09:10:53.608" endtime="20230319 09:10:53.927"/>
</kw>
<kw name="Wait For Process" library="Process">
<var>${result}</var>
<arg>${process}</arg>
<arg>timeout=60</arg>
<doc>Waits for the process to complete or to reach the given timeout.</doc>
<msg timestamp="20230319 09:10:53.928" level="INFO">Waiting for process to complete.</msg>
<msg timestamp="20230319 09:10:54.917" level="INFO">Process completed.</msg>
<msg timestamp="20230319 09:10:54.918" level="INFO">${result} = &lt;result object with rc 0&gt;</msg>
<status status="PASS" starttime="20230319 09:10:53.928" endtime="20230319 09:10:54.918"/>
</kw>
<kw name="Is Process Running" library="Process">
<var>${running}</var>
<arg>${process}</arg>
<doc>Checks is the process running or not.</doc>
<msg timestamp="20230319 09:10:54.919" level="INFO">${running} = False</msg>
<status status="PASS" starttime="20230319 09:10:54.918" endtime="20230319 09:10:54.919"/>
</kw>
<if>
<branch type="IF" condition="not ${running}">
<kw name="Should Be Equal As Integers" library="BuiltIn">
<arg>${result.rc}</arg>
<arg>0</arg>
<doc>Fails if objects are unequal after converting them to integers.</doc>
<msg timestamp="20230319 09:10:54.922" level="INFO">Argument types are:
&lt;class 'int'&gt;
&lt;class 'str'&gt;</msg>
<status status="PASS" starttime="20230319 09:10:54.920" endtime="20230319 09:10:54.922"/>
</kw>
<status status="PASS" starttime="20230319 09:10:54.920" endtime="20230319 09:10:54.922"/>
</branch>
<branch type="ELSE">
<kw name="Take A Screenshot" library="ImageHorizonLibrary">
<doc>Takes a screenshot of the screen.</doc>
<status status="NOT RUN" starttime="20230319 09:10:54.922" endtime="20230319 09:10:54.922"/>
</kw>
<kw name="Terminate Process" library="Process">
<var>${result}</var>
<arg>${process}</arg>
<doc>Stops the process gracefully or forcefully.</doc>
<status status="NOT RUN" starttime="20230319 09:10:54.922" endtime="20230319 09:10:54.922"/>
</kw>
<kw name="Fail" library="BuiltIn">
<doc>Fails the test with the given message and optionally alters its tags.</doc>
<status status="NOT RUN" starttime="20230319 09:10:54.923" endtime="20230319 09:10:54.923"/>
</kw>
<status status="NOT RUN" starttime="20230319 09:10:54.922" endtime="20230319 09:10:54.923"/>
</branch>
<status status="PASS" starttime="20230319 09:10:54.920" endtime="20230319 09:10:54.923"/>
</if>
<tag>macos-latest</tag>
<status status="PASS" starttime="20230319 09:10:52.955" endtime="20230319 09:10:54.923"/>
</test>
<status status="FAIL" starttime="20230319 09:09:15.600" endtime="20230319 09:10:54.925"/>
</suite>
<status status="FAIL" starttime="20230319 09:07:23.584" endtime="20230319 09:10:54.930"/>
</suite>
<statistics>
<total>
<stat pass="7" fail="2" skip="0">All Tests</stat>
</total>
<tag>
<stat pass="7" fail="2" skip="0">macos-latest</stat>
<stat pass="5" fail="2" skip="0">ubuntu-latest</stat>
<stat pass="5" fail="2" skip="0">windows-latest</stat>
</tag>
<suite>
<stat pass="7" fail="2" skip="0" id="s1" name="Manager">Manager</stat>
<stat pass="3" fail="0" skip="0" id="s1-s1" name="CommandLine">Manager.CommandLine</stat>
<stat pass="4" fail="2" skip="0" id="s1-s2" name="GUI Basic">Manager.GUI Basic</stat>
</suite>
</statistics>
<errors>
</errors>
</robot>
