<?xml version="1.0" encoding="UTF-8"?>
<robot generator="Robot 6.1.1 (Python 3.7.17 on darwin)" generated="20240214 16:53:27.638" rpa="false" schemaversion="4">
<suite id="s1" name="Manager" source="/Users/runner/work/rfswarm/rfswarm/Tests/Regression/Manager">
<suite id="s1-s1" name="CommandLine" source="/Users/runner/work/rfswarm/rfswarm/Tests/Regression/Manager/CommandLine.robot">
<kw name="Clean Up Old Files" type="SETUP">
<tag>macos-latest</tag>
<tag>ubuntu-latest</tag>
<tag>windows-latest</tag>
<kw name="Log To Console" library="BuiltIn">
<arg>${OUTPUT DIR}</arg>
<doc>Logs the given message to the console.</doc>
<status status="PASS" starttime="20240214 16:53:27.737" endtime="20240214 16:53:27.738"/>
</kw>
<kw name="Remove File" library="OperatingSystem">
<arg>${OUTPUT DIR}${/}*.txt</arg>
<doc>Removes a file with the given path.</doc>
<msg timestamp="20240214 16:53:27.739" level="INFO" html="true">Removed file '&lt;a href="file:///Users/runner/work/rfswarm/rfswarm/Tests/Regression/Manager/Logs/macos-latest_3.7/stdout.txt"&gt;/Users/runner/work/rfswarm/rfswarm/Tests/Regression/Manager/Logs/macos-latest_3.7/stdout.txt&lt;/a&gt;'.</msg>
<msg timestamp="20240214 16:53:27.739" level="INFO" html="true">Removed file '&lt;a href="file:///Users/runner/work/rfswarm/rfswarm/Tests/Regression/Manager/Logs/macos-latest_3.7/stdout_agent.txt"&gt;/Users/runner/work/rfswarm/rfswarm/Tests/Regression/Manager/Logs/macos-latest_3.7/stdout_agent.txt&lt;/a&gt;'.</msg>
<msg timestamp="20240214 16:53:27.739" level="INFO" html="true">Removed file '&lt;a href="file:///Users/runner/work/rfswarm/rfswarm/Tests/Regression/Manager/Logs/macos-latest_3.7/stderr_agent.txt"&gt;/Users/runner/work/rfswarm/rfswarm/Tests/Regression/Manager/Logs/macos-latest_3.7/stderr_agent.txt&lt;/a&gt;'.</msg>
<msg timestamp="20240214 16:53:27.739" level="INFO" html="true">Removed file '&lt;a href="file:///Users/runner/work/rfswarm/rfswarm/Tests/Regression/Manager/Logs/macos-latest_3.7/stdout_manager.txt"&gt;/Users/runner/work/rfswarm/rfswarm/Tests/Regression/Manager/Logs/macos-latest_3.7/stdout_manager.txt&lt;/a&gt;'.</msg>
<msg timestamp="20240214 16:53:27.739" level="INFO" html="true">Removed file '&lt;a href="file:///Users/runner/work/rfswarm/rfswarm/Tests/Regression/Manager/Logs/macos-latest_3.7/stderr_manager.txt"&gt;/Users/runner/work/rfswarm/rfswarm/Tests/Regression/Manager/Logs/macos-latest_3.7/stderr_manager.txt&lt;/a&gt;'.</msg>
<msg timestamp="20240214 16:53:27.740" level="INFO" html="true">Removed file '&lt;a href="file:///Users/runner/work/rfswarm/rfswarm/Tests/Regression/Manager/Logs/macos-latest_3.7/stderr.txt"&gt;/Users/runner/work/rfswarm/rfswarm/Tests/Regression/Manager/Logs/macos-latest_3.7/stderr.txt&lt;/a&gt;'.</msg>
<status status="PASS" starttime="20240214 16:53:27.738" endtime="20240214 16:53:27.740"/>
</kw>
<kw name="Remove File" library="OperatingSystem">
<arg>${OUTPUT DIR}${/}*.png</arg>
<doc>Removes a file with the given path.</doc>
<msg timestamp="20240214 16:53:27.741" level="INFO" html="true">Removed file '&lt;a href="file:///Users/runner/work/rfswarm/rfswarm/Tests/Regression/Manager/Logs/macos-latest_3.7/Manager.GUIBasic-screenshot-1.png"&gt;/Users/runner/work/rfswarm/rfswarm/Tests/Regression/Manager/Logs/macos-latest_3.7/Manager.GUIBasic-screenshot-1.png&lt;/a&gt;'.</msg>
<msg timestamp="20240214 16:53:27.741" level="INFO" html="true">Removed file '&lt;a href="file:///Users/runner/work/rfswarm/rfswarm/Tests/Regression/Manager/Logs/macos-latest_3.7/Manager.GUIBasic-screenshot-2.png"&gt;/Users/runner/work/rfswarm/rfswarm/Tests/Regression/Manager/Logs/macos-latest_3.7/Manager.GUIBasic-screenshot-2.png&lt;/a&gt;'.</msg>
<msg timestamp="20240214 16:53:27.742" level="INFO" html="true">Removed file '&lt;a href="file:///Users/runner/work/rfswarm/rfswarm/Tests/Regression/Manager/Logs/macos-latest_3.7/Manager.GUIBasic-screenshot-3.png"&gt;/Users/runner/work/rfswarm/rfswarm/Tests/Regression/Manager/Logs/macos-latest_3.7/Manager.GUIBasic-screenshot-3.png&lt;/a&gt;'.</msg>
<msg timestamp="20240214 16:53:27.742" level="INFO" html="true">Removed file '&lt;a href="file:///Users/runner/work/rfswarm/rfswarm/Tests/Regression/Manager/Logs/macos-latest_3.7/Manager.GUIBasic-screenshot-6.png"&gt;/Users/runner/work/rfswarm/rfswarm/Tests/Regression/Manager/Logs/macos-latest_3.7/Manager.GUIBasic-screenshot-6.png&lt;/a&gt;'.</msg>
<msg timestamp="20240214 16:53:27.742" level="INFO" html="true">Removed file '&lt;a href="file:///Users/runner/work/rfswarm/rfswarm/Tests/Regression/Manager/Logs/macos-latest_3.7/Manager.GUIBasic-screenshot-4.png"&gt;/Users/runner/work/rfswarm/rfswarm/Tests/Regression/Manager/Logs/macos-latest_3.7/Manager.GUIBasic-screenshot-4.png&lt;/a&gt;'.</msg>
<msg timestamp="20240214 16:53:27.742" level="INFO" html="true">Removed file '&lt;a href="file:///Users/runner/work/rfswarm/rfswarm/Tests/Regression/Manager/Logs/macos-latest_3.7/Manager.GUIBasic-screenshot-5.png"&gt;/Users/runner/work/rfswarm/rfswarm/Tests/Regression/Manager/Logs/macos-latest_3.7/Manager.GUIBasic-screenshot-5.png&lt;/a&gt;'.</msg>
<msg timestamp="20240214 16:53:27.743" level="INFO" html="true">Removed file '&lt;a href="file:///Users/runner/work/rfswarm/rfswarm/Tests/Regression/Manager/Logs/macos-latest_3.7/Manager.GUIBugs-screenshot-1.png"&gt;/Users/runner/work/rfswarm/rfswarm/Tests/Regression/Manager/Logs/macos-latest_3.7/Manager.GUIBugs-screenshot-1.png&lt;/a&gt;'.</msg>
<msg timestamp="20240214 16:53:27.743" level="INFO" html="true">Removed file '&lt;a href="file:///Users/runner/work/rfswarm/rfswarm/Tests/Regression/Manager/Logs/macos-latest_3.7/Manager.GUIBugs-screenshot-2.png"&gt;/Users/runner/work/rfswarm/rfswarm/Tests/Regression/Manager/Logs/macos-latest_3.7/Manager.GUIBugs-screenshot-2.png&lt;/a&gt;'.</msg>
<status status="PASS" starttime="20240214 16:53:27.740" endtime="20240214 16:53:27.743"/>
</kw>
<status status="PASS" starttime="20240214 16:53:27.736" endtime="20240214 16:53:27.743"/>
</kw>
<test id="s1-s1-t1" name="Random Offset" line="7">
<kw name="Evaluate" library="BuiltIn">
<var>${random}</var>
<arg>random.randint(0, 60)</arg>
<doc>Evaluates the given expression in Python and returns the result.</doc>
<msg timestamp="20240214 16:53:27.745" level="INFO">${random} = 30</msg>
<status status="PASS" starttime="20240214 16:53:27.744" endtime="20240214 16:53:27.745"/>
</kw>
<kw name="Sleep" library="BuiltIn">
<arg>${random}</arg>
<doc>Pauses the test executed for the given time.</doc>
<msg timestamp="20240214 16:53:57.748" level="INFO">Slept 30 seconds</msg>
<status status="PASS" starttime="20240214 16:53:27.745" endtime="20240214 16:53:57.748"/>
</kw>
<doc>This just prevents all the test runners doing git push at the same time</doc>
<tag>macos-latest</tag>
<tag>ubuntu-latest</tag>
<tag>windows-latest</tag>
<status status="PASS" starttime="20240214 16:53:27.743" endtime="20240214 16:53:57.748"/>
</test>
<test id="s1-s1-t2" name="Manager Version" line="13">
<kw name="Run" library="OperatingSystem">
<var>${result}</var>
<arg>python3 ${EXECDIR}${/}rfswarm_manager${/}rfswarm.py -v</arg>
<doc>Runs the given command in the system and returns the output.</doc>
<msg timestamp="20240214 16:53:57.754" level="INFO">Running command 'python3 /Users/runner/work/rfswarm/rfswarm/rfswarm_manager/rfswarm.py -v 2&gt;&amp;1'.</msg>
<msg timestamp="20240214 16:54:09.510" level="INFO">${result} = Robot Framework Swarm: Manager 
	Version 1.2.1 </msg>
<status status="PASS" starttime="20240214 16:53:57.749" endtime="20240214 16:54:09.510"/>
</kw>
<kw name="Log To Console" library="BuiltIn">
<arg>${\n}${result}</arg>
<doc>Logs the given message to the console.</doc>
<status status="PASS" starttime="20240214 16:54:09.511" endtime="20240214 16:54:09.511"/>
</kw>
<kw name="Should Contain" library="BuiltIn">
<arg>${result}</arg>
<arg>Version</arg>
<doc>Fails if ``container`` does not contain ``item`` one or more times.</doc>
<status status="PASS" starttime="20240214 16:54:09.512" endtime="20240214 16:54:09.512"/>
</kw>
<kw name="Should Contain" library="BuiltIn">
<arg>${result}</arg>
<arg>Manager</arg>
<doc>Fails if ``container`` does not contain ``item`` one or more times.</doc>
<status status="PASS" starttime="20240214 16:54:09.512" endtime="20240214 16:54:09.512"/>
</kw>
<tag>macos-latest</tag>
<tag>ubuntu-latest</tag>
<tag>windows-latest</tag>
<status status="PASS" starttime="20240214 16:53:57.749" endtime="20240214 16:54:09.513"/>
</test>
<test id="s1-s1-t3" name="Manager Help" line="20">
<kw name="Run" library="OperatingSystem">
<var>${result}</var>
<arg>python3 ${EXECDIR}${/}rfswarm_manager${/}rfswarm.py -h</arg>
<doc>Runs the given command in the system and returns the output.</doc>
<msg timestamp="20240214 16:54:09.519" level="INFO">Running command 'python3 /Users/runner/work/rfswarm/rfswarm/rfswarm_manager/rfswarm.py -h 2&gt;&amp;1'.</msg>
<msg timestamp="20240214 16:54:10.848" level="INFO">${result} = Robot Framework Swarm: Manager 
	Version 1.2.1 
usage: rfswarm.py [-h] [-g DEBUG] [-v] [-i INI] [-s SCENARIO] [-r] [-a AGENTS]
                  [-n] [-t STARTTIME] [-d DIR] [-e IPADDRESS] [-p PORT]

...</msg>
<status status="PASS" starttime="20240214 16:54:09.514" endtime="20240214 16:54:10.848"/>
</kw>
<kw name="Log To Console" library="BuiltIn">
<arg>${\n}${result}</arg>
<doc>Logs the given message to the console.</doc>
<status status="PASS" starttime="20240214 16:54:10.848" endtime="20240214 16:54:10.849"/>
</kw>
<kw name="Should Contain" library="BuiltIn">
<arg>${result}</arg>
<arg>IPADDRESS</arg>
<doc>Fails if ``container`` does not contain ``item`` one or more times.</doc>
<status status="PASS" starttime="20240214 16:54:10.849" endtime="20240214 16:54:10.850"/>
</kw>
<tag>macos-latest</tag>
<tag>ubuntu-latest</tag>
<tag>windows-latest</tag>
<status status="PASS" starttime="20240214 16:54:09.513" endtime="20240214 16:54:10.850"/>
</test>
<status status="PASS" starttime="20240214 16:53:27.717" endtime="20240214 16:54:10.851"/>
</suite>
<suite id="s1-s2" name="GUI Basic" source="/Users/runner/work/rfswarm/rfswarm/Tests/Regression/Manager/GUI_Basic.robot">
<test id="s1-s2-t1" name="Open GUI" line="14">
<kw name="Set Suite Variable" library="BuiltIn">
<arg>${platform}</arg>
<arg>macos</arg>
<doc>Makes a variable available everywhere within the scope of the current suite.</doc>
<msg timestamp="20240214 16:54:21.030" level="INFO">${platform} = macos</msg>
<status status="PASS" starttime="20240214 16:54:21.028" endtime="20240214 16:54:21.030"/>
</kw>
<kw name="Set Confidence" library="ImageHorizonLibrary">
<arg>0.9</arg>
<doc>Sets the accuracy when finding images.</doc>
<status status="PASS" starttime="20240214 16:54:21.030" endtime="20240214 16:54:21.329"/>
</kw>
<kw name="Start Process" library="Process">
<var>${process}</var>
<arg>python3</arg>
<arg>${pyfile}</arg>
<arg>alias=Manager</arg>
<arg>stdout=${OUTPUT DIR}${/}stdout.txt</arg>
<arg>stderr=${OUTPUT DIR}${/}stderr.txt</arg>
<doc>Starts a new process on background.</doc>
<msg timestamp="20240214 16:54:21.332" level="INFO">Starting process:
python3 /Users/runner/work/rfswarm/rfswarm/rfswarm_manager/rfswarm.py</msg>
<msg timestamp="20240214 16:54:21.339" level="INFO">${process} = &lt;subprocess.Popen object at 0x118638f10&gt;</msg>
<status status="PASS" starttime="20240214 16:54:21.330" endtime="20240214 16:54:21.339"/>
</kw>
<kw name="Set Test Variable" library="BuiltIn">
<arg>$process</arg>
<arg>${process}</arg>
<doc>Makes a variable available everywhere within the scope of the current test.</doc>
<msg timestamp="20240214 16:54:21.340" level="INFO">${process} = &lt;subprocess.Popen object at 0x118638f10&gt;</msg>
<status status="PASS" starttime="20240214 16:54:21.339" endtime="20240214 16:54:21.340"/>
</kw>
<kw name="Sleep" library="BuiltIn">
<arg>10</arg>
<doc>Pauses the test executed for the given time.</doc>
<msg timestamp="20240214 16:54:31.353" level="INFO">Slept 10 seconds</msg>
<status status="PASS" starttime="20240214 16:54:21.340" endtime="20240214 16:54:31.354"/>
</kw>
<kw name="Set Screenshot Folder" library="ImageHorizonLibrary">
<arg>${OUTPUT DIR}</arg>
<doc>Sets the folder where screenshots are saved to.</doc>
<status status="PASS" starttime="20240214 16:54:31.354" endtime="20240214 16:54:31.354"/>
</kw>
<kw name="Take A Screenshot" library="ImageHorizonLibrary">
<doc>Takes a screenshot of the screen.</doc>
<msg timestamp="20240214 16:54:31.356" level="INFO" html="true">Screenshot taken: /Users/runner/work/rfswarm/rfswarm/Tests/Regression/Manager/Logs/macos-latest_3.7/Manager.GUIBasic-screenshot-1.png&lt;br/&gt;&lt;img src="/Users/runner/work/rfswarm/rfswarm/Tests/Regression/Manager/Logs/macos-latest_3.7/Manager.GUIBasic-screenshot-1.png" width="100%" /&gt;</msg>
<status status="PASS" starttime="20240214 16:54:31.355" endtime="20240214 16:54:31.690"/>
</kw>
<tag>macos-latest</tag>
<status status="PASS" starttime="20240214 16:54:21.027" endtime="20240214 16:54:31.690"/>
</test>
<test id="s1-s2-t2" name="Select Run Tab" line="44">
<kw name="Click Tab">
<arg>Run</arg>
<kw name="Convert To Lower Case" library="String">
<var>${tabnamel}</var>
<arg>${tabname}</arg>
<doc>Converts string to lower case.</doc>
<msg timestamp="20240214 16:54:31.693" level="INFO">${tabnamel} = run</msg>
<status status="PASS" starttime="20240214 16:54:31.693" endtime="20240214 16:54:31.693"/>
</kw>
<kw name="Set Variable" library="BuiltIn">
<var>${img}</var>
<arg>manager_${platform}_tab_${tabnamel}.png</arg>
<doc>Returns the given values which can then be assigned to a variables.</doc>
<msg timestamp="20240214 16:54:31.694" level="INFO">${img} = manager_macos_tab_run.png</msg>
<status status="PASS" starttime="20240214 16:54:31.693" endtime="20240214 16:54:31.694"/>
</kw>
<kw name="Log" library="BuiltIn">
<arg>/Users/runner/work/rfswarm/rfswarm/Tests/Regression/Manager</arg>
<doc>Logs the given message with the given level.</doc>
<msg timestamp="20240214 16:54:31.694" level="INFO">/Users/runner/work/rfswarm/rfswarm/Tests/Regression/Manager</msg>
<status status="PASS" starttime="20240214 16:54:31.694" endtime="20240214 16:54:31.694"/>
</kw>
<kw name="Log" library="BuiltIn">
<arg>${IMAGE_DIR}</arg>
<doc>Logs the given message with the given level.</doc>
<msg timestamp="20240214 16:54:31.695" level="INFO">/Users/runner/work/rfswarm/rfswarm/Tests/Regression/Manager/Images/file_method</msg>
<status status="PASS" starttime="20240214 16:54:31.694" endtime="20240214 16:54:31.695"/>
</kw>
<kw name="Wait For" library="ImageHorizonLibrary">
<arg>${img}</arg>
<arg>timeout=300</arg>
<doc>Tries to locate given image from the screen for given time.</doc>
<kw name="Take A Screenshot" library="ImageHorizonLibrary">
<doc>Takes a screenshot of the screen.</doc>
<msg timestamp="20240214 16:59:31.759" level="INFO" html="true">Screenshot taken: /Users/runner/work/rfswarm/rfswarm/Tests/Regression/Manager/Logs/macos-latest_3.7/Manager.GUIBasic-screenshot-2.png&lt;br/&gt;&lt;img src="/Users/runner/work/rfswarm/rfswarm/Tests/Regression/Manager/Logs/macos-latest_3.7/Manager.GUIBasic-screenshot-2.png" width="100%" /&gt;</msg>
<status status="PASS" starttime="20240214 16:59:31.758" endtime="20240214 16:59:32.151"/>
</kw>
<msg timestamp="20240214 16:59:32.152" level="FAIL">ImageNotFoundException: Reference image "/Users/runner/work/rfswarm/rfswarm/Tests/Regression/Manager/Images/file_method/manager_macos_tab_run.png" was not found on screen</msg>
<status status="FAIL" starttime="20240214 16:54:31.695" endtime="20240214 16:59:32.153"/>
</kw>
<kw name="Locate" library="ImageHorizonLibrary">
<var>@{coordinates}</var>
<arg>${img}</arg>
<doc>Locate image on screen.</doc>
<status status="NOT RUN" starttime="20240214 16:59:32.153" endtime="20240214 16:59:32.153"/>
</kw>
<kw name="Click Image" library="ImageHorizonLibrary">
<arg>${img}</arg>
<doc>Finds the reference image on screen and clicks it once.</doc>
<status status="NOT RUN" starttime="20240214 16:59:32.153" endtime="20240214 16:59:32.153"/>
</kw>
<kw name="Sleep" library="BuiltIn">
<arg>0.1</arg>
<doc>Pauses the test executed for the given time.</doc>
<status status="NOT RUN" starttime="20240214 16:59:32.154" endtime="20240214 16:59:32.154"/>
</kw>
<kw name="Take A Screenshot" library="ImageHorizonLibrary">
<doc>Takes a screenshot of the screen.</doc>
<status status="NOT RUN" starttime="20240214 16:59:32.154" endtime="20240214 16:59:32.154"/>
</kw>
<status status="FAIL" starttime="20240214 16:54:31.692" endtime="20240214 16:59:32.154"/>
</kw>
<kw name="Sleep" library="BuiltIn">
<arg>5</arg>
<doc>Pauses the test executed for the given time.</doc>
<status status="NOT RUN" starttime="20240214 16:59:32.155" endtime="20240214 16:59:32.155"/>
</kw>
<tag>macos-latest</tag>
<tag>ubuntu-latest</tag>
<tag>windows-latest</tag>
<status status="FAIL" starttime="20240214 16:54:31.691" endtime="20240214 16:59:32.155">ImageNotFoundException: Reference image "/Users/runner/work/rfswarm/rfswarm/Tests/Regression/Manager/Images/file_method/manager_macos_tab_run.png" was not found on screen</status>
</test>
<test id="s1-s2-t3" name="Select Agents Tab" line="49">
<kw name="Click Tab">
<arg>Agents</arg>
<kw name="Convert To Lower Case" library="String">
<var>${tabnamel}</var>
<arg>${tabname}</arg>
<doc>Converts string to lower case.</doc>
<msg timestamp="20240214 16:59:32.158" level="INFO">${tabnamel} = agents</msg>
<status status="PASS" starttime="20240214 16:59:32.157" endtime="20240214 16:59:32.158"/>
</kw>
<kw name="Set Variable" library="BuiltIn">
<var>${img}</var>
<arg>manager_${platform}_tab_${tabnamel}.png</arg>
<doc>Returns the given values which can then be assigned to a variables.</doc>
<msg timestamp="20240214 16:59:32.158" level="INFO">${img} = manager_macos_tab_agents.png</msg>
<status status="PASS" starttime="20240214 16:59:32.158" endtime="20240214 16:59:32.158"/>
</kw>
<kw name="Log" library="BuiltIn">
<arg>/Users/runner/work/rfswarm/rfswarm/Tests/Regression/Manager</arg>
<doc>Logs the given message with the given level.</doc>
<msg timestamp="20240214 16:59:32.159" level="INFO">/Users/runner/work/rfswarm/rfswarm/Tests/Regression/Manager</msg>
<status status="PASS" starttime="20240214 16:59:32.158" endtime="20240214 16:59:32.159"/>
</kw>
<kw name="Log" library="BuiltIn">
<arg>${IMAGE_DIR}</arg>
<doc>Logs the given message with the given level.</doc>
<msg timestamp="20240214 16:59:32.159" level="INFO">/Users/runner/work/rfswarm/rfswarm/Tests/Regression/Manager/Images/file_method</msg>
<status status="PASS" starttime="20240214 16:59:32.159" endtime="20240214 16:59:32.159"/>
</kw>
<kw name="Wait For" library="ImageHorizonLibrary">
<arg>${img}</arg>
<arg>timeout=300</arg>
<doc>Tries to locate given image from the screen for given time.</doc>
<kw name="Take A Screenshot" library="ImageHorizonLibrary">
<doc>Takes a screenshot of the screen.</doc>
<msg timestamp="20240214 17:04:32.358" level="INFO" html="true">Screenshot taken: /Users/runner/work/rfswarm/rfswarm/Tests/Regression/Manager/Logs/macos-latest_3.7/Manager.GUIBasic-screenshot-3.png&lt;br/&gt;&lt;img src="/Users/runner/work/rfswarm/rfswarm/Tests/Regression/Manager/Logs/macos-latest_3.7/Manager.GUIBasic-screenshot-3.png" width="100%" /&gt;</msg>
<status status="PASS" starttime="20240214 17:04:32.356" endtime="20240214 17:04:32.660"/>
</kw>
<msg timestamp="20240214 17:04:32.661" level="FAIL">ImageNotFoundException: Reference image "/Users/runner/work/rfswarm/rfswarm/Tests/Regression/Manager/Images/file_method/manager_macos_tab_agents.png" was not found on screen</msg>
<status status="FAIL" starttime="20240214 16:59:32.160" endtime="20240214 17:04:32.662"/>
</kw>
<kw name="Locate" library="ImageHorizonLibrary">
<var>@{coordinates}</var>
<arg>${img}</arg>
<doc>Locate image on screen.</doc>
<status status="NOT RUN" starttime="20240214 17:04:32.662" endtime="20240214 17:04:32.662"/>
</kw>
<kw name="Click Image" library="ImageHorizonLibrary">
<arg>${img}</arg>
<doc>Finds the reference image on screen and clicks it once.</doc>
<status status="NOT RUN" starttime="20240214 17:04:32.662" endtime="20240214 17:04:32.662"/>
</kw>
<kw name="Sleep" library="BuiltIn">
<arg>0.1</arg>
<doc>Pauses the test executed for the given time.</doc>
<status status="NOT RUN" starttime="20240214 17:04:32.663" endtime="20240214 17:04:32.663"/>
</kw>
<kw name="Take A Screenshot" library="ImageHorizonLibrary">
<doc>Takes a screenshot of the screen.</doc>
<status status="NOT RUN" starttime="20240214 17:04:32.663" endtime="20240214 17:04:32.663"/>
</kw>
<status status="FAIL" starttime="20240214 16:59:32.157" endtime="20240214 17:04:32.663"/>
</kw>
<kw name="Sleep" library="BuiltIn">
<arg>5</arg>
<doc>Pauses the test executed for the given time.</doc>
<status status="NOT RUN" starttime="20240214 17:04:32.663" endtime="20240214 17:04:32.663"/>
</kw>
<tag>macos-latest</tag>
<tag>ubuntu-latest</tag>
<tag>windows-latest</tag>
<status status="FAIL" starttime="20240214 16:59:32.156" endtime="20240214 17:04:32.664">ImageNotFoundException: Reference image "/Users/runner/work/rfswarm/rfswarm/Tests/Regression/Manager/Images/file_method/manager_macos_tab_agents.png" was not found on screen</status>
</test>
<test id="s1-s2-t4" name="Select About Tab" line="54">
<kw name="Click Tab">
<arg>About</arg>
<kw name="Convert To Lower Case" library="String">
<var>${tabnamel}</var>
<arg>${tabname}</arg>
<doc>Converts string to lower case.</doc>
<msg timestamp="20240214 17:04:32.666" level="INFO">${tabnamel} = about</msg>
<status status="PASS" starttime="20240214 17:04:32.666" endtime="20240214 17:04:32.666"/>
</kw>
<kw name="Set Variable" library="BuiltIn">
<var>${img}</var>
<arg>manager_${platform}_tab_${tabnamel}.png</arg>
<doc>Returns the given values which can then be assigned to a variables.</doc>
<msg timestamp="20240214 17:04:32.667" level="INFO">${img} = manager_macos_tab_about.png</msg>
<status status="PASS" starttime="20240214 17:04:32.666" endtime="20240214 17:04:32.667"/>
</kw>
<kw name="Log" library="BuiltIn">
<arg>/Users/runner/work/rfswarm/rfswarm/Tests/Regression/Manager</arg>
<doc>Logs the given message with the given level.</doc>
<msg timestamp="20240214 17:04:32.667" level="INFO">/Users/runner/work/rfswarm/rfswarm/Tests/Regression/Manager</msg>
<status status="PASS" starttime="20240214 17:04:32.667" endtime="20240214 17:04:32.667"/>
</kw>
<kw name="Log" library="BuiltIn">
<arg>${IMAGE_DIR}</arg>
<doc>Logs the given message with the given level.</doc>
<msg timestamp="20240214 17:04:32.668" level="INFO">/Users/runner/work/rfswarm/rfswarm/Tests/Regression/Manager/Images/file_method</msg>
<status status="PASS" starttime="20240214 17:04:32.667" endtime="20240214 17:04:32.668"/>
</kw>
<kw name="Wait For" library="ImageHorizonLibrary">
<arg>${img}</arg>
<arg>timeout=300</arg>
<doc>Tries to locate given image from the screen for given time.</doc>
<kw name="Take A Screenshot" library="ImageHorizonLibrary">
<doc>Takes a screenshot of the screen.</doc>
<msg timestamp="20240214 17:09:32.735" level="INFO" html="true">Screenshot taken: /Users/runner/work/rfswarm/rfswarm/Tests/Regression/Manager/Logs/macos-latest_3.7/Manager.GUIBasic-screenshot-4.png&lt;br/&gt;&lt;img src="/Users/runner/work/rfswarm/rfswarm/Tests/Regression/Manager/Logs/macos-latest_3.7/Manager.GUIBasic-screenshot-4.png" width="100%" /&gt;</msg>
<status status="PASS" starttime="20240214 17:09:32.733" endtime="20240214 17:09:33.035"/>
</kw>
<msg timestamp="20240214 17:09:33.035" level="FAIL">ImageNotFoundException: Reference image "/Users/runner/work/rfswarm/rfswarm/Tests/Regression/Manager/Images/file_method/manager_macos_tab_about.png" was not found on screen</msg>
<status status="FAIL" starttime="20240214 17:04:32.668" endtime="20240214 17:09:33.036"/>
</kw>
<kw name="Locate" library="ImageHorizonLibrary">
<var>@{coordinates}</var>
<arg>${img}</arg>
<doc>Locate image on screen.</doc>
<status status="NOT RUN" starttime="20240214 17:09:33.036" endtime="20240214 17:09:33.036"/>
</kw>
<kw name="Click Image" library="ImageHorizonLibrary">
<arg>${img}</arg>
<doc>Finds the reference image on screen and clicks it once.</doc>
<status status="NOT RUN" starttime="20240214 17:09:33.036" endtime="20240214 17:09:33.037"/>
</kw>
<kw name="Sleep" library="BuiltIn">
<arg>0.1</arg>
<doc>Pauses the test executed for the given time.</doc>
<status status="NOT RUN" starttime="20240214 17:09:33.037" endtime="20240214 17:09:33.037"/>
</kw>
<kw name="Take A Screenshot" library="ImageHorizonLibrary">
<doc>Takes a screenshot of the screen.</doc>
<status status="NOT RUN" starttime="20240214 17:09:33.037" endtime="20240214 17:09:33.037"/>
</kw>
<status status="FAIL" starttime="20240214 17:04:32.665" endtime="20240214 17:09:33.037"/>
</kw>
<kw name="Sleep" library="BuiltIn">
<arg>5</arg>
<doc>Pauses the test executed for the given time.</doc>
<status status="NOT RUN" starttime="20240214 17:09:33.038" endtime="20240214 17:09:33.038"/>
</kw>
<tag>macos-latest</tag>
<tag>ubuntu-latest</tag>
<tag>windows-latest</tag>
<status status="FAIL" starttime="20240214 17:04:32.664" endtime="20240214 17:09:33.038">ImageNotFoundException: Reference image "/Users/runner/work/rfswarm/rfswarm/Tests/Regression/Manager/Images/file_method/manager_macos_tab_about.png" was not found on screen</status>
</test>
<test id="s1-s2-t5" name="Select Plan Tab" line="59">
<kw name="Click Tab">
<arg>Plan</arg>
<kw name="Convert To Lower Case" library="String">
<var>${tabnamel}</var>
<arg>${tabname}</arg>
<doc>Converts string to lower case.</doc>
<msg timestamp="20240214 17:09:33.040" level="INFO">${tabnamel} = plan</msg>
<status status="PASS" starttime="20240214 17:09:33.040" endtime="20240214 17:09:33.040"/>
</kw>
<kw name="Set Variable" library="BuiltIn">
<var>${img}</var>
<arg>manager_${platform}_tab_${tabnamel}.png</arg>
<doc>Returns the given values which can then be assigned to a variables.</doc>
<msg timestamp="20240214 17:09:33.041" level="INFO">${img} = manager_macos_tab_plan.png</msg>
<status status="PASS" starttime="20240214 17:09:33.041" endtime="20240214 17:09:33.041"/>
</kw>
<kw name="Log" library="BuiltIn">
<arg>/Users/runner/work/rfswarm/rfswarm/Tests/Regression/Manager</arg>
<doc>Logs the given message with the given level.</doc>
<msg timestamp="20240214 17:09:33.041" level="INFO">/Users/runner/work/rfswarm/rfswarm/Tests/Regression/Manager</msg>
<status status="PASS" starttime="20240214 17:09:33.041" endtime="20240214 17:09:33.041"/>
</kw>
<kw name="Log" library="BuiltIn">
<arg>${IMAGE_DIR}</arg>
<doc>Logs the given message with the given level.</doc>
<msg timestamp="20240214 17:09:33.042" level="INFO">/Users/runner/work/rfswarm/rfswarm/Tests/Regression/Manager/Images/file_method</msg>
<status status="PASS" starttime="20240214 17:09:33.042" endtime="20240214 17:09:33.042"/>
</kw>
<kw name="Wait For" library="ImageHorizonLibrary">
<arg>${img}</arg>
<arg>timeout=300</arg>
<doc>Tries to locate given image from the screen for given time.</doc>
<kw name="Take A Screenshot" library="ImageHorizonLibrary">
<doc>Takes a screenshot of the screen.</doc>
<msg timestamp="20240214 17:14:33.251" level="INFO" html="true">Screenshot taken: /Users/runner/work/rfswarm/rfswarm/Tests/Regression/Manager/Logs/macos-latest_3.7/Manager.GUIBasic-screenshot-5.png&lt;br/&gt;&lt;img src="/Users/runner/work/rfswarm/rfswarm/Tests/Regression/Manager/Logs/macos-latest_3.7/Manager.GUIBasic-screenshot-5.png" width="100%" /&gt;</msg>
<status status="PASS" starttime="20240214 17:14:33.249" endtime="20240214 17:14:33.569"/>
</kw>
<msg timestamp="20240214 17:14:33.571" level="FAIL">ImageNotFoundException: Reference image "/Users/runner/work/rfswarm/rfswarm/Tests/Regression/Manager/Images/file_method/manager_macos_tab_plan.png" was not found on screen</msg>
<status status="FAIL" starttime="20240214 17:09:33.042" endtime="20240214 17:14:33.571"/>
</kw>
<kw name="Locate" library="ImageHorizonLibrary">
<var>@{coordinates}</var>
<arg>${img}</arg>
<doc>Locate image on screen.</doc>
<status status="NOT RUN" starttime="20240214 17:14:33.571" endtime="20240214 17:14:33.572"/>
</kw>
<kw name="Click Image" library="ImageHorizonLibrary">
<arg>${img}</arg>
<doc>Finds the reference image on screen and clicks it once.</doc>
<status status="NOT RUN" starttime="20240214 17:14:33.572" endtime="20240214 17:14:33.572"/>
</kw>
<kw name="Sleep" library="BuiltIn">
<arg>0.1</arg>
<doc>Pauses the test executed for the given time.</doc>
<status status="NOT RUN" starttime="20240214 17:14:33.572" endtime="20240214 17:14:33.572"/>
</kw>
<kw name="Take A Screenshot" library="ImageHorizonLibrary">
<doc>Takes a screenshot of the screen.</doc>
<status status="NOT RUN" starttime="20240214 17:14:33.572" endtime="20240214 17:14:33.572"/>
</kw>
<status status="FAIL" starttime="20240214 17:09:33.039" endtime="20240214 17:14:33.573"/>
</kw>
<kw name="Sleep" library="BuiltIn">
<arg>5</arg>
<doc>Pauses the test executed for the given time.</doc>
<status status="NOT RUN" starttime="20240214 17:14:33.573" endtime="20240214 17:14:33.573"/>
</kw>
<tag>macos-latest</tag>
<tag>ubuntu-latest</tag>
<tag>windows-latest</tag>
<status status="FAIL" starttime="20240214 17:09:33.039" endtime="20240214 17:14:33.573">ImageNotFoundException: Reference image "/Users/runner/work/rfswarm/rfswarm/Tests/Regression/Manager/Images/file_method/manager_macos_tab_plan.png" was not found on screen</status>
</test>
<test id="s1-s2-t6" name="Close GUI" line="78">
<kw name="Click Image" library="ImageHorizonLibrary">
<arg>manager_${platform}_button_closewindow.png</arg>
<doc>Finds the reference image on screen and clicks it once.</doc>
<msg timestamp="20240214 17:14:34.036" level="INFO">Image "/Users/runner/work/rfswarm/rfswarm/Tests/Regression/Manager/Images/file_method/manager_macos_button_closewindow.png" was not found on screen.</msg>
<kw name="Take A Screenshot" library="ImageHorizonLibrary">
<doc>Takes a screenshot of the screen.</doc>
<msg timestamp="20240214 17:14:34.039" level="INFO" html="true">Screenshot taken: /Users/runner/work/rfswarm/rfswarm/Tests/Regression/Manager/Logs/macos-latest_3.7/Manager.GUIBasic-screenshot-6.png&lt;br/&gt;&lt;img src="/Users/runner/work/rfswarm/rfswarm/Tests/Regression/Manager/Logs/macos-latest_3.7/Manager.GUIBasic-screenshot-6.png" width="100%" /&gt;</msg>
<status status="PASS" starttime="20240214 17:14:34.038" endtime="20240214 17:14:34.394"/>
</kw>
<msg timestamp="20240214 17:14:34.395" level="FAIL">ImageNotFoundException: Reference image "/Users/runner/work/rfswarm/rfswarm/Tests/Regression/Manager/Images/file_method/manager_macos_button_closewindow.png" was not found on screen</msg>
<status status="FAIL" starttime="20240214 17:14:33.575" endtime="20240214 17:14:34.396"/>
</kw>
<kw name="Take A Screenshot" library="ImageHorizonLibrary">
<doc>Takes a screenshot of the screen.</doc>
<status status="NOT RUN" starttime="20240214 17:14:34.396" endtime="20240214 17:14:34.396"/>
</kw>
<kw name="Wait For Process" library="Process">
<var>${result}</var>
<arg>${process}</arg>
<arg>timeout=60</arg>
<doc>Waits for the process to complete or to reach the given timeout.</doc>
<status status="NOT RUN" starttime="20240214 17:14:34.397" endtime="20240214 17:14:34.397"/>
</kw>
<kw name="Is Process Running" library="Process">
<var>${running}</var>
<arg>${process}</arg>
<doc>Checks is the process running or not.</doc>
<status status="NOT RUN" starttime="20240214 17:14:34.397" endtime="20240214 17:14:34.397"/>
</kw>
<if>
<branch type="IF" condition="not ${running}">
<kw name="Should Be Equal As Integers" library="BuiltIn">
<arg>${result.rc}</arg>
<arg>0</arg>
<doc>Fails if objects are unequal after converting them to integers.</doc>
<status status="NOT RUN" starttime="20240214 17:14:34.402" endtime="20240214 17:14:34.402"/>
</kw>
<status status="NOT RUN" starttime="20240214 17:14:34.401" endtime="20240214 17:14:34.402"/>
</branch>
<branch type="ELSE">
<kw name="Take A Screenshot" library="ImageHorizonLibrary">
<doc>Takes a screenshot of the screen.</doc>
<status status="NOT RUN" starttime="20240214 17:14:34.402" endtime="20240214 17:14:34.403"/>
</kw>
<kw name="Terminate Process" library="Process">
<var>${result}</var>
<arg>${process}</arg>
<doc>Stops the process gracefully or forcefully.</doc>
<status status="NOT RUN" starttime="20240214 17:14:34.403" endtime="20240214 17:14:34.403"/>
</kw>
<kw name="Fail" library="BuiltIn">
<doc>Fails the test with the given message and optionally alters its tags.</doc>
<status status="NOT RUN" starttime="20240214 17:14:34.403" endtime="20240214 17:14:34.403"/>
</kw>
<status status="NOT RUN" starttime="20240214 17:14:34.402" endtime="20240214 17:14:34.403"/>
</branch>
<status status="NOT RUN" starttime="20240214 17:14:34.401" endtime="20240214 17:14:34.403"/>
</if>
<tag>macos-latest</tag>
<status status="FAIL" starttime="20240214 17:14:33.574" endtime="20240214 17:14:34.404">ImageNotFoundException: Reference image "/Users/runner/work/rfswarm/rfswarm/Tests/Regression/Manager/Images/file_method/manager_macos_button_closewindow.png" was not found on screen</status>
</test>
<status status="FAIL" starttime="20240214 16:54:10.852" endtime="20240214 17:14:34.408"/>
</suite>
<suite id="s1-s3" name="GUI Bugs" source="/Users/runner/work/rfswarm/rfswarm/Tests/Regression/Manager/GUI_Bugs.robot">
<kw name="Set Platform" library="GUI_Common" type="SETUP">
<kw name="Log" library="BuiltIn">
<arg>${OPTIONS}</arg>
<doc>Logs the given message with the given level.</doc>
<msg timestamp="20240214 17:14:34.466" level="INFO">{'include': ['macos-latest'], 'exclude': [], 'skip': [], 'skip_on_failure': []}</msg>
<status status="PASS" starttime="20240214 17:14:34.465" endtime="20240214 17:14:34.466"/>
</kw>
<kw name="Log" library="BuiltIn">
<arg>${OPTIONS}[include]</arg>
<doc>Logs the given message with the given level.</doc>
<msg timestamp="20240214 17:14:34.467" level="INFO">[macos-latest]</msg>
<status status="PASS" starttime="20240214 17:14:34.466" endtime="20240214 17:14:34.467"/>
</kw>
<kw name="Log" library="BuiltIn">
<arg>${OPTIONS}[include][0]</arg>
<doc>Logs the given message with the given level.</doc>
<msg timestamp="20240214 17:14:34.470" level="INFO">macos-latest</msg>
<status status="PASS" starttime="20240214 17:14:34.468" endtime="20240214 17:14:34.470"/>
</kw>
<kw name="Set Variable" library="BuiltIn">
<var>${ostag}</var>
<arg>${OPTIONS}[include][0]</arg>
<doc>Returns the given values which can then be assigned to a variables.</doc>
<msg timestamp="20240214 17:14:34.471" level="INFO">${ostag} = macos-latest</msg>
<status status="PASS" starttime="20240214 17:14:34.470" endtime="20240214 17:14:34.471"/>
</kw>
<if>
<branch type="IF" condition="&quot;${ostag}&quot; == &quot;macos-latest&quot;">
<kw name="Set Suite Variable" library="BuiltIn">
<arg>${platform}</arg>
<arg>macos</arg>
<doc>Makes a variable available everywhere within the scope of the current suite.</doc>
<msg timestamp="20240214 17:14:34.475" level="INFO">${platform} = macos</msg>
<status status="PASS" starttime="20240214 17:14:34.472" endtime="20240214 17:14:34.475"/>
</kw>
<status status="PASS" starttime="20240214 17:14:34.471" endtime="20240214 17:14:34.475"/>
</branch>
<status status="PASS" starttime="20240214 17:14:34.471" endtime="20240214 17:14:34.476"/>
</if>
<if>
<branch type="IF" condition="&quot;${ostag}&quot; == &quot;windows-latest&quot;">
<kw name="Set Suite Variable" library="BuiltIn">
<arg>${platform}</arg>
<arg>windows</arg>
<doc>Makes a variable available everywhere within the scope of the current suite.</doc>
<status status="NOT RUN" starttime="20240214 17:14:34.476" endtime="20240214 17:14:34.476"/>
</kw>
<status status="NOT RUN" starttime="20240214 17:14:34.476" endtime="20240214 17:14:34.476"/>
</branch>
<status status="PASS" starttime="20240214 17:14:34.476" endtime="20240214 17:14:34.476"/>
</if>
<if>
<branch type="IF" condition="&quot;${ostag}&quot; == &quot;ubuntu-latest&quot;">
<kw name="Set Suite Variable" library="BuiltIn">
<arg>${platform}</arg>
<arg>ubuntu</arg>
<doc>Makes a variable available everywhere within the scope of the current suite.</doc>
<status status="NOT RUN" starttime="20240214 17:14:34.477" endtime="20240214 17:14:34.477"/>
</kw>
<status status="NOT RUN" starttime="20240214 17:14:34.477" endtime="20240214 17:14:34.477"/>
</branch>
<status status="PASS" starttime="20240214 17:14:34.477" endtime="20240214 17:14:34.477"/>
</if>
<status status="PASS" starttime="20240214 17:14:34.464" endtime="20240214 17:14:34.477"/>
</kw>
<test id="s1-s3-t1" name="Issue #171" line="7">
<kw name="Open Agent" library="GUI_Common">
<kw name="Start Process" library="Process">
<var>${process}</var>
<arg>python3</arg>
<arg>${pyfile_agent}</arg>
<arg>alias=Agent</arg>
<arg>stdout=${OUTPUT DIR}${/}stdout_agent.txt</arg>
<arg>stderr=${OUTPUT DIR}${/}stderr_agent.txt</arg>
<doc>Starts a new process on background.</doc>
<msg timestamp="20240214 17:14:34.480" level="INFO">Starting process:
python3 /Users/runner/work/rfswarm/rfswarm/rfswarm_agent/rfswarm_agent.py</msg>
<msg timestamp="20240214 17:14:34.494" level="INFO">${process} = &lt;subprocess.Popen object at 0x119742650&gt;</msg>
<status status="PASS" starttime="20240214 17:14:34.478" endtime="20240214 17:14:34.495"/>
</kw>
<kw name="Set Test Variable" library="BuiltIn">
<arg>$process_agent</arg>
<arg>${process}</arg>
<doc>Makes a variable available everywhere within the scope of the current test.</doc>
<msg timestamp="20240214 17:14:34.497" level="INFO">${process_agent} = &lt;subprocess.Popen object at 0x119742650&gt;</msg>
<status status="PASS" starttime="20240214 17:14:34.496" endtime="20240214 17:14:34.498"/>
</kw>
<status status="PASS" starttime="20240214 17:14:34.478" endtime="20240214 17:14:34.498"/>
</kw>
<kw name="Open Manager GUI" library="GUI_Common">
<kw name="Set Confidence" library="ImageHorizonLibrary">
<arg>0.9</arg>
<doc>Sets the accuracy when finding images.</doc>
<status status="PASS" starttime="20240214 17:14:34.499" endtime="20240214 17:14:35.063"/>
</kw>
<kw name="Start Process" library="Process">
<var>${process}</var>
<arg>python3</arg>
<arg>${pyfile_manager}</arg>
<arg>alias=Manager</arg>
<arg>stdout=${OUTPUT DIR}${/}stdout_manager.txt</arg>
<arg>stderr=${OUTPUT DIR}${/}stderr_manager.txt</arg>
<doc>Starts a new process on background.</doc>
<msg timestamp="20240214 17:14:35.066" level="INFO">Starting process:
python3 /Users/runner/work/rfswarm/rfswarm/rfswarm_manager/rfswarm.py</msg>
<msg timestamp="20240214 17:14:35.075" level="INFO">${process} = &lt;subprocess.Popen object at 0x1197490d0&gt;</msg>
<status status="PASS" starttime="20240214 17:14:35.064" endtime="20240214 17:14:35.076"/>
</kw>
<kw name="Set Test Variable" library="BuiltIn">
<arg>$process_manager</arg>
<arg>${process}</arg>
<doc>Makes a variable available everywhere within the scope of the current test.</doc>
<msg timestamp="20240214 17:14:35.078" level="INFO">${process_manager} = &lt;subprocess.Popen object at 0x1197490d0&gt;</msg>
<status status="PASS" starttime="20240214 17:14:35.077" endtime="20240214 17:14:35.078"/>
</kw>
<kw name="Sleep" library="BuiltIn">
<arg>10</arg>
<doc>Pauses the test executed for the given time.</doc>
<msg timestamp="20240214 17:14:45.098" level="INFO">Slept 10 seconds</msg>
<status status="PASS" starttime="20240214 17:14:35.079" endtime="20240214 17:14:45.098"/>
</kw>
<kw name="Set Screenshot Folder" library="ImageHorizonLibrary">
<arg>${OUTPUT DIR}</arg>
<doc>Sets the folder where screenshots are saved to.</doc>
<status status="PASS" starttime="20240214 17:14:45.098" endtime="20240214 17:14:45.099"/>
</kw>
<kw name="Take A Screenshot" library="ImageHorizonLibrary">
<doc>Takes a screenshot of the screen.</doc>
<msg timestamp="20240214 17:14:45.099" level="INFO" html="true">Screenshot taken: /Users/runner/work/rfswarm/rfswarm/Tests/Regression/Manager/Logs/macos-latest_3.7/Manager.GUIBugs-screenshot-1.png&lt;br/&gt;&lt;img src="/Users/runner/work/rfswarm/rfswarm/Tests/Regression/Manager/Logs/macos-latest_3.7/Manager.GUIBugs-screenshot-1.png" width="100%" /&gt;</msg>
<status status="PASS" starttime="20240214 17:14:45.099" endtime="20240214 17:14:45.414"/>
</kw>
<status status="PASS" starttime="20240214 17:14:34.498" endtime="20240214 17:14:45.415"/>
</kw>
<kw name="Resize Window" library="GUI_Common">
<arg>100</arg>
<arg>10</arg>
<kw name="Set Variable" library="BuiltIn">
<var>${img}</var>
<arg>manager_${platform}_corner_resize.png</arg>
<doc>Returns the given values which can then be assigned to a variables.</doc>
<msg timestamp="20240214 17:14:45.417" level="INFO">${img} = manager_macos_corner_resize.png</msg>
<status status="PASS" starttime="20240214 17:14:45.417" endtime="20240214 17:14:45.417"/>
</kw>
<kw name="Wait For" library="ImageHorizonLibrary">
<arg>${img}</arg>
<arg>timeout=300</arg>
<doc>Tries to locate given image from the screen for given time.</doc>
<kw name="Take A Screenshot" library="ImageHorizonLibrary">
<doc>Takes a screenshot of the screen.</doc>
<msg timestamp="20240214 17:19:45.464" level="INFO" html="true">Screenshot taken: /Users/runner/work/rfswarm/rfswarm/Tests/Regression/Manager/Logs/macos-latest_3.7/Manager.GUIBugs-screenshot-2.png&lt;br/&gt;&lt;img src="/Users/runner/work/rfswarm/rfswarm/Tests/Regression/Manager/Logs/macos-latest_3.7/Manager.GUIBugs-screenshot-2.png" width="100%" /&gt;</msg>
<status status="PASS" starttime="20240214 17:19:45.463" endtime="20240214 17:19:45.783"/>
</kw>
<msg timestamp="20240214 17:19:45.783" level="FAIL">ImageNotFoundException: Reference image "/Users/runner/work/rfswarm/rfswarm/Tests/Regression/Manager/Images/file_method/manager_macos_corner_resize.png" was not found on screen</msg>
<status status="FAIL" starttime="20240214 17:14:45.418" endtime="20240214 17:19:45.784"/>
</kw>
<kw name="Locate" library="ImageHorizonLibrary">
<var>@{coordinates}</var>
<arg>${img}</arg>
<doc>Locate image on screen.</doc>
<status status="NOT RUN" starttime="20240214 17:19:45.784" endtime="20240214 17:19:45.784"/>
</kw>
<kw name="Create List" library="BuiltIn">
<var>@{coordinates2}</var>
<arg>${{${coordinates[0]}+${x}}}</arg>
<arg>${{${coordinates[1]}+${y}}}</arg>
<doc>Returns a list containing given items.</doc>
<status status="NOT RUN" starttime="20240214 17:19:45.784" endtime="20240214 17:19:45.785"/>
</kw>
<kw name="Move To" library="ImageHorizonLibrary">
<arg>@{coordinates}</arg>
<doc>Moves the mouse pointer to an absolute coordinates.</doc>
<status status="NOT RUN" starttime="20240214 17:19:45.785" endtime="20240214 17:19:45.785"/>
</kw>
<kw name="Mouse Down" library="ImageHorizonLibrary">
<doc>Presses specidied mouse button down</doc>
<status status="NOT RUN" starttime="20240214 17:19:45.785" endtime="20240214 17:19:45.785"/>
</kw>
<kw name="Move To" library="ImageHorizonLibrary">
<arg>@{coordinates2}</arg>
<doc>Moves the mouse pointer to an absolute coordinates.</doc>
<status status="NOT RUN" starttime="20240214 17:19:45.785" endtime="20240214 17:19:45.785"/>
</kw>
<kw name="Mouse Up" library="ImageHorizonLibrary">
<doc>Releases specified mouse button</doc>
<status status="NOT RUN" starttime="20240214 17:19:45.785" endtime="20240214 17:19:45.785"/>
</kw>
<status status="FAIL" starttime="20240214 17:14:45.415" endtime="20240214 17:19:45.786"/>
</kw>
<kw name="Take A Screenshot" library="ImageHorizonLibrary">
<doc>Takes a screenshot of the screen.</doc>
<status status="NOT RUN" starttime="20240214 17:19:45.786" endtime="20240214 17:19:45.786"/>
</kw>
<kw name="Wait Agent Ready" library="GUI_Common">
<status status="NOT RUN" starttime="20240214 17:19:45.786" endtime="20240214 17:19:45.786"/>
</kw>
<kw name="Click Tab" library="GUI_Common">
<arg>Plan</arg>
<status status="NOT RUN" starttime="20240214 17:19:45.786" endtime="20240214 17:19:45.786"/>
</kw>
<kw name="Click Button" library="GUI_Common">
<arg>runsettings</arg>
<status status="NOT RUN" starttime="20240214 17:19:45.786" endtime="20240214 17:19:45.786"/>
</kw>
<kw name="Take A Screenshot" library="ImageHorizonLibrary">
<doc>Takes a screenshot of the screen.</doc>
<status status="NOT RUN" starttime="20240214 17:19:45.787" endtime="20240214 17:19:45.787"/>
</kw>
<kw name="Run Keyword" library="BuiltIn">
<arg>Close Manager GUI ${platform}</arg>
<doc>Executes the given keyword with the given arguments.</doc>
<status status="NOT RUN" starttime="20240214 17:19:45.787" endtime="20240214 17:19:45.787"/>
</kw>
<kw name="Stop Agent" library="GUI_Common">
<status status="NOT RUN" starttime="20240214 17:19:45.787" endtime="20240214 17:19:45.787"/>
</kw>
<tag>macos-latest</tag>
<tag>ubuntu-latest</tag>
<tag>windows-latest</tag>
<status status="FAIL" starttime="20240214 17:14:34.477" endtime="20240214 17:19:45.787">ImageNotFoundException: Reference image "/Users/runner/work/rfswarm/rfswarm/Tests/Regression/Manager/Images/file_method/manager_macos_corner_resize.png" was not found on screen</status>
</test>
<status status="FAIL" starttime="20240214 17:14:34.413" endtime="20240214 17:19:45.788"/>
</suite>
<status status="FAIL" starttime="20240214 16:53:27.641" endtime="20240214 17:19:45.790"/>
</suite>
<statistics>
<total>
<stat pass="4" fail="6" skip="0">All Tests</stat>
</total>
<tag>
<stat pass="4" fail="6" skip="0">macos-latest</stat>
<stat pass="3" fail="5" skip="0">ubuntu-latest</stat>
<stat pass="3" fail="5" skip="0">windows-latest</stat>
</tag>
<suite>
<stat pass="4" fail="6" skip="0" id="s1" name="Manager">Manager</stat>
<stat pass="3" fail="0" skip="0" id="s1-s1" name="CommandLine">Manager.CommandLine</stat>
<stat pass="1" fail="5" skip="0" id="s1-s2" name="GUI Basic">Manager.GUI Basic</stat>
<stat pass="0" fail="1" skip="0" id="s1-s3" name="GUI Bugs">Manager.GUI Bugs</stat>
</suite>
</statistics>
<errors>
</errors>
</robot>
