<?xml version="1.0" encoding="UTF-8"?>
<robot generator="Robot 6.0.2 (Python 3.7.15 on darwin)" generated="20230305 10:18:06.586" rpa="false" schemaversion="3">
<suite id="s1" name="Manager" source="/Users/runner/work/rfswarm/rfswarm/Tests/Regression/Manager">
<suite id="s1-s1" name="CommandLine" source="/Users/runner/work/rfswarm/rfswarm/Tests/Regression/Manager/CommandLine.robot">
<kw name="Clean Up Old Files" type="SETUP">
<tag>macos-latest</tag>
<tag>ubuntu-latest</tag>
<tag>windows-latest</tag>
<kw name="Log To Console" library="BuiltIn">
<arg>${OUTPUT DIR}</arg>
<doc>Logs the given message to the console.</doc>
<status status="PASS" starttime="20230305 10:18:06.677" endtime="20230305 10:18:06.677"/>
</kw>
<kw name="Remove File" library="OperatingSystem">
<arg>${OUTPUT DIR}${/}*.txt</arg>
<doc>Removes a file with the given path.</doc>
<msg timestamp="20230305 10:18:06.678" level="INFO" html="true">Removed file '&lt;a href="file:///Users/runner/work/rfswarm/rfswarm/Tests/Regression/Manager/Logs/macos-latest_3.7/stdout.txt"&gt;/Users/runner/work/rfswarm/rfswarm/Tests/Regression/Manager/Logs/macos-latest_3.7/stdout.txt&lt;/a&gt;'.</msg>
<msg timestamp="20230305 10:18:06.678" level="INFO" html="true">Removed file '&lt;a href="file:///Users/runner/work/rfswarm/rfswarm/Tests/Regression/Manager/Logs/macos-latest_3.7/stderr.txt"&gt;/Users/runner/work/rfswarm/rfswarm/Tests/Regression/Manager/Logs/macos-latest_3.7/stderr.txt&lt;/a&gt;'.</msg>
<status status="PASS" starttime="20230305 10:18:06.677" endtime="20230305 10:18:06.679"/>
</kw>
<kw name="Remove File" library="OperatingSystem">
<arg>${OUTPUT DIR}${/}*.png</arg>
<doc>Removes a file with the given path.</doc>
<msg timestamp="20230305 10:18:06.679" level="INFO" html="true">Removed file '&lt;a href="file:///Users/runner/work/rfswarm/rfswarm/Tests/Regression/Manager/Logs/macos-latest_3.7/Manager.GUIBasic-screenshot-1.png"&gt;/Users/runner/work/rfswarm/rfswarm/Tests/Regression/Manager/Logs/macos-latest_3.7/Manager.GUIBasic-screenshot-1.png&lt;/a&gt;'.</msg>
<msg timestamp="20230305 10:18:06.680" level="INFO" html="true">Removed file '&lt;a href="file:///Users/runner/work/rfswarm/rfswarm/Tests/Regression/Manager/Logs/macos-latest_3.7/Manager.GUIBasic-screenshot-2.png"&gt;/Users/runner/work/rfswarm/rfswarm/Tests/Regression/Manager/Logs/macos-latest_3.7/Manager.GUIBasic-screenshot-2.png&lt;/a&gt;'.</msg>
<status status="PASS" starttime="20230305 10:18:06.679" endtime="20230305 10:18:06.680"/>
</kw>
<status status="PASS" starttime="20230305 10:18:06.676" endtime="20230305 10:18:06.680"/>
</kw>
<test id="s1-s1-t1" name="Random Offset" line="7">
<kw name="Evaluate" library="BuiltIn">
<var>${random}</var>
<arg>random.randint(0, 60)</arg>
<doc>Evaluates the given expression in Python and returns the result.</doc>
<msg timestamp="20230305 10:18:06.681" level="INFO">${random} = 6</msg>
<status status="PASS" starttime="20230305 10:18:06.681" endtime="20230305 10:18:06.681"/>
</kw>
<kw name="Sleep" library="BuiltIn">
<arg>${random}</arg>
<doc>Pauses the test executed for the given time.</doc>
<msg timestamp="20230305 10:18:12.749" level="INFO">Slept 6 seconds</msg>
<status status="PASS" starttime="20230305 10:18:06.682" endtime="20230305 10:18:12.750"/>
</kw>
<doc>This just prevents all the test runners doing git push at the same time</doc>
<tag>macos-latest</tag>
<tag>ubuntu-latest</tag>
<tag>windows-latest</tag>
<status status="PASS" starttime="20230305 10:18:06.680" endtime="20230305 10:18:12.750"/>
</test>
<test id="s1-s1-t2" name="Manager Version" line="13">
<kw name="Run" library="OperatingSystem">
<var>${result}</var>
<arg>python3 ${EXECDIR}${/}rfswarm_manager${/}rfswarm.py -v</arg>
<doc>Runs the given command in the system and returns the output.</doc>
<msg timestamp="20230305 10:18:12.758" level="INFO">Running command 'python3 /Users/runner/work/rfswarm/rfswarm/rfswarm_manager/rfswarm.py -v 2&gt;&amp;1'.</msg>
<msg timestamp="20230305 10:18:24.501" level="INFO">${result} = Robot Framework Swarm: Manager 
	Version 1.1.0 </msg>
<status status="PASS" starttime="20230305 10:18:12.752" endtime="20230305 10:18:24.501"/>
</kw>
<kw name="Log To Console" library="BuiltIn">
<arg>${\n}${result}</arg>
<doc>Logs the given message to the console.</doc>
<status status="PASS" starttime="20230305 10:18:24.502" endtime="20230305 10:18:24.503"/>
</kw>
<kw name="Should Contain" library="BuiltIn">
<arg>${result}</arg>
<arg>Version</arg>
<doc>Fails if ``container`` does not contain ``item`` one or more times.</doc>
<status status="PASS" starttime="20230305 10:18:24.503" endtime="20230305 10:18:24.503"/>
</kw>
<kw name="Should Contain" library="BuiltIn">
<arg>${result}</arg>
<arg>Manager</arg>
<doc>Fails if ``container`` does not contain ``item`` one or more times.</doc>
<status status="PASS" starttime="20230305 10:18:24.503" endtime="20230305 10:18:24.503"/>
</kw>
<tag>macos-latest</tag>
<tag>ubuntu-latest</tag>
<tag>windows-latest</tag>
<status status="PASS" starttime="20230305 10:18:12.751" endtime="20230305 10:18:24.504"/>
</test>
<test id="s1-s1-t3" name="Manager Help" line="20">
<kw name="Run" library="OperatingSystem">
<var>${result}</var>
<arg>python3 ${EXECDIR}${/}rfswarm_manager${/}rfswarm.py -h</arg>
<doc>Runs the given command in the system and returns the output.</doc>
<msg timestamp="20230305 10:18:24.508" level="INFO">Running command 'python3 /Users/runner/work/rfswarm/rfswarm/rfswarm_manager/rfswarm.py -h 2&gt;&amp;1'.</msg>
<msg timestamp="20230305 10:18:25.815" level="INFO">${result} = Robot Framework Swarm: Manager 
	Version 1.1.0 
usage: rfswarm.py [-h] [-g DEBUG] [-v] [-i INI] [-s SCENARIO] [-r] [-a AGENTS]
                  [-n] [-t STARTTIME] [-d DIR] [-e IPADDRESS] [-p PORT]

...</msg>
<status status="PASS" starttime="20230305 10:18:24.505" endtime="20230305 10:18:25.815"/>
</kw>
<kw name="Log To Console" library="BuiltIn">
<arg>${\n}${result}</arg>
<doc>Logs the given message to the console.</doc>
<status status="PASS" starttime="20230305 10:18:25.815" endtime="20230305 10:18:25.816"/>
</kw>
<kw name="Should Contain" library="BuiltIn">
<arg>${result}</arg>
<arg>IPADDRESS</arg>
<doc>Fails if ``container`` does not contain ``item`` one or more times.</doc>
<status status="PASS" starttime="20230305 10:18:25.816" endtime="20230305 10:18:25.817"/>
</kw>
<tag>macos-latest</tag>
<tag>ubuntu-latest</tag>
<tag>windows-latest</tag>
<status status="PASS" starttime="20230305 10:18:24.504" endtime="20230305 10:18:25.817"/>
</test>
<status status="PASS" starttime="20230305 10:18:06.648" endtime="20230305 10:18:25.818"/>
</suite>
<suite id="s1-s2" name="GUI Basic" source="/Users/runner/work/rfswarm/rfswarm/Tests/Regression/Manager/GUI_Basic.robot">
<test id="s1-s2-t1" name="GUI Runs and Closes" line="17">
<kw name="Set Suite Variable" library="BuiltIn">
<arg>${platform}</arg>
<arg>macos</arg>
<doc>Makes a variable available everywhere within the scope of the current suite.</doc>
<msg timestamp="20230305 10:18:28.913" level="INFO">${platform} = macos</msg>
<status status="PASS" starttime="20230305 10:18:28.911" endtime="20230305 10:18:28.913"/>
</kw>
<kw name="Set Confidence" library="ImageHorizonLibrary">
<arg>0.8</arg>
<doc>Sets the accuracy when finding images.</doc>
<status status="PASS" starttime="20230305 10:18:28.913" endtime="20230305 10:18:29.291"/>
</kw>
<kw name="Start Process" library="Process">
<arg>python3</arg>
<arg>${pyfile}</arg>
<arg>-g</arg>
<arg>5</arg>
<arg>alias=Manager</arg>
<arg>stdout=${OUTPUT DIR}${/}stdout.txt</arg>
<arg>stderr=${OUTPUT DIR}${/}stderr.txt</arg>
<doc>Starts a new process on background.</doc>
<msg timestamp="20230305 10:18:29.293" level="INFO">Starting process:
python3 /Users/runner/work/rfswarm/rfswarm/rfswarm_manager/rfswarm.py -g 5</msg>
<status status="PASS" starttime="20230305 10:18:29.292" endtime="20230305 10:18:29.299"/>
</kw>
<kw name="Sleep" library="BuiltIn">
<arg>60</arg>
<doc>Pauses the test executed for the given time.</doc>
<msg timestamp="20230305 10:19:29.309" level="INFO">Slept 1 minute</msg>
<status status="PASS" starttime="20230305 10:18:29.300" endtime="20230305 10:19:29.310"/>
</kw>
<kw name="Set Screenshot Folder" library="ImageHorizonLibrary">
<arg>${OUTPUT DIR}</arg>
<doc>Sets the folder where screenshots are saved to.</doc>
<status status="PASS" starttime="20230305 10:19:29.310" endtime="20230305 10:19:29.311"/>
</kw>
<kw name="Take A Screenshot" library="ImageHorizonLibrary">
<doc>Takes a screenshot of the screen.</doc>
<msg timestamp="20230305 10:19:29.311" level="INFO" html="true">Screenshot taken: /Users/runner/work/rfswarm/rfswarm/Tests/Regression/Manager/Logs/macos-latest_3.7/Manager.GUIBasic-screenshot-1.png&lt;br/&gt;&lt;img src="/Users/runner/work/rfswarm/rfswarm/Tests/Regression/Manager/Logs/macos-latest_3.7/Manager.GUIBasic-screenshot-1.png" width="100%" /&gt;</msg>
<status status="PASS" starttime="20230305 10:19:29.311" endtime="20230305 10:19:29.647"/>
</kw>
<tag>macos-latest</tag>
<status status="PASS" starttime="20230305 10:18:28.910" endtime="20230305 10:19:29.648"/>
</test>
<test id="s1-s2-t2" name="Select Run Tab" line="50">
<kw name="Click Run Tab">
<kw name="Wait For" library="ImageHorizonLibrary">
<arg>manager_${platform}_run_tab.png</arg>
<arg>timeout=10</arg>
<doc>Tries to locate given image from the screen for given time.</doc>
<msg timestamp="20230305 10:19:29.652" level="WARN">Can't set confidence because you don't have OpenCV (python-opencv) installed or a confidence level was not given.</msg>
<msg timestamp="20230305 10:19:30.685" level="WARN">Can't set confidence because you don't have OpenCV (python-opencv) installed or a confidence level was not given.</msg>
<msg timestamp="20230305 10:19:31.691" level="WARN">Can't set confidence because you don't have OpenCV (python-opencv) installed or a confidence level was not given.</msg>
<msg timestamp="20230305 10:19:32.695" level="WARN">Can't set confidence because you don't have OpenCV (python-opencv) installed or a confidence level was not given.</msg>
<msg timestamp="20230305 10:19:33.697" level="WARN">Can't set confidence because you don't have OpenCV (python-opencv) installed or a confidence level was not given.</msg>
<msg timestamp="20230305 10:19:34.704" level="WARN">Can't set confidence because you don't have OpenCV (python-opencv) installed or a confidence level was not given.</msg>
<msg timestamp="20230305 10:19:35.711" level="WARN">Can't set confidence because you don't have OpenCV (python-opencv) installed or a confidence level was not given.</msg>
<msg timestamp="20230305 10:19:36.714" level="WARN">Can't set confidence because you don't have OpenCV (python-opencv) installed or a confidence level was not given.</msg>
<msg timestamp="20230305 10:19:37.712" level="WARN">Can't set confidence because you don't have OpenCV (python-opencv) installed or a confidence level was not given.</msg>
<msg timestamp="20230305 10:19:38.733" level="WARN">Can't set confidence because you don't have OpenCV (python-opencv) installed or a confidence level was not given.</msg>
<kw name="Take A Screenshot" library="ImageHorizonLibrary">
<doc>Takes a screenshot of the screen.</doc>
<msg timestamp="20230305 10:19:39.743" level="INFO" html="true">Screenshot taken: /Users/runner/work/rfswarm/rfswarm/Tests/Regression/Manager/Logs/macos-latest_3.7/Manager.GUIBasic-screenshot-2.png&lt;br/&gt;&lt;img src="/Users/runner/work/rfswarm/rfswarm/Tests/Regression/Manager/Logs/macos-latest_3.7/Manager.GUIBasic-screenshot-2.png" width="100%" /&gt;</msg>
<status status="PASS" starttime="20230305 10:19:39.742" endtime="20230305 10:19:40.003"/>
</kw>
<msg timestamp="20230305 10:19:40.004" level="FAIL">ImageNotFoundException: Reference image "/Users/runner/work/rfswarm/rfswarm/Tests/Regression/Manager/img/manager_macos_run_tab.png" was not found on screen</msg>
<status status="FAIL" starttime="20230305 10:19:29.650" endtime="20230305 10:19:40.005"/>
</kw>
<kw name="Locate" library="ImageHorizonLibrary">
<var>@{coordinates}</var>
<arg>manager_${platform}_run_tab.png</arg>
<doc>Locate image on screen.</doc>
<status status="NOT RUN" starttime="20230305 10:19:40.005" endtime="20230305 10:19:40.006"/>
</kw>
<kw name="Click Image" library="ImageHorizonLibrary">
<arg>manager_${platform}_run_tab.png</arg>
<doc>Finds the reference image on screen and clicks it once.</doc>
<status status="NOT RUN" starttime="20230305 10:19:40.006" endtime="20230305 10:19:40.006"/>
</kw>
<kw name="Take A Screenshot" library="ImageHorizonLibrary">
<doc>Takes a screenshot of the screen.</doc>
<status status="NOT RUN" starttime="20230305 10:19:40.006" endtime="20230305 10:19:40.006"/>
</kw>
<status status="FAIL" starttime="20230305 10:19:29.649" endtime="20230305 10:19:40.006"/>
</kw>
<tag>macos-latest</tag>
<tag>ubuntu-latest</tag>
<tag>windows-latest</tag>
<status status="FAIL" starttime="20230305 10:19:29.649" endtime="20230305 10:19:40.007">ImageNotFoundException: Reference image "/Users/runner/work/rfswarm/rfswarm/Tests/Regression/Manager/img/manager_macos_run_tab.png" was not found on screen</status>
</test>
<status status="FAIL" starttime="20230305 10:18:25.819" endtime="20230305 10:19:40.008"/>
</suite>
<status status="FAIL" starttime="20230305 10:18:06.597" endtime="20230305 10:19:40.009"/>
</suite>
<statistics>
<total>
<stat pass="4" fail="1" skip="0">All Tests</stat>
</total>
<tag>
<stat pass="4" fail="1" skip="0">macos-latest</stat>
<stat pass="3" fail="1" skip="0">ubuntu-latest</stat>
<stat pass="3" fail="1" skip="0">windows-latest</stat>
</tag>
<suite>
<stat pass="4" fail="1" skip="0" id="s1" name="Manager">Manager</stat>
<stat pass="3" fail="0" skip="0" id="s1-s1" name="CommandLine">Manager.CommandLine</stat>
<stat pass="1" fail="1" skip="0" id="s1-s2" name="GUI Basic">Manager.GUI Basic</stat>
</suite>
</statistics>
<errors>
<msg timestamp="20230305 10:19:29.652" level="WARN">Can't set confidence because you don't have OpenCV (python-opencv) installed or a confidence level was not given.</msg>
<msg timestamp="20230305 10:19:30.685" level="WARN">Can't set confidence because you don't have OpenCV (python-opencv) installed or a confidence level was not given.</msg>
<msg timestamp="20230305 10:19:31.691" level="WARN">Can't set confidence because you don't have OpenCV (python-opencv) installed or a confidence level was not given.</msg>
<msg timestamp="20230305 10:19:32.695" level="WARN">Can't set confidence because you don't have OpenCV (python-opencv) installed or a confidence level was not given.</msg>
<msg timestamp="20230305 10:19:33.697" level="WARN">Can't set confidence because you don't have OpenCV (python-opencv) installed or a confidence level was not given.</msg>
<msg timestamp="20230305 10:19:34.704" level="WARN">Can't set confidence because you don't have OpenCV (python-opencv) installed or a confidence level was not given.</msg>
<msg timestamp="20230305 10:19:35.711" level="WARN">Can't set confidence because you don't have OpenCV (python-opencv) installed or a confidence level was not given.</msg>
<msg timestamp="20230305 10:19:36.714" level="WARN">Can't set confidence because you don't have OpenCV (python-opencv) installed or a confidence level was not given.</msg>
<msg timestamp="20230305 10:19:37.712" level="WARN">Can't set confidence because you don't have OpenCV (python-opencv) installed or a confidence level was not given.</msg>
<msg timestamp="20230305 10:19:38.733" level="WARN">Can't set confidence because you don't have OpenCV (python-opencv) installed or a confidence level was not given.</msg>
</errors>
</robot>
