<?xml version="1.0" encoding="UTF-8"?>
<robot generator="Robot 6.0.2 (Python 3.8.16 on darwin)" generated="20230308 06:50:04.857" rpa="false" schemaversion="3">
<suite id="s1" name="Manager" source="/Users/runner/work/rfswarm/rfswarm/Tests/Regression/Manager">
<suite id="s1-s1" name="CommandLine" source="/Users/runner/work/rfswarm/rfswarm/Tests/Regression/Manager/CommandLine.robot">
<kw name="Clean Up Old Files" type="SETUP">
<tag>macos-latest</tag>
<tag>ubuntu-latest</tag>
<tag>windows-latest</tag>
<kw name="Log To Console" library="BuiltIn">
<arg>${OUTPUT DIR}</arg>
<doc>Logs the given message to the console.</doc>
<status status="PASS" starttime="20230308 06:50:04.925" endtime="20230308 06:50:04.926"/>
</kw>
<kw name="Remove File" library="OperatingSystem">
<arg>${OUTPUT DIR}${/}*.txt</arg>
<doc>Removes a file with the given path.</doc>
<msg timestamp="20230308 06:50:04.927" level="INFO" html="true">Removed file '&lt;a href="file:///Users/runner/work/rfswarm/rfswarm/Tests/Regression/Manager/Logs/macos-latest_3.8/stdout.txt"&gt;/Users/runner/work/rfswarm/rfswarm/Tests/Regression/Manager/Logs/macos-latest_3.8/stdout.txt&lt;/a&gt;'.</msg>
<msg timestamp="20230308 06:50:04.927" level="INFO" html="true">Removed file '&lt;a href="file:///Users/runner/work/rfswarm/rfswarm/Tests/Regression/Manager/Logs/macos-latest_3.8/stderr.txt"&gt;/Users/runner/work/rfswarm/rfswarm/Tests/Regression/Manager/Logs/macos-latest_3.8/stderr.txt&lt;/a&gt;'.</msg>
<status status="PASS" starttime="20230308 06:50:04.926" endtime="20230308 06:50:04.927"/>
</kw>
<kw name="Remove File" library="OperatingSystem">
<arg>${OUTPUT DIR}${/}*.png</arg>
<doc>Removes a file with the given path.</doc>
<msg timestamp="20230308 06:50:04.928" level="INFO" html="true">Removed file '&lt;a href="file:///Users/runner/work/rfswarm/rfswarm/Tests/Regression/Manager/Logs/macos-latest_3.8/Manager.GUIBasic-screenshot-1.png"&gt;/Users/runner/work/rfswarm/rfswarm/Tests/Regression/Manager/Logs/macos-latest_3.8/Manager.GUIBasic-screenshot-1.png&lt;/a&gt;'.</msg>
<msg timestamp="20230308 06:50:04.928" level="INFO" html="true">Removed file '&lt;a href="file:///Users/runner/work/rfswarm/rfswarm/Tests/Regression/Manager/Logs/macos-latest_3.8/Manager.GUIBasic-screenshot-2.png"&gt;/Users/runner/work/rfswarm/rfswarm/Tests/Regression/Manager/Logs/macos-latest_3.8/Manager.GUIBasic-screenshot-2.png&lt;/a&gt;'.</msg>
<msg timestamp="20230308 06:50:04.928" level="INFO" html="true">Removed file '&lt;a href="file:///Users/runner/work/rfswarm/rfswarm/Tests/Regression/Manager/Logs/macos-latest_3.8/Manager.GUIBasic-screenshot-3.png"&gt;/Users/runner/work/rfswarm/rfswarm/Tests/Regression/Manager/Logs/macos-latest_3.8/Manager.GUIBasic-screenshot-3.png&lt;/a&gt;'.</msg>
<status status="PASS" starttime="20230308 06:50:04.927" endtime="20230308 06:50:04.928"/>
</kw>
<status status="PASS" starttime="20230308 06:50:04.920" endtime="20230308 06:50:04.928"/>
</kw>
<test id="s1-s1-t1" name="Random Offset" line="7">
<kw name="Evaluate" library="BuiltIn">
<var>${random}</var>
<arg>random.randint(0, 60)</arg>
<doc>Evaluates the given expression in Python and returns the result.</doc>
<msg timestamp="20230308 06:50:04.929" level="INFO">${random} = 38</msg>
<status status="PASS" starttime="20230308 06:50:04.929" endtime="20230308 06:50:04.929"/>
</kw>
<kw name="Sleep" library="BuiltIn">
<arg>${random}</arg>
<doc>Pauses the test executed for the given time.</doc>
<msg timestamp="20230308 06:50:42.939" level="INFO">Slept 38 seconds</msg>
<status status="PASS" starttime="20230308 06:50:04.930" endtime="20230308 06:50:42.939"/>
</kw>
<doc>This just prevents all the test runners doing git push at the same time</doc>
<tag>macos-latest</tag>
<tag>ubuntu-latest</tag>
<tag>windows-latest</tag>
<status status="PASS" starttime="20230308 06:50:04.928" endtime="20230308 06:50:42.939"/>
</test>
<test id="s1-s1-t2" name="Manager Version" line="13">
<kw name="Run" library="OperatingSystem">
<var>${result}</var>
<arg>python3 ${EXECDIR}${/}rfswarm_manager${/}rfswarm.py -v</arg>
<doc>Runs the given command in the system and returns the output.</doc>
<msg timestamp="20230308 06:50:42.963" level="INFO">Running command 'python3 /Users/runner/work/rfswarm/rfswarm/rfswarm_manager/rfswarm.py -v 2&gt;&amp;1'.</msg>
<msg timestamp="20230308 06:50:54.751" level="INFO">${result} = Robot Framework Swarm: Manager 
	Version 1.1.0 </msg>
<status status="PASS" starttime="20230308 06:50:42.940" endtime="20230308 06:50:54.752"/>
</kw>
<kw name="Log To Console" library="BuiltIn">
<arg>${\n}${result}</arg>
<doc>Logs the given message to the console.</doc>
<status status="PASS" starttime="20230308 06:50:54.752" endtime="20230308 06:50:54.753"/>
</kw>
<kw name="Should Contain" library="BuiltIn">
<arg>${result}</arg>
<arg>Version</arg>
<doc>Fails if ``container`` does not contain ``item`` one or more times.</doc>
<status status="PASS" starttime="20230308 06:50:54.753" endtime="20230308 06:50:54.753"/>
</kw>
<kw name="Should Contain" library="BuiltIn">
<arg>${result}</arg>
<arg>Manager</arg>
<doc>Fails if ``container`` does not contain ``item`` one or more times.</doc>
<status status="PASS" starttime="20230308 06:50:54.753" endtime="20230308 06:50:54.754"/>
</kw>
<tag>macos-latest</tag>
<tag>ubuntu-latest</tag>
<tag>windows-latest</tag>
<status status="PASS" starttime="20230308 06:50:42.940" endtime="20230308 06:50:54.754"/>
</test>
<test id="s1-s1-t3" name="Manager Help" line="20">
<kw name="Run" library="OperatingSystem">
<var>${result}</var>
<arg>python3 ${EXECDIR}${/}rfswarm_manager${/}rfswarm.py -h</arg>
<doc>Runs the given command in the system and returns the output.</doc>
<msg timestamp="20230308 06:50:54.758" level="INFO">Running command 'python3 /Users/runner/work/rfswarm/rfswarm/rfswarm_manager/rfswarm.py -h 2&gt;&amp;1'.</msg>
<msg timestamp="20230308 06:50:55.594" level="INFO">${result} = Robot Framework Swarm: Manager 
	Version 1.1.0 
usage: rfswarm.py [-h] [-g DEBUG] [-v] [-i INI] [-s SCENARIO] [-r] [-a AGENTS]
                  [-n] [-t STARTTIME] [-d DIR] [-e IPADDRESS] [-p PORT]

...</msg>
<status status="PASS" starttime="20230308 06:50:54.755" endtime="20230308 06:50:55.594"/>
</kw>
<kw name="Log To Console" library="BuiltIn">
<arg>${\n}${result}</arg>
<doc>Logs the given message to the console.</doc>
<status status="PASS" starttime="20230308 06:50:55.594" endtime="20230308 06:50:55.595"/>
</kw>
<kw name="Should Contain" library="BuiltIn">
<arg>${result}</arg>
<arg>IPADDRESS</arg>
<doc>Fails if ``container`` does not contain ``item`` one or more times.</doc>
<status status="PASS" starttime="20230308 06:50:55.595" endtime="20230308 06:50:55.595"/>
</kw>
<tag>macos-latest</tag>
<tag>ubuntu-latest</tag>
<tag>windows-latest</tag>
<status status="PASS" starttime="20230308 06:50:54.754" endtime="20230308 06:50:55.595"/>
</test>
<status status="PASS" starttime="20230308 06:50:04.901" endtime="20230308 06:50:55.596"/>
</suite>
<suite id="s1-s2" name="GUI Basic" source="/Users/runner/work/rfswarm/rfswarm/Tests/Regression/Manager/GUI_Basic.robot">
<test id="s1-s2-t1" name="Open GUI" line="14">
<kw name="Set Suite Variable" library="BuiltIn">
<arg>${platform}</arg>
<arg>macos</arg>
<doc>Makes a variable available everywhere within the scope of the current suite.</doc>
<msg timestamp="20230308 06:51:05.940" level="INFO">${platform} = macos</msg>
<status status="PASS" starttime="20230308 06:51:05.939" endtime="20230308 06:51:05.941"/>
</kw>
<kw name="Set Confidence" library="ImageHorizonLibrary">
<arg>0.9</arg>
<doc>Sets the accuracy when finding images.</doc>
<status status="PASS" starttime="20230308 06:51:05.941" endtime="20230308 06:51:05.941"/>
</kw>
<kw name="Start Process" library="Process">
<var>${process}</var>
<arg>python3</arg>
<arg>${pyfile}</arg>
<arg>-g</arg>
<arg>5</arg>
<arg>alias=Manager</arg>
<arg>stdout=${OUTPUT DIR}${/}stdout.txt</arg>
<arg>stderr=${OUTPUT DIR}${/}stderr.txt</arg>
<doc>Starts a new process on background.</doc>
<msg timestamp="20230308 06:51:05.943" level="INFO">Starting process:
python3 /Users/runner/work/rfswarm/rfswarm/rfswarm_manager/rfswarm.py -g 5</msg>
<msg timestamp="20230308 06:51:05.950" level="INFO">${process} = &lt;subprocess.Popen object at 0x11ea29370&gt;</msg>
<status status="PASS" starttime="20230308 06:51:05.941" endtime="20230308 06:51:05.951"/>
</kw>
<kw name="Set Test Variable" library="BuiltIn">
<arg>$process</arg>
<arg>${process}</arg>
<doc>Makes a variable available everywhere within the scope of the current test.</doc>
<msg timestamp="20230308 06:51:05.952" level="INFO">${process} = &lt;subprocess.Popen object at 0x11ea29370&gt;</msg>
<status status="PASS" starttime="20230308 06:51:05.952" endtime="20230308 06:51:05.952"/>
</kw>
<kw name="Sleep" library="BuiltIn">
<arg>10</arg>
<doc>Pauses the test executed for the given time.</doc>
<msg timestamp="20230308 06:51:15.953" level="INFO">Slept 10 seconds</msg>
<status status="PASS" starttime="20230308 06:51:05.952" endtime="20230308 06:51:15.953"/>
</kw>
<kw name="Set Screenshot Folder" library="ImageHorizonLibrary">
<arg>${OUTPUT DIR}</arg>
<doc>Sets the folder where screenshots are saved to.</doc>
<status status="PASS" starttime="20230308 06:51:15.954" endtime="20230308 06:51:15.954"/>
</kw>
<kw name="Take A Screenshot" library="ImageHorizonLibrary">
<doc>Takes a screenshot of the screen.</doc>
<msg timestamp="20230308 06:51:15.955" level="INFO" html="true">Screenshot taken: /Users/runner/work/rfswarm/rfswarm/Tests/Regression/Manager/Logs/macos-latest_3.8/Manager.GUIBasic-screenshot-1.png&lt;br/&gt;&lt;img src="/Users/runner/work/rfswarm/rfswarm/Tests/Regression/Manager/Logs/macos-latest_3.8/Manager.GUIBasic-screenshot-1.png" width="100%" /&gt;</msg>
<status status="PASS" starttime="20230308 06:51:15.954" endtime="20230308 06:51:16.268"/>
</kw>
<tag>macos-latest</tag>
<status status="PASS" starttime="20230308 06:51:05.938" endtime="20230308 06:51:16.268"/>
</test>
<test id="s1-s2-t2" name="Select Run Tab" line="44">
<kw name="Click Tab">
<arg>Run</arg>
<kw name="Convert To Lower Case" library="String">
<var>${tabnamel}</var>
<arg>${tabname}</arg>
<doc>Converts string to lower case.</doc>
<msg timestamp="20230308 06:51:16.270" level="INFO">${tabnamel} = run</msg>
<status status="PASS" starttime="20230308 06:51:16.270" endtime="20230308 06:51:16.270"/>
</kw>
<kw name="Set Variable" library="BuiltIn">
<var>${img}</var>
<arg>manager_${platform}_tab_${tabnamel}.png</arg>
<doc>Returns the given values which can then be assigned to a variables.</doc>
<msg timestamp="20230308 06:51:16.271" level="INFO">${img} = manager_macos_tab_run.png</msg>
<status status="PASS" starttime="20230308 06:51:16.271" endtime="20230308 06:51:16.271"/>
</kw>
<kw name="Log" library="BuiltIn">
<arg>/Users/runner/work/rfswarm/rfswarm/Tests/Regression/Manager</arg>
<doc>Logs the given message with the given level.</doc>
<msg timestamp="20230308 06:51:16.271" level="INFO">/Users/runner/work/rfswarm/rfswarm/Tests/Regression/Manager</msg>
<status status="PASS" starttime="20230308 06:51:16.271" endtime="20230308 06:51:16.271"/>
</kw>
<kw name="Log" library="BuiltIn">
<arg>${IMAGE_DIR}</arg>
<doc>Logs the given message with the given level.</doc>
<msg timestamp="20230308 06:51:16.272" level="INFO">/Users/runner/work/rfswarm/rfswarm/Tests/Regression/Manager/Images/file_method</msg>
<status status="PASS" starttime="20230308 06:51:16.271" endtime="20230308 06:51:16.272"/>
</kw>
<kw name="Wait For" library="ImageHorizonLibrary">
<arg>${img}</arg>
<arg>timeout=10</arg>
<doc>Tries to locate given image from the screen for given time.</doc>
<msg timestamp="20230308 06:51:16.690" level="INFO">Image "manager_macos_tab_run.png" found at (364, 75)</msg>
<status status="PASS" starttime="20230308 06:51:16.272" endtime="20230308 06:51:16.690"/>
</kw>
<kw name="Locate" library="ImageHorizonLibrary">
<var>@{coordinates}</var>
<arg>${img}</arg>
<doc>Locate image on screen.</doc>
<msg timestamp="20230308 06:51:17.117" level="INFO">Image "/Users/runner/work/rfswarm/rfswarm/Tests/Regression/Manager/Images/file_method/manager_macos_tab_run.png" found at Box(left=342, top=62, width=44, height=26)</msg>
<msg timestamp="20230308 06:51:17.118" level="INFO">@{coordinates} = [ 364 | 75 ]</msg>
<status status="PASS" starttime="20230308 06:51:16.691" endtime="20230308 06:51:17.118"/>
</kw>
<kw name="Click Image" library="ImageHorizonLibrary">
<arg>${img}</arg>
<doc>Finds the reference image on screen and clicks it once.</doc>
<msg timestamp="20230308 06:51:17.544" level="INFO">Image "/Users/runner/work/rfswarm/rfswarm/Tests/Regression/Manager/Images/file_method/manager_macos_tab_run.png" found at Box(left=342, top=62, width=44, height=26)</msg>
<msg timestamp="20230308 06:51:17.544" level="INFO">Clicking image "manager_macos_tab_run.png" in position (364, 75)</msg>
<status status="PASS" starttime="20230308 06:51:17.119" endtime="20230308 06:51:17.702"/>
</kw>
<kw name="Sleep" library="BuiltIn">
<arg>0.1</arg>
<doc>Pauses the test executed for the given time.</doc>
<msg timestamp="20230308 06:51:17.811" level="INFO">Slept 100 milliseconds</msg>
<status status="PASS" starttime="20230308 06:51:17.702" endtime="20230308 06:51:17.811"/>
</kw>
<kw name="Take A Screenshot" library="ImageHorizonLibrary">
<doc>Takes a screenshot of the screen.</doc>
<msg timestamp="20230308 06:51:17.813" level="INFO" html="true">Screenshot taken: /Users/runner/work/rfswarm/rfswarm/Tests/Regression/Manager/Logs/macos-latest_3.8/Manager.GUIBasic-screenshot-2.png&lt;br/&gt;&lt;img src="/Users/runner/work/rfswarm/rfswarm/Tests/Regression/Manager/Logs/macos-latest_3.8/Manager.GUIBasic-screenshot-2.png" width="100%" /&gt;</msg>
<status status="PASS" starttime="20230308 06:51:17.812" endtime="20230308 06:51:18.073"/>
</kw>
<status status="PASS" starttime="20230308 06:51:16.269" endtime="20230308 06:51:18.073"/>
</kw>
<kw name="Sleep" library="BuiltIn">
<arg>5</arg>
<doc>Pauses the test executed for the given time.</doc>
<msg timestamp="20230308 06:51:23.075" level="INFO">Slept 5 seconds</msg>
<status status="PASS" starttime="20230308 06:51:18.074" endtime="20230308 06:51:23.075"/>
</kw>
<tag>macos-latest</tag>
<tag>ubuntu-latest</tag>
<tag>windows-latest</tag>
<status status="PASS" starttime="20230308 06:51:16.269" endtime="20230308 06:51:23.075"/>
</test>
<test id="s1-s2-t3" name="Select Agents Tab" line="49">
<kw name="Click Tab">
<arg>Agents</arg>
<kw name="Convert To Lower Case" library="String">
<var>${tabnamel}</var>
<arg>${tabname}</arg>
<doc>Converts string to lower case.</doc>
<msg timestamp="20230308 06:51:23.078" level="INFO">${tabnamel} = agents</msg>
<status status="PASS" starttime="20230308 06:51:23.077" endtime="20230308 06:51:23.078"/>
</kw>
<kw name="Set Variable" library="BuiltIn">
<var>${img}</var>
<arg>manager_${platform}_tab_${tabnamel}.png</arg>
<doc>Returns the given values which can then be assigned to a variables.</doc>
<msg timestamp="20230308 06:51:23.078" level="INFO">${img} = manager_macos_tab_agents.png</msg>
<status status="PASS" starttime="20230308 06:51:23.078" endtime="20230308 06:51:23.078"/>
</kw>
<kw name="Log" library="BuiltIn">
<arg>/Users/runner/work/rfswarm/rfswarm/Tests/Regression/Manager</arg>
<doc>Logs the given message with the given level.</doc>
<msg timestamp="20230308 06:51:23.079" level="INFO">/Users/runner/work/rfswarm/rfswarm/Tests/Regression/Manager</msg>
<status status="PASS" starttime="20230308 06:51:23.079" endtime="20230308 06:51:23.079"/>
</kw>
<kw name="Log" library="BuiltIn">
<arg>${IMAGE_DIR}</arg>
<doc>Logs the given message with the given level.</doc>
<msg timestamp="20230308 06:51:23.079" level="INFO">/Users/runner/work/rfswarm/rfswarm/Tests/Regression/Manager/Images/file_method</msg>
<status status="PASS" starttime="20230308 06:51:23.079" endtime="20230308 06:51:23.079"/>
</kw>
<kw name="Wait For" library="ImageHorizonLibrary">
<arg>${img}</arg>
<arg>timeout=10</arg>
<doc>Tries to locate given image from the screen for given time.</doc>
<msg timestamp="20230308 06:51:23.468" level="INFO">Image "manager_macos_tab_agents.png" found at (423, 74)</msg>
<status status="PASS" starttime="20230308 06:51:23.079" endtime="20230308 06:51:23.468"/>
</kw>
<kw name="Locate" library="ImageHorizonLibrary">
<var>@{coordinates}</var>
<arg>${img}</arg>
<doc>Locate image on screen.</doc>
<msg timestamp="20230308 06:51:23.858" level="INFO">Image "/Users/runner/work/rfswarm/rfswarm/Tests/Regression/Manager/Images/file_method/manager_macos_tab_agents.png" found at Box(left=397, top=62, width=52, height=25)</msg>
<msg timestamp="20230308 06:51:23.859" level="INFO">@{coordinates} = [ 423 | 74 ]</msg>
<status status="PASS" starttime="20230308 06:51:23.469" endtime="20230308 06:51:23.859"/>
</kw>
<kw name="Click Image" library="ImageHorizonLibrary">
<arg>${img}</arg>
<doc>Finds the reference image on screen and clicks it once.</doc>
<msg timestamp="20230308 06:51:24.241" level="INFO">Image "/Users/runner/work/rfswarm/rfswarm/Tests/Regression/Manager/Images/file_method/manager_macos_tab_agents.png" found at Box(left=397, top=62, width=52, height=25)</msg>
<msg timestamp="20230308 06:51:24.242" level="INFO">Clicking image "manager_macos_tab_agents.png" in position (423, 74)</msg>
<status status="PASS" starttime="20230308 06:51:23.860" endtime="20230308 06:51:24.390"/>
</kw>
<kw name="Sleep" library="BuiltIn">
<arg>0.1</arg>
<doc>Pauses the test executed for the given time.</doc>
<msg timestamp="20230308 06:51:24.494" level="INFO">Slept 100 milliseconds</msg>
<status status="PASS" starttime="20230308 06:51:24.390" endtime="20230308 06:51:24.494"/>
</kw>
<kw name="Take A Screenshot" library="ImageHorizonLibrary">
<doc>Takes a screenshot of the screen.</doc>
<msg timestamp="20230308 06:51:24.494" level="INFO" html="true">Screenshot taken: /Users/runner/work/rfswarm/rfswarm/Tests/Regression/Manager/Logs/macos-latest_3.8/Manager.GUIBasic-screenshot-3.png&lt;br/&gt;&lt;img src="/Users/runner/work/rfswarm/rfswarm/Tests/Regression/Manager/Logs/macos-latest_3.8/Manager.GUIBasic-screenshot-3.png" width="100%" /&gt;</msg>
<status status="PASS" starttime="20230308 06:51:24.494" endtime="20230308 06:51:24.756"/>
</kw>
<status status="PASS" starttime="20230308 06:51:23.077" endtime="20230308 06:51:24.757"/>
</kw>
<kw name="Sleep" library="BuiltIn">
<arg>5</arg>
<doc>Pauses the test executed for the given time.</doc>
<msg timestamp="20230308 06:51:29.774" level="INFO">Slept 5 seconds</msg>
<status status="PASS" starttime="20230308 06:51:24.757" endtime="20230308 06:51:29.774"/>
</kw>
<tag>macos-latest</tag>
<tag>ubuntu-latest</tag>
<tag>windows-latest</tag>
<status status="PASS" starttime="20230308 06:51:23.076" endtime="20230308 06:51:29.775"/>
</test>
<test id="s1-s2-t4" name="Select About Tab" line="54">
<kw name="Click Tab">
<arg>About</arg>
<kw name="Convert To Lower Case" library="String">
<var>${tabnamel}</var>
<arg>${tabname}</arg>
<doc>Converts string to lower case.</doc>
<msg timestamp="20230308 06:51:29.778" level="INFO">${tabnamel} = about</msg>
<status status="PASS" starttime="20230308 06:51:29.778" endtime="20230308 06:51:29.778"/>
</kw>
<kw name="Set Variable" library="BuiltIn">
<var>${img}</var>
<arg>manager_${platform}_tab_${tabnamel}.png</arg>
<doc>Returns the given values which can then be assigned to a variables.</doc>
<msg timestamp="20230308 06:51:29.779" level="INFO">${img} = manager_macos_tab_about.png</msg>
<status status="PASS" starttime="20230308 06:51:29.778" endtime="20230308 06:51:29.779"/>
</kw>
<kw name="Log" library="BuiltIn">
<arg>/Users/runner/work/rfswarm/rfswarm/Tests/Regression/Manager</arg>
<doc>Logs the given message with the given level.</doc>
<msg timestamp="20230308 06:51:29.779" level="INFO">/Users/runner/work/rfswarm/rfswarm/Tests/Regression/Manager</msg>
<status status="PASS" starttime="20230308 06:51:29.779" endtime="20230308 06:51:29.779"/>
</kw>
<kw name="Log" library="BuiltIn">
<arg>${IMAGE_DIR}</arg>
<doc>Logs the given message with the given level.</doc>
<msg timestamp="20230308 06:51:29.779" level="INFO">/Users/runner/work/rfswarm/rfswarm/Tests/Regression/Manager/Images/file_method</msg>
<status status="PASS" starttime="20230308 06:51:29.779" endtime="20230308 06:51:29.779"/>
</kw>
<kw name="Wait For" library="ImageHorizonLibrary">
<arg>${img}</arg>
<arg>timeout=10</arg>
<doc>Tries to locate given image from the screen for given time.</doc>
<msg timestamp="20230308 06:51:30.170" level="INFO">Image "manager_macos_tab_about.png" found at (487, 75)</msg>
<status status="PASS" starttime="20230308 06:51:29.779" endtime="20230308 06:51:30.171"/>
</kw>
<kw name="Locate" library="ImageHorizonLibrary">
<var>@{coordinates}</var>
<arg>${img}</arg>
<doc>Locate image on screen.</doc>
<msg timestamp="20230308 06:51:30.564" level="INFO">Image "/Users/runner/work/rfswarm/rfswarm/Tests/Regression/Manager/Images/file_method/manager_macos_tab_about.png" found at Box(left=464, top=62, width=46, height=26)</msg>
<msg timestamp="20230308 06:51:30.565" level="INFO">@{coordinates} = [ 487 | 75 ]</msg>
<status status="PASS" starttime="20230308 06:51:30.171" endtime="20230308 06:51:30.565"/>
</kw>
<kw name="Click Image" library="ImageHorizonLibrary">
<arg>${img}</arg>
<doc>Finds the reference image on screen and clicks it once.</doc>
<msg timestamp="20230308 06:51:30.953" level="INFO">Image "/Users/runner/work/rfswarm/rfswarm/Tests/Regression/Manager/Images/file_method/manager_macos_tab_about.png" found at Box(left=464, top=62, width=46, height=26)</msg>
<msg timestamp="20230308 06:51:30.954" level="INFO">Clicking image "manager_macos_tab_about.png" in position (487, 75)</msg>
<status status="PASS" starttime="20230308 06:51:30.565" endtime="20230308 06:51:31.075"/>
</kw>
<kw name="Sleep" library="BuiltIn">
<arg>0.1</arg>
<doc>Pauses the test executed for the given time.</doc>
<msg timestamp="20230308 06:51:31.183" level="INFO">Slept 100 milliseconds</msg>
<status status="PASS" starttime="20230308 06:51:31.075" endtime="20230308 06:51:31.183"/>
</kw>
<kw name="Take A Screenshot" library="ImageHorizonLibrary">
<doc>Takes a screenshot of the screen.</doc>
<msg timestamp="20230308 06:51:31.184" level="INFO" html="true">Screenshot taken: /Users/runner/work/rfswarm/rfswarm/Tests/Regression/Manager/Logs/macos-latest_3.8/Manager.GUIBasic-screenshot-4.png&lt;br/&gt;&lt;img src="/Users/runner/work/rfswarm/rfswarm/Tests/Regression/Manager/Logs/macos-latest_3.8/Manager.GUIBasic-screenshot-4.png" width="100%" /&gt;</msg>
<status status="PASS" starttime="20230308 06:51:31.184" endtime="20230308 06:51:31.449"/>
</kw>
<status status="PASS" starttime="20230308 06:51:29.777" endtime="20230308 06:51:31.450"/>
</kw>
<kw name="Sleep" library="BuiltIn">
<arg>5</arg>
<doc>Pauses the test executed for the given time.</doc>
<msg timestamp="20230308 06:51:36.451" level="INFO">Slept 5 seconds</msg>
<status status="PASS" starttime="20230308 06:51:31.450" endtime="20230308 06:51:36.451"/>
</kw>
<tag>macos-latest</tag>
<tag>ubuntu-latest</tag>
<tag>windows-latest</tag>
<status status="PASS" starttime="20230308 06:51:29.776" endtime="20230308 06:51:36.452"/>
</test>
<test id="s1-s2-t5" name="Select Plan Tab" line="59">
<kw name="Click Tab">
<arg>Plan</arg>
<kw name="Convert To Lower Case" library="String">
<var>${tabnamel}</var>
<arg>${tabname}</arg>
<doc>Converts string to lower case.</doc>
<msg timestamp="20230308 06:51:36.454" level="INFO">${tabnamel} = plan</msg>
<status status="PASS" starttime="20230308 06:51:36.453" endtime="20230308 06:51:36.454"/>
</kw>
<kw name="Set Variable" library="BuiltIn">
<var>${img}</var>
<arg>manager_${platform}_tab_${tabnamel}.png</arg>
<doc>Returns the given values which can then be assigned to a variables.</doc>
<msg timestamp="20230308 06:51:36.454" level="INFO">${img} = manager_macos_tab_plan.png</msg>
<status status="PASS" starttime="20230308 06:51:36.454" endtime="20230308 06:51:36.454"/>
</kw>
<kw name="Log" library="BuiltIn">
<arg>/Users/runner/work/rfswarm/rfswarm/Tests/Regression/Manager</arg>
<doc>Logs the given message with the given level.</doc>
<msg timestamp="20230308 06:51:36.454" level="INFO">/Users/runner/work/rfswarm/rfswarm/Tests/Regression/Manager</msg>
<status status="PASS" starttime="20230308 06:51:36.454" endtime="20230308 06:51:36.454"/>
</kw>
<kw name="Log" library="BuiltIn">
<arg>${IMAGE_DIR}</arg>
<doc>Logs the given message with the given level.</doc>
<msg timestamp="20230308 06:51:36.455" level="INFO">/Users/runner/work/rfswarm/rfswarm/Tests/Regression/Manager/Images/file_method</msg>
<status status="PASS" starttime="20230308 06:51:36.455" endtime="20230308 06:51:36.455"/>
</kw>
<kw name="Wait For" library="ImageHorizonLibrary">
<arg>${img}</arg>
<arg>timeout=10</arg>
<doc>Tries to locate given image from the screen for given time.</doc>
<msg timestamp="20230308 06:51:36.863" level="INFO">Image "manager_macos_tab_plan.png" found at (317, 75)</msg>
<status status="PASS" starttime="20230308 06:51:36.455" endtime="20230308 06:51:36.863"/>
</kw>
<kw name="Locate" library="ImageHorizonLibrary">
<var>@{coordinates}</var>
<arg>${img}</arg>
<doc>Locate image on screen.</doc>
<msg timestamp="20230308 06:51:37.256" level="INFO">Image "/Users/runner/work/rfswarm/rfswarm/Tests/Regression/Manager/Images/file_method/manager_macos_tab_plan.png" found at Box(left=301, top=61, width=33, height=28)</msg>
<msg timestamp="20230308 06:51:37.257" level="INFO">@{coordinates} = [ 317 | 75 ]</msg>
<status status="PASS" starttime="20230308 06:51:36.864" endtime="20230308 06:51:37.257"/>
</kw>
<kw name="Click Image" library="ImageHorizonLibrary">
<arg>${img}</arg>
<doc>Finds the reference image on screen and clicks it once.</doc>
<msg timestamp="20230308 06:51:37.657" level="INFO">Image "/Users/runner/work/rfswarm/rfswarm/Tests/Regression/Manager/Images/file_method/manager_macos_tab_plan.png" found at Box(left=301, top=61, width=33, height=28)</msg>
<msg timestamp="20230308 06:51:37.658" level="INFO">Clicking image "manager_macos_tab_plan.png" in position (317, 75)</msg>
<status status="PASS" starttime="20230308 06:51:37.258" endtime="20230308 06:51:37.864"/>
</kw>
<kw name="Sleep" library="BuiltIn">
<arg>0.1</arg>
<doc>Pauses the test executed for the given time.</doc>
<msg timestamp="20230308 06:51:37.981" level="INFO">Slept 100 milliseconds</msg>
<status status="PASS" starttime="20230308 06:51:37.864" endtime="20230308 06:51:37.981"/>
</kw>
<kw name="Take A Screenshot" library="ImageHorizonLibrary">
<doc>Takes a screenshot of the screen.</doc>
<msg timestamp="20230308 06:51:37.981" level="INFO" html="true">Screenshot taken: /Users/runner/work/rfswarm/rfswarm/Tests/Regression/Manager/Logs/macos-latest_3.8/Manager.GUIBasic-screenshot-5.png&lt;br/&gt;&lt;img src="/Users/runner/work/rfswarm/rfswarm/Tests/Regression/Manager/Logs/macos-latest_3.8/Manager.GUIBasic-screenshot-5.png" width="100%" /&gt;</msg>
<status status="PASS" starttime="20230308 06:51:37.981" endtime="20230308 06:51:38.267"/>
</kw>
<status status="PASS" starttime="20230308 06:51:36.453" endtime="20230308 06:51:38.267"/>
</kw>
<kw name="Sleep" library="BuiltIn">
<arg>5</arg>
<doc>Pauses the test executed for the given time.</doc>
<msg timestamp="20230308 06:51:43.269" level="INFO">Slept 5 seconds</msg>
<status status="PASS" starttime="20230308 06:51:38.268" endtime="20230308 06:51:43.269"/>
</kw>
<tag>macos-latest</tag>
<tag>ubuntu-latest</tag>
<tag>windows-latest</tag>
<status status="PASS" starttime="20230308 06:51:36.452" endtime="20230308 06:51:43.269"/>
</test>
<test id="s1-s2-t6" name="Close GUI" line="78">
<kw name="Click Image" library="ImageHorizonLibrary">
<arg>manager_${platform}_button_closewindow.png</arg>
<doc>Finds the reference image on screen and clicks it once.</doc>
<msg timestamp="20230308 06:51:43.665" level="INFO">Image "/Users/runner/work/rfswarm/rfswarm/Tests/Regression/Manager/Images/file_method/manager_macos_button_closewindow.png" found at Box(left=9, top=31, width=19, height=25)</msg>
<msg timestamp="20230308 06:51:43.666" level="INFO">Clicking image "manager_macos_button_closewindow.png" in position (18, 43)</msg>
<status status="PASS" starttime="20230308 06:51:43.270" endtime="20230308 06:51:43.794"/>
</kw>
<kw name="Take A Screenshot" library="ImageHorizonLibrary">
<doc>Takes a screenshot of the screen.</doc>
<msg timestamp="20230308 06:51:43.795" level="INFO" html="true">Screenshot taken: /Users/runner/work/rfswarm/rfswarm/Tests/Regression/Manager/Logs/macos-latest_3.8/Manager.GUIBasic-screenshot-6.png&lt;br/&gt;&lt;img src="/Users/runner/work/rfswarm/rfswarm/Tests/Regression/Manager/Logs/macos-latest_3.8/Manager.GUIBasic-screenshot-6.png" width="100%" /&gt;</msg>
<status status="PASS" starttime="20230308 06:51:43.794" endtime="20230308 06:51:44.058"/>
</kw>
<kw name="Wait For Process" library="Process">
<var>${result}</var>
<arg>${process}</arg>
<arg>timeout=60</arg>
<doc>Waits for the process to complete or to reach the given timeout.</doc>
<msg timestamp="20230308 06:51:44.060" level="INFO">Waiting for process to complete.</msg>
<msg timestamp="20230308 06:51:45.189" level="INFO">Process completed.</msg>
<msg timestamp="20230308 06:51:45.190" level="INFO">${result} = &lt;result object with rc 0&gt;</msg>
<status status="PASS" starttime="20230308 06:51:44.059" endtime="20230308 06:51:45.190"/>
</kw>
<kw name="Is Process Running" library="Process">
<var>${running}</var>
<arg>${process}</arg>
<doc>Checks is the process running or not.</doc>
<msg timestamp="20230308 06:51:45.190" level="INFO">${running} = False</msg>
<status status="PASS" starttime="20230308 06:51:45.190" endtime="20230308 06:51:45.190"/>
</kw>
<if>
<branch type="IF" condition="not ${running}">
<kw name="Should Be Equal As Integers" library="BuiltIn">
<arg>${result.rc}</arg>
<arg>0</arg>
<doc>Fails if objects are unequal after converting them to integers.</doc>
<msg timestamp="20230308 06:51:45.192" level="INFO">Argument types are:
&lt;class 'int'&gt;
&lt;class 'str'&gt;</msg>
<status status="PASS" starttime="20230308 06:51:45.191" endtime="20230308 06:51:45.192"/>
</kw>
<status status="PASS" starttime="20230308 06:51:45.191" endtime="20230308 06:51:45.192"/>
</branch>
<branch type="ELSE">
<kw name="Take A Screenshot" library="ImageHorizonLibrary">
<doc>Takes a screenshot of the screen.</doc>
<status status="NOT RUN" starttime="20230308 06:51:45.192" endtime="20230308 06:51:45.192"/>
</kw>
<kw name="Terminate Process" library="Process">
<var>${result}</var>
<arg>${process}</arg>
<doc>Stops the process gracefully or forcefully.</doc>
<status status="NOT RUN" starttime="20230308 06:51:45.192" endtime="20230308 06:51:45.192"/>
</kw>
<kw name="Fail" library="BuiltIn">
<doc>Fails the test with the given message and optionally alters its tags.</doc>
<status status="NOT RUN" starttime="20230308 06:51:45.192" endtime="20230308 06:51:45.193"/>
</kw>
<status status="NOT RUN" starttime="20230308 06:51:45.192" endtime="20230308 06:51:45.193"/>
</branch>
<status status="PASS" starttime="20230308 06:51:45.190" endtime="20230308 06:51:45.193"/>
</if>
<tag>macos-latest</tag>
<status status="PASS" starttime="20230308 06:51:43.270" endtime="20230308 06:51:45.193"/>
</test>
<status status="PASS" starttime="20230308 06:50:55.598" endtime="20230308 06:51:45.194"/>
</suite>
<status status="PASS" starttime="20230308 06:50:04.859" endtime="20230308 06:51:45.196"/>
</suite>
<statistics>
<total>
<stat pass="9" fail="0" skip="0">All Tests</stat>
</total>
<tag>
<stat pass="9" fail="0" skip="0">macos-latest</stat>
<stat pass="7" fail="0" skip="0">ubuntu-latest</stat>
<stat pass="7" fail="0" skip="0">windows-latest</stat>
</tag>
<suite>
<stat pass="9" fail="0" skip="0" id="s1" name="Manager">Manager</stat>
<stat pass="3" fail="0" skip="0" id="s1-s1" name="CommandLine">Manager.CommandLine</stat>
<stat pass="6" fail="0" skip="0" id="s1-s2" name="GUI Basic">Manager.GUI Basic</stat>
</suite>
</statistics>
<errors>
</errors>
</robot>
