<?xml version="1.0" encoding="UTF-8"?>
<robot generator="Robot 4.1.3 (Python 3.8.12 on darwin)" generated="20220222 08:48:09.326" rpa="false" schemaversion="2">
<suite id="s1" name="Manager" source="/Users/runner/work/rfswarm/rfswarm/Tests/Regression/Manager">
<suite id="s1-s1" name="CommandLine" source="/Users/runner/work/rfswarm/rfswarm/Tests/Regression/Manager/CommandLine.robot">
<kw name="Clean Up Old Files" type="SETUP">
<tag>macos-latest</tag>
<tag>ubuntu-latest</tag>
<tag>windows-latest</tag>
<kw name="Log To Console" library="BuiltIn">
<arg>${OUTPUT DIR}</arg>
<doc>Logs the given message to the console.</doc>
<status status="PASS" starttime="20220222 08:48:09.372" endtime="20220222 08:48:09.373"/>
</kw>
<kw name="Remove File" library="OperatingSystem">
<arg>${OUTPUT DIR}${/}*.txt</arg>
<doc>Removes a file with the given path.</doc>
<msg timestamp="20220222 08:48:09.375" level="INFO" html="true">Removed file '&lt;a href="file:///Users/runner/work/rfswarm/rfswarm/Tests/Regression/Manager/Logs/macos-latest_3.8/Sikuli_java_stderr_1645421146.7155619.txt"&gt;/Users/runner/work/rfswarm/rfswarm/Tests/Regression/Manager/Logs/macos-latest_3.8/Sikuli_java_stderr_1645421146.7155619.txt&lt;/a&gt;'.</msg>
<msg timestamp="20220222 08:48:09.375" level="INFO" html="true">Removed file '&lt;a href="file:///Users/runner/work/rfswarm/rfswarm/Tests/Regression/Manager/Logs/macos-latest_3.8/Sikuli_java_stdout_1645421151.690151.txt"&gt;/Users/runner/work/rfswarm/rfswarm/Tests/Regression/Manager/Logs/macos-latest_3.8/Sikuli_java_stdout_1645421151.690151.txt&lt;/a&gt;'.</msg>
<msg timestamp="20220222 08:48:09.375" level="INFO" html="true">Removed file '&lt;a href="file:///Users/runner/work/rfswarm/rfswarm/Tests/Regression/Manager/Logs/macos-latest_3.8/stdout.txt"&gt;/Users/runner/work/rfswarm/rfswarm/Tests/Regression/Manager/Logs/macos-latest_3.8/stdout.txt&lt;/a&gt;'.</msg>
<msg timestamp="20220222 08:48:09.375" level="INFO" html="true">Removed file '&lt;a href="file:///Users/runner/work/rfswarm/rfswarm/Tests/Regression/Manager/Logs/macos-latest_3.8/Sikuli_java_stdout_1645519037.6268318.txt"&gt;/Users/runner/work/rfswarm/rfswarm/Tests/Regression/Manager/Logs/macos-latest_3.8/Sikuli_java_stdout_1645519037.6268318.txt&lt;/a&gt;'.</msg>
<msg timestamp="20220222 08:48:09.375" level="INFO" html="true">Removed file '&lt;a href="file:///Users/runner/work/rfswarm/rfswarm/Tests/Regression/Manager/Logs/macos-latest_3.8/Sikuli_java_stderr_1645422383.8108742.txt"&gt;/Users/runner/work/rfswarm/rfswarm/Tests/Regression/Manager/Logs/macos-latest_3.8/Sikuli_java_stderr_1645422383.8108742.txt&lt;/a&gt;'.</msg>
<msg timestamp="20220222 08:48:09.376" level="INFO" html="true">Removed file '&lt;a href="file:///Users/runner/work/rfswarm/rfswarm/Tests/Regression/Manager/Logs/macos-latest_3.8/Sikuli_java_stderr_1645420053.9266078.txt"&gt;/Users/runner/work/rfswarm/rfswarm/Tests/Regression/Manager/Logs/macos-latest_3.8/Sikuli_java_stderr_1645420053.9266078.txt&lt;/a&gt;'.</msg>
<msg timestamp="20220222 08:48:09.376" level="INFO" html="true">Removed file '&lt;a href="file:///Users/runner/work/rfswarm/rfswarm/Tests/Regression/Manager/Logs/macos-latest_3.8/Sikuli_java_stdout_1645421893.482091.txt"&gt;/Users/runner/work/rfswarm/rfswarm/Tests/Regression/Manager/Logs/macos-latest_3.8/Sikuli_java_stdout_1645421893.482091.txt&lt;/a&gt;'.</msg>
<msg timestamp="20220222 08:48:09.376" level="INFO" html="true">Removed file '&lt;a href="file:///Users/runner/work/rfswarm/rfswarm/Tests/Regression/Manager/Logs/macos-latest_3.8/Sikuli_java_stdout_1645420053.9263859.txt"&gt;/Users/runner/work/rfswarm/rfswarm/Tests/Regression/Manager/Logs/macos-latest_3.8/Sikuli_java_stdout_1645420053.9263859.txt&lt;/a&gt;'.</msg>
<msg timestamp="20220222 08:48:09.376" level="INFO" html="true">Removed file '&lt;a href="file:///Users/runner/work/rfswarm/rfswarm/Tests/Regression/Manager/Logs/macos-latest_3.8/Sikuli_java_stderr_1645519037.6270561.txt"&gt;/Users/runner/work/rfswarm/rfswarm/Tests/Regression/Manager/Logs/macos-latest_3.8/Sikuli_java_stderr_1645519037.6270561.txt&lt;/a&gt;'.</msg>
<msg timestamp="20220222 08:48:09.376" level="INFO" html="true">Removed file '&lt;a href="file:///Users/runner/work/rfswarm/rfswarm/Tests/Regression/Manager/Logs/macos-latest_3.8/Sikuli_java_stdout_1645421132.729027.txt"&gt;/Users/runner/work/rfswarm/rfswarm/Tests/Regression/Manager/Logs/macos-latest_3.8/Sikuli_java_stdout_1645421132.729027.txt&lt;/a&gt;'.</msg>
<msg timestamp="20220222 08:48:09.377" level="INFO" html="true">Removed file '&lt;a href="file:///Users/runner/work/rfswarm/rfswarm/Tests/Regression/Manager/Logs/macos-latest_3.8/Sikuli_java_stderr_1645494206.34003.txt"&gt;/Users/runner/work/rfswarm/rfswarm/Tests/Regression/Manager/Logs/macos-latest_3.8/Sikuli_java_stderr_1645494206.34003.txt&lt;/a&gt;'.</msg>
<msg timestamp="20220222 08:48:09.377" level="INFO" html="true">Removed file '&lt;a href="file:///Users/runner/work/rfswarm/rfswarm/Tests/Regression/Manager/Logs/macos-latest_3.8/Sikuli_java_stdout_1645512047.623011.txt"&gt;/Users/runner/work/rfswarm/rfswarm/Tests/Regression/Manager/Logs/macos-latest_3.8/Sikuli_java_stdout_1645512047.623011.txt&lt;/a&gt;'.</msg>
<msg timestamp="20220222 08:48:09.377" level="INFO" html="true">Removed file '&lt;a href="file:///Users/runner/work/rfswarm/rfswarm/Tests/Regression/Manager/Logs/macos-latest_3.8/Sikuli_java_stdout_1645421146.715326.txt"&gt;/Users/runner/work/rfswarm/rfswarm/Tests/Regression/Manager/Logs/macos-latest_3.8/Sikuli_java_stdout_1645421146.715326.txt&lt;/a&gt;'.</msg>
<msg timestamp="20220222 08:48:09.377" level="INFO" html="true">Removed file '&lt;a href="file:///Users/runner/work/rfswarm/rfswarm/Tests/Regression/Manager/Logs/macos-latest_3.8/Sikuli_java_stderr_1645421132.729307.txt"&gt;/Users/runner/work/rfswarm/rfswarm/Tests/Regression/Manager/Logs/macos-latest_3.8/Sikuli_java_stderr_1645421132.729307.txt&lt;/a&gt;'.</msg>
<msg timestamp="20220222 08:48:09.377" level="INFO" html="true">Removed file '&lt;a href="file:///Users/runner/work/rfswarm/rfswarm/Tests/Regression/Manager/Logs/macos-latest_3.8/Sikuli_java_stdout_1645426502.2790442.txt"&gt;/Users/runner/work/rfswarm/rfswarm/Tests/Regression/Manager/Logs/macos-latest_3.8/Sikuli_java_stdout_1645426502.2790442.txt&lt;/a&gt;'.</msg>
<msg timestamp="20220222 08:48:09.377" level="INFO" html="true">Removed file '&lt;a href="file:///Users/runner/work/rfswarm/rfswarm/Tests/Regression/Manager/Logs/macos-latest_3.8/Sikuli_java_stdout_1645512554.707904.txt"&gt;/Users/runner/work/rfswarm/rfswarm/Tests/Regression/Manager/Logs/macos-latest_3.8/Sikuli_java_stdout_1645512554.707904.txt&lt;/a&gt;'.</msg>
<msg timestamp="20220222 08:48:09.378" level="INFO" html="true">Removed file '&lt;a href="file:///Users/runner/work/rfswarm/rfswarm/Tests/Regression/Manager/Logs/macos-latest_3.8/Sikuli_java_stderr_1645512047.623384.txt"&gt;/Users/runner/work/rfswarm/rfswarm/Tests/Regression/Manager/Logs/macos-latest_3.8/Sikuli_java_stderr_1645512047.623384.txt&lt;/a&gt;'.</msg>
<msg timestamp="20220222 08:48:09.378" level="INFO" html="true">Removed file '&lt;a href="file:///Users/runner/work/rfswarm/rfswarm/Tests/Regression/Manager/Logs/macos-latest_3.8/Sikuli_java_stderr_1645512554.708152.txt"&gt;/Users/runner/work/rfswarm/rfswarm/Tests/Regression/Manager/Logs/macos-latest_3.8/Sikuli_java_stderr_1645512554.708152.txt&lt;/a&gt;'.</msg>
<msg timestamp="20220222 08:48:09.378" level="INFO" html="true">Removed file '&lt;a href="file:///Users/runner/work/rfswarm/rfswarm/Tests/Regression/Manager/Logs/macos-latest_3.8/Sikuli_java_stdout_1645421137.459658.txt"&gt;/Users/runner/work/rfswarm/rfswarm/Tests/Regression/Manager/Logs/macos-latest_3.8/Sikuli_java_stdout_1645421137.459658.txt&lt;/a&gt;'.</msg>
<msg timestamp="20220222 08:48:09.378" level="INFO" html="true">Removed file '&lt;a href="file:///Users/runner/work/rfswarm/rfswarm/Tests/Regression/Manager/Logs/macos-latest_3.8/stderr.txt"&gt;/Users/runner/work/rfswarm/rfswarm/Tests/Regression/Manager/Logs/macos-latest_3.8/stderr.txt&lt;/a&gt;'.</msg>
<msg timestamp="20220222 08:48:09.378" level="INFO" html="true">Removed file '&lt;a href="file:///Users/runner/work/rfswarm/rfswarm/Tests/Regression/Manager/Logs/macos-latest_3.8/Sikuli_java_stdout_1645512043.163146.txt"&gt;/Users/runner/work/rfswarm/rfswarm/Tests/Regression/Manager/Logs/macos-latest_3.8/Sikuli_java_stdout_1645512043.163146.txt&lt;/a&gt;'.</msg>
<msg timestamp="20220222 08:48:09.379" level="INFO" html="true">Removed file '&lt;a href="file:///Users/runner/work/rfswarm/rfswarm/Tests/Regression/Manager/Logs/macos-latest_3.8/Sikuli_java_stderr_1645512043.1633668.txt"&gt;/Users/runner/work/rfswarm/rfswarm/Tests/Regression/Manager/Logs/macos-latest_3.8/Sikuli_java_stderr_1645512043.1633668.txt&lt;/a&gt;'.</msg>
<msg timestamp="20220222 08:48:09.379" level="INFO" html="true">Removed file '&lt;a href="file:///Users/runner/work/rfswarm/rfswarm/Tests/Regression/Manager/Logs/macos-latest_3.8/Sikuli_java_stderr_1645421137.459875.txt"&gt;/Users/runner/work/rfswarm/rfswarm/Tests/Regression/Manager/Logs/macos-latest_3.8/Sikuli_java_stderr_1645421137.459875.txt&lt;/a&gt;'.</msg>
<msg timestamp="20220222 08:48:09.379" level="INFO" html="true">Removed file '&lt;a href="file:///Users/runner/work/rfswarm/rfswarm/Tests/Regression/Manager/Logs/macos-latest_3.8/Sikuli_java_stdout_1645494206.339809.txt"&gt;/Users/runner/work/rfswarm/rfswarm/Tests/Regression/Manager/Logs/macos-latest_3.8/Sikuli_java_stdout_1645494206.339809.txt&lt;/a&gt;'.</msg>
<msg timestamp="20220222 08:48:09.379" level="INFO" html="true">Removed file '&lt;a href="file:///Users/runner/work/rfswarm/rfswarm/Tests/Regression/Manager/Logs/macos-latest_3.8/Sikuli_java_stdout_1645422383.810656.txt"&gt;/Users/runner/work/rfswarm/rfswarm/Tests/Regression/Manager/Logs/macos-latest_3.8/Sikuli_java_stdout_1645422383.810656.txt&lt;/a&gt;'.</msg>
<msg timestamp="20220222 08:48:09.379" level="INFO" html="true">Removed file '&lt;a href="file:///Users/runner/work/rfswarm/rfswarm/Tests/Regression/Manager/Logs/macos-latest_3.8/Sikuli_java_stderr_1645426502.2794318.txt"&gt;/Users/runner/work/rfswarm/rfswarm/Tests/Regression/Manager/Logs/macos-latest_3.8/Sikuli_java_stderr_1645426502.2794318.txt&lt;/a&gt;'.</msg>
<msg timestamp="20220222 08:48:09.379" level="INFO" html="true">Removed file '&lt;a href="file:///Users/runner/work/rfswarm/rfswarm/Tests/Regression/Manager/Logs/macos-latest_3.8/Sikuli_java_stderr_1645421142.090635.txt"&gt;/Users/runner/work/rfswarm/rfswarm/Tests/Regression/Manager/Logs/macos-latest_3.8/Sikuli_java_stderr_1645421142.090635.txt&lt;/a&gt;'.</msg>
<msg timestamp="20220222 08:48:09.380" level="INFO" html="true">Removed file '&lt;a href="file:///Users/runner/work/rfswarm/rfswarm/Tests/Regression/Manager/Logs/macos-latest_3.8/Sikuli_java_stderr_1645421151.6903691.txt"&gt;/Users/runner/work/rfswarm/rfswarm/Tests/Regression/Manager/Logs/macos-latest_3.8/Sikuli_java_stderr_1645421151.6903691.txt&lt;/a&gt;'.</msg>
<msg timestamp="20220222 08:48:09.380" level="INFO" html="true">Removed file '&lt;a href="file:///Users/runner/work/rfswarm/rfswarm/Tests/Regression/Manager/Logs/macos-latest_3.8/Sikuli_java_stdout_1645421142.0904179.txt"&gt;/Users/runner/work/rfswarm/rfswarm/Tests/Regression/Manager/Logs/macos-latest_3.8/Sikuli_java_stdout_1645421142.0904179.txt&lt;/a&gt;'.</msg>
<msg timestamp="20220222 08:48:09.380" level="INFO" html="true">Removed file '&lt;a href="file:///Users/runner/work/rfswarm/rfswarm/Tests/Regression/Manager/Logs/macos-latest_3.8/Sikuli_java_stderr_1645421893.482322.txt"&gt;/Users/runner/work/rfswarm/rfswarm/Tests/Regression/Manager/Logs/macos-latest_3.8/Sikuli_java_stderr_1645421893.482322.txt&lt;/a&gt;'.</msg>
<status status="PASS" starttime="20220222 08:48:09.373" endtime="20220222 08:48:09.380"/>
</kw>
<kw name="Remove File" library="OperatingSystem">
<arg>${OUTPUT DIR}${/}sikuli_captured${/}*.*</arg>
<doc>Removes a file with the given path.</doc>
<msg timestamp="20220222 08:48:09.381" level="INFO" html="true">Removed file '&lt;a href="file:///Users/runner/work/rfswarm/rfswarm/Tests/Regression/Manager/Logs/macos-latest_3.8/sikuli_captured/sikuliximage-1645519176088.png"&gt;/Users/runner/work/rfswarm/rfswarm/Tests/Regression/Manager/Logs/macos-latest_3.8/sikuli_captured/sikuliximage-1645519176088.png&lt;/a&gt;'.</msg>
<msg timestamp="20220222 08:48:09.381" level="INFO" html="true">Removed file '&lt;a href="file:///Users/runner/work/rfswarm/rfswarm/Tests/Regression/Manager/Logs/macos-latest_3.8/sikuli_captured/sikuliximage-1645519105054.png"&gt;/Users/runner/work/rfswarm/rfswarm/Tests/Regression/Manager/Logs/macos-latest_3.8/sikuli_captured/sikuliximage-1645519105054.png&lt;/a&gt;'.</msg>
<status status="PASS" starttime="20220222 08:48:09.380" endtime="20220222 08:48:09.381"/>
</kw>
<status status="PASS" starttime="20220222 08:48:09.372" endtime="20220222 08:48:09.382"/>
</kw>
<test id="s1-s1-t1" name="Random Offset">
<kw name="Evaluate" library="BuiltIn">
<var>${random}</var>
<arg>random.randint(0, 60)</arg>
<doc>Evaluates the given expression in Python and returns the result.</doc>
<msg timestamp="20220222 08:48:09.383" level="INFO">${random} = 56</msg>
<status status="PASS" starttime="20220222 08:48:09.382" endtime="20220222 08:48:09.383"/>
</kw>
<kw name="Sleep" library="BuiltIn">
<arg>${random}</arg>
<doc>Pauses the test executed for the given time.</doc>
<msg timestamp="20220222 08:49:05.385" level="INFO">Slept 56 seconds</msg>
<status status="PASS" starttime="20220222 08:48:09.383" endtime="20220222 08:49:05.385"/>
</kw>
<doc>This just prevents all the test runners doing git push at the same time</doc>
<tag>macos-latest</tag>
<tag>ubuntu-latest</tag>
<tag>windows-latest</tag>
<status status="PASS" starttime="20220222 08:48:09.382" endtime="20220222 08:49:05.385"/>
</test>
<test id="s1-s1-t2" name="Manager Version">
<kw name="Run" library="OperatingSystem">
<var>${result}</var>
<arg>python3 ${EXECDIR}${/}rfswarm_manager${/}rfswarm.py -v</arg>
<doc>Runs the given command in the system and returns the output.</doc>
<msg timestamp="20220222 08:49:05.401" level="INFO">Running command 'python3 /Users/runner/work/rfswarm/rfswarm/rfswarm_manager/rfswarm.py -v 2&gt;&amp;1'.</msg>
<msg timestamp="20220222 08:49:17.637" level="INFO">${result} = Unable to revert mtime: /Library/Fonts
Robot Framework Swarm: Manager 
	Version 1.1.0 </msg>
<status status="PASS" starttime="20220222 08:49:05.386" endtime="20220222 08:49:17.637"/>
</kw>
<kw name="Log To Console" library="BuiltIn">
<arg>${\n}${result}</arg>
<doc>Logs the given message to the console.</doc>
<status status="PASS" starttime="20220222 08:49:17.638" endtime="20220222 08:49:17.638"/>
</kw>
<kw name="Should Contain" library="BuiltIn">
<arg>${result}</arg>
<arg>Version</arg>
<doc>Fails if ``container`` does not contain ``item`` one or more times.</doc>
<status status="PASS" starttime="20220222 08:49:17.638" endtime="20220222 08:49:17.639"/>
</kw>
<kw name="Should Contain" library="BuiltIn">
<arg>${result}</arg>
<arg>Manager</arg>
<doc>Fails if ``container`` does not contain ``item`` one or more times.</doc>
<status status="PASS" starttime="20220222 08:49:17.639" endtime="20220222 08:49:17.639"/>
</kw>
<tag>macos-latest</tag>
<tag>ubuntu-latest</tag>
<tag>windows-latest</tag>
<status status="PASS" starttime="20220222 08:49:05.386" endtime="20220222 08:49:17.639"/>
</test>
<test id="s1-s1-t3" name="Manager Help">
<kw name="Run" library="OperatingSystem">
<var>${result}</var>
<arg>python3 ${EXECDIR}${/}rfswarm_manager${/}rfswarm.py -h</arg>
<doc>Runs the given command in the system and returns the output.</doc>
<msg timestamp="20220222 08:49:17.643" level="INFO">Running command 'python3 /Users/runner/work/rfswarm/rfswarm/rfswarm_manager/rfswarm.py -h 2&gt;&amp;1'.</msg>
<msg timestamp="20220222 08:49:18.955" level="INFO">${result} = Robot Framework Swarm: Manager 
	Version 1.1.0 
usage: rfswarm.py [-h] [-g DEBUG] [-v] [-i INI] [-s SCENARIO] [-r] [-a AGENTS]
                  [-n] [-t STARTTIME] [-d DIR] [-e IPADDRESS] [-p PORT]

...</msg>
<status status="PASS" starttime="20220222 08:49:17.640" endtime="20220222 08:49:18.955"/>
</kw>
<kw name="Log To Console" library="BuiltIn">
<arg>${\n}${result}</arg>
<doc>Logs the given message to the console.</doc>
<status status="PASS" starttime="20220222 08:49:18.955" endtime="20220222 08:49:18.956"/>
</kw>
<kw name="Should Contain" library="BuiltIn">
<arg>${result}</arg>
<arg>IPADDRESS</arg>
<doc>Fails if ``container`` does not contain ``item`` one or more times.</doc>
<status status="PASS" starttime="20220222 08:49:18.957" endtime="20220222 08:49:18.957"/>
</kw>
<tag>macos-latest</tag>
<tag>ubuntu-latest</tag>
<tag>windows-latest</tag>
<status status="PASS" starttime="20220222 08:49:17.640" endtime="20220222 08:49:18.957"/>
</test>
<status status="PASS" starttime="20220222 08:48:09.359" endtime="20220222 08:49:18.958"/>
</suite>
<suite id="s1-s2" name="GUI Basic" source="/Users/runner/work/rfswarm/rfswarm/Tests/Regression/Manager/GUI_Basic.robot">
<kw name="Sikili Setup" type="SETUP">
<kw name="Add Image Path" library="SikuliLibrary">
<arg>${IMAGE_DIR}</arg>
<doc>Add image path</doc>
<status status="PASS" starttime="20220222 08:49:25.525" endtime="20220222 08:49:25.550"/>
</kw>
<status status="PASS" starttime="20220222 08:49:25.524" endtime="20220222 08:49:25.550"/>
</kw>
<test id="s1-s2-t1" name="GUI Runs and Closes">
<kw name="Start Process" library="Process">
<arg>python3</arg>
<arg>${EXECDIR}${/}rfswarm_manager${/}rfswarm.py</arg>
<arg>-g</arg>
<arg>5</arg>
<arg>alias=Manager</arg>
<arg>stdout=${OUTPUT DIR}${/}stdout.txt</arg>
<arg>stderr=${OUTPUT DIR}${/}stderr.txt</arg>
<doc>Starts a new process on background.</doc>
<msg timestamp="20220222 08:49:25.552" level="INFO">Starting process:
python3 /Users/runner/work/rfswarm/rfswarm/rfswarm_manager/rfswarm.py -g 5</msg>
<status status="PASS" starttime="20220222 08:49:25.551" endtime="20220222 08:49:25.557"/>
</kw>
<kw name="Sleep" library="BuiltIn">
<arg>60</arg>
<doc>Pauses the test executed for the given time.</doc>
<msg timestamp="20220222 08:50:25.559" level="INFO">Slept 1 minute</msg>
<status status="PASS" starttime="20220222 08:49:25.558" endtime="20220222 08:50:25.559"/>
</kw>
<kw name="Capture Screen" library="SikuliLibrary">
<doc>Capture whole screen, file name is returned</doc>
<msg timestamp="20220222 08:50:26.902" level="INFO" html="true">&lt;img src='sikuli_captured/sikuliximage-1645519826315.png'/&gt;</msg>
<status status="PASS" starttime="20220222 08:50:25.560" endtime="20220222 08:50:26.902"/>
</kw>
<kw name="Wait Until Screen Contain" library="SikuliLibrary">
<arg>rfwasrm_mac_Window_Controls.png</arg>
<arg>60</arg>
<doc>Wait until screen contain
 Wait until image shown in screen</doc>
<msg timestamp="20220222 08:51:29.054" level="INFO" html="true">&lt;img src='sikuli_captured/sikuliximage-1645519888624.png'/&gt;</msg>
<msg timestamp="20220222 08:51:29.055" level="FAIL">com.github.rainmanwy.robotframework.sikulilib.exceptions.TimeoutException: Timeout happened, could not find P(rfwasrm_mac_Window_Controls.png) S: 0.699999988079071</msg>
<status status="FAIL" starttime="20220222 08:50:26.902" endtime="20220222 08:51:29.055"/>
</kw>
<kw name="Make rfswarm Active">
<status status="NOT RUN" starttime="20220222 08:51:29.056" endtime="20220222 08:51:29.056"/>
</kw>
<kw name="Type With Modifiers" library="SikuliLibrary">
<arg>q</arg>
<arg>CMD</arg>
<doc>Type with modifiers</doc>
<status status="NOT RUN" starttime="20220222 08:51:29.056" endtime="20220222 08:51:29.056"/>
</kw>
<kw name="Wait For Process" library="Process">
<var>${result}</var>
<arg>Manager</arg>
<doc>Waits for the process to complete or to reach the given timeout.</doc>
<status status="NOT RUN" starttime="20220222 08:51:29.057" endtime="20220222 08:51:29.057"/>
</kw>
<kw name="Should Be Equal As Integers" library="BuiltIn">
<arg>${result.rc}</arg>
<arg>0</arg>
<doc>Fails if objects are unequal after converting them to integers.</doc>
<status status="NOT RUN" starttime="20220222 08:51:29.057" endtime="20220222 08:51:29.057"/>
</kw>
<tag>macos-latest</tag>
<status status="FAIL" starttime="20220222 08:49:25.550" endtime="20220222 08:51:29.057">com.github.rainmanwy.robotframework.sikulilib.exceptions.TimeoutException: Timeout happened, could not find P(rfwasrm_mac_Window_Controls.png) S: 0.699999988079071</status>
</test>
<kw name="Sikili Teardown" type="TEARDOWN">
<kw name="Is Process Running" library="Process">
<var>${running}</var>
<arg>Manager</arg>
<doc>Checks is the process running or not.</doc>
<msg timestamp="20220222 08:51:29.059" level="INFO">${running} = True</msg>
<status status="PASS" starttime="20220222 08:51:29.059" endtime="20220222 08:51:29.059"/>
</kw>
<if>
<branch type="IF" condition="${running}">
<kw name="Terminate Process" library="Process">
<var>${result}</var>
<arg>Manager</arg>
<doc>Stops the process gracefully or forcefully.</doc>
<msg timestamp="20220222 08:51:29.060" level="INFO">Gracefully terminating process.</msg>
<msg timestamp="20220222 08:51:31.187" level="INFO">Process completed.</msg>
<msg timestamp="20220222 08:51:31.187" level="INFO">${result} = &lt;result object with rc 0&gt;</msg>
<status status="PASS" starttime="20220222 08:51:29.060" endtime="20220222 08:51:31.187"/>
</kw>
<kw name="Log" library="BuiltIn">
<arg>${result}</arg>
<doc>Logs the given message with the given level.</doc>
<msg timestamp="20220222 08:51:31.188" level="INFO">&lt;result object with rc 0&gt;</msg>
<status status="PASS" starttime="20220222 08:51:31.187" endtime="20220222 08:51:31.188"/>
</kw>
<kw name="Get File" library="OperatingSystem">
<var>${stdout}</var>
<arg>${OUTPUT DIR}${/}stdout.txt</arg>
<doc>Returns the contents of a specified file.</doc>
<msg timestamp="20220222 08:51:31.188" level="INFO" html="true">Getting file '&lt;a href="file:///Users/runner/work/rfswarm/rfswarm/Tests/Regression/Manager/Logs/macos-latest_3.8/stdout.txt"&gt;/Users/runner/work/rfswarm/rfswarm/Tests/Regression/Manager/Logs/macos-latest_3.8/stdout.txt&lt;/a&gt;'.</msg>
<msg timestamp="20220222 08:51:31.188" level="INFO">${stdout} = </msg>
<status status="PASS" starttime="20220222 08:51:31.188" endtime="20220222 08:51:31.189"/>
</kw>
<kw name="Log" library="BuiltIn">
<arg>${stdout}</arg>
<doc>Logs the given message with the given level.</doc>
<msg timestamp="20220222 08:51:31.189" level="INFO"/>
<status status="PASS" starttime="20220222 08:51:31.189" endtime="20220222 08:51:31.189"/>
</kw>
<kw name="Get File" library="OperatingSystem">
<var>${stderr}</var>
<arg>${OUTPUT DIR}${/}stderr.txt</arg>
<doc>Returns the contents of a specified file.</doc>
<msg timestamp="20220222 08:51:31.189" level="INFO" html="true">Getting file '&lt;a href="file:///Users/runner/work/rfswarm/rfswarm/Tests/Regression/Manager/Logs/macos-latest_3.8/stderr.txt"&gt;/Users/runner/work/rfswarm/rfswarm/Tests/Regression/Manager/Logs/macos-latest_3.8/stderr.txt&lt;/a&gt;'.</msg>
<msg timestamp="20220222 08:51:31.190" level="INFO">${stderr} = </msg>
<status status="PASS" starttime="20220222 08:51:31.189" endtime="20220222 08:51:31.190"/>
</kw>
<kw name="Log" library="BuiltIn">
<arg>${stderr}</arg>
<doc>Logs the given message with the given level.</doc>
<msg timestamp="20220222 08:51:31.190" level="INFO"/>
<status status="PASS" starttime="20220222 08:51:31.190" endtime="20220222 08:51:31.190"/>
</kw>
<status status="PASS" starttime="20220222 08:51:29.059" endtime="20220222 08:51:31.190"/>
</branch>
<status status="PASS" starttime="20220222 08:51:29.059" endtime="20220222 08:51:31.190"/>
</if>
<status status="PASS" starttime="20220222 08:51:29.058" endtime="20220222 08:51:31.190"/>
</kw>
<status status="FAIL" starttime="20220222 08:49:18.960" endtime="20220222 08:51:31.190"/>
</suite>
<status status="FAIL" starttime="20220222 08:48:09.328" endtime="20220222 08:51:31.192"/>
</suite>
<statistics>
<total>
<stat pass="3" fail="1" skip="0">All Tests</stat>
</total>
<tag>
<stat pass="3" fail="1" skip="0">macos-latest</stat>
<stat pass="3" fail="0" skip="0">ubuntu-latest</stat>
<stat pass="3" fail="0" skip="0">windows-latest</stat>
</tag>
<suite>
<stat pass="3" fail="1" skip="0" id="s1" name="Manager">Manager</stat>
<stat pass="3" fail="0" skip="0" id="s1-s1" name="CommandLine">Manager.CommandLine</stat>
<stat pass="0" fail="1" skip="0" id="s1-s2" name="GUI Basic">Manager.GUI Basic</stat>
</suite>
</statistics>
<errors>
</errors>
</robot>
