<?xml version="1.0" encoding="UTF-8"?>
<robot generator="Robot 7.0 (Python 3.8.18 on darwin)" generated="2024-02-14T16:26:33.657009" rpa="false" schemaversion="5">
<suite id="s1" name="Manager" source="/Users/runner/work/rfswarm/rfswarm/Tests/Regression/Manager">
<suite id="s1-s1" name="CommandLine" source="/Users/runner/work/rfswarm/rfswarm/Tests/Regression/Manager/CommandLine.robot">
<kw name="Clean Up Old Files" type="SETUP">
<kw name="Log To Console" owner="BuiltIn">
<arg>${OUTPUT DIR}</arg>
<doc>Logs the given message to the console.</doc>
<status status="PASS" start="2024-02-14T16:26:33.689746" elapsed="0.000215"/>
</kw>
<kw name="Remove File" owner="OperatingSystem">
<msg time="2024-02-14T16:26:33.690727" level="INFO" html="true">Removed file '&lt;a href="file:///Users/runner/work/rfswarm/rfswarm/Tests/Regression/Manager/Logs/macos-latest_3.8/stdout.txt"&gt;/Users/runner/work/rfswarm/rfswarm/Tests/Regression/Manager/Logs/macos-latest_3.8/stdout.txt&lt;/a&gt;'.</msg>
<msg time="2024-02-14T16:26:33.690827" level="INFO" html="true">Removed file '&lt;a href="file:///Users/runner/work/rfswarm/rfswarm/Tests/Regression/Manager/Logs/macos-latest_3.8/stdout_agent.txt"&gt;/Users/runner/work/rfswarm/rfswarm/Tests/Regression/Manager/Logs/macos-latest_3.8/stdout_agent.txt&lt;/a&gt;'.</msg>
<msg time="2024-02-14T16:26:33.690904" level="INFO" html="true">Removed file '&lt;a href="file:///Users/runner/work/rfswarm/rfswarm/Tests/Regression/Manager/Logs/macos-latest_3.8/stderr_agent.txt"&gt;/Users/runner/work/rfswarm/rfswarm/Tests/Regression/Manager/Logs/macos-latest_3.8/stderr_agent.txt&lt;/a&gt;'.</msg>
<msg time="2024-02-14T16:26:33.691025" level="INFO" html="true">Removed file '&lt;a href="file:///Users/runner/work/rfswarm/rfswarm/Tests/Regression/Manager/Logs/macos-latest_3.8/stdout_manager.txt"&gt;/Users/runner/work/rfswarm/rfswarm/Tests/Regression/Manager/Logs/macos-latest_3.8/stdout_manager.txt&lt;/a&gt;'.</msg>
<msg time="2024-02-14T16:26:33.691128" level="INFO" html="true">Removed file '&lt;a href="file:///Users/runner/work/rfswarm/rfswarm/Tests/Regression/Manager/Logs/macos-latest_3.8/stderr_manager.txt"&gt;/Users/runner/work/rfswarm/rfswarm/Tests/Regression/Manager/Logs/macos-latest_3.8/stderr_manager.txt&lt;/a&gt;'.</msg>
<msg time="2024-02-14T16:26:33.691227" level="INFO" html="true">Removed file '&lt;a href="file:///Users/runner/work/rfswarm/rfswarm/Tests/Regression/Manager/Logs/macos-latest_3.8/stderr.txt"&gt;/Users/runner/work/rfswarm/rfswarm/Tests/Regression/Manager/Logs/macos-latest_3.8/stderr.txt&lt;/a&gt;'.</msg>
<arg>${OUTPUT DIR}${/}*.txt</arg>
<doc>Removes a file with the given path.</doc>
<status status="PASS" start="2024-02-14T16:26:33.690112" elapsed="0.001169"/>
</kw>
<kw name="Remove File" owner="OperatingSystem">
<msg time="2024-02-14T16:26:33.691905" level="INFO" html="true">Removed file '&lt;a href="file:///Users/runner/work/rfswarm/rfswarm/Tests/Regression/Manager/Logs/macos-latest_3.8/Manager.GUIBasic-screenshot-1.png"&gt;/Users/runner/work/rfswarm/rfswarm/Tests/Regression/Manager/Logs/macos-latest_3.8/Manager.GUIBasic-screenshot-1.png&lt;/a&gt;'.</msg>
<msg time="2024-02-14T16:26:33.692066" level="INFO" html="true">Removed file '&lt;a href="file:///Users/runner/work/rfswarm/rfswarm/Tests/Regression/Manager/Logs/macos-latest_3.8/Manager.GUIBasic-screenshot-2.png"&gt;/Users/runner/work/rfswarm/rfswarm/Tests/Regression/Manager/Logs/macos-latest_3.8/Manager.GUIBasic-screenshot-2.png&lt;/a&gt;'.</msg>
<msg time="2024-02-14T16:26:33.692222" level="INFO" html="true">Removed file '&lt;a href="file:///Users/runner/work/rfswarm/rfswarm/Tests/Regression/Manager/Logs/macos-latest_3.8/Manager.GUIBasic-screenshot-3.png"&gt;/Users/runner/work/rfswarm/rfswarm/Tests/Regression/Manager/Logs/macos-latest_3.8/Manager.GUIBasic-screenshot-3.png&lt;/a&gt;'.</msg>
<msg time="2024-02-14T16:26:33.692382" level="INFO" html="true">Removed file '&lt;a href="file:///Users/runner/work/rfswarm/rfswarm/Tests/Regression/Manager/Logs/macos-latest_3.8/Manager.GUIBasic-screenshot-6.png"&gt;/Users/runner/work/rfswarm/rfswarm/Tests/Regression/Manager/Logs/macos-latest_3.8/Manager.GUIBasic-screenshot-6.png&lt;/a&gt;'.</msg>
<msg time="2024-02-14T16:26:33.692534" level="INFO" html="true">Removed file '&lt;a href="file:///Users/runner/work/rfswarm/rfswarm/Tests/Regression/Manager/Logs/macos-latest_3.8/Manager.GUIBasic-screenshot-4.png"&gt;/Users/runner/work/rfswarm/rfswarm/Tests/Regression/Manager/Logs/macos-latest_3.8/Manager.GUIBasic-screenshot-4.png&lt;/a&gt;'.</msg>
<msg time="2024-02-14T16:26:33.692692" level="INFO" html="true">Removed file '&lt;a href="file:///Users/runner/work/rfswarm/rfswarm/Tests/Regression/Manager/Logs/macos-latest_3.8/Manager.GUIBasic-screenshot-5.png"&gt;/Users/runner/work/rfswarm/rfswarm/Tests/Regression/Manager/Logs/macos-latest_3.8/Manager.GUIBasic-screenshot-5.png&lt;/a&gt;'.</msg>
<msg time="2024-02-14T16:26:33.692855" level="INFO" html="true">Removed file '&lt;a href="file:///Users/runner/work/rfswarm/rfswarm/Tests/Regression/Manager/Logs/macos-latest_3.8/Manager.GUIBugs-screenshot-1.png"&gt;/Users/runner/work/rfswarm/rfswarm/Tests/Regression/Manager/Logs/macos-latest_3.8/Manager.GUIBugs-screenshot-1.png&lt;/a&gt;'.</msg>
<msg time="2024-02-14T16:26:33.693007" level="INFO" html="true">Removed file '&lt;a href="file:///Users/runner/work/rfswarm/rfswarm/Tests/Regression/Manager/Logs/macos-latest_3.8/Manager.GUIBugs-screenshot-2.png"&gt;/Users/runner/work/rfswarm/rfswarm/Tests/Regression/Manager/Logs/macos-latest_3.8/Manager.GUIBugs-screenshot-2.png&lt;/a&gt;'.</msg>
<arg>${OUTPUT DIR}${/}*.png</arg>
<doc>Removes a file with the given path.</doc>
<status status="PASS" start="2024-02-14T16:26:33.691403" elapsed="0.001660"/>
</kw>
<tag>macos-latest</tag>
<tag>ubuntu-latest</tag>
<tag>windows-latest</tag>
<status status="PASS" start="2024-02-14T16:26:33.689148" elapsed="0.003984"/>
</kw>
<test id="s1-s1-t1" name="Random Offset" line="7">
<kw name="Evaluate" owner="BuiltIn">
<msg time="2024-02-14T16:26:33.693985" level="INFO">${random} = 47</msg>
<var>${random}</var>
<arg>random.randint(0, 60)</arg>
<doc>Evaluates the given expression in Python and returns the result.</doc>
<status status="PASS" start="2024-02-14T16:26:33.693726" elapsed="0.000288"/>
</kw>
<kw name="Sleep" owner="BuiltIn">
<msg time="2024-02-14T16:27:20.701155" level="INFO">Slept 47 seconds.</msg>
<arg>${random}</arg>
<doc>Pauses the test executed for the given time.</doc>
<status status="PASS" start="2024-02-14T16:26:33.694130" elapsed="47.007212"/>
</kw>
<doc>This just prevents all the test runners doing git push at the same time</doc>
<tag>macos-latest</tag>
<tag>ubuntu-latest</tag>
<tag>windows-latest</tag>
<status status="PASS" start="2024-02-14T16:26:33.693224" elapsed="47.008445"/>
</test>
<test id="s1-s1-t2" name="Manager Version" line="13">
<kw name="Run" owner="OperatingSystem">
<msg time="2024-02-14T16:27:20.705851" level="INFO">Running command 'python3 /Users/runner/work/rfswarm/rfswarm/rfswarm_manager/rfswarm.py -v 2&gt;&amp;1'.</msg>
<msg time="2024-02-14T16:27:22.530008" level="INFO">${result} = Robot Framework Swarm: Manager 
	Version 1.2.1 </msg>
<var>${result}</var>
<arg>python3 ${EXECDIR}${/}rfswarm_manager${/}rfswarm.py -v</arg>
<doc>Runs the given command in the system and returns the output.</doc>
<status status="PASS" start="2024-02-14T16:27:20.703005" elapsed="1.827121"/>
</kw>
<kw name="Log To Console" owner="BuiltIn">
<arg>${\n}${result}</arg>
<doc>Logs the given message to the console.</doc>
<status status="PASS" start="2024-02-14T16:27:22.530674" elapsed="0.000515"/>
</kw>
<kw name="Should Contain" owner="BuiltIn">
<arg>${result}</arg>
<arg>Version</arg>
<doc>Fails if ``container`` does not contain ``item`` one or more times.</doc>
<status status="PASS" start="2024-02-14T16:27:22.531352" elapsed="0.000265"/>
</kw>
<kw name="Should Contain" owner="BuiltIn">
<arg>${result}</arg>
<arg>Manager</arg>
<doc>Fails if ``container`` does not contain ``item`` one or more times.</doc>
<status status="PASS" start="2024-02-14T16:27:22.531743" elapsed="0.000172"/>
</kw>
<tag>macos-latest</tag>
<tag>ubuntu-latest</tag>
<tag>windows-latest</tag>
<status status="PASS" start="2024-02-14T16:27:20.702196" elapsed="1.829962"/>
</test>
<test id="s1-s1-t3" name="Manager Help" line="20">
<kw name="Run" owner="OperatingSystem">
<msg time="2024-02-14T16:27:22.535522" level="INFO">Running command 'python3 /Users/runner/work/rfswarm/rfswarm/rfswarm_manager/rfswarm.py -h 2&gt;&amp;1'.</msg>
<msg time="2024-02-14T16:27:23.182570" level="INFO">${result} = Robot Framework Swarm: Manager 
	Version 1.2.1 
usage: rfswarm.py [-h] [-g DEBUG] [-v] [-i INI] [-s SCENARIO] [-r] [-a AGENTS]
                  [-n] [-t STARTTIME] [-d DIR] [-e IPADDRESS] [-p PORT]

...</msg>
<var>${result}</var>
<arg>python3 ${EXECDIR}${/}rfswarm_manager${/}rfswarm.py -h</arg>
<doc>Runs the given command in the system and returns the output.</doc>
<status status="PASS" start="2024-02-14T16:27:22.533065" elapsed="0.649602"/>
</kw>
<kw name="Log To Console" owner="BuiltIn">
<arg>${\n}${result}</arg>
<doc>Logs the given message to the console.</doc>
<status status="PASS" start="2024-02-14T16:27:23.183174" elapsed="0.000406"/>
</kw>
<kw name="Should Contain" owner="BuiltIn">
<arg>${result}</arg>
<arg>IPADDRESS</arg>
<doc>Fails if ``container`` does not contain ``item`` one or more times.</doc>
<status status="PASS" start="2024-02-14T16:27:23.183715" elapsed="0.000189"/>
</kw>
<tag>macos-latest</tag>
<tag>ubuntu-latest</tag>
<tag>windows-latest</tag>
<status status="PASS" start="2024-02-14T16:27:22.532604" elapsed="0.651478"/>
</test>
<status status="PASS" start="2024-02-14T16:26:33.680358" elapsed="49.504285"/>
</suite>
<suite id="s1-s2" name="GUI Basic" source="/Users/runner/work/rfswarm/rfswarm/Tests/Regression/Manager/GUI_Basic.robot">
<test id="s1-s2-t1" name="Open GUI" line="14">
<kw name="Set Suite Variable" owner="BuiltIn">
<msg time="2024-02-14T16:27:23.685539" level="INFO">${platform} = macos</msg>
<arg>${platform}</arg>
<arg>macos</arg>
<doc>Makes a variable available everywhere within the scope of the current suite.</doc>
<status status="PASS" start="2024-02-14T16:27:23.684501" elapsed="0.001110"/>
</kw>
<kw name="Set Confidence" owner="ImageHorizonLibrary">
<arg>0.9</arg>
<doc>Sets the accuracy when finding images.</doc>
<status status="PASS" start="2024-02-14T16:27:23.685764" elapsed="0.000133"/>
</kw>
<kw name="Start Process" owner="Process">
<msg time="2024-02-14T16:27:23.686707" level="INFO">Starting process:
python3 /Users/runner/work/rfswarm/rfswarm/rfswarm_manager/rfswarm.py</msg>
<msg time="2024-02-14T16:27:23.691880" level="INFO">${process} = &lt;subprocess.Popen object at 0x124722550&gt;</msg>
<var>${process}</var>
<arg>python3</arg>
<arg>${pyfile}</arg>
<arg>alias=Manager</arg>
<arg>stdout=${OUTPUT DIR}${/}stdout.txt</arg>
<arg>stderr=${OUTPUT DIR}${/}stderr.txt</arg>
<doc>Starts a new process on background.</doc>
<status status="PASS" start="2024-02-14T16:27:23.686027" elapsed="0.006005"/>
</kw>
<kw name="Set Test Variable" owner="BuiltIn">
<msg time="2024-02-14T16:27:23.692993" level="INFO">${process} = &lt;subprocess.Popen object at 0x124722550&gt;</msg>
<arg>$process</arg>
<arg>${process}</arg>
<doc>Makes a variable available everywhere within the scope of the current test.</doc>
<status status="PASS" start="2024-02-14T16:27:23.692597" elapsed="0.000448"/>
</kw>
<kw name="Sleep" owner="BuiltIn">
<msg time="2024-02-14T16:27:33.711037" level="INFO">Slept 10 seconds.</msg>
<arg>10</arg>
<doc>Pauses the test executed for the given time.</doc>
<status status="PASS" start="2024-02-14T16:27:23.693187" elapsed="10.018044"/>
</kw>
<kw name="Set Screenshot Folder" owner="ImageHorizonLibrary">
<arg>${OUTPUT DIR}</arg>
<doc>Sets the folder where screenshots are saved to.</doc>
<status status="PASS" start="2024-02-14T16:27:33.711580" elapsed="0.000397"/>
</kw>
<kw name="Take A Screenshot" owner="ImageHorizonLibrary">
<msg time="2024-02-14T16:27:33.712685" level="INFO" html="true">Screenshot taken: /Users/runner/work/rfswarm/rfswarm/Tests/Regression/Manager/Logs/macos-latest_3.8/Manager.GUIBasic-screenshot-1.png&lt;br/&gt;&lt;img src="/Users/runner/work/rfswarm/rfswarm/Tests/Regression/Manager/Logs/macos-latest_3.8/Manager.GUIBasic-screenshot-1.png" width="100%" /&gt;</msg>
<doc>Takes a screenshot of the screen.</doc>
<status status="PASS" start="2024-02-14T16:27:33.712219" elapsed="0.302868"/>
</kw>
<tag>macos-latest</tag>
<status status="PASS" start="2024-02-14T16:27:23.683522" elapsed="10.332026"/>
</test>
<test id="s1-s2-t2" name="Select Run Tab" line="44">
<kw name="Click Tab">
<kw name="Convert To Lower Case" owner="String">
<msg time="2024-02-14T16:27:34.017517" level="INFO">${tabnamel} = run</msg>
<var>${tabnamel}</var>
<arg>${tabname}</arg>
<doc>Converts string to lower case.</doc>
<status status="PASS" start="2024-02-14T16:27:34.017311" elapsed="0.000235"/>
</kw>
<kw name="Set Variable" owner="BuiltIn">
<msg time="2024-02-14T16:27:34.017891" level="INFO">${img} = manager_macos_tab_run.png</msg>
<var>${img}</var>
<arg>manager_${platform}_tab_${tabnamel}.png</arg>
<doc>Returns the given values which can then be assigned to a variables.</doc>
<status status="PASS" start="2024-02-14T16:27:34.017680" elapsed="0.000236"/>
</kw>
<kw name="Log" owner="BuiltIn">
<msg time="2024-02-14T16:27:34.018186" level="INFO">/Users/runner/work/rfswarm/rfswarm/Tests/Regression/Manager</msg>
<arg>/Users/runner/work/rfswarm/rfswarm/Tests/Regression/Manager</arg>
<doc>Logs the given message with the given level.</doc>
<status status="PASS" start="2024-02-14T16:27:34.018053" elapsed="0.000178"/>
</kw>
<kw name="Log" owner="BuiltIn">
<msg time="2024-02-14T16:27:34.018493" level="INFO">/Users/runner/work/rfswarm/rfswarm/Tests/Regression/Manager/Images/file_method</msg>
<arg>${IMAGE_DIR}</arg>
<doc>Logs the given message with the given level.</doc>
<status status="PASS" start="2024-02-14T16:27:34.018361" elapsed="0.000175"/>
</kw>
<kw name="Wait For" owner="ImageHorizonLibrary">
<kw name="Take A Screenshot" owner="ImageHorizonLibrary">
<msg time="2024-02-14T16:32:34.199120" level="INFO" html="true">Screenshot taken: /Users/runner/work/rfswarm/rfswarm/Tests/Regression/Manager/Logs/macos-latest_3.8/Manager.GUIBasic-screenshot-2.png&lt;br/&gt;&lt;img src="/Users/runner/work/rfswarm/rfswarm/Tests/Regression/Manager/Logs/macos-latest_3.8/Manager.GUIBasic-screenshot-2.png" width="100%" /&gt;</msg>
<doc>Takes a screenshot of the screen.</doc>
<status status="PASS" start="2024-02-14T16:32:34.198263" elapsed="0.257718"/>
</kw>
<msg time="2024-02-14T16:32:34.456598" level="FAIL">ImageNotFoundException: Reference image "/Users/runner/work/rfswarm/rfswarm/Tests/Regression/Manager/Images/file_method/manager_macos_tab_run.png" was not found on screen</msg>
<arg>${img}</arg>
<arg>timeout=300</arg>
<doc>Tries to locate given image from the screen for given time.</doc>
<status status="FAIL" start="2024-02-14T16:27:34.018654" elapsed="300.438387">ImageNotFoundException: Reference image "/Users/runner/work/rfswarm/rfswarm/Tests/Regression/Manager/Images/file_method/manager_macos_tab_run.png" was not found on screen</status>
</kw>
<kw name="Locate" owner="ImageHorizonLibrary">
<var>@{coordinates}</var>
<arg>${img}</arg>
<doc>Locate image on screen.</doc>
<status status="NOT RUN" start="2024-02-14T16:32:34.457433" elapsed="0.000037"/>
</kw>
<kw name="Click Image" owner="ImageHorizonLibrary">
<arg>${img}</arg>
<doc>Finds the reference image on screen and clicks it once.</doc>
<status status="NOT RUN" start="2024-02-14T16:32:34.457610" elapsed="0.000023"/>
</kw>
<kw name="Sleep" owner="BuiltIn">
<arg>0.1</arg>
<doc>Pauses the test executed for the given time.</doc>
<status status="NOT RUN" start="2024-02-14T16:32:34.457749" elapsed="0.000018"/>
</kw>
<kw name="Take A Screenshot" owner="ImageHorizonLibrary">
<doc>Takes a screenshot of the screen.</doc>
<status status="NOT RUN" start="2024-02-14T16:32:34.457871" elapsed="0.000018"/>
</kw>
<arg>Run</arg>
<status status="FAIL" start="2024-02-14T16:27:34.016750" elapsed="300.441341">ImageNotFoundException: Reference image "/Users/runner/work/rfswarm/rfswarm/Tests/Regression/Manager/Images/file_method/manager_macos_tab_run.png" was not found on screen</status>
</kw>
<kw name="Sleep" owner="BuiltIn">
<arg>5</arg>
<doc>Pauses the test executed for the given time.</doc>
<status status="NOT RUN" start="2024-02-14T16:32:34.458260" elapsed="0.000022"/>
</kw>
<tag>macos-latest</tag>
<tag>ubuntu-latest</tag>
<tag>windows-latest</tag>
<status status="FAIL" start="2024-02-14T16:27:34.015947" elapsed="300.442727">ImageNotFoundException: Reference image "/Users/runner/work/rfswarm/rfswarm/Tests/Regression/Manager/Images/file_method/manager_macos_tab_run.png" was not found on screen</status>
</test>
<test id="s1-s2-t3" name="Select Agents Tab" line="49">
<kw name="Click Tab">
<kw name="Convert To Lower Case" owner="String">
<msg time="2024-02-14T16:32:34.460192" level="INFO">${tabnamel} = agents</msg>
<var>${tabnamel}</var>
<arg>${tabname}</arg>
<doc>Converts string to lower case.</doc>
<status status="PASS" start="2024-02-14T16:32:34.460002" elapsed="0.000219"/>
</kw>
<kw name="Set Variable" owner="BuiltIn">
<msg time="2024-02-14T16:32:34.460579" level="INFO">${img} = manager_macos_tab_agents.png</msg>
<var>${img}</var>
<arg>manager_${platform}_tab_${tabnamel}.png</arg>
<doc>Returns the given values which can then be assigned to a variables.</doc>
<status status="PASS" start="2024-02-14T16:32:34.460351" elapsed="0.000253"/>
</kw>
<kw name="Log" owner="BuiltIn">
<msg time="2024-02-14T16:32:34.460886" level="INFO">/Users/runner/work/rfswarm/rfswarm/Tests/Regression/Manager</msg>
<arg>/Users/runner/work/rfswarm/rfswarm/Tests/Regression/Manager</arg>
<doc>Logs the given message with the given level.</doc>
<status status="PASS" start="2024-02-14T16:32:34.460736" elapsed="0.000205"/>
</kw>
<kw name="Log" owner="BuiltIn">
<msg time="2024-02-14T16:32:34.461197" level="INFO">/Users/runner/work/rfswarm/rfswarm/Tests/Regression/Manager/Images/file_method</msg>
<arg>${IMAGE_DIR}</arg>
<doc>Logs the given message with the given level.</doc>
<status status="PASS" start="2024-02-14T16:32:34.461064" elapsed="0.000176"/>
</kw>
<kw name="Wait For" owner="ImageHorizonLibrary">
<kw name="Take A Screenshot" owner="ImageHorizonLibrary">
<msg time="2024-02-14T16:37:34.619941" level="INFO" html="true">Screenshot taken: /Users/runner/work/rfswarm/rfswarm/Tests/Regression/Manager/Logs/macos-latest_3.8/Manager.GUIBasic-screenshot-3.png&lt;br/&gt;&lt;img src="/Users/runner/work/rfswarm/rfswarm/Tests/Regression/Manager/Logs/macos-latest_3.8/Manager.GUIBasic-screenshot-3.png" width="100%" /&gt;</msg>
<doc>Takes a screenshot of the screen.</doc>
<status status="PASS" start="2024-02-14T16:37:34.619195" elapsed="0.284852"/>
</kw>
<msg time="2024-02-14T16:37:34.904640" level="FAIL">ImageNotFoundException: Reference image "/Users/runner/work/rfswarm/rfswarm/Tests/Regression/Manager/Images/file_method/manager_macos_tab_agents.png" was not found on screen</msg>
<arg>${img}</arg>
<arg>timeout=300</arg>
<doc>Tries to locate given image from the screen for given time.</doc>
<status status="FAIL" start="2024-02-14T16:32:34.461356" elapsed="300.443455">ImageNotFoundException: Reference image "/Users/runner/work/rfswarm/rfswarm/Tests/Regression/Manager/Images/file_method/manager_macos_tab_agents.png" was not found on screen</status>
</kw>
<kw name="Locate" owner="ImageHorizonLibrary">
<var>@{coordinates}</var>
<arg>${img}</arg>
<doc>Locate image on screen.</doc>
<status status="NOT RUN" start="2024-02-14T16:37:34.905197" elapsed="0.000036"/>
</kw>
<kw name="Click Image" owner="ImageHorizonLibrary">
<arg>${img}</arg>
<doc>Finds the reference image on screen and clicks it once.</doc>
<status status="NOT RUN" start="2024-02-14T16:37:34.905388" elapsed="0.000023"/>
</kw>
<kw name="Sleep" owner="BuiltIn">
<arg>0.1</arg>
<doc>Pauses the test executed for the given time.</doc>
<status status="NOT RUN" start="2024-02-14T16:37:34.905525" elapsed="0.000017"/>
</kw>
<kw name="Take A Screenshot" owner="ImageHorizonLibrary">
<doc>Takes a screenshot of the screen.</doc>
<status status="NOT RUN" start="2024-02-14T16:37:34.905647" elapsed="0.000017"/>
</kw>
<arg>Agents</arg>
<status status="FAIL" start="2024-02-14T16:32:34.459652" elapsed="300.446173">ImageNotFoundException: Reference image "/Users/runner/work/rfswarm/rfswarm/Tests/Regression/Manager/Images/file_method/manager_macos_tab_agents.png" was not found on screen</status>
</kw>
<kw name="Sleep" owner="BuiltIn">
<arg>5</arg>
<doc>Pauses the test executed for the given time.</doc>
<status status="NOT RUN" start="2024-02-14T16:37:34.905972" elapsed="0.000020"/>
</kw>
<tag>macos-latest</tag>
<tag>ubuntu-latest</tag>
<tag>windows-latest</tag>
<status status="FAIL" start="2024-02-14T16:32:34.459032" elapsed="300.447240">ImageNotFoundException: Reference image "/Users/runner/work/rfswarm/rfswarm/Tests/Regression/Manager/Images/file_method/manager_macos_tab_agents.png" was not found on screen</status>
</test>
<test id="s1-s2-t4" name="Select About Tab" line="54">
<kw name="Click Tab">
<kw name="Convert To Lower Case" owner="String">
<msg time="2024-02-14T16:37:34.908111" level="INFO">${tabnamel} = about</msg>
<var>${tabnamel}</var>
<arg>${tabname}</arg>
<doc>Converts string to lower case.</doc>
<status status="PASS" start="2024-02-14T16:37:34.907913" elapsed="0.000224"/>
</kw>
<kw name="Set Variable" owner="BuiltIn">
<msg time="2024-02-14T16:37:34.908503" level="INFO">${img} = manager_macos_tab_about.png</msg>
<var>${img}</var>
<arg>manager_${platform}_tab_${tabnamel}.png</arg>
<doc>Returns the given values which can then be assigned to a variables.</doc>
<status status="PASS" start="2024-02-14T16:37:34.908271" elapsed="0.000258"/>
</kw>
<kw name="Log" owner="BuiltIn">
<msg time="2024-02-14T16:37:34.908811" level="INFO">/Users/runner/work/rfswarm/rfswarm/Tests/Regression/Manager</msg>
<arg>/Users/runner/work/rfswarm/rfswarm/Tests/Regression/Manager</arg>
<doc>Logs the given message with the given level.</doc>
<status status="PASS" start="2024-02-14T16:37:34.908666" elapsed="0.000196"/>
</kw>
<kw name="Log" owner="BuiltIn">
<msg time="2024-02-14T16:37:34.909109" level="INFO">/Users/runner/work/rfswarm/rfswarm/Tests/Regression/Manager/Images/file_method</msg>
<arg>${IMAGE_DIR}</arg>
<doc>Logs the given message with the given level.</doc>
<status status="PASS" start="2024-02-14T16:37:34.908980" elapsed="0.000176"/>
</kw>
<kw name="Wait For" owner="ImageHorizonLibrary">
<kw name="Take A Screenshot" owner="ImageHorizonLibrary">
<msg time="2024-02-14T16:42:35.156097" level="INFO" html="true">Screenshot taken: /Users/runner/work/rfswarm/rfswarm/Tests/Regression/Manager/Logs/macos-latest_3.8/Manager.GUIBasic-screenshot-4.png&lt;br/&gt;&lt;img src="/Users/runner/work/rfswarm/rfswarm/Tests/Regression/Manager/Logs/macos-latest_3.8/Manager.GUIBasic-screenshot-4.png" width="100%" /&gt;</msg>
<doc>Takes a screenshot of the screen.</doc>
<status status="PASS" start="2024-02-14T16:42:35.155371" elapsed="0.286961"/>
</kw>
<msg time="2024-02-14T16:42:35.442774" level="FAIL">ImageNotFoundException: Reference image "/Users/runner/work/rfswarm/rfswarm/Tests/Regression/Manager/Images/file_method/manager_macos_tab_about.png" was not found on screen</msg>
<arg>${img}</arg>
<arg>timeout=300</arg>
<doc>Tries to locate given image from the screen for given time.</doc>
<status status="FAIL" start="2024-02-14T16:37:34.909271" elapsed="300.533670">ImageNotFoundException: Reference image "/Users/runner/work/rfswarm/rfswarm/Tests/Regression/Manager/Images/file_method/manager_macos_tab_about.png" was not found on screen</status>
</kw>
<kw name="Locate" owner="ImageHorizonLibrary">
<var>@{coordinates}</var>
<arg>${img}</arg>
<doc>Locate image on screen.</doc>
<status status="NOT RUN" start="2024-02-14T16:42:35.443281" elapsed="0.000036"/>
</kw>
<kw name="Click Image" owner="ImageHorizonLibrary">
<arg>${img}</arg>
<doc>Finds the reference image on screen and clicks it once.</doc>
<status status="NOT RUN" start="2024-02-14T16:42:35.443435" elapsed="0.000019"/>
</kw>
<kw name="Sleep" owner="BuiltIn">
<arg>0.1</arg>
<doc>Pauses the test executed for the given time.</doc>
<status status="NOT RUN" start="2024-02-14T16:42:35.443560" elapsed="0.000019"/>
</kw>
<kw name="Take A Screenshot" owner="ImageHorizonLibrary">
<doc>Takes a screenshot of the screen.</doc>
<status status="NOT RUN" start="2024-02-14T16:42:35.443682" elapsed="0.000020"/>
</kw>
<arg>About</arg>
<status status="FAIL" start="2024-02-14T16:37:34.907300" elapsed="300.536617">ImageNotFoundException: Reference image "/Users/runner/work/rfswarm/rfswarm/Tests/Regression/Manager/Images/file_method/manager_macos_tab_about.png" was not found on screen</status>
</kw>
<kw name="Sleep" owner="BuiltIn">
<arg>5</arg>
<doc>Pauses the test executed for the given time.</doc>
<status status="NOT RUN" start="2024-02-14T16:42:35.444059" elapsed="0.000020"/>
</kw>
<tag>macos-latest</tag>
<tag>ubuntu-latest</tag>
<tag>windows-latest</tag>
<status status="FAIL" start="2024-02-14T16:37:34.906619" elapsed="300.537727">ImageNotFoundException: Reference image "/Users/runner/work/rfswarm/rfswarm/Tests/Regression/Manager/Images/file_method/manager_macos_tab_about.png" was not found on screen</status>
</test>
<test id="s1-s2-t5" name="Select Plan Tab" line="59">
<kw name="Click Tab">
<kw name="Convert To Lower Case" owner="String">
<msg time="2024-02-14T16:42:35.445805" level="INFO">${tabnamel} = plan</msg>
<var>${tabnamel}</var>
<arg>${tabname}</arg>
<doc>Converts string to lower case.</doc>
<status status="PASS" start="2024-02-14T16:42:35.445615" elapsed="0.000217"/>
</kw>
<kw name="Set Variable" owner="BuiltIn">
<msg time="2024-02-14T16:42:35.446199" level="INFO">${img} = manager_macos_tab_plan.png</msg>
<var>${img}</var>
<arg>manager_${platform}_tab_${tabnamel}.png</arg>
<doc>Returns the given values which can then be assigned to a variables.</doc>
<status status="PASS" start="2024-02-14T16:42:35.445964" elapsed="0.000262"/>
</kw>
<kw name="Log" owner="BuiltIn">
<msg time="2024-02-14T16:42:35.446501" level="INFO">/Users/runner/work/rfswarm/rfswarm/Tests/Regression/Manager</msg>
<arg>/Users/runner/work/rfswarm/rfswarm/Tests/Regression/Manager</arg>
<doc>Logs the given message with the given level.</doc>
<status status="PASS" start="2024-02-14T16:42:35.446357" elapsed="0.000196"/>
</kw>
<kw name="Log" owner="BuiltIn">
<msg time="2024-02-14T16:42:35.446805" level="INFO">/Users/runner/work/rfswarm/rfswarm/Tests/Regression/Manager/Images/file_method</msg>
<arg>${IMAGE_DIR}</arg>
<doc>Logs the given message with the given level.</doc>
<status status="PASS" start="2024-02-14T16:42:35.446674" elapsed="0.000174"/>
</kw>
<kw name="Wait For" owner="ImageHorizonLibrary">
<kw name="Take A Screenshot" owner="ImageHorizonLibrary">
<msg time="2024-02-14T16:47:35.677847" level="INFO" html="true">Screenshot taken: /Users/runner/work/rfswarm/rfswarm/Tests/Regression/Manager/Logs/macos-latest_3.8/Manager.GUIBasic-screenshot-5.png&lt;br/&gt;&lt;img src="/Users/runner/work/rfswarm/rfswarm/Tests/Regression/Manager/Logs/macos-latest_3.8/Manager.GUIBasic-screenshot-5.png" width="100%" /&gt;</msg>
<doc>Takes a screenshot of the screen.</doc>
<status status="PASS" start="2024-02-14T16:47:35.677184" elapsed="0.262194"/>
</kw>
<msg time="2024-02-14T16:47:35.939961" level="FAIL">ImageNotFoundException: Reference image "/Users/runner/work/rfswarm/rfswarm/Tests/Regression/Manager/Images/file_method/manager_macos_tab_plan.png" was not found on screen</msg>
<arg>${img}</arg>
<arg>timeout=300</arg>
<doc>Tries to locate given image from the screen for given time.</doc>
<status status="FAIL" start="2024-02-14T16:42:35.446960" elapsed="300.493172">ImageNotFoundException: Reference image "/Users/runner/work/rfswarm/rfswarm/Tests/Regression/Manager/Images/file_method/manager_macos_tab_plan.png" was not found on screen</status>
</kw>
<kw name="Locate" owner="ImageHorizonLibrary">
<var>@{coordinates}</var>
<arg>${img}</arg>
<doc>Locate image on screen.</doc>
<status status="NOT RUN" start="2024-02-14T16:47:35.940534" elapsed="0.000037"/>
</kw>
<kw name="Click Image" owner="ImageHorizonLibrary">
<arg>${img}</arg>
<doc>Finds the reference image on screen and clicks it once.</doc>
<status status="NOT RUN" start="2024-02-14T16:47:35.940718" elapsed="0.000024"/>
</kw>
<kw name="Sleep" owner="BuiltIn">
<arg>0.1</arg>
<doc>Pauses the test executed for the given time.</doc>
<status status="NOT RUN" start="2024-02-14T16:47:35.940861" elapsed="0.000018"/>
</kw>
<kw name="Take A Screenshot" owner="ImageHorizonLibrary">
<doc>Takes a screenshot of the screen.</doc>
<status status="NOT RUN" start="2024-02-14T16:47:35.940989" elapsed="0.000018"/>
</kw>
<arg>Plan</arg>
<status status="FAIL" start="2024-02-14T16:42:35.445264" elapsed="300.495912">ImageNotFoundException: Reference image "/Users/runner/work/rfswarm/rfswarm/Tests/Regression/Manager/Images/file_method/manager_macos_tab_plan.png" was not found on screen</status>
</kw>
<kw name="Sleep" owner="BuiltIn">
<arg>5</arg>
<doc>Pauses the test executed for the given time.</doc>
<status status="NOT RUN" start="2024-02-14T16:47:35.941332" elapsed="0.000023"/>
</kw>
<tag>macos-latest</tag>
<tag>ubuntu-latest</tag>
<tag>windows-latest</tag>
<status status="FAIL" start="2024-02-14T16:42:35.444687" elapsed="300.496945">ImageNotFoundException: Reference image "/Users/runner/work/rfswarm/rfswarm/Tests/Regression/Manager/Images/file_method/manager_macos_tab_plan.png" was not found on screen</status>
</test>
<test id="s1-s2-t6" name="Close GUI" line="78">
<kw name="Click Image" owner="ImageHorizonLibrary">
<msg time="2024-02-14T16:47:36.945634" level="INFO">Image "/Users/runner/work/rfswarm/rfswarm/Tests/Regression/Manager/Images/file_method/manager_macos_button_closewindow.png" was not found on screen.</msg>
<kw name="Take A Screenshot" owner="ImageHorizonLibrary">
<msg time="2024-02-14T16:47:36.947172" level="INFO" html="true">Screenshot taken: /Users/runner/work/rfswarm/rfswarm/Tests/Regression/Manager/Logs/macos-latest_3.8/Manager.GUIBasic-screenshot-6.png&lt;br/&gt;&lt;img src="/Users/runner/work/rfswarm/rfswarm/Tests/Regression/Manager/Logs/macos-latest_3.8/Manager.GUIBasic-screenshot-6.png" width="100%" /&gt;</msg>
<doc>Takes a screenshot of the screen.</doc>
<status status="PASS" start="2024-02-14T16:47:36.946635" elapsed="0.266863"/>
</kw>
<msg time="2024-02-14T16:47:37.213988" level="FAIL">ImageNotFoundException: Reference image "/Users/runner/work/rfswarm/rfswarm/Tests/Regression/Manager/Images/file_method/manager_macos_button_closewindow.png" was not found on screen</msg>
<arg>manager_${platform}_button_closewindow.png</arg>
<doc>Finds the reference image on screen and clicks it once.</doc>
<status status="FAIL" start="2024-02-14T16:47:35.942461" elapsed="1.271744">ImageNotFoundException: Reference image "/Users/runner/work/rfswarm/rfswarm/Tests/Regression/Manager/Images/file_method/manager_macos_button_closewindow.png" was not found on screen</status>
</kw>
<kw name="Take A Screenshot" owner="ImageHorizonLibrary">
<doc>Takes a screenshot of the screen.</doc>
<status status="NOT RUN" start="2024-02-14T16:47:37.214612" elapsed="0.000038"/>
</kw>
<kw name="Wait For Process" owner="Process">
<var>${result}</var>
<arg>${process}</arg>
<arg>timeout=60</arg>
<doc>Waits for the process to complete or to reach the given timeout.</doc>
<status status="NOT RUN" start="2024-02-14T16:47:37.214830" elapsed="0.000024"/>
</kw>
<kw name="Is Process Running" owner="Process">
<var>${running}</var>
<arg>${process}</arg>
<doc>Checks is the process running or not.</doc>
<status status="NOT RUN" start="2024-02-14T16:47:37.214987" elapsed="0.000019"/>
</kw>
<if>
<branch type="IF" condition="not ${running}">
<kw name="Should Be Equal As Integers" owner="BuiltIn">
<arg>${result.rc}</arg>
<arg>0</arg>
<doc>Fails if objects are unequal after converting them to integers.</doc>
<status status="NOT RUN" start="2024-02-14T16:47:37.215488" elapsed="0.000020"/>
</kw>
<status status="NOT RUN" start="2024-02-14T16:47:37.215264" elapsed="0.000285"/>
</branch>
<branch type="ELSE">
<kw name="Take A Screenshot" owner="ImageHorizonLibrary">
<doc>Takes a screenshot of the screen.</doc>
<status status="NOT RUN" start="2024-02-14T16:47:37.215746" elapsed="0.000021"/>
</kw>
<kw name="Terminate Process" owner="Process">
<var>${result}</var>
<arg>${process}</arg>
<doc>Stops the process gracefully or forcefully.</doc>
<status status="NOT RUN" start="2024-02-14T16:47:37.215881" elapsed="0.000018"/>
</kw>
<kw name="Fail" owner="BuiltIn">
<doc>Fails the test with the given message and optionally alters its tags.</doc>
<status status="NOT RUN" start="2024-02-14T16:47:37.216118" elapsed="0.000021"/>
</kw>
<status status="NOT RUN" start="2024-02-14T16:47:37.215585" elapsed="0.000586"/>
</branch>
<status status="NOT RUN" start="2024-02-14T16:47:37.215154" elapsed="0.001043"/>
</if>
<tag>macos-latest</tag>
<status status="FAIL" start="2024-02-14T16:47:35.941999" elapsed="1.274453">ImageNotFoundException: Reference image "/Users/runner/work/rfswarm/rfswarm/Tests/Regression/Manager/Images/file_method/manager_macos_button_closewindow.png" was not found on screen</status>
</test>
<status status="FAIL" start="2024-02-14T16:27:23.185276" elapsed="1214.031699"/>
</suite>
<suite id="s1-s3" name="GUI Bugs" source="/Users/runner/work/rfswarm/rfswarm/Tests/Regression/Manager/GUI_Bugs.robot">
<kw name="Set Platform" owner="GUI_Common" type="SETUP">
<kw name="Log" owner="BuiltIn">
<msg time="2024-02-14T16:47:37.230319" level="INFO">{'include': ['macos-latest'], 'exclude': [], 'skip': [], 'skip_on_failure': []}</msg>
<arg>${OPTIONS}</arg>
<doc>Logs the given message with the given level.</doc>
<status status="PASS" start="2024-02-14T16:47:37.230115" elapsed="0.000263"/>
</kw>
<kw name="Log" owner="BuiltIn">
<msg time="2024-02-14T16:47:37.230670" level="INFO">[macos-latest]</msg>
<arg>${OPTIONS}[include]</arg>
<doc>Logs the given message with the given level.</doc>
<status status="PASS" start="2024-02-14T16:47:37.230505" elapsed="0.000216"/>
</kw>
<kw name="Log" owner="BuiltIn">
<msg time="2024-02-14T16:47:37.231055" level="INFO">macos-latest</msg>
<arg>${OPTIONS}[include][0]</arg>
<doc>Logs the given message with the given level.</doc>
<status status="PASS" start="2024-02-14T16:47:37.230841" elapsed="0.000264"/>
</kw>
<kw name="Set Variable" owner="BuiltIn">
<msg time="2024-02-14T16:47:37.231420" level="INFO">${ostag} = macos-latest</msg>
<var>${ostag}</var>
<arg>${OPTIONS}[include][0]</arg>
<doc>Returns the given values which can then be assigned to a variables.</doc>
<status status="PASS" start="2024-02-14T16:47:37.231233" elapsed="0.000213"/>
</kw>
<if>
<branch type="IF" condition="&quot;${ostag}&quot; == &quot;macos-latest&quot;">
<kw name="Set Suite Variable" owner="BuiltIn">
<msg time="2024-02-14T16:47:37.232601" level="INFO">${platform} = macos</msg>
<arg>${platform}</arg>
<arg>macos</arg>
<doc>Makes a variable available everywhere within the scope of the current suite.</doc>
<status status="PASS" start="2024-02-14T16:47:37.231780" elapsed="0.000867"/>
</kw>
<status status="PASS" start="2024-02-14T16:47:37.231529" elapsed="0.001161"/>
</branch>
<status status="PASS" start="2024-02-14T16:47:37.231508" elapsed="0.001207"/>
</if>
<if>
<branch type="IF" condition="&quot;${ostag}&quot; == &quot;windows-latest&quot;">
<kw name="Set Suite Variable" owner="BuiltIn">
<arg>${platform}</arg>
<arg>windows</arg>
<doc>Makes a variable available everywhere within the scope of the current suite.</doc>
<status status="NOT RUN" start="2024-02-14T16:47:37.232990" elapsed="0.000021"/>
</kw>
<status status="NOT RUN" start="2024-02-14T16:47:37.232773" elapsed="0.000278"/>
</branch>
<status status="PASS" start="2024-02-14T16:47:37.232759" elapsed="0.000316"/>
</if>
<if>
<branch type="IF" condition="&quot;${ostag}&quot; == &quot;ubuntu-latest&quot;">
<kw name="Set Suite Variable" owner="BuiltIn">
<arg>${platform}</arg>
<arg>ubuntu</arg>
<doc>Makes a variable available everywhere within the scope of the current suite.</doc>
<status status="NOT RUN" start="2024-02-14T16:47:37.233318" elapsed="0.000019"/>
</kw>
<status status="NOT RUN" start="2024-02-14T16:47:37.233132" elapsed="0.000244"/>
</branch>
<status status="PASS" start="2024-02-14T16:47:37.233115" elapsed="0.000285"/>
</if>
<status status="PASS" start="2024-02-14T16:47:37.229892" elapsed="0.003562"/>
</kw>
<test id="s1-s3-t1" name="Issue #171" line="7">
<kw name="Open Agent" owner="GUI_Common">
<kw name="Start Process" owner="Process">
<msg time="2024-02-14T16:47:37.234874" level="INFO">Starting process:
python3 /Users/runner/work/rfswarm/rfswarm/rfswarm_agent/rfswarm_agent.py</msg>
<msg time="2024-02-14T16:47:37.240599" level="INFO">${process} = &lt;subprocess.Popen object at 0x124819670&gt;</msg>
<var>${process}</var>
<arg>python3</arg>
<arg>${pyfile_agent}</arg>
<arg>alias=Agent</arg>
<arg>stdout=${OUTPUT DIR}${/}stdout_agent.txt</arg>
<arg>stderr=${OUTPUT DIR}${/}stderr_agent.txt</arg>
<doc>Starts a new process on background.</doc>
<status status="PASS" start="2024-02-14T16:47:37.234206" elapsed="0.006536"/>
</kw>
<kw name="Set Test Variable" owner="BuiltIn">
<msg time="2024-02-14T16:47:37.241867" level="INFO">${process_agent} = &lt;subprocess.Popen object at 0x124819670&gt;</msg>
<arg>$process_agent</arg>
<arg>${process}</arg>
<doc>Makes a variable available everywhere within the scope of the current test.</doc>
<status status="PASS" start="2024-02-14T16:47:37.241414" elapsed="0.000509"/>
</kw>
<status status="PASS" start="2024-02-14T16:47:37.233922" elapsed="0.008134"/>
</kw>
<kw name="Open Manager GUI" owner="GUI_Common">
<kw name="Set Confidence" owner="ImageHorizonLibrary">
<arg>0.9</arg>
<doc>Sets the accuracy when finding images.</doc>
<status status="PASS" start="2024-02-14T16:47:37.242828" elapsed="0.000288"/>
</kw>
<kw name="Start Process" owner="Process">
<msg time="2024-02-14T16:47:37.244005" level="INFO">Starting process:
python3 /Users/runner/work/rfswarm/rfswarm/rfswarm_manager/rfswarm.py</msg>
<msg time="2024-02-14T16:47:37.249379" level="INFO">${process} = &lt;subprocess.Popen object at 0x12483c0d0&gt;</msg>
<var>${process}</var>
<arg>python3</arg>
<arg>${pyfile_manager}</arg>
<arg>alias=Manager</arg>
<arg>stdout=${OUTPUT DIR}${/}stdout_manager.txt</arg>
<arg>stderr=${OUTPUT DIR}${/}stderr_manager.txt</arg>
<doc>Starts a new process on background.</doc>
<status status="PASS" start="2024-02-14T16:47:37.243266" elapsed="0.006241"/>
</kw>
<kw name="Set Test Variable" owner="BuiltIn">
<msg time="2024-02-14T16:47:37.250555" level="INFO">${process_manager} = &lt;subprocess.Popen object at 0x12483c0d0&gt;</msg>
<arg>$process_manager</arg>
<arg>${process}</arg>
<doc>Makes a variable available everywhere within the scope of the current test.</doc>
<status status="PASS" start="2024-02-14T16:47:37.250113" elapsed="0.000496"/>
</kw>
<kw name="Sleep" owner="BuiltIn">
<msg time="2024-02-14T16:47:47.267684" level="INFO">Slept 10 seconds.</msg>
<arg>10</arg>
<doc>Pauses the test executed for the given time.</doc>
<status status="PASS" start="2024-02-14T16:47:37.250752" elapsed="10.017068"/>
</kw>
<kw name="Set Screenshot Folder" owner="ImageHorizonLibrary">
<arg>${OUTPUT DIR}</arg>
<doc>Sets the folder where screenshots are saved to.</doc>
<status status="PASS" start="2024-02-14T16:47:47.268076" elapsed="0.000223"/>
</kw>
<kw name="Take A Screenshot" owner="ImageHorizonLibrary">
<msg time="2024-02-14T16:47:47.268661" level="INFO" html="true">Screenshot taken: /Users/runner/work/rfswarm/rfswarm/Tests/Regression/Manager/Logs/macos-latest_3.8/Manager.GUIBugs-screenshot-1.png&lt;br/&gt;&lt;img src="/Users/runner/work/rfswarm/rfswarm/Tests/Regression/Manager/Logs/macos-latest_3.8/Manager.GUIBugs-screenshot-1.png" width="100%" /&gt;</msg>
<doc>Takes a screenshot of the screen.</doc>
<status status="PASS" start="2024-02-14T16:47:47.268435" elapsed="0.265419"/>
</kw>
<status status="PASS" start="2024-02-14T16:47:37.242443" elapsed="10.291718"/>
</kw>
<kw name="Resize Window" owner="GUI_Common">
<kw name="Set Variable" owner="BuiltIn">
<msg time="2024-02-14T16:47:47.535663" level="INFO">${img} = manager_macos_corner_resize.png</msg>
<var>${img}</var>
<arg>manager_${platform}_corner_resize.png</arg>
<doc>Returns the given values which can then be assigned to a variables.</doc>
<status status="PASS" start="2024-02-14T16:47:47.535437" elapsed="0.000578"/>
</kw>
<kw name="Wait For" owner="ImageHorizonLibrary">
<msg time="2024-02-14T16:47:47.969872" level="INFO">Image "manager_macos_corner_resize.png" found at (1888, 87)</msg>
<arg>${img}</arg>
<arg>timeout=300</arg>
<doc>Tries to locate given image from the screen for given time.</doc>
<status status="PASS" start="2024-02-14T16:47:47.536156" elapsed="0.434149"/>
</kw>
<kw name="Locate" owner="ImageHorizonLibrary">
<msg time="2024-02-14T16:47:48.404301" level="INFO">Image "/Users/runner/work/rfswarm/rfswarm/Tests/Regression/Manager/Images/file_method/manager_macos_corner_resize.png" found at Box(left=1873, top=72, width=30, height=31)</msg>
<msg time="2024-02-14T16:47:48.405039" level="INFO">@{coordinates} = [ 1888 | 87 ]</msg>
<var>@{coordinates}</var>
<arg>${img}</arg>
<doc>Locate image on screen.</doc>
<status status="PASS" start="2024-02-14T16:47:47.970933" elapsed="0.434171"/>
</kw>
<kw name="Create List" owner="BuiltIn">
<msg time="2024-02-14T16:47:48.407780" level="INFO">@{coordinates2} = [ 1988 | 97 ]</msg>
<var>@{coordinates2}</var>
<arg>${{${coordinates[0]}+${x}}}</arg>
<arg>${{${coordinates[1]}+${y}}}</arg>
<doc>Returns a list containing given items.</doc>
<status status="PASS" start="2024-02-14T16:47:48.405558" elapsed="0.002250"/>
</kw>
<kw name="Move To" owner="ImageHorizonLibrary">
<arg>@{coordinates}</arg>
<doc>Moves the mouse pointer to an absolute coordinates.</doc>
<status status="PASS" start="2024-02-14T16:47:48.407950" elapsed="0.193818"/>
</kw>
<kw name="Mouse Down" owner="ImageHorizonLibrary">
<doc>Presses specidied mouse button down</doc>
<status status="PASS" start="2024-02-14T16:47:48.602176" elapsed="0.160361"/>
</kw>
<kw name="Move To" owner="ImageHorizonLibrary">
<arg>@{coordinates2}</arg>
<doc>Moves the mouse pointer to an absolute coordinates.</doc>
<status status="PASS" start="2024-02-14T16:47:48.762907" elapsed="0.181484"/>
</kw>
<kw name="Mouse Up" owner="ImageHorizonLibrary">
<doc>Releases specified mouse button</doc>
<status status="PASS" start="2024-02-14T16:47:48.944820" elapsed="0.131873"/>
</kw>
<arg>100</arg>
<arg>10</arg>
<status status="PASS" start="2024-02-14T16:47:47.534759" elapsed="1.542303"/>
</kw>
<kw name="Take A Screenshot" owner="ImageHorizonLibrary">
<msg time="2024-02-14T16:47:49.078014" level="INFO" html="true">Screenshot taken: /Users/runner/work/rfswarm/rfswarm/Tests/Regression/Manager/Logs/macos-latest_3.8/Manager.GUIBugs-screenshot-2.png&lt;br/&gt;&lt;img src="/Users/runner/work/rfswarm/rfswarm/Tests/Regression/Manager/Logs/macos-latest_3.8/Manager.GUIBugs-screenshot-2.png" width="100%" /&gt;</msg>
<doc>Takes a screenshot of the screen.</doc>
<status status="PASS" start="2024-02-14T16:47:49.077484" elapsed="0.273312"/>
</kw>
<kw name="Wait Agent Ready" owner="GUI_Common">
<kw name="Click Tab" owner="GUI_Common">
<kw name="Convert To Lower Case" owner="String">
<msg time="2024-02-14T16:47:49.353019" level="INFO">${tabnamel} = agents</msg>
<var>${tabnamel}</var>
<arg>${tabname}</arg>
<doc>Converts string to lower case.</doc>
<status status="PASS" start="2024-02-14T16:47:49.352800" elapsed="0.000250"/>
</kw>
<kw name="Set Variable" owner="BuiltIn">
<msg time="2024-02-14T16:47:49.353428" level="INFO">${img} = manager_macos_tab_agents.png</msg>
<var>${img}</var>
<arg>manager_${platform}_tab_${tabnamel}.png</arg>
<doc>Returns the given values which can then be assigned to a variables.</doc>
<status status="PASS" start="2024-02-14T16:47:49.353202" elapsed="0.000252"/>
</kw>
<kw name="Log" owner="BuiltIn">
<msg time="2024-02-14T16:47:49.353760" level="INFO">/Users/runner/work/rfswarm/rfswarm/Tests/Regression/Manager</msg>
<arg>/Users/runner/work/rfswarm/rfswarm/Tests/Regression/Manager</arg>
<doc>Logs the given message with the given level.</doc>
<status status="PASS" start="2024-02-14T16:47:49.353599" elapsed="0.000216"/>
</kw>
<kw name="Log" owner="BuiltIn">
<msg time="2024-02-14T16:47:49.354077" level="INFO">/Users/runner/work/rfswarm/rfswarm/Tests/Regression/Manager/Images/file_method</msg>
<arg>${IMAGE_DIR}</arg>
<doc>Logs the given message with the given level.</doc>
<status status="PASS" start="2024-02-14T16:47:49.353942" elapsed="0.000179"/>
</kw>
<kw name="Wait For" owner="ImageHorizonLibrary">
<kw name="Take A Screenshot" owner="ImageHorizonLibrary">
<msg time="2024-02-14T16:52:49.583258" level="INFO" html="true">Screenshot taken: /Users/runner/work/rfswarm/rfswarm/Tests/Regression/Manager/Logs/macos-latest_3.8/Manager.GUIBugs-screenshot-3.png&lt;br/&gt;&lt;img src="/Users/runner/work/rfswarm/rfswarm/Tests/Regression/Manager/Logs/macos-latest_3.8/Manager.GUIBugs-screenshot-3.png" width="100%" /&gt;</msg>
<doc>Takes a screenshot of the screen.</doc>
<status status="PASS" start="2024-02-14T16:52:49.582526" elapsed="0.291420"/>
</kw>
<msg time="2024-02-14T16:52:49.874588" level="FAIL">ImageNotFoundException: Reference image "/Users/runner/work/rfswarm/rfswarm/Tests/Regression/Manager/Images/file_method/manager_macos_tab_agents.png" was not found on screen</msg>
<arg>${img}</arg>
<arg>timeout=300</arg>
<doc>Tries to locate given image from the screen for given time.</doc>
<status status="FAIL" start="2024-02-14T16:47:49.354244" elapsed="300.520561">ImageNotFoundException: Reference image "/Users/runner/work/rfswarm/rfswarm/Tests/Regression/Manager/Images/file_method/manager_macos_tab_agents.png" was not found on screen</status>
</kw>
<kw name="Locate" owner="ImageHorizonLibrary">
<var>@{coordinates}</var>
<arg>${img}</arg>
<doc>Locate image on screen.</doc>
<status status="NOT RUN" start="2024-02-14T16:52:49.875220" elapsed="0.000037"/>
</kw>
<kw name="Click Image" owner="ImageHorizonLibrary">
<arg>${img}</arg>
<doc>Finds the reference image on screen and clicks it once.</doc>
<status status="NOT RUN" start="2024-02-14T16:52:49.875441" elapsed="0.000024"/>
</kw>
<kw name="Sleep" owner="BuiltIn">
<arg>0.1</arg>
<doc>Pauses the test executed for the given time.</doc>
<status status="NOT RUN" start="2024-02-14T16:52:49.875586" elapsed="0.000020"/>
</kw>
<kw name="Take A Screenshot" owner="ImageHorizonLibrary">
<doc>Takes a screenshot of the screen.</doc>
<status status="NOT RUN" start="2024-02-14T16:52:49.875718" elapsed="0.000020"/>
</kw>
<arg>Agents</arg>
<status status="FAIL" start="2024-02-14T16:47:49.352375" elapsed="300.523538">ImageNotFoundException: Reference image "/Users/runner/work/rfswarm/rfswarm/Tests/Regression/Manager/Images/file_method/manager_macos_tab_agents.png" was not found on screen</status>
</kw>
<kw name="Set Variable" owner="BuiltIn">
<var>${img}</var>
<arg>manager_${platform}_agents_ready.png</arg>
<doc>Returns the given values which can then be assigned to a variables.</doc>
<status status="NOT RUN" start="2024-02-14T16:52:49.876071" elapsed="0.000020"/>
</kw>
<kw name="Wait For" owner="ImageHorizonLibrary">
<arg>${img}</arg>
<arg>timeout=300</arg>
<doc>Tries to locate given image from the screen for given time.</doc>
<status status="NOT RUN" start="2024-02-14T16:52:49.876227" elapsed="0.000022"/>
</kw>
<status status="FAIL" start="2024-02-14T16:47:49.351663" elapsed="300.524703">ImageNotFoundException: Reference image "/Users/runner/work/rfswarm/rfswarm/Tests/Regression/Manager/Images/file_method/manager_macos_tab_agents.png" was not found on screen</status>
</kw>
<kw name="Click Tab" owner="GUI_Common">
<arg>Plan</arg>
<status status="NOT RUN" start="2024-02-14T16:52:49.876757" elapsed="0.000033"/>
</kw>
<kw name="Click Button" owner="GUI_Common">
<arg>runsettings</arg>
<status status="NOT RUN" start="2024-02-14T16:52:49.876976" elapsed="0.000022"/>
</kw>
<kw name="Take A Screenshot" owner="ImageHorizonLibrary">
<doc>Takes a screenshot of the screen.</doc>
<status status="NOT RUN" start="2024-02-14T16:52:49.877109" elapsed="0.000019"/>
</kw>
<kw name="Run Keyword" owner="BuiltIn">
<arg>Close Manager GUI ${platform}</arg>
<doc>Executes the given keyword with the given arguments.</doc>
<status status="NOT RUN" start="2024-02-14T16:52:49.877257" elapsed="0.000018"/>
</kw>
<kw name="Stop Agent" owner="GUI_Common">
<status status="NOT RUN" start="2024-02-14T16:52:49.877416" elapsed="0.000022"/>
</kw>
<tag>macos-latest</tag>
<tag>ubuntu-latest</tag>
<tag>windows-latest</tag>
<status status="FAIL" start="2024-02-14T16:47:37.233528" elapsed="312.644127">ImageNotFoundException: Reference image "/Users/runner/work/rfswarm/rfswarm/Tests/Regression/Manager/Images/file_method/manager_macos_tab_agents.png" was not found on screen</status>
</test>
<status status="FAIL" start="2024-02-14T16:47:37.217629" elapsed="312.660583"/>
</suite>
<status status="FAIL" start="2024-02-14T16:26:33.658767" elapsed="1576.220187"/>
</suite>
<statistics>
<total>
<stat pass="4" fail="6" skip="0">All Tests</stat>
</total>
<tag>
<stat pass="4" fail="6" skip="0">macos-latest</stat>
<stat pass="3" fail="5" skip="0">ubuntu-latest</stat>
<stat pass="3" fail="5" skip="0">windows-latest</stat>
</tag>
<suite>
<stat pass="4" fail="6" skip="0" id="s1" name="Manager">Manager</stat>
<stat pass="3" fail="0" skip="0" id="s1-s1" name="CommandLine">Manager.CommandLine</stat>
<stat pass="1" fail="5" skip="0" id="s1-s2" name="GUI Basic">Manager.GUI Basic</stat>
<stat pass="0" fail="1" skip="0" id="s1-s3" name="GUI Bugs">Manager.GUI Bugs</stat>
</suite>
</statistics>
<errors>
</errors>
</robot>
