<?xml version="1.0" encoding="UTF-8"?>
<robot generator="Robot 4.1.3 (Python 3.8.12 on darwin)" generated="20220224 14:30:56.915" rpa="false" schemaversion="2">
<suite id="s1" name="Manager" source="/Users/runner/work/rfswarm/rfswarm/Tests/Regression/Manager">
<suite id="s1-s1" name="CommandLine" source="/Users/runner/work/rfswarm/rfswarm/Tests/Regression/Manager/CommandLine.robot">
<kw name="Clean Up Old Files" type="SETUP">
<tag>macos-latest</tag>
<tag>ubuntu-latest</tag>
<tag>windows-latest</tag>
<kw name="Log To Console" library="BuiltIn">
<arg>${OUTPUT DIR}</arg>
<doc>Logs the given message to the console.</doc>
<status status="PASS" starttime="20220224 14:30:56.959" endtime="20220224 14:30:56.960"/>
</kw>
<kw name="Remove File" library="OperatingSystem">
<arg>${OUTPUT DIR}${/}*.txt</arg>
<doc>Removes a file with the given path.</doc>
<msg timestamp="20220224 14:30:56.961" level="INFO" html="true">Removed file '&lt;a href="file:///Users/runner/work/rfswarm/rfswarm/Tests/Regression/Manager/Logs/macos-latest_3.8/stdout.txt"&gt;/Users/runner/work/rfswarm/rfswarm/Tests/Regression/Manager/Logs/macos-latest_3.8/stdout.txt&lt;/a&gt;'.</msg>
<msg timestamp="20220224 14:30:56.961" level="INFO" html="true">Removed file '&lt;a href="file:///Users/runner/work/rfswarm/rfswarm/Tests/Regression/Manager/Logs/macos-latest_3.8/stderr.txt"&gt;/Users/runner/work/rfswarm/rfswarm/Tests/Regression/Manager/Logs/macos-latest_3.8/stderr.txt&lt;/a&gt;'.</msg>
<status status="PASS" starttime="20220224 14:30:56.960" endtime="20220224 14:30:56.961"/>
</kw>
<kw name="Remove File" library="OperatingSystem">
<arg>${OUTPUT DIR}${/}*.png</arg>
<doc>Removes a file with the given path.</doc>
<msg timestamp="20220224 14:30:56.962" level="INFO" html="true">Removed file '&lt;a href="file:///Users/runner/work/rfswarm/rfswarm/Tests/Regression/Manager/Logs/macos-latest_3.8/Manager.GUIBasic-screenshot-1.png"&gt;/Users/runner/work/rfswarm/rfswarm/Tests/Regression/Manager/Logs/macos-latest_3.8/Manager.GUIBasic-screenshot-1.png&lt;/a&gt;'.</msg>
<status status="PASS" starttime="20220224 14:30:56.961" endtime="20220224 14:30:56.962"/>
</kw>
<status status="PASS" starttime="20220224 14:30:56.959" endtime="20220224 14:30:56.963"/>
</kw>
<test id="s1-s1-t1" name="Random Offset">
<kw name="Evaluate" library="BuiltIn">
<var>${random}</var>
<arg>random.randint(0, 60)</arg>
<doc>Evaluates the given expression in Python and returns the result.</doc>
<msg timestamp="20220224 14:30:56.964" level="INFO">${random} = 41</msg>
<status status="PASS" starttime="20220224 14:30:56.963" endtime="20220224 14:30:56.964"/>
</kw>
<kw name="Sleep" library="BuiltIn">
<arg>${random}</arg>
<doc>Pauses the test executed for the given time.</doc>
<msg timestamp="20220224 14:31:37.974" level="INFO">Slept 41 seconds</msg>
<status status="PASS" starttime="20220224 14:30:56.964" endtime="20220224 14:31:37.975"/>
</kw>
<doc>This just prevents all the test runners doing git push at the same time</doc>
<tag>macos-latest</tag>
<tag>ubuntu-latest</tag>
<tag>windows-latest</tag>
<status status="PASS" starttime="20220224 14:30:56.963" endtime="20220224 14:31:37.975"/>
</test>
<test id="s1-s1-t2" name="Manager Version">
<kw name="Run" library="OperatingSystem">
<var>${result}</var>
<arg>python3 ${EXECDIR}${/}rfswarm_manager${/}rfswarm.py -v</arg>
<doc>Runs the given command in the system and returns the output.</doc>
<msg timestamp="20220224 14:31:37.982" level="INFO">Running command 'python3 /Users/runner/work/rfswarm/rfswarm/rfswarm_manager/rfswarm.py -v 2&gt;&amp;1'.</msg>
<msg timestamp="20220224 14:32:20.775" level="INFO">${result} = Matplotlib is building the font cache; this may take a moment.
Unable to revert mtime: /Library/Fonts
Robot Framework Swarm: Manager 
	Version 1.1.0 </msg>
<status status="PASS" starttime="20220224 14:31:37.976" endtime="20220224 14:32:20.775"/>
</kw>
<kw name="Log To Console" library="BuiltIn">
<arg>${\n}${result}</arg>
<doc>Logs the given message to the console.</doc>
<status status="PASS" starttime="20220224 14:32:20.776" endtime="20220224 14:32:20.777"/>
</kw>
<kw name="Should Contain" library="BuiltIn">
<arg>${result}</arg>
<arg>Version</arg>
<doc>Fails if ``container`` does not contain ``item`` one or more times.</doc>
<status status="PASS" starttime="20220224 14:32:20.777" endtime="20220224 14:32:20.777"/>
</kw>
<kw name="Should Contain" library="BuiltIn">
<arg>${result}</arg>
<arg>Manager</arg>
<doc>Fails if ``container`` does not contain ``item`` one or more times.</doc>
<status status="PASS" starttime="20220224 14:32:20.777" endtime="20220224 14:32:20.777"/>
</kw>
<tag>macos-latest</tag>
<tag>ubuntu-latest</tag>
<tag>windows-latest</tag>
<status status="PASS" starttime="20220224 14:31:37.975" endtime="20220224 14:32:20.778"/>
</test>
<test id="s1-s1-t3" name="Manager Help">
<kw name="Run" library="OperatingSystem">
<var>${result}</var>
<arg>python3 ${EXECDIR}${/}rfswarm_manager${/}rfswarm.py -h</arg>
<doc>Runs the given command in the system and returns the output.</doc>
<msg timestamp="20220224 14:32:20.783" level="INFO">Running command 'python3 /Users/runner/work/rfswarm/rfswarm/rfswarm_manager/rfswarm.py -h 2&gt;&amp;1'.</msg>
<msg timestamp="20220224 14:32:22.790" level="INFO">${result} = Robot Framework Swarm: Manager 
	Version 1.1.0 
usage: rfswarm.py [-h] [-g DEBUG] [-v] [-i INI] [-s SCENARIO] [-r] [-a AGENTS]
                  [-n] [-t STARTTIME] [-d DIR] [-e IPADDRESS] [-p PORT]

...</msg>
<status status="PASS" starttime="20220224 14:32:20.779" endtime="20220224 14:32:22.790"/>
</kw>
<kw name="Log To Console" library="BuiltIn">
<arg>${\n}${result}</arg>
<doc>Logs the given message to the console.</doc>
<status status="PASS" starttime="20220224 14:32:22.790" endtime="20220224 14:32:22.791"/>
</kw>
<kw name="Should Contain" library="BuiltIn">
<arg>${result}</arg>
<arg>IPADDRESS</arg>
<doc>Fails if ``container`` does not contain ``item`` one or more times.</doc>
<status status="PASS" starttime="20220224 14:32:22.791" endtime="20220224 14:32:22.792"/>
</kw>
<tag>macos-latest</tag>
<tag>ubuntu-latest</tag>
<tag>windows-latest</tag>
<status status="PASS" starttime="20220224 14:32:20.778" endtime="20220224 14:32:22.792"/>
</test>
<status status="PASS" starttime="20220224 14:30:56.946" endtime="20220224 14:32:22.793"/>
</suite>
<suite id="s1-s2" name="GUI Basic" source="/Users/runner/work/rfswarm/rfswarm/Tests/Regression/Manager/GUI_Basic.robot">
<test id="s1-s2-t1" name="GUI Runs and Closes">
<kw name="Start Process" library="Process">
<arg>python3</arg>
<arg>${EXECDIR}${/}rfswarm_manager${/}rfswarm.py</arg>
<arg>-g</arg>
<arg>5</arg>
<arg>alias=Manager</arg>
<arg>stdout=${OUTPUT DIR}${/}stdout.txt</arg>
<arg>stderr=${OUTPUT DIR}${/}stderr.txt</arg>
<doc>Starts a new process on background.</doc>
<msg timestamp="20220224 14:32:42.281" level="INFO">Starting process:
python3 /Users/runner/work/rfswarm/rfswarm/rfswarm_manager/rfswarm.py -g 5</msg>
<status status="PASS" starttime="20220224 14:32:42.279" endtime="20220224 14:32:42.287"/>
</kw>
<kw name="Sleep" library="BuiltIn">
<arg>60</arg>
<doc>Pauses the test executed for the given time.</doc>
<msg timestamp="20220224 14:33:42.292" level="INFO">Slept 1 minute</msg>
<status status="PASS" starttime="20220224 14:32:42.288" endtime="20220224 14:33:42.292"/>
</kw>
<kw name="Set Screenshot Folder" library="ImageHorizonLibrary">
<arg>${OUTPUT DIR}</arg>
<doc>Sets the folder where screenshots are saved to.</doc>
<status status="PASS" starttime="20220224 14:33:42.292" endtime="20220224 14:33:42.294"/>
</kw>
<kw name="Take A Screenshot" library="ImageHorizonLibrary">
<doc>Takes a screenshot of the screen.</doc>
<msg timestamp="20220224 14:33:42.294" level="INFO" html="true">Screenshot taken: /Users/runner/work/rfswarm/rfswarm/Tests/Regression/Manager/Logs/macos-latest_3.8/Manager.GUIBasic-screenshot-1.png&lt;br/&gt;&lt;img src="/Users/runner/work/rfswarm/rfswarm/Tests/Regression/Manager/Logs/macos-latest_3.8/Manager.GUIBasic-screenshot-1.png" width="100%" /&gt;</msg>
<status status="PASS" starttime="20220224 14:33:42.294" endtime="20220224 14:33:44.361"/>
</kw>
<tag>macos-latest</tag>
<status status="PASS" starttime="20220224 14:32:42.278" endtime="20220224 14:33:44.362"/>
</test>
<status status="PASS" starttime="20220224 14:32:22.795" endtime="20220224 14:33:44.363"/>
</suite>
<status status="PASS" starttime="20220224 14:30:56.917" endtime="20220224 14:33:44.365"/>
</suite>
<statistics>
<total>
<stat pass="4" fail="0" skip="0">All Tests</stat>
</total>
<tag>
<stat pass="4" fail="0" skip="0">macos-latest</stat>
<stat pass="3" fail="0" skip="0">ubuntu-latest</stat>
<stat pass="3" fail="0" skip="0">windows-latest</stat>
</tag>
<suite>
<stat pass="4" fail="0" skip="0" id="s1" name="Manager">Manager</stat>
<stat pass="3" fail="0" skip="0" id="s1-s1" name="CommandLine">Manager.CommandLine</stat>
<stat pass="1" fail="0" skip="0" id="s1-s2" name="GUI Basic">Manager.GUI Basic</stat>
</suite>
</statistics>
<errors>
</errors>
</robot>
