<?xml version="1.0" encoding="UTF-8"?>
<robot generator="Robot 6.0.2 (Python 3.8.10 on win32)" generated="20230305 12:48:59.322" rpa="false" schemaversion="3">
<suite id="s1" name="Manager" source="D:\a\rfswarm\rfswarm\Tests\Regression\Manager">
<suite id="s1-s1" name="CommandLine" source="D:\a\rfswarm\rfswarm\Tests\Regression\Manager\CommandLine.robot">
<kw name="Clean Up Old Files" type="SETUP">
<tag>macos-latest</tag>
<tag>ubuntu-latest</tag>
<tag>windows-latest</tag>
<kw name="Log To Console" library="BuiltIn">
<arg>${OUTPUT DIR}</arg>
<doc>Logs the given message to the console.</doc>
<status status="PASS" starttime="20230305 12:48:59.354" endtime="20230305 12:48:59.354"/>
</kw>
<kw name="Remove File" library="OperatingSystem">
<arg>${OUTPUT DIR}${/}*.txt</arg>
<doc>Removes a file with the given path.</doc>
<msg timestamp="20230305 12:48:59.354" level="INFO" html="true">Removed file '&lt;a href="file://D:\a\rfswarm\rfswarm\Tests\Regression\Manager\Logs\windows-latest_3.8\stderr.txt"&gt;D:\a\rfswarm\rfswarm\Tests\Regression\Manager\Logs\windows-latest_3.8\stderr.txt&lt;/a&gt;'.</msg>
<msg timestamp="20230305 12:48:59.354" level="INFO" html="true">Removed file '&lt;a href="file://D:\a\rfswarm\rfswarm\Tests\Regression\Manager\Logs\windows-latest_3.8\stdout.txt"&gt;D:\a\rfswarm\rfswarm\Tests\Regression\Manager\Logs\windows-latest_3.8\stdout.txt&lt;/a&gt;'.</msg>
<status status="PASS" starttime="20230305 12:48:59.354" endtime="20230305 12:48:59.354"/>
</kw>
<kw name="Remove File" library="OperatingSystem">
<arg>${OUTPUT DIR}${/}*.png</arg>
<doc>Removes a file with the given path.</doc>
<msg timestamp="20230305 12:48:59.354" level="INFO" html="true">Removed file '&lt;a href="file://D:\a\rfswarm\rfswarm\Tests\Regression\Manager\Logs\windows-latest_3.8\Manager.GUIBasic-screenshot-1.png"&gt;D:\a\rfswarm\rfswarm\Tests\Regression\Manager\Logs\windows-latest_3.8\Manager.GUIBasic-screenshot-1.png&lt;/a&gt;'.</msg>
<msg timestamp="20230305 12:48:59.354" level="INFO" html="true">Removed file '&lt;a href="file://D:\a\rfswarm\rfswarm\Tests\Regression\Manager\Logs\windows-latest_3.8\Manager.GUIBasic-screenshot-2.png"&gt;D:\a\rfswarm\rfswarm\Tests\Regression\Manager\Logs\windows-latest_3.8\Manager.GUIBasic-screenshot-2.png&lt;/a&gt;'.</msg>
<status status="PASS" starttime="20230305 12:48:59.354" endtime="20230305 12:48:59.354"/>
</kw>
<status status="PASS" starttime="20230305 12:48:59.354" endtime="20230305 12:48:59.354"/>
</kw>
<test id="s1-s1-t1" name="Random Offset" line="7">
<kw name="Evaluate" library="BuiltIn">
<var>${random}</var>
<arg>random.randint(0, 60)</arg>
<doc>Evaluates the given expression in Python and returns the result.</doc>
<msg timestamp="20230305 12:48:59.354" level="INFO">${random} = 15</msg>
<status status="PASS" starttime="20230305 12:48:59.354" endtime="20230305 12:48:59.354"/>
</kw>
<kw name="Sleep" library="BuiltIn">
<arg>${random}</arg>
<doc>Pauses the test executed for the given time.</doc>
<msg timestamp="20230305 12:49:14.369" level="INFO">Slept 15 seconds</msg>
<status status="PASS" starttime="20230305 12:48:59.354" endtime="20230305 12:49:14.369"/>
</kw>
<doc>This just prevents all the test runners doing git push at the same time</doc>
<tag>macos-latest</tag>
<tag>ubuntu-latest</tag>
<tag>windows-latest</tag>
<status status="PASS" starttime="20230305 12:48:59.354" endtime="20230305 12:49:14.369"/>
</test>
<test id="s1-s1-t2" name="Manager Version" line="13">
<kw name="Run" library="OperatingSystem">
<var>${result}</var>
<arg>python3 ${EXECDIR}${/}rfswarm_manager${/}rfswarm.py -v</arg>
<doc>Runs the given command in the system and returns the output.</doc>
<msg timestamp="20230305 12:49:14.369" level="INFO">Running command 'python3 D:\a\rfswarm\rfswarm\rfswarm_manager\rfswarm.py -v 2&gt;&amp;1'.</msg>
<msg timestamp="20230305 12:51:34.125" level="INFO">${result} = Matplotlib is building the font cache; this may take a moment.
Robot Framework Swarm: Manager 
	Version 1.1.0 </msg>
<status status="PASS" starttime="20230305 12:49:14.369" endtime="20230305 12:51:34.125"/>
</kw>
<kw name="Log To Console" library="BuiltIn">
<arg>${\n}${result}</arg>
<doc>Logs the given message to the console.</doc>
<status status="PASS" starttime="20230305 12:51:34.125" endtime="20230305 12:51:34.125"/>
</kw>
<kw name="Should Contain" library="BuiltIn">
<arg>${result}</arg>
<arg>Version</arg>
<doc>Fails if ``container`` does not contain ``item`` one or more times.</doc>
<status status="PASS" starttime="20230305 12:51:34.125" endtime="20230305 12:51:34.125"/>
</kw>
<kw name="Should Contain" library="BuiltIn">
<arg>${result}</arg>
<arg>Manager</arg>
<doc>Fails if ``container`` does not contain ``item`` one or more times.</doc>
<status status="PASS" starttime="20230305 12:51:34.125" endtime="20230305 12:51:34.125"/>
</kw>
<tag>macos-latest</tag>
<tag>ubuntu-latest</tag>
<tag>windows-latest</tag>
<status status="PASS" starttime="20230305 12:49:14.369" endtime="20230305 12:51:34.125"/>
</test>
<test id="s1-s1-t3" name="Manager Help" line="20">
<kw name="Run" library="OperatingSystem">
<var>${result}</var>
<arg>python3 ${EXECDIR}${/}rfswarm_manager${/}rfswarm.py -h</arg>
<doc>Runs the given command in the system and returns the output.</doc>
<msg timestamp="20230305 12:51:34.125" level="INFO">Running command 'python3 D:\a\rfswarm\rfswarm\rfswarm_manager\rfswarm.py -h 2&gt;&amp;1'.</msg>
<msg timestamp="20230305 12:51:35.093" level="INFO">${result} = Robot Framework Swarm: Manager 
	Version 1.1.0 
usage: rfswarm.py [-h] [-g DEBUG] [-v] [-i INI] [-s SCENARIO] [-r] [-a AGENTS]
                  [-n] [-t STARTTIME] [-d DIR] [-e IPADDRESS] [-p PORT]

...</msg>
<status status="PASS" starttime="20230305 12:51:34.125" endtime="20230305 12:51:35.093"/>
</kw>
<kw name="Log To Console" library="BuiltIn">
<arg>${\n}${result}</arg>
<doc>Logs the given message to the console.</doc>
<status status="PASS" starttime="20230305 12:51:35.093" endtime="20230305 12:51:35.093"/>
</kw>
<kw name="Should Contain" library="BuiltIn">
<arg>${result}</arg>
<arg>IPADDRESS</arg>
<doc>Fails if ``container`` does not contain ``item`` one or more times.</doc>
<status status="PASS" starttime="20230305 12:51:35.093" endtime="20230305 12:51:35.093"/>
</kw>
<tag>macos-latest</tag>
<tag>ubuntu-latest</tag>
<tag>windows-latest</tag>
<status status="PASS" starttime="20230305 12:51:34.125" endtime="20230305 12:51:35.093"/>
</test>
<status status="PASS" starttime="20230305 12:48:59.338" endtime="20230305 12:51:35.093"/>
</suite>
<suite id="s1-s2" name="GUI Basic" source="D:\a\rfswarm\rfswarm\Tests\Regression\Manager\GUI_Basic.robot">
<test id="s1-s2-t1" name="GUI Runs and Closes" line="21">
<kw name="Set Suite Variable" library="BuiltIn">
<arg>${platform}</arg>
<arg>windows</arg>
<doc>Makes a variable available everywhere within the scope of the current suite.</doc>
<msg timestamp="20230305 12:51:36.626" level="INFO">${platform} = windows</msg>
<status status="PASS" starttime="20230305 12:51:36.626" endtime="20230305 12:51:36.626"/>
</kw>
<kw name="Set Confidence" library="ImageHorizonLibrary">
<arg>0.9</arg>
<doc>Sets the accuracy when finding images.</doc>
<status status="PASS" starttime="20230305 12:51:36.626" endtime="20230305 12:51:36.626"/>
</kw>
<kw name="Start Process" library="Process">
<arg>python3</arg>
<arg>${pyfile}</arg>
<arg>alias=Manager</arg>
<arg>stdout=${OUTPUT DIR}${/}stdout.txt</arg>
<arg>stderr=${OUTPUT DIR}${/}stderr.txt</arg>
<doc>Starts a new process on background.</doc>
<msg timestamp="20230305 12:51:36.626" level="INFO">Starting process:
python3 D:\a\rfswarm\rfswarm\rfswarm_manager\rfswarm.py</msg>
<status status="PASS" starttime="20230305 12:51:36.626" endtime="20230305 12:51:36.626"/>
</kw>
<kw name="Sleep" library="BuiltIn">
<arg>60</arg>
<doc>Pauses the test executed for the given time.</doc>
<msg timestamp="20230305 12:52:36.638" level="INFO">Slept 1 minute</msg>
<status status="PASS" starttime="20230305 12:51:36.626" endtime="20230305 12:52:36.638"/>
</kw>
<kw name="Set Screenshot Folder" library="ImageHorizonLibrary">
<arg>${OUTPUT DIR}</arg>
<doc>Sets the folder where screenshots are saved to.</doc>
<status status="PASS" starttime="20230305 12:52:36.638" endtime="20230305 12:52:36.638"/>
</kw>
<kw name="Take A Screenshot" library="ImageHorizonLibrary">
<doc>Takes a screenshot of the screen.</doc>
<msg timestamp="20230305 12:52:36.638" level="INFO" html="true">Screenshot taken: D:\a\rfswarm\rfswarm\Tests\Regression\Manager\Logs\windows-latest_3.8\Manager.GUIBasic-screenshot-1.png&lt;br/&gt;&lt;img src="D:\a\rfswarm\rfswarm\Tests\Regression\Manager\Logs\windows-latest_3.8\Manager.GUIBasic-screenshot-1.png" width="100%" /&gt;</msg>
<status status="PASS" starttime="20230305 12:52:36.638" endtime="20230305 12:52:36.763"/>
</kw>
<kw name="Press Combination" library="ImageHorizonLibrary">
<arg>x</arg>
<arg>Key.ctrl</arg>
<doc>Press given keyboard keys.</doc>
<status status="PASS" starttime="20230305 12:52:36.763" endtime="20230305 12:52:36.872"/>
</kw>
<kw name="Wait For Process" library="Process">
<var>${result}</var>
<arg>Manager</arg>
<doc>Waits for the process to complete or to reach the given timeout.</doc>
<msg timestamp="20230305 12:52:36.872" level="INFO">Waiting for process to complete.</msg>
<msg timestamp="20230305 12:52:37.998" level="INFO">Process completed.</msg>
<msg timestamp="20230305 12:52:37.998" level="INFO">${result} = &lt;result object with rc 0&gt;</msg>
<status status="PASS" starttime="20230305 12:52:36.872" endtime="20230305 12:52:37.998"/>
</kw>
<kw name="Should Be Equal As Integers" library="BuiltIn">
<arg>${result.rc}</arg>
<arg>0</arg>
<doc>Fails if objects are unequal after converting them to integers.</doc>
<msg timestamp="20230305 12:52:37.998" level="INFO">Argument types are:
&lt;class 'int'&gt;
&lt;class 'str'&gt;</msg>
<status status="PASS" starttime="20230305 12:52:37.998" endtime="20230305 12:52:37.998"/>
</kw>
<tag>windows-latest</tag>
<status status="PASS" starttime="20230305 12:51:36.626" endtime="20230305 12:52:37.998"/>
</test>
<test id="s1-s2-t2" name="Select Run Tab" line="44">
<kw name="Click Run Tab">
<kw name="Wait For" library="ImageHorizonLibrary">
<arg>Run Tab</arg>
<arg>timeout=10</arg>
<doc>Tries to locate given image from the screen for given time.</doc>
<kw name="Take A Screenshot" library="ImageHorizonLibrary">
<doc>Takes a screenshot of the screen.</doc>
<msg timestamp="20230305 12:52:48.130" level="INFO" html="true">Screenshot taken: D:\a\rfswarm\rfswarm\Tests\Regression\Manager\Logs\windows-latest_3.8\Manager.GUIBasic-screenshot-2.png&lt;br/&gt;&lt;img src="D:\a\rfswarm\rfswarm\Tests\Regression\Manager\Logs\windows-latest_3.8\Manager.GUIBasic-screenshot-2.png" width="100%" /&gt;</msg>
<status status="PASS" starttime="20230305 12:52:48.130" endtime="20230305 12:52:48.208"/>
</kw>
<msg timestamp="20230305 12:52:48.208" level="FAIL">ImageNotFoundException: Reference image "D:\a\rfswarm\rfswarm\Tests\Regression\Manager\Images\run_tab" was not found on screen</msg>
<status status="FAIL" starttime="20230305 12:52:37.998" endtime="20230305 12:52:48.208"/>
</kw>
<kw name="Locate" library="ImageHorizonLibrary">
<var>@{coordinates}</var>
<arg>Run Tab</arg>
<doc>Locate image on screen.</doc>
<status status="NOT RUN" starttime="20230305 12:52:48.208" endtime="20230305 12:52:48.208"/>
</kw>
<kw name="Click Image" library="ImageHorizonLibrary">
<arg>Run Tab</arg>
<doc>Finds the reference image on screen and clicks it once.</doc>
<status status="NOT RUN" starttime="20230305 12:52:48.208" endtime="20230305 12:52:48.208"/>
</kw>
<kw name="Take A Screenshot" library="ImageHorizonLibrary">
<doc>Takes a screenshot of the screen.</doc>
<status status="NOT RUN" starttime="20230305 12:52:48.208" endtime="20230305 12:52:48.208"/>
</kw>
<status status="FAIL" starttime="20230305 12:52:37.998" endtime="20230305 12:52:48.208"/>
</kw>
<tag>macos-latest</tag>
<tag>ubuntu-latest</tag>
<tag>windows-latest</tag>
<status status="FAIL" starttime="20230305 12:52:37.998" endtime="20230305 12:52:48.208">ImageNotFoundException: Reference image "D:\a\rfswarm\rfswarm\Tests\Regression\Manager\Images\run_tab" was not found on screen</status>
</test>
<status status="FAIL" starttime="20230305 12:51:35.093" endtime="20230305 12:52:48.208"/>
</suite>
<status status="FAIL" starttime="20230305 12:48:59.322" endtime="20230305 12:52:48.208"/>
</suite>
<statistics>
<total>
<stat pass="4" fail="1" skip="0">All Tests</stat>
</total>
<tag>
<stat pass="3" fail="1" skip="0">macos-latest</stat>
<stat pass="3" fail="1" skip="0">ubuntu-latest</stat>
<stat pass="4" fail="1" skip="0">windows-latest</stat>
</tag>
<suite>
<stat pass="4" fail="1" skip="0" id="s1" name="Manager">Manager</stat>
<stat pass="3" fail="0" skip="0" id="s1-s1" name="CommandLine">Manager.CommandLine</stat>
<stat pass="1" fail="1" skip="0" id="s1-s2" name="GUI Basic">Manager.GUI Basic</stat>
</suite>
</statistics>
<errors>
</errors>
</robot>
