<?xml version="1.0" encoding="UTF-8"?>
<robot generator="Robot 7.0 (Python 3.8.18 on linux)" generated="2024-02-14T16:51:36.811649" rpa="false" schemaversion="5">
<suite id="s1" name="Manager" source="/home/runner/work/rfswarm/rfswarm/Tests/Regression/Manager">
<suite id="s1-s1" name="CommandLine" source="/home/runner/work/rfswarm/rfswarm/Tests/Regression/Manager/CommandLine.robot">
<kw name="Clean Up Old Files" type="SETUP">
<kw name="Log To Console" owner="BuiltIn">
<arg>${OUTPUT DIR}</arg>
<doc>Logs the given message to the console.</doc>
<status status="PASS" start="2024-02-14T16:51:36.840482" elapsed="0.000199"/>
</kw>
<kw name="Remove File" owner="OperatingSystem">
<msg time="2024-02-14T16:51:36.841329" level="INFO" html="true">Removed file '&lt;a href="file:///home/runner/work/rfswarm/rfswarm/Tests/Regression/Manager/Logs/ubuntu-latest_3.8/stderr_agent.txt"&gt;/home/runner/work/rfswarm/rfswarm/Tests/Regression/Manager/Logs/ubuntu-latest_3.8/stderr_agent.txt&lt;/a&gt;'.</msg>
<msg time="2024-02-14T16:51:36.841397" level="INFO" html="true">Removed file '&lt;a href="file:///home/runner/work/rfswarm/rfswarm/Tests/Regression/Manager/Logs/ubuntu-latest_3.8/stdout_manager.txt"&gt;/home/runner/work/rfswarm/rfswarm/Tests/Regression/Manager/Logs/ubuntu-latest_3.8/stdout_manager.txt&lt;/a&gt;'.</msg>
<msg time="2024-02-14T16:51:36.841451" level="INFO" html="true">Removed file '&lt;a href="file:///home/runner/work/rfswarm/rfswarm/Tests/Regression/Manager/Logs/ubuntu-latest_3.8/stderr.txt"&gt;/home/runner/work/rfswarm/rfswarm/Tests/Regression/Manager/Logs/ubuntu-latest_3.8/stderr.txt&lt;/a&gt;'.</msg>
<msg time="2024-02-14T16:51:36.841512" level="INFO" html="true">Removed file '&lt;a href="file:///home/runner/work/rfswarm/rfswarm/Tests/Regression/Manager/Logs/ubuntu-latest_3.8/stdout.txt"&gt;/home/runner/work/rfswarm/rfswarm/Tests/Regression/Manager/Logs/ubuntu-latest_3.8/stdout.txt&lt;/a&gt;'.</msg>
<msg time="2024-02-14T16:51:36.841560" level="INFO" html="true">Removed file '&lt;a href="file:///home/runner/work/rfswarm/rfswarm/Tests/Regression/Manager/Logs/ubuntu-latest_3.8/stderr_manager.txt"&gt;/home/runner/work/rfswarm/rfswarm/Tests/Regression/Manager/Logs/ubuntu-latest_3.8/stderr_manager.txt&lt;/a&gt;'.</msg>
<msg time="2024-02-14T16:51:36.841607" level="INFO" html="true">Removed file '&lt;a href="file:///home/runner/work/rfswarm/rfswarm/Tests/Regression/Manager/Logs/ubuntu-latest_3.8/stdout_agent.txt"&gt;/home/runner/work/rfswarm/rfswarm/Tests/Regression/Manager/Logs/ubuntu-latest_3.8/stdout_agent.txt&lt;/a&gt;'.</msg>
<arg>${OUTPUT DIR}${/}*.txt</arg>
<doc>Removes a file with the given path.</doc>
<status status="PASS" start="2024-02-14T16:51:36.840869" elapsed="0.000785"/>
</kw>
<kw name="Remove File" owner="OperatingSystem">
<msg time="2024-02-14T16:51:36.842164" level="INFO" html="true">Removed file '&lt;a href="file:///home/runner/work/rfswarm/rfswarm/Tests/Regression/Manager/Logs/ubuntu-latest_3.8/Manager.GUIBugs-screenshot-4.png"&gt;/home/runner/work/rfswarm/rfswarm/Tests/Regression/Manager/Logs/ubuntu-latest_3.8/Manager.GUIBugs-screenshot-4.png&lt;/a&gt;'.</msg>
<msg time="2024-02-14T16:51:36.842255" level="INFO" html="true">Removed file '&lt;a href="file:///home/runner/work/rfswarm/rfswarm/Tests/Regression/Manager/Logs/ubuntu-latest_3.8/Manager.GUIBugs-screenshot-2.png"&gt;/home/runner/work/rfswarm/rfswarm/Tests/Regression/Manager/Logs/ubuntu-latest_3.8/Manager.GUIBugs-screenshot-2.png&lt;/a&gt;'.</msg>
<msg time="2024-02-14T16:51:36.842336" level="INFO" html="true">Removed file '&lt;a href="file:///home/runner/work/rfswarm/rfswarm/Tests/Regression/Manager/Logs/ubuntu-latest_3.8/Manager.GUIBasic-screenshot-2.png"&gt;/home/runner/work/rfswarm/rfswarm/Tests/Regression/Manager/Logs/ubuntu-latest_3.8/Manager.GUIBasic-screenshot-2.png&lt;/a&gt;'.</msg>
<msg time="2024-02-14T16:51:36.842413" level="INFO" html="true">Removed file '&lt;a href="file:///home/runner/work/rfswarm/rfswarm/Tests/Regression/Manager/Logs/ubuntu-latest_3.8/Manager.GUIBugs-screenshot-5.png"&gt;/home/runner/work/rfswarm/rfswarm/Tests/Regression/Manager/Logs/ubuntu-latest_3.8/Manager.GUIBugs-screenshot-5.png&lt;/a&gt;'.</msg>
<msg time="2024-02-14T16:51:36.842499" level="INFO" html="true">Removed file '&lt;a href="file:///home/runner/work/rfswarm/rfswarm/Tests/Regression/Manager/Logs/ubuntu-latest_3.8/Manager.GUIBasic-screenshot-4.png"&gt;/home/runner/work/rfswarm/rfswarm/Tests/Regression/Manager/Logs/ubuntu-latest_3.8/Manager.GUIBasic-screenshot-4.png&lt;/a&gt;'.</msg>
<msg time="2024-02-14T16:51:36.842581" level="INFO" html="true">Removed file '&lt;a href="file:///home/runner/work/rfswarm/rfswarm/Tests/Regression/Manager/Logs/ubuntu-latest_3.8/Manager.GUIBugs-screenshot-3.png"&gt;/home/runner/work/rfswarm/rfswarm/Tests/Regression/Manager/Logs/ubuntu-latest_3.8/Manager.GUIBugs-screenshot-3.png&lt;/a&gt;'.</msg>
<msg time="2024-02-14T16:51:36.842661" level="INFO" html="true">Removed file '&lt;a href="file:///home/runner/work/rfswarm/rfswarm/Tests/Regression/Manager/Logs/ubuntu-latest_3.8/Manager.GUIBasic-screenshot-1.png"&gt;/home/runner/work/rfswarm/rfswarm/Tests/Regression/Manager/Logs/ubuntu-latest_3.8/Manager.GUIBasic-screenshot-1.png&lt;/a&gt;'.</msg>
<msg time="2024-02-14T16:51:36.842739" level="INFO" html="true">Removed file '&lt;a href="file:///home/runner/work/rfswarm/rfswarm/Tests/Regression/Manager/Logs/ubuntu-latest_3.8/Manager.GUIBugs-screenshot-1.png"&gt;/home/runner/work/rfswarm/rfswarm/Tests/Regression/Manager/Logs/ubuntu-latest_3.8/Manager.GUIBugs-screenshot-1.png&lt;/a&gt;'.</msg>
<msg time="2024-02-14T16:51:36.842823" level="INFO" html="true">Removed file '&lt;a href="file:///home/runner/work/rfswarm/rfswarm/Tests/Regression/Manager/Logs/ubuntu-latest_3.8/Manager.GUIBasic-screenshot-5.png"&gt;/home/runner/work/rfswarm/rfswarm/Tests/Regression/Manager/Logs/ubuntu-latest_3.8/Manager.GUIBasic-screenshot-5.png&lt;/a&gt;'.</msg>
<msg time="2024-02-14T16:51:36.842898" level="INFO" html="true">Removed file '&lt;a href="file:///home/runner/work/rfswarm/rfswarm/Tests/Regression/Manager/Logs/ubuntu-latest_3.8/Manager.GUIBasic-screenshot-3.png"&gt;/home/runner/work/rfswarm/rfswarm/Tests/Regression/Manager/Logs/ubuntu-latest_3.8/Manager.GUIBasic-screenshot-3.png&lt;/a&gt;'.</msg>
<arg>${OUTPUT DIR}${/}*.png</arg>
<doc>Removes a file with the given path.</doc>
<status status="PASS" start="2024-02-14T16:51:36.841764" elapsed="0.001186"/>
</kw>
<tag>macos-latest</tag>
<tag>ubuntu-latest</tag>
<tag>windows-latest</tag>
<status status="PASS" start="2024-02-14T16:51:36.840006" elapsed="0.003036"/>
</kw>
<test id="s1-s1-t1" name="Random Offset" line="7">
<kw name="Evaluate" owner="BuiltIn">
<msg time="2024-02-14T16:51:36.843809" level="INFO">${random} = 52</msg>
<var>${random}</var>
<arg>random.randint(0, 60)</arg>
<doc>Evaluates the given expression in Python and returns the result.</doc>
<status status="PASS" start="2024-02-14T16:51:36.843560" elapsed="0.000275"/>
</kw>
<kw name="Sleep" owner="BuiltIn">
<msg time="2024-02-14T16:52:28.844271" level="INFO">Slept 52 seconds.</msg>
<arg>${random}</arg>
<doc>Pauses the test executed for the given time.</doc>
<status status="PASS" start="2024-02-14T16:51:36.843946" elapsed="52.000485"/>
</kw>
<doc>This just prevents all the test runners doing git push at the same time</doc>
<tag>macos-latest</tag>
<tag>ubuntu-latest</tag>
<tag>windows-latest</tag>
<status status="PASS" start="2024-02-14T16:51:36.843135" elapsed="52.001547"/>
</test>
<test id="s1-s1-t2" name="Manager Version" line="13">
<kw name="Run" owner="OperatingSystem">
<msg time="2024-02-14T16:52:28.847825" level="INFO">Running command 'python3 /home/runner/work/rfswarm/rfswarm/rfswarm_manager/rfswarm.py -v 2&gt;&amp;1'.</msg>
<msg time="2024-02-14T16:52:30.448030" level="INFO">${result} = Robot Framework Swarm: Manager 
	Version 1.2.1 </msg>
<var>${result}</var>
<arg>python3 ${EXECDIR}${/}rfswarm_manager${/}rfswarm.py -v</arg>
<doc>Runs the given command in the system and returns the output.</doc>
<status status="PASS" start="2024-02-14T16:52:28.845586" elapsed="1.602515"/>
</kw>
<kw name="Log To Console" owner="BuiltIn">
<arg>${\n}${result}</arg>
<doc>Logs the given message to the console.</doc>
<status status="PASS" start="2024-02-14T16:52:30.448549" elapsed="0.000399"/>
</kw>
<kw name="Should Contain" owner="BuiltIn">
<arg>${result}</arg>
<arg>Version</arg>
<doc>Fails if ``container`` does not contain ``item`` one or more times.</doc>
<status status="PASS" start="2024-02-14T16:52:30.449199" elapsed="0.000223"/>
</kw>
<kw name="Should Contain" owner="BuiltIn">
<arg>${result}</arg>
<arg>Manager</arg>
<doc>Fails if ``container`` does not contain ``item`` one or more times.</doc>
<status status="PASS" start="2024-02-14T16:52:30.449538" elapsed="0.000150"/>
</kw>
<tag>macos-latest</tag>
<tag>ubuntu-latest</tag>
<tag>windows-latest</tag>
<status status="PASS" start="2024-02-14T16:52:28.845081" elapsed="1.604777"/>
</test>
<test id="s1-s1-t3" name="Manager Help" line="20">
<kw name="Run" owner="OperatingSystem">
<msg time="2024-02-14T16:52:30.452661" level="INFO">Running command 'python3 /home/runner/work/rfswarm/rfswarm/rfswarm_manager/rfswarm.py -h 2&gt;&amp;1'.</msg>
<msg time="2024-02-14T16:52:31.019778" level="INFO">${result} = Robot Framework Swarm: Manager 
	Version 1.2.1 
usage: rfswarm.py [-h] [-g DEBUG] [-v] [-i INI] [-s SCENARIO] [-r] [-a AGENTS]
                  [-n] [-t STARTTIME] [-d DIR] [-e IPADDRESS] [-p PORT]

...</msg>
<var>${result}</var>
<arg>python3 ${EXECDIR}${/}rfswarm_manager${/}rfswarm.py -h</arg>
<doc>Runs the given command in the system and returns the output.</doc>
<status status="PASS" start="2024-02-14T16:52:30.450637" elapsed="0.569219"/>
</kw>
<kw name="Log To Console" owner="BuiltIn">
<arg>${\n}${result}</arg>
<doc>Logs the given message to the console.</doc>
<status status="PASS" start="2024-02-14T16:52:31.020332" elapsed="0.000414"/>
</kw>
<kw name="Should Contain" owner="BuiltIn">
<arg>${result}</arg>
<arg>IPADDRESS</arg>
<doc>Fails if ``container`` does not contain ``item`` one or more times.</doc>
<status status="PASS" start="2024-02-14T16:52:31.020931" elapsed="0.000228"/>
</kw>
<tag>macos-latest</tag>
<tag>ubuntu-latest</tag>
<tag>windows-latest</tag>
<status status="PASS" start="2024-02-14T16:52:30.450178" elapsed="0.571213"/>
</test>
<status status="PASS" start="2024-02-14T16:51:36.831631" elapsed="54.190463"/>
</suite>
<suite id="s1-s2" name="GUI Basic" source="/home/runner/work/rfswarm/rfswarm/Tests/Regression/Manager/GUI_Basic.robot">
<test id="s1-s2-t1" name="Open GUI" line="34">
<kw name="Set Suite Variable" owner="BuiltIn">
<msg time="2024-02-14T16:52:31.248555" level="INFO">${platform} = ubuntu</msg>
<arg>${platform}</arg>
<arg>ubuntu</arg>
<doc>Makes a variable available everywhere within the scope of the current suite.</doc>
<status status="PASS" start="2024-02-14T16:52:31.247672" elapsed="0.000949"/>
</kw>
<kw name="Set Confidence" owner="ImageHorizonLibrary">
<arg>0.9</arg>
<doc>Sets the accuracy when finding images.</doc>
<status status="PASS" start="2024-02-14T16:52:31.248771" elapsed="0.000138"/>
</kw>
<kw name="Start Process" owner="Process">
<msg time="2024-02-14T16:52:31.249528" level="INFO">Starting process:
python3 /home/runner/work/rfswarm/rfswarm/rfswarm_manager/rfswarm.py</msg>
<msg time="2024-02-14T16:52:31.254038" level="INFO">${process} = &lt;subprocess.Popen object at 0x7f8703f43520&gt;</msg>
<var>${process}</var>
<arg>python3</arg>
<arg>${pyfile}</arg>
<arg>alias=Manager</arg>
<arg>stdout=${OUTPUT DIR}${/}stdout.txt</arg>
<arg>stderr=${OUTPUT DIR}${/}stderr.txt</arg>
<doc>Starts a new process on background.</doc>
<status status="PASS" start="2024-02-14T16:52:31.249035" elapsed="0.005112"/>
</kw>
<kw name="Set Test Variable" owner="BuiltIn">
<msg time="2024-02-14T16:52:31.255109" level="INFO">${process} = &lt;subprocess.Popen object at 0x7f8703f43520&gt;</msg>
<arg>$process</arg>
<arg>${process}</arg>
<doc>Makes a variable available everywhere within the scope of the current test.</doc>
<status status="PASS" start="2024-02-14T16:52:31.254631" elapsed="0.000552"/>
</kw>
<kw name="Sleep" owner="BuiltIn">
<msg time="2024-02-14T16:52:41.255802" level="INFO">Slept 10 seconds.</msg>
<arg>10</arg>
<doc>Pauses the test executed for the given time.</doc>
<status status="PASS" start="2024-02-14T16:52:31.255382" elapsed="10.000590"/>
</kw>
<kw name="Set Screenshot Folder" owner="ImageHorizonLibrary">
<arg>${OUTPUT DIR}</arg>
<doc>Sets the folder where screenshots are saved to.</doc>
<status status="PASS" start="2024-02-14T16:52:41.256250" elapsed="0.000289"/>
</kw>
<kw name="Take A Screenshot" owner="ImageHorizonLibrary">
<msg time="2024-02-14T16:52:41.256878" level="INFO" html="true">Screenshot taken: /home/runner/work/rfswarm/rfswarm/Tests/Regression/Manager/Logs/ubuntu-latest_3.8/Manager.GUIBasic-screenshot-1.png&lt;br/&gt;&lt;img src="/home/runner/work/rfswarm/rfswarm/Tests/Regression/Manager/Logs/ubuntu-latest_3.8/Manager.GUIBasic-screenshot-1.png" width="100%" /&gt;</msg>
<doc>Takes a screenshot of the screen.</doc>
<status status="PASS" start="2024-02-14T16:52:41.256661" elapsed="0.101180"/>
</kw>
<tag>ubuntu-latest</tag>
<status status="PASS" start="2024-02-14T16:52:31.246829" elapsed="10.111380"/>
</test>
<test id="s1-s2-t2" name="Select Run Tab" line="44">
<kw name="Click Tab">
<kw name="Convert To Lower Case" owner="String">
<msg time="2024-02-14T16:52:41.359988" level="INFO">${tabnamel} = run</msg>
<var>${tabnamel}</var>
<arg>${tabname}</arg>
<doc>Converts string to lower case.</doc>
<status status="PASS" start="2024-02-14T16:52:41.359786" elapsed="0.000229"/>
</kw>
<kw name="Set Variable" owner="BuiltIn">
<msg time="2024-02-14T16:52:41.360345" level="INFO">${img} = manager_ubuntu_tab_run.png</msg>
<var>${img}</var>
<arg>manager_${platform}_tab_${tabnamel}.png</arg>
<doc>Returns the given values which can then be assigned to a variables.</doc>
<status status="PASS" start="2024-02-14T16:52:41.360139" elapsed="0.000229"/>
</kw>
<kw name="Log" owner="BuiltIn">
<msg time="2024-02-14T16:52:41.360611" level="INFO">/home/runner/work/rfswarm/rfswarm/Tests/Regression/Manager</msg>
<arg>/home/runner/work/rfswarm/rfswarm/Tests/Regression/Manager</arg>
<doc>Logs the given message with the given level.</doc>
<status status="PASS" start="2024-02-14T16:52:41.360486" elapsed="0.000168"/>
</kw>
<kw name="Log" owner="BuiltIn">
<msg time="2024-02-14T16:52:41.360880" level="INFO">/home/runner/work/rfswarm/rfswarm/Tests/Regression/Manager/Images/file_method</msg>
<arg>${IMAGE_DIR}</arg>
<doc>Logs the given message with the given level.</doc>
<status status="PASS" start="2024-02-14T16:52:41.360759" elapsed="0.000160"/>
</kw>
<kw name="Wait For" owner="ImageHorizonLibrary">
<msg time="2024-02-14T16:52:41.558917" level="INFO">Image "manager_ubuntu_tab_run.png" found at (67, 64)</msg>
<arg>${img}</arg>
<arg>timeout=300</arg>
<doc>Tries to locate given image from the screen for given time.</doc>
<status status="PASS" start="2024-02-14T16:52:41.361024" elapsed="0.198215"/>
</kw>
<kw name="Locate" owner="ImageHorizonLibrary">
<msg time="2024-02-14T16:52:41.759696" level="INFO">Image "/home/runner/work/rfswarm/rfswarm/Tests/Regression/Manager/Images/file_method/manager_ubuntu_tab_run.png" found at Box(left=46, top=45, width=43, height=39)</msg>
<msg time="2024-02-14T16:52:41.760218" level="INFO">@{coordinates} = [ 67 | 64 ]</msg>
<var>@{coordinates}</var>
<arg>${img}</arg>
<doc>Locate image on screen.</doc>
<status status="PASS" start="2024-02-14T16:52:41.559696" elapsed="0.200563"/>
</kw>
<kw name="Click Image" owner="ImageHorizonLibrary">
<msg time="2024-02-14T16:52:41.960902" level="INFO">Image "/home/runner/work/rfswarm/rfswarm/Tests/Regression/Manager/Images/file_method/manager_ubuntu_tab_run.png" found at Box(left=46, top=45, width=43, height=39)</msg>
<msg time="2024-02-14T16:52:41.961111" level="INFO">Clicking image "manager_ubuntu_tab_run.png" in position (67, 64)</msg>
<arg>${img}</arg>
<doc>Finds the reference image on screen and clicks it once.</doc>
<status status="PASS" start="2024-02-14T16:52:41.760671" elapsed="0.303529"/>
</kw>
<kw name="Sleep" owner="BuiltIn">
<msg time="2024-02-14T16:52:42.165182" level="INFO">Slept 100 milliseconds.</msg>
<arg>0.1</arg>
<doc>Pauses the test executed for the given time.</doc>
<status status="PASS" start="2024-02-14T16:52:42.064740" elapsed="0.100520"/>
</kw>
<kw name="Take A Screenshot" owner="ImageHorizonLibrary">
<msg time="2024-02-14T16:52:42.165849" level="INFO" html="true">Screenshot taken: /home/runner/work/rfswarm/rfswarm/Tests/Regression/Manager/Logs/ubuntu-latest_3.8/Manager.GUIBasic-screenshot-2.png&lt;br/&gt;&lt;img src="/home/runner/work/rfswarm/rfswarm/Tests/Regression/Manager/Logs/ubuntu-latest_3.8/Manager.GUIBasic-screenshot-2.png" width="100%" /&gt;</msg>
<doc>Takes a screenshot of the screen.</doc>
<status status="PASS" start="2024-02-14T16:52:42.165511" elapsed="0.095936"/>
</kw>
<arg>Run</arg>
<status status="PASS" start="2024-02-14T16:52:41.359309" elapsed="0.902440"/>
</kw>
<kw name="Sleep" owner="BuiltIn">
<msg time="2024-02-14T16:52:47.262579" level="INFO">Slept 5 seconds.</msg>
<arg>5</arg>
<doc>Pauses the test executed for the given time.</doc>
<status status="PASS" start="2024-02-14T16:52:42.262102" elapsed="5.000626"/>
</kw>
<tag>macos-latest</tag>
<tag>ubuntu-latest</tag>
<tag>windows-latest</tag>
<status status="PASS" start="2024-02-14T16:52:41.358587" elapsed="5.904495"/>
</test>
<test id="s1-s2-t3" name="Select Agents Tab" line="49">
<kw name="Click Tab">
<kw name="Convert To Lower Case" owner="String">
<msg time="2024-02-14T16:52:47.264938" level="INFO">${tabnamel} = agents</msg>
<var>${tabnamel}</var>
<arg>${tabname}</arg>
<doc>Converts string to lower case.</doc>
<status status="PASS" start="2024-02-14T16:52:47.264745" elapsed="0.000219"/>
</kw>
<kw name="Set Variable" owner="BuiltIn">
<msg time="2024-02-14T16:52:47.265279" level="INFO">${img} = manager_ubuntu_tab_agents.png</msg>
<var>${img}</var>
<arg>manager_${platform}_tab_${tabnamel}.png</arg>
<doc>Returns the given values which can then be assigned to a variables.</doc>
<status status="PASS" start="2024-02-14T16:52:47.265085" elapsed="0.000218"/>
</kw>
<kw name="Log" owner="BuiltIn">
<msg time="2024-02-14T16:52:47.265576" level="INFO">/home/runner/work/rfswarm/rfswarm/Tests/Regression/Manager</msg>
<arg>/home/runner/work/rfswarm/rfswarm/Tests/Regression/Manager</arg>
<doc>Logs the given message with the given level.</doc>
<status status="PASS" start="2024-02-14T16:52:47.265423" elapsed="0.000198"/>
</kw>
<kw name="Log" owner="BuiltIn">
<msg time="2024-02-14T16:52:47.265898" level="INFO">/home/runner/work/rfswarm/rfswarm/Tests/Regression/Manager/Images/file_method</msg>
<arg>${IMAGE_DIR}</arg>
<doc>Logs the given message with the given level.</doc>
<status status="PASS" start="2024-02-14T16:52:47.265731" elapsed="0.000211"/>
</kw>
<kw name="Wait For" owner="ImageHorizonLibrary">
<msg time="2024-02-14T16:52:47.470970" level="INFO">Image "manager_ubuntu_tab_agents.png" found at (118, 67)</msg>
<arg>${img}</arg>
<arg>timeout=300</arg>
<doc>Tries to locate given image from the screen for given time.</doc>
<status status="PASS" start="2024-02-14T16:52:47.266051" elapsed="0.205229"/>
</kw>
<kw name="Locate" owner="ImageHorizonLibrary">
<msg time="2024-02-14T16:52:47.675783" level="INFO">Image "/home/runner/work/rfswarm/rfswarm/Tests/Regression/Manager/Images/file_method/manager_ubuntu_tab_agents.png" found at Box(left=90, top=49, width=56, height=36)</msg>
<msg time="2024-02-14T16:52:47.676299" level="INFO">@{coordinates} = [ 118 | 67 ]</msg>
<var>@{coordinates}</var>
<arg>${img}</arg>
<doc>Locate image on screen.</doc>
<status status="PASS" start="2024-02-14T16:52:47.471731" elapsed="0.204609"/>
</kw>
<kw name="Click Image" owner="ImageHorizonLibrary">
<msg time="2024-02-14T16:52:47.878782" level="INFO">Image "/home/runner/work/rfswarm/rfswarm/Tests/Regression/Manager/Images/file_method/manager_ubuntu_tab_agents.png" found at Box(left=90, top=49, width=56, height=36)</msg>
<msg time="2024-02-14T16:52:47.878980" level="INFO">Clicking image "manager_ubuntu_tab_agents.png" in position (118, 67)</msg>
<arg>${img}</arg>
<doc>Finds the reference image on screen and clicks it once.</doc>
<status status="PASS" start="2024-02-14T16:52:47.676758" elapsed="0.304093"/>
</kw>
<kw name="Sleep" owner="BuiltIn">
<msg time="2024-02-14T16:52:48.081763" level="INFO">Slept 100 milliseconds.</msg>
<arg>0.1</arg>
<doc>Pauses the test executed for the given time.</doc>
<status status="PASS" start="2024-02-14T16:52:47.981327" elapsed="0.100521"/>
</kw>
<kw name="Take A Screenshot" owner="ImageHorizonLibrary">
<msg time="2024-02-14T16:52:48.082382" level="INFO" html="true">Screenshot taken: /home/runner/work/rfswarm/rfswarm/Tests/Regression/Manager/Logs/ubuntu-latest_3.8/Manager.GUIBasic-screenshot-3.png&lt;br/&gt;&lt;img src="/home/runner/work/rfswarm/rfswarm/Tests/Regression/Manager/Logs/ubuntu-latest_3.8/Manager.GUIBasic-screenshot-3.png" width="100%" /&gt;</msg>
<doc>Takes a screenshot of the screen.</doc>
<status status="PASS" start="2024-02-14T16:52:48.082030" elapsed="0.095430"/>
</kw>
<arg>Agents</arg>
<status status="PASS" start="2024-02-14T16:52:47.264228" elapsed="0.913513"/>
</kw>
<kw name="Sleep" owner="BuiltIn">
<msg time="2024-02-14T16:52:53.178550" level="INFO">Slept 5 seconds.</msg>
<arg>5</arg>
<doc>Pauses the test executed for the given time.</doc>
<status status="PASS" start="2024-02-14T16:52:48.178079" elapsed="5.000611"/>
</kw>
<tag>macos-latest</tag>
<tag>ubuntu-latest</tag>
<tag>windows-latest</tag>
<status status="PASS" start="2024-02-14T16:52:47.263540" elapsed="5.915411"/>
</test>
<test id="s1-s2-t4" name="Select About Tab" line="54">
<kw name="Click Tab">
<kw name="Convert To Lower Case" owner="String">
<msg time="2024-02-14T16:52:53.180606" level="INFO">${tabnamel} = about</msg>
<var>${tabnamel}</var>
<arg>${tabname}</arg>
<doc>Converts string to lower case.</doc>
<status status="PASS" start="2024-02-14T16:52:53.180391" elapsed="0.000242"/>
</kw>
<kw name="Set Variable" owner="BuiltIn">
<msg time="2024-02-14T16:52:53.180966" level="INFO">${img} = manager_ubuntu_tab_about.png</msg>
<var>${img}</var>
<arg>manager_${platform}_tab_${tabnamel}.png</arg>
<doc>Returns the given values which can then be assigned to a variables.</doc>
<status status="PASS" start="2024-02-14T16:52:53.180761" elapsed="0.000229"/>
</kw>
<kw name="Log" owner="BuiltIn">
<msg time="2024-02-14T16:52:53.181220" level="INFO">/home/runner/work/rfswarm/rfswarm/Tests/Regression/Manager</msg>
<arg>/home/runner/work/rfswarm/rfswarm/Tests/Regression/Manager</arg>
<doc>Logs the given message with the given level.</doc>
<status status="PASS" start="2024-02-14T16:52:53.181116" elapsed="0.000146"/>
</kw>
<kw name="Log" owner="BuiltIn">
<msg time="2024-02-14T16:52:53.181498" level="INFO">/home/runner/work/rfswarm/rfswarm/Tests/Regression/Manager/Images/file_method</msg>
<arg>${IMAGE_DIR}</arg>
<doc>Logs the given message with the given level.</doc>
<status status="PASS" start="2024-02-14T16:52:53.181369" elapsed="0.000174"/>
</kw>
<kw name="Wait For" owner="ImageHorizonLibrary">
<msg time="2024-02-14T16:52:53.383593" level="INFO">Image "manager_ubuntu_tab_about.png" found at (175, 66)</msg>
<arg>${img}</arg>
<arg>timeout=300</arg>
<doc>Tries to locate given image from the screen for given time.</doc>
<status status="PASS" start="2024-02-14T16:52:53.181652" elapsed="0.202231"/>
</kw>
<kw name="Locate" owner="ImageHorizonLibrary">
<msg time="2024-02-14T16:52:53.585799" level="INFO">Image "/home/runner/work/rfswarm/rfswarm/Tests/Regression/Manager/Images/file_method/manager_ubuntu_tab_about.png" found at Box(left=152, top=47, width=47, height=38)</msg>
<msg time="2024-02-14T16:52:53.586335" level="INFO">@{coordinates} = [ 175 | 66 ]</msg>
<var>@{coordinates}</var>
<arg>${img}</arg>
<doc>Locate image on screen.</doc>
<status status="PASS" start="2024-02-14T16:52:53.384340" elapsed="0.202037"/>
</kw>
<kw name="Click Image" owner="ImageHorizonLibrary">
<msg time="2024-02-14T16:52:53.787644" level="INFO">Image "/home/runner/work/rfswarm/rfswarm/Tests/Regression/Manager/Images/file_method/manager_ubuntu_tab_about.png" found at Box(left=152, top=47, width=47, height=38)</msg>
<msg time="2024-02-14T16:52:53.787844" level="INFO">Clicking image "manager_ubuntu_tab_about.png" in position (175, 66)</msg>
<arg>${img}</arg>
<doc>Finds the reference image on screen and clicks it once.</doc>
<status status="PASS" start="2024-02-14T16:52:53.586793" elapsed="0.303223"/>
</kw>
<kw name="Sleep" owner="BuiltIn">
<msg time="2024-02-14T16:52:53.991167" level="INFO">Slept 100 milliseconds.</msg>
<arg>0.1</arg>
<doc>Pauses the test executed for the given time.</doc>
<status status="PASS" start="2024-02-14T16:52:53.890642" elapsed="0.100634"/>
</kw>
<kw name="Take A Screenshot" owner="ImageHorizonLibrary">
<msg time="2024-02-14T16:52:53.991913" level="INFO" html="true">Screenshot taken: /home/runner/work/rfswarm/rfswarm/Tests/Regression/Manager/Logs/ubuntu-latest_3.8/Manager.GUIBasic-screenshot-4.png&lt;br/&gt;&lt;img src="/home/runner/work/rfswarm/rfswarm/Tests/Regression/Manager/Logs/ubuntu-latest_3.8/Manager.GUIBasic-screenshot-4.png" width="100%" /&gt;</msg>
<doc>Takes a screenshot of the screen.</doc>
<status status="PASS" start="2024-02-14T16:52:53.991509" elapsed="0.097811"/>
</kw>
<arg>About</arg>
<status status="PASS" start="2024-02-14T16:52:53.180040" elapsed="0.909569"/>
</kw>
<kw name="Sleep" owner="BuiltIn">
<msg time="2024-02-14T16:52:59.090418" level="INFO">Slept 5 seconds.</msg>
<arg>5</arg>
<doc>Pauses the test executed for the given time.</doc>
<status status="PASS" start="2024-02-14T16:52:54.089948" elapsed="5.000610"/>
</kw>
<tag>macos-latest</tag>
<tag>ubuntu-latest</tag>
<tag>windows-latest</tag>
<status status="PASS" start="2024-02-14T16:52:53.179344" elapsed="5.911476"/>
</test>
<test id="s1-s2-t5" name="Select Plan Tab" line="59">
<kw name="Click Tab">
<kw name="Convert To Lower Case" owner="String">
<msg time="2024-02-14T16:52:59.092453" level="INFO">${tabnamel} = plan</msg>
<var>${tabnamel}</var>
<arg>${tabname}</arg>
<doc>Converts string to lower case.</doc>
<status status="PASS" start="2024-02-14T16:52:59.092252" elapsed="0.000226"/>
</kw>
<kw name="Set Variable" owner="BuiltIn">
<msg time="2024-02-14T16:52:59.092799" level="INFO">${img} = manager_ubuntu_tab_plan.png</msg>
<var>${img}</var>
<arg>manager_${platform}_tab_${tabnamel}.png</arg>
<doc>Returns the given values which can then be assigned to a variables.</doc>
<status status="PASS" start="2024-02-14T16:52:59.092606" elapsed="0.000217"/>
</kw>
<kw name="Log" owner="BuiltIn">
<msg time="2024-02-14T16:52:59.093044" level="INFO">/home/runner/work/rfswarm/rfswarm/Tests/Regression/Manager</msg>
<arg>/home/runner/work/rfswarm/rfswarm/Tests/Regression/Manager</arg>
<doc>Logs the given message with the given level.</doc>
<status status="PASS" start="2024-02-14T16:52:59.092944" elapsed="0.000146"/>
</kw>
<kw name="Log" owner="BuiltIn">
<msg time="2024-02-14T16:52:59.093326" level="INFO">/home/runner/work/rfswarm/rfswarm/Tests/Regression/Manager/Images/file_method</msg>
<arg>${IMAGE_DIR}</arg>
<doc>Logs the given message with the given level.</doc>
<status status="PASS" start="2024-02-14T16:52:59.093202" elapsed="0.000165"/>
</kw>
<kw name="Wait For" owner="ImageHorizonLibrary">
<msg time="2024-02-14T16:52:59.293827" level="INFO">Image "manager_ubuntu_tab_plan.png" found at (26, 66)</msg>
<arg>${img}</arg>
<arg>timeout=300</arg>
<doc>Tries to locate given image from the screen for given time.</doc>
<status status="PASS" start="2024-02-14T16:52:59.093475" elapsed="0.200645"/>
</kw>
<kw name="Locate" owner="ImageHorizonLibrary">
<msg time="2024-02-14T16:52:59.497776" level="INFO">Image "/home/runner/work/rfswarm/rfswarm/Tests/Regression/Manager/Images/file_method/manager_ubuntu_tab_plan.png" found at Box(left=9, top=48, width=35, height=37)</msg>
<msg time="2024-02-14T16:52:59.498295" level="INFO">@{coordinates} = [ 26 | 66 ]</msg>
<var>@{coordinates}</var>
<arg>${img}</arg>
<doc>Locate image on screen.</doc>
<status status="PASS" start="2024-02-14T16:52:59.294582" elapsed="0.203754"/>
</kw>
<kw name="Click Image" owner="ImageHorizonLibrary">
<msg time="2024-02-14T16:52:59.701545" level="INFO">Image "/home/runner/work/rfswarm/rfswarm/Tests/Regression/Manager/Images/file_method/manager_ubuntu_tab_plan.png" found at Box(left=9, top=48, width=35, height=37)</msg>
<msg time="2024-02-14T16:52:59.701746" level="INFO">Clicking image "manager_ubuntu_tab_plan.png" in position (26, 66)</msg>
<arg>${img}</arg>
<doc>Finds the reference image on screen and clicks it once.</doc>
<status status="PASS" start="2024-02-14T16:52:59.498752" elapsed="0.304993"/>
</kw>
<kw name="Sleep" owner="BuiltIn">
<msg time="2024-02-14T16:52:59.904725" level="INFO">Slept 100 milliseconds.</msg>
<arg>0.1</arg>
<doc>Pauses the test executed for the given time.</doc>
<status status="PASS" start="2024-02-14T16:52:59.804290" elapsed="0.100515"/>
</kw>
<kw name="Take A Screenshot" owner="ImageHorizonLibrary">
<msg time="2024-02-14T16:52:59.905523" level="INFO" html="true">Screenshot taken: /home/runner/work/rfswarm/rfswarm/Tests/Regression/Manager/Logs/ubuntu-latest_3.8/Manager.GUIBasic-screenshot-5.png&lt;br/&gt;&lt;img src="/home/runner/work/rfswarm/rfswarm/Tests/Regression/Manager/Logs/ubuntu-latest_3.8/Manager.GUIBasic-screenshot-5.png" width="100%" /&gt;</msg>
<doc>Takes a screenshot of the screen.</doc>
<status status="PASS" start="2024-02-14T16:52:59.904988" elapsed="0.095661"/>
</kw>
<arg>Plan</arg>
<status status="PASS" start="2024-02-14T16:52:59.091896" elapsed="0.909037"/>
</kw>
<kw name="Sleep" owner="BuiltIn">
<msg time="2024-02-14T16:53:05.001796" level="INFO">Slept 5 seconds.</msg>
<arg>5</arg>
<doc>Pauses the test executed for the given time.</doc>
<status status="PASS" start="2024-02-14T16:53:00.001277" elapsed="5.000681"/>
</kw>
<tag>macos-latest</tag>
<tag>ubuntu-latest</tag>
<tag>windows-latest</tag>
<status status="PASS" start="2024-02-14T16:52:59.091210" elapsed="5.911015"/>
</test>
<test id="s1-s2-t6" name="Close GUI" line="64">
<kw name="Press Combination" owner="ImageHorizonLibrary">
<arg>Key.esc</arg>
<doc>Press given keyboard keys.</doc>
<status status="PASS" start="2024-02-14T16:53:05.003165" elapsed="0.103221"/>
</kw>
<kw name="Press Combination" owner="ImageHorizonLibrary">
<arg>x</arg>
<arg>Key.ctrl</arg>
<doc>Press given keyboard keys.</doc>
<status status="PASS" start="2024-02-14T16:53:05.106575" elapsed="0.100982"/>
</kw>
<kw name="Wait For Process" owner="Process">
<msg time="2024-02-14T16:53:05.208065" level="INFO">Waiting for process to complete.</msg>
<msg time="2024-02-14T16:53:06.610420" level="INFO">Process completed.</msg>
<msg time="2024-02-14T16:53:06.610681" level="INFO">${result} = &lt;result object with rc 0&gt;</msg>
<var>${result}</var>
<arg>${process}</arg>
<arg>timeout=60</arg>
<doc>Waits for the process to complete or to reach the given timeout.</doc>
<status status="PASS" start="2024-02-14T16:53:05.207749" elapsed="1.402973"/>
</kw>
<kw name="Is Process Running" owner="Process">
<msg time="2024-02-14T16:53:06.611312" level="INFO">${running} = False</msg>
<var>${running}</var>
<arg>${process}</arg>
<doc>Checks is the process running or not.</doc>
<status status="PASS" start="2024-02-14T16:53:06.611025" elapsed="0.000312"/>
</kw>
<if>
<branch type="IF" condition="not ${running}">
<kw name="Should Be Equal As Integers" owner="BuiltIn">
<msg time="2024-02-14T16:53:06.612300" level="INFO">Argument types are:
&lt;class 'int'&gt;
&lt;class 'str'&gt;</msg>
<arg>${result.rc}</arg>
<arg>0</arg>
<doc>Fails if objects are unequal after converting them to integers.</doc>
<status status="PASS" start="2024-02-14T16:53:06.611722" elapsed="0.000643"/>
</kw>
<status status="PASS" start="2024-02-14T16:53:06.611495" elapsed="0.000911"/>
</branch>
<branch type="ELSE">
<kw name="Take A Screenshot" owner="ImageHorizonLibrary">
<doc>Takes a screenshot of the screen.</doc>
<status status="NOT RUN" start="2024-02-14T16:53:06.612548" elapsed="0.000018"/>
</kw>
<kw name="Terminate Process" owner="Process">
<var>${result}</var>
<arg>${process}</arg>
<doc>Stops the process gracefully or forcefully.</doc>
<status status="NOT RUN" start="2024-02-14T16:53:06.612674" elapsed="0.000018"/>
</kw>
<kw name="Fail" owner="BuiltIn">
<doc>Fails the test with the given message and optionally alters its tags.</doc>
<status status="NOT RUN" start="2024-02-14T16:53:06.612798" elapsed="0.000017"/>
</kw>
<status status="NOT RUN" start="2024-02-14T16:53:06.612433" elapsed="0.000408"/>
</branch>
<status status="PASS" start="2024-02-14T16:53:06.611452" elapsed="0.001463"/>
</if>
<tag>ubuntu-latest</tag>
<tag>windows-latest</tag>
<status status="PASS" start="2024-02-14T16:53:05.002599" elapsed="1.610443"/>
</test>
<status status="PASS" start="2024-02-14T16:52:31.022660" elapsed="35.590804"/>
</suite>
<suite id="s1-s3" name="GUI Bugs" source="/home/runner/work/rfswarm/rfswarm/Tests/Regression/Manager/GUI_Bugs.robot">
<kw name="Set Platform" owner="GUI_Common" type="SETUP">
<kw name="Log" owner="BuiltIn">
<msg time="2024-02-14T16:53:06.624433" level="INFO">{'include': ['ubuntu-latest'], 'exclude': [], 'skip': [], 'skip_on_failure': []}</msg>
<arg>${OPTIONS}</arg>
<doc>Logs the given message with the given level.</doc>
<status status="PASS" start="2024-02-14T16:53:06.624277" elapsed="0.000206"/>
</kw>
<kw name="Log" owner="BuiltIn">
<msg time="2024-02-14T16:53:06.624747" level="INFO">[ubuntu-latest]</msg>
<arg>${OPTIONS}[include]</arg>
<doc>Logs the given message with the given level.</doc>
<status status="PASS" start="2024-02-14T16:53:06.624598" elapsed="0.000191"/>
</kw>
<kw name="Log" owner="BuiltIn">
<msg time="2024-02-14T16:53:06.625083" level="INFO">ubuntu-latest</msg>
<arg>${OPTIONS}[include][0]</arg>
<doc>Logs the given message with the given level.</doc>
<status status="PASS" start="2024-02-14T16:53:06.624898" elapsed="0.000232"/>
</kw>
<kw name="Set Variable" owner="BuiltIn">
<msg time="2024-02-14T16:53:06.625415" level="INFO">${ostag} = ubuntu-latest</msg>
<var>${ostag}</var>
<arg>${OPTIONS}[include][0]</arg>
<doc>Returns the given values which can then be assigned to a variables.</doc>
<status status="PASS" start="2024-02-14T16:53:06.625246" elapsed="0.000191"/>
</kw>
<if>
<branch type="IF" condition="&quot;${ostag}&quot; == &quot;macos-latest&quot;">
<kw name="Set Suite Variable" owner="BuiltIn">
<arg>${platform}</arg>
<arg>macos</arg>
<doc>Makes a variable available everywhere within the scope of the current suite.</doc>
<status status="NOT RUN" start="2024-02-14T16:53:06.625699" elapsed="0.000020"/>
</kw>
<status status="NOT RUN" start="2024-02-14T16:53:06.625509" elapsed="0.000247"/>
</branch>
<status status="PASS" start="2024-02-14T16:53:06.625493" elapsed="0.000284"/>
</if>
<if>
<branch type="IF" condition="&quot;${ostag}&quot; == &quot;windows-latest&quot;">
<kw name="Set Suite Variable" owner="BuiltIn">
<arg>${platform}</arg>
<arg>windows</arg>
<doc>Makes a variable available everywhere within the scope of the current suite.</doc>
<status status="NOT RUN" start="2024-02-14T16:53:06.625994" elapsed="0.000019"/>
</kw>
<status status="NOT RUN" start="2024-02-14T16:53:06.625826" elapsed="0.000222"/>
</branch>
<status status="PASS" start="2024-02-14T16:53:06.625814" elapsed="0.000254"/>
</if>
<if>
<branch type="IF" condition="&quot;${ostag}&quot; == &quot;ubuntu-latest&quot;">
<kw name="Set Suite Variable" owner="BuiltIn">
<msg time="2024-02-14T16:53:06.626933" level="INFO">${platform} = ubuntu</msg>
<arg>${platform}</arg>
<arg>ubuntu</arg>
<doc>Makes a variable available everywhere within the scope of the current suite.</doc>
<status status="PASS" start="2024-02-14T16:53:06.626281" elapsed="0.000694"/>
</kw>
<status status="PASS" start="2024-02-14T16:53:06.626115" elapsed="0.000930"/>
</branch>
<status status="PASS" start="2024-02-14T16:53:06.626103" elapsed="0.000969"/>
</if>
<status status="PASS" start="2024-02-14T16:53:06.624061" elapsed="0.003059"/>
</kw>
<test id="s1-s3-t1" name="Issue #171" line="7">
<kw name="Open Agent" owner="GUI_Common">
<kw name="Start Process" owner="Process">
<msg time="2024-02-14T16:53:06.628242" level="INFO">Starting process:
python3 /home/runner/work/rfswarm/rfswarm/rfswarm_agent/rfswarm_agent.py</msg>
<msg time="2024-02-14T16:53:06.633048" level="INFO">${process} = &lt;subprocess.Popen object at 0x7f8703ee24f0&gt;</msg>
<var>${process}</var>
<arg>python3</arg>
<arg>${pyfile_agent}</arg>
<arg>alias=Agent</arg>
<arg>stdout=${OUTPUT DIR}${/}stdout_agent.txt</arg>
<arg>stderr=${OUTPUT DIR}${/}stderr_agent.txt</arg>
<doc>Starts a new process on background.</doc>
<status status="PASS" start="2024-02-14T16:53:06.627788" elapsed="0.005362"/>
</kw>
<kw name="Set Test Variable" owner="BuiltIn">
<msg time="2024-02-14T16:53:06.634025" level="INFO">${process_agent} = &lt;subprocess.Popen object at 0x7f8703ee24f0&gt;</msg>
<arg>$process_agent</arg>
<arg>${process}</arg>
<doc>Makes a variable available everywhere within the scope of the current test.</doc>
<status status="PASS" start="2024-02-14T16:53:06.633618" elapsed="0.000451"/>
</kw>
<status status="PASS" start="2024-02-14T16:53:06.627549" elapsed="0.006605"/>
</kw>
<kw name="Open Manager GUI" owner="GUI_Common">
<kw name="Set Confidence" owner="ImageHorizonLibrary">
<arg>0.9</arg>
<doc>Sets the accuracy when finding images.</doc>
<status status="PASS" start="2024-02-14T16:53:06.634691" elapsed="0.000167"/>
</kw>
<kw name="Start Process" owner="Process">
<msg time="2024-02-14T16:53:06.635502" level="INFO">Starting process:
python3 /home/runner/work/rfswarm/rfswarm/rfswarm_manager/rfswarm.py</msg>
<msg time="2024-02-14T16:53:06.639964" level="INFO">${process} = &lt;subprocess.Popen object at 0x7f8703ee2f10&gt;</msg>
<var>${process}</var>
<arg>python3</arg>
<arg>${pyfile_manager}</arg>
<arg>alias=Manager</arg>
<arg>stdout=${OUTPUT DIR}${/}stdout_manager.txt</arg>
<arg>stderr=${OUTPUT DIR}${/}stderr_manager.txt</arg>
<doc>Starts a new process on background.</doc>
<status status="PASS" start="2024-02-14T16:53:06.634986" elapsed="0.005085"/>
</kw>
<kw name="Set Test Variable" owner="BuiltIn">
<msg time="2024-02-14T16:53:06.641051" level="INFO">${process_manager} = &lt;subprocess.Popen object at 0x7f8703ee2f10&gt;</msg>
<arg>$process_manager</arg>
<arg>${process}</arg>
<doc>Makes a variable available everywhere within the scope of the current test.</doc>
<status status="PASS" start="2024-02-14T16:53:06.640572" elapsed="0.000546"/>
</kw>
<kw name="Sleep" owner="BuiltIn">
<msg time="2024-02-14T16:53:16.641706" level="INFO">Slept 10 seconds.</msg>
<arg>10</arg>
<doc>Pauses the test executed for the given time.</doc>
<status status="PASS" start="2024-02-14T16:53:06.641316" elapsed="10.000551"/>
</kw>
<kw name="Set Screenshot Folder" owner="ImageHorizonLibrary">
<arg>${OUTPUT DIR}</arg>
<doc>Sets the folder where screenshots are saved to.</doc>
<status status="PASS" start="2024-02-14T16:53:16.642158" elapsed="0.000674"/>
</kw>
<kw name="Take A Screenshot" owner="ImageHorizonLibrary">
<msg time="2024-02-14T16:53:16.643217" level="INFO" html="true">Screenshot taken: /home/runner/work/rfswarm/rfswarm/Tests/Regression/Manager/Logs/ubuntu-latest_3.8/Manager.GUIBugs-screenshot-1.png&lt;br/&gt;&lt;img src="/home/runner/work/rfswarm/rfswarm/Tests/Regression/Manager/Logs/ubuntu-latest_3.8/Manager.GUIBugs-screenshot-1.png" width="100%" /&gt;</msg>
<doc>Takes a screenshot of the screen.</doc>
<status status="PASS" start="2024-02-14T16:53:16.642958" elapsed="0.095549"/>
</kw>
<status status="PASS" start="2024-02-14T16:53:06.634377" elapsed="10.104409"/>
</kw>
<kw name="Resize Window" owner="GUI_Common">
<kw name="Set Variable" owner="BuiltIn">
<msg time="2024-02-14T16:53:16.740105" level="INFO">${img} = manager_ubuntu_corner_resize.png</msg>
<var>${img}</var>
<arg>manager_${platform}_corner_resize.png</arg>
<doc>Returns the given values which can then be assigned to a variables.</doc>
<status status="PASS" start="2024-02-14T16:53:16.739884" elapsed="0.000248"/>
</kw>
<kw name="Wait For" owner="ImageHorizonLibrary">
<msg time="2024-02-14T16:53:16.936603" level="INFO">Image "manager_ubuntu_corner_resize.png" found at (790, 443)</msg>
<arg>${img}</arg>
<arg>timeout=300</arg>
<doc>Tries to locate given image from the screen for given time.</doc>
<status status="PASS" start="2024-02-14T16:53:16.740250" elapsed="0.196641"/>
</kw>
<kw name="Locate" owner="ImageHorizonLibrary">
<msg time="2024-02-14T16:53:17.137274" level="INFO">Image "/home/runner/work/rfswarm/rfswarm/Tests/Regression/Manager/Images/file_method/manager_ubuntu_corner_resize.png" found at Box(left=778, top=435, width=25, height=16)</msg>
<msg time="2024-02-14T16:53:17.137888" level="INFO">@{coordinates} = [ 790 | 443 ]</msg>
<var>@{coordinates}</var>
<arg>${img}</arg>
<doc>Locate image on screen.</doc>
<status status="PASS" start="2024-02-14T16:53:16.937352" elapsed="0.200579"/>
</kw>
<kw name="Create List" owner="BuiltIn">
<msg time="2024-02-14T16:53:17.140236" level="INFO">@{coordinates2} = [ 890 | 453 ]</msg>
<var>@{coordinates2}</var>
<arg>${{${coordinates[0]}+${x}}}</arg>
<arg>${{${coordinates[1]}+${y}}}</arg>
<doc>Returns a list containing given items.</doc>
<status status="PASS" start="2024-02-14T16:53:17.138368" elapsed="0.001894"/>
</kw>
<kw name="Move To" owner="ImageHorizonLibrary">
<arg>@{coordinates}</arg>
<doc>Moves the mouse pointer to an absolute coordinates.</doc>
<status status="PASS" start="2024-02-14T16:53:17.140401" elapsed="0.101235"/>
</kw>
<kw name="Mouse Down" owner="ImageHorizonLibrary">
<doc>Presses specidied mouse button down</doc>
<status status="PASS" start="2024-02-14T16:53:17.241812" elapsed="0.101478"/>
</kw>
<kw name="Move To" owner="ImageHorizonLibrary">
<arg>@{coordinates2}</arg>
<doc>Moves the mouse pointer to an absolute coordinates.</doc>
<status status="PASS" start="2024-02-14T16:53:17.343477" elapsed="0.100953"/>
</kw>
<kw name="Mouse Up" owner="ImageHorizonLibrary">
<doc>Releases specified mouse button</doc>
<status status="PASS" start="2024-02-14T16:53:17.444618" elapsed="0.101304"/>
</kw>
<arg>100</arg>
<arg>10</arg>
<status status="PASS" start="2024-02-14T16:53:16.739280" elapsed="0.806775"/>
</kw>
<kw name="Take A Screenshot" owner="ImageHorizonLibrary">
<msg time="2024-02-14T16:53:17.546521" level="INFO" html="true">Screenshot taken: /home/runner/work/rfswarm/rfswarm/Tests/Regression/Manager/Logs/ubuntu-latest_3.8/Manager.GUIBugs-screenshot-2.png&lt;br/&gt;&lt;img src="/home/runner/work/rfswarm/rfswarm/Tests/Regression/Manager/Logs/ubuntu-latest_3.8/Manager.GUIBugs-screenshot-2.png" width="100%" /&gt;</msg>
<doc>Takes a screenshot of the screen.</doc>
<status status="PASS" start="2024-02-14T16:53:17.546238" elapsed="0.095157"/>
</kw>
<kw name="Wait Agent Ready" owner="GUI_Common">
<kw name="Click Tab" owner="GUI_Common">
<kw name="Convert To Lower Case" owner="String">
<msg time="2024-02-14T16:53:17.643253" level="INFO">${tabnamel} = agents</msg>
<var>${tabnamel}</var>
<arg>${tabname}</arg>
<doc>Converts string to lower case.</doc>
<status status="PASS" start="2024-02-14T16:53:17.642981" elapsed="0.000301"/>
</kw>
<kw name="Set Variable" owner="BuiltIn">
<msg time="2024-02-14T16:53:17.643624" level="INFO">${img} = manager_ubuntu_tab_agents.png</msg>
<var>${img}</var>
<arg>manager_${platform}_tab_${tabnamel}.png</arg>
<doc>Returns the given values which can then be assigned to a variables.</doc>
<status status="PASS" start="2024-02-14T16:53:17.643416" elapsed="0.000231"/>
</kw>
<kw name="Log" owner="BuiltIn">
<msg time="2024-02-14T16:53:17.643911" level="INFO">/home/runner/work/rfswarm/rfswarm/Tests/Regression/Manager</msg>
<arg>/home/runner/work/rfswarm/rfswarm/Tests/Regression/Manager</arg>
<doc>Logs the given message with the given level.</doc>
<status status="PASS" start="2024-02-14T16:53:17.643774" elapsed="0.000178"/>
</kw>
<kw name="Log" owner="BuiltIn">
<msg time="2024-02-14T16:53:17.644182" level="INFO">/home/runner/work/rfswarm/rfswarm/Tests/Regression/Manager/Images/file_method</msg>
<arg>${IMAGE_DIR}</arg>
<doc>Logs the given message with the given level.</doc>
<status status="PASS" start="2024-02-14T16:53:17.644060" elapsed="0.000162"/>
</kw>
<kw name="Wait For" owner="ImageHorizonLibrary">
<msg time="2024-02-14T16:53:17.846047" level="INFO">Image "manager_ubuntu_tab_agents.png" found at (118, 67)</msg>
<arg>${img}</arg>
<arg>timeout=300</arg>
<doc>Tries to locate given image from the screen for given time.</doc>
<status status="PASS" start="2024-02-14T16:53:17.644333" elapsed="0.202010"/>
</kw>
<kw name="Locate" owner="ImageHorizonLibrary">
<msg time="2024-02-14T16:53:18.048685" level="INFO">Image "/home/runner/work/rfswarm/rfswarm/Tests/Regression/Manager/Images/file_method/manager_ubuntu_tab_agents.png" found at Box(left=90, top=49, width=56, height=36)</msg>
<msg time="2024-02-14T16:53:18.049212" level="INFO">@{coordinates} = [ 118 | 67 ]</msg>
<var>@{coordinates}</var>
<arg>${img}</arg>
<doc>Locate image on screen.</doc>
<status status="PASS" start="2024-02-14T16:53:17.846816" elapsed="0.202438"/>
</kw>
<kw name="Click Image" owner="ImageHorizonLibrary">
<msg time="2024-02-14T16:53:18.252900" level="INFO">Image "/home/runner/work/rfswarm/rfswarm/Tests/Regression/Manager/Images/file_method/manager_ubuntu_tab_agents.png" found at Box(left=90, top=49, width=56, height=36)</msg>
<msg time="2024-02-14T16:53:18.253099" level="INFO">Clicking image "manager_ubuntu_tab_agents.png" in position (118, 67)</msg>
<arg>${img}</arg>
<doc>Finds the reference image on screen and clicks it once.</doc>
<status status="PASS" start="2024-02-14T16:53:18.049685" elapsed="0.305343"/>
</kw>
<kw name="Sleep" owner="BuiltIn">
<msg time="2024-02-14T16:53:18.456111" level="INFO">Slept 100 milliseconds.</msg>
<arg>0.1</arg>
<doc>Pauses the test executed for the given time.</doc>
<status status="PASS" start="2024-02-14T16:53:18.355607" elapsed="0.100586"/>
</kw>
<kw name="Take A Screenshot" owner="ImageHorizonLibrary">
<msg time="2024-02-14T16:53:18.456707" level="INFO" html="true">Screenshot taken: /home/runner/work/rfswarm/rfswarm/Tests/Regression/Manager/Logs/ubuntu-latest_3.8/Manager.GUIBugs-screenshot-3.png&lt;br/&gt;&lt;img src="/home/runner/work/rfswarm/rfswarm/Tests/Regression/Manager/Logs/ubuntu-latest_3.8/Manager.GUIBugs-screenshot-3.png" width="100%" /&gt;</msg>
<doc>Takes a screenshot of the screen.</doc>
<status status="PASS" start="2024-02-14T16:53:18.456365" elapsed="0.095721"/>
</kw>
<arg>Agents</arg>
<status status="PASS" start="2024-02-14T16:53:17.642603" elapsed="0.909769"/>
</kw>
<kw name="Set Variable" owner="BuiltIn">
<msg time="2024-02-14T16:53:18.553144" level="INFO">${img} = manager_ubuntu_agents_ready.png</msg>
<var>${img}</var>
<arg>manager_${platform}_agents_ready.png</arg>
<doc>Returns the given values which can then be assigned to a variables.</doc>
<status status="PASS" start="2024-02-14T16:53:18.552729" elapsed="0.000442"/>
</kw>
<kw name="Wait For" owner="ImageHorizonLibrary">
<msg time="2024-02-14T16:53:27.461172" level="INFO">Image "manager_ubuntu_agents_ready.png" found at (40, 105)</msg>
<arg>${img}</arg>
<arg>timeout=300</arg>
<doc>Tries to locate given image from the screen for given time.</doc>
<status status="PASS" start="2024-02-14T16:53:18.553299" elapsed="8.908183"/>
</kw>
<status status="PASS" start="2024-02-14T16:53:17.642039" elapsed="9.819685"/>
</kw>
<kw name="Click Tab" owner="GUI_Common">
<kw name="Convert To Lower Case" owner="String">
<msg time="2024-02-14T16:53:27.463105" level="INFO">${tabnamel} = plan</msg>
<var>${tabnamel}</var>
<arg>${tabname}</arg>
<doc>Converts string to lower case.</doc>
<status status="PASS" start="2024-02-14T16:53:27.462846" elapsed="0.000292"/>
</kw>
<kw name="Set Variable" owner="BuiltIn">
<msg time="2024-02-14T16:53:27.463672" level="INFO">${img} = manager_ubuntu_tab_plan.png</msg>
<var>${img}</var>
<arg>manager_${platform}_tab_${tabnamel}.png</arg>
<doc>Returns the given values which can then be assigned to a variables.</doc>
<status status="PASS" start="2024-02-14T16:53:27.463273" elapsed="0.000424"/>
</kw>
<kw name="Log" owner="BuiltIn">
<msg time="2024-02-14T16:53:27.463941" level="INFO">/home/runner/work/rfswarm/rfswarm/Tests/Regression/Manager</msg>
<arg>/home/runner/work/rfswarm/rfswarm/Tests/Regression/Manager</arg>
<doc>Logs the given message with the given level.</doc>
<status status="PASS" start="2024-02-14T16:53:27.463822" elapsed="0.000163"/>
</kw>
<kw name="Log" owner="BuiltIn">
<msg time="2024-02-14T16:53:27.464217" level="INFO">/home/runner/work/rfswarm/rfswarm/Tests/Regression/Manager/Images/file_method</msg>
<arg>${IMAGE_DIR}</arg>
<doc>Logs the given message with the given level.</doc>
<status status="PASS" start="2024-02-14T16:53:27.464095" elapsed="0.000163"/>
</kw>
<kw name="Wait For" owner="ImageHorizonLibrary">
<msg time="2024-02-14T16:53:27.666758" level="INFO">Image "manager_ubuntu_tab_plan.png" found at (26, 66)</msg>
<arg>${img}</arg>
<arg>timeout=300</arg>
<doc>Tries to locate given image from the screen for given time.</doc>
<status status="PASS" start="2024-02-14T16:53:27.464443" elapsed="0.202639"/>
</kw>
<kw name="Locate" owner="ImageHorizonLibrary">
<msg time="2024-02-14T16:53:27.869472" level="INFO">Image "/home/runner/work/rfswarm/rfswarm/Tests/Regression/Manager/Images/file_method/manager_ubuntu_tab_plan.png" found at Box(left=9, top=48, width=35, height=37)</msg>
<msg time="2024-02-14T16:53:27.870002" level="INFO">@{coordinates} = [ 26 | 66 ]</msg>
<var>@{coordinates}</var>
<arg>${img}</arg>
<doc>Locate image on screen.</doc>
<status status="PASS" start="2024-02-14T16:53:27.667571" elapsed="0.202474"/>
</kw>
<kw name="Click Image" owner="ImageHorizonLibrary">
<msg time="2024-02-14T16:53:28.071975" level="INFO">Image "/home/runner/work/rfswarm/rfswarm/Tests/Regression/Manager/Images/file_method/manager_ubuntu_tab_plan.png" found at Box(left=9, top=48, width=35, height=37)</msg>
<msg time="2024-02-14T16:53:28.072179" level="INFO">Clicking image "manager_ubuntu_tab_plan.png" in position (26, 66)</msg>
<arg>${img}</arg>
<doc>Finds the reference image on screen and clicks it once.</doc>
<status status="PASS" start="2024-02-14T16:53:27.870474" elapsed="0.303844"/>
</kw>
<kw name="Sleep" owner="BuiltIn">
<msg time="2024-02-14T16:53:28.275471" level="INFO">Slept 100 milliseconds.</msg>
<arg>0.1</arg>
<doc>Pauses the test executed for the given time.</doc>
<status status="PASS" start="2024-02-14T16:53:28.174886" elapsed="0.100689"/>
</kw>
<kw name="Take A Screenshot" owner="ImageHorizonLibrary">
<msg time="2024-02-14T16:53:28.276095" level="INFO" html="true">Screenshot taken: /home/runner/work/rfswarm/rfswarm/Tests/Regression/Manager/Logs/ubuntu-latest_3.8/Manager.GUIBugs-screenshot-4.png&lt;br/&gt;&lt;img src="/home/runner/work/rfswarm/rfswarm/Tests/Regression/Manager/Logs/ubuntu-latest_3.8/Manager.GUIBugs-screenshot-4.png" width="100%" /&gt;</msg>
<doc>Takes a screenshot of the screen.</doc>
<status status="PASS" start="2024-02-14T16:53:28.275775" elapsed="0.095886"/>
</kw>
<arg>Plan</arg>
<status status="PASS" start="2024-02-14T16:53:27.462257" elapsed="0.909689"/>
</kw>
<kw name="Click Button" owner="GUI_Common">
<kw name="Convert To Lower Case" owner="String">
<msg time="2024-02-14T16:53:28.373210" level="INFO">${btnnamel} = runsettings</msg>
<var>${btnnamel}</var>
<arg>${btnname}</arg>
<doc>Converts string to lower case.</doc>
<status status="PASS" start="2024-02-14T16:53:28.373000" elapsed="0.000237"/>
</kw>
<kw name="Set Variable" owner="BuiltIn">
<msg time="2024-02-14T16:53:28.373577" level="INFO">${img} = manager_ubuntu_button_runsettings.png</msg>
<var>${img}</var>
<arg>manager_${platform}_button_${btnnamel}.png</arg>
<doc>Returns the given values which can then be assigned to a variables.</doc>
<status status="PASS" start="2024-02-14T16:53:28.373370" elapsed="0.000231"/>
</kw>
<kw name="Log" owner="BuiltIn">
<msg time="2024-02-14T16:53:28.373861" level="INFO">/home/runner/work/rfswarm/rfswarm/Tests/Regression/Manager</msg>
<arg>/home/runner/work/rfswarm/rfswarm/Tests/Regression/Manager</arg>
<doc>Logs the given message with the given level.</doc>
<status status="PASS" start="2024-02-14T16:53:28.373724" elapsed="0.000180"/>
</kw>
<kw name="Log" owner="BuiltIn">
<msg time="2024-02-14T16:53:28.374136" level="INFO">/home/runner/work/rfswarm/rfswarm/Tests/Regression/Manager/Images/file_method</msg>
<arg>${IMAGE_DIR}</arg>
<doc>Logs the given message with the given level.</doc>
<status status="PASS" start="2024-02-14T16:53:28.374013" elapsed="0.000162"/>
</kw>
<kw name="Wait For" owner="ImageHorizonLibrary">
<msg time="2024-02-14T16:53:28.576478" level="INFO">Image "manager_ubuntu_button_runsettings.png" found at (101, 98)</msg>
<arg>${img}</arg>
<arg>timeout=300</arg>
<doc>Tries to locate given image from the screen for given time.</doc>
<status status="PASS" start="2024-02-14T16:53:28.374287" elapsed="0.202488"/>
</kw>
<kw name="Locate" owner="ImageHorizonLibrary">
<msg time="2024-02-14T16:53:28.778629" level="INFO">Image "/home/runner/work/rfswarm/rfswarm/Tests/Regression/Manager/Images/file_method/manager_ubuntu_button_runsettings.png" found at Box(left=77, top=88, width=48, height=20)</msg>
<msg time="2024-02-14T16:53:28.779180" level="INFO">@{coordinates} = [ 101 | 98 ]</msg>
<var>@{coordinates}</var>
<arg>${img}</arg>
<doc>Locate image on screen.</doc>
<status status="PASS" start="2024-02-14T16:53:28.577242" elapsed="0.201980"/>
</kw>
<kw name="Click Image" owner="ImageHorizonLibrary">
<msg time="2024-02-14T16:53:28.981480" level="INFO">Image "/home/runner/work/rfswarm/rfswarm/Tests/Regression/Manager/Images/file_method/manager_ubuntu_button_runsettings.png" found at Box(left=77, top=88, width=48, height=20)</msg>
<msg time="2024-02-14T16:53:28.981680" level="INFO">Clicking image "manager_ubuntu_button_runsettings.png" in position (101, 98)</msg>
<arg>${img}</arg>
<doc>Finds the reference image on screen and clicks it once.</doc>
<status status="PASS" start="2024-02-14T16:53:28.779645" elapsed="0.304120"/>
</kw>
<kw name="Sleep" owner="BuiltIn">
<msg time="2024-02-14T16:53:29.184752" level="INFO">Slept 100 milliseconds.</msg>
<arg>0.1</arg>
<doc>Pauses the test executed for the given time.</doc>
<status status="PASS" start="2024-02-14T16:53:29.084280" elapsed="0.100561"/>
</kw>
<kw name="Take A Screenshot" owner="ImageHorizonLibrary">
<msg time="2024-02-14T16:53:29.185376" level="INFO" html="true">Screenshot taken: /home/runner/work/rfswarm/rfswarm/Tests/Regression/Manager/Logs/ubuntu-latest_3.8/Manager.GUIBugs-screenshot-5.png&lt;br/&gt;&lt;img src="/home/runner/work/rfswarm/rfswarm/Tests/Regression/Manager/Logs/ubuntu-latest_3.8/Manager.GUIBugs-screenshot-5.png" width="100%" /&gt;</msg>
<doc>Takes a screenshot of the screen.</doc>
<status status="PASS" start="2024-02-14T16:53:29.185033" elapsed="0.099116"/>
</kw>
<arg>runsettings</arg>
<status status="PASS" start="2024-02-14T16:53:28.372439" elapsed="0.912001"/>
</kw>
<kw name="Take A Screenshot" owner="ImageHorizonLibrary">
<msg time="2024-02-14T16:53:29.285260" level="INFO" html="true">Screenshot taken: /home/runner/work/rfswarm/rfswarm/Tests/Regression/Manager/Logs/ubuntu-latest_3.8/Manager.GUIBugs-screenshot-6.png&lt;br/&gt;&lt;img src="/home/runner/work/rfswarm/rfswarm/Tests/Regression/Manager/Logs/ubuntu-latest_3.8/Manager.GUIBugs-screenshot-6.png" width="100%" /&gt;</msg>
<doc>Takes a screenshot of the screen.</doc>
<status status="PASS" start="2024-02-14T16:53:29.284799" elapsed="0.099101"/>
</kw>
<kw name="Run Keyword" owner="BuiltIn">
<kw name="Close Manager GUI ubuntu" owner="GUI_Common">
<kw name="Close Manager GUI" owner="GUI_Common">
<kw name="Press Combination" owner="ImageHorizonLibrary">
<arg>Key.esc</arg>
<doc>Press given keyboard keys.</doc>
<status status="PASS" start="2024-02-14T16:53:29.386265" elapsed="0.101011"/>
</kw>
<kw name="Press Combination" owner="ImageHorizonLibrary">
<arg>x</arg>
<arg>Key.ctrl</arg>
<doc>Press given keyboard keys.</doc>
<status status="PASS" start="2024-02-14T16:53:29.487497" elapsed="0.101151"/>
</kw>
<kw name="Wait For Process" owner="Process">
<msg time="2024-02-14T16:53:29.589307" level="INFO">Waiting for process to complete.</msg>
<msg time="2024-02-14T16:54:29.685221" level="INFO">Process did not complete in 1 minute.</msg>
<msg time="2024-02-14T16:54:29.685320" level="INFO">Leaving process intact.</msg>
<msg time="2024-02-14T16:54:29.685501" level="INFO">${result} = None</msg>
<var>${result}</var>
<arg>${process_manager}</arg>
<arg>timeout=60</arg>
<doc>Waits for the process to complete or to reach the given timeout.</doc>
<status status="PASS" start="2024-02-14T16:53:29.588894" elapsed="60.096641"/>
</kw>
<kw name="Is Process Running" owner="Process">
<msg time="2024-02-14T16:54:29.686084" level="INFO">${running} = True</msg>
<var>${running}</var>
<arg>${process_manager}</arg>
<doc>Checks is the process running or not.</doc>
<status status="PASS" start="2024-02-14T16:54:29.685779" elapsed="0.000329"/>
</kw>
<if>
<branch type="IF" condition="not ${running}">
<kw name="Should Be Equal As Integers" owner="BuiltIn">
<arg>${result.rc}</arg>
<arg>0</arg>
<doc>Fails if objects are unequal after converting them to integers.</doc>
<status status="NOT RUN" start="2024-02-14T16:54:29.686530" elapsed="0.000020"/>
</kw>
<status status="NOT RUN" start="2024-02-14T16:54:29.686301" elapsed="0.000286"/>
</branch>
<branch type="ELSE">
<kw name="Take A Screenshot" owner="ImageHorizonLibrary">
<msg time="2024-02-14T16:54:29.686927" level="INFO" html="true">Screenshot taken: /home/runner/work/rfswarm/rfswarm/Tests/Regression/Manager/Logs/ubuntu-latest_3.8/Manager.GUIBugs-screenshot-7.png&lt;br/&gt;&lt;img src="/home/runner/work/rfswarm/rfswarm/Tests/Regression/Manager/Logs/ubuntu-latest_3.8/Manager.GUIBugs-screenshot-7.png" width="100%" /&gt;</msg>
<doc>Takes a screenshot of the screen.</doc>
<status status="PASS" start="2024-02-14T16:54:29.686719" elapsed="0.098300"/>
</kw>
<kw name="Terminate Process" owner="Process">
<msg time="2024-02-14T16:54:29.785997" level="INFO">Gracefully terminating process.</msg>
<msg time="2024-02-14T16:54:32.189975" level="INFO">Process completed.</msg>
<msg time="2024-02-14T16:54:32.190233" level="INFO">${result} = &lt;result object with rc 0&gt;</msg>
<var>${result}</var>
<arg>${process_manager}</arg>
<doc>Stops the process gracefully or forcefully.</doc>
<status status="PASS" start="2024-02-14T16:54:29.785535" elapsed="2.404738"/>
</kw>
<kw name="Fail" owner="BuiltIn">
<msg time="2024-02-14T16:54:32.191053" level="FAIL">AssertionError</msg>
<doc>Fails the test with the given message and optionally alters its tags.</doc>
<status status="FAIL" start="2024-02-14T16:54:32.190506" elapsed="0.000662">AssertionError</status>
</kw>
<status status="FAIL" start="2024-02-14T16:54:29.686614" elapsed="2.504639">AssertionError</status>
</branch>
<status status="FAIL" start="2024-02-14T16:54:29.686267" elapsed="2.505031">AssertionError</status>
</if>
<tag>ubuntu-latest</tag>
<tag>windows-latest</tag>
<status status="FAIL" start="2024-02-14T16:53:29.385979" elapsed="62.805467">AssertionError</status>
</kw>
<status status="FAIL" start="2024-02-14T16:53:29.385403" elapsed="62.806129">AssertionError</status>
</kw>
<arg>Close Manager GUI ${platform}</arg>
<doc>Executes the given keyword with the given arguments.</doc>
<status status="FAIL" start="2024-02-14T16:53:29.384450" elapsed="62.807125">AssertionError</status>
</kw>
<kw name="Stop Agent" owner="GUI_Common">
<status status="NOT RUN" start="2024-02-14T16:54:32.191818" elapsed="0.000026"/>
</kw>
<tag>macos-latest</tag>
<tag>ubuntu-latest</tag>
<tag>windows-latest</tag>
<status status="FAIL" start="2024-02-14T16:53:06.627190" elapsed="85.564837">AssertionError</status>
</test>
<status status="FAIL" start="2024-02-14T16:53:06.613981" elapsed="85.578568"/>
</suite>
<status status="FAIL" start="2024-02-14T16:51:36.812689" elapsed="175.380596"/>
</suite>
<statistics>
<total>
<stat pass="9" fail="1" skip="0">All Tests</stat>
</total>
<tag>
<stat pass="7" fail="1" skip="0">macos-latest</stat>
<stat pass="9" fail="1" skip="0">ubuntu-latest</stat>
<stat pass="8" fail="1" skip="0">windows-latest</stat>
</tag>
<suite>
<stat pass="9" fail="1" skip="0" id="s1" name="Manager">Manager</stat>
<stat pass="3" fail="0" skip="0" id="s1-s1" name="CommandLine">Manager.CommandLine</stat>
<stat pass="6" fail="0" skip="0" id="s1-s2" name="GUI Basic">Manager.GUI Basic</stat>
<stat pass="0" fail="1" skip="0" id="s1-s3" name="GUI Bugs">Manager.GUI Bugs</stat>
</suite>
</statistics>
<errors>
</errors>
</robot>
