<?xml version="1.0" encoding="UTF-8"?>
<robot generator="Robot 6.0.2 (Python 3.10.11 on linux)" generated="20230604 03:08:19.802" rpa="false" schemaversion="3">
<suite id="s1" name="Reporter" source="/home/runner/work/rfswarm/rfswarm/Tests/Regression/Reporter">
<suite id="s1-s1" name="CommandLine" source="/home/runner/work/rfswarm/rfswarm/Tests/Regression/Reporter/CommandLine.robot">
<kw name="Clean Up Old Files" type="SETUP">
<tag>macos-latest</tag>
<tag>ubuntu-latest</tag>
<tag>windows-latest</tag>
<kw name="Log To Console" library="BuiltIn">
<arg>${OUTPUT DIR}</arg>
<doc>Logs the given message to the console.</doc>
<status status="PASS" starttime="20230604 03:08:19.836" endtime="20230604 03:08:19.836"/>
</kw>
<kw name="Remove File" library="OperatingSystem">
<arg>${OUTPUT DIR}${/}*.txt</arg>
<doc>Removes a file with the given path.</doc>
<msg timestamp="20230604 03:08:19.837" level="INFO" html="true">Removed file '&lt;a href="file:///home/runner/work/rfswarm/rfswarm/Tests/Regression/Reporter/Logs/ubuntu-latest_3.10/stdout.txt"&gt;/home/runner/work/rfswarm/rfswarm/Tests/Regression/Reporter/Logs/ubuntu-latest_3.10/stdout.txt&lt;/a&gt;'.</msg>
<msg timestamp="20230604 03:08:19.837" level="INFO" html="true">Removed file '&lt;a href="file:///home/runner/work/rfswarm/rfswarm/Tests/Regression/Reporter/Logs/ubuntu-latest_3.10/stderr.txt"&gt;/home/runner/work/rfswarm/rfswarm/Tests/Regression/Reporter/Logs/ubuntu-latest_3.10/stderr.txt&lt;/a&gt;'.</msg>
<status status="PASS" starttime="20230604 03:08:19.836" endtime="20230604 03:08:19.837"/>
</kw>
<kw name="Remove File" library="OperatingSystem">
<arg>${OUTPUT DIR}${/}*.png</arg>
<doc>Removes a file with the given path.</doc>
<msg timestamp="20230604 03:08:19.837" level="INFO" html="true">Removed file '&lt;a href="file:///home/runner/work/rfswarm/rfswarm/Tests/Regression/Reporter/Logs/ubuntu-latest_3.10/Reporter.GUIBasic-screenshot-9.png"&gt;/home/runner/work/rfswarm/rfswarm/Tests/Regression/Reporter/Logs/ubuntu-latest_3.10/Reporter.GUIBasic-screenshot-9.png&lt;/a&gt;'.</msg>
<msg timestamp="20230604 03:08:19.837" level="INFO" html="true">Removed file '&lt;a href="file:///home/runner/work/rfswarm/rfswarm/Tests/Regression/Reporter/Logs/ubuntu-latest_3.10/Reporter.GUIBasic-screenshot-21.png"&gt;/home/runner/work/rfswarm/rfswarm/Tests/Regression/Reporter/Logs/ubuntu-latest_3.10/Reporter.GUIBasic-screenshot-21.png&lt;/a&gt;'.</msg>
<msg timestamp="20230604 03:08:19.837" level="INFO" html="true">Removed file '&lt;a href="file:///home/runner/work/rfswarm/rfswarm/Tests/Regression/Reporter/Logs/ubuntu-latest_3.10/Reporter.GUIBasic-screenshot-7.png"&gt;/home/runner/work/rfswarm/rfswarm/Tests/Regression/Reporter/Logs/ubuntu-latest_3.10/Reporter.GUIBasic-screenshot-7.png&lt;/a&gt;'.</msg>
<msg timestamp="20230604 03:08:19.838" level="INFO" html="true">Removed file '&lt;a href="file:///home/runner/work/rfswarm/rfswarm/Tests/Regression/Reporter/Logs/ubuntu-latest_3.10/Reporter.GUIBasic-screenshot-15.png"&gt;/home/runner/work/rfswarm/rfswarm/Tests/Regression/Reporter/Logs/ubuntu-latest_3.10/Reporter.GUIBasic-screenshot-15.png&lt;/a&gt;'.</msg>
<msg timestamp="20230604 03:08:19.838" level="INFO" html="true">Removed file '&lt;a href="file:///home/runner/work/rfswarm/rfswarm/Tests/Regression/Reporter/Logs/ubuntu-latest_3.10/Reporter.GUIBasic-screenshot-19.png"&gt;/home/runner/work/rfswarm/rfswarm/Tests/Regression/Reporter/Logs/ubuntu-latest_3.10/Reporter.GUIBasic-screenshot-19.png&lt;/a&gt;'.</msg>
<msg timestamp="20230604 03:08:19.838" level="INFO" html="true">Removed file '&lt;a href="file:///home/runner/work/rfswarm/rfswarm/Tests/Regression/Reporter/Logs/ubuntu-latest_3.10/Reporter.GUIBasic-screenshot-4.png"&gt;/home/runner/work/rfswarm/rfswarm/Tests/Regression/Reporter/Logs/ubuntu-latest_3.10/Reporter.GUIBasic-screenshot-4.png&lt;/a&gt;'.</msg>
<msg timestamp="20230604 03:08:19.838" level="INFO" html="true">Removed file '&lt;a href="file:///home/runner/work/rfswarm/rfswarm/Tests/Regression/Reporter/Logs/ubuntu-latest_3.10/Reporter.GUIBasic-screenshot-25.png"&gt;/home/runner/work/rfswarm/rfswarm/Tests/Regression/Reporter/Logs/ubuntu-latest_3.10/Reporter.GUIBasic-screenshot-25.png&lt;/a&gt;'.</msg>
<msg timestamp="20230604 03:08:19.838" level="INFO" html="true">Removed file '&lt;a href="file:///home/runner/work/rfswarm/rfswarm/Tests/Regression/Reporter/Logs/ubuntu-latest_3.10/Reporter.GUIBasic-screenshot-23.png"&gt;/home/runner/work/rfswarm/rfswarm/Tests/Regression/Reporter/Logs/ubuntu-latest_3.10/Reporter.GUIBasic-screenshot-23.png&lt;/a&gt;'.</msg>
<msg timestamp="20230604 03:08:19.838" level="INFO" html="true">Removed file '&lt;a href="file:///home/runner/work/rfswarm/rfswarm/Tests/Regression/Reporter/Logs/ubuntu-latest_3.10/Reporter.GUIBasic-screenshot-17.png"&gt;/home/runner/work/rfswarm/rfswarm/Tests/Regression/Reporter/Logs/ubuntu-latest_3.10/Reporter.GUIBasic-screenshot-17.png&lt;/a&gt;'.</msg>
<msg timestamp="20230604 03:08:19.838" level="INFO" html="true">Removed file '&lt;a href="file:///home/runner/work/rfswarm/rfswarm/Tests/Regression/Reporter/Logs/ubuntu-latest_3.10/Reporter.GUIBasic-screenshot-12.png"&gt;/home/runner/work/rfswarm/rfswarm/Tests/Regression/Reporter/Logs/ubuntu-latest_3.10/Reporter.GUIBasic-screenshot-12.png&lt;/a&gt;'.</msg>
<msg timestamp="20230604 03:08:19.838" level="INFO" html="true">Removed file '&lt;a href="file:///home/runner/work/rfswarm/rfswarm/Tests/Regression/Reporter/Logs/ubuntu-latest_3.10/Reporter.GUIBasic-screenshot-13.png"&gt;/home/runner/work/rfswarm/rfswarm/Tests/Regression/Reporter/Logs/ubuntu-latest_3.10/Reporter.GUIBasic-screenshot-13.png&lt;/a&gt;'.</msg>
<msg timestamp="20230604 03:08:19.838" level="INFO" html="true">Removed file '&lt;a href="file:///home/runner/work/rfswarm/rfswarm/Tests/Regression/Reporter/Logs/ubuntu-latest_3.10/Reporter.GUIBasic-screenshot-22.png"&gt;/home/runner/work/rfswarm/rfswarm/Tests/Regression/Reporter/Logs/ubuntu-latest_3.10/Reporter.GUIBasic-screenshot-22.png&lt;/a&gt;'.</msg>
<msg timestamp="20230604 03:08:19.838" level="INFO" html="true">Removed file '&lt;a href="file:///home/runner/work/rfswarm/rfswarm/Tests/Regression/Reporter/Logs/ubuntu-latest_3.10/Reporter.GUIBasic-screenshot-28.png"&gt;/home/runner/work/rfswarm/rfswarm/Tests/Regression/Reporter/Logs/ubuntu-latest_3.10/Reporter.GUIBasic-screenshot-28.png&lt;/a&gt;'.</msg>
<msg timestamp="20230604 03:08:19.838" level="INFO" html="true">Removed file '&lt;a href="file:///home/runner/work/rfswarm/rfswarm/Tests/Regression/Reporter/Logs/ubuntu-latest_3.10/Reporter.GUIBasic-screenshot-6.png"&gt;/home/runner/work/rfswarm/rfswarm/Tests/Regression/Reporter/Logs/ubuntu-latest_3.10/Reporter.GUIBasic-screenshot-6.png&lt;/a&gt;'.</msg>
<msg timestamp="20230604 03:08:19.838" level="INFO" html="true">Removed file '&lt;a href="file:///home/runner/work/rfswarm/rfswarm/Tests/Regression/Reporter/Logs/ubuntu-latest_3.10/Reporter.GUIBasic-screenshot-10.png"&gt;/home/runner/work/rfswarm/rfswarm/Tests/Regression/Reporter/Logs/ubuntu-latest_3.10/Reporter.GUIBasic-screenshot-10.png&lt;/a&gt;'.</msg>
<msg timestamp="20230604 03:08:19.838" level="INFO" html="true">Removed file '&lt;a href="file:///home/runner/work/rfswarm/rfswarm/Tests/Regression/Reporter/Logs/ubuntu-latest_3.10/Reporter.GUIBasic-screenshot-5.png"&gt;/home/runner/work/rfswarm/rfswarm/Tests/Regression/Reporter/Logs/ubuntu-latest_3.10/Reporter.GUIBasic-screenshot-5.png&lt;/a&gt;'.</msg>
<msg timestamp="20230604 03:08:19.839" level="INFO" html="true">Removed file '&lt;a href="file:///home/runner/work/rfswarm/rfswarm/Tests/Regression/Reporter/Logs/ubuntu-latest_3.10/Reporter.GUIBasic-screenshot-26.png"&gt;/home/runner/work/rfswarm/rfswarm/Tests/Regression/Reporter/Logs/ubuntu-latest_3.10/Reporter.GUIBasic-screenshot-26.png&lt;/a&gt;'.</msg>
<msg timestamp="20230604 03:08:19.839" level="INFO" html="true">Removed file '&lt;a href="file:///home/runner/work/rfswarm/rfswarm/Tests/Regression/Reporter/Logs/ubuntu-latest_3.10/Reporter.GUIBasic-screenshot-1.png"&gt;/home/runner/work/rfswarm/rfswarm/Tests/Regression/Reporter/Logs/ubuntu-latest_3.10/Reporter.GUIBasic-screenshot-1.png&lt;/a&gt;'.</msg>
<msg timestamp="20230604 03:08:19.839" level="INFO" html="true">Removed file '&lt;a href="file:///home/runner/work/rfswarm/rfswarm/Tests/Regression/Reporter/Logs/ubuntu-latest_3.10/Reporter.GUIBasic-screenshot-16.png"&gt;/home/runner/work/rfswarm/rfswarm/Tests/Regression/Reporter/Logs/ubuntu-latest_3.10/Reporter.GUIBasic-screenshot-16.png&lt;/a&gt;'.</msg>
<msg timestamp="20230604 03:08:19.839" level="INFO" html="true">Removed file '&lt;a href="file:///home/runner/work/rfswarm/rfswarm/Tests/Regression/Reporter/Logs/ubuntu-latest_3.10/Reporter.GUIBasic-screenshot-20.png"&gt;/home/runner/work/rfswarm/rfswarm/Tests/Regression/Reporter/Logs/ubuntu-latest_3.10/Reporter.GUIBasic-screenshot-20.png&lt;/a&gt;'.</msg>
<msg timestamp="20230604 03:08:19.839" level="INFO" html="true">Removed file '&lt;a href="file:///home/runner/work/rfswarm/rfswarm/Tests/Regression/Reporter/Logs/ubuntu-latest_3.10/Reporter.GUIBasic-screenshot-11.png"&gt;/home/runner/work/rfswarm/rfswarm/Tests/Regression/Reporter/Logs/ubuntu-latest_3.10/Reporter.GUIBasic-screenshot-11.png&lt;/a&gt;'.</msg>
<msg timestamp="20230604 03:08:19.839" level="INFO" html="true">Removed file '&lt;a href="file:///home/runner/work/rfswarm/rfswarm/Tests/Regression/Reporter/Logs/ubuntu-latest_3.10/Reporter.GUIBasic-screenshot-3.png"&gt;/home/runner/work/rfswarm/rfswarm/Tests/Regression/Reporter/Logs/ubuntu-latest_3.10/Reporter.GUIBasic-screenshot-3.png&lt;/a&gt;'.</msg>
<msg timestamp="20230604 03:08:19.839" level="INFO" html="true">Removed file '&lt;a href="file:///home/runner/work/rfswarm/rfswarm/Tests/Regression/Reporter/Logs/ubuntu-latest_3.10/Reporter.GUIBasic-screenshot-8.png"&gt;/home/runner/work/rfswarm/rfswarm/Tests/Regression/Reporter/Logs/ubuntu-latest_3.10/Reporter.GUIBasic-screenshot-8.png&lt;/a&gt;'.</msg>
<msg timestamp="20230604 03:08:19.839" level="INFO" html="true">Removed file '&lt;a href="file:///home/runner/work/rfswarm/rfswarm/Tests/Regression/Reporter/Logs/ubuntu-latest_3.10/Reporter.GUIBasic-screenshot-27.png"&gt;/home/runner/work/rfswarm/rfswarm/Tests/Regression/Reporter/Logs/ubuntu-latest_3.10/Reporter.GUIBasic-screenshot-27.png&lt;/a&gt;'.</msg>
<msg timestamp="20230604 03:08:19.839" level="INFO" html="true">Removed file '&lt;a href="file:///home/runner/work/rfswarm/rfswarm/Tests/Regression/Reporter/Logs/ubuntu-latest_3.10/Reporter.GUIBasic-screenshot-18.png"&gt;/home/runner/work/rfswarm/rfswarm/Tests/Regression/Reporter/Logs/ubuntu-latest_3.10/Reporter.GUIBasic-screenshot-18.png&lt;/a&gt;'.</msg>
<msg timestamp="20230604 03:08:19.839" level="INFO" html="true">Removed file '&lt;a href="file:///home/runner/work/rfswarm/rfswarm/Tests/Regression/Reporter/Logs/ubuntu-latest_3.10/Reporter.GUIBasic-screenshot-14.png"&gt;/home/runner/work/rfswarm/rfswarm/Tests/Regression/Reporter/Logs/ubuntu-latest_3.10/Reporter.GUIBasic-screenshot-14.png&lt;/a&gt;'.</msg>
<msg timestamp="20230604 03:08:19.839" level="INFO" html="true">Removed file '&lt;a href="file:///home/runner/work/rfswarm/rfswarm/Tests/Regression/Reporter/Logs/ubuntu-latest_3.10/Reporter.GUIBasic-screenshot-2.png"&gt;/home/runner/work/rfswarm/rfswarm/Tests/Regression/Reporter/Logs/ubuntu-latest_3.10/Reporter.GUIBasic-screenshot-2.png&lt;/a&gt;'.</msg>
<msg timestamp="20230604 03:08:19.839" level="INFO" html="true">Removed file '&lt;a href="file:///home/runner/work/rfswarm/rfswarm/Tests/Regression/Reporter/Logs/ubuntu-latest_3.10/Reporter.GUIBasic-screenshot-24.png"&gt;/home/runner/work/rfswarm/rfswarm/Tests/Regression/Reporter/Logs/ubuntu-latest_3.10/Reporter.GUIBasic-screenshot-24.png&lt;/a&gt;'.</msg>
<msg timestamp="20230604 03:08:19.839" level="INFO" html="true">Removed file '&lt;a href="file:///home/runner/work/rfswarm/rfswarm/Tests/Regression/Reporter/Logs/ubuntu-latest_3.10/Reporter.GUIBasic-screenshot-29.png"&gt;/home/runner/work/rfswarm/rfswarm/Tests/Regression/Reporter/Logs/ubuntu-latest_3.10/Reporter.GUIBasic-screenshot-29.png&lt;/a&gt;'.</msg>
<status status="PASS" starttime="20230604 03:08:19.837" endtime="20230604 03:08:19.839"/>
</kw>
<status status="PASS" starttime="20230604 03:08:19.835" endtime="20230604 03:08:19.840"/>
</kw>
<test id="s1-s1-t1" name="Reporter Version" line="16">
<kw name="Run" library="OperatingSystem">
<var>${result}</var>
<arg>python3 ${EXECDIR}${/}rfswarm_reporter${/}rfswarm_reporter.py -v</arg>
<doc>Runs the given command in the system and returns the output.</doc>
<msg timestamp="20230604 03:08:19.841" level="INFO">Running command 'python3 /home/runner/work/rfswarm/rfswarm/rfswarm_reporter/rfswarm_reporter.py -v 2&gt;&amp;1'.</msg>
<msg timestamp="20230604 03:08:21.220" level="INFO">${result} = Robot Framework Swarm: Reporter 
	Version 1.1.3 </msg>
<status status="PASS" starttime="20230604 03:08:19.840" endtime="20230604 03:08:21.220"/>
</kw>
<kw name="Log To Console" library="BuiltIn">
<arg>${\n}${result}</arg>
<doc>Logs the given message to the console.</doc>
<status status="PASS" starttime="20230604 03:08:21.220" endtime="20230604 03:08:21.220"/>
</kw>
<kw name="Should Contain" library="BuiltIn">
<arg>${result}</arg>
<arg>Version</arg>
<doc>Fails if ``container`` does not contain ``item`` one or more times.</doc>
<status status="PASS" starttime="20230604 03:08:21.220" endtime="20230604 03:08:21.221"/>
</kw>
<kw name="Should Contain" library="BuiltIn">
<arg>${result}</arg>
<arg>Reporter</arg>
<doc>Fails if ``container`` does not contain ``item`` one or more times.</doc>
<status status="PASS" starttime="20230604 03:08:21.221" endtime="20230604 03:08:21.221"/>
</kw>
<tag>macos-latest</tag>
<tag>ubuntu-latest</tag>
<tag>windows-latest</tag>
<status status="PASS" starttime="20230604 03:08:19.840" endtime="20230604 03:08:21.221"/>
</test>
<test id="s1-s1-t2" name="Reporter Help" line="23">
<kw name="Run" library="OperatingSystem">
<var>${result}</var>
<arg>python3 ${EXECDIR}${/}rfswarm_reporter${/}rfswarm_reporter.py -h</arg>
<doc>Runs the given command in the system and returns the output.</doc>
<msg timestamp="20230604 03:08:21.222" level="INFO">Running command 'python3 /home/runner/work/rfswarm/rfswarm/rfswarm_reporter/rfswarm_reporter.py -h 2&gt;&amp;1'.</msg>
<msg timestamp="20230604 03:08:21.985" level="INFO">${result} = Robot Framework Swarm: Reporter 
	Version 1.1.3 
usage: rfswarm_reporter.py [-h] [-g DEBUG] [-v] [-i INI] [-n] [-d DIR]
                           [-t TEMPLATE] [--html] [--docx] [--xlsx]

options:
  ...</msg>
<status status="PASS" starttime="20230604 03:08:21.222" endtime="20230604 03:08:21.985"/>
</kw>
<kw name="Log To Console" library="BuiltIn">
<arg>${\n}${result}</arg>
<doc>Logs the given message to the console.</doc>
<status status="PASS" starttime="20230604 03:08:21.985" endtime="20230604 03:08:21.986"/>
</kw>
<kw name="Should Contain" library="BuiltIn">
<arg>${result}</arg>
<arg>Excel</arg>
<doc>Fails if ``container`` does not contain ``item`` one or more times.</doc>
<status status="PASS" starttime="20230604 03:08:21.986" endtime="20230604 03:08:21.986"/>
</kw>
<tag>macos-latest</tag>
<tag>ubuntu-latest</tag>
<tag>windows-latest</tag>
<status status="PASS" starttime="20230604 03:08:21.221" endtime="20230604 03:08:21.986"/>
</test>
<test id="s1-s1-t3" name="Command Line Generate HTML" line="29">
<kw name="Set Variable" library="BuiltIn">
<var>${testdata}</var>
<arg>Issue-#144</arg>
<doc>Returns the given values which can then be assigned to a variables.</doc>
<msg timestamp="20230604 03:08:21.987" level="INFO">${testdata} = Issue-#144</msg>
<status status="PASS" starttime="20230604 03:08:21.987" endtime="20230604 03:08:21.987"/>
</kw>
<kw name="Set Variable" library="BuiltIn">
<var>${resultdata}</var>
<arg>20230320_185055_demo</arg>
<doc>Returns the given values which can then be assigned to a variables.</doc>
<msg timestamp="20230604 03:08:21.987" level="INFO">${resultdata} = 20230320_185055_demo</msg>
<status status="PASS" starttime="20230604 03:08:21.987" endtime="20230604 03:08:21.987"/>
</kw>
<kw name="Set Variable" library="BuiltIn">
<var>${basefolder}</var>
<arg>/home/runner/work/rfswarm/rfswarm/Tests/Regression/Reporter${/}testdata${/}${testdata}</arg>
<doc>Returns the given values which can then be assigned to a variables.</doc>
<msg timestamp="20230604 03:08:21.988" level="INFO">${basefolder} = /home/runner/work/rfswarm/rfswarm/Tests/Regression/Reporter/testdata/Issue-#144</msg>
<status status="PASS" starttime="20230604 03:08:21.987" endtime="20230604 03:08:21.988"/>
</kw>
<kw name="Should Exist" library="OperatingSystem">
<arg>${basefolder}</arg>
<doc>Fails unless the given path (file or directory) exists.</doc>
<msg timestamp="20230604 03:08:21.988" level="INFO" html="true">Path '&lt;a href="file:///home/runner/work/rfswarm/rfswarm/Tests/Regression/Reporter/testdata/Issue-#144"&gt;/home/runner/work/rfswarm/rfswarm/Tests/Regression/Reporter/testdata/Issue-#144&lt;/a&gt;' exists.</msg>
<status status="PASS" starttime="20230604 03:08:21.988" endtime="20230604 03:08:21.988"/>
</kw>
<kw name="Log" library="BuiltIn">
<arg>basefolder: ${basefolder}</arg>
<arg>console=True</arg>
<doc>Logs the given message with the given level.</doc>
<msg timestamp="20230604 03:08:21.988" level="INFO">basefolder: /home/runner/work/rfswarm/rfswarm/Tests/Regression/Reporter/testdata/Issue-#144</msg>
<status status="PASS" starttime="20230604 03:08:21.988" endtime="20230604 03:08:21.988"/>
</kw>
<kw name="Set Variable" library="BuiltIn">
<var>${resultfolder}</var>
<arg>${basefolder}${/}${resultdata}</arg>
<doc>Returns the given values which can then be assigned to a variables.</doc>
<msg timestamp="20230604 03:08:21.989" level="INFO">${resultfolder} = /home/runner/work/rfswarm/rfswarm/Tests/Regression/Reporter/testdata/Issue-#144/20230320_185055_demo</msg>
<status status="PASS" starttime="20230604 03:08:21.988" endtime="20230604 03:08:21.989"/>
</kw>
<kw name="Should Exist" library="OperatingSystem">
<arg>${resultfolder}</arg>
<doc>Fails unless the given path (file or directory) exists.</doc>
<msg timestamp="20230604 03:08:21.989" level="INFO" html="true">Path '&lt;a href="file:///home/runner/work/rfswarm/rfswarm/Tests/Regression/Reporter/testdata/Issue-#144/20230320_185055_demo"&gt;/home/runner/work/rfswarm/rfswarm/Tests/Regression/Reporter/testdata/Issue-#144/20230320_185055_demo&lt;/a&gt;' exists.</msg>
<status status="PASS" starttime="20230604 03:08:21.989" endtime="20230604 03:08:21.989"/>
</kw>
<kw name="Log" library="BuiltIn">
<arg>resultfolder: ${resultfolder}</arg>
<arg>console=True</arg>
<doc>Logs the given message with the given level.</doc>
<msg timestamp="20230604 03:08:21.989" level="INFO">resultfolder: /home/runner/work/rfswarm/rfswarm/Tests/Regression/Reporter/testdata/Issue-#144/20230320_185055_demo</msg>
<status status="PASS" starttime="20230604 03:08:21.989" endtime="20230604 03:08:21.989"/>
</kw>
<kw name="Set Variable" library="BuiltIn">
<var>${template}</var>
<arg>${basefolder}${/}90%ileTemplate.template</arg>
<doc>Returns the given values which can then be assigned to a variables.</doc>
<msg timestamp="20230604 03:08:21.990" level="INFO">${template} = /home/runner/work/rfswarm/rfswarm/Tests/Regression/Reporter/testdata/Issue-#144/90%ileTemplate.template</msg>
<status status="PASS" starttime="20230604 03:08:21.990" endtime="20230604 03:08:21.990"/>
</kw>
<kw name="Should Exist" library="OperatingSystem">
<arg>${template}</arg>
<doc>Fails unless the given path (file or directory) exists.</doc>
<msg timestamp="20230604 03:08:21.990" level="INFO" html="true">Path '&lt;a href="file:///home/runner/work/rfswarm/rfswarm/Tests/Regression/Reporter/testdata/Issue-#144/90%ileTemplate.template"&gt;/home/runner/work/rfswarm/rfswarm/Tests/Regression/Reporter/testdata/Issue-#144/90%ileTemplate.template&lt;/a&gt;' exists.</msg>
<status status="PASS" starttime="20230604 03:08:21.990" endtime="20230604 03:08:21.990"/>
</kw>
<kw name="Log" library="BuiltIn">
<arg>template: ${template}</arg>
<arg>console=True</arg>
<doc>Logs the given message with the given level.</doc>
<msg timestamp="20230604 03:08:21.990" level="INFO">template: /home/runner/work/rfswarm/rfswarm/Tests/Regression/Reporter/testdata/Issue-#144/90%ileTemplate.template</msg>
<status status="PASS" starttime="20230604 03:08:21.990" endtime="20230604 03:08:21.990"/>
</kw>
<kw name="Run" library="OperatingSystem">
<var>${result}</var>
<arg>python3 ${pyfile} -n -g 1 -d ${resultfolder} -t ${template} --html</arg>
<doc>Runs the given command in the system and returns the output.</doc>
<msg timestamp="20230604 03:08:21.991" level="INFO">Running command 'python3 /home/runner/work/rfswarm/rfswarm/rfswarm_reporter/rfswarm_reporter.py -n -g 1 -d /home/runner/work/rfswarm/rfswarm/Tests/Regression/Reporter/testdata/Issue-#144/20230320_185055_demo -t /home/runner/work/rfswarm/rfswarm/Tests/Regression/Reporter/testdata/Issue-#144/90%ileTemplate.template --html 2&gt;&amp;1'.</msg>
<msg timestamp="20230604 03:08:25.401" level="INFO">${result} = </msg>
<status status="PASS" starttime="20230604 03:08:21.991" endtime="20230604 03:08:25.401"/>
</kw>
<kw name="Log" library="BuiltIn">
<arg>result: ${\n}${result}</arg>
<arg>console=True</arg>
<doc>Logs the given message with the given level.</doc>
<msg timestamp="20230604 03:08:25.402" level="INFO">result: 
</msg>
<status status="PASS" starttime="20230604 03:08:25.401" endtime="20230604 03:08:25.402"/>
</kw>
<kw name="Should Not Contain" library="BuiltIn">
<arg>${result}</arg>
<arg>Traceback</arg>
<doc>Fails if ``container`` contains ``item`` one or more times.</doc>
<status status="PASS" starttime="20230604 03:08:25.402" endtime="20230604 03:08:25.402"/>
</kw>
<kw name="Should Exist" library="OperatingSystem">
<arg>${resultfolder}${/}${resultdata}.html</arg>
<doc>Fails unless the given path (file or directory) exists.</doc>
<msg timestamp="20230604 03:08:25.403" level="INFO" html="true">Path '&lt;a href="file:///home/runner/work/rfswarm/rfswarm/Tests/Regression/Reporter/testdata/Issue-#144/20230320_185055_demo/20230320_185055_demo.html"&gt;/home/runner/work/rfswarm/rfswarm/Tests/Regression/Reporter/testdata/Issue-#144/20230320_185055_demo/20230320_185055_demo.html&lt;/a&gt;' exists.</msg>
<status status="PASS" starttime="20230604 03:08:25.402" endtime="20230604 03:08:25.403"/>
</kw>
<tag>HTML</tag>
<tag>Issue #144</tag>
<tag>macos-latest</tag>
<tag>ubuntu-latest</tag>
<tag>windows-latest</tag>
<status status="PASS" starttime="20230604 03:08:21.986" endtime="20230604 03:08:25.403"/>
</test>
<test id="s1-s1-t4" name="Command Line Generate Docx" line="47">
<kw name="Set Variable" library="BuiltIn">
<var>${testdata}</var>
<arg>Issue-#144</arg>
<doc>Returns the given values which can then be assigned to a variables.</doc>
<msg timestamp="20230604 03:08:25.404" level="INFO">${testdata} = Issue-#144</msg>
<status status="PASS" starttime="20230604 03:08:25.404" endtime="20230604 03:08:25.404"/>
</kw>
<kw name="Set Variable" library="BuiltIn">
<var>${resultdata}</var>
<arg>20230320_185055_demo</arg>
<doc>Returns the given values which can then be assigned to a variables.</doc>
<msg timestamp="20230604 03:08:25.404" level="INFO">${resultdata} = 20230320_185055_demo</msg>
<status status="PASS" starttime="20230604 03:08:25.404" endtime="20230604 03:08:25.404"/>
</kw>
<kw name="Set Variable" library="BuiltIn">
<var>${basefolder}</var>
<arg>/home/runner/work/rfswarm/rfswarm/Tests/Regression/Reporter${/}testdata${/}${testdata}</arg>
<doc>Returns the given values which can then be assigned to a variables.</doc>
<msg timestamp="20230604 03:08:25.405" level="INFO">${basefolder} = /home/runner/work/rfswarm/rfswarm/Tests/Regression/Reporter/testdata/Issue-#144</msg>
<status status="PASS" starttime="20230604 03:08:25.404" endtime="20230604 03:08:25.405"/>
</kw>
<kw name="Should Exist" library="OperatingSystem">
<arg>${basefolder}</arg>
<doc>Fails unless the given path (file or directory) exists.</doc>
<msg timestamp="20230604 03:08:25.405" level="INFO" html="true">Path '&lt;a href="file:///home/runner/work/rfswarm/rfswarm/Tests/Regression/Reporter/testdata/Issue-#144"&gt;/home/runner/work/rfswarm/rfswarm/Tests/Regression/Reporter/testdata/Issue-#144&lt;/a&gt;' exists.</msg>
<status status="PASS" starttime="20230604 03:08:25.405" endtime="20230604 03:08:25.405"/>
</kw>
<kw name="Log To Console" library="BuiltIn">
<arg>basefolder: ${basefolder}</arg>
<arg>console=True</arg>
<doc>Logs the given message to the console.</doc>
<status status="PASS" starttime="20230604 03:08:25.405" endtime="20230604 03:08:25.405"/>
</kw>
<kw name="Set Variable" library="BuiltIn">
<var>${resultfolder}</var>
<arg>${basefolder}${/}${resultdata}</arg>
<doc>Returns the given values which can then be assigned to a variables.</doc>
<msg timestamp="20230604 03:08:25.406" level="INFO">${resultfolder} = /home/runner/work/rfswarm/rfswarm/Tests/Regression/Reporter/testdata/Issue-#144/20230320_185055_demo</msg>
<status status="PASS" starttime="20230604 03:08:25.405" endtime="20230604 03:08:25.406"/>
</kw>
<kw name="Should Exist" library="OperatingSystem">
<arg>${resultfolder}</arg>
<doc>Fails unless the given path (file or directory) exists.</doc>
<msg timestamp="20230604 03:08:25.406" level="INFO" html="true">Path '&lt;a href="file:///home/runner/work/rfswarm/rfswarm/Tests/Regression/Reporter/testdata/Issue-#144/20230320_185055_demo"&gt;/home/runner/work/rfswarm/rfswarm/Tests/Regression/Reporter/testdata/Issue-#144/20230320_185055_demo&lt;/a&gt;' exists.</msg>
<status status="PASS" starttime="20230604 03:08:25.406" endtime="20230604 03:08:25.406"/>
</kw>
<kw name="Log" library="BuiltIn">
<arg>resultfolder: ${resultfolder}</arg>
<arg>console=True</arg>
<doc>Logs the given message with the given level.</doc>
<msg timestamp="20230604 03:08:25.406" level="INFO">resultfolder: /home/runner/work/rfswarm/rfswarm/Tests/Regression/Reporter/testdata/Issue-#144/20230320_185055_demo</msg>
<status status="PASS" starttime="20230604 03:08:25.406" endtime="20230604 03:08:25.406"/>
</kw>
<kw name="Set Variable" library="BuiltIn">
<var>${template}</var>
<arg>${basefolder}${/}90%ileTemplate.template</arg>
<doc>Returns the given values which can then be assigned to a variables.</doc>
<msg timestamp="20230604 03:08:25.407" level="INFO">${template} = /home/runner/work/rfswarm/rfswarm/Tests/Regression/Reporter/testdata/Issue-#144/90%ileTemplate.template</msg>
<status status="PASS" starttime="20230604 03:08:25.406" endtime="20230604 03:08:25.407"/>
</kw>
<kw name="Should Exist" library="OperatingSystem">
<arg>${template}</arg>
<doc>Fails unless the given path (file or directory) exists.</doc>
<msg timestamp="20230604 03:08:25.407" level="INFO" html="true">Path '&lt;a href="file:///home/runner/work/rfswarm/rfswarm/Tests/Regression/Reporter/testdata/Issue-#144/90%ileTemplate.template"&gt;/home/runner/work/rfswarm/rfswarm/Tests/Regression/Reporter/testdata/Issue-#144/90%ileTemplate.template&lt;/a&gt;' exists.</msg>
<status status="PASS" starttime="20230604 03:08:25.407" endtime="20230604 03:08:25.407"/>
</kw>
<kw name="Log" library="BuiltIn">
<arg>template: ${template}</arg>
<arg>console=True</arg>
<doc>Logs the given message with the given level.</doc>
<msg timestamp="20230604 03:08:25.407" level="INFO">template: /home/runner/work/rfswarm/rfswarm/Tests/Regression/Reporter/testdata/Issue-#144/90%ileTemplate.template</msg>
<status status="PASS" starttime="20230604 03:08:25.407" endtime="20230604 03:08:25.407"/>
</kw>
<kw name="Run" library="OperatingSystem">
<var>${result}</var>
<arg>python3 ${pyfile} -n -g 1 -d ${resultfolder} -t ${template} --docx</arg>
<doc>Runs the given command in the system and returns the output.</doc>
<msg timestamp="20230604 03:08:25.408" level="INFO">Running command 'python3 /home/runner/work/rfswarm/rfswarm/rfswarm_reporter/rfswarm_reporter.py -n -g 1 -d /home/runner/work/rfswarm/rfswarm/Tests/Regression/Reporter/testdata/Issue-#144/20230320_185055_demo -t /home/runner/work/rfswarm/rfswarm/Tests/Regression/Reporter/testdata/Issue-#144/90%ileTemplate.template --docx 2&gt;&amp;1'.</msg>
<msg timestamp="20230604 03:08:29.630" level="INFO">${result} = </msg>
<status status="PASS" starttime="20230604 03:08:25.408" endtime="20230604 03:08:29.630"/>
</kw>
<kw name="Log" library="BuiltIn">
<arg>${\n}${result}</arg>
<arg>console=True</arg>
<doc>Logs the given message with the given level.</doc>
<msg timestamp="20230604 03:08:29.630" level="INFO">
</msg>
<status status="PASS" starttime="20230604 03:08:29.630" endtime="20230604 03:08:29.630"/>
</kw>
<kw name="Should Not Contain" library="BuiltIn">
<arg>${result}</arg>
<arg>Traceback</arg>
<doc>Fails if ``container`` contains ``item`` one or more times.</doc>
<status status="PASS" starttime="20230604 03:08:29.630" endtime="20230604 03:08:29.631"/>
</kw>
<kw name="Should Exist" library="OperatingSystem">
<arg>${resultfolder}${/}${resultdata}.docx</arg>
<doc>Fails unless the given path (file or directory) exists.</doc>
<msg timestamp="20230604 03:08:29.631" level="INFO" html="true">Path '&lt;a href="file:///home/runner/work/rfswarm/rfswarm/Tests/Regression/Reporter/testdata/Issue-#144/20230320_185055_demo/20230320_185055_demo.docx"&gt;/home/runner/work/rfswarm/rfswarm/Tests/Regression/Reporter/testdata/Issue-#144/20230320_185055_demo/20230320_185055_demo.docx&lt;/a&gt;' exists.</msg>
<status status="PASS" starttime="20230604 03:08:29.631" endtime="20230604 03:08:29.631"/>
</kw>
<tag>DOCX</tag>
<tag>Issue #144</tag>
<tag>macos-latest</tag>
<tag>ubuntu-latest</tag>
<tag>windows-latest</tag>
<status status="PASS" starttime="20230604 03:08:25.403" endtime="20230604 03:08:29.631"/>
</test>
<test id="s1-s1-t5" name="Command Line Generate Xlsx" line="65">
<kw name="Set Variable" library="BuiltIn">
<var>${testdata}</var>
<arg>Issue-#144</arg>
<doc>Returns the given values which can then be assigned to a variables.</doc>
<msg timestamp="20230604 03:08:29.632" level="INFO">${testdata} = Issue-#144</msg>
<status status="PASS" starttime="20230604 03:08:29.632" endtime="20230604 03:08:29.632"/>
</kw>
<kw name="Set Variable" library="BuiltIn">
<var>${resultdata}</var>
<arg>20230320_185055_demo</arg>
<doc>Returns the given values which can then be assigned to a variables.</doc>
<msg timestamp="20230604 03:08:29.632" level="INFO">${resultdata} = 20230320_185055_demo</msg>
<status status="PASS" starttime="20230604 03:08:29.632" endtime="20230604 03:08:29.632"/>
</kw>
<kw name="Set Variable" library="BuiltIn">
<var>${basefolder}</var>
<arg>/home/runner/work/rfswarm/rfswarm/Tests/Regression/Reporter${/}testdata${/}${testdata}</arg>
<doc>Returns the given values which can then be assigned to a variables.</doc>
<msg timestamp="20230604 03:08:29.633" level="INFO">${basefolder} = /home/runner/work/rfswarm/rfswarm/Tests/Regression/Reporter/testdata/Issue-#144</msg>
<status status="PASS" starttime="20230604 03:08:29.632" endtime="20230604 03:08:29.633"/>
</kw>
<kw name="Should Exist" library="OperatingSystem">
<arg>${basefolder}</arg>
<doc>Fails unless the given path (file or directory) exists.</doc>
<msg timestamp="20230604 03:08:29.633" level="INFO" html="true">Path '&lt;a href="file:///home/runner/work/rfswarm/rfswarm/Tests/Regression/Reporter/testdata/Issue-#144"&gt;/home/runner/work/rfswarm/rfswarm/Tests/Regression/Reporter/testdata/Issue-#144&lt;/a&gt;' exists.</msg>
<status status="PASS" starttime="20230604 03:08:29.633" endtime="20230604 03:08:29.633"/>
</kw>
<kw name="Log" library="BuiltIn">
<arg>basefolder: ${basefolder}</arg>
<arg>console=True</arg>
<doc>Logs the given message with the given level.</doc>
<msg timestamp="20230604 03:08:29.633" level="INFO">basefolder: /home/runner/work/rfswarm/rfswarm/Tests/Regression/Reporter/testdata/Issue-#144</msg>
<status status="PASS" starttime="20230604 03:08:29.633" endtime="20230604 03:08:29.633"/>
</kw>
<kw name="Set Variable" library="BuiltIn">
<var>${resultfolder}</var>
<arg>${basefolder}${/}${resultdata}</arg>
<doc>Returns the given values which can then be assigned to a variables.</doc>
<msg timestamp="20230604 03:08:29.634" level="INFO">${resultfolder} = /home/runner/work/rfswarm/rfswarm/Tests/Regression/Reporter/testdata/Issue-#144/20230320_185055_demo</msg>
<status status="PASS" starttime="20230604 03:08:29.633" endtime="20230604 03:08:29.634"/>
</kw>
<kw name="Should Exist" library="OperatingSystem">
<arg>${resultfolder}</arg>
<doc>Fails unless the given path (file or directory) exists.</doc>
<msg timestamp="20230604 03:08:29.634" level="INFO" html="true">Path '&lt;a href="file:///home/runner/work/rfswarm/rfswarm/Tests/Regression/Reporter/testdata/Issue-#144/20230320_185055_demo"&gt;/home/runner/work/rfswarm/rfswarm/Tests/Regression/Reporter/testdata/Issue-#144/20230320_185055_demo&lt;/a&gt;' exists.</msg>
<status status="PASS" starttime="20230604 03:08:29.634" endtime="20230604 03:08:29.634"/>
</kw>
<kw name="Log" library="BuiltIn">
<arg>resultfolder: ${resultfolder}</arg>
<arg>console=True</arg>
<doc>Logs the given message with the given level.</doc>
<msg timestamp="20230604 03:08:29.634" level="INFO">resultfolder: /home/runner/work/rfswarm/rfswarm/Tests/Regression/Reporter/testdata/Issue-#144/20230320_185055_demo</msg>
<status status="PASS" starttime="20230604 03:08:29.634" endtime="20230604 03:08:29.634"/>
</kw>
<kw name="Set Variable" library="BuiltIn">
<var>${template}</var>
<arg>${basefolder}${/}90%ileTemplate.template</arg>
<doc>Returns the given values which can then be assigned to a variables.</doc>
<msg timestamp="20230604 03:08:29.635" level="INFO">${template} = /home/runner/work/rfswarm/rfswarm/Tests/Regression/Reporter/testdata/Issue-#144/90%ileTemplate.template</msg>
<status status="PASS" starttime="20230604 03:08:29.635" endtime="20230604 03:08:29.635"/>
</kw>
<kw name="Should Exist" library="OperatingSystem">
<arg>${template}</arg>
<doc>Fails unless the given path (file or directory) exists.</doc>
<msg timestamp="20230604 03:08:29.635" level="INFO" html="true">Path '&lt;a href="file:///home/runner/work/rfswarm/rfswarm/Tests/Regression/Reporter/testdata/Issue-#144/90%ileTemplate.template"&gt;/home/runner/work/rfswarm/rfswarm/Tests/Regression/Reporter/testdata/Issue-#144/90%ileTemplate.template&lt;/a&gt;' exists.</msg>
<status status="PASS" starttime="20230604 03:08:29.635" endtime="20230604 03:08:29.635"/>
</kw>
<kw name="Log" library="BuiltIn">
<arg>template: ${template}</arg>
<arg>console=True</arg>
<doc>Logs the given message with the given level.</doc>
<msg timestamp="20230604 03:08:29.635" level="INFO">template: /home/runner/work/rfswarm/rfswarm/Tests/Regression/Reporter/testdata/Issue-#144/90%ileTemplate.template</msg>
<status status="PASS" starttime="20230604 03:08:29.635" endtime="20230604 03:08:29.636"/>
</kw>
<kw name="Run" library="OperatingSystem">
<var>${result}</var>
<arg>python3 ${pyfile} -n -g 1 -d ${resultfolder} -t ${template} --xlsx</arg>
<doc>Runs the given command in the system and returns the output.</doc>
<msg timestamp="20230604 03:08:29.636" level="INFO">Running command 'python3 /home/runner/work/rfswarm/rfswarm/rfswarm_reporter/rfswarm_reporter.py -n -g 1 -d /home/runner/work/rfswarm/rfswarm/Tests/Regression/Reporter/testdata/Issue-#144/20230320_185055_demo -t /home/runner/work/rfswarm/rfswarm/Tests/Regression/Reporter/testdata/Issue-#144/90%ileTemplate.template --xlsx 2&gt;&amp;1'.</msg>
<msg timestamp="20230604 03:08:33.057" level="INFO">${result} = </msg>
<status status="PASS" starttime="20230604 03:08:29.636" endtime="20230604 03:08:33.057"/>
</kw>
<kw name="Log" library="BuiltIn">
<arg>${\n}${result}</arg>
<arg>console=True</arg>
<doc>Logs the given message with the given level.</doc>
<msg timestamp="20230604 03:08:33.058" level="INFO">
</msg>
<status status="PASS" starttime="20230604 03:08:33.058" endtime="20230604 03:08:33.058"/>
</kw>
<kw name="Should Not Contain" library="BuiltIn">
<arg>${result}</arg>
<arg>Traceback</arg>
<doc>Fails if ``container`` contains ``item`` one or more times.</doc>
<status status="PASS" starttime="20230604 03:08:33.058" endtime="20230604 03:08:33.058"/>
</kw>
<kw name="Should Exist" library="OperatingSystem">
<arg>${resultfolder}${/}${resultdata}.xlsx</arg>
<doc>Fails unless the given path (file or directory) exists.</doc>
<msg timestamp="20230604 03:08:33.059" level="INFO" html="true">Path '&lt;a href="file:///home/runner/work/rfswarm/rfswarm/Tests/Regression/Reporter/testdata/Issue-#144/20230320_185055_demo/20230320_185055_demo.xlsx"&gt;/home/runner/work/rfswarm/rfswarm/Tests/Regression/Reporter/testdata/Issue-#144/20230320_185055_demo/20230320_185055_demo.xlsx&lt;/a&gt;' exists.</msg>
<status status="PASS" starttime="20230604 03:08:33.058" endtime="20230604 03:08:33.059"/>
</kw>
<tag>Issue #144</tag>
<tag>macos-latest</tag>
<tag>ubuntu-latest</tag>
<tag>windows-latest</tag>
<tag>XLSX</tag>
<status status="PASS" starttime="20230604 03:08:29.632" endtime="20230604 03:08:33.059"/>
</test>
<status status="PASS" starttime="20230604 03:08:19.823" endtime="20230604 03:08:33.060"/>
</suite>
<suite id="s1-s2" name="GUI Basic" source="/home/runner/work/rfswarm/rfswarm/Tests/Regression/Reporter/GUI_Basic.robot">
<test id="s1-s2-t1" name="GUI Runs and Closes" line="19">
<kw name="Open GUI">
<kw name="Get Variables" library="BuiltIn">
<var>${var}</var>
<doc>Returns a dictionary containing all variables in the current scope.</doc>
<msg timestamp="20230604 03:08:33.275" level="INFO">${var} = {'${/}': '/', '${:}': ':', '${\\n}': '\n', '${DEBUG_FILE}': 'NONE', '${EXECDIR}': '/home/runner/work/rfswarm/rfswarm', '${False}': False, '${IMAGE_DIR}': '/home/runner/work/rfswarm/rfswarm/Tests/Regre...</msg>
<status status="PASS" starttime="20230604 03:08:33.273" endtime="20230604 03:08:33.275"/>
</kw>
<kw name="Log" library="BuiltIn">
<arg>${var}</arg>
<doc>Logs the given message with the given level.</doc>
<msg timestamp="20230604 03:08:33.276" level="INFO">{'${/}': '/', '${:}': ':', '${\\n}': '\n', '${DEBUG_FILE}': 'NONE', '${EXECDIR}': '/home/runner/work/rfswarm/rfswarm', '${False}': False, '${IMAGE_DIR}': '/home/runner/work/rfswarm/rfswarm/Tests/Regression/Reporter/Images/file_method', '${LOG_FILE}': '/home/runner/work/rfswarm/rfswarm/Tests/Regression/Reporter/Logs/ubuntu-latest_3.10/log.html', '${LOG_LEVEL}': 'INFO', '${None}': None, '${null}': None, '${OUTPUT_DIR}': '/home/runner/work/rfswarm/rfswarm/Tests/Regression/Reporter/Logs/ubuntu-latest_3.10', '${OUTPUT_FILE}': '/home/runner/work/rfswarm/rfswarm/Tests/Regression/Reporter/Logs/ubuntu-latest_3.10/output.xml', '${PREV_TEST_MESSAGE}': '', '${PREV_TEST_NAME}': 'Command Line Generate Xlsx', '${PREV_TEST_STATUS}': 'PASS', '${process}': 'None', '${pyfile}': '/home/runner/work/rfswarm/rfswarm/rfswarm_reporter/rfswarm_reporter.py', '${REPORT_FILE}': '/home/runner/work/rfswarm/rfswarm/Tests/Regression/Reporter/Logs/ubuntu-latest_3.10/report.html', '${SPACE}': ' ', '${sssleep}': '0.5', '${SUITE_DOCUMENTATION}': '', '${SUITE_NAME}': 'Reporter.GUI Basic', '${SUITE_SOURCE}': '/home/runner/work/rfswarm/rfswarm/Tests/Regression/Reporter/GUI_Basic.robot', '${TEMPDIR}': '/tmp', '${TEST_DOCUMENTATION}': '', '${TEST_NAME}': 'GUI Runs and Closes', '${True}': True, '&amp;{OPTIONS}': {'include': ['ubuntu-latest'], 'exclude': [], 'skip': [], 'skip_on_failure': []}, '&amp;{SUITE_METADATA}': &lt;robot.utils.normalizing.NormalizedDict object at 0x7f6351ff9b40&gt;, '@{appargs}': [], '@{TEST_TAGS}': ['macos-latest', 'ubuntu-latest', 'windows-latest']}</msg>
<status status="PASS" starttime="20230604 03:08:33.275" endtime="20230604 03:08:33.276"/>
</kw>
<kw name="Get Platform">
<kw name="Create Dictionary" library="BuiltIn">
<var>&amp;{platforms}</var>
<arg>Linux=ubuntu</arg>
<arg>Darwin=macos</arg>
<arg>Java=notsupported</arg>
<arg>Windows=windows</arg>
<doc>Creates and returns a dictionary based on the given ``items``.</doc>
<msg timestamp="20230604 03:08:33.276" level="INFO">&amp;{platforms} = { Linux=ubuntu | Darwin=macos | Java=notsupported | Windows=windows }</msg>
<status status="PASS" starttime="20230604 03:08:33.276" endtime="20230604 03:08:33.276"/>
</kw>
<kw name="Evaluate" library="BuiltIn">
<var>${os}</var>
<arg>platform.system()</arg>
<arg>platform</arg>
<doc>Evaluates the given expression in Python and returns the result.</doc>
<msg timestamp="20230604 03:08:33.277" level="INFO">${os} = Linux</msg>
<status status="PASS" starttime="20230604 03:08:33.276" endtime="20230604 03:08:33.277"/>
</kw>
<kw name="Set Suite Variable" library="BuiltIn">
<arg>${platform}</arg>
<arg>${platforms}[${os}]</arg>
<doc>Makes a variable available everywhere within the scope of the current suite.</doc>
<msg timestamp="20230604 03:08:33.278" level="INFO">${platform} = ubuntu</msg>
<status status="PASS" starttime="20230604 03:08:33.277" endtime="20230604 03:08:33.278"/>
</kw>
<status status="PASS" starttime="20230604 03:08:33.276" endtime="20230604 03:08:33.278"/>
</kw>
<kw name="Set Variable" library="BuiltIn">
<var>${keyword}</var>
<arg>Open GUI ${platform}</arg>
<doc>Returns the given values which can then be assigned to a variables.</doc>
<msg timestamp="20230604 03:08:33.278" level="INFO">${keyword} = Open GUI ubuntu</msg>
<status status="PASS" starttime="20230604 03:08:33.278" endtime="20230604 03:08:33.278"/>
</kw>
<kw name="Run Keyword" library="BuiltIn">
<arg>${keyword}</arg>
<arg>@{appargs}</arg>
<doc>Executes the given keyword with the given arguments.</doc>
<kw name="Open GUI ubuntu">
<arg>@{appargs}</arg>
<kw name="Set Suite Variable" library="BuiltIn">
<arg>${platform}</arg>
<arg>ubuntu</arg>
<doc>Makes a variable available everywhere within the scope of the current suite.</doc>
<msg timestamp="20230604 03:08:33.283" level="INFO">${platform} = ubuntu</msg>
<status status="PASS" starttime="20230604 03:08:33.283" endtime="20230604 03:08:33.283"/>
</kw>
<kw name="Set Confidence" library="ImageHorizonLibrary">
<arg>0.9</arg>
<doc>Sets the accuracy when finding images.</doc>
<status status="PASS" starttime="20230604 03:08:33.283" endtime="20230604 03:08:33.283"/>
</kw>
<kw name="Start Process" library="Process">
<var>${process}</var>
<arg>python3</arg>
<arg>${pyfile}</arg>
<arg>-g</arg>
<arg>6</arg>
<arg>@{appargs}</arg>
<arg>alias=Reporter</arg>
<arg>stdout=${OUTPUT DIR}${/}stdout.txt</arg>
<arg>stderr=${OUTPUT DIR}${/}stderr.txt</arg>
<doc>Starts a new process on background.</doc>
<msg timestamp="20230604 03:08:33.284" level="INFO">Starting process:
python3 /home/runner/work/rfswarm/rfswarm/rfswarm_reporter/rfswarm_reporter.py -g 6</msg>
<msg timestamp="20230604 03:08:33.289" level="INFO">${process} = &lt;Popen: returncode: None args: ['python3', '/home/runner/work/rfswarm/rfswar...&gt;</msg>
<status status="PASS" starttime="20230604 03:08:33.283" endtime="20230604 03:08:33.289"/>
</kw>
<kw name="Set Suite Variable" library="BuiltIn">
<arg>$process</arg>
<arg>${process}</arg>
<doc>Makes a variable available everywhere within the scope of the current suite.</doc>
<msg timestamp="20230604 03:08:33.290" level="INFO">${process} = &lt;Popen: returncode: None args: ['python3', '/home/runner/work/rfswarm/rfswar...&gt;</msg>
<status status="PASS" starttime="20230604 03:08:33.289" endtime="20230604 03:08:33.290"/>
</kw>
<kw name="Set Screenshot Folder" library="ImageHorizonLibrary">
<arg>${OUTPUT DIR}</arg>
<doc>Sets the folder where screenshots are saved to.</doc>
<status status="PASS" starttime="20230604 03:08:33.290" endtime="20230604 03:08:33.290"/>
</kw>
<kw name="Take A Screenshot" library="ImageHorizonLibrary">
<doc>Takes a screenshot of the screen.</doc>
<msg timestamp="20230604 03:08:33.290" level="INFO" html="true">Screenshot taken: /home/runner/work/rfswarm/rfswarm/Tests/Regression/Reporter/Logs/ubuntu-latest_3.10/Reporter.GUIBasic-screenshot-1.png&lt;br/&gt;&lt;img src="/home/runner/work/rfswarm/rfswarm/Tests/Regression/Reporter/Logs/ubuntu-latest_3.10/Reporter.GUIBasic-screenshot-1.png" width="100%" /&gt;</msg>
<status status="PASS" starttime="20230604 03:08:33.290" endtime="20230604 03:08:33.417"/>
</kw>
<status status="PASS" starttime="20230604 03:08:33.282" endtime="20230604 03:08:33.418"/>
</kw>
<status status="PASS" starttime="20230604 03:08:33.278" endtime="20230604 03:08:33.418"/>
</kw>
<status status="PASS" starttime="20230604 03:08:33.273" endtime="20230604 03:08:33.418"/>
</kw>
<kw name="Wait For Status">
<arg>PreviewLoaded</arg>
<kw name="Convert To Lower Case" library="String">
<var>${statusl}</var>
<arg>${status}</arg>
<doc>Converts string to lower case.</doc>
<msg timestamp="20230604 03:08:33.419" level="INFO">${statusl} = previewloaded</msg>
<status status="PASS" starttime="20230604 03:08:33.418" endtime="20230604 03:08:33.419"/>
</kw>
<kw name="Set Variable" library="BuiltIn">
<var>${img}</var>
<arg>reporter_${platform}_status_${statusl}.png</arg>
<doc>Returns the given values which can then be assigned to a variables.</doc>
<msg timestamp="20230604 03:08:33.419" level="INFO">${img} = reporter_ubuntu_status_previewloaded.png</msg>
<status status="PASS" starttime="20230604 03:08:33.419" endtime="20230604 03:08:33.419"/>
</kw>
<kw name="Log" library="BuiltIn">
<arg>/home/runner/work/rfswarm/rfswarm/Tests/Regression/Reporter</arg>
<doc>Logs the given message with the given level.</doc>
<msg timestamp="20230604 03:08:33.419" level="INFO">/home/runner/work/rfswarm/rfswarm/Tests/Regression/Reporter</msg>
<status status="PASS" starttime="20230604 03:08:33.419" endtime="20230604 03:08:33.419"/>
</kw>
<kw name="Log" library="BuiltIn">
<arg>${IMAGE_DIR}</arg>
<doc>Logs the given message with the given level.</doc>
<msg timestamp="20230604 03:08:33.420" level="INFO">/home/runner/work/rfswarm/rfswarm/Tests/Regression/Reporter/Images/file_method</msg>
<status status="PASS" starttime="20230604 03:08:33.419" endtime="20230604 03:08:33.420"/>
</kw>
<kw name="Wait For" library="ImageHorizonLibrary">
<arg>${img}</arg>
<arg>timeout=${timeout}</arg>
<doc>Tries to locate given image from the screen for given time.</doc>
<msg timestamp="20230604 03:08:44.925" level="INFO">Image "reporter_ubuntu_status_previewloaded.png" found at (59, 435)</msg>
<status status="PASS" starttime="20230604 03:08:33.420" endtime="20230604 03:08:44.926"/>
</kw>
<kw name="Sleep" library="BuiltIn">
<arg>${sssleep}</arg>
<doc>Pauses the test executed for the given time.</doc>
<msg timestamp="20230604 03:08:45.426" level="INFO">Slept 500 milliseconds</msg>
<status status="PASS" starttime="20230604 03:08:44.926" endtime="20230604 03:08:45.426"/>
</kw>
<kw name="Take A Screenshot" library="ImageHorizonLibrary">
<doc>Takes a screenshot of the screen.</doc>
<msg timestamp="20230604 03:08:45.427" level="INFO" html="true">Screenshot taken: /home/runner/work/rfswarm/rfswarm/Tests/Regression/Reporter/Logs/ubuntu-latest_3.10/Reporter.GUIBasic-screenshot-2.png&lt;br/&gt;&lt;img src="/home/runner/work/rfswarm/rfswarm/Tests/Regression/Reporter/Logs/ubuntu-latest_3.10/Reporter.GUIBasic-screenshot-2.png" width="100%" /&gt;</msg>
<status status="PASS" starttime="20230604 03:08:45.427" endtime="20230604 03:08:45.553"/>
</kw>
<status status="PASS" starttime="20230604 03:08:33.418" endtime="20230604 03:08:45.553"/>
</kw>
<kw name="Close GUI" type="TEARDOWN">
<kw name="Set Variable" library="BuiltIn">
<var>${keyword}</var>
<arg>Close GUI ${platform}</arg>
<doc>Returns the given values which can then be assigned to a variables.</doc>
<msg timestamp="20230604 03:08:45.554" level="INFO">${keyword} = Close GUI ubuntu</msg>
<status status="PASS" starttime="20230604 03:08:45.554" endtime="20230604 03:08:45.554"/>
</kw>
<if>
<branch type="IF" condition="${process}">
<kw name="Is Process Running" library="Process">
<var>${running}</var>
<arg>${process}</arg>
<doc>Checks is the process running or not.</doc>
<msg timestamp="20230604 03:08:45.554" level="INFO">${running} = True</msg>
<status status="PASS" starttime="20230604 03:08:45.554" endtime="20230604 03:08:45.554"/>
</kw>
<if>
<branch type="IF" condition="${running}">
<kw name="Run Keyword" library="BuiltIn">
<arg>${keyword}</arg>
<doc>Executes the given keyword with the given arguments.</doc>
<kw name="Close GUI ubuntu">
<kw name="Click Image" library="ImageHorizonLibrary">
<arg>reporter_${platform}_button_closewindow.png</arg>
<doc>Finds the reference image on screen and clicks it once.</doc>
<msg timestamp="20230604 03:08:45.839" level="INFO">Image "/home/runner/work/rfswarm/rfswarm/Tests/Regression/Reporter/Images/file_method/reporter_ubuntu_button_closewindow.png" found at Box(left=781, top=0, width=21, height=23)</msg>
<msg timestamp="20230604 03:08:45.839" level="INFO">Clicking image "reporter_ubuntu_button_closewindow.png" in position (791, 11)</msg>
<status status="PASS" starttime="20230604 03:08:45.559" endtime="20230604 03:08:45.942"/>
</kw>
<kw name="Take A Screenshot" library="ImageHorizonLibrary">
<doc>Takes a screenshot of the screen.</doc>
<msg timestamp="20230604 03:08:45.942" level="INFO" html="true">Screenshot taken: /home/runner/work/rfswarm/rfswarm/Tests/Regression/Reporter/Logs/ubuntu-latest_3.10/Reporter.GUIBasic-screenshot-3.png&lt;br/&gt;&lt;img src="/home/runner/work/rfswarm/rfswarm/Tests/Regression/Reporter/Logs/ubuntu-latest_3.10/Reporter.GUIBasic-screenshot-3.png" width="100%" /&gt;</msg>
<status status="PASS" starttime="20230604 03:08:45.942" endtime="20230604 03:08:46.065"/>
</kw>
<kw name="Sleep" library="BuiltIn">
<arg>0.5</arg>
<doc>Pauses the test executed for the given time.</doc>
<msg timestamp="20230604 03:08:46.566" level="INFO">Slept 500 milliseconds</msg>
<status status="PASS" starttime="20230604 03:08:46.065" endtime="20230604 03:08:46.566"/>
</kw>
<kw name="End Process If Still Running">
<kw name="Wait For Process" library="Process">
<var>${result}</var>
<arg>${process}</arg>
<arg>timeout=60</arg>
<doc>Waits for the process to complete or to reach the given timeout.</doc>
<msg timestamp="20230604 03:08:46.567" level="INFO">Waiting for process to complete.</msg>
<msg timestamp="20230604 03:08:46.567" level="INFO">Process completed.</msg>
<msg timestamp="20230604 03:08:46.567" level="INFO">${result} = &lt;result object with rc 0&gt;</msg>
<status status="PASS" starttime="20230604 03:08:46.567" endtime="20230604 03:08:46.567"/>
</kw>
<kw name="Is Process Running" library="Process">
<var>${running}</var>
<arg>${process}</arg>
<doc>Checks is the process running or not.</doc>
<msg timestamp="20230604 03:08:46.568" level="INFO">${running} = False</msg>
<status status="PASS" starttime="20230604 03:08:46.567" endtime="20230604 03:08:46.568"/>
</kw>
<if>
<branch type="IF" condition="not ${running}">
<kw name="Check Result">
<arg>${result}</arg>
<kw name="Log" library="BuiltIn">
<arg>${result.stderr}</arg>
<doc>Logs the given message with the given level.</doc>
<msg timestamp="20230604 03:08:46.569" level="INFO"/>
<status status="PASS" starttime="20230604 03:08:46.568" endtime="20230604 03:08:46.569"/>
</kw>
<kw name="Should Not Contain" library="BuiltIn">
<arg>${result.stderr}</arg>
<arg>Traceback</arg>
<doc>Fails if ``container`` contains ``item`` one or more times.</doc>
<status status="PASS" starttime="20230604 03:08:46.569" endtime="20230604 03:08:46.570"/>
</kw>
<kw name="Should Be Equal As Integers" library="BuiltIn">
<arg>${result.rc}</arg>
<arg>0</arg>
<doc>Fails if objects are unequal after converting them to integers.</doc>
<msg timestamp="20230604 03:08:46.571" level="INFO">Argument types are:
&lt;class 'int'&gt;
&lt;class 'str'&gt;</msg>
<status status="PASS" starttime="20230604 03:08:46.570" endtime="20230604 03:08:46.571"/>
</kw>
<status status="PASS" starttime="20230604 03:08:46.568" endtime="20230604 03:08:46.571"/>
</kw>
<status status="PASS" starttime="20230604 03:08:46.568" endtime="20230604 03:08:46.571"/>
</branch>
<branch type="ELSE">
<kw name="Take A Screenshot" library="ImageHorizonLibrary">
<doc>Takes a screenshot of the screen.</doc>
<status status="NOT RUN" starttime="20230604 03:08:46.571" endtime="20230604 03:08:46.571"/>
</kw>
<kw name="Terminate Process" library="Process">
<var>${result}</var>
<arg>${process}</arg>
<doc>Stops the process gracefully or forcefully.</doc>
<status status="NOT RUN" starttime="20230604 03:08:46.571" endtime="20230604 03:08:46.571"/>
</kw>
<kw name="Check Result">
<arg>${result}</arg>
<status status="NOT RUN" starttime="20230604 03:08:46.571" endtime="20230604 03:08:46.572"/>
</kw>
<kw name="Fail" library="BuiltIn">
<arg>Had to Terminate Process</arg>
<doc>Fails the test with the given message and optionally alters its tags.</doc>
<status status="NOT RUN" starttime="20230604 03:08:46.572" endtime="20230604 03:08:46.572"/>
</kw>
<status status="NOT RUN" starttime="20230604 03:08:46.571" endtime="20230604 03:08:46.572"/>
</branch>
<status status="PASS" starttime="20230604 03:08:46.568" endtime="20230604 03:08:46.572"/>
</if>
<status status="PASS" starttime="20230604 03:08:46.566" endtime="20230604 03:08:46.572"/>
</kw>
<status status="PASS" starttime="20230604 03:08:45.559" endtime="20230604 03:08:46.572"/>
</kw>
<status status="PASS" starttime="20230604 03:08:45.555" endtime="20230604 03:08:46.572"/>
</kw>
<status status="PASS" starttime="20230604 03:08:45.555" endtime="20230604 03:08:46.572"/>
</branch>
<branch type="ELSE">
<kw name="Wait For Process" library="Process">
<var>${result}</var>
<arg>${process}</arg>
<arg>timeout=60</arg>
<doc>Waits for the process to complete or to reach the given timeout.</doc>
<status status="NOT RUN" starttime="20230604 03:08:46.572" endtime="20230604 03:08:46.572"/>
</kw>
<kw name="Check Result">
<arg>${result}</arg>
<status status="NOT RUN" starttime="20230604 03:08:46.572" endtime="20230604 03:08:46.572"/>
</kw>
<status status="NOT RUN" starttime="20230604 03:08:46.572" endtime="20230604 03:08:46.572"/>
</branch>
<status status="PASS" starttime="20230604 03:08:45.555" endtime="20230604 03:08:46.572"/>
</if>
<status status="PASS" starttime="20230604 03:08:45.554" endtime="20230604 03:08:46.572"/>
</branch>
<status status="PASS" starttime="20230604 03:08:45.554" endtime="20230604 03:08:46.572"/>
</if>
<kw name="Set Suite Variable" library="BuiltIn">
<arg>$process</arg>
<arg>None</arg>
<doc>Makes a variable available everywhere within the scope of the current suite.</doc>
<msg timestamp="20230604 03:08:46.573" level="INFO">${process} = None</msg>
<status status="PASS" starttime="20230604 03:08:46.573" endtime="20230604 03:08:46.573"/>
</kw>
<kw name="Sleep" library="BuiltIn">
<arg>0.5</arg>
<doc>Pauses the test executed for the given time.</doc>
<msg timestamp="20230604 03:08:47.073" level="INFO">Slept 500 milliseconds</msg>
<status status="PASS" starttime="20230604 03:08:46.573" endtime="20230604 03:08:47.074"/>
</kw>
<status status="PASS" starttime="20230604 03:08:45.553" endtime="20230604 03:08:47.074"/>
</kw>
<tag>macos-latest</tag>
<tag>ubuntu-latest</tag>
<tag>windows-latest</tag>
<status status="PASS" starttime="20230604 03:08:33.273" endtime="20230604 03:08:47.074"/>
</test>
<test id="s1-s2-t2" name="Select Preview Tab" line="25">
<kw name="Open GUI">
<kw name="Get Variables" library="BuiltIn">
<var>${var}</var>
<doc>Returns a dictionary containing all variables in the current scope.</doc>
<msg timestamp="20230604 03:08:47.076" level="INFO">${var} = {'${/}': '/', '${:}': ':', '${\\n}': '\n', '${DEBUG_FILE}': 'NONE', '${EXECDIR}': '/home/runner/work/rfswarm/rfswarm', '${False}': False, '${IMAGE_DIR}': '/home/runner/work/rfswarm/rfswarm/Tests/Regre...</msg>
<status status="PASS" starttime="20230604 03:08:47.075" endtime="20230604 03:08:47.076"/>
</kw>
<kw name="Log" library="BuiltIn">
<arg>${var}</arg>
<doc>Logs the given message with the given level.</doc>
<msg timestamp="20230604 03:08:47.076" level="INFO">{'${/}': '/', '${:}': ':', '${\\n}': '\n', '${DEBUG_FILE}': 'NONE', '${EXECDIR}': '/home/runner/work/rfswarm/rfswarm', '${False}': False, '${IMAGE_DIR}': '/home/runner/work/rfswarm/rfswarm/Tests/Regression/Reporter/Images/file_method', '${LOG_FILE}': '/home/runner/work/rfswarm/rfswarm/Tests/Regression/Reporter/Logs/ubuntu-latest_3.10/log.html', '${LOG_LEVEL}': 'INFO', '${None}': None, '${null}': None, '${OUTPUT_DIR}': '/home/runner/work/rfswarm/rfswarm/Tests/Regression/Reporter/Logs/ubuntu-latest_3.10', '${OUTPUT_FILE}': '/home/runner/work/rfswarm/rfswarm/Tests/Regression/Reporter/Logs/ubuntu-latest_3.10/output.xml', '${platform}': 'ubuntu', '${PREV_TEST_MESSAGE}': '', '${PREV_TEST_NAME}': 'GUI Runs and Closes', '${PREV_TEST_STATUS}': 'PASS', '${process}': 'None', '${pyfile}': '/home/runner/work/rfswarm/rfswarm/rfswarm_reporter/rfswarm_reporter.py', '${REPORT_FILE}': '/home/runner/work/rfswarm/rfswarm/Tests/Regression/Reporter/Logs/ubuntu-latest_3.10/report.html', '${SPACE}': ' ', '${sssleep}': '0.5', '${SUITE_DOCUMENTATION}': '', '${SUITE_NAME}': 'Reporter.GUI Basic', '${SUITE_SOURCE}': '/home/runner/work/rfswarm/rfswarm/Tests/Regression/Reporter/GUI_Basic.robot', '${TEMPDIR}': '/tmp', '${TEST_DOCUMENTATION}': '', '${TEST_NAME}': 'Select Preview Tab', '${True}': True, '&amp;{OPTIONS}': {'include': ['ubuntu-latest'], 'exclude': [], 'skip': [], 'skip_on_failure': []}, '&amp;{SUITE_METADATA}': &lt;robot.utils.normalizing.NormalizedDict object at 0x7f6351ff9b40&gt;, '@{appargs}': [], '@{TEST_TAGS}': ['macos-latest', 'ubuntu-latest', 'windows-latest']}</msg>
<status status="PASS" starttime="20230604 03:08:47.076" endtime="20230604 03:08:47.076"/>
</kw>
<kw name="Get Platform">
<kw name="Create Dictionary" library="BuiltIn">
<var>&amp;{platforms}</var>
<arg>Linux=ubuntu</arg>
<arg>Darwin=macos</arg>
<arg>Java=notsupported</arg>
<arg>Windows=windows</arg>
<doc>Creates and returns a dictionary based on the given ``items``.</doc>
<msg timestamp="20230604 03:08:47.077" level="INFO">&amp;{platforms} = { Linux=ubuntu | Darwin=macos | Java=notsupported | Windows=windows }</msg>
<status status="PASS" starttime="20230604 03:08:47.077" endtime="20230604 03:08:47.077"/>
</kw>
<kw name="Evaluate" library="BuiltIn">
<var>${os}</var>
<arg>platform.system()</arg>
<arg>platform</arg>
<doc>Evaluates the given expression in Python and returns the result.</doc>
<msg timestamp="20230604 03:08:47.077" level="INFO">${os} = Linux</msg>
<status status="PASS" starttime="20230604 03:08:47.077" endtime="20230604 03:08:47.077"/>
</kw>
<kw name="Set Suite Variable" library="BuiltIn">
<arg>${platform}</arg>
<arg>${platforms}[${os}]</arg>
<doc>Makes a variable available everywhere within the scope of the current suite.</doc>
<msg timestamp="20230604 03:08:47.078" level="INFO">${platform} = ubuntu</msg>
<status status="PASS" starttime="20230604 03:08:47.077" endtime="20230604 03:08:47.078"/>
</kw>
<status status="PASS" starttime="20230604 03:08:47.076" endtime="20230604 03:08:47.078"/>
</kw>
<kw name="Set Variable" library="BuiltIn">
<var>${keyword}</var>
<arg>Open GUI ${platform}</arg>
<doc>Returns the given values which can then be assigned to a variables.</doc>
<msg timestamp="20230604 03:08:47.078" level="INFO">${keyword} = Open GUI ubuntu</msg>
<status status="PASS" starttime="20230604 03:08:47.078" endtime="20230604 03:08:47.078"/>
</kw>
<kw name="Run Keyword" library="BuiltIn">
<arg>${keyword}</arg>
<arg>@{appargs}</arg>
<doc>Executes the given keyword with the given arguments.</doc>
<kw name="Open GUI ubuntu">
<arg>@{appargs}</arg>
<kw name="Set Suite Variable" library="BuiltIn">
<arg>${platform}</arg>
<arg>ubuntu</arg>
<doc>Makes a variable available everywhere within the scope of the current suite.</doc>
<msg timestamp="20230604 03:08:47.083" level="INFO">${platform} = ubuntu</msg>
<status status="PASS" starttime="20230604 03:08:47.082" endtime="20230604 03:08:47.083"/>
</kw>
<kw name="Set Confidence" library="ImageHorizonLibrary">
<arg>0.9</arg>
<doc>Sets the accuracy when finding images.</doc>
<status status="PASS" starttime="20230604 03:08:47.083" endtime="20230604 03:08:47.083"/>
</kw>
<kw name="Start Process" library="Process">
<var>${process}</var>
<arg>python3</arg>
<arg>${pyfile}</arg>
<arg>-g</arg>
<arg>6</arg>
<arg>@{appargs}</arg>
<arg>alias=Reporter</arg>
<arg>stdout=${OUTPUT DIR}${/}stdout.txt</arg>
<arg>stderr=${OUTPUT DIR}${/}stderr.txt</arg>
<doc>Starts a new process on background.</doc>
<msg timestamp="20230604 03:08:47.084" level="INFO">Starting process:
python3 /home/runner/work/rfswarm/rfswarm/rfswarm_reporter/rfswarm_reporter.py -g 6</msg>
<msg timestamp="20230604 03:08:47.088" level="INFO">${process} = &lt;Popen: returncode: None args: ['python3', '/home/runner/work/rfswarm/rfswar...&gt;</msg>
<status status="PASS" starttime="20230604 03:08:47.083" endtime="20230604 03:08:47.089"/>
</kw>
<kw name="Set Suite Variable" library="BuiltIn">
<arg>$process</arg>
<arg>${process}</arg>
<doc>Makes a variable available everywhere within the scope of the current suite.</doc>
<msg timestamp="20230604 03:08:47.089" level="INFO">${process} = &lt;Popen: returncode: None args: ['python3', '/home/runner/work/rfswarm/rfswar...&gt;</msg>
<status status="PASS" starttime="20230604 03:08:47.089" endtime="20230604 03:08:47.090"/>
</kw>
<kw name="Set Screenshot Folder" library="ImageHorizonLibrary">
<arg>${OUTPUT DIR}</arg>
<doc>Sets the folder where screenshots are saved to.</doc>
<status status="PASS" starttime="20230604 03:08:47.090" endtime="20230604 03:08:47.090"/>
</kw>
<kw name="Take A Screenshot" library="ImageHorizonLibrary">
<doc>Takes a screenshot of the screen.</doc>
<msg timestamp="20230604 03:08:47.090" level="INFO" html="true">Screenshot taken: /home/runner/work/rfswarm/rfswarm/Tests/Regression/Reporter/Logs/ubuntu-latest_3.10/Reporter.GUIBasic-screenshot-4.png&lt;br/&gt;&lt;img src="/home/runner/work/rfswarm/rfswarm/Tests/Regression/Reporter/Logs/ubuntu-latest_3.10/Reporter.GUIBasic-screenshot-4.png" width="100%" /&gt;</msg>
<status status="PASS" starttime="20230604 03:08:47.090" endtime="20230604 03:08:47.212"/>
</kw>
<status status="PASS" starttime="20230604 03:08:47.082" endtime="20230604 03:08:47.212"/>
</kw>
<status status="PASS" starttime="20230604 03:08:47.078" endtime="20230604 03:08:47.212"/>
</kw>
<status status="PASS" starttime="20230604 03:08:47.075" endtime="20230604 03:08:47.213"/>
</kw>
<kw name="Wait For Status">
<arg>PreviewLoaded</arg>
<kw name="Convert To Lower Case" library="String">
<var>${statusl}</var>
<arg>${status}</arg>
<doc>Converts string to lower case.</doc>
<msg timestamp="20230604 03:08:47.213" level="INFO">${statusl} = previewloaded</msg>
<status status="PASS" starttime="20230604 03:08:47.213" endtime="20230604 03:08:47.213"/>
</kw>
<kw name="Set Variable" library="BuiltIn">
<var>${img}</var>
<arg>reporter_${platform}_status_${statusl}.png</arg>
<doc>Returns the given values which can then be assigned to a variables.</doc>
<msg timestamp="20230604 03:08:47.214" level="INFO">${img} = reporter_ubuntu_status_previewloaded.png</msg>
<status status="PASS" starttime="20230604 03:08:47.214" endtime="20230604 03:08:47.214"/>
</kw>
<kw name="Log" library="BuiltIn">
<arg>/home/runner/work/rfswarm/rfswarm/Tests/Regression/Reporter</arg>
<doc>Logs the given message with the given level.</doc>
<msg timestamp="20230604 03:08:47.214" level="INFO">/home/runner/work/rfswarm/rfswarm/Tests/Regression/Reporter</msg>
<status status="PASS" starttime="20230604 03:08:47.214" endtime="20230604 03:08:47.214"/>
</kw>
<kw name="Log" library="BuiltIn">
<arg>${IMAGE_DIR}</arg>
<doc>Logs the given message with the given level.</doc>
<msg timestamp="20230604 03:08:47.214" level="INFO">/home/runner/work/rfswarm/rfswarm/Tests/Regression/Reporter/Images/file_method</msg>
<status status="PASS" starttime="20230604 03:08:47.214" endtime="20230604 03:08:47.214"/>
</kw>
<kw name="Wait For" library="ImageHorizonLibrary">
<arg>${img}</arg>
<arg>timeout=${timeout}</arg>
<doc>Tries to locate given image from the screen for given time.</doc>
<msg timestamp="20230604 03:08:57.822" level="INFO">Image "reporter_ubuntu_status_previewloaded.png" found at (59, 435)</msg>
<status status="PASS" starttime="20230604 03:08:47.214" endtime="20230604 03:08:57.823"/>
</kw>
<kw name="Sleep" library="BuiltIn">
<arg>${sssleep}</arg>
<doc>Pauses the test executed for the given time.</doc>
<msg timestamp="20230604 03:08:58.323" level="INFO">Slept 500 milliseconds</msg>
<status status="PASS" starttime="20230604 03:08:57.823" endtime="20230604 03:08:58.324"/>
</kw>
<kw name="Take A Screenshot" library="ImageHorizonLibrary">
<doc>Takes a screenshot of the screen.</doc>
<msg timestamp="20230604 03:08:58.324" level="INFO" html="true">Screenshot taken: /home/runner/work/rfswarm/rfswarm/Tests/Regression/Reporter/Logs/ubuntu-latest_3.10/Reporter.GUIBasic-screenshot-5.png&lt;br/&gt;&lt;img src="/home/runner/work/rfswarm/rfswarm/Tests/Regression/Reporter/Logs/ubuntu-latest_3.10/Reporter.GUIBasic-screenshot-5.png" width="100%" /&gt;</msg>
<status status="PASS" starttime="20230604 03:08:58.324" endtime="20230604 03:08:58.450"/>
</kw>
<status status="PASS" starttime="20230604 03:08:47.213" endtime="20230604 03:08:58.450"/>
</kw>
<kw name="Click Tab">
<arg>Preview</arg>
<kw name="Convert To Lower Case" library="String">
<var>${tabnamel}</var>
<arg>${tabname}</arg>
<doc>Converts string to lower case.</doc>
<msg timestamp="20230604 03:08:58.451" level="INFO">${tabnamel} = preview</msg>
<status status="PASS" starttime="20230604 03:08:58.451" endtime="20230604 03:08:58.451"/>
</kw>
<kw name="Set Variable" library="BuiltIn">
<var>${img}</var>
<arg>reporter_${platform}_tab_${tabnamel}.png</arg>
<doc>Returns the given values which can then be assigned to a variables.</doc>
<msg timestamp="20230604 03:08:58.451" level="INFO">${img} = reporter_ubuntu_tab_preview.png</msg>
<status status="PASS" starttime="20230604 03:08:58.451" endtime="20230604 03:08:58.451"/>
</kw>
<kw name="Log" library="BuiltIn">
<arg>/home/runner/work/rfswarm/rfswarm/Tests/Regression/Reporter</arg>
<doc>Logs the given message with the given level.</doc>
<msg timestamp="20230604 03:08:58.452" level="INFO">/home/runner/work/rfswarm/rfswarm/Tests/Regression/Reporter</msg>
<status status="PASS" starttime="20230604 03:08:58.452" endtime="20230604 03:08:58.452"/>
</kw>
<kw name="Log" library="BuiltIn">
<arg>${IMAGE_DIR}</arg>
<doc>Logs the given message with the given level.</doc>
<msg timestamp="20230604 03:08:58.452" level="INFO">/home/runner/work/rfswarm/rfswarm/Tests/Regression/Reporter/Images/file_method</msg>
<status status="PASS" starttime="20230604 03:08:58.452" endtime="20230604 03:08:58.452"/>
</kw>
<kw name="Wait For" library="ImageHorizonLibrary">
<arg>${img}</arg>
<arg>timeout=300</arg>
<doc>Tries to locate given image from the screen for given time.</doc>
<msg timestamp="20230604 03:08:58.735" level="INFO">Image "reporter_ubuntu_tab_preview.png" found at (268, 93)</msg>
<status status="PASS" starttime="20230604 03:08:58.452" endtime="20230604 03:08:58.735"/>
</kw>
<kw name="Locate" library="ImageHorizonLibrary">
<var>@{coordinates}</var>
<arg>${img}</arg>
<doc>Locate image on screen.</doc>
<msg timestamp="20230604 03:08:59.017" level="INFO">Image "/home/runner/work/rfswarm/rfswarm/Tests/Regression/Reporter/Images/file_method/reporter_ubuntu_tab_preview.png" found at Box(left=229, top=79, width=78, height=29)</msg>
<msg timestamp="20230604 03:08:59.017" level="INFO">@{coordinates} = [ 268 | 93 ]</msg>
<status status="PASS" starttime="20230604 03:08:58.735" endtime="20230604 03:08:59.017"/>
</kw>
<kw name="Click Image" library="ImageHorizonLibrary">
<arg>${img}</arg>
<doc>Finds the reference image on screen and clicks it once.</doc>
<msg timestamp="20230604 03:08:59.298" level="INFO">Image "/home/runner/work/rfswarm/rfswarm/Tests/Regression/Reporter/Images/file_method/reporter_ubuntu_tab_preview.png" found at Box(left=229, top=79, width=78, height=29)</msg>
<msg timestamp="20230604 03:08:59.298" level="INFO">Clicking image "reporter_ubuntu_tab_preview.png" in position (268, 93)</msg>
<status status="PASS" starttime="20230604 03:08:59.017" endtime="20230604 03:08:59.401"/>
</kw>
<kw name="Sleep" library="BuiltIn">
<arg>${sssleep}</arg>
<doc>Pauses the test executed for the given time.</doc>
<msg timestamp="20230604 03:08:59.902" level="INFO">Slept 500 milliseconds</msg>
<status status="PASS" starttime="20230604 03:08:59.401" endtime="20230604 03:08:59.902"/>
</kw>
<kw name="Take A Screenshot" library="ImageHorizonLibrary">
<doc>Takes a screenshot of the screen.</doc>
<msg timestamp="20230604 03:08:59.902" level="INFO" html="true">Screenshot taken: /home/runner/work/rfswarm/rfswarm/Tests/Regression/Reporter/Logs/ubuntu-latest_3.10/Reporter.GUIBasic-screenshot-6.png&lt;br/&gt;&lt;img src="/home/runner/work/rfswarm/rfswarm/Tests/Regression/Reporter/Logs/ubuntu-latest_3.10/Reporter.GUIBasic-screenshot-6.png" width="100%" /&gt;</msg>
<status status="PASS" starttime="20230604 03:08:59.902" endtime="20230604 03:09:00.028"/>
</kw>
<status status="PASS" starttime="20230604 03:08:58.450" endtime="20230604 03:09:00.029"/>
</kw>
<kw name="Close GUI" type="TEARDOWN">
<kw name="Set Variable" library="BuiltIn">
<var>${keyword}</var>
<arg>Close GUI ${platform}</arg>
<doc>Returns the given values which can then be assigned to a variables.</doc>
<msg timestamp="20230604 03:09:00.029" level="INFO">${keyword} = Close GUI ubuntu</msg>
<status status="PASS" starttime="20230604 03:09:00.029" endtime="20230604 03:09:00.029"/>
</kw>
<if>
<branch type="IF" condition="${process}">
<kw name="Is Process Running" library="Process">
<var>${running}</var>
<arg>${process}</arg>
<doc>Checks is the process running or not.</doc>
<msg timestamp="20230604 03:09:00.030" level="INFO">${running} = True</msg>
<status status="PASS" starttime="20230604 03:09:00.030" endtime="20230604 03:09:00.030"/>
</kw>
<if>
<branch type="IF" condition="${running}">
<kw name="Run Keyword" library="BuiltIn">
<arg>${keyword}</arg>
<doc>Executes the given keyword with the given arguments.</doc>
<kw name="Close GUI ubuntu">
<kw name="Click Image" library="ImageHorizonLibrary">
<arg>reporter_${platform}_button_closewindow.png</arg>
<doc>Finds the reference image on screen and clicks it once.</doc>
<msg timestamp="20230604 03:09:00.313" level="INFO">Image "/home/runner/work/rfswarm/rfswarm/Tests/Regression/Reporter/Images/file_method/reporter_ubuntu_button_closewindow.png" found at Box(left=781, top=0, width=21, height=23)</msg>
<msg timestamp="20230604 03:09:00.313" level="INFO">Clicking image "reporter_ubuntu_button_closewindow.png" in position (791, 11)</msg>
<status status="PASS" starttime="20230604 03:09:00.035" endtime="20230604 03:09:00.416"/>
</kw>
<kw name="Take A Screenshot" library="ImageHorizonLibrary">
<doc>Takes a screenshot of the screen.</doc>
<msg timestamp="20230604 03:09:00.416" level="INFO" html="true">Screenshot taken: /home/runner/work/rfswarm/rfswarm/Tests/Regression/Reporter/Logs/ubuntu-latest_3.10/Reporter.GUIBasic-screenshot-7.png&lt;br/&gt;&lt;img src="/home/runner/work/rfswarm/rfswarm/Tests/Regression/Reporter/Logs/ubuntu-latest_3.10/Reporter.GUIBasic-screenshot-7.png" width="100%" /&gt;</msg>
<status status="PASS" starttime="20230604 03:09:00.416" endtime="20230604 03:09:00.541"/>
</kw>
<kw name="Sleep" library="BuiltIn">
<arg>0.5</arg>
<doc>Pauses the test executed for the given time.</doc>
<msg timestamp="20230604 03:09:01.041" level="INFO">Slept 500 milliseconds</msg>
<status status="PASS" starttime="20230604 03:09:00.541" endtime="20230604 03:09:01.042"/>
</kw>
<kw name="End Process If Still Running">
<kw name="Wait For Process" library="Process">
<var>${result}</var>
<arg>${process}</arg>
<arg>timeout=60</arg>
<doc>Waits for the process to complete or to reach the given timeout.</doc>
<msg timestamp="20230604 03:09:01.043" level="INFO">Waiting for process to complete.</msg>
<msg timestamp="20230604 03:09:01.043" level="INFO">Process completed.</msg>
<msg timestamp="20230604 03:09:01.043" level="INFO">${result} = &lt;result object with rc 0&gt;</msg>
<status status="PASS" starttime="20230604 03:09:01.042" endtime="20230604 03:09:01.043"/>
</kw>
<kw name="Is Process Running" library="Process">
<var>${running}</var>
<arg>${process}</arg>
<doc>Checks is the process running or not.</doc>
<msg timestamp="20230604 03:09:01.043" level="INFO">${running} = False</msg>
<status status="PASS" starttime="20230604 03:09:01.043" endtime="20230604 03:09:01.043"/>
</kw>
<if>
<branch type="IF" condition="not ${running}">
<kw name="Check Result">
<arg>${result}</arg>
<kw name="Log" library="BuiltIn">
<arg>${result.stderr}</arg>
<doc>Logs the given message with the given level.</doc>
<msg timestamp="20230604 03:09:01.045" level="INFO"/>
<status status="PASS" starttime="20230604 03:09:01.044" endtime="20230604 03:09:01.045"/>
</kw>
<kw name="Should Not Contain" library="BuiltIn">
<arg>${result.stderr}</arg>
<arg>Traceback</arg>
<doc>Fails if ``container`` contains ``item`` one or more times.</doc>
<status status="PASS" starttime="20230604 03:09:01.045" endtime="20230604 03:09:01.045"/>
</kw>
<kw name="Should Be Equal As Integers" library="BuiltIn">
<arg>${result.rc}</arg>
<arg>0</arg>
<doc>Fails if objects are unequal after converting them to integers.</doc>
<msg timestamp="20230604 03:09:01.046" level="INFO">Argument types are:
&lt;class 'int'&gt;
&lt;class 'str'&gt;</msg>
<status status="PASS" starttime="20230604 03:09:01.046" endtime="20230604 03:09:01.046"/>
</kw>
<status status="PASS" starttime="20230604 03:09:01.044" endtime="20230604 03:09:01.046"/>
</kw>
<status status="PASS" starttime="20230604 03:09:01.044" endtime="20230604 03:09:01.046"/>
</branch>
<branch type="ELSE">
<kw name="Take A Screenshot" library="ImageHorizonLibrary">
<doc>Takes a screenshot of the screen.</doc>
<status status="NOT RUN" starttime="20230604 03:09:01.047" endtime="20230604 03:09:01.047"/>
</kw>
<kw name="Terminate Process" library="Process">
<var>${result}</var>
<arg>${process}</arg>
<doc>Stops the process gracefully or forcefully.</doc>
<status status="NOT RUN" starttime="20230604 03:09:01.047" endtime="20230604 03:09:01.047"/>
</kw>
<kw name="Check Result">
<arg>${result}</arg>
<status status="NOT RUN" starttime="20230604 03:09:01.047" endtime="20230604 03:09:01.047"/>
</kw>
<kw name="Fail" library="BuiltIn">
<arg>Had to Terminate Process</arg>
<doc>Fails the test with the given message and optionally alters its tags.</doc>
<status status="NOT RUN" starttime="20230604 03:09:01.047" endtime="20230604 03:09:01.047"/>
</kw>
<status status="NOT RUN" starttime="20230604 03:09:01.046" endtime="20230604 03:09:01.047"/>
</branch>
<status status="PASS" starttime="20230604 03:09:01.044" endtime="20230604 03:09:01.047"/>
</if>
<status status="PASS" starttime="20230604 03:09:01.042" endtime="20230604 03:09:01.047"/>
</kw>
<status status="PASS" starttime="20230604 03:09:00.034" endtime="20230604 03:09:01.047"/>
</kw>
<status status="PASS" starttime="20230604 03:09:00.030" endtime="20230604 03:09:01.047"/>
</kw>
<status status="PASS" starttime="20230604 03:09:00.030" endtime="20230604 03:09:01.047"/>
</branch>
<branch type="ELSE">
<kw name="Wait For Process" library="Process">
<var>${result}</var>
<arg>${process}</arg>
<arg>timeout=60</arg>
<doc>Waits for the process to complete or to reach the given timeout.</doc>
<status status="NOT RUN" starttime="20230604 03:09:01.047" endtime="20230604 03:09:01.048"/>
</kw>
<kw name="Check Result">
<arg>${result}</arg>
<status status="NOT RUN" starttime="20230604 03:09:01.048" endtime="20230604 03:09:01.048"/>
</kw>
<status status="NOT RUN" starttime="20230604 03:09:01.047" endtime="20230604 03:09:01.048"/>
</branch>
<status status="PASS" starttime="20230604 03:09:00.030" endtime="20230604 03:09:01.048"/>
</if>
<status status="PASS" starttime="20230604 03:09:00.030" endtime="20230604 03:09:01.048"/>
</branch>
<status status="PASS" starttime="20230604 03:09:00.030" endtime="20230604 03:09:01.048"/>
</if>
<kw name="Set Suite Variable" library="BuiltIn">
<arg>$process</arg>
<arg>None</arg>
<doc>Makes a variable available everywhere within the scope of the current suite.</doc>
<msg timestamp="20230604 03:09:01.048" level="INFO">${process} = None</msg>
<status status="PASS" starttime="20230604 03:09:01.048" endtime="20230604 03:09:01.048"/>
</kw>
<kw name="Sleep" library="BuiltIn">
<arg>0.5</arg>
<doc>Pauses the test executed for the given time.</doc>
<msg timestamp="20230604 03:09:01.549" level="INFO">Slept 500 milliseconds</msg>
<status status="PASS" starttime="20230604 03:09:01.048" endtime="20230604 03:09:01.549"/>
</kw>
<status status="PASS" starttime="20230604 03:09:00.029" endtime="20230604 03:09:01.549"/>
</kw>
<tag>macos-latest</tag>
<tag>ubuntu-latest</tag>
<tag>windows-latest</tag>
<status status="PASS" starttime="20230604 03:08:47.074" endtime="20230604 03:09:01.549"/>
</test>
<test id="s1-s2-t3" name="First Run" line="32">
<kw name="Set Variable" library="BuiltIn">
<var>${testdata}</var>
<arg>Issue-#147</arg>
<doc>Returns the given values which can then be assigned to a variables.</doc>
<msg timestamp="20230604 03:09:01.550" level="INFO">${testdata} = Issue-#147</msg>
<status status="PASS" starttime="20230604 03:09:01.550" endtime="20230604 03:09:01.550"/>
</kw>
<kw name="Set Variable" library="BuiltIn">
<var>${resultdata}</var>
<arg>20230320_185055_demo</arg>
<doc>Returns the given values which can then be assigned to a variables.</doc>
<msg timestamp="20230604 03:09:01.550" level="INFO">${resultdata} = 20230320_185055_demo</msg>
<status status="PASS" starttime="20230604 03:09:01.550" endtime="20230604 03:09:01.550"/>
</kw>
<kw name="Set Variable" library="BuiltIn">
<var>${basefolder}</var>
<arg>/home/runner/work/rfswarm/rfswarm/Tests/Regression/Reporter${/}testdata${/}${testdata}</arg>
<doc>Returns the given values which can then be assigned to a variables.</doc>
<msg timestamp="20230604 03:09:01.551" level="INFO">${basefolder} = /home/runner/work/rfswarm/rfswarm/Tests/Regression/Reporter/testdata/Issue-#147</msg>
<status status="PASS" starttime="20230604 03:09:01.551" endtime="20230604 03:09:01.551"/>
</kw>
<kw name="Should Exist" library="OperatingSystem">
<arg>${basefolder}</arg>
<doc>Fails unless the given path (file or directory) exists.</doc>
<msg timestamp="20230604 03:09:01.551" level="INFO" html="true">Path '&lt;a href="file:///home/runner/work/rfswarm/rfswarm/Tests/Regression/Reporter/testdata/Issue-#147"&gt;/home/runner/work/rfswarm/rfswarm/Tests/Regression/Reporter/testdata/Issue-#147&lt;/a&gt;' exists.</msg>
<status status="PASS" starttime="20230604 03:09:01.551" endtime="20230604 03:09:01.551"/>
</kw>
<kw name="Log To Console" library="BuiltIn">
<arg>basefolder: ${basefolder}</arg>
<arg>console=True</arg>
<doc>Logs the given message to the console.</doc>
<status status="PASS" starttime="20230604 03:09:01.551" endtime="20230604 03:09:01.552"/>
</kw>
<kw name="Set Variable" library="BuiltIn">
<var>${resultfolder}</var>
<arg>${basefolder}${/}${resultdata}</arg>
<doc>Returns the given values which can then be assigned to a variables.</doc>
<msg timestamp="20230604 03:09:01.552" level="INFO">${resultfolder} = /home/runner/work/rfswarm/rfswarm/Tests/Regression/Reporter/testdata/Issue-#147/20230320_185055_demo</msg>
<status status="PASS" starttime="20230604 03:09:01.552" endtime="20230604 03:09:01.552"/>
</kw>
<kw name="Should Exist" library="OperatingSystem">
<arg>${resultfolder}</arg>
<doc>Fails unless the given path (file or directory) exists.</doc>
<msg timestamp="20230604 03:09:01.552" level="INFO" html="true">Path '&lt;a href="file:///home/runner/work/rfswarm/rfswarm/Tests/Regression/Reporter/testdata/Issue-#147/20230320_185055_demo"&gt;/home/runner/work/rfswarm/rfswarm/Tests/Regression/Reporter/testdata/Issue-#147/20230320_185055_demo&lt;/a&gt;' exists.</msg>
<status status="PASS" starttime="20230604 03:09:01.552" endtime="20230604 03:09:01.552"/>
</kw>
<kw name="Log" library="BuiltIn">
<arg>resultfolder: ${resultfolder}</arg>
<arg>console=True</arg>
<doc>Logs the given message with the given level.</doc>
[...]
<doc>Logs the given message with the given level.</doc>
<msg timestamp="20230604 03:09:36.094" level="INFO">/home/runner/work/rfswarm/rfswarm/Tests/Regression/Reporter</msg>
<status status="PASS" starttime="20230604 03:09:36.094" endtime="20230604 03:09:36.094"/>
</kw>
<kw name="Log" library="BuiltIn">
<arg>${IMAGE_DIR}</arg>
<doc>Logs the given message with the given level.</doc>
<msg timestamp="20230604 03:09:36.094" level="INFO">/home/runner/work/rfswarm/rfswarm/Tests/Regression/Reporter/Images/file_method</msg>
<status status="PASS" starttime="20230604 03:09:36.094" endtime="20230604 03:09:36.094"/>
</kw>
<kw name="Wait For" library="ImageHorizonLibrary">
<arg>${img}</arg>
<arg>timeout=${timeout}</arg>
<doc>Tries to locate given image from the screen for given time.</doc>
<msg timestamp="20230604 03:09:36.377" level="INFO">Image "reporter_ubuntu_status_previewloaded.png" found at (59, 435)</msg>
<status status="PASS" starttime="20230604 03:09:36.094" endtime="20230604 03:09:36.377"/>
</kw>
<kw name="Sleep" library="BuiltIn">
<arg>${sssleep}</arg>
<doc>Pauses the test executed for the given time.</doc>
<msg timestamp="20230604 03:09:36.878" level="INFO">Slept 500 milliseconds</msg>
<status status="PASS" starttime="20230604 03:09:36.377" endtime="20230604 03:09:36.878"/>
</kw>
<kw name="Take A Screenshot" library="ImageHorizonLibrary">
<doc>Takes a screenshot of the screen.</doc>
<msg timestamp="20230604 03:09:36.879" level="INFO" html="true">Screenshot taken: /home/runner/work/rfswarm/rfswarm/Tests/Regression/Reporter/Logs/ubuntu-latest_3.10/Reporter.GUIBasic-screenshot-27.png&lt;br/&gt;&lt;img src="/home/runner/work/rfswarm/rfswarm/Tests/Regression/Reporter/Logs/ubuntu-latest_3.10/Reporter.GUIBasic-screenshot-27.png" width="100%" /&gt;</msg>
<status status="PASS" starttime="20230604 03:09:36.878" endtime="20230604 03:09:37.005"/>
</kw>
<status status="PASS" starttime="20230604 03:09:36.093" endtime="20230604 03:09:37.005"/>
</kw>
<status status="PASS" starttime="20230604 03:09:36.093" endtime="20230604 03:09:37.005"/>
</kw>
<kw name="Click Button">
<arg>GenerateHTML</arg>
<kw name="Convert To Lower Case" library="String">
<var>${bttnnamel}</var>
<arg>${bttnname}</arg>
<doc>Converts string to lower case.</doc>
<msg timestamp="20230604 03:09:37.006" level="INFO">${bttnnamel} = generatehtml</msg>
<status status="PASS" starttime="20230604 03:09:37.006" endtime="20230604 03:09:37.006"/>
</kw>
<kw name="Set Variable" library="BuiltIn">
<var>${img}</var>
<arg>reporter_${platform}_button_${bttnnamel}.png</arg>
<doc>Returns the given values which can then be assigned to a variables.</doc>
<msg timestamp="20230604 03:09:37.006" level="INFO">${img} = reporter_ubuntu_button_generatehtml.png</msg>
<status status="PASS" starttime="20230604 03:09:37.006" endtime="20230604 03:09:37.006"/>
</kw>
<kw name="Log" library="BuiltIn">
<arg>/home/runner/work/rfswarm/rfswarm/Tests/Regression/Reporter</arg>
<doc>Logs the given message with the given level.</doc>
<msg timestamp="20230604 03:09:37.006" level="INFO">/home/runner/work/rfswarm/rfswarm/Tests/Regression/Reporter</msg>
<status status="PASS" starttime="20230604 03:09:37.006" endtime="20230604 03:09:37.007"/>
</kw>
<kw name="Log" library="BuiltIn">
<arg>${IMAGE_DIR}</arg>
<doc>Logs the given message with the given level.</doc>
<msg timestamp="20230604 03:09:37.007" level="INFO">/home/runner/work/rfswarm/rfswarm/Tests/Regression/Reporter/Images/file_method</msg>
<status status="PASS" starttime="20230604 03:09:37.007" endtime="20230604 03:09:37.007"/>
</kw>
<kw name="Wait For" library="ImageHorizonLibrary">
<arg>${img}</arg>
<arg>timeout=300</arg>
<doc>Tries to locate given image from the screen for given time.</doc>
<msg timestamp="20230604 03:09:37.286" level="INFO">Image "reporter_ubuntu_button_generatehtml.png" found at (733, 68)</msg>
<status status="PASS" starttime="20230604 03:09:37.007" endtime="20230604 03:09:37.286"/>
</kw>
<kw name="Locate" library="ImageHorizonLibrary">
<var>@{coordinates}</var>
<arg>${img}</arg>
<doc>Locate image on screen.</doc>
<msg timestamp="20230604 03:09:37.564" level="INFO">Image "/home/runner/work/rfswarm/rfswarm/Tests/Regression/Reporter/Images/file_method/reporter_ubuntu_button_generatehtml.png" found at Box(left=721, top=54, width=24, height=28)</msg>
<msg timestamp="20230604 03:09:37.565" level="INFO">@{coordinates} = [ 733 | 68 ]</msg>
<status status="PASS" starttime="20230604 03:09:37.286" endtime="20230604 03:09:37.565"/>
</kw>
<kw name="Click Image" library="ImageHorizonLibrary">
<arg>${img}</arg>
<doc>Finds the reference image on screen and clicks it once.</doc>
<msg timestamp="20230604 03:09:37.843" level="INFO">Image "/home/runner/work/rfswarm/rfswarm/Tests/Regression/Reporter/Images/file_method/reporter_ubuntu_button_generatehtml.png" found at Box(left=721, top=54, width=24, height=28)</msg>
<msg timestamp="20230604 03:09:37.843" level="INFO">Clicking image "reporter_ubuntu_button_generatehtml.png" in position (733, 68)</msg>
<status status="PASS" starttime="20230604 03:09:37.565" endtime="20230604 03:09:37.946"/>
</kw>
<kw name="Sleep" library="BuiltIn">
<arg>${sssleep}</arg>
<doc>Pauses the test executed for the given time.</doc>
<msg timestamp="20230604 03:09:38.446" level="INFO">Slept 500 milliseconds</msg>
<status status="PASS" starttime="20230604 03:09:37.946" endtime="20230604 03:09:38.447"/>
</kw>
<kw name="Take A Screenshot" library="ImageHorizonLibrary">
<doc>Takes a screenshot of the screen.</doc>
<msg timestamp="20230604 03:09:38.447" level="INFO" html="true">Screenshot taken: /home/runner/work/rfswarm/rfswarm/Tests/Regression/Reporter/Logs/ubuntu-latest_3.10/Reporter.GUIBasic-screenshot-28.png&lt;br/&gt;&lt;img src="/home/runner/work/rfswarm/rfswarm/Tests/Regression/Reporter/Logs/ubuntu-latest_3.10/Reporter.GUIBasic-screenshot-28.png" width="100%" /&gt;</msg>
<status status="PASS" starttime="20230604 03:09:38.447" endtime="20230604 03:09:38.573"/>
</kw>
<status status="PASS" starttime="20230604 03:09:37.005" endtime="20230604 03:09:38.573"/>
</kw>
<kw name="Sleep" library="BuiltIn">
<arg>0.1</arg>
<doc>Pauses the test executed for the given time.</doc>
<msg timestamp="20230604 03:09:38.674" level="INFO">Slept 100 milliseconds</msg>
<status status="PASS" starttime="20230604 03:09:38.573" endtime="20230604 03:09:38.674"/>
</kw>
<kw name="Take A Screenshot" library="ImageHorizonLibrary">
<doc>Takes a screenshot of the screen.</doc>
<msg timestamp="20230604 03:09:38.674" level="INFO" html="true">Screenshot taken: /home/runner/work/rfswarm/rfswarm/Tests/Regression/Reporter/Logs/ubuntu-latest_3.10/Reporter.GUIBasic-screenshot-29.png&lt;br/&gt;&lt;img src="/home/runner/work/rfswarm/rfswarm/Tests/Regression/Reporter/Logs/ubuntu-latest_3.10/Reporter.GUIBasic-screenshot-29.png" width="100%" /&gt;</msg>
<status status="PASS" starttime="20230604 03:09:38.674" endtime="20230604 03:09:38.813"/>
</kw>
<kw name="Sleep" library="BuiltIn">
<arg>10</arg>
<doc>Pauses the test executed for the given time.</doc>
<msg timestamp="20230604 03:09:48.813" level="INFO">Slept 10 seconds</msg>
<status status="PASS" starttime="20230604 03:09:38.813" endtime="20230604 03:09:48.814"/>
</kw>
<kw name="Take A Screenshot" library="ImageHorizonLibrary">
<doc>Takes a screenshot of the screen.</doc>
<msg timestamp="20230604 03:09:48.814" level="INFO" html="true">Screenshot taken: /home/runner/work/rfswarm/rfswarm/Tests/Regression/Reporter/Logs/ubuntu-latest_3.10/Reporter.GUIBasic-screenshot-30.png&lt;br/&gt;&lt;img src="/home/runner/work/rfswarm/rfswarm/Tests/Regression/Reporter/Logs/ubuntu-latest_3.10/Reporter.GUIBasic-screenshot-30.png" width="100%" /&gt;</msg>
<status status="PASS" starttime="20230604 03:09:48.814" endtime="20230604 03:09:48.940"/>
</kw>
<kw name="Close GUI" type="TEARDOWN">
<kw name="Set Variable" library="BuiltIn">
<var>${keyword}</var>
<arg>Close GUI ${platform}</arg>
<doc>Returns the given values which can then be assigned to a variables.</doc>
<msg timestamp="20230604 03:09:48.941" level="INFO">${keyword} = Close GUI ubuntu</msg>
<status status="PASS" starttime="20230604 03:09:48.941" endtime="20230604 03:09:48.941"/>
</kw>
<if>
<branch type="IF" condition="${process}">
<kw name="Is Process Running" library="Process">
<var>${running}</var>
<arg>${process}</arg>
<doc>Checks is the process running or not.</doc>
<msg timestamp="20230604 03:09:48.942" level="INFO">${running} = True</msg>
<status status="PASS" starttime="20230604 03:09:48.941" endtime="20230604 03:09:48.942"/>
</kw>
<if>
<branch type="IF" condition="${running}">
<kw name="Run Keyword" library="BuiltIn">
<arg>${keyword}</arg>
<doc>Executes the given keyword with the given arguments.</doc>
<kw name="Close GUI ubuntu">
<kw name="Click Image" library="ImageHorizonLibrary">
<arg>reporter_${platform}_button_closewindow.png</arg>
<doc>Finds the reference image on screen and clicks it once.</doc>
<msg timestamp="20230604 03:09:49.224" level="INFO">Image "/home/runner/work/rfswarm/rfswarm/Tests/Regression/Reporter/Images/file_method/reporter_ubuntu_button_closewindow.png" found at Box(left=781, top=0, width=21, height=23)</msg>
<msg timestamp="20230604 03:09:49.224" level="INFO">Clicking image "reporter_ubuntu_button_closewindow.png" in position (791, 11)</msg>
<status status="PASS" starttime="20230604 03:09:48.946" endtime="20230604 03:09:49.326"/>
</kw>
<kw name="Take A Screenshot" library="ImageHorizonLibrary">
<doc>Takes a screenshot of the screen.</doc>
<msg timestamp="20230604 03:09:49.326" level="INFO" html="true">Screenshot taken: /home/runner/work/rfswarm/rfswarm/Tests/Regression/Reporter/Logs/ubuntu-latest_3.10/Reporter.GUIBasic-screenshot-31.png&lt;br/&gt;&lt;img src="/home/runner/work/rfswarm/rfswarm/Tests/Regression/Reporter/Logs/ubuntu-latest_3.10/Reporter.GUIBasic-screenshot-31.png" width="100%" /&gt;</msg>
<status status="PASS" starttime="20230604 03:09:49.326" endtime="20230604 03:09:49.449"/>
</kw>
<kw name="Sleep" library="BuiltIn">
<arg>0.5</arg>
<doc>Pauses the test executed for the given time.</doc>
<msg timestamp="20230604 03:09:49.950" level="INFO">Slept 500 milliseconds</msg>
<status status="PASS" starttime="20230604 03:09:49.449" endtime="20230604 03:09:49.950"/>
</kw>
<kw name="End Process If Still Running">
<kw name="Wait For Process" library="Process">
<var>${result}</var>
<arg>${process}</arg>
<arg>timeout=60</arg>
<doc>Waits for the process to complete or to reach the given timeout.</doc>
<msg timestamp="20230604 03:09:49.951" level="INFO">Waiting for process to complete.</msg>
<msg timestamp="20230604 03:09:49.951" level="INFO">Process completed.</msg>
<msg timestamp="20230604 03:09:49.951" level="INFO">${result} = &lt;result object with rc 0&gt;</msg>
<status status="PASS" starttime="20230604 03:09:49.951" endtime="20230604 03:09:49.951"/>
</kw>
<kw name="Is Process Running" library="Process">
<var>${running}</var>
<arg>${process}</arg>
<doc>Checks is the process running or not.</doc>
<msg timestamp="20230604 03:09:49.952" level="INFO">${running} = False</msg>
<status status="PASS" starttime="20230604 03:09:49.951" endtime="20230604 03:09:49.952"/>
</kw>
<if>
<branch type="IF" condition="not ${running}">
<kw name="Check Result">
<arg>${result}</arg>
<kw name="Log" library="BuiltIn">
<arg>${result.stderr}</arg>
<doc>Logs the given message with the given level.</doc>
<msg timestamp="20230604 03:09:49.953" level="INFO"/>
<status status="PASS" starttime="20230604 03:09:49.952" endtime="20230604 03:09:49.953"/>
</kw>
<kw name="Should Not Contain" library="BuiltIn">
<arg>${result.stderr}</arg>
<arg>Traceback</arg>
<doc>Fails if ``container`` contains ``item`` one or more times.</doc>
<status status="PASS" starttime="20230604 03:09:49.953" endtime="20230604 03:09:49.954"/>
</kw>
<kw name="Should Be Equal As Integers" library="BuiltIn">
<arg>${result.rc}</arg>
<arg>0</arg>
<doc>Fails if objects are unequal after converting them to integers.</doc>
<msg timestamp="20230604 03:09:49.955" level="INFO">Argument types are:
&lt;class 'int'&gt;
&lt;class 'str'&gt;</msg>
<status status="PASS" starttime="20230604 03:09:49.954" endtime="20230604 03:09:49.955"/>
</kw>
<status status="PASS" starttime="20230604 03:09:49.952" endtime="20230604 03:09:49.955"/>
</kw>
<status status="PASS" starttime="20230604 03:09:49.952" endtime="20230604 03:09:49.955"/>
</branch>
<branch type="ELSE">
<kw name="Take A Screenshot" library="ImageHorizonLibrary">
<doc>Takes a screenshot of the screen.</doc>
<status status="NOT RUN" starttime="20230604 03:09:49.955" endtime="20230604 03:09:49.955"/>
</kw>
<kw name="Terminate Process" library="Process">
<var>${result}</var>
<arg>${process}</arg>
<doc>Stops the process gracefully or forcefully.</doc>
<status status="NOT RUN" starttime="20230604 03:09:49.955" endtime="20230604 03:09:49.955"/>
</kw>
<kw name="Check Result">
<arg>${result}</arg>
<status status="NOT RUN" starttime="20230604 03:09:49.956" endtime="20230604 03:09:49.956"/>
</kw>
<kw name="Fail" library="BuiltIn">
<arg>Had to Terminate Process</arg>
<doc>Fails the test with the given message and optionally alters its tags.</doc>
<status status="NOT RUN" starttime="20230604 03:09:49.956" endtime="20230604 03:09:49.956"/>
</kw>
<status status="NOT RUN" starttime="20230604 03:09:49.955" endtime="20230604 03:09:49.956"/>
</branch>
<status status="PASS" starttime="20230604 03:09:49.952" endtime="20230604 03:09:49.956"/>
</if>
<status status="PASS" starttime="20230604 03:09:49.950" endtime="20230604 03:09:49.956"/>
</kw>
<status status="PASS" starttime="20230604 03:09:48.946" endtime="20230604 03:09:49.956"/>
</kw>
<status status="PASS" starttime="20230604 03:09:48.942" endtime="20230604 03:09:49.956"/>
</kw>
<status status="PASS" starttime="20230604 03:09:48.942" endtime="20230604 03:09:49.956"/>
</branch>
<branch type="ELSE">
<kw name="Wait For Process" library="Process">
<var>${result}</var>
<arg>${process}</arg>
<arg>timeout=60</arg>
<doc>Waits for the process to complete or to reach the given timeout.</doc>
<status status="NOT RUN" starttime="20230604 03:09:49.956" endtime="20230604 03:09:49.956"/>
</kw>
<kw name="Check Result">
<arg>${result}</arg>
<status status="NOT RUN" starttime="20230604 03:09:49.956" endtime="20230604 03:09:49.956"/>
</kw>
<status status="NOT RUN" starttime="20230604 03:09:49.956" endtime="20230604 03:09:49.956"/>
</branch>
<status status="PASS" starttime="20230604 03:09:48.942" endtime="20230604 03:09:49.956"/>
</if>
<status status="PASS" starttime="20230604 03:09:48.941" endtime="20230604 03:09:49.956"/>
</branch>
<status status="PASS" starttime="20230604 03:09:48.941" endtime="20230604 03:09:49.956"/>
</if>
<kw name="Set Suite Variable" library="BuiltIn">
<arg>$process</arg>
<arg>None</arg>
<doc>Makes a variable available everywhere within the scope of the current suite.</doc>
<msg timestamp="20230604 03:09:49.957" level="INFO">${process} = None</msg>
<status status="PASS" starttime="20230604 03:09:49.957" endtime="20230604 03:09:49.957"/>
</kw>
<kw name="Sleep" library="BuiltIn">
<arg>0.5</arg>
<doc>Pauses the test executed for the given time.</doc>
<msg timestamp="20230604 03:09:50.457" level="INFO">Slept 500 milliseconds</msg>
<status status="PASS" starttime="20230604 03:09:49.957" endtime="20230604 03:09:50.457"/>
</kw>
<status status="PASS" starttime="20230604 03:09:48.940" endtime="20230604 03:09:50.458"/>
</kw>
<tag>Issue #149</tag>
<tag>macos-latest</tag>
<tag>ubuntu-latest</tag>
<tag>windows-latest</tag>
<status status="PASS" starttime="20230604 03:09:06.398" endtime="20230604 03:09:50.458"/>
</test>
<test id="s1-s2-t5" name="Intentional Fail" line="100">
<kw name="Fail" library="BuiltIn">
<doc>Fails the test with the given message and optionally alters its tags.</doc>
<msg timestamp="20230604 03:09:50.460" level="FAIL">AssertionError</msg>
<status status="FAIL" starttime="20230604 03:09:50.459" endtime="20230604 03:09:50.460"/>
</kw>
<kw name="Close GUI" type="TEARDOWN">
<kw name="Set Variable" library="BuiltIn">
<var>${keyword}</var>
<arg>Close GUI ${platform}</arg>
<doc>Returns the given values which can then be assigned to a variables.</doc>
<msg timestamp="20230604 03:09:50.461" level="INFO">${keyword} = Close GUI ubuntu</msg>
<status status="PASS" starttime="20230604 03:09:50.460" endtime="20230604 03:09:50.461"/>
</kw>
<if>
<branch type="IF" condition="${process}">
<kw name="Is Process Running" library="Process">
<var>${running}</var>
<arg>${process}</arg>
<doc>Checks is the process running or not.</doc>
<status status="NOT RUN" starttime="20230604 03:09:50.461" endtime="20230604 03:09:50.461"/>
</kw>
<if>
<branch type="IF" condition="${running}">
<kw name="Run Keyword" library="BuiltIn">
<arg>${keyword}</arg>
<doc>Executes the given keyword with the given arguments.</doc>
<status status="NOT RUN" starttime="20230604 03:09:50.461" endtime="20230604 03:09:50.461"/>
</kw>
<status status="NOT RUN" starttime="20230604 03:09:50.461" endtime="20230604 03:09:50.461"/>
</branch>
<branch type="ELSE">
<kw name="Wait For Process" library="Process">
<var>${result}</var>
<arg>${process}</arg>
<arg>timeout=60</arg>
<doc>Waits for the process to complete or to reach the given timeout.</doc>
<status status="NOT RUN" starttime="20230604 03:09:50.461" endtime="20230604 03:09:50.461"/>
</kw>
<kw name="Check Result">
<arg>${result}</arg>
<status status="NOT RUN" starttime="20230604 03:09:50.462" endtime="20230604 03:09:50.462"/>
</kw>
<status status="NOT RUN" starttime="20230604 03:09:50.461" endtime="20230604 03:09:50.462"/>
</branch>
<status status="NOT RUN" starttime="20230604 03:09:50.461" endtime="20230604 03:09:50.462"/>
</if>
<status status="NOT RUN" starttime="20230604 03:09:50.461" endtime="20230604 03:09:50.462"/>
</branch>
<status status="PASS" starttime="20230604 03:09:50.461" endtime="20230604 03:09:50.462"/>
</if>
<kw name="Set Suite Variable" library="BuiltIn">
<arg>$process</arg>
<arg>None</arg>
<doc>Makes a variable available everywhere within the scope of the current suite.</doc>
<msg timestamp="20230604 03:09:50.462" level="INFO">${process} = None</msg>
<status status="PASS" starttime="20230604 03:09:50.462" endtime="20230604 03:09:50.462"/>
</kw>
<kw name="Sleep" library="BuiltIn">
<arg>0.5</arg>
<doc>Pauses the test executed for the given time.</doc>
<msg timestamp="20230604 03:09:50.962" level="INFO">Slept 500 milliseconds</msg>
<status status="PASS" starttime="20230604 03:09:50.462" endtime="20230604 03:09:50.963"/>
</kw>
<status status="PASS" starttime="20230604 03:09:50.460" endtime="20230604 03:09:50.963"/>
</kw>
<doc>Uncomment this test if you want to trigger updating Screenshots in the git repo
Ensure this is commented out before release or pull request</doc>
<tag>macos-latest</tag>
<tag>ubuntu-latest</tag>
<tag>windows-latest</tag>
<status status="FAIL" starttime="20230604 03:09:50.458" endtime="20230604 03:09:50.963">AssertionError</status>
</test>
<status status="FAIL" starttime="20230604 03:08:33.061" endtime="20230604 03:09:50.964"/>
</suite>
<status status="FAIL" starttime="20230604 03:08:19.805" endtime="20230604 03:09:50.965"/>
</suite>
<statistics>
<total>
<stat pass="9" fail="1" skip="0">All Tests</stat>
</total>
<tag>
<stat pass="1" fail="0" skip="0">DOCX</stat>
<stat pass="1" fail="0" skip="0">HTML</stat>
<stat pass="3" fail="0" skip="0">Issue #144</stat>
<stat pass="1" fail="0" skip="0">Issue #147</stat>
<stat pass="1" fail="0" skip="0">Issue #149</stat>
<stat pass="9" fail="1" skip="0">macos-latest</stat>
<stat pass="9" fail="1" skip="0">ubuntu-latest</stat>
<stat pass="9" fail="1" skip="0">windows-latest</stat>
<stat pass="1" fail="0" skip="0">XLSX</stat>
</tag>
<suite>
<stat pass="9" fail="1" skip="0" id="s1" name="Reporter">Reporter</stat>
<stat pass="5" fail="0" skip="0" id="s1-s1" name="CommandLine">Reporter.CommandLine</stat>
<stat pass="4" fail="1" skip="0" id="s1-s2" name="GUI Basic">Reporter.GUI Basic</stat>
</suite>
</statistics>
<errors>
</errors>
</robot>
